16/07/24 14:54	teramonagi/RFinanceJ	
16/07/24 14:54	teramonagi/RFinanceJ	
16/07/24 14:25	teramonagi/RFinanceJ	
16/07/24 10:46	kaldhusdal/psglmm	
16/07/24 10:45	kralljr/MCMCsa	
16/07/24 10:44	ElkhartGroup/varian	
16/07/24 10:33	CarlBoneri/rRunway	
16/07/24 10:32	kralljr/MCMCsa	
16/07/24 10:32	kaldhusdal/psglmm	
16/07/24 02:33	kralljr/MCMCsa	
16/07/24 01:35	kralljr/MCMCsa	
16/07/24 01:32	EricArcher/strataG	
16/07/24 01:21	ElkhartGroup/varian	
16/07/24 01:20	CarlBoneri/rRunway	
16/07/24 01:19	wangyuchen/MethyBayes	
16/07/24 01:18	kralljr/MCMCsa	
16/07/24 01:17	kaldhusdal/psglmm	
16/07/24 01:13	hanase/BMA	
16/07/24 01:11	wangyuchen/MethyBayes	
16/07/24 01:10	wangyuchen/MethyBayes	
