16/05/28 13:51	twitter/AnomalyDetection	
16/05/28 13:31	twitter/AnomalyDetection	

<html><head>
<meta http-equiv="content-type" content="text/html;charset=utf-8">
<title>500 Server Error</title>
</head>
<body text=#000000 bgcolor=#ffffff>
<h1>Error: Server Error</h1>
<h2>The server encountered an error and could not complete your request.<p>Please try again in 30 seconds.</h2>
<h2></h2>
</body></html>

<html><head>
<meta http-equiv="content-type" content="text/html;charset=utf-8">
<title>500 Server Error</title>
</head>
<body text=#000000 bgcolor=#ffffff>
<h1>Error: Server Error</h1>
<h2>The server encountered an error and could not complete your request.<p>Please try again in 30 seconds.</h2>
<h2></h2>
</body></html>

<html><head>
<meta http-equiv="content-type" content="text/html;charset=utf-8">
<title>500 Server Error</title>
</head>
<body text=#000000 bgcolor=#ffffff>
<h1>Error: Server Error</h1>
<h2>The server encountered an error and could not complete your request.<p>Please try again in 30 seconds.</h2>
<h2></h2>
</body></html>

<html><head>
<meta http-equiv="content-type" content="text/html;charset=utf-8">
<title>500 Server Error</title>
</head>
<body text=#000000 bgcolor=#ffffff>
<h1>Error: Server Error</h1>
<h2>The server encountered an error and could not complete your request.<p>Please try again in 30 seconds.</h2>
<h2></h2>
</body></html>
16/05/28 08:47	AnomalyDetection	
16/05/28 08:40	AnomalyDetection	
