16/10/19 19:43	twitter/AnomalyDetection	master
16/10/19 19:32	twitter/AnomalyDetection	master
16/10/19 18:38	twitter/AnomalyDetection	master
16/10/19 18:18	leeper/tabulizer	master
16/10/19 18:18	leeper/tabulizerjars	master
16/10/19 17:52	ujjwalkarn/xda	master
16/10/19 17:15	BigelowLab/ndfd	master
16/10/19 17:15	BigelowLab/ndfd	master
16/10/19 17:14	BigelowLab/ndfd	master
16/10/19 12:33	dkahle/ggmap	master
16/10/19 12:32	hadley/scales	master
16/10/19 12:32	hadley/ggplot2	master
16/10/19 12:31	Rdatatable/data.table	master
16/10/19 12:25	dkahle/ggmap	master
16/10/19 12:25	hadley/ggplot2	master
16/10/19 12:24	Rdatatable/data.table	master
16/10/19 09:53	flor3652/myStuff	master
16/10/19 08:39	datacamp/Rdocumentation	master
16/10/19 08:08	robjhyndman/demography	master
16/10/19 06:36	knausb/vcfR	master
