16/10/31 20:36	zdk123/SpiecEasi	master
16/10/31 20:36	zdk123/SpiecEasi	master
16/10/31 20:27	Rdatatable/data.table	master
16/10/31 20:13	zdk123/SpiecEasi	master
16/10/31 20:12	Rdatatable/data.table	master
16/10/31 20:10	twitter/AnomalyDetection	master
16/10/31 20:10	zdk123/SpiecEasi	master
16/10/31 17:34	vladpetyuk/vp.misc	master
16/10/31 13:20	DnI-Institute/r4ds	master
16/10/31 12:03	abresler/gdeltr2	master
16/10/31 11:05	datacamp/Rdocumentation	master
16/10/31 10:49	datacamp/Rdocumentation	master
16/10/31 10:31	datacamp/Rdocumentation	master
16/10/31 02:50	datacamp/Rdocumentation	master
16/10/30 00:15	datacamp/Rdocumentation	master
16/10/26 00:14	rstudio/rmarkdown	master
16/10/11 00:03	mwmclean/RefManageR	master
16/10/11 00:02	mwmclean/RefManageR	master
16/09/28 00:56	google/CausalImpact	master
16/09/27 00:40	bokeh/rbokeh	master
16/09/23 00:27	leeper/margins	master
16/09/15 00:56	ramnathv/slidify	master
16/09/15 00:55	ramnathv/slidify	master
16/09/15 00:54	ramnathv/slidify	master
16/09/13 00:42	rstats-db/RSQLite	master
16/09/05 00:48	jburkhardt/RAdwords	master
16/09/01 00:01	ALShum/rwunderground	
16/08/26 00:55	twitter/AnomalyDetection	master
16/08/24 00:07	rstudio/sparklyr	master
16/08/20 00:55	rstudio/sparklyr	master
16/08/16 00:40	ncullen93/MetaNetR	master
16/08/13 00:17	rstudio/sparklyr	master
16/08/12 00:05	lebebr01/SPSStoR	master
16/08/11 00:49	hoxo-m/densratio	v0.0.3.9000
16/08/11 00:49	hoxo-m/densratio	v0.0.3
16/08/10 00:35	toshi-ara/makedummies	
16/08/07 00:24	twitter/AnomalyDetection	master
16/08/07 00:23	twitter/AnomalyDetection	master
16/08/07 00:17	twitter/AnomalyDetection	master
