16/06/15 17:46	hadley/hadladdin	
16/06/15 16:45	mkoohafkan/reval	
16/06/15 14:49	leffjr/Simpleton	
16/06/15 14:46	twitter/AnomalyDetection	
16/06/15 14:41	sinhrks/ggfortify	
16/06/15 14:40	twitter/AnomalyDetection	
16/06/15 14:13	twitter/AnomalyDetection	
16/06/15 12:13	Dralliag/opera	
16/06/15 12:12	Dralliag/opera	
16/06/15 12:08	joshuaulrich/LSPM	
16/06/15 12:05	enricoschumann/PMwR	
16/06/15 10:33	robjhyndman/anomalous-acm	
16/06/15 10:31	robjhyndman/anomalous-acm	
16/06/15 10:23	robjhyndman/anomalous-acm	
16/06/15 10:16	robjhyndman/anomalous-acm	
16/06/15 10:10	twitter/AnomalyDetection	
16/06/15 08:44	sinhrks/ggfortify	
16/06/15 08:43	robertzk/hipchat	
16/06/15 08:26	sinhrks/ggfortify	
16/06/15 08:15	twitter/AnomalyDetection	
16/06/15 06:48	philippstats/GAMBoostVis	
16/06/15 05:43	twitter/AnomalyDetection	
16/06/15 05:36	twitter/AnomalyDetection	
16/06/15 00:04	trinker/sentimentr	
16/06/15 00:00	trinker/sentimentr	
