16/06/23 12:23	teramonagi/healthplanet	
16/06/23 08:45	keepsimpler/QuantR	
16/06/23 08:44	Texas-UCF/quantkit	
16/06/23 08:34	yihui/MSG	
16/06/23 08:34	yihui/Rd2roxygen	
16/06/23 08:34	yihui/animation	
16/06/23 08:34	yihui/crandalf	
16/06/23 08:34	yihui/formatR	
16/06/23 08:34	yihui/fun	
16/06/23 08:34	yihui/highr	
16/06/23 08:34	yihui/knitr	
16/06/23 08:34	yihui/mime	
16/06/23 08:34	yihui/printr	
16/06/23 08:34	yihui/recharts	
16/06/23 08:34	yihui/rlp	
16/06/23 08:34	yihui/rmini	
16/06/23 08:34	yihui/rnotebook	
16/06/23 08:34	yihui/runr	
16/06/23 08:34	yihui/servr	
16/06/23 08:34	yihui/testit	
16/06/23 08:34	yihui/tikzDevice	
16/06/23 08:13	sinhrks/ggfortify	
16/06/23 08:10	twitter/AnomalyDetection	
16/06/23 08:08	twitter/AnomalyDetection	
16/06/23 07:46	csgillespie/addinmanager	
16/06/23 07:45	csgillespie/addinmanager	
16/06/23 07:16	ianjonsen/bsam	
16/06/23 06:52	ianjonsen/bsam	
16/06/23 06:50	mdsumner/bsam	
16/06/23 06:47	ianjonsen/bsam	
16/06/23 03:03	PirateGrunt/represtools	
