16/11/04 16:59	slowkow/ggrepel	master
16/11/04 16:59	ropensci/plotly	master
16/11/04 16:59	dkahle/ggmap	master
16/11/04 16:56	hadley/scales	master
16/11/04 16:56	hadley/ggplot2	master
16/11/04 16:55	Rdatatable/data.table	master
16/11/04 16:51	rstudio/DT	master
16/11/04 15:35	ggobi/ggally	master
16/11/04 15:18	heike/ggparallel	master
16/11/04 14:54	AustralianAntarcticDivision/palr	master
16/11/04 11:59	RcppCore/Rcpp	master
16/11/04 05:52	wilkelab/cowplot	master
16/11/04 04:05	omegahat/XMLSchema	master
16/11/04 04:02	omegahat/XMLSchema	master
16/11/04 04:01	omegahat/XMLSchema	master
16/11/04 04:01	omegahat/XMLSchema	master
16/11/04 04:00	omegahat/XMLSchema	master
16/11/04 03:59	omegahat/XMLSchema	master
16/11/04 03:35	omegahat/XMLSchema	master
16/11/04 03:32	omegahat/XMLSchema	master
16/11/04 03:32	omegahat/XMLSchema	master
16/11/04 03:31	omegahat/XMLSchema	master
16/11/04 03:31	omegahat/XMLSchema	master
16/11/04 01:11	RobbievanAert/puniform	master
