16/08/24 15:10	dnzmarcio/binreg	master
16/08/24 14:45	ujjwalkarn/xda	master
16/08/24 14:31	vqv/ggbiplot	master
16/08/24 12:35	rich-iannone/PuffR	master
16/08/24 11:26	ropenscilabs/tabulizer	master
16/08/24 11:26	leeper/tabulizerjars	master
16/08/24 07:29	Lchiffon/REmap	master
16/08/24 07:06	ropenscilabs/tabulizer	master
16/08/24 07:06	leeper/tabulizerjars	master
16/08/24 04:53	wch/extrafont	master
16/08/24 04:27	emiruz/automata.r	master
16/08/24 04:26	emiruz/automata.r	master
16/08/24 04:23	emiruz/automata.r	master
16/08/24 04:22	emiruz/automata.r	master
16/08/24 04:16	emiruz/automata.r	master
16/08/24 04:12	emiruz/automata.r	master
16/08/24 04:06	emiruz/automata.r	master
16/08/24 04:05	emiruz/automata.r	master
16/08/24 03:53	emiruz/automata.r	master
16/08/24 03:49	emiruz/automata.r	master
16/08/24 02:47	Lchiffon/REmap	master
16/08/24 02:45	twitter/AnomalyDetection	master
16/08/24 01:34	ropenscilabs/tabulizer	master
16/08/24 01:34	leeper/tabulizerjars	master
