16/12/22 22:58	datasciencecologne/RCologne	master
16/12/22 22:58	Jake-Gillberg/dgrdr	master
16/12/22 22:58	hadley/ggplot2	master
16/12/22 22:58	datasciencecologne/RCologne	master
16/12/22 22:58	Jake-Gillberg/dgrdr	master
16/12/22 22:58	hadley/ggplot2	master
16/12/22 22:56	datasciencecologne/RCologne	master
16/12/22 22:56	Jake-Gillberg/dgrdr	master
16/12/22 22:56	hadley/ggplot2	master
16/12/22 22:56	datasciencecologne/RCologne	master
16/12/22 22:56	Jake-Gillberg/dgrdr	master
16/12/22 22:56	hadley/ggplot2	master
16/12/22 22:51	datasciencecologne/RCologne	master
16/12/22 22:51	Jake-Gillberg/dgrdr	master
16/12/22 22:51	hadley/ggplot2	master
16/12/22 22:51	datasciencecologne/RCologne	master
16/12/22 22:51	Jake-Gillberg/dgrdr	master
16/12/22 22:51	hadley/ggplot2	master
16/12/22 22:39	datasciencecologne/RCologne	master
16/12/22 22:39	Jake-Gillberg/dgrdr	master
16/12/22 22:39	hadley/ggplot2	master
16/12/22 22:39	datasciencecologne/RCologne	master
16/12/22 22:39	Jake-Gillberg/dgrdr	master
16/12/22 22:39	hadley/ggplot2	master
16/12/22 22:34	datasciencecologne/RCologne	master
16/12/22 22:34	Jake-Gillberg/dgrdr	master
16/12/22 22:34	hadley/ggplot2	master
16/12/22 22:34	datasciencecologne/RCologne	master
16/12/22 22:34	Jake-Gillberg/dgrdr	master
16/12/22 22:34	hadley/ggplot2	master
16/12/22 22:18	talgalili/installr	master
16/12/22 22:13	datasciencecologne/RCologne	master
16/12/22 22:13	Jake-Gillberg/dgrdr	master
16/12/22 22:13	hadley/ggplot2	master
16/12/22 22:13	datasciencecologne/RCologne	master
16/12/22 22:13	Jake-Gillberg/dgrdr	master
16/12/22 22:13	hadley/ggplot2	master
16/12/22 22:11	talgalili/installr	master
16/12/22 21:33	datasciencecologne/RCologne	master
16/12/22 21:33	Jake-Gillberg/dgrdr	master
16/12/22 21:33	hadley/ggplot2	master
16/12/22 21:33	datasciencecologne/RCologne	master
16/12/22 21:33	Jake-Gillberg/dgrdr	master
16/12/22 21:33	hadley/ggplot2	master
16/12/22 08:37	bobverity/Rgeoprofile	master
16/12/22 08:03	twitter/AnomalyDetection	master
16/12/22 05:57	RevolutionAnalytics/checkpoint	master
16/12/22 05:44	hrbrmstr/nominatim	master
16/12/22 04:10	ujjwalkarn/xda	master
16/12/22 03:20	hadley/bookdown	master
16/12/22 03:20	hadley/bigrquery	master
16/12/22 03:20	hadley/babynames	master
16/12/22 03:19	hadley/assertthat	master
16/12/22 03:17	hadley/bookdown	master
16/12/22 03:16	hadley/bigrquery	master
16/12/22 03:16	hadley/babynames	master
16/12/22 03:16	hadley/assertthat	master
16/12/22 03:09	swish-climate-impact-assessment/awaptools	develop
