16/11/22 15:57	pbreheny/visreg	master
16/11/22 15:56	pbreheny/visreg	master
16/11/22 15:46	jaredlander/coefplot	master
16/11/22 11:47	vqv/ggbiplot	master
16/11/22 09:36	rich-iannone/DiagrammeR	master
16/11/22 09:18	eclarke/ggbeeswarm	master
16/11/22 05:47	twitter/AnomalyDetection	master
16/11/22 03:25	kassambara/easyGgplot2	master
16/11/21 00:21	mrdwab/SOfun	master
16/11/20 00:17	ropenscilabs/tabulizer	master
16/11/20 00:17	leeper/tabulizerjars	master
16/11/12 00:33	alanarnholt/BSDA	master
16/11/10 00:45	rpruim/fastR	2e
16/11/10 00:42	ropenscilabs/tabulizer	master
16/11/10 00:42	leeper/tabulizerjars	master
16/11/07 00:07	chgrl/rdnb	master
16/10/30 00:15	datacamp/Rdocumentation	master
16/10/26 00:14	rstudio/rmarkdown	master
16/10/11 00:03	mwmclean/RefManageR	master
16/10/11 00:02	mwmclean/RefManageR	master
16/09/28 00:56	google/CausalImpact	master
16/09/27 00:40	bokeh/rbokeh	master
16/09/23 00:27	leeper/margins	master
16/09/15 00:56	ramnathv/slidify	master
16/09/15 00:55	ramnathv/slidify	master
16/09/15 00:54	ramnathv/slidify	master
16/09/13 00:42	rstats-db/RSQLite	master
16/09/05 00:48	jburkhardt/RAdwords	master
16/09/01 00:01	ALShum/rwunderground	
16/08/26 00:55	twitter/AnomalyDetection	master
16/08/24 00:07	rstudio/sparklyr	master
