16/09/03 16:40	AndreyChinnov/ACTrading	master
16/09/03 16:30	AndreyChinnov/ACTrading	master
16/09/03 16:27	AndreyChinnov/ACTrading	master
16/09/03 16:26	AndreyChinnov/ACTrading	master
16/09/03 16:21	AndreyChinnov/ACTrading	master
16/09/03 16:21	AndreyChinnov/ACTrading	master
16/09/03 14:03	GuangchuangYu/ggtree	master
16/09/03 14:02	psolaimani/BiocInstaller	master
16/09/03 13:59	hrbrmstr/ggalt	master
16/09/03 13:38	fawda123/ggord	master
16/09/03 13:15	hrbrmstr/metricsgraphics	master
16/09/03 13:15	hrbrmstr/metricsgraphics	master
16/09/03 13:14	jbkunst/highcharter	master
16/09/03 13:14	jbkunst/highcharter	master
16/09/03 13:11	hrbrmstr/metricsgraphics	master
16/09/03 13:11	jbkunst/highcharter	master
16/09/03 13:09	Ather-Energy/ggTimeSeries	master
16/09/03 13:09	ricardo-bion/ggradar	master
16/09/03 13:08	ricardo-bion/ggtech	master
16/09/03 13:08	dgrtwo/gganimate	master
16/09/03 13:07	thomasp85/ggraph	master
16/09/03 13:06	thomasp85/ggforce	master
16/09/03 12:59	davidgohel/ggiraph	master
16/09/03 03:29	datacamp/Rdocumentation	master
