16/11/21 19:58	twitter/AnomalyDetection	master
16/11/21 19:23	mrdwab/SOfun	master
16/11/21 19:22	mrdwab/SOfun	master
16/11/21 19:21	mrdwab/SOfun	master
16/11/21 19:20	mrdwab/SOfun	master
16/11/21 19:18	mrdwab/SOfun	master
16/11/21 17:21	ahunteruk/RNeat	master
16/11/21 17:13	Rdatatable/data.table	master
16/11/21 16:53	daattali/ggExtra	master
16/11/21 16:28	mrdwab/SOfun	master
16/11/21 16:26	uzh/ezRun	master
16/11/21 16:20	mrdwab/SOfun	master
16/11/21 14:52	slowkow/ggrepel	master
16/11/21 13:23	Rdatatable/data.table	284404f
16/11/21 13:17	Rdatatable/data.table	17df2f44169c564a2664f3c26caf68617a1a99e6
16/11/21 13:12	Rdatatable/data.table	0b656b234743222339d77c538c07742b2af7d17a
16/11/21 12:56	Rdatatable/data.table	a3d8fa622b8bbb499a8bec0ebcdeeb60aba4ac87
16/11/21 12:48	Rdatatable/data.table	8c9cfc86b67726885c4c45b9aaf142f80dc188b5
16/11/21 12:42	Rdatatable/data.table	4a1f4ba0eedfa30d4a3846e393a83d625b2a4467
16/11/21 12:35	Rdatatable/data.table	6214f5c3cb5706300127d6cb2b8834a9c825bbec
16/11/21 06:05	vqv/ggbiplot	master
16/11/21 03:34	cloudyr/aws.s3	master
16/11/21 01:39	ecpolley/SuperLearner	master
