16/09/29 12:00	luca-scr/qcc	master
16/09/29 09:52	ujjwalkarn/xda	master
16/09/29 09:42	ujjwalkarn/xda	master
16/09/29 07:25	ropensci/plotly	master
16/09/29 07:14	ymatts/D3M	master
16/09/29 07:13	brendan-R/nps	master
16/09/29 07:12	bdwilliamson/npvi	master
16/09/29 07:11	MikeXL/bayes	master
16/09/29 07:09	twitter/AnomalyDetection	master
16/09/29 07:09	twitter/AnomalyDetection	master
16/09/29 07:09	twitter/AnomalyDetection	master
16/09/28 00:56	google/CausalImpact	master
16/09/27 00:40	bokeh/rbokeh	master
16/09/23 00:27	leeper/margins	master
16/09/15 00:56	ramnathv/slidify	master
16/09/15 00:55	ramnathv/slidify	master
16/09/15 00:54	ramnathv/slidify	master
16/09/13 00:42	rstats-db/RSQLite	master
16/09/05 00:48	jburkhardt/RAdwords	master
16/09/01 00:01	ALShum/rwunderground	
16/08/26 00:55	twitter/AnomalyDetection	master
16/08/24 00:07	rstudio/sparklyr	master
16/08/20 00:55	rstudio/sparklyr	master
16/08/16 00:40	ncullen93/MetaNetR	master
16/08/13 00:17	rstudio/sparklyr	master
16/08/12 00:05	lebebr01/SPSStoR	master
16/08/11 00:49	hoxo-m/densratio	v0.0.3.9000
16/08/11 00:49	hoxo-m/densratio	v0.0.3
16/08/10 00:35	toshi-ara/makedummies	
16/08/07 00:24	twitter/AnomalyDetection	master
16/08/07 00:23	twitter/AnomalyDetection	master
16/08/07 00:17	twitter/AnomalyDetection	master
16/08/01 00:20	ltorgo/DMwR2	
16/07/24 00:54	kralljr/MCMCsa	
16/07/24 00:52	kralljr/MCMCsa	
16/07/24 00:52	hanase/BMA	
16/07/24 00:51	CarlBoneri/rRunway	
16/07/24 00:47	twitter/AnomalyDetection	
16/07/11 00:25	ujjwalkarn/xda	
16/07/07 00:33	ndphillips/yarrr	
16/07/02 00:53	wakuteka/exampler	
