17/12/19 19:25	hrbrmstr/albersusa	master
17/12/19 17:07	crsh/citr	master
17/12/19 17:07	rstats-db/RSQLite	master
17/12/19 17:06	crsh/citr	master
17/12/19 17:05	crsh/citr	master
17/12/19 17:03	rstats-db/RSQLite	master
17/12/19 16:16	krisrs1128/phyloseqExtend	master
17/12/19 16:15	krisrs1128/phyloseqExtend	master
17/12/19 16:15	nghiavtr/speaq	master
17/12/19 16:14	krisrs1128/phyloseqExtend	master
17/12/19 16:14	zmzhang/baselineWavelet	master
17/12/19 16:13	krisrs1128/phyloseqExtend	master
17/12/19 16:13	zmzhang/baselineWavelet	master
17/12/19 16:13	krisrs1128/phyloseqExtend	master
17/12/19 15:58	tgac-vumc/WECCA	master
17/12/19 15:55	tgac-vumc/WECCA	master
17/12/19 15:55	joey711/phyloseq	master
17/12/19 15:55	mikelove/DESeq2	master
17/12/19 15:53	mikelove/DESeq2	master
17/12/19 15:51	tabs11/mapregions	master
17/12/19 15:51	sckott/mregions	master
17/12/19 15:50	ropenscilabs/mregions	master
17/12/19 15:50	muuankarski/regions	master
17/12/19 15:50	tabs11/mapregions	master
17/12/19 15:50	tgac-vumc/WECCA	master
17/12/19 15:49	tabs11/mapregions	master
17/12/19 15:41	tabs11/mapregions	master
17/12/19 15:13	tabs11/mapregions	master
17/12/19 15:12	sckott/mregions	master
17/12/19 15:12	sckott/mregions	master
17/12/19 15:12	ropenscilabs/mregions	master
17/12/19 15:12	muuankarski/regions	master
17/12/19 15:11	tgac-vumc/WECCA	master
17/12/19 15:11	ropenscilabs/mregions	master
17/12/19 15:11	muuankarski/regions	master
17/12/19 15:10	tgac-vumc/WECCA	master
17/12/19 15:10	bwringe/hybriddetective	master
17/12/19 15:10	tgac-vumc/CGHcall	master
17/12/19 15:09	tgac-vumc/WECCA	master
17/12/19 15:09	isglobal-brge/GCCA	master
17/12/19 15:09	andymckenzie/DGCA	master
17/12/19 15:08	Bioconductor/AnnotationDbi	master
17/12/19 15:07	conversodinHXL/TF.db	master
17/12/19 15:05	conversodinHXL/TF.db	master
17/12/19 15:04	peterxeno/preprocessr	master
17/12/19 15:04	artichaud1/preprocessr	master
17/12/19 14:57	mikelove/DESeq2	master
17/12/19 14:54	mikelove/DESeq2	master
17/12/19 14:46	satijalab/seurat	develop
17/12/19 11:45	ujjwalkarn/xda	master
17/12/19 09:22	dgrtwo/drlib	master
17/12/19 09:16	dgrtwo/drlib	master
17/12/19 09:14	dgrtwo/drlib	master
17/12/19 06:46	lockEF/MultiwayClassification	master
17/12/19 06:45	lockEF/MultiwayClassification	master
17/12/19 06:37	lockEF/MultiwayClassification	master
17/12/19 06:35	lockEF/MultiwayClassification	master
17/12/19 05:31	hoxo-m/prophetExt	master
17/12/19 03:55	jimhester/lookup	master
17/12/19 03:33	ropensci/tabulizer	master
17/12/19 03:33	ropensci/tabulizerjars	master
17/12/19 03:32	leeper/tabulizer	master
17/12/19 03:32	ropensci/tabulizerjars	master
17/12/19 02:59	ririzarr/rafalib	master
17/12/19 02:53	jimhester/lookup	master
17/12/19 02:52	jimhester/lookup	master
17/12/19 02:24	rstudio/flexdashboard	master
17/12/17 00:55	ujjwalkarn/xda	master
17/12/16 00:24	ColtoCaro/compMS	master
17/12/15 00:59	crsh/papaja	master
17/12/15 00:57	crsh/papaja	master
17/12/15 00:56	crsh/papaja	master
17/12/14 00:22	tlafarge/alphashape3d	master
17/12/14 00:11	tlafarge/alphashape3d	master
17/12/13 00:38	hrbrmstr/nominatim	master
17/12/12 00:54	BioStatMatt/sas7bdat.parso	master
17/12/12 00:53	BioStatMatt/sas7bdat.parso	master
17/12/12 00:50	BioStatMatt/sas7bdat.parso	master
17/12/12 00:45	BioStatMatt/sas7bdat.parso	master
17/12/07 00:29	gvegayon/twitterreport	master
17/12/07 00:27	gvegayon/twitterreport	master
17/12/07 00:20	seanchrismurphy/twtools	master
17/12/07 00:16	seanchrismurphy/twtools	master
17/12/07 00:15	seanchrismurphy/twtools	master
17/12/01 00:37	yihui/xaringan	master
17/12/01 00:23	dragua/xlsx	master
17/12/01 00:09	andrewpbray/oilabs	master
17/11/28 00:47	AndreaCirilloAC/updateR	master
17/11/24 00:15	mikemeredith/makeJAGSmask	master
17/11/22 00:40	wencke/wencke.github.io	master
17/11/21 00:03	USGS-R/streamMetabolizer	master
17/11/20 00:47	hannesmuehleisen/MonetDBLite-R	master
17/11/19 00:22	twitter/AnomalyDetection	master
17/11/19 00:21	twitter/AnomalyDetection	master
