17/11/24 13:37	jm3594/crtpower	master
17/11/24 13:36	yixuan/fontemoji	master
17/11/24 13:35	JahNorr/mortRecode	master
17/11/24 13:34	jm3594/crtpower	master
17/11/24 13:30	jm3594/crtpower	master
17/11/24 12:40	hadley/devtools	master
17/11/24 10:28	hadley/devtools	master
17/11/24 10:22	kazutan/tubeplayR	master
17/11/24 10:20	rstudio/revealjs	master
17/11/24 10:19	dgrapov/CTSgetR	master
17/11/24 10:14	ManoharPilli/CSget	master
17/11/24 09:43	reptalex/WrightFisher	master
17/11/24 09:30	dgrapov/CTSgetR	master
17/11/24 08:55	ricardo-bion/ggradar	master
17/11/24 07:02	GuangchuangYu/yyplot	master
17/11/24 06:41	GuangchuangYu/meme	master
17/11/24 06:40	GuangchuangYu/yyplot	master
17/11/24 06:31	hoxo-m/pforeach	master
17/11/24 05:42	bnosac/RDRPOSTagger	master
17/11/24 03:54	oscarperpinan/pkgMethods	master
17/11/24 03:42	twitter/AnomalyDetection	master
17/11/24 03:41	twitter/AnomalyDetection	master
17/11/24 02:18	giantoak/goarima	master
17/11/24 02:16	ajdamico/lodown	master
17/11/24 00:15	mikemeredith/makeJAGSmask	master
17/11/22 00:40	wencke/wencke.github.io	master
17/11/21 00:03	USGS-R/streamMetabolizer	master
17/11/20 00:47	hannesmuehleisen/MonetDBLite-R	master
17/11/19 00:22	twitter/AnomalyDetection	master
17/11/19 00:21	twitter/AnomalyDetection	master
17/11/17 00:26	swarm-lab/trackR	master
17/11/17 00:16	shwetapurushe/weaveR	master
17/11/17 00:15	shwetapurushe/weaveR	master
17/11/13 00:57	rstudio/R-Websockets	master
17/11/12 00:57	jchiquet/spring	master
17/11/12 00:55	warnes/fork	master
17/11/12 00:52	fadiphi/cats	master
17/11/12 00:50	kvnkuang/pbmcapply	master
17/11/12 00:50	twitter/AnomalyDetection	master
17/11/12 00:49	robertzk/mappy	master
17/11/12 00:42	lampk/taskeR	master
17/11/12 00:39	MarkSelby1992/RCluster	master
17/11/12 00:37	christinehohensinn/parAL	master
17/11/12 00:33	jlduan/sckits	master
17/11/12 00:29	ECO230/eco230r	master
17/11/12 00:28	wush978/rpvm	master
17/11/12 00:26	kasperdanielhansen/Rgraphviz	master
17/11/12 00:04	greenelab/ADAGEpath	master
17/11/11 00:56	ECO230/eco230r	master
17/11/11 00:55	ECO230/eco230r	master
17/11/11 00:52	ECO230/eco230r	master
17/11/11 00:26	ECO230/eco230r	master
17/11/09 00:10	ECO230/eco230r	master
17/11/08 00:48	yutannihilation/mediumr	master
17/11/08 00:31	ECO230/eco230r	master
17/11/08 00:20	ECO230/eco230r	master
17/11/08 00:14	ECO230/eco230r	master
17/11/03 00:58	ECO230/eco230r	master
17/11/03 00:43	ECO230/eco230r	master
17/11/03 00:19	ECO230/eco230r	master
17/11/01 00:56	ECO230/eco230r	master
17/11/01 00:53	lme4/lme4	master
17/11/01 00:52	ECO230/eco230r	master
17/11/01 00:51	skranz/restorepoint	master
17/11/01 00:14	ECO230/eco230r	master
17/10/31 00:28	bocinsky/paleocar	master
17/10/27 00:59	jennybc/googlesheets	master
17/10/27 00:58	jennybc/googlesheets	master
17/10/27 00:58	jennybc/googlesheets	master
17/10/27 00:58	jennybc/googlesheets	master
17/10/27 00:58	jennybc/googlesheets	master
17/10/27 00:56	vlsci/Analytics	master
17/10/27 00:50	jennybc/googlesheets	master
17/10/27 00:39	jennybc/googlesheets	master
17/10/25 00:23	ajdamico/lodown	master
