17/12/16 17:11	ujjwalkarn/xda	master
17/12/16 16:05	ujjwalkarn/xda	master
17/12/16 15:52	andrewpbray/oilabs	master
17/12/16 15:51	ujjwalkarn/xda	master
17/12/16 15:13	ricardo-bion/ggradar	master
17/12/16 12:14	ujjwalkarn/xda	master
17/12/16 12:13	ujjwalkarn/xda	master
17/12/16 12:13	ujjwalkarn/xda	master
17/12/16 12:11	ujjwalkarn/xda	master
17/12/16 11:48	ujjwalkarn/xda	master
17/12/16 11:14	ujjwalkarn/xda	master
17/12/16 11:04	ujjwalkarn/xda	master
17/12/16 10:59	ujjwalkarn/xda	master
17/12/16 10:52	ujjwalkarn/xda	master
17/12/16 10:31	ujjwalkarn/xda	master
17/12/16 10:21	ujjwalkarn/xda	master
17/12/16 10:20	ujjwalkarn/xda	master
17/12/16 10:18	ujjwalkarn/xda	master
17/12/16 10:16	ujjwalkarn/xda	master
17/12/16 10:16	ujjwalkarn/xda	master
17/12/16 10:16	ujjwalkarn/xda	master
17/12/16 10:15	ujjwalkarn/xda	master
17/12/16 10:15	ujjwalkarn/xda	master
17/12/16 10:15	ujjwalkarn/xda	master
17/12/16 10:14	ujjwalkarn/xda	master
17/12/16 10:14	ujjwalkarn/xda	master
17/12/16 10:13	ujjwalkarn/xda	master
17/12/16 10:11	ujjwalkarn/xda	master
17/12/16 09:52	ujjwalkarn/xda	master
17/12/16 09:52	ujjwalkarn/xda	master
17/12/16 08:59	ujjwalkarn/xda	master
17/12/16 08:30	twitter/AnomalyDetection	master
17/12/16 07:52	mikemeredith/makeJAGSmask	master
17/12/16 07:51	mikemeredith/makeJAGSmask	master
17/12/16 07:33	gdlc/dMatrix	master
17/12/16 07:30	ujjwalkarn/xda	master
17/12/16 07:29	ujjwalkarn/xda	master
17/12/16 07:26	ujjwalkarn/xda	master
17/12/16 07:26	ujjwalkarn/xda	master
17/12/16 07:24	ujjwalkarn/xda	master
17/12/16 07:24	ujjwalkarn/xda	master
17/12/16 07:21	ujjwalkarn/xda	master
17/12/16 07:20	ujjwalkarn/xda	master
17/12/16 07:20	ujjwalkarn/xda	master
17/12/16 07:20	ujjwalkarn/xda	master
17/12/16 07:19	ujjwalkarn/xda	master
17/12/16 07:18	ujjwalkarn/xda	master
17/12/16 07:18	ujjwalkarn/xda	master
17/12/16 07:17	ujjwalkarn/xda	master
17/12/16 07:17	ujjwalkarn/xda	master
17/12/16 07:16	ujjwalkarn/xda	master
17/12/16 07:16	ujjwalkarn/xda	master
17/12/16 07:16	ujjwalkarn/xda	master
17/12/16 07:16	ujjwalkarn/xda	master
17/12/16 07:14	ujjwalkarn/xda	master
17/12/16 07:14	ujjwalkarn/xda	master
17/12/16 07:14	ujjwalkarn/xda	master
17/12/16 07:14	ujjwalkarn/xda	master
17/12/16 07:13	ujjwalkarn/xda	master
17/12/16 07:13	ujjwalkarn/xda	master
17/12/16 07:13	ujjwalkarn/xda	master
17/12/16 07:13	ujjwalkarn/xda	master
17/12/16 07:13	ujjwalkarn/xda	master
17/12/16 07:12	ujjwalkarn/xda	master
17/12/16 07:12	ujjwalkarn/xda	master
17/12/16 07:12	ujjwalkarn/xda	master
17/12/16 07:11	ujjwalkarn/xda	master
17/12/16 07:11	ujjwalkarn/xda	master
17/12/16 07:10	ujjwalkarn/xda	master
17/12/16 07:08	ujjwalkarn/xda	master
17/12/16 05:08	StatsWithR/statsr	master
17/12/16 04:51	uribo/motivator	master
17/12/16 00:24	ColtoCaro/compMS	master
17/12/15 00:59	crsh/papaja	master
17/12/15 00:57	crsh/papaja	master
17/12/15 00:56	crsh/papaja	master
17/12/14 00:22	tlafarge/alphashape3d	master
17/12/14 00:11	tlafarge/alphashape3d	master
17/12/13 00:38	hrbrmstr/nominatim	master
17/12/12 00:54	BioStatMatt/sas7bdat.parso	master
17/12/12 00:53	BioStatMatt/sas7bdat.parso	master
17/12/12 00:50	BioStatMatt/sas7bdat.parso	master
17/12/12 00:45	BioStatMatt/sas7bdat.parso	master
17/12/07 00:29	gvegayon/twitterreport	master
17/12/07 00:27	gvegayon/twitterreport	master
17/12/07 00:20	seanchrismurphy/twtools	master
17/12/07 00:16	seanchrismurphy/twtools	master
17/12/07 00:15	seanchrismurphy/twtools	master
17/12/01 00:37	yihui/xaringan	master
17/12/01 00:23	dragua/xlsx	master
17/12/01 00:09	andrewpbray/oilabs	master
17/11/28 00:47	AndreaCirilloAC/updateR	master
17/11/24 00:15	mikemeredith/makeJAGSmask	master
17/11/22 00:40	wencke/wencke.github.io	master
17/11/21 00:03	USGS-R/streamMetabolizer	master
17/11/20 00:47	hannesmuehleisen/MonetDBLite-R	master
17/11/19 00:22	twitter/AnomalyDetection	master
17/11/19 00:21	twitter/AnomalyDetection	master
17/11/17 00:26	swarm-lab/trackR	master
17/11/17 00:16	shwetapurushe/weaveR	master
17/11/17 00:15	shwetapurushe/weaveR	master
