17/11/22 20:08	reptalex/WrightFisher	master
17/11/22 19:58	fabian-s/stabpath	master
17/11/22 19:48	fabian-s/stabpath	master
17/11/22 18:59	hadley/tidyverse	master
17/11/22 18:58	tidyverse/tidyverse	master
17/11/22 15:59	Azure/doAzureParallel	master
17/11/22 15:59	Azure/rAzureBatch	master
17/11/22 15:58	Azure/doAzureParallel	master
17/11/22 15:44	hrbrmstr/hrbraddins	master
17/11/22 12:16	Bioconductor/BiocGenerics	master
17/11/22 11:26	BenGraeler/spcopula	master
17/11/22 11:25	BenGraeler/spcopula	master
17/11/22 11:20	BenGraeler/spcopula	master
17/11/22 11:03	ColumbusCollaboratory/cognizer	master
17/11/22 10:29	hoxo-m/githubinstall	master
17/11/22 10:28	hoxo-m/githubinstall	master
17/11/22 10:27	hoxo-m/githubinstall	master
17/11/22 09:09	mrke/NicheMapR	master
17/11/22 08:46	mrke/NicheMapR	master
17/11/22 08:46	mrke/NicheMapR	master
17/11/22 06:24	sachserf/framework	master
17/11/22 05:38	bmschmidt/wordVectors	master
17/11/22 05:26	ujjwalkarn/xda	master
17/11/22 05:23	bmschmidt/wordVectors	master
17/11/22 03:48	ymattu/rjumanpp	master
17/11/22 03:04	ropenscilabs/tabulizer	master
17/11/22 03:04	ropensci/tabulizerjars	master
17/11/22 03:03	Logiwo/tabulizer	master
17/11/22 03:03	ropensci/tabulizerjars	master
17/11/22 02:12	fabian-s/stabpath	master
17/11/22 02:11	fabian-s/stabpath	master
17/11/22 02:11	fabian-s/stabpath	master
17/11/22 02:01	ropenscilabs/tabulizer	master
17/11/22 02:01	ropensci/tabulizerjars	master
17/11/22 01:58	donboyd5/pdata	master
17/11/22 01:57	garyfeng/pdata	master
17/11/22 01:56	garyfeng/pdata	master
17/11/22 01:51	ropensci/tabulizer	master
17/11/22 01:51	ropensci/tabulizerjars	master
17/11/22 01:50	Logiwo/tabulizer	master
17/11/22 01:49	leeper/tabulizerjars	master
17/11/22 01:47	garyfeng/pdata	master
17/11/22 01:42	fabian-s/stabpath	master
17/11/22 01:42	fabian-s/stabpath	master
17/11/22 01:41	ericwatt/eapath	master
17/11/22 01:36	christophergandrud/StanCat	master
17/11/22 00:40	wencke/wencke.github.io	master
17/11/21 00:03	USGS-R/streamMetabolizer	master
17/11/20 00:47	hannesmuehleisen/MonetDBLite-R	master
17/11/19 00:22	twitter/AnomalyDetection	master
17/11/19 00:21	twitter/AnomalyDetection	master
17/11/17 00:26	swarm-lab/trackR	master
17/11/17 00:16	shwetapurushe/weaveR	master
17/11/17 00:15	shwetapurushe/weaveR	master
17/11/13 00:57	rstudio/R-Websockets	master
17/11/12 00:57	jchiquet/spring	master
17/11/12 00:55	warnes/fork	master
17/11/12 00:52	fadiphi/cats	master
17/11/12 00:50	kvnkuang/pbmcapply	master
17/11/12 00:50	twitter/AnomalyDetection	master
17/11/12 00:49	robertzk/mappy	master
17/11/12 00:42	lampk/taskeR	master
17/11/12 00:39	MarkSelby1992/RCluster	master
17/11/12 00:37	christinehohensinn/parAL	master
17/11/12 00:33	jlduan/sckits	master
17/11/12 00:29	ECO230/eco230r	master
17/11/12 00:28	wush978/rpvm	master
17/11/12 00:26	kasperdanielhansen/Rgraphviz	master
17/11/12 00:04	greenelab/ADAGEpath	master
17/11/11 00:56	ECO230/eco230r	master
17/11/11 00:55	ECO230/eco230r	master
17/11/11 00:52	ECO230/eco230r	master
17/11/11 00:26	ECO230/eco230r	master
17/11/09 00:10	ECO230/eco230r	master
17/11/08 00:48	yutannihilation/mediumr	master
17/11/08 00:31	ECO230/eco230r	master
17/11/08 00:20	ECO230/eco230r	master
17/11/08 00:14	ECO230/eco230r	master
17/11/03 00:58	ECO230/eco230r	master
17/11/03 00:43	ECO230/eco230r	master
17/11/03 00:19	ECO230/eco230r	master
17/11/01 00:56	ECO230/eco230r	master
17/11/01 00:53	lme4/lme4	master
17/11/01 00:52	ECO230/eco230r	master
17/11/01 00:51	skranz/restorepoint	master
17/11/01 00:14	ECO230/eco230r	master
17/10/31 00:28	bocinsky/paleocar	master
17/10/27 00:59	jennybc/googlesheets	master
17/10/27 00:58	jennybc/googlesheets	master
17/10/27 00:58	jennybc/googlesheets	master
17/10/27 00:58	jennybc/googlesheets	master
17/10/27 00:58	jennybc/googlesheets	master
17/10/27 00:56	vlsci/Analytics	master
17/10/27 00:50	jennybc/googlesheets	master
17/10/27 00:39	jennybc/googlesheets	master
17/10/25 00:23	ajdamico/lodown	master
17/10/23 00:52	ECO230/eco230r	master
17/10/23 00:45	ECO230/eco230r	master
