17/06/08 14:27	miriamMota/mmotaF	master
17/06/08 14:23	miriamMota/mmotaF	master
17/06/08 14:05	miriamMota/mmotaF	master
17/06/08 14:05	SachaEpskamp/bootnet	master
17/06/08 14:03	miriamMota/mmotaF	master
17/06/08 13:29	intermine/intermineR	master
17/06/08 13:23	ropensci/tabulizer	master
17/06/08 13:23	leeper/tabulizerjars	master
17/06/08 13:18	ropensci/tabulizer	master
17/06/08 13:18	ropensci/tabulizerjars	master
17/06/08 13:06	intermine/intermineR	master
17/06/08 12:02	IlyaKipnis/DSTrading	master
17/06/08 11:41	leeper/tabulizer	master
17/06/08 11:41	leeper/tabulizerjars	master
17/06/08 11:37	ropensci/tabulizer	master
17/06/08 11:37	ropensci/tabulizerjars	master
17/06/08 10:38	PABalland/EconGeo	master
17/06/08 09:47	mikemeredith/wiqid	master
17/06/08 09:13	twitter/AnomalyDetection	master
17/06/08 08:33	gpuRcore/gpuRcuda	master
17/06/08 08:32	gpuRcore/gpuRcuda	master
17/06/08 08:30	gpuRcore/gpuRcuda	master
17/06/08 08:29	gpuRcore/gpuRcuda	master
17/06/08 08:26	uebvhir/anaStatsUEB	master
17/06/08 08:25	uebvhir/anaStatsUEB	master
17/06/08 08:25	uebvhir/anaStatsUEB	master
17/06/08 08:23	uebvhir/anaStatsUEB	master
17/06/08 01:33	hadley/multidplyr	master
17/06/08 01:32	hadley/multidplyr	master
17/06/08 01:32	hadley/multidplyr	master
