17/09/15 15:18	hrbrmstr/albersusa	master
17/09/15 15:12	topepo/caret	master
17/09/15 14:04	igraph/rigraph	master
17/09/15 11:16	braverock/PerformanceAnalytics	MCA_rebase
17/09/15 11:14	braverock/PerformanceAnalytics	MCA_rebase
17/09/15 09:17	sgsokol/Deriv	master
17/09/15 08:47	dselivanov/reco	master
17/09/15 08:10	hadley/nycflights13	master
17/09/15 07:16	tidyverse/tidyr	0.6.3
17/09/15 06:06	hadley/dplyr	v0.5.0
17/09/15 05:41	leeper/tabulizer	master
17/09/15 05:41	leeper/tabulizerjars	master
17/09/15 05:41	bedatadriven/econometer	master
17/09/15 05:39	ropensci/tabulizer	master
17/09/15 05:39	leeper/tabulizerjars	master
17/09/15 05:38	leeper/tabulizer	master
17/09/15 05:38	ropensci/tabulizerjars	master
17/09/15 05:38	leeper/tabulizer	master
17/09/15 05:38	leeper/tabulizerjars	master
17/09/15 05:01	hoxo-m/prophetExt	master
17/09/15 04:57	hoxo-m/dplyr.teradata	master
17/09/15 04:57	hadley/dplyr	v0.5.0
17/09/15 04:32	hoxo-m/prophetExt	master
17/09/15 01:01	hrbrmstr/hrbrthemes	master
