17/09/23 20:48	jennybc/googlesheets	master
17/09/23 20:28	kvittingseerup/IsoformSwitchAnalyzeR	master
17/09/23 19:54	Bioconductor/BiocIntroRPCI	0cd9bf7
17/09/23 18:27	ujjwalkarn/xda	master
17/09/23 15:33	muschellij2/ichseg	master
17/09/23 15:23	muschellij2/ichseg	master
17/09/23 14:26	rstudio/flights2	master
17/09/23 14:25	pjpalla/flight	master
17/09/23 14:24	michaelgavin/rights	master
17/09/23 14:24	daattali/lightsout	master
17/09/23 14:23	codecov/nightly	master
17/09/23 14:23	arunsrinivasan/flights	master
17/09/23 14:21	Emelieh21/FlightsR	master
17/09/23 14:21	Emelieh21/FlightsR	master
17/09/23 14:19	hoxo-m/prophetExt	master
17/09/23 14:18	Emelieh21/FlightsR	master
17/09/23 13:19	renozao/doRNG	master
17/09/23 08:22	slowkow/ggrepel	master
17/09/23 08:17	slowkow/ggrepel	master
17/09/23 02:05	leeper/tabulizer	master
17/09/23 02:05	leeper/tabulizerjars	master
17/09/23 02:02	ropensci/tabulizer	master
17/09/23 02:01	ropensci/tabulizerjars	master
