17/08/22 18:27	rstudio/bookdown	master
17/08/22 16:24	drizopoulos/JMbayes	master
17/08/22 14:46	graemetlloyd/Claddis	master
17/08/22 14:25	trestletech/rgl	master
17/08/22 14:15	sorhawell/rgl	master
17/08/22 13:58	bgreenwell/mertree	master
17/08/22 12:44	robjhyndman/thief	master
17/08/22 11:40	hadley/pkgdown	master
17/08/22 11:35	hadley/pkgdown	master
17/08/22 11:34	hadley/pkgdown	master
17/08/22 11:30	hadley/pkgdown	master
17/08/22 11:18	hadley/pkgdown	master
17/08/22 09:34	hadley/pkgdown	master
17/08/22 09:31	hadley/pkgdown	master
17/08/22 09:31	hadley/pkgdown	master
17/08/22 09:27	hadley/pkgdown	master
17/08/22 09:27	hadley/pkgdown	master
17/08/22 09:13	akzaidi/SparkR	master
17/08/22 08:37	hilaryparker/cats	master
17/08/22 08:12	mlr-org/mlr	master
17/08/22 07:56	ropenscilabs/tabulizer	master
17/08/22 07:56	ropensci/tabulizerjars	master
17/08/22 06:10	ropensci/tabulizer	master
17/08/22 06:10	ropensci/tabulizerjars	master
17/08/22 05:58	AMUFacultyOfEnglish/ENRanalytics	datatable_enr
17/08/22 05:54	ymattu/rjumanpp	master
