17/08/20 16:33	hadley/yrbss	master
17/08/20 16:33	hadley/xml2	master
17/08/20 16:31	hadley/warncpp	master
17/08/20 16:31	hadley/vita	master
17/08/20 16:31	hadley/usdanutrients	master
17/08/20 16:31	hadley/tidyverse	master
17/08/20 16:30	hadley/tidyr	master
17/08/20 16:29	hadley/tibble	master
17/08/20 16:29	hadley/testthat	master
17/08/20 16:29	hadley/tanglekit	master
17/08/20 16:28	hadley/svglite	master
17/08/20 16:28	hadley/strptimer	master
17/08/20 16:28	hadley/stringr	master
17/08/20 16:28	hadley/strict	master
17/08/20 16:28	hadley/staticdocs	master
17/08/20 16:27	hadley/spatialVis	master
17/08/20 16:27	hadley/sloop	master
17/08/20 16:27	hadley/sinartra	master
17/08/20 16:27	hadley/simpleS4	master
17/08/20 16:27	hadley/shinySignals	master
17/08/20 16:27	hadley/secure	master
17/08/20 16:27	hadley/scales	master
17/08/20 16:27	hadley/scagnostics	master
17/08/20 16:27	hadley/rvest	master
17/08/20 16:26	hadley/rv2	master
17/08/20 16:26	hadley/rsmith	master
17/08/20 16:26	hadley/roxygen3	master
17/08/20 16:26	hadley/rlang	master
17/08/20 16:26	hadley/rifftron	master
17/08/20 16:26	hadley/reshape	master
17/08/20 16:25	hadley/recipes	master
17/08/20 16:25	hadley/readxl	master
17/08/20 16:24	hadley/readr	master
17/08/20 16:18	hadley/rastermap	master
17/08/20 16:18	hadley/rappdirs	master
17/08/20 16:18	hadley/r4ds	master
17/08/20 16:17	hadley/r2d3	master
17/08/20 16:17	hadley/purrr	master
17/08/20 16:17	hadley/pryr	master
17/08/20 16:16	hadley/profr	master
17/08/20 16:16	hadley/productplots	master
17/08/20 16:16	hadley/precis	master
17/08/20 16:16	hadley/plyr	master
17/08/20 16:15	hadley/pkgdown	master
17/08/20 16:14	hadley/packman	master
17/08/20 16:14	hadley/oldbookdown	master
17/08/20 16:14	hadley/nycflights13	master
17/08/20 16:14	hadley/neiss	master
17/08/20 16:12	hadley/nasaweather	master
17/08/20 16:12	hadley/mutatr	master
17/08/20 16:12	hadley/multidplyr	master
17/08/20 16:12	hadley/mturkr	master
17/08/20 16:12	hadley/monads	master
17/08/20 16:12	hadley/modelr	master
17/08/20 16:12	hadley/memoise	master
17/08/20 16:11	hadley/meifly	master
17/08/20 16:11	hadley/lvplot	master
17/08/20 16:11	hadley/lubridate	master
17/08/20 16:10	hadley/localmds	master
17/08/20 16:09	hadley/lobstr	master
17/08/20 16:07	hadley/linval	master
17/08/20 16:07	hadley/lineprof	master
17/08/20 16:07	hadley/lazyeval	master
17/08/20 16:07	hadley/layers	master
17/08/20 16:07	hadley/l1tf	master
17/08/20 16:06	hadley/imvisoned	master
17/08/20 16:06	hadley/httr	master
17/08/20 16:06	hadley/hflights	master
17/08/20 16:06	hadley/helpr	master
17/08/20 16:06	hadley/hclpicker	master
17/08/20 16:06	hadley/haven	master
17/08/20 16:05	hadley/hadladdin	master
17/08/20 16:05	hadley/gtable	master
17/08/20 16:04	hadley/ggstat	master
17/08/20 16:03	hadley/ggplot2movies	master
17/08/20 16:03	hadley/ggplot2	master
17/08/20 16:01	hadley/ggplot1	master
17/08/20 16:01	hadley/gg2v	master
17/08/20 16:01	hadley/fueleconomy	master
17/08/20 16:01	hadley/fortify	master
17/08/20 16:01	hadley/forcats	master
17/08/20 16:01	hadley/foobar	master
17/08/20 16:01	hadley/evaluate	master
17/08/20 16:01	hadley/emo	master
17/08/20 16:00	hadley/dtplyr	master
17/08/20 16:00	hadley/dplyr	master
17/08/20 15:53	hadley/devtools	master
17/08/20 15:52	hadley/densityvis	master
17/08/20 15:52	hadley/decumar	master
17/08/20 15:52	hadley/dbplyr	master
17/08/20 15:52	hadley/colformat	master
17/08/20 15:51	hadley/clusterfly	master
17/08/20 15:51	hadley/classifly	master
17/08/20 15:51	hadley/bookdown	master
17/08/20 15:51	hadley/bigvis	master
17/08/20 15:51	hadley/bigrquery	master
17/08/20 15:51	hadley/bench	master
17/08/20 15:51	hadley/babynames	master
17/08/20 15:51	hadley/assertthat	master
17/08/20 15:50	hadley/S3	master
17/08/20 15:50	hadley/RcppDateTime	master
17/08/20 11:01	huangrenhuai/pldfit	master
17/08/20 08:09	swarm-lab/editR	master
17/08/20 08:07	swarm-lab/editR	master
17/08/20 08:03	swarm-lab/editR	master
17/08/20 07:56	swarm-lab/editR	master
17/08/20 04:54	bomeara/KLchecker	master
17/08/20 02:53	mikemeredith/makeJAGSmask	master
