17/09/25 22:41	gbm-developers/gbm3	master
17/09/25 22:38	gbm-developers/gbm3	master
17/09/25 22:29	gbm-developers/gbm3	master
17/09/25 21:22	fawda123/ggord	master
17/09/25 16:53	vqv/ggbiplot	master
17/09/25 16:52	vqv/ggbiplot	master
17/09/25 16:24	hfgolino/EGA	master
17/09/25 15:19	qrat/plaint	master
17/09/25 14:59	chavent/divclust	master
17/09/25 14:58	chavent/divclust	master
17/09/25 14:56	chavent/divclust	master
17/09/25 14:22	fawda123/ggord	master
17/09/25 14:17	hferg/btrtools	master
17/09/25 14:16	psolymos/pbapply	master
17/09/25 14:16	hferg/btrtools	master
17/09/25 14:16	hferg/btrtools	master
17/09/25 14:13	hferg/btrtools	master
17/09/25 13:47	tidyverse/tidyr	master
17/09/25 13:38	hadley/tidyr	master
17/09/25 13:02	timelyportfolio/listviewer	master
17/09/25 10:54	EdwinTh/padr	master
17/09/25 10:10	ropensci/tabulizerjars	master
17/09/25 09:57	thomasp85/lime	master
17/09/25 09:54	thomasp85/lime	master
17/09/25 09:52	rstudio/profvis	master
17/09/25 09:52	DnPeter/htmlwidgets	master
17/09/25 09:52	rstudio/htmltools	master
17/09/25 09:43	ropensci/tabulizer	master
17/09/25 09:43	ropensci/tabulizerjars	master
17/09/25 09:32	ropensci/tabulizer	master
17/09/25 09:31	ropensci/tabulizerjars	master
17/09/25 09:24	ropensci/tabulizer	master
17/09/25 09:24	ropensci/tabulizerjars	master
17/09/25 09:22	ropensci/tabulizer	master
17/09/25 09:22	ropensci/tabulizerjars	master
17/09/25 09:14	ropensci/tabulizer	master
17/09/25 09:14	ropensci/tabulizerjars	master
17/09/25 09:12	ropensci/tabulizerjars	master
17/09/25 09:11	ropensci/tabulizer	master
17/09/25 08:57	cloudyr/googleComputeEngineR	master
17/09/25 08:18	mariavica/mircomb	master
17/09/25 08:12	slowkow/ggrepel	master
17/09/25 08:08	slowkow/ggrepel	master
17/09/25 08:06	hadley/xml2	master
17/09/25 07:57	hadley/xml2	master
17/09/25 07:49	cloudyr/aws.s3	master
17/09/25 07:47	ropensci/tabulizer	master
17/09/25 07:46	ropensci/tabulizerjars	master
17/09/25 07:24	jutako/Rtools	master
17/09/25 07:09	ropensci/tabulizer	master
17/09/25 07:08	ropensci/tabulizerjars	master
17/09/25 07:05	ropensci/tabulizer	master
17/09/25 07:04	ropensci/tabulizerjars	master
17/09/25 05:12	emvolz-phylodynamics/skyspline	master
17/09/25 04:46	ropensci/tabulizerjars	master
17/09/25 04:46	ropensci/tabulizer	master
17/09/25 04:44	ropensci/tabulizerjars	master
17/09/25 04:39	ropensci/tabulizer	master
17/09/25 04:39	ropensci/tabulizerjars	master
17/09/25 04:36	ropensci/tabulizer	master
17/09/25 04:35	ropensci/tabulizerjars	master
17/09/25 03:27	mariavica/mircomb	master
17/09/25 03:17	mariavica/mircomb	master
17/09/25 03:06	mariavica/mircomb	master
17/09/25 02:55	mariavica/mircomb	master
17/09/25 02:48	mariavica/mircomb	master
17/09/25 02:31	mariavica/mircomb	master
17/09/25 02:00	Hackout2/mapData	master
17/09/25 01:50	mariavica/mircomb	master
