17/09/27 22:38	hxin/ograph	master
17/09/27 22:36	dvera/rage	master
17/09/27 22:34	hadley/readr	master
17/09/27 22:33	dvera/rage	master
17/09/27 21:15	dyerlab/gstudio	master
17/09/27 21:10	dyerlab/popgraph	master
17/09/27 21:09	dyerlab/gstudio	master
17/09/27 16:00	omegahat/RDCOMClient	master
17/09/27 14:15	bhaskarvk/leaflet.extras	master
17/09/27 12:51	selesnow/ryandexdirect	v2.2.0
17/09/27 12:00	roblanf/sangeranalyseR	master
17/09/27 11:59	roblanf/sangeranalyseR	master
17/09/27 09:58	elbamos/largeVis	master
17/09/27 09:02	leifeld/texreg	master
17/09/27 06:14	AFIT-R/anomalyDetection	master
17/09/27 06:13	AFIT-R/anomalyDetection	master
17/09/27 06:11	AFIT-R/anomalyDetection	master
17/09/27 05:44	hms-dbmi/scde	master
17/09/27 04:15	AFIT-R/anomalyDetection	master
17/09/27 04:04	twitter/AnomalyDetection	master
17/09/27 03:55	twitter/AnomalyDetection	master
17/09/27 03:54	twitter/AnomalyDetection	master
