17/08/26 17:06	twitter/BreakoutDetection	master
17/08/26 16:56	twitter/BreakoutDetection	master
17/08/26 16:38	juba/questionr	master
17/08/26 16:28	juba/rgrs	master
17/08/26 14:03	kwstat/agridat	master
17/08/26 14:03	tidyverse/broom	master
17/08/26 14:03	yihui/knitr	master
17/08/26 14:03	tidyverse/ggplot2	master
17/08/26 14:00	hadley/reshape	master
17/08/26 13:59	vqv/ggbiplot	master
17/08/26 13:15	okugami79/sentiment140	master
17/08/26 13:14	okugami79/sentiment140	master
17/08/26 13:12	okugami79/sentiment140	master
17/08/26 13:11	okugami79/sentiment140	master
17/08/26 12:59	vz-risk/verisr	master
17/08/26 12:32	vqv/ggbiplot	master
17/08/26 12:31	tidyverse/broom	master
17/08/26 12:31	tidyverse/ggplot2	master
17/08/26 11:05	twitter/AnomalyDetection	master
17/08/26 11:04	twitter/AnomalyDetection	master
17/08/26 10:47	swish-climate-impact-assessment/awaptools	develop
17/08/26 10:46	amurali2/cats	master
17/08/26 10:45	twitter/AnomalyDetection	master
17/08/26 10:39	twitter/AnomalyDetection	master
17/08/26 09:32	braverock/quantstrat	master
17/08/26 09:24	braverock/blotter	master
17/08/26 09:23	braverock/quantstrat	master
17/08/26 09:12	twitter/AnomalyDetection	master
17/08/26 08:38	braverock/quantstrat	master
