17/01/23 11:29	JeroenSmaers/evomap	master
17/01/23 11:28	JeroenSmaers/evomap	master
17/01/23 11:26	JeroenSmaers/evomap	master
17/01/23 11:26	JeroenSmaers/evomap	master
17/01/23 11:18	JeroenSmaers/evomap	master
17/01/23 11:16	JeroenSmaers/evomap	master
17/01/23 11:09	JeroenSmaers/evomap	master
17/01/23 11:08	JeroenSmaers/evomap	master
17/01/23 11:07	JeroenSmaers/evomap	master
17/01/23 11:07	JeroenSmaers/evomap	master
17/01/23 11:05	JeroenSmaers/evomap	master
17/01/23 11:02	JeroenSmaers/evomap	master
17/01/23 10:58	JeroenSmaers/evomap	master
17/01/23 10:52	JeroenSmaers/evomap	master
17/01/23 10:49	JeroenSmaers/evomap	master
17/01/23 02:22	ramnathv/slidifyLibraries	master
17/01/23 02:21	ramnathv/slidify	master
17/01/23 02:20	vqv/ggbiplot	master
17/01/23 02:19	hrbrmstr/taucharts	master
17/01/23 02:19	twitter/AnomalyDetection	master
17/01/23 02:11	timelyportfolio/parcoords	master
17/01/23 01:32	hzambran/hydroTSM	master
17/01/23 00:14	Alandasilva/teomatrix	master
16/12/22 00:00	dkahle/ggmap	master
16/12/08 00:14	aoles/shinyURL	master
16/12/08 00:14	aoles/shinyURL	master
16/12/07 00:41	ProjectTw/TwitteR2Mongo	master
16/12/07 00:39	cloudyr/aws.code	master
16/11/29 00:56	andrewpbray/oilabs	master
16/11/29 00:50	andrewpbray/oilabs	master
16/11/28 00:57	ujjwalkarn/xda	master
16/11/24 00:12	datacamp/Rdocumentation	master
16/11/21 00:21	mrdwab/SOfun	master
16/11/20 00:17	ropenscilabs/tabulizer	master
16/11/20 00:17	leeper/tabulizerjars	master
16/11/12 00:33	alanarnholt/BSDA	master
16/11/10 00:45	rpruim/fastR	2e
16/11/10 00:42	ropenscilabs/tabulizer	master
16/11/10 00:42	leeper/tabulizerjars	master
16/11/07 00:07	chgrl/rdnb	master
16/10/30 00:15	datacamp/Rdocumentation	master
16/10/26 00:14	rstudio/rmarkdown	master
