17/03/07 16:54	awalker89/Rjira	master
17/03/07 16:23	leeper/tabulizer	master
17/03/07 16:22	leeper/tabulizerjars	master
17/03/07 16:09	mskcc/facets	master
17/03/07 16:09	mskcc/facets	master
17/03/07 15:49	ChristopherLucas/MatchingFrontier	master
17/03/07 15:02	omegahat/RDCOMClient	master
17/03/07 14:50	hadley/readxl	master
17/03/07 13:42	skardhamar/rga	master
17/03/07 13:41	skardhamar/rga	master
17/03/07 13:40	jdeboer/ganalytics	master
17/03/07 13:36	skardhamar/rga	master
17/03/07 08:39	duncantl/RWordPress	master
17/03/07 08:39	duncantl/XMLRPC	master
17/03/07 03:42	ujjwalkarn/xda	master
17/03/07 01:41	bocinsky/FedData	master
17/03/07 01:06	rstudio/flexdashboard	master
17/02/27 00:14	datadotworld/data.world-r	master
17/02/25 00:53	trestletech/shinyStore	master
17/02/25 00:53	jlmelville/mize	master
17/02/25 00:53	jlmelville/mize	master
17/02/25 00:50	trestletech/shinyStore	master
17/02/25 00:50	jlmelville/mize	master
17/02/25 00:49	jlmelville/mize	master
17/02/23 00:32	mtennekes/tmap	master
17/02/18 00:18	clbustos/dominanceAnalysis	master
17/02/17 00:24	hadley/tibble	master
17/02/15 00:43	kazutan/zousan	master
17/02/15 00:42	hoxo-m/githubinstall	master
17/02/14 00:03	StatsWithR/statsr	master
17/02/14 00:00	StatsWithR/statsr	master
17/02/12 00:20	trestletech/plumber	master
17/02/10 00:42	andrewpbray/oilabs	master
17/02/07 00:21	smach/rmiscutils	master
17/02/03 00:56	mlr-org/mlr	xgboost_latest
