17/01/25 19:19	itsdalmo/tabulR	master
17/01/25 19:12	vqv/ggbiplot	master
17/01/25 18:48	alexsanjoseph/compareDF	master
17/01/25 18:05	datadotworld/data.world-r	master
17/01/25 17:44	datadotworld/data.world-r	master
17/01/25 17:39	ujjwalkarn/xda	master
17/01/25 17:28	pachterlab/sleuth	devel
17/01/25 17:01	scientific-computing-solutions/eventPrediction	master
17/01/25 16:18	rstats-db/RPostgres	master
17/01/25 14:53	datacamp/RDocumentation	master
17/01/25 13:37	ljrendell/ccopy	master
17/01/25 13:36	twitter/AnomalyDetection	master
17/01/25 13:24	dlebauer/rhwsd	master
17/01/25 11:21	statsmaths/coreNLP	master
17/01/25 11:15	cttobin/ggthemr	
17/01/25 09:07	JeroenSmaers/evomap	master
17/01/25 08:59	JeroenSmaers/evomap	master
17/01/25 08:48	JeroenSmaers/evomap	master
17/01/25 08:45	JeroenSmaers/evomap	master
17/01/25 08:42	JeroenSmaers/evomap	master
17/01/25 08:41	JeroenSmaers/evomap	master
17/01/25 08:36	JeroenSmaers/evomap	master
17/01/25 08:36	JeroenSmaers/evomap	master
17/01/25 08:36	JeroenSmaers/evomap	master
17/01/25 08:35	JeroenSmaers/evomap	master
17/01/25 08:34	JeroenSmaers/evomap	master
17/01/25 08:31	JeroenSmaers/evomap	master
17/01/25 08:31	JeroenSmaers/evomap	master
17/01/25 08:31	JeroenSmaers/evomap	master
17/01/25 08:30	JeroenSmaers/evomap	master
17/01/25 08:29	JeroenSmaers/evomap	master
17/01/25 08:29	JeroenSmaers/evomap	master
17/01/25 08:28	JeroenSmaers/evomap	master
17/01/25 08:28	JeroenSmaers/evomap	master
17/01/25 08:27	JeroenSmaers/evomap	master
17/01/25 02:40	smach/rmiscutils	master
17/01/25 02:03	smach/rmiscutils	master
17/01/25 01:55	smach/rmiscutils	master
17/01/25 01:54	smach/rmiscutils	master
17/01/25 01:51	smach/rmiscutils	master
17/01/25 01:50	smach/rmiscutils	master
17/01/25 01:48	smach/rmiscutils	master
