17/06/20 18:39	pablobarbera/scholarnetwork	master
17/06/20 18:35	IlyaKipnis/DSTrading	master
17/06/20 18:30	braverock/blotter	master
17/06/20 18:29	joshuaulrich/xts	master
17/06/20 18:28	joshuaulrich/xts	master
17/06/20 18:27	joshuaulrich/xts	master
17/06/20 15:55	joshuaulrich/xts	master
17/06/20 14:12	mikemeredith/makeJAGSmask	master
17/06/20 13:14	ujjwalkarn/xda	master
17/06/20 11:19	kassambara/factoextra	master
17/06/20 11:16	fawda123/ggord	master
17/06/20 11:01	donkeyshot/phybreak	master
17/06/20 10:58	mikemeredith/makeJAGSmask	master
17/06/20 10:25	ujjwalkarn/xda	master
17/06/20 10:24	donkeyshot/phybreak	master
17/06/20 10:22	donkeyshot/phybreak	master
17/06/20 10:20	donkeyshot/phybreak	master
17/06/20 10:14	donkeyshot/phybreak	master
17/06/20 10:03	donkeyshot/phybreak	master
17/06/20 06:39	tidyverse/broom	master
17/06/20 06:11	twitter/AnomalyDetection	master
17/06/20 06:07	kassambara/ggpubr	master
17/06/20 06:07	stefanedwards/lemon	master
17/06/20 03:26	hadley/devtools	master
17/06/20 03:25	chandlerzuo/atSNP	master
17/06/20 03:22	chandlerzuo/atSNP	master
17/06/20 02:32	mikemeredith/makeJAGSmask	master
17/06/20 02:21	chandlerzuo/atSNP	master
17/06/20 02:15	chandlerzuo/atSNP	master
17/06/20 01:58	joshuaulrich/quantmod	master
17/06/20 01:57	joshuaulrich/quantmod	master
17/06/20 01:31	RobbievanAert/puniform	master
