17/06/14 17:53	dkahle/ggmap	master
17/06/14 17:11	ujjwalkarn/xda	master
17/06/14 16:27	mplatzer/BTYDplus	master
17/06/14 15:14	jbryer/likert	master
17/06/14 15:14	dkahle/ggmap	master
17/06/14 14:37	WinVector/vtreat	master
17/06/14 14:15	jbryer/likert	master
17/06/14 13:51	gastonstat/arcdiagram	master
17/06/14 13:50	gastonstat/arcdiagram	master
17/06/14 13:20	jbryer/likert	master
17/06/14 13:19	bmschmidt/wordVectors	master
17/06/14 13:14	bmschmidt/wordVectors	master
17/06/14 13:13	tidyverse/tidyverse	master
17/06/14 13:08	mplatzer/BTYDplus	master
17/06/14 13:05	mplatzer/BTYDplus	master
17/06/14 12:40	rubenarslan/formr	master
17/06/14 11:12	selesnow/rfacebookstat	master
17/06/14 10:40	intermine/intermineR	dev
17/06/14 10:10	intermine/intermineR	master
17/06/14 09:27	braverock/FinancialInstrument	master
17/06/14 08:54	kthohr/BMR	master
17/06/14 08:52	kthohr/BMR	master
17/06/14 08:44	kthohr/BMR	master
17/06/14 07:54	miriamMota/mmotaF	master
17/06/14 07:43	harrysouthworth/margarita	master
17/06/14 01:47	gjuggler/ggphylo	master
17/06/14 01:42	gjuggler/ggphylo	master
17/06/14 01:30	phiala/ecodist	master
17/06/14 01:00	tidyverse/dplyr	master
