17/06/28 20:55	r-lib/httr	master
17/06/28 18:30	jsdeherrera/shinyBoots	master
17/06/28 18:22	statsmaths/coreNLP	master
17/06/28 16:57	aoles/EBImage	master
17/06/28 16:08	ceparman/tseries	master
17/06/28 15:55	robjhyndman/forecast	master
17/06/28 13:00	ropensci/magick	master
17/06/28 12:55	ropensci/magick	master
17/06/28 12:52	ropensci/magick	master
17/06/28 12:50	jeroenooms/magick	master
17/06/28 12:46	jeroenooms/magick	master
17/06/28 12:35	dgrtwo/gganimate	master
17/06/28 11:38	mikemeredith/makeJAGSmask	master
17/06/28 10:22	mikemeredith/makeJAGSmask	master
17/06/28 09:34	jonathon-love/car	master
17/06/28 09:33	sjmgarnier/viridis	master
17/06/28 09:25	ujjwalkarn/xda	master
17/06/28 09:10	msabr027/WatsonML	master
17/06/28 08:47	metno/esd	master
17/06/28 08:16	jonathon-love/car	master
17/06/28 07:48	mikemeredith/makeJAGSmask	master
17/06/28 05:58	ujjwalkarn/xda	master
17/06/28 05:45	ujjwalkarn/xda	master
17/06/28 04:46	mikemeredith/makeJAGSmask	master
