17/09/19 15:57	hadley/lubridate	master
17/09/19 15:57	tidyverse/magrittr	master
17/09/19 15:56	hadley/tidyverse	master
17/09/19 15:02	willdrysdale/wsdmiscr	master
17/09/19 15:02	jakejh/zeitzeiger	master
17/09/19 15:01	willdrysdale/wsdmiscr	master
17/09/19 15:00	HGray384/TAS	master
17/09/19 14:44	HGray384/TAS	master
17/09/19 11:23	tc/RMongo	master
17/09/19 10:14	ujjwalkarn/xda	master
17/09/19 09:55	dselivanov/reco	master
17/09/19 09:46	jennybc/repurrrsive	master
17/09/19 07:45	leeper/margins	master
17/09/19 07:44	rstudio/revealjs	master
17/09/19 07:44	leeper/prediction	master
17/09/19 06:37	cloudyr/aws.s3	78593a5
17/09/19 05:21	brunomssmelo/RcextTools	master
17/09/19 05:17	brunomssmelo/RcextTools	master
17/09/19 05:16	brunomssmelo/RcextTools	master
17/09/19 05:05	sinhrks/ggfortify	a81578e
17/09/19 04:56	sinhrks/ggfortify	a81578e
17/09/19 02:59	toledobastos/SocialMediaMineR	master
17/09/19 02:54	toledobastos/SocialMediaMineR	master
17/09/19 02:53	ymattu/MlBayesOpt	master
17/09/19 02:53	toledobastos/SocialMediaMineR	master
17/09/19 02:51	toledobastos/SocialMediaMineR	master
