17/06/06 15:47	gmbecker/switchr	master
17/06/06 15:40	j1wan/ietkit	master
17/06/06 15:39	j1wan/ietkit	master
17/06/06 14:18	StatsWithR/statsr	master
17/06/06 12:46	joey711/phyloseq	master
17/06/06 12:46	HenrikBengtsson/R.matlab	master
17/06/06 12:09	geoffjentry/ROAuth	master
17/06/06 12:05	intermine/intermineR	master
17/06/06 11:38	JeroenSmaers/evomap	master
17/06/06 11:32	krisrs1128/phyloseqExtend	master
17/06/06 09:46	kthohr/BMR	master
17/06/06 09:35	grunwaldlab/metacoder	master
17/06/06 09:34	kthohr/BMR	master
17/06/06 09:29	kthohr/BMR	master
17/06/06 07:23	liamrevell/phytools	master
17/06/06 05:39	harrysouthworth/texmex	master
17/06/06 03:31	LiNk-NY/GenomicRanges	master
17/06/06 03:30	j1wan/ietkit	master
17/06/06 03:30	jsta/gnis	master
17/06/06 03:30	tidyverse/dplyr	master
17/06/06 03:29	dill/beyonce	master
17/06/06 03:29	bradleyboehmke/anomalyDetection	master
17/06/06 03:27	twitter/AnomalyDetection	master
17/06/06 03:27	twitter/AnomalyDetection	master
17/06/06 02:53	ropensci/tabulizer	master
17/06/06 02:53	ropensci/tabulizerjars	master
17/06/06 02:24	prestodb/RPresto	master
