17/10/11 18:40	bstewart/stm	development
17/10/11 18:40	jimhester/lookup	master
17/10/11 18:12	jmcurran/Bolstad	master
17/10/11 17:54	solvebio/solvebio-r	custom-envs
17/10/11 17:10	ropenscilabs/tabulizer	master
17/10/11 17:09	ropensci/tabulizer	master
17/10/11 17:03	solvebio/solvebio-r	custom-envs
17/10/11 17:00	okugami79/sentiment140	master
17/10/11 17:00	solvebio/solvebio-r	custom-envs
17/10/11 16:41	jdblischak/workflowr	master
17/10/11 16:28	alexkowa/VIM	master
17/10/11 15:55	mstrimas/resdesignr	master
17/10/11 15:50	ptompalski/UsefulRFunctions	master
17/10/11 14:06	ujjwalkarn/xda	master
17/10/11 13:23	jdbcode/MSScvm	master
17/10/11 13:22	bendv/bfastPlot	master
17/10/11 13:21	bendv/rgrowth	master
17/10/11 13:21	bendv/timeSyncR	master
17/10/11 13:21	dutri001/bfastSpatial	master
17/10/11 13:18	paleolimbot/landsatutils	master
17/10/11 13:18	paleolimbot/landsatutils	master
17/10/11 13:18	jdbcode/LandsatLinkr	master
17/10/11 13:17	ggranga/fidolasen	master
17/10/11 13:15	bbrede/S2utils	master
17/10/11 13:15	IVFL-BOKU/sentinel2	master
17/10/11 13:14	pterzian/CloudKicker	master
17/10/11 12:58	ujjwalkarn/xda	master
17/10/11 12:50	WinVector/vtreat	master
17/10/11 09:28	prioritizr/prioritizr	master
17/10/11 08:47	crubba/Rwebdriver	master
17/10/11 08:36	prioritizr/prioritizr	master
17/10/11 07:02	hoxo-m/prophetExt	master
17/10/11 06:57	ymmah/AzureSMR	master
17/10/11 06:57	hoxo-m/prophetExt	master
17/10/11 03:52	ropenscilabs/skimr	master
17/10/11 03:01	MigueBeneito/Final	master
17/10/11 02:30	ozagordi/myweatherData	master
17/10/11 01:17	ptompalski/UsefulRFunctions	master
17/10/11 01:14	ptompalski/UsefulRFunctions	master
17/10/07 00:52	kerguler/Barnard	master
17/10/07 00:45	kerguler/Barnard	master
17/10/07 00:42	kerguler/Barnard	master
17/10/04 00:23	OpenMx/OpenMx	master
17/10/04 00:21	OpenMx/OpenMx	master
17/09/30 00:08	ropensci/tabulizer	master
17/09/30 00:08	ropensci/tabulizerjars	master
17/09/29 00:36	BenGraeler/spcopula	master
17/09/29 00:26	BenGraeler/spcopula	master
17/09/29 00:24	jutako/Rtools	master
17/09/29 00:10	BenGraeler/spcopula	master
17/09/28 00:09	jimhester/lookup	master
17/09/27 00:44	rustyoldrake/WatsonR	master
17/09/26 00:54	hoxo-m/prophetExt	master
17/09/24 00:45	trinker/sentimentr	master
17/09/14 00:55	hrbrmstr/hrbrthemes	master
17/09/14 00:49	hrbrmstr/hrbrthemes	master
17/09/12 00:57	rstudio/pool	master
17/09/12 00:55	mjskay/tidybayes	master
17/09/11 00:22	ugcd/gaitTools	master
