17/07/21 08:56	hadley/xml2	master
17/07/21 08:53	jpmml/r2pmml	0.6.0
17/07/21 08:53	jpmml/r2pmml	0.6.0
17/07/21 08:51	jpmml/r2pmml	0.6.0
17/07/21 08:50	jpmml/r2pmml	0.6.0
17/07/21 08:48	jpmml/r2pmml	0.6.0
17/07/21 08:46	jpmml/r2pmml	0.6.0
17/07/21 08:45	jpmml/r2pmml	0.6.0
17/07/21 08:42	jpmml/r2pmml	0.6.0
17/07/21 08:40	jpmml/r2pmml	0.6.0
17/07/21 08:38	jpmml/r2pmml	0.6.0
17/07/21 08:32	hadley/xml2	master
17/07/21 08:31	cloudyr/aws.s3	master
17/07/21 07:11	jpmml/r2pmml	0.6.0
17/07/21 07:09	jpmml/r2pmml	0.6.0
17/07/21 06:58	dkaschek/dMod	master
17/07/21 06:51	dkaschek/dMod	development
17/07/21 06:50	dkaschek/dMod	development
17/07/21 01:42	twitter/AnomalyDetection	master
17/07/21 01:29	boost-R/mboost	master
17/07/21 01:17	diegomattozo/multdiscretization	master
