17/08/02 17:01	snoweye/phyclust	2b2f238
17/08/02 16:31	hoxo-m/prophetExt	master
17/08/02 16:27	braverock/PerformanceAnalytics	sample_m3_m4
17/08/02 16:27	braverock/PerformanceAnalytics	master
17/08/02 16:27	braverock/PerformanceAnalytics	sample_m3_m4
17/08/02 16:27	braverock/PerformanceAnalytics	master
17/08/02 16:15	braverock/PerformanceAnalytics	sample_m3_m4
17/08/02 16:15	braverock/PerformanceAnalytics	master
17/08/02 16:11	braverock/PerformanceAnalytics	master
17/08/02 16:07	braverock/PerformanceAnalytics	master
17/08/02 16:03	braverock/PerformanceAnalytics	master
17/08/02 15:41	brunomssmelo/RcextTools	master
17/08/02 15:37	braverock/PerformanceAnalytics	sample_m3_m4
17/08/02 15:36	braverock/PerformanceAnalytics	master
17/08/02 15:04	braverock/PerformanceAnalytics	sample_m3_m4
17/08/02 15:04	braverock/PerformanceAnalytics	master
17/08/02 15:02	braverock/PerformanceAnalytics	sample_m3_m4
17/08/02 15:02	braverock/PerformanceAnalytics	master
17/08/02 15:01	braverock/PerformanceAnalytics	master
17/08/02 14:50	hoxo-m/prophetExt	master
17/08/02 14:48	twitter/AnomalyDetection	master
17/08/02 14:36	braverock/PerformanceAnalytics	sample_m3_m4
17/08/02 14:35	braverock/PerformanceAnalytics	master
17/08/02 14:34	braverock/PerformanceAnalytics	sample_m3_m4
17/08/02 14:33	braverock/PerformanceAnalytics	master
17/08/02 13:43	masato-ogishi/Repitope	master
17/08/02 12:04	ISAAKiel/quantaar	experimental
17/08/02 09:28	renukasane/penCalc	master
17/08/02 09:25	renukasane/penCalc	master
17/08/02 09:24	renukasane/penCalc	master
17/08/02 09:22	renukasane/penCalc	master
17/08/02 09:15	renukasane/penCalc	master
17/08/02 09:13	renukasane/penCalc	master
17/08/02 09:11	renukasane/penCalc	master
17/08/02 08:17	renukasane/penCalc	master
17/08/02 07:53	renukasane/penCalc	master
17/08/02 07:41	renukasane/penCalc	master
17/08/02 07:40	renukasane/penCalc	master
17/08/02 07:39	renukasane/penCalc	master
17/08/02 07:37	ymattu/rjumanpp	master
17/08/02 07:34	renukasane/penCalc	master
17/08/02 07:25	renukasane/penCalc	master
17/08/02 07:08	renukasane/penCalc	master
17/08/02 07:07	renukasane/penCalc	master
17/08/02 07:07	renukasane/penCalc	master
17/08/02 07:04	renukasane/penCalc	master
17/08/02 07:03	renukasane/penCalc	master
17/08/02 07:03	renukasane/penCalc	master
17/08/02 07:02	renukasane/penCalc	master
17/08/02 05:38	mskilab/JaBbA	hackfix
