17/08/05 16:17	hoxo-m/pforeach	master
17/08/05 15:02	teramonagi/fitbitr	master
17/08/05 14:26	vqv/ggbiplot	master
17/08/05 14:18	rstudio/httpuv	master
17/08/05 14:16	taiyun/corrplot	master
17/08/05 14:06	marcuskhl/BasicSettings	master
17/08/05 14:03	marcuskhl/BasicSettings	master
17/08/05 13:44	hadley/httr	master
17/08/05 13:41	hadley/ggplot2	master
17/08/05 12:19	R-Finance/quantstrat	master
17/08/05 12:18	R-Finance/blotter	master
17/08/05 12:10	jfq3/RDPutils	master
17/08/05 11:44	pbiecek/PISA2012lite	master
17/08/05 11:41	pbiecek/PISA2012lite	master
17/08/05 11:39	cimentadaj/perccalc	master
17/08/05 11:39	cimentadaj/inequalityintsvy	master
17/08/05 11:39	dgrtwo/gganimate	master
17/08/05 11:39	cimentadaj/cimentadaj	master
17/08/05 11:39	jimhester/autoinst	master
17/08/05 11:38	datarootsio/artyfarty	master
17/08/05 07:46	hoxo-m/pforeach	master
17/08/05 07:25	jonocarroll/ggghost	master
17/08/05 02:15	hoxo-m/prophetExt	master
17/08/05 02:12	hoxo-m/prophetExt	master
