17/08/28 16:04	Spoted21/tt	master
17/08/28 06:19	wjhopper/FAM	master
17/08/28 06:18	wjhopper/FAM	master
17/08/28 06:13	hadley/dplyr	master
17/08/28 06:10	hadley/dplyr	master
17/08/28 06:08	wjhopper/FAM	master
17/08/28 06:04	wjhopper/FAM	master
17/08/28 06:02	wjhopper/FAM	master
17/08/28 06:01	wjhopper/FAM	master
17/08/28 06:01	wjhopper/FAM	master
17/08/28 05:51	strengejacke/sjPlot	master
17/08/28 05:51	strengejacke/sjPlot	master
17/08/28 05:51	strengejacke/sjPlot	master
17/08/28 05:38	hadley/dplyr	master
17/08/28 05:38	hadley/dplyr	master
17/08/28 05:32	wjhopper/FAM	master
17/08/28 05:31	wjhopper/FAM	master
17/08/28 05:31	wjhopper/FAM	master
17/08/28 05:29	wjhopper/FAM	master
17/08/28 03:42	kazutan/zousan	master
