17/06/26 12:40	ThinkRstat/prenoms	master
17/06/26 12:35	ThinkRstat/prenoms	master
17/06/26 12:19	ThinkRstat/prenoms	master
17/06/26 12:03	JeroenSmaers/evomap	master
17/06/26 11:40	Albluca/rpgraph	master
17/06/26 11:35	dragua/xlsx	master
17/06/26 11:25	davidgohel/ReporteRs	master
17/06/26 11:23	ramnathv/rCharts	master
17/06/26 09:39	cloudyr/aws.s3	7b9bf86
17/06/26 09:16	TsuPeiChiu/DNAshapeR	ext-features
17/06/26 09:09	ThinkRstat/prenoms	master
17/06/26 08:02	cloudyr/aws.s3	7b9bf86
17/06/26 07:56	vqv/ggbiplot	master
17/06/26 07:09	tidyverse/ggplot2	sf
17/06/26 06:17	gdemin/excel.link	master
17/06/26 05:29	bd2kccd/r-causal	master
17/06/26 04:58	hrbrmstr/nominatim	master
17/06/26 02:35	tidyverse/ggplot2	sf
17/06/26 01:55	hadley/dplyr	v0.5.0
17/06/26 01:55	hadley/dplyr	v0.5.0
17/06/26 01:03	tidyverse/ggplot2	sf
