17/06/19 12:20	kasperdanielhansen/minfi	master
17/06/19 12:19	kasperdanielhansen/minfi	master
17/06/19 12:18	kasperdanielhansen/minfi	master
17/06/19 11:30	jutako/Rtools	master
17/06/19 09:50	miriamMota/mmotaF	master
17/06/19 08:43	kazutan/tubeplayR	master
17/06/19 07:54	rstudio/revealjs	master
17/06/19 07:51	kazutan/zousan	master
17/06/19 07:14	kazutan/tubeplayR	master
17/06/19 06:54	kazutan/tubeplayR	dev
17/06/19 06:20	16EAGLE/moveVis	master
17/06/19 05:53	leeper/tabulizer	master
17/06/19 05:53	ropensci/tabulizer	master
17/06/19 05:52	ropenscilabs/tabulizer	master
17/06/19 05:47	twitter/AnomalyDetection	master
17/06/19 02:32	csiro-crc-spin/SpinModels	master
17/06/19 02:30	ropensci/tokenizers	master
17/06/19 02:28	juliasilge/janeaustenr	master
17/06/19 02:27	dgrtwo/widyr	master
17/06/19 02:22	mrmaxent/maxnet	master
17/06/19 02:04	bergant/finstr	master
17/06/19 01:54	rstudio/tensorflow	master
17/06/19 01:54	r-pkgs/processx	master
17/06/19 01:53	gaborcsardi/debugme	master
