17/10/20 20:28	vinhtantran/monoClust	master
17/10/20 20:00	Lchiffon/REmap	master
17/10/20 18:13	cbw1243/marginalfit	master
17/10/20 18:09	ramnathv/rCharts	master
17/10/20 16:00	bstewart/stm	development
17/10/20 15:36	bstewart/stm	development
17/10/20 15:15	pablobarbera/scholarnetwork	master
17/10/20 15:12	pablobarbera/scholarnetwork	master
17/10/20 15:12	pablobarbera/scholarnetwork	master
17/10/20 14:59	pablobarbera/scholarnetwork	master
17/10/20 14:20	laurieKell/biodyn	master
17/10/20 14:19	Stan125/limoaddin	master
17/10/20 14:01	trinker/CAinterprTools	master
17/10/20 13:37	hrbrmstr/albersusa	master
17/10/20 12:46	kkholst/lava	master
17/10/20 12:45	kkholst/lava	master
17/10/20 12:37	StevenVB12/patternize	master
17/10/20 11:17	joey711/phyloseq	master
17/10/20 10:57	ujjwalkarn/xda	master
17/10/20 10:15	Nisus-Liu/vava	master
17/10/20 10:13	s-u/rJava	master
17/10/20 10:10	ujjwalkarn/xda	master
17/10/20 09:25	rstudio/keras	master
17/10/20 09:21	twitter/AnomalyDetection	master
17/10/20 09:02	ujjwalkarn/xda	master
17/10/20 09:00	rstudio/keras	master
17/10/20 08:08	twitter/BreakoutDetection	master
17/10/20 07:47	twitter/BreakoutDetection	master
17/10/20 07:33	vst/mgarch	master
17/10/20 07:29	rstudio/keras	master
17/10/20 02:01	bakuhatsu/microarrayTools	master
17/10/20 01:17	jyypma/nloptr	master
17/10/20 00:11	BavoDC/CalibrationCurves	master
17/10/18 00:25	mikemeredith/makeJAGSmask	master
17/10/17 00:36	hoxo-m/prophetExt	master
17/10/17 00:17	rstudio/rmarkdown	master
17/10/17 00:15	ymattu/MlBayesOpt	master
17/10/17 00:11	yutannihilation/kokudosuuchi	master
17/10/17 00:06	hoxo-m/prophetExt	master
17/10/17 00:00	yutannihilation/kokudosuuchi	master
17/10/16 00:26	hadley/scagnostics	master
17/10/07 00:52	kerguler/Barnard	master
17/10/07 00:45	kerguler/Barnard	master
17/10/07 00:42	kerguler/Barnard	master
17/10/04 00:23	OpenMx/OpenMx	master
17/10/04 00:21	OpenMx/OpenMx	master
17/09/30 00:08	ropensci/tabulizer	master
17/09/30 00:08	ropensci/tabulizerjars	master
17/09/29 00:36	BenGraeler/spcopula	master
17/09/29 00:26	BenGraeler/spcopula	master
17/09/29 00:24	jutako/Rtools	master
17/09/29 00:10	BenGraeler/spcopula	master
17/09/28 00:09	jimhester/lookup	master
17/09/27 00:44	rustyoldrake/WatsonR	master
17/09/26 00:54	hoxo-m/prophetExt	master
17/09/24 00:45	trinker/sentimentr	master
