17/08/09 17:15	rstudio/tensorflow	master
17/08/09 17:15	rstudio/tensorflow	master
17/08/09 17:14	rstudio/tensorflow	master
17/08/09 17:12	rstudio/tensorflow	master
17/08/09 17:03	ymattu/rjumanpp	dev
17/08/09 16:28	ymattu/rjumanpp	dev
17/08/09 16:26	ymattu/rjumanpp	dev
17/08/09 16:15	ymattu/rjumanpp	dev
17/08/09 13:54	42n4/fUnitRoots	master
17/08/09 13:52	42n4/fUnitRoots	master
17/08/09 13:50	jbfagotfede39/aquatools	master
17/08/09 11:34	ymattu/rjumanpp	dev
17/08/09 11:34	ymattu/rjumanpp	develop
17/08/09 11:32	ymattu/rjumanpp	master
17/08/09 08:15	ropensci/tabulizer	master
17/08/09 08:15	ropensci/tabulizerjars	master
17/08/09 08:14	leeper/tabulizer	master
17/08/09 08:14	leeper/tabulizerjars	master
17/08/09 08:13	ropensci/tabulizer	master
17/08/09 08:13	ropensci/tabulizerjars	master
17/08/09 08:10	ropenscilabs/tabulizer	master
17/08/09 08:10	ropensci/tabulizerjars	master
17/08/09 07:48	dashee87/jobbR	master
17/08/09 06:33	prodipta/techchart	master
17/08/09 04:48	prodipta/techchart	master
17/08/09 02:55	hoxo-m/prophetExt	master
17/08/09 02:51	ymattu/rjumanpp	dev
17/08/09 02:49	ymattu/rjumanpp	dev
17/08/09 02:43	ymattu/rjumanpp	dev
17/08/09 02:21	ymattu/rjumanpp	master
17/08/09 02:14	wilkelab/cowplot	master
17/08/09 01:44	leeper/tabulizer	master
17/08/09 01:44	leeper/tabulizerjars	master
17/08/09 01:24	ujjwalkarn/xda	master
