17/08/10 05:18	hadley/precis	master
17/08/10 04:21	jimhester/lookup	master
17/08/10 03:35	monmon-2007/Images	master
17/08/10 03:34	hilaryparker/explainr	master
17/08/10 03:33	jdeboer/ganalytics	master
17/08/10 03:32	hoxo-m/pforeach	master
17/08/10 03:31	dracodoc/mischelper	master
17/08/10 03:31	hoxo-m/pforeach	master
17/08/10 03:30	dgrtwo/widyr	master
17/08/10 03:30	YTLogos/exploratory	master
17/08/10 03:28	hafen/trelliscopejs	master
17/08/10 03:28	hrbrmstr/splashr	master
17/08/10 03:25	jimhester/lookup	master
17/08/10 02:51	ymattu/rjumanpp	master
17/08/10 02:41	twitter/AnomalyDetection	master
17/08/10 02:40	jennybc/repurrrsive	master
17/08/10 02:15	StatsWithR/statsr	master
17/08/10 01:59	ymattu/rjumanpp	master
17/08/10 01:56	ymattu/rjumanpp	master
17/08/10 01:56	ymattu/rjumanpp	master
17/08/10 01:52	ymattu/rjumanpp	master
17/08/10 01:43	ymattu/rjumanpp	master
17/08/10 01:39	ymattu/rjumanpp	master
17/08/10 01:37	ymattu/rjumanpp	master
17/08/10 01:33	ymattu/rjumanpp	dev
17/08/10 01:25	ymattu/rjumanpp	dev
17/08/10 01:24	ymattu/rjumanpp	dev
17/08/10 01:14	ymattu/rjumanpp	dev
