17/07/11 12:02	intermine/intermineR	dev
17/07/11 11:58	intermine/intermineR	dev
17/07/11 11:17	intermine/intermineR	dev
17/07/11 11:15	intermine/intermineR	dev
17/07/11 09:55	twitter/AnomalyDetection	master
17/07/11 09:51	mlr-org/mlr	tuneThreshold_multiclass_fix
17/07/11 09:51	mlr-org/mlr	tuneThreshold_multiclass_fix
17/07/11 09:46	mlr-org/mlr	tuneThreshold_multiclass_fix
17/07/11 09:45	mlr-org/mlr	tuneTreshold_multiclass_fix
17/07/11 09:44	mlr-org/mlr	tuneTreshold_multiclass_fix
17/07/11 09:16	lme4/lme4	master
17/07/11 08:13	hadley/svglite	master
17/07/11 08:12	traitecoevo/callr	master
17/07/11 08:12	hadley/devtools	master
17/07/11 08:11	jutako/Rtools	master
17/07/11 08:10	hadley/scales	master
17/07/11 08:10	tidyverse/ggplot2	master
17/07/11 08:09	hadley/scales	master
17/07/11 08:09	jutako/Rtools	master
17/07/11 08:07	hadley/scales	master
17/07/11 08:07	tidyverse/ggplot2	master
17/07/11 08:03	hadley/scales	master
17/07/11 03:48	mikemeredith/makeJAGSmask	master
17/07/11 03:05	rstudio/addinexamples	master
