17/08/01 22:25	hadley/tibble	master
17/08/01 21:56	rstudio/bookdown	master
17/08/01 21:55	sawyerda/bookdown	master
17/08/01 20:21	thibautjombart/adegenet	master
17/08/01 20:19	thibautjombart/adegenet	master
17/08/01 18:32	villardon/MultBiplotR	master
17/08/01 18:29	NOllAl/diaggnosticplots	master
17/08/01 18:28	NOllAl/diaggnosticplots	master
17/08/01 18:26	NOllAl/diaggnosticplots	master
17/08/01 18:13	samuel-rosa/pedometrics	master
17/08/01 18:07	IshmaelBelghazi/ThreePass	master
17/08/01 16:27	kazutan/tubeplayR	master
17/08/01 16:24	kazutan/zousan	master
17/08/01 16:23	rstudio/leaflet	master
17/08/01 16:22	rstudio/DT	master
17/08/01 16:20	rstudio/rmarkdown	master
17/08/01 16:19	tidyverse/purrr	master
17/08/01 16:19	tidyverse/tibble	master
17/08/01 16:18	yihui/knitr	master
17/08/01 16:17	tidyverse/ggplot2	master
17/08/01 16:16	tidyverse/forcats	master
17/08/01 16:15	tidyverse/stringr	master
17/08/01 16:15	tidyverse/tidyr	master
17/08/01 16:13	tidyverse/dplyr	master
17/08/01 16:10	tidyverse/rlang	master
17/08/01 16:09	tidyverse/dplyr	master
17/08/01 12:50	armgong/rjulia	master
17/08/01 11:58	hadley/xml2	master
17/08/01 11:48	tidyverse/purrr	master
17/08/01 11:46	hadley/purrr	master
17/08/01 09:16	swarm-lab/videoplayR	master
17/08/01 08:22	mclements/rstpm2	develop
17/08/01 08:16	mclements/rstpm2	develop
17/08/01 01:06	nipper/mishu	master
