17/08/08 21:39	gsimchoni/kandinsky	master
17/08/08 21:35	snoweye/phyclust	fa170b84715de5aae68a070cc2927bd862163e74
17/08/08 21:00	ujjwalkarn/xda	master
17/08/08 18:55	walkerke/tidycensus	9256eef
17/08/08 18:39	walkerke/tidycensus	c1c5ec5
17/08/08 18:37	42n4/fUnitRoots	master
17/08/08 18:10	ujjwalkarn/xda	master
17/08/08 18:07	42n4/fUnitRoots	master
17/08/08 16:39	ujjwalkarn/xda	master
17/08/08 14:29	loicdtx/bfastSpatial	master
17/08/08 14:27	dutri001/bfastSpatial	master
17/08/08 14:27	loicdtx/bfastSpatial	master
17/08/08 14:24	loicdtx/bfastSpatial	master
17/08/08 14:23	loicdtx/bfastSpatial	master
17/08/08 14:23	loicdtx/bfastSpatial	master
17/08/08 11:59	ujjwalkarn/xda	master
17/08/08 10:15	rmcelreath/glmer2stan	master
17/08/08 09:09	skardhamar/rga	master
17/08/08 09:08	skardhamar/rga	master
17/08/08 07:45	JasperHG90/RSoundCloud	master
17/08/08 06:41	jimvine/confinterpret	master
17/08/08 05:13	shanedenecke/insect.toxicology	master
17/08/08 02:23	leeper/tabulizer	master
17/08/08 02:23	leeper/tabulizerjars	master
17/08/08 01:29	yihui/xaringan	master
