17/12/18 21:18	donboyd5/pdata	master
17/12/18 21:18	garyfeng/pdata	master
17/12/18 21:17	garyfeng/pdata	master
17/12/18 21:17	donboyd5/pdata	master
17/12/18 21:09	fabian-s/stabpath	master
17/12/18 21:09	fabian-s/stabpath	master
17/12/18 21:02	NikNakk/snpStats	master
17/12/18 20:48	babaknaimi/mraster	master
17/12/18 20:18	stephenturner/qqman	master
17/12/18 19:59	behuang/mpMap	master
17/12/18 19:50	behuang/mpMap	master
17/12/18 17:54	hoxo-m/magicfor	master
17/12/18 17:49	hoxo-m/magicfor	master
17/12/18 17:46	hoxo-m/magicfor	master
17/12/18 17:44	jkrijthe/Rtsne	master
17/12/18 17:00	jkeirstead/scholar	scholar-0.1.6
17/12/18 17:00	jkeirstead/scholar	scholar-0.1.6
17/12/18 16:56	jkeirstead/scholar	master
17/12/18 16:55	jkeirstead/scholar	master
17/12/18 15:24	davidgohel/flextable	master
17/12/18 15:24	davidgohel/flextable	master
17/12/18 15:23	davidgohel/flextable	master
17/12/18 14:55	davidgohel/flextable	master
17/12/18 13:40	samuel-rosa/pedometrics	master
17/12/18 10:34	mm-shah/MetaNeighbor	master
17/12/18 07:08	ujjwalkarn/xda	master
17/12/18 06:14	SymbolixAU/googleway	master
17/12/18 04:10	pcahan1/CellNet	master
17/12/17 00:55	ujjwalkarn/xda	master
17/12/16 00:24	ColtoCaro/compMS	master
17/12/15 00:59	crsh/papaja	master
17/12/15 00:57	crsh/papaja	master
17/12/15 00:56	crsh/papaja	master
17/12/14 00:22	tlafarge/alphashape3d	master
17/12/14 00:11	tlafarge/alphashape3d	master
17/12/13 00:38	hrbrmstr/nominatim	master
17/12/12 00:54	BioStatMatt/sas7bdat.parso	master
17/12/12 00:53	BioStatMatt/sas7bdat.parso	master
17/12/12 00:50	BioStatMatt/sas7bdat.parso	master
17/12/12 00:45	BioStatMatt/sas7bdat.parso	master
17/12/07 00:29	gvegayon/twitterreport	master
17/12/07 00:27	gvegayon/twitterreport	master
17/12/07 00:20	seanchrismurphy/twtools	master
17/12/07 00:16	seanchrismurphy/twtools	master
17/12/07 00:15	seanchrismurphy/twtools	master
17/12/01 00:37	yihui/xaringan	master
17/12/01 00:23	dragua/xlsx	master
17/12/01 00:09	andrewpbray/oilabs	master
17/11/28 00:47	AndreaCirilloAC/updateR	master
17/11/24 00:15	mikemeredith/makeJAGSmask	master
17/11/22 00:40	wencke/wencke.github.io	master
17/11/21 00:03	USGS-R/streamMetabolizer	master
17/11/20 00:47	hannesmuehleisen/MonetDBLite-R	master
17/11/19 00:22	twitter/AnomalyDetection	master
17/11/19 00:21	twitter/AnomalyDetection	master
