17/10/12 22:05	pdrano/IKTrading	master
17/10/12 19:38	harveyl888/queryBuilder	master
17/10/12 19:37	harveyl888/queryBuilder	master
17/10/12 19:37	ThomasSiegmund/D3TableFilter	master
17/10/12 18:55	gastonstat/arcdiagram	master
17/10/12 18:41	gastonstat/arcdiagram	master
17/10/12 15:59	BioinfoMonzino/DaMiRseq	master
17/10/12 14:21	jimhester/lookup	master
17/10/12 14:19	ujjwalkarn/xda	master
17/10/12 13:33	gavinsimpson/ggvegan	master
17/10/12 12:52	BigelowLab/plateLayout	master
17/10/12 12:52	BigelowLab/plateLayout	master
17/10/12 12:50	crukci-bioinformatics/redpanda	master
17/10/12 12:48	BigelowLab/plateLayout	master
17/10/12 12:47	BigelowLab/plateLayout	master
17/10/12 12:46	BigelowLab/plateLayout	master
17/10/12 09:47	yutannihilation/gglabeledcontour	master
17/10/12 09:47	yutannihilation/gglabeledcontour	master
17/10/12 09:47	hadley/scales	master
17/10/12 09:46	hadley/scales	master
17/10/12 09:44	tidyverse/glue	master
17/10/12 09:43	hadley/rlang	master
17/10/12 09:42	yutannihilation/gglabeledcontour	master
17/10/12 09:03	dgrtwo/drlib	master
17/10/12 09:01	dgrtwo/drlib	master
17/10/12 08:59	dgrtwo/drlib	master
17/10/12 08:39	AkhilNairAmey/crassy	master
17/10/12 05:47	vinhtantran/monoClust	master
17/10/12 05:15	vinhtantran/monoClust	master
17/10/12 04:36	babaknaimi/mraster	master
17/10/12 04:35	RyanHope/master	master
17/10/07 00:52	kerguler/Barnard	master
17/10/07 00:45	kerguler/Barnard	master
17/10/07 00:42	kerguler/Barnard	master
17/10/04 00:23	OpenMx/OpenMx	master
17/10/04 00:21	OpenMx/OpenMx	master
17/09/30 00:08	ropensci/tabulizer	master
17/09/30 00:08	ropensci/tabulizerjars	master
17/09/29 00:36	BenGraeler/spcopula	master
17/09/29 00:26	BenGraeler/spcopula	master
17/09/29 00:24	jutako/Rtools	master
17/09/29 00:10	BenGraeler/spcopula	master
17/09/28 00:09	jimhester/lookup	master
17/09/27 00:44	rustyoldrake/WatsonR	master
17/09/26 00:54	hoxo-m/prophetExt	master
17/09/24 00:45	trinker/sentimentr	master
17/09/14 00:55	hrbrmstr/hrbrthemes	master
17/09/14 00:49	hrbrmstr/hrbrthemes	master
17/09/12 00:57	rstudio/pool	master
17/09/12 00:55	mjskay/tidybayes	master
