17/05/16 16:02	dgrtwo/widyr	master
17/05/16 15:30	rBatt/facebook5	master
17/05/16 13:53	skranz/shinyEvents	master
17/05/16 13:19	crubba/Rwebdriver	master
17/05/16 13:10	crubba/Rwebdriver	master
17/05/16 13:06	crubba/Rwebdriver	master
17/05/16 12:56	crubba/Rwebdriver	master
17/05/16 12:50	TsuPeiChiu/DNAshapeR	2nd-order
17/05/16 12:13	skardhamar/rga	master
17/05/16 11:15	selesnow/rfacebookstat	master
17/05/16 11:07	selesnow/rfacebookstat	master
17/05/16 09:22	rsheets/jailbreakr	master
17/05/16 08:59	rsheets/rexcel	master
17/05/16 08:09	yunzhang813/FUNNEL-GSEA-R-Package	master
17/05/16 07:24	joey711/phyloseq	master
17/05/16 07:17	joey711/phyloseq	master
17/05/16 07:03	skranz/shinyEvents	master
17/05/16 07:02	skranz/shinyEvents	master
17/05/16 07:01	trestletech/shinyAce	master
17/05/16 06:56	skranz/shinyEvents	master
17/05/16 06:56	skranz/restorepoint	master
17/05/16 06:53	skranz/shinyEvents	master
17/05/16 06:53	skranz/shinyEvents	master
17/05/16 06:33	helixcn/plantlist	master
17/05/16 02:37	mkanai/WRShd	master
17/05/16 01:29	ropensci/tabulizer	master
17/05/16 01:29	ropensci/tabulizerjars	master
