17/12/11 15:43	ropensci/tabulizer	master
17/12/11 15:40	ropensci/tabulizerjars	master
17/12/11 15:34	ropensci/tabulizer	master
17/12/11 15:33	ropensci/tabulizerjars	master
17/12/11 14:45	csbl-usp/CEMiTool	master
17/12/11 11:32	dtkaplan/checkr	master
17/12/11 11:17	bwlewis/irlba	master
17/12/11 11:14	bwlewis/irlba	master
17/12/11 11:12	bwlewis/irlba	master
17/12/11 10:29	RandiLGarcia/dyadr	master
17/12/11 10:28	hadley/tidyverse	master
17/12/11 10:27	hadley/tidyverse	master
17/12/11 10:20	hadley/lubridate	master
17/12/11 10:19	hadley/tidyverse	master
17/12/11 10:18	jimhester/lookup	master
17/12/11 10:18	teisseyrep/interactionInfo	master
17/12/11 10:17	teisseyrep/interactionInfo	master
17/12/11 10:15	teisseyrep/interactionInfo	master
17/12/11 09:52	hadley/tidyverse	master
17/12/11 09:46	kazutan/tubeplayR	master
17/12/11 09:21	ujjwalkarn/xda	master
17/12/11 08:59	jcheng5/bubbles	master
17/12/11 08:59	karthikl6/d3bubbles2	master
17/12/11 08:59	timelyportfolio/d3treeR	master
17/12/11 08:42	KeachMurakami/fudukue	master
17/12/11 08:39	jschoeley/ggtheme	master
17/12/11 07:58	trinker/gmailR	master
17/12/11 07:24	hadley/tidyverse	master
17/12/11 07:23	hadley/tidyverse	master
17/12/11 07:22	trinker/gmailR	master
17/12/11 05:52	jimhester/lookup	master
17/12/11 05:00	rstudio/blogdown	master
17/12/11 04:58	joey711/phyloseq	master
17/12/11 04:46	joey711/phyloseq	master
17/12/11 04:32	joey711/phyloseq	master
17/12/07 00:29	gvegayon/twitterreport	master
17/12/07 00:27	gvegayon/twitterreport	master
17/12/07 00:20	seanchrismurphy/twtools	master
17/12/07 00:16	seanchrismurphy/twtools	master
17/12/07 00:15	seanchrismurphy/twtools	master
17/12/01 00:37	yihui/xaringan	master
17/12/01 00:23	dragua/xlsx	master
17/12/01 00:09	andrewpbray/oilabs	master
17/11/28 00:47	AndreaCirilloAC/updateR	master
17/11/24 00:15	mikemeredith/makeJAGSmask	master
17/11/22 00:40	wencke/wencke.github.io	master
17/11/21 00:03	USGS-R/streamMetabolizer	master
17/11/20 00:47	hannesmuehleisen/MonetDBLite-R	master
17/11/19 00:22	twitter/AnomalyDetection	master
17/11/19 00:21	twitter/AnomalyDetection	master
17/11/17 00:26	swarm-lab/trackR	master
17/11/17 00:16	shwetapurushe/weaveR	master
17/11/17 00:15	shwetapurushe/weaveR	master
17/11/13 00:57	rstudio/R-Websockets	master
17/11/12 00:57	jchiquet/spring	master
17/11/12 00:55	warnes/fork	master
17/11/12 00:52	fadiphi/cats	master
17/11/12 00:50	kvnkuang/pbmcapply	master
17/11/12 00:50	twitter/AnomalyDetection	master
17/11/12 00:49	robertzk/mappy	master
17/11/12 00:42	lampk/taskeR	master
17/11/12 00:39	MarkSelby1992/RCluster	master
17/11/12 00:37	christinehohensinn/parAL	master
17/11/12 00:33	jlduan/sckits	master
17/11/12 00:29	ECO230/eco230r	master
17/11/12 00:28	wush978/rpvm	master
17/11/12 00:26	kasperdanielhansen/Rgraphviz	master
17/11/12 00:04	greenelab/ADAGEpath	master
17/11/11 00:56	ECO230/eco230r	master
17/11/11 00:55	ECO230/eco230r	master
17/11/11 00:52	ECO230/eco230r	master
17/11/11 00:26	ECO230/eco230r	master
