17/10/10 17:21	abhy/sentiment	master
17/10/10 15:43	bstewart/stm	development
17/10/10 15:11	hrecht/censusapi	master
17/10/10 14:03	ujjwalkarn/xda	master
17/10/10 13:46	ujjwalkarn/xda	master
17/10/10 13:44	andrie/sentiment	master
17/10/10 13:43	abhy/sentiment	master
17/10/10 11:42	einarhjorleifsson/ggmisc	master
17/10/10 11:20	jeffreyhanson/marxan	master
17/10/10 11:19	jeffreyhanson/marxan	master
17/10/10 10:12	hrbrmstr/msgxtractr	master
17/10/10 09:55	hrbrmstr/msgxtractr	master
17/10/10 09:49	kassambara/r2excel	master
17/10/10 08:59	o2r-project/containerit	master
17/10/10 08:56	gianmarcoalberti/CAinterprTools_0.7	master
17/10/10 08:54	chrisbrunsdon/GISTools	master
17/10/10 08:54	chrisbrunsdon/GISTools	master
17/10/10 08:53	chrisbrunsdon/GISTools	master
17/10/10 07:30	tcash21/zendeskR	master
17/10/10 07:22	ricardo-bion/ggradar	master
17/10/10 06:58	AkhilNairAmey/crassy	master
17/10/10 06:29	ujjwalkarn/xda	master
17/10/10 06:26	mplatzer/BTYDplus	master
17/10/10 05:56	metrumresearchgroup/metrumrg	master
17/10/10 04:07	ujjwalkarn/xda	master
17/10/10 02:58	leeper/slopegraph	master
17/10/10 02:38	leeper/slopegraph	master
