17/04/25 18:58	dgrtwo/gganimate	master
17/04/25 18:24	hadley/ggplot2	v2.2.0
17/04/25 18:12	dkahle/ggmap	master
17/04/25 17:51	ujjwalkarn/xda	master
17/04/25 17:00	cloudyr/limer	master
17/04/25 16:56	kalimu/LimeRick	master
17/04/25 15:27	andrewpbray/oilabs	master
17/04/25 15:26	tidyverse/tidyr	master
17/04/25 15:25	tidyverse/purrr	master
17/04/25 15:12	tidyverse/dplyr	master
17/04/25 13:38	Microsoft/AzureSMR	master
17/04/25 13:02	ujjwalkarn/xda	master
17/04/25 10:57	loicdtx/bfastSpatial	master
17/04/25 09:55	psolaimani/BiocInstaller	master
17/04/25 09:54	Miachol/BioInstaller	master
17/04/25 08:06	paul-buerkner/brms	master
17/04/25 07:36	cpsievert/rdom	master
17/04/25 04:23	hoxo-m/pforeach	master
17/04/25 02:28	aharmer/pathtrackr	master
17/04/25 02:25	road2stat/ggsci	master
17/04/25 01:26	aharmer/pathtrackr	master
