17/06/02 18:16	OHDSI/CohortMethod	master
17/06/02 16:44	ropensci/europepmc	master
17/06/02 16:42	ropensci/europepmc	master
17/06/02 16:37	ropensci/europepmc	master
17/06/02 15:57	TGuillerme/dispRity	master
17/06/02 15:36	mkuhn/dict	master
17/06/02 15:23	mkuhn/dict	master
17/06/02 14:17	kassambara/easyGgplot2	master
17/06/02 13:43	marcionicolau/shinyExt	master
17/06/02 13:42	rstudio/R-Websockets	master
17/06/02 13:34	rstudio/R-Websockets	master
17/06/02 13:33	marcionicolau/shinyExt	master
17/06/02 13:30	trestletech/shinyTable	master
17/06/02 13:30	pkvreddy/shinypkv	master
17/06/02 13:29	marcionicolau/shinyExt	master
17/06/02 13:29	trestletech/shinyAce	master
17/06/02 13:18	ropensci/tabulizer	master
17/06/02 13:18	ropensci/tabulizerjars	master
17/06/02 12:38	Dementiy/vkR	master
17/06/02 12:38	wikimedia/qa	master
17/06/02 12:37	vqv/ggbiplot	master
17/06/02 08:20	ramnathv/rCharts	master
17/06/02 08:19	ricardo-bion/ggradar	master
17/06/02 08:08	ropensci/europepmc	master
17/06/02 07:22	mikemeredith/makeJAGSmask	master
17/06/02 06:51	drsimonj/twidlr	master
17/06/02 05:11	prestodb/RPresto	master
17/06/02 05:08	prestodb/RPresto	master
17/06/02 04:27	swish-climate-impact-assessment/awaptools	develop
