17/09/20 14:44	leeper/tabulizer	master
17/09/20 14:43	leeper/tabulizerjars	master
17/09/20 14:41	MRCIEU/TwoSampleMR	master
17/09/20 14:41	MRCIEU/TwoSampleMR	master
17/09/20 12:49	vqv/ggbiplot	master
17/09/20 12:46	vqv/ggbiplot	master
17/09/20 12:24	hadley/fueleconomy	master
17/09/20 12:24	sjmgarnier/viridis	master
17/09/20 12:24	hadley/babynames	master
17/09/20 12:24	hadley/nycflights13	master
17/09/20 11:59	melff/memisc	master
17/09/20 11:59	edwindj/ffbase	master
17/09/20 11:59	RcppCore/RcppArmadillo	master
17/09/20 11:58	awalker89/openxlsx	master
17/09/20 11:58	rstats-db/RSQLite	master
17/09/20 11:56	rstats-db/RMySQL	master
17/09/20 11:56	jwijffels/ETLUtils	master
17/09/20 11:56	joshuaulrich/TTR	master
17/09/20 11:56	melff/memisc	master
17/09/20 11:55	edwindj/ffbase	master
17/09/20 11:52	hadley/tidyverse	master
17/09/20 11:52	r-lib/boxes	master
17/09/20 11:51	hadley/tidyverse	master
17/09/20 11:26	hadley/tidyverse	master
17/09/20 10:36	ropenscilabs/monkeylearn	master
17/09/20 10:35	ropensci/monkeylearn	master
17/09/20 10:35	masalmon/monkeylearn	master
17/09/20 10:27	mhahsler/arules	master
17/09/20 09:02	krishnad2/bstat	master
17/09/20 02:41	timelyportfolio/imageR	0.5-8.1
