17/09/04 11:58	antiphon/sphere	master
17/09/04 11:57	adeckmyn/maps	master
17/09/04 11:43	adeckmyn/maps	master
17/09/04 11:36	siskac/discordant	master
17/09/04 11:09	DataWookie/flipsideR	master
17/09/04 10:16	ropensci/tabulizer	master
17/09/04 10:15	ropensci/tabulizerjars	master
17/09/04 10:10	siskac/discordant	master
17/09/04 10:00	siskac/discordant	master
17/09/04 09:48	leeper/tabulizerjars	master
17/09/04 09:43	ropensci/tabulizerjars	master
17/09/04 09:41	leeper/tabulizerjars	master
17/09/04 09:38	MPBA/r-sparcc	master
17/09/04 09:35	ropensci/tabulizer	master
17/09/04 09:35	ropensci/tabulizerjars	master
17/09/04 09:23	mlr-org/mlr	forecasting
17/09/04 08:46	ujjwalkarn/xda	master
17/09/04 07:20	ujjwalkarn/xda	master
17/09/04 06:57	ujjwalkarn/xda	master
17/09/04 06:44	ujjwalkarn/xda	master
17/09/04 06:31	ujjwalkarn/xda	master
17/09/04 06:12	ujjwalkarn/xda	master
17/09/04 03:37	HenrikBengtsson/R.devices	master
17/09/04 03:31	HenrikBengtsson/R.devices	master
17/09/04 03:19	lvaudor/graphiT	master
17/09/04 03:18	HenrikBengtsson/R.graphics	master
17/09/04 03:17	HenrikBengtsson/R.graphics	master
17/09/04 03:13	HenrikBengtsson/R.devices	master
17/09/04 03:12	HenrikBengtsson/R.devices	master
