17/11/17 11:52	ChrKoenig/probpool	master
17/11/17 11:11	vqv/ggbiplot	master
17/11/17 09:43	langdoc/elan_phontier	master
17/11/17 09:39	langdoc/FRelan	master
17/11/17 08:47	hadley/tidyverse	master
17/11/17 08:43	hoxo-m/dplyr.teradata	master
17/11/17 07:55	hoxo-m/prophetExt	master
17/11/17 07:06	ujjwalkarn/xda	master
17/11/17 06:35	hoxo-m/prophetExt	master
17/11/17 05:59	ropensci/tabulizer	master
17/11/17 05:59	ropensci/tabulizerjars	master
17/11/17 05:26	hannesmuehleisen/MonetDBLite-R	master
17/11/17 02:46	rstudio/bookdown	master
17/11/17 02:44	hadley/bookdown	master
17/11/17 02:19	PSMD-Psychometrics/psychometricsPSMD	master
17/11/17 02:01	dkahle/ggmap	master
17/11/17 02:00	dkahle/ggmap	master
17/11/17 01:56	dkahle/ggmap	master
17/11/17 01:54	YTLogos/ggmap	master
17/11/17 01:49	swarm-lab/trackR	master
17/11/17 01:47	swarm-lab/videoplayR	master
17/11/17 01:31	swarm-lab/videoplayR	master
17/11/17 00:26	swarm-lab/trackR	master
17/11/17 00:16	shwetapurushe/weaveR	master
17/11/17 00:15	shwetapurushe/weaveR	master
17/11/13 00:57	rstudio/R-Websockets	master
17/11/12 00:57	jchiquet/spring	master
17/11/12 00:55	warnes/fork	master
17/11/12 00:52	fadiphi/cats	master
17/11/12 00:50	kvnkuang/pbmcapply	master
17/11/12 00:50	twitter/AnomalyDetection	master
17/11/12 00:49	robertzk/mappy	master
17/11/12 00:42	lampk/taskeR	master
17/11/12 00:39	MarkSelby1992/RCluster	master
17/11/12 00:37	christinehohensinn/parAL	master
17/11/12 00:33	jlduan/sckits	master
17/11/12 00:29	ECO230/eco230r	master
17/11/12 00:28	wush978/rpvm	master
17/11/12 00:26	kasperdanielhansen/Rgraphviz	master
17/11/12 00:04	greenelab/ADAGEpath	master
17/11/11 00:56	ECO230/eco230r	master
17/11/11 00:55	ECO230/eco230r	master
17/11/11 00:52	ECO230/eco230r	master
17/11/11 00:26	ECO230/eco230r	master
17/11/09 00:10	ECO230/eco230r	master
17/11/08 00:48	yutannihilation/mediumr	master
17/11/08 00:31	ECO230/eco230r	master
17/11/08 00:20	ECO230/eco230r	master
17/11/08 00:14	ECO230/eco230r	master
17/11/03 00:58	ECO230/eco230r	master
17/11/03 00:43	ECO230/eco230r	master
17/11/03 00:19	ECO230/eco230r	master
17/11/01 00:56	ECO230/eco230r	master
17/11/01 00:53	lme4/lme4	master
17/11/01 00:52	ECO230/eco230r	master
17/11/01 00:51	skranz/restorepoint	master
17/11/01 00:14	ECO230/eco230r	master
17/10/31 00:28	bocinsky/paleocar	master
17/10/27 00:59	jennybc/googlesheets	master
17/10/27 00:58	jennybc/googlesheets	master
17/10/27 00:58	jennybc/googlesheets	master
17/10/27 00:58	jennybc/googlesheets	master
17/10/27 00:58	jennybc/googlesheets	master
17/10/27 00:56	vlsci/Analytics	master
17/10/27 00:50	jennybc/googlesheets	master
17/10/27 00:39	jennybc/googlesheets	master
17/10/25 00:23	ajdamico/lodown	master
17/10/23 00:52	ECO230/eco230r	master
17/10/23 00:45	ECO230/eco230r	master
17/10/22 00:53	bradleyboehmke/harrypotter	master
17/10/21 00:49	tidyverse/tidyr	master
17/10/21 00:48	r-lib/boxes	master
17/10/21 00:46	twitter/AnomalyDetection	master
17/10/21 00:45	twitter/AnomalyDetection	master
17/10/20 00:11	BavoDC/CalibrationCurves	master
17/10/18 00:25	mikemeredith/makeJAGSmask	master
