17/11/27 16:46	rstudio/rmarkdown	master
17/11/27 16:44	haozhu233/kableExtra	master
17/11/27 16:43	haozhu233/kableExtra	master
17/11/27 16:42	rstudio/bookdown	master
17/11/27 16:42	rstudio/bookdown	master
17/11/27 16:42	yihui/knitr	master
17/11/27 16:42	yihui/knitr	master
17/11/27 16:41	yihui/knitr	master
17/11/27 16:41	yihui/knitr	master
17/11/27 16:40	RevolutionAnalytics/webapi	master
17/11/27 16:40	rstudio/bookdown	master
17/11/27 16:40	rstudio/bookdown	master
17/11/27 16:16	HajkD/biomartr	master
17/11/27 16:16	ropensci/biomartr	master
17/11/27 15:03	RevolutionAnalytics/dplyrXdf	master
17/11/27 15:03	RevolutionAnalytics/webapi	master
17/11/27 14:57	reptalex/WrightFisher	master
17/11/27 13:46	USGS-R/DVstats	master
17/11/27 13:13	ropensci/tabulizer	master
17/11/27 11:42	USGS-R/smwrQW	master
17/11/27 11:35	USGS-R/smwrStats	master
17/11/27 11:30	USGS-R/smwrGraphs	master
17/11/27 11:30	USGS-R/smwrBase	master
17/11/27 11:24	USGS-R/DVstats	master
17/11/27 10:21	gyang274/ygdashboard	master
17/11/27 09:56	ropensci/tabulizer	master
17/11/27 09:56	leeper/tabulizerjars	master
17/11/27 07:56	ujjwalkarn/xda	master
17/11/27 07:26	hoxo-m/prophetExt	master
17/11/27 06:33	ujjwalkarn/xda	master
17/11/27 05:21	ujjwalkarn/xda	master
17/11/24 00:15	mikemeredith/makeJAGSmask	master
17/11/22 00:40	wencke/wencke.github.io	master
17/11/21 00:03	USGS-R/streamMetabolizer	master
17/11/20 00:47	hannesmuehleisen/MonetDBLite-R	master
17/11/19 00:22	twitter/AnomalyDetection	master
17/11/19 00:21	twitter/AnomalyDetection	master
17/11/17 00:26	swarm-lab/trackR	master
17/11/17 00:16	shwetapurushe/weaveR	master
17/11/17 00:15	shwetapurushe/weaveR	master
17/11/13 00:57	rstudio/R-Websockets	master
17/11/12 00:57	jchiquet/spring	master
17/11/12 00:55	warnes/fork	master
17/11/12 00:52	fadiphi/cats	master
17/11/12 00:50	kvnkuang/pbmcapply	master
17/11/12 00:50	twitter/AnomalyDetection	master
17/11/12 00:49	robertzk/mappy	master
17/11/12 00:42	lampk/taskeR	master
17/11/12 00:39	MarkSelby1992/RCluster	master
17/11/12 00:37	christinehohensinn/parAL	master
17/11/12 00:33	jlduan/sckits	master
17/11/12 00:29	ECO230/eco230r	master
17/11/12 00:28	wush978/rpvm	master
17/11/12 00:26	kasperdanielhansen/Rgraphviz	master
17/11/12 00:04	greenelab/ADAGEpath	master
17/11/11 00:56	ECO230/eco230r	master
17/11/11 00:55	ECO230/eco230r	master
17/11/11 00:52	ECO230/eco230r	master
17/11/11 00:26	ECO230/eco230r	master
17/11/09 00:10	ECO230/eco230r	master
17/11/08 00:48	yutannihilation/mediumr	master
17/11/08 00:31	ECO230/eco230r	master
17/11/08 00:20	ECO230/eco230r	master
17/11/08 00:14	ECO230/eco230r	master
17/11/03 00:58	ECO230/eco230r	master
17/11/03 00:43	ECO230/eco230r	master
17/11/03 00:19	ECO230/eco230r	master
17/11/01 00:56	ECO230/eco230r	master
17/11/01 00:53	lme4/lme4	master
17/11/01 00:52	ECO230/eco230r	master
17/11/01 00:51	skranz/restorepoint	master
17/11/01 00:14	ECO230/eco230r	master
17/10/31 00:28	bocinsky/paleocar	master
