17/04/20 22:28	kalimu/genderizeR	master
17/04/20 18:52	RevolutionAnalytics/checkpoint	master
17/04/20 17:56	mariavica/mircomb	patch-devel
17/04/20 17:50	mariavica/mircomb	patch-devel
17/04/20 17:48	mariavica/mircomb	patch-devel
17/04/20 17:47	mariavica/mircomb	patch-devel
17/04/20 17:45	hadley/rlang	db0f52d4bc91aae3052c4cf9d118f43c86df4e3a
17/04/20 17:42	mariavica/mircomb	patch-devel
17/04/20 17:31	bnosac/taskscheduleR	master
17/04/20 16:32	jkrijthe/Rtsne	master
17/04/20 16:26	trinker/pacman	master
17/04/20 14:02	ujjwalkarn/xda	master
17/04/20 12:55	hms-dbmi/scde	master
17/04/20 11:47	hadley/devtools	master
17/04/20 11:41	hadley/devtools	master
17/04/20 08:46	jeffwong/glmnet	master
17/04/20 07:48	PMassicotte/gtrendsR	master
17/04/20 07:09	Zongzheng/forestSAS	master
17/04/20 06:15	bmschmidt/wordVectors	master
17/04/20 05:53	mukul13/rword2vec	master
17/04/20 05:17	ujjwalkarn/xda	master
17/04/20 05:16	ujjwalkarn/xda	master
17/04/20 05:15	ujjwalkarn/xda	master
17/04/20 04:23	ujjwalkarn/xda	master
