17/11/30 19:40	ha0ye/rEDM	master
17/11/30 19:02	braverock/quantstrat	master
17/11/30 19:01	IlyaKipnis/DSTrading	master
17/11/30 19:00	IlyaKipnis/DSTrading	master
17/11/30 18:59	braverock/quantstrat	master
17/11/30 18:57	braverock/blotter	master
17/11/30 18:52	fcbarbi/ardl	master
17/11/30 18:09	dkahle/ggmap	master
17/11/30 17:09	GegznaV/BioStat	master
17/11/30 14:28	ricardo-bion/ggradar	master
17/11/30 14:18	hoxo-m/prophetExt	master
17/11/30 14:17	hoxo-m/prophetExt	master
17/11/30 13:43	jaredhuling/jcolors	master
17/11/30 13:43	Circular-Data/pnreg	master
17/11/30 13:42	Circular-Data/pnreg	master
17/11/30 10:56	zdealveindy/twinspanR	master
17/11/30 08:54	joshuaulrich/quantmod	144_getFX
17/11/30 07:51	yihui/xaringan	master
17/11/30 03:29	LiangCZhang/Rcess	master
17/11/30 03:29	LiangCZhang/Rcess	master
17/11/30 03:13	gregce/ipify	master
17/11/30 02:18	Logiwo/tabulizer	master
17/11/30 02:18	leeper/tabulizerjars	master
17/11/28 00:47	AndreaCirilloAC/updateR	master
17/11/24 00:15	mikemeredith/makeJAGSmask	master
17/11/22 00:40	wencke/wencke.github.io	master
17/11/21 00:03	USGS-R/streamMetabolizer	master
17/11/20 00:47	hannesmuehleisen/MonetDBLite-R	master
17/11/19 00:22	twitter/AnomalyDetection	master
17/11/19 00:21	twitter/AnomalyDetection	master
17/11/17 00:26	swarm-lab/trackR	master
17/11/17 00:16	shwetapurushe/weaveR	master
17/11/17 00:15	shwetapurushe/weaveR	master
17/11/13 00:57	rstudio/R-Websockets	master
17/11/12 00:57	jchiquet/spring	master
17/11/12 00:55	warnes/fork	master
17/11/12 00:52	fadiphi/cats	master
17/11/12 00:50	kvnkuang/pbmcapply	master
17/11/12 00:50	twitter/AnomalyDetection	master
17/11/12 00:49	robertzk/mappy	master
17/11/12 00:42	lampk/taskeR	master
17/11/12 00:39	MarkSelby1992/RCluster	master
17/11/12 00:37	christinehohensinn/parAL	master
17/11/12 00:33	jlduan/sckits	master
17/11/12 00:29	ECO230/eco230r	master
17/11/12 00:28	wush978/rpvm	master
17/11/12 00:26	kasperdanielhansen/Rgraphviz	master
17/11/12 00:04	greenelab/ADAGEpath	master
17/11/11 00:56	ECO230/eco230r	master
17/11/11 00:55	ECO230/eco230r	master
17/11/11 00:52	ECO230/eco230r	master
17/11/11 00:26	ECO230/eco230r	master
17/11/09 00:10	ECO230/eco230r	master
17/11/08 00:48	yutannihilation/mediumr	master
17/11/08 00:31	ECO230/eco230r	master
17/11/08 00:20	ECO230/eco230r	master
17/11/08 00:14	ECO230/eco230r	master
17/11/03 00:58	ECO230/eco230r	master
17/11/03 00:43	ECO230/eco230r	master
17/11/03 00:19	ECO230/eco230r	master
17/11/01 00:56	ECO230/eco230r	master
17/11/01 00:53	lme4/lme4	master
17/11/01 00:52	ECO230/eco230r	master
17/11/01 00:51	skranz/restorepoint	master
17/11/01 00:14	ECO230/eco230r	master
17/10/31 00:28	bocinsky/paleocar	master
