17/02/22 22:56	datadotworld/data.world-r	master
17/02/22 22:41	bergant/finstr	master
17/02/22 21:15	Gibbsdavidl/CatterPlots	master
17/02/22 21:15	Gibbsdavidl/CatterPlots	master
17/02/22 21:13	Gibbsdavidl/CatterPlots	master
17/02/22 20:06	twitter/AnomalyDetection	master
17/02/22 20:05	sewardlee337/finreportr	master
17/02/22 17:04	hrbrmstr/nominatim	master
17/02/22 13:49	mtennekes/tmaptools	master
17/02/22 13:49	mtennekes/tmap	master
17/02/22 09:42	jennybc/cellranger	master
17/02/22 08:57	jpgattuso/seacarb-git	master
17/02/22 08:33	nolanlab/spade	master
17/02/22 08:09	hadley/multidplyr	master
17/02/22 06:42	imanuelcostigan/RSQLServer	master
17/02/22 05:14	datadotworld/data.world-r	master
17/02/22 04:25	SMAPPNYU/smappR	master
17/02/22 01:41	twitter/AnomalyDetection	master
17/02/18 00:18	clbustos/dominanceAnalysis	master
17/02/17 00:24	hadley/tibble	master
17/02/15 00:43	kazutan/zousan	master
17/02/15 00:42	hoxo-m/githubinstall	master
17/02/14 00:03	StatsWithR/statsr	master
17/02/14 00:00	StatsWithR/statsr	master
17/02/12 00:20	trestletech/plumber	master
17/02/10 00:42	andrewpbray/oilabs	master
17/02/07 00:21	smach/rmiscutils	master
17/02/03 00:56	mlr-org/mlr	xgboost_latest
