17/12/28 11:59	OHDSI/PatientLevelPrediction	master
17/12/28 11:57	cpsievert/colourPalette	master
17/12/28 11:51	cpsievert/colourPalette	master
17/12/28 11:46	OHDSI/PatientLevelPrediction	master
17/12/28 11:43	cpsievert/colourPalette	master
17/12/28 11:19	tidyverse/dplyr	master
17/12/28 11:19	cpsievert/colourPalette	master
17/12/28 11:19	tidyverse/dplyr	master
17/12/28 11:19	eugeniaeueu/Onassis	devel
17/12/28 11:12	OHDSI/PatientLevelPrediction	master
17/12/28 11:11	Jean-Romain/lidR	master
17/12/28 11:10	cpsievert/colourPalette	master
17/12/28 11:02	pacificclimate/Rudunits2	master
17/12/28 11:01	r-quantities/units	master
17/12/28 11:01	r-spatial/sf	master
17/12/28 11:00	r-spatial/mapview	master
17/12/28 10:58	Jean-Romain/lidR	master
17/12/28 10:55	OHDSI/PatientLevelPrediction	master
17/12/28 10:21	igraph/rigraph	master
17/12/28 08:29	mannau/tm.plugin.sentiment	master
17/12/28 08:04	mannau/tm.plugin.sentiment	master
17/12/28 07:16	mannau/tm.plugin.sentiment	master
17/12/28 07:12	mannau/tm.plugin.sentiment	master
17/12/28 07:11	mannau/tm.plugin.sentiment	master
17/12/28 00:25	IQSS/Zelig	master
17/12/27 00:02	tomvar/bundling	master
17/12/17 00:55	ujjwalkarn/xda	master
17/12/16 00:24	ColtoCaro/compMS	master
17/12/15 00:59	crsh/papaja	master
17/12/15 00:57	crsh/papaja	master
17/12/15 00:56	crsh/papaja	master
17/12/14 00:22	tlafarge/alphashape3d	master
17/12/14 00:11	tlafarge/alphashape3d	master
17/12/13 00:38	hrbrmstr/nominatim	master
17/12/12 00:54	BioStatMatt/sas7bdat.parso	master
17/12/12 00:53	BioStatMatt/sas7bdat.parso	master
17/12/12 00:50	BioStatMatt/sas7bdat.parso	master
17/12/12 00:45	BioStatMatt/sas7bdat.parso	master
17/12/07 00:29	gvegayon/twitterreport	master
17/12/07 00:27	gvegayon/twitterreport	master
17/12/07 00:20	seanchrismurphy/twtools	master
17/12/07 00:16	seanchrismurphy/twtools	master
17/12/07 00:15	seanchrismurphy/twtools	master
17/12/01 00:37	yihui/xaringan	master
17/12/01 00:23	dragua/xlsx	master
17/12/01 00:09	andrewpbray/oilabs	master
17/11/28 00:47	AndreaCirilloAC/updateR	master
