17/07/12 15:54	luca-scr/qcc	master
17/07/12 15:37	hadley/tidyverse	master
17/07/12 15:33	R-Finance/quantstrat	master
17/07/12 15:33	R-Finance/blotter	master
17/07/12 14:30	mikemeredith/makeJAGSmask	master
17/07/12 13:45	rmcelreath/glmer2stan	master
17/07/12 12:39	mlr-org/mlr	master
17/07/12 12:38	ujjwalkarn/xda	master
17/07/12 11:52	ujjwalkarn/xda	master
17/07/12 10:23	talgalili/installr	master
17/07/12 10:22	talgalili/installr	master
17/07/12 08:12	rstats-db/RSQLite	v1.1-2
17/07/12 08:02	hrbrmstr/nominatim	master
17/07/12 07:47	rstudio/sparklyr	8c45a97
17/07/12 07:28	IlyaKipnis/DSTrading	master
17/07/12 07:25	IlyaKipnis/DSTrading	master
17/07/12 07:22	braverock/quantstrat	master
17/07/12 07:06	IlyaKipnis/DSTrading	master
17/07/12 07:04	IlyaKipnis/DSTrading	master
17/07/12 06:08	IlyaKipnis/DSTrading	master
17/07/12 04:47	tidyverse/tidyverse	master
17/07/12 04:04	luca-scr/qcc	master
17/07/12 02:27	pablobarbera/scholarnetwork	master
17/07/12 02:26	pablobarbera/scholarnetwork	master
17/07/12 02:26	pablobarbera/scholarnetwork	master
17/07/12 02:26	pablobarbera/scholarnetwork	master
17/07/12 02:14	joey711/phyloseq	master
