17/11/16 22:27	USGS-R/streamMetabolizer	master
17/11/16 22:21	rstudio/tufte	master
17/11/16 22:19	hrbrmstr/markdowntemplates	master
17/11/16 22:18	rstudio/rticles	master
17/11/16 22:18	rstudio/rticles	master
17/11/16 22:02	langdoc/FRelan	master
17/11/16 21:43	OHDSI/FeatureExtraction	9838461d4f3c3efc56dc3159cd7169a4c9549822
17/11/16 21:42	OHDSI/DatabaseConnector	73c453a2580d32f57183a72bd53ea7f2d7f6db4c
17/11/16 21:21	OHDSI/FeatureExtraction	9838461d4f3c3efc56dc3159cd7169a4c9549822
17/11/16 21:21	OHDSI/DatabaseConnector	73c453a2580d32f57183a72bd53ea7f2d7f6db4c
17/11/16 21:20	OHDSI/FeatureExtraction	9838461d4f3c3efc56dc3159cd7169a4c9549822
17/11/16 21:19	OHDSI/DatabaseConnector	73c453a2580d32f57183a72bd53ea7f2d7f6db4c
17/11/16 21:16	OHDSI/FeatureExtraction	9838461d4f3c3efc56dc3159cd7169a4c9549822
17/11/16 21:15	OHDSI/DatabaseConnector	73c453a2580d32f57183a72bd53ea7f2d7f6db4c
17/11/16 21:13	OHDSI/FeatureExtraction	9838461d4f3c3efc56dc3159cd7169a4c9549822
17/11/16 21:13	OHDSI/DatabaseConnector	73c453a2580d32f57183a72bd53ea7f2d7f6db4c
17/11/16 21:10	OHDSI/FeatureExtraction	9838461d4f3c3efc56dc3159cd7169a4c9549822
17/11/16 21:08	OHDSI/DatabaseConnector	73c453a2580d32f57183a72bd53ea7f2d7f6db4c
17/11/16 21:04	OHDSI/DatabaseConnector	73c453a2580d32f57183a72bd53ea7f2d7f6db4c
17/11/16 19:49	jashubbard/itrackR	master
17/11/16 18:47	lshep/BiocGenerics	master
17/11/16 18:47	Bioconductor/S4Vectors	master
17/11/16 18:45	nturaga/BiocGenerics	master
17/11/16 18:45	nturaga/BiocGenerics	master
17/11/16 18:45	nturaga/BiocGenerics	master
17/11/16 18:44	Bioconductor/S4Vectors	master
17/11/16 18:43	schifferl/BiocGenerics	master
17/11/16 18:43	Bioconductor/BiocGenerics	master
17/11/16 17:16	bradleyboehmke/anomalyDetection	master
17/11/16 16:21	Dahaniel/DoOR.functions	master
17/11/16 16:20	Dahaniel/DoOR.data	master
17/11/16 16:19	Shians/Glimma	master
17/11/16 16:18	Bioconductor/BiocGenerics	master
17/11/16 16:17	tgirke/longevityTools	master
17/11/16 16:11	tomvar/bundling	master
17/11/16 15:27	yrosseel/lavaan	master
17/11/16 14:56	yrosseel/lavaan	master
17/11/16 14:52	twitter/AnomalyDetection	master
17/11/16 14:50	yrosseel/lavaan	master
17/11/16 14:47	yrosseel/lavaan	master
17/11/16 14:42	duthedd/ggplot2	master
17/11/16 14:26	kassambara/r2excel	master
17/11/16 14:26	kassambara/r2excel	master
17/11/16 14:25	kassambara/r2excel	master
17/11/16 14:24	yrosseel/lavaan	master
17/11/16 14:07	yrosseel/lavaan	master
17/11/16 14:06	yrosseel/lavaan	master
17/11/16 14:05	yrosseel/lavaan	master
17/11/16 11:19	mariavica/mircomb	master
17/11/16 10:16	hoxo-m/bayesopt	master
17/11/16 10:10	hoxo-m/pforeach	master
17/11/16 09:25	gbm-developers/gbm	master
17/11/16 09:00	trinker/pacman	master
17/11/16 08:59	fkeck/subtools	master
17/11/16 08:45	BillPetti/baseballr	master
17/11/16 08:38	BillPetti/baseballr	master
17/11/16 07:16	twitter/AnomalyDetection	master
17/11/16 05:45	statsmaths/matter	master
17/11/16 05:44	statsmaths/matter	master
17/11/16 04:37	att/graphviz	master
17/11/16 04:36	att/graphviz	master
17/11/16 03:29	juliasilge/tidytext	master
17/11/16 03:28	jfisher-usgs/Trends	master
17/11/16 03:28	jfisher-usgs/RNWIS	master
17/11/16 03:28	USGS-R/repgen	master
17/11/16 03:28	jfisher-usgs/ObsNetwork	master
17/11/16 03:26	jfisher-usgs/ObsNetWQ	master
17/11/16 03:26	twitter/AnomalyDetection	master
17/11/16 03:24	hadley/tidyverse	master
17/11/16 01:51	mikelove/DESeq2	v1.14.1
17/11/16 01:50	mikelove/DESeq2	1.14.1
17/11/16 01:37	KeachMurakami/pri	master
17/11/16 01:24	ropensci/tabulizer	master
17/11/16 01:22	ropensci/tabulizerjars	master
17/11/16 01:12	rstudio/htmltools	master
17/11/16 01:11	rstudio/shiny	master
17/11/13 00:57	rstudio/R-Websockets	master
17/11/12 00:57	jchiquet/spring	master
17/11/12 00:55	warnes/fork	master
17/11/12 00:52	fadiphi/cats	master
17/11/12 00:50	kvnkuang/pbmcapply	master
17/11/12 00:50	twitter/AnomalyDetection	master
17/11/12 00:49	robertzk/mappy	master
17/11/12 00:42	lampk/taskeR	master
17/11/12 00:39	MarkSelby1992/RCluster	master
17/11/12 00:37	christinehohensinn/parAL	master
17/11/12 00:33	jlduan/sckits	master
17/11/12 00:29	ECO230/eco230r	master
17/11/12 00:28	wush978/rpvm	master
17/11/12 00:26	kasperdanielhansen/Rgraphviz	master
17/11/12 00:04	greenelab/ADAGEpath	master
17/11/11 00:56	ECO230/eco230r	master
17/11/11 00:55	ECO230/eco230r	master
17/11/11 00:52	ECO230/eco230r	master
17/11/11 00:26	ECO230/eco230r	master
17/11/09 00:10	ECO230/eco230r	master
17/11/08 00:48	yutannihilation/mediumr	master
17/11/08 00:31	ECO230/eco230r	master
17/11/08 00:20	ECO230/eco230r	master
17/11/08 00:14	ECO230/eco230r	master
17/11/03 00:58	ECO230/eco230r	master
17/11/03 00:43	ECO230/eco230r	master
17/11/03 00:19	ECO230/eco230r	master
17/11/01 00:56	ECO230/eco230r	master
17/11/01 00:53	lme4/lme4	master
17/11/01 00:52	ECO230/eco230r	master
17/11/01 00:51	skranz/restorepoint	master
17/11/01 00:14	ECO230/eco230r	master
17/10/31 00:28	bocinsky/paleocar	master
17/10/27 00:59	jennybc/googlesheets	master
17/10/27 00:58	jennybc/googlesheets	master
17/10/27 00:58	jennybc/googlesheets	master
17/10/27 00:58	jennybc/googlesheets	master
17/10/27 00:58	jennybc/googlesheets	master
17/10/27 00:56	vlsci/Analytics	master
17/10/27 00:50	jennybc/googlesheets	master
17/10/27 00:39	jennybc/googlesheets	master
17/10/25 00:23	ajdamico/lodown	master
17/10/23 00:52	ECO230/eco230r	master
17/10/23 00:45	ECO230/eco230r	master
17/10/22 00:53	bradleyboehmke/harrypotter	master
17/10/21 00:49	tidyverse/tidyr	master
17/10/21 00:48	r-lib/boxes	master
17/10/21 00:46	twitter/AnomalyDetection	master
17/10/21 00:45	twitter/AnomalyDetection	master
17/10/20 00:11	BavoDC/CalibrationCurves	master
17/10/18 00:25	mikemeredith/makeJAGSmask	master
17/10/17 00:36	hoxo-m/prophetExt	master
17/10/17 00:17	rstudio/rmarkdown	master
17/10/17 00:15	ymattu/MlBayesOpt	master
17/10/17 00:11	yutannihilation/kokudosuuchi	master
17/10/17 00:06	hoxo-m/prophetExt	master
17/10/17 00:00	yutannihilation/kokudosuuchi	master
