17/08/03 20:59	mlr-org/mlr	forecasting
17/08/03 20:57	hadley/reshape	master
17/08/03 20:52	vincentarelbundock/countrycode	master
17/08/03 20:17	42n4/fUnitRoots	master
17/08/03 19:21	WillemPaling/RDoubleClick	master
17/08/03 18:25	42n4/fUnitRoots	master
17/08/03 18:24	42n4/fUnitRoots	master
17/08/03 18:13	yoni/r_we_the_people	master
17/08/03 18:11	42n4/fUnitRoots	master
17/08/03 18:09	42n4/fUnitRoots	master
17/08/03 18:07	42n4/fUnitRoots	master
17/08/03 18:07	yoni/r_we_the_people	master
17/08/03 17:53	42n4/fUnitRoots	master
17/08/03 17:48	42n4/fUnitRoots	master
17/08/03 17:44	kosugitti/bmds	master
17/08/03 17:39	kosugitti/bmds	master
17/08/03 17:37	kmcconeghy/MDS	master
17/08/03 16:39	42n4/fUnitRoots	master
17/08/03 16:37	42n4/fUnitRoots	master
17/08/03 16:37	42n4/fUnitRoots	master
17/08/03 16:28	42n4/fUnitRoots	master
17/08/03 15:30	braverock/blotter	master
17/08/03 15:20	braverock/blotter	master
17/08/03 14:43	hrbrmstr/streamgraph	master
17/08/03 14:23	yoni/r_we_the_people	master
17/08/03 13:18	hrbrmstr/nominatim	master
17/08/03 12:26	rstudio/rmdexamples	master
17/08/03 10:03	rstudio/rmdexamples	master
17/08/03 09:26	Chen-Chaozong/extraTechInds	master
17/08/03 09:24	braverock/quantstrat	master
17/08/03 09:20	braverock/blotter	master
17/08/03 09:18	braverock/blotter	master
17/08/03 09:13	pierrejacob/winference	master
17/08/03 09:05	braverock/blotter	master
17/08/03 02:23	hrbrmstr/albersusa	master
