17/11/29 21:37	R-Finance/quantmod	master
17/11/29 21:36	joshuaulrich/quantmod	master
17/11/29 19:16	joshuaulrich/quantmod	master
17/11/29 18:42	mdijkstracpb/tsview	master
17/11/29 18:42	R-Finance/blotter	master
17/11/29 18:41	mdijkstracpb/tsview	master
17/11/29 18:41	R-Finance/blotter	master
17/11/29 18:41	mdijkstracpb/tsview	master
17/11/29 18:40	R-Finance/blotter	master
17/11/29 18:31	mdijkstracpb/tsview	master
17/11/29 17:43	braverock/blotter	master
17/11/29 17:41	hadley/ggplot2	master
17/11/29 17:40	duthedd/ggplot2	master
17/11/29 17:40	R-Finance/blotter	master
17/11/29 17:33	R-Finance/blotter	master
17/11/29 17:32	mdijkstracpb/tsview	master
17/11/29 17:09	hrbrmstr/albersusa	master
17/11/29 17:00	mdijkstracpb/tsview	master
17/11/29 15:14	ropensci/plotly	3aef2d4f13
17/11/29 12:27	Bioconductor/BiocInstaller_release	master
17/11/29 12:26	Bioconductor/BiocInstaller_release	master
17/11/29 12:25	Bioconductor/BiocInstaller_release	master
17/11/29 12:23	Bioconductor/BiocInstaller_release	master
17/11/29 11:42	tomvar/bundling	master
17/11/29 11:31	tidyverse/ggplot2	
17/11/29 10:08	tidyverse/ggplot2	sf
17/11/29 06:49	ujjwalkarn/xda	master
17/11/29 06:15	ropensci/tabulizerjars	master
17/11/29 06:10	ujjwalkarn/xda	master
17/11/29 05:54	trinker/gmailR	master
17/11/29 05:03	xslates/theme_x	master
17/11/29 05:01	hoxo-m/prophetExt	master
17/11/29 05:00	hoxo-m/prophetExt	master
17/11/29 04:32	gbm-developers/gbm	master
17/11/29 04:30	hoxo-m/prophetExt	master
17/11/29 04:29	gbm-developers/gbm	master
17/11/29 04:29	gbm-developers/gbm	master
17/11/29 04:11	twitter/AnomalyDetection	master
17/11/29 04:04	twitter/AnomalyDetection	master
17/11/29 03:59	twitter/AnomalyDetection	master
17/11/29 02:36	vmonaco/transfer-encoder	master
17/11/29 02:19	JohnCoene/echarts	master
17/11/29 02:17	JohnCoene/echarts	master
17/11/28 00:47	AndreaCirilloAC/updateR	master
17/11/24 00:15	mikemeredith/makeJAGSmask	master
17/11/22 00:40	wencke/wencke.github.io	master
17/11/21 00:03	USGS-R/streamMetabolizer	master
17/11/20 00:47	hannesmuehleisen/MonetDBLite-R	master
17/11/19 00:22	twitter/AnomalyDetection	master
17/11/19 00:21	twitter/AnomalyDetection	master
17/11/17 00:26	swarm-lab/trackR	master
17/11/17 00:16	shwetapurushe/weaveR	master
17/11/17 00:15	shwetapurushe/weaveR	master
17/11/13 00:57	rstudio/R-Websockets	master
17/11/12 00:57	jchiquet/spring	master
17/11/12 00:55	warnes/fork	master
17/11/12 00:52	fadiphi/cats	master
17/11/12 00:50	kvnkuang/pbmcapply	master
17/11/12 00:50	twitter/AnomalyDetection	master
17/11/12 00:49	robertzk/mappy	master
17/11/12 00:42	lampk/taskeR	master
17/11/12 00:39	MarkSelby1992/RCluster	master
17/11/12 00:37	christinehohensinn/parAL	master
17/11/12 00:33	jlduan/sckits	master
17/11/12 00:29	ECO230/eco230r	master
17/11/12 00:28	wush978/rpvm	master
17/11/12 00:26	kasperdanielhansen/Rgraphviz	master
17/11/12 00:04	greenelab/ADAGEpath	master
17/11/11 00:56	ECO230/eco230r	master
17/11/11 00:55	ECO230/eco230r	master
17/11/11 00:52	ECO230/eco230r	master
17/11/11 00:26	ECO230/eco230r	master
17/11/09 00:10	ECO230/eco230r	master
17/11/08 00:48	yutannihilation/mediumr	master
17/11/08 00:31	ECO230/eco230r	master
17/11/08 00:20	ECO230/eco230r	master
17/11/08 00:14	ECO230/eco230r	master
17/11/03 00:58	ECO230/eco230r	master
17/11/03 00:43	ECO230/eco230r	master
17/11/03 00:19	ECO230/eco230r	master
17/11/01 00:56	ECO230/eco230r	master
17/11/01 00:53	lme4/lme4	master
17/11/01 00:52	ECO230/eco230r	master
17/11/01 00:51	skranz/restorepoint	master
17/11/01 00:14	ECO230/eco230r	master
17/10/31 00:28	bocinsky/paleocar	master
