17/12/22 21:15	hadley/dplyr	master
17/12/22 20:55	Mouse-Imaging-Centre/RMINC	master
17/12/22 20:52	dlebauer/lebauer2010ldr	master
17/12/22 20:52	aiminy/aiminy.github.io	master
17/12/22 20:51	Mouse-Imaging-Centre/RMINC	master
17/12/22 20:23	Rdatatable/data.table	master
17/12/22 20:18	Rdatatable/data.table	ecde63b524d995469602313d7ccb8f51276287e4
17/12/22 20:14	rafalab/rafalib	master
17/12/22 20:13	HenrikBengtsson/matrixStats	master
17/12/22 20:10	Rdatatable/data.table	ecde63b524d995469602313d7ccb8f51276287e4
17/12/22 20:00	NikNakk/snpStats	master
17/12/22 19:56	Rdatatable/data.table	ecde63b524d995469602313d7ccb8f51276287e4
17/12/22 19:54	Rdatatable/data.table	ecde63b524d995469602313d7ccb8f51276287e4
17/12/22 19:43	tomvar/bundling	master
17/12/22 18:04	NVE/fitdistrib	master
17/12/22 17:56	Shians/Glimma	master
17/12/22 17:38	Shians/Glimma	master
17/12/22 17:30	richierocks/limma2	master
17/12/22 16:23	mariavica/mircomb	master
17/12/22 15:50	genomicsclass/ph525x	master
17/12/22 15:43	topepo/caret	master
17/12/22 15:35	topepo/caret	master
17/12/22 13:14	yihui/knitr	master
17/12/22 12:15	kazutan/zousan	master
17/12/22 12:13	mkearney/rtweet	master
17/12/22 11:16	INSP-RH/weightR	master
17/12/22 09:44	ujjwalkarn/xda	master
17/12/22 09:24	openanalytics/redmineR	master
17/12/17 00:55	ujjwalkarn/xda	master
17/12/16 00:24	ColtoCaro/compMS	master
17/12/15 00:59	crsh/papaja	master
17/12/15 00:57	crsh/papaja	master
17/12/15 00:56	crsh/papaja	master
17/12/14 00:22	tlafarge/alphashape3d	master
17/12/14 00:11	tlafarge/alphashape3d	master
17/12/13 00:38	hrbrmstr/nominatim	master
17/12/12 00:54	BioStatMatt/sas7bdat.parso	master
17/12/12 00:53	BioStatMatt/sas7bdat.parso	master
17/12/12 00:50	BioStatMatt/sas7bdat.parso	master
17/12/12 00:45	BioStatMatt/sas7bdat.parso	master
17/12/07 00:29	gvegayon/twitterreport	master
17/12/07 00:27	gvegayon/twitterreport	master
17/12/07 00:20	seanchrismurphy/twtools	master
17/12/07 00:16	seanchrismurphy/twtools	master
17/12/07 00:15	seanchrismurphy/twtools	master
17/12/01 00:37	yihui/xaringan	master
17/12/01 00:23	dragua/xlsx	master
17/12/01 00:09	andrewpbray/oilabs	master
17/11/28 00:47	AndreaCirilloAC/updateR	master
17/11/24 00:15	mikemeredith/makeJAGSmask	master
17/11/22 00:40	wencke/wencke.github.io	master
