17/12/27 20:39	hkumar6/gene.expression	master
17/12/27 17:44	hadley/readxl	master
17/12/27 17:34	hadley/readxl	master
17/12/27 17:12	tiagomendesdantas/Rspotify	master
17/12/27 17:00	yjalbert/shinydashboard	master
17/12/27 16:59	rstudio/shinydashboard	master
17/12/27 16:58	rweyant/spotifyr	master
17/12/27 16:50	rstudio/leaflet	master
17/12/27 16:33	rstudio/leaflet	master
17/12/27 16:32	daattali/colourpicker	master
17/12/27 16:32	spedygiorgio/mbbefd	master
17/12/27 16:25	spedygiorgio/mbbefd	master
17/12/27 16:24	jrowen/rhandsontable	master
17/12/27 16:23	rstudio/DT	master
17/12/27 16:14	rstudio/DT	master
17/12/27 16:11	jrowen/rhandsontable	master
17/12/27 16:10	rstudio/DT	master
17/12/27 16:06	rstudio/rsconnect	master
17/12/27 16:01	rstudio/shinydashboard	master
17/12/27 15:55	twitter/AnomalyDetection	master
17/12/27 14:55	khufkens/daymetr	master
17/12/27 14:17	khufkens/daymetr	master
17/12/27 12:18	Bioconductor/bioDist	master
17/12/27 11:14	keepsimpler/QuantR	master
17/12/27 11:13	gmonaie/Quant	master
17/12/27 11:12	adalau/Quant	master
17/12/27 11:09	bbuchsbaum/rMVPA	master
17/12/27 11:09	tomvar/bundling	master
17/12/27 11:05	angelgar/voxel	master
17/12/27 10:59	angelgar/voxel	master
17/12/27 10:59	bbuchsbaum/rMVPA	master
17/12/27 10:57	bbuchsbaum/rMVPA	master
17/12/27 06:30	uribo/jpndistrict	add_light_rds
17/12/27 02:38	ujjwalkarn/xda	master
17/12/27 02:16	ujjwalkarn/xda	master
17/12/27 02:05	Bioconductor/BiocGenerics	master
17/12/27 02:03	ujjwalkarn/xda	master
17/12/27 01:53	ujjwalkarn/xda	master
17/12/27 01:53	ujjwalkarn/xda	master
17/12/27 01:50	ujjwalkarn/xda	master
17/12/27 01:24	ujjwalkarn/xda	master
17/12/27 01:11	ujjwalkarn/xda	master
17/12/27 00:02	tomvar/bundling	master
17/12/17 00:55	ujjwalkarn/xda	master
17/12/16 00:24	ColtoCaro/compMS	master
17/12/15 00:59	crsh/papaja	master
17/12/15 00:57	crsh/papaja	master
17/12/15 00:56	crsh/papaja	master
17/12/14 00:22	tlafarge/alphashape3d	master
17/12/14 00:11	tlafarge/alphashape3d	master
17/12/13 00:38	hrbrmstr/nominatim	master
17/12/12 00:54	BioStatMatt/sas7bdat.parso	master
17/12/12 00:53	BioStatMatt/sas7bdat.parso	master
17/12/12 00:50	BioStatMatt/sas7bdat.parso	master
17/12/12 00:45	BioStatMatt/sas7bdat.parso	master
17/12/07 00:29	gvegayon/twitterreport	master
17/12/07 00:27	gvegayon/twitterreport	master
17/12/07 00:20	seanchrismurphy/twtools	master
17/12/07 00:16	seanchrismurphy/twtools	master
17/12/07 00:15	seanchrismurphy/twtools	master
17/12/01 00:37	yihui/xaringan	master
17/12/01 00:23	dragua/xlsx	master
17/12/01 00:09	andrewpbray/oilabs	master
17/11/28 00:47	AndreaCirilloAC/updateR	master
