17/07/14 18:06	vegandevs/vegan	master
17/07/14 15:51	Chen-Chaozong/extraTechInds	master
17/07/14 14:50	braverock/quantstrat	master
17/07/14 14:11	braverock/blotter	master
17/07/14 14:10	braverock/FinancialInstrument	master
17/07/14 13:57	ropensci/tabulizer	master
17/07/14 13:57	leeper/tabulizerjars	master
17/07/14 13:54	leeper/tabulizer	master
17/07/14 13:54	leeper/tabulizerjars	master
17/07/14 13:53	leeper/tabulizer	master
17/07/14 13:53	leeper/tabulizerjars	master
17/07/14 13:28	yangjl/imputeR	master
17/07/14 13:26	yangjl/imputeR	master
17/07/14 12:14	kazutan/zousan	master
17/07/14 12:09	kazutan/tubeplayR	master
17/07/14 10:16	braverock/blotter	master
17/07/14 10:08	walkerke/bsselectR	master
17/07/14 10:04	joshuaulrich/TTR	master
17/07/14 10:04	joshuaulrich/TTR	master
17/07/14 10:03	yixuan/showtext	master
17/07/14 10:03	yixuan/sysfonts	master
17/07/14 08:56	talgalili/heatmaply	side_color_layers
17/07/14 08:37	joshuaulrich/xts	master
17/07/14 08:24	RcppCore/Rcpp	master
17/07/14 08:22	RcppCore/Rcpp	master
17/07/14 07:57	RevolutionAnalytics/webapi	master
17/07/14 07:52	statsmaths/hbase	master
17/07/14 07:51	prestodb/RPresto	master
17/07/14 07:51	statsmaths/hbase	master
17/07/14 07:46	statsmaths/hbase	master
17/07/14 07:44	prestodb/RPresto	master
17/07/14 07:39	ujjwalkarn/xda	master
17/07/14 06:50	yihui/recharts	master
17/07/14 06:20	prestodb/RPresto	master
