17/07/31 18:49	JohnNay/sa	master
17/07/31 18:48	twitter/AnomalyDetection	master
17/07/31 18:36	loicdtx/bfastSpatial	master
17/07/31 18:35	dutri001/bfastSpatial	master
17/07/31 18:34	loicdtx/bfastSpatial	master
17/07/31 18:34	loicdtx/bfastSpatial	master
17/07/31 17:32	cbg-ethz/TiMEx	master
17/07/31 17:30	twitter/AnomalyDetection	master
17/07/31 13:40	Caleb-Huo/RRHO2	master
17/07/31 13:32	cbg-ethz/TiMEx	master
17/07/31 13:27	cbg-ethz/TiMEx	master
17/07/31 12:11	tidyverse/rlang	master
17/07/31 12:10	tidyverse/rlang	master
17/07/31 12:09	hadley/rlang	master
17/07/31 12:03	hadley/scales	master
17/07/31 12:02	hadley/scales	master
17/07/31 12:01	hadley/tidyverse	master
17/07/31 10:54	dkaschek/blotIt2	master
17/07/31 10:53	BioStatMatt/sas7bdat.parso	master
17/07/31 10:53	dkaschek/blotIt2	master
17/07/31 10:45	BioStatMatt/sas7bdat.parso	master
17/07/31 09:59	BioStatMatt/sas7bdat.parso	master
17/07/31 09:41	BioStatMatt/sas7bdat.parso	master
17/07/31 09:39	BioStatMatt/sas7bdat.parso	master
17/07/31 07:34	hadley/xml2	master
17/07/31 02:01	ujjwalkarn/xda	master
17/07/31 01:06	JoshuaSlocum/kagglr	master
17/07/31 01:06	andrewsali/kaggle	master
