17/09/26 11:59	jcheng5/bubbles	master
17/09/26 11:59	karthikl6/d3bubbles2	master
17/09/26 11:59	timelyportfolio/d3treeR	master
17/09/26 11:58	karthikl6/d3bubbles2	master
17/09/26 11:58	jcheng5/bubbles	master
17/09/26 11:58	karthikl6/d3bubbles2	master
17/09/26 11:58	timelyportfolio/d3treeR	master
17/09/26 11:57	karthikl6/d3bubbles2	master
17/09/26 11:57	jcheng5/bubbles	master
17/09/26 11:57	karthikl6/d3bubbles2	master
17/09/26 11:57	timelyportfolio/d3treeR	master
17/09/26 11:56	timelyportfolio/d3treeR	master
17/09/26 11:56	ropensci/tabulizer	master
17/09/26 11:55	johnbaums/hues	master
17/09/26 11:54	ropensci/tabulizerjars	master
17/09/26 11:39	ropensci/tabulizer	master
17/09/26 11:37	ropensci/tabulizerjars	master
17/09/26 11:02	leeper/tabulizer	master
17/09/26 11:02	leeper/tabulizerjars	master
17/09/26 10:49	ropensci/tabulizer	master
17/09/26 10:48	ropensci/tabulizerjars	master
17/09/26 10:30	IRkernel/IRkernel	master
17/09/26 10:29	ropensci/tabulizer	master
17/09/26 10:29	ropensci/tabulizerjars	master
17/09/26 10:26	IRkernel/IRkernel	master
17/09/26 10:05	ujjwalkarn/xda	master
17/09/26 09:32	PMassicotte/gtrendsR	master
17/09/26 08:03	gboris/drat	master
17/09/26 05:39	cloudyr/aws.ec2metadata	master
17/09/26 05:33	akzaidi/SparkR	master
17/09/26 04:24	maksimhorowitz/nflscrapR	master
17/09/26 03:57	twitter/AnomalyDetection	master
17/09/26 03:52	twitter/AnomalyDetection	master
17/09/26 02:55	vertica/vertica.dplyr	master
17/09/26 02:54	vertica/vertica.dplyr	master
17/09/26 02:45	vertica/vertica.dplyr	master
17/09/26 02:39	twitter/AnomalyDetection	master
17/09/26 02:37	uzhao/vertica.dplyr	master
17/09/26 02:30	vertica/vertica.dplyr	master
17/09/26 02:30	vertica/vertica.dplyr	master
17/09/26 01:54	vertica/vertica.dplyr	master
