17/02/13 22:28	dgrtwo/gganimate	74322c4
17/02/13 22:26	dgrtwo/gganimate	9739853
17/02/13 22:12	dgrtwo/gganimate	26ec501
17/02/13 22:00	dgrtwo/gganimate	26ec501
17/02/13 21:53	dgrtwo/gganimate	26ec501
17/02/13 21:49	dgrtwo/gganimate	26ec501
17/02/13 21:18	rvidgen/clr	master
17/02/13 20:29	rvidgen/clr	master
17/02/13 20:25	rvidgen/clr	master
17/02/13 20:18	rvidgen/clr	master
17/02/13 20:05	rvidgen/clr	master
17/02/13 16:48	satijalab/seurat	master
17/02/13 16:46	twitter/AnomalyDetection	master
17/02/13 16:46	twitter/AnomalyDetection	master
17/02/13 16:46	twitter/AnomalyDetection	master
17/02/13 13:39	mclements/rstpm2	develop
17/02/13 13:36	rstudio/R-Websockets	master
17/02/13 11:32	gregmacfarlane/omxr	master
17/02/13 06:10	yihui/xaringan	master
17/02/13 02:54	arcaravaggi/remBoot	master
17/02/12 00:20	trestletech/plumber	master
17/02/10 00:42	andrewpbray/oilabs	master
17/02/07 00:21	smach/rmiscutils	master
17/02/03 00:56	mlr-org/mlr	xgboost_latest
