17/12/29 08:59	OHDSI/FeatureExtraction	master
17/12/29 08:55	OHDSI/DatabaseConnector	master
17/12/29 08:54	OHDSI/FeatureExtraction	master
17/12/29 08:33	ropensci/tabulizer	master
17/12/29 08:33	OHDSI/DatabaseConnector	master
17/12/29 08:33	ropensci/tabulizerjars	master
17/12/29 08:32	OHDSI/FeatureExtraction	master
17/12/29 08:32	OHDSI/FeatureExtraction	master
17/12/29 08:29	OHDSI/FeatureExtraction	master
17/12/29 08:29	ropensci/tabulizerjars	master
17/12/29 08:29	OHDSI/FeatureExtraction	master
17/12/29 08:25	ropensci/tabulizerjars	master
17/12/29 08:24	ropensci/tabulizerjars	master
17/12/29 08:22	ropensci/tabulizerjars	master
17/12/29 08:17	ropensci/tabulizer	master
17/12/29 08:17	ropensci/tabulizerjars	master
17/12/29 08:16	ropensci/tabulizer	master
17/12/29 08:16	ropensci/tabulizerjars	master
17/12/29 08:14	ropensci/tabulizer	master
17/12/29 08:13	ropensci/tabulizerjars	master
17/12/29 06:28	jcheng5/googleCharts	master
17/12/29 06:26	amirms/ITMViz	master
17/12/29 06:23	amirms/ITM	master
17/12/28 00:25	IQSS/Zelig	master
17/12/27 00:02	tomvar/bundling	master
17/12/17 00:55	ujjwalkarn/xda	master
17/12/16 00:24	ColtoCaro/compMS	master
17/12/15 00:59	crsh/papaja	master
17/12/15 00:57	crsh/papaja	master
17/12/15 00:56	crsh/papaja	master
17/12/14 00:22	tlafarge/alphashape3d	master
17/12/14 00:11	tlafarge/alphashape3d	master
17/12/13 00:38	hrbrmstr/nominatim	master
17/12/12 00:54	BioStatMatt/sas7bdat.parso	master
17/12/12 00:53	BioStatMatt/sas7bdat.parso	master
17/12/12 00:50	BioStatMatt/sas7bdat.parso	master
17/12/12 00:45	BioStatMatt/sas7bdat.parso	master
17/12/07 00:29	gvegayon/twitterreport	master
17/12/07 00:27	gvegayon/twitterreport	master
17/12/07 00:20	seanchrismurphy/twtools	master
17/12/07 00:16	seanchrismurphy/twtools	master
17/12/07 00:15	seanchrismurphy/twtools	master
17/12/01 00:37	yihui/xaringan	master
17/12/01 00:23	dragua/xlsx	master
17/12/01 00:09	andrewpbray/oilabs	master
