17/10/15 06:53	okugami79/sentiment140	master
17/10/15 06:53	okugami79/sentiment140	master
17/10/15 06:52	okugami79/sentiment140	master
17/10/15 06:50	okugami79/sentiment140	master
17/10/15 06:19	topepo/caret	master
17/10/15 02:45	IRkernel/IRkernel	master
17/10/07 00:52	kerguler/Barnard	master
17/10/07 00:45	kerguler/Barnard	master
17/10/07 00:42	kerguler/Barnard	master
17/10/04 00:23	OpenMx/OpenMx	master
17/10/04 00:21	OpenMx/OpenMx	master
17/09/30 00:08	ropensci/tabulizer	master
17/09/30 00:08	ropensci/tabulizerjars	master
17/09/29 00:36	BenGraeler/spcopula	master
17/09/29 00:26	BenGraeler/spcopula	master
17/09/29 00:24	jutako/Rtools	master
17/09/29 00:10	BenGraeler/spcopula	master
17/09/28 00:09	jimhester/lookup	master
17/09/27 00:44	rustyoldrake/WatsonR	master
17/09/26 00:54	hoxo-m/prophetExt	master
17/09/24 00:45	trinker/sentimentr	master
