17/09/29 20:28	dyerlab/gstudio	master
17/09/29 20:28	dyerlab/gstudio	master
17/09/29 20:27	dyerlab/dlab	master
17/09/29 20:25	dyerlab/gstudio	master
17/09/29 20:21	dyerlab/gstudio	master
17/09/29 20:21	dyerlab/dlab	master
17/09/29 20:19	dyerlab/gstudio	master
17/09/29 20:16	dyerlab/popgraph	master
17/09/29 20:15	dyerlab/gstudio	master
17/09/29 20:15	jaroyle/SCRbayes	master
17/09/29 18:09	wulingyun/CopTea	master
17/09/29 16:29	ropenscilabs/tabulizer	master
17/09/29 16:29	ropensci/tabulizerjars	master
17/09/29 16:29	leeper/tabulizer	master
17/09/29 16:28	leeper/tabulizerjars	master
17/09/29 16:28	ropensci/tabulizer	master
17/09/29 16:28	ropensci/tabulizerjars	master
17/09/29 16:16	ropensci/tabulizer	master
17/09/29 16:16	ropensci/tabulizerjars	master
17/09/29 11:37	muschellij2/oro.nifti	master
17/09/29 11:31	muschellij2/oro.nifti	master
17/09/29 11:15	rstudio/rmarkdown	master
17/09/29 10:54	muschellij2/ichseg	master
17/09/29 10:35	muschellij2/ichseg	master
17/09/29 08:52	leeper/tabulizer	master
17/09/29 08:52	leeper/tabulizerjars	master
17/09/29 08:26	jennybc/googlesheets	master
17/09/29 08:17	ujjwalkarn/xda	master
17/09/29 06:59	jiang-hang/rstatscn	master
17/09/29 05:34	jfisher-usgs/ObsNetwork	master
17/09/29 05:33	jfisher-usgs/ObsNetWQ	master
17/09/29 05:33	ropenscilabs/miner	master
17/09/29 05:33	hadley/lineprof	master
17/09/29 05:33	twitter/AnomalyDetection	master
17/09/29 03:35	BenGraeler/spcopula	master
17/09/29 02:33	BenGraeler/spcopula	master
17/09/29 02:32	bblonder/hypervolume	master
