17/10/26 21:09	jplatig/condor	master
17/10/26 21:04	jennybc/googlesheets	master
17/10/26 20:16	mrdwab/SOfun	master
17/10/26 19:00	ropensci/USAboundariesData	master
17/10/26 18:50	eldarrak/FLightR	master
17/10/26 18:44	stpp-GitHub-community/stpp	master
17/10/26 18:34	karina-rebuli/packtox	master
17/10/26 14:07	phylotastic/rphylotastic	master
17/10/26 14:07	topepo/caret	master
17/10/26 13:12	OHDSI/DatabaseConnector	DatabaseConnector_2.0.2.tar.gz
17/10/26 13:10	OHDSI/DatabaseConnector	DatabaseConnector_2.0.0.tag.gz
17/10/26 13:10	OHDSI/DatabaseConnector	DatabaseConnector_2.0.0
17/10/26 13:03	OHDSI/DatabaseConnector	v2.0.0
17/10/26 11:35	hadley/dplyr	master
17/10/26 11:14	okugami79/sentiment140	master
17/10/26 11:13	okugami79/sentiment140	master
17/10/26 11:02	ecology-rocks/disperseR	pedroj
17/10/26 10:56	pedrohcgs/kmte	master
17/10/26 10:51	ecology-rocks/disperseR	master
17/10/26 10:42	tomauer/sptrees	master
17/10/26 09:39	okugami79/sentiment140	master
17/10/26 09:36	okugami79/sentiment140	master
17/10/26 09:36	okugami79/sentiment140	master
17/10/26 09:34	okugami79/sentiment140	master
17/10/26 09:25	okugami79/sentiment140	master
17/10/26 09:23	okugami79/sentiment140	master
17/10/26 09:19	okugami79/sentiment140	master
17/10/26 09:19	okugami79/sentiment140	master
17/10/26 09:18	okugami79/sentiment140	master
17/10/26 09:10	kasperdanielhansen/Rgraphviz	master
17/10/26 09:06	okugami79/sentiment140	master
17/10/26 09:05	twitter/AnomalyDetection	master
17/10/26 08:57	rstudio/keras	master
17/10/26 08:54	Bioconductor/graph	master
17/10/26 08:53	dtkaplan/dcfunctions	master
17/10/26 08:51	hoxo-m/magicfor	master
17/10/26 08:51	twitter/AnomalyDetection	master
17/10/26 08:51	mdsumner/reproj	master
17/10/26 08:50	ecology-rocks/disperseR	master
17/10/26 08:47	edzer/intervals	master
17/10/26 08:47	ecology-rocks/disperseR	pedroj
17/10/26 08:46	pedrohcgs/kmte	master
17/10/26 08:45	ecology-rocks/disperseR	master
17/10/26 08:44	twitter/AnomalyDetection	master
17/10/26 08:44	twitter/AnomalyDetection	master
17/10/26 08:42	pedrohcgs/kmte	master
17/10/26 08:41	edzer/intervals	master
17/10/26 08:40	ecology-rocks/disperseR	master
17/10/26 08:39	ecology-rocks/disperseR	master
17/10/26 08:38	ecology-rocks/disperseR	master
17/10/26 08:34	brad-cannell/my_functions	master
17/10/26 08:33	pedrohcgs/kmte	master
17/10/26 08:33	edzer/intervals	master
17/10/26 08:33	edzer/intervals	master
17/10/26 08:29	edzer/intervals	master
17/10/26 08:28	ecology-rocks/disperseR	master
17/10/26 08:24	ecology-rocks/disperseR	master
17/10/26 08:24	ecology-rocks/disperseR	master
17/10/26 06:08	rich-iannone/DiagrammeR	master
17/10/26 05:58	jutako/Rtools	master
17/10/26 03:49	ujjwalkarn/xda	master
17/10/26 03:48	ujjwalkarn/xda	master
17/10/26 03:47	ujjwalkarn/xda	master
17/10/26 01:58	PMassicotte/gtrendsR	master
17/10/25 00:23	ajdamico/lodown	master
17/10/23 00:52	ECO230/eco230r	master
17/10/23 00:45	ECO230/eco230r	master
17/10/22 00:53	bradleyboehmke/harrypotter	master
17/10/21 00:49	tidyverse/tidyr	master
17/10/21 00:48	r-lib/boxes	master
17/10/21 00:46	twitter/AnomalyDetection	master
17/10/21 00:45	twitter/AnomalyDetection	master
17/10/20 00:11	BavoDC/CalibrationCurves	master
17/10/18 00:25	mikemeredith/makeJAGSmask	master
17/10/17 00:36	hoxo-m/prophetExt	master
17/10/17 00:17	rstudio/rmarkdown	master
17/10/17 00:15	ymattu/MlBayesOpt	master
17/10/17 00:11	yutannihilation/kokudosuuchi	master
17/10/17 00:06	hoxo-m/prophetExt	master
17/10/17 00:00	yutannihilation/kokudosuuchi	master
17/10/16 00:26	hadley/scagnostics	master
17/10/07 00:52	kerguler/Barnard	master
17/10/07 00:45	kerguler/Barnard	master
17/10/07 00:42	kerguler/Barnard	master
17/10/04 00:23	OpenMx/OpenMx	master
17/10/04 00:21	OpenMx/OpenMx	master
17/09/30 00:08	ropensci/tabulizer	master
17/09/30 00:08	ropensci/tabulizerjars	master
17/09/29 00:36	BenGraeler/spcopula	master
17/09/29 00:26	BenGraeler/spcopula	master
17/09/29 00:24	jutako/Rtools	master
17/09/29 00:10	BenGraeler/spcopula	master
17/09/28 00:09	jimhester/lookup	master
17/09/27 00:44	rustyoldrake/WatsonR	master
17/09/26 00:54	hoxo-m/prophetExt	master
