17/03/13 21:34	JackStat/OCtesting	master
17/03/13 21:34	JackStat/OCtesting	master
17/03/13 21:33	JackStat/OCtesting	master
17/03/13 21:31	JackStat/OCtesting	master
17/03/13 21:29	JackStat/OCtesting	master
17/03/13 21:26	JackStat/OCtesting	master
17/03/13 21:22	elo2zero/oddsandsods	master
17/03/13 17:09	datadotworld/data.world-r	master
17/03/13 16:26	paul-shannon/igvR	master
17/03/13 13:54	chrisschuerz/pasta	master
17/03/13 13:49	rstudio/flexdashboard	master
17/03/13 13:35	robjohnnoble/ggmuller	master
17/03/13 13:08	krose/mkonline	master
17/03/13 07:16	R-Finance/xts	master
17/03/13 07:10	joshuaulrich/xts	master
17/03/10 00:13	chrisschuerz/pasta	master
17/02/27 00:14	datadotworld/data.world-r	master
17/02/25 00:53	trestletech/shinyStore	master
17/02/25 00:53	jlmelville/mize	master
17/02/25 00:53	jlmelville/mize	master
17/02/25 00:50	trestletech/shinyStore	master
17/02/25 00:50	jlmelville/mize	master
17/02/25 00:49	jlmelville/mize	master
17/02/23 00:32	mtennekes/tmap	master
17/02/18 00:18	clbustos/dominanceAnalysis	master
17/02/17 00:24	hadley/tibble	master
17/02/15 00:43	kazutan/zousan	master
17/02/15 00:42	hoxo-m/githubinstall	master
17/02/14 00:03	StatsWithR/statsr	master
17/02/14 00:00	StatsWithR/statsr	master
17/02/12 00:20	trestletech/plumber	master
17/02/10 00:42	andrewpbray/oilabs	master
17/02/07 00:21	smach/rmiscutils	master
17/02/03 00:56	mlr-org/mlr	xgboost_latest
