17/08/11 18:59	villardon/MultBiplotR	master
17/08/11 18:57	braverock/blotter	master
17/08/11 18:55	braverock/blotter	master
17/08/11 18:54	braverock/blotter	master
17/08/11 18:54	twitter/AnomalyDetection	master
17/08/11 18:38	braverock/blotter	master
17/08/11 18:36	braverock/blotter	master
17/08/11 18:33	braverock/blotter	master
17/08/11 17:34	fcbarbi/ardl	master
17/08/11 16:05	radiant-rstats/radiant.multivariate	master
17/08/11 16:01	radiant-rstats/radiant.multivariate	master
17/08/11 16:00	radiant-rstats/radiant.model	master
17/08/11 15:59	radiant-rstats/radiant.design	master
17/08/11 15:56	radiant-rstats/radiant.basics	master
17/08/11 15:52	radiant-rstats/radiant	master
17/08/11 15:44	radiant-rstats/radiant.data	master
17/08/11 13:33	leeper/tabulizer	master
17/08/11 13:33	leeper/tabulizerjars	master
17/08/11 13:25	ropenscilabs/tabulizer	master
17/08/11 13:25	ropensci/tabulizerjars	master
17/08/11 13:19	ropensci/tabulizer	master
17/08/11 13:18	ropensci/tabulizerjars	master
17/08/11 12:39	yixuan/recosystem	master
17/08/11 11:39	UMCUGenetics/MutationalPatterns	develop
17/08/11 11:36	UMCUGenetics/MutationalPatterns	develop
17/08/11 08:58	ujjwalkarn/xda	master
17/08/11 05:29	twitter/AnomalyDetection	master
17/08/11 03:47	jimhester/lookup	master
17/08/11 03:15	mikemeredith/BEST	master
17/08/11 03:08	mikemeredith/BEST	master
17/08/11 03:06	mikemeredith/BEST	master
17/08/11 03:05	mikemeredith/BEST	master
17/08/11 03:03	mikemeredith/BEST	master
17/08/11 03:02	mikemeredith/BEST	master
17/08/11 02:57	mikemeredith/BEST	master
