17/12/15 14:50	trinker/qdap	master
17/12/15 14:07	jm3594/crtpower	master
17/12/15 12:48	ropensci/tabulizer	master
17/12/15 12:48	ropensci/tabulizerjars	master
17/12/15 11:28	StatsWithR/statsr	master
17/12/15 11:27	StatsWithR/statsr	master
17/12/15 11:27	StatsWithR/statsr	master
17/12/15 05:36	mannau/tm.plugin.sentiment	master
17/12/15 05:00	mannau/tm.plugin.sentiment	master
17/12/15 04:57	mannau/tm.plugin.sentiment	master
17/12/15 04:57	mannau/tm.plugin.sentiment	master
17/12/15 04:53	mannau/tm.plugin.sentiment	master
17/12/15 04:50	mannau/tm.plugin.sentiment	master
17/12/15 04:50	mannau/tm.plugin.sentiment	master
17/12/15 04:46	mannau/tm.plugin.sentiment	master
17/12/15 04:44	mannau/tm.plugin.sentiment	master
17/12/15 04:38	mannau/tm.plugin.sentiment	master
17/12/15 04:37	mannau/tm.plugin.sentiment	master
17/12/15 04:35	mannau/tm.plugin.sentiment	master
17/12/15 04:34	mannau/tm.plugin.sentiment	master
17/12/15 04:32	mannau/tm.plugin.sentiment	master
17/12/15 04:32	mannau/tm.plugin.sentiment	master
17/12/15 04:27	mannau/tm.plugin.sentiment	master
17/12/15 04:26	mannau/tm.plugin.sentiment	master
17/12/15 03:59	mannau/tm.plugin.sentiment	master
17/12/15 03:01	janusza/RoughSets	master
17/12/15 01:06	crsh/papaja	master
