17/12/26 19:59	ujjwalkarn/xda	master
17/12/26 19:58	ujjwalkarn/xda	master
17/12/26 19:57	ujjwalkarn/xda	master
17/12/26 19:56	ujjwalkarn/xda	master
17/12/26 19:54	ujjwalkarn/xda	master
17/12/26 19:54	ujjwalkarn/xda	master
17/12/26 19:53	ujjwalkarn/xda	master
17/12/26 19:52	ujjwalkarn/xda	master
17/12/26 19:51	ujjwalkarn/xda	master
17/12/26 19:50	ujjwalkarn/xda	master
17/12/26 19:50	ujjwalkarn/xda	master
17/12/26 19:50	ujjwalkarn/xda	master
17/12/26 19:49	ujjwalkarn/xda	master
17/12/26 19:48	ujjwalkarn/xda	master
17/12/26 19:47	ujjwalkarn/xda	master
17/12/26 19:30	ujjwalkarn/xda	master
17/12/26 19:25	ujjwalkarn/xda	master
17/12/26 19:09	renozao/NMF	devel
17/12/26 19:08	ujjwalkarn/xda	master
17/12/26 19:07	renozao/NMF	devel
17/12/26 19:03	renozao/NMF	devel
17/12/26 19:03	ujjwalkarn/xda	master
17/12/26 18:57	ujjwalkarn/xda	master
17/12/26 18:56	ujjwalkarn/xda	master
17/12/26 18:48	ujjwalkarn/xda	master
17/12/26 18:46	biodatacore/biodatacoreUtils	master
17/12/26 18:44	biodatacore/biodatacoreUtils	master
17/12/26 18:44	renozao/NMF	devel
17/12/26 18:37	ujjwalkarn/xda	master
17/12/26 18:36	ujjwalkarn/xda	master
17/12/26 18:35	renozao/NMF	devel
17/12/26 18:28	ujjwalkarn/xda	master
17/12/26 18:02	ujjwalkarn/xda	master
17/12/26 18:01	ujjwalkarn/xda	master
17/12/26 17:57	ujjwalkarn/xda	master
17/12/26 17:48	ujjwalkarn/xda	master
17/12/26 17:20	ujjwalkarn/xda	master
17/12/26 17:12	ujjwalkarn/xda	master
17/12/26 17:06	ujjwalkarn/xda	master
17/12/26 17:01	ujjwalkarn/xda	master
17/12/26 17:00	ujjwalkarn/xda	master
17/12/26 16:40	ujjwalkarn/xda	master
17/12/26 16:39	twitter/AnomalyDetection	master
17/12/26 16:38	ujjwalkarn/xda	master
17/12/26 16:37	twitter/AnomalyDetection	master
17/12/26 16:28	ujjwalkarn/xda	master
17/12/26 14:45	ujjwalkarn/xda	master
17/12/26 14:43	ujjwalkarn/xda	master
17/12/26 14:42	ujjwalkarn/xda	master
17/12/26 14:33	ujjwalkarn/xda	master
17/12/26 14:32	ujjwalkarn/xda	master
17/12/26 14:09	ujjwalkarn/xda	master
17/12/26 14:07	ujjwalkarn/xda	master
17/12/26 14:07	ujjwalkarn/xda	master
17/12/26 14:07	ujjwalkarn/xda	master
17/12/26 13:42	ujjwalkarn/xda	master
17/12/26 11:47	ujjwalkarn/xda	master
17/12/26 11:19	ujjwalkarn/xda	master
17/12/26 10:55	hiratake55/RForcecom	master
17/12/26 10:03	fbreitwieser/Vennerable	master
17/12/26 09:58	js229/Vennerable	master
17/12/26 09:50	ujjwalkarn/xda	master
17/12/26 09:30	ujjwalkarn/xda	master
17/12/26 09:20	hoxo-m/prophetExt	master
17/12/26 07:16	ujjwalkarn/xda	master
17/12/26 04:23	ujjwalkarn/xda	master
17/12/26 02:42	SolomonMg/ImageMetrics	master
17/12/26 02:38	SolomonMg/ImageMetrics	master
17/12/26 01:21	edzer/hexbin	master
17/12/17 00:55	ujjwalkarn/xda	master
17/12/16 00:24	ColtoCaro/compMS	master
17/12/15 00:59	crsh/papaja	master
17/12/15 00:57	crsh/papaja	master
17/12/15 00:56	crsh/papaja	master
17/12/14 00:22	tlafarge/alphashape3d	master
17/12/14 00:11	tlafarge/alphashape3d	master
17/12/13 00:38	hrbrmstr/nominatim	master
17/12/12 00:54	BioStatMatt/sas7bdat.parso	master
17/12/12 00:53	BioStatMatt/sas7bdat.parso	master
17/12/12 00:50	BioStatMatt/sas7bdat.parso	master
17/12/12 00:45	BioStatMatt/sas7bdat.parso	master
17/12/07 00:29	gvegayon/twitterreport	master
17/12/07 00:27	gvegayon/twitterreport	master
17/12/07 00:20	seanchrismurphy/twtools	master
17/12/07 00:16	seanchrismurphy/twtools	master
17/12/07 00:15	seanchrismurphy/twtools	master
17/12/01 00:37	yihui/xaringan	master
17/12/01 00:23	dragua/xlsx	master
17/12/01 00:09	andrewpbray/oilabs	master
17/11/28 00:47	AndreaCirilloAC/updateR	master
