17/11/26 18:52	rstudio/ggvis	master
17/11/26 18:35	chris-prener/testDriveR	master
17/11/26 17:30	dgrtwo/widyr	master
17/11/26 16:06	dgrtwo/widyr	master
17/11/26 16:01	dgrtwo/widyr	master
17/11/26 16:00	dgrtwo/widyr	master
17/11/26 15:59	dgrtwo/widyr	master
17/11/26 15:55	dgrtwo/widyr	master
17/11/26 15:52	dgrtwo/widyr	master
17/11/26 15:52	dgrtwo/widyr	master
17/11/26 13:56	prodipta/techchart	master
17/11/26 10:37	prodipta/techchart	master
17/11/26 10:22	prodipta/techchart	master
17/11/26 10:21	prodipta/techchart	master
17/11/26 07:49	braverock/blotter	updatePosPL_FX
17/11/26 07:48	braverock/blotter	54_algotca
17/11/26 06:44	IlyaKipnis/DSTrading	master
17/11/26 06:42	IlyaKipnis/DSTrading	master
17/11/26 04:00	JahNorr/mortRecode	master
17/11/26 03:59	yixuan/fontemoji	master
17/11/26 03:29	braverock/blotter	master
17/11/26 03:27	braverock/blotter	develop
17/11/26 03:21	braverock/blotter	v0.9.1741
17/11/26 03:18	braverock/quantstrat	master
17/11/26 03:18	braverock/blotter	master
17/11/24 00:15	mikemeredith/makeJAGSmask	master
17/11/22 00:40	wencke/wencke.github.io	master
17/11/21 00:03	USGS-R/streamMetabolizer	master
17/11/20 00:47	hannesmuehleisen/MonetDBLite-R	master
17/11/19 00:22	twitter/AnomalyDetection	master
17/11/19 00:21	twitter/AnomalyDetection	master
17/11/17 00:26	swarm-lab/trackR	master
17/11/17 00:16	shwetapurushe/weaveR	master
17/11/17 00:15	shwetapurushe/weaveR	master
17/11/13 00:57	rstudio/R-Websockets	master
17/11/12 00:57	jchiquet/spring	master
17/11/12 00:55	warnes/fork	master
17/11/12 00:52	fadiphi/cats	master
17/11/12 00:50	kvnkuang/pbmcapply	master
17/11/12 00:50	twitter/AnomalyDetection	master
17/11/12 00:49	robertzk/mappy	master
17/11/12 00:42	lampk/taskeR	master
17/11/12 00:39	MarkSelby1992/RCluster	master
17/11/12 00:37	christinehohensinn/parAL	master
17/11/12 00:33	jlduan/sckits	master
17/11/12 00:29	ECO230/eco230r	master
17/11/12 00:28	wush978/rpvm	master
17/11/12 00:26	kasperdanielhansen/Rgraphviz	master
17/11/12 00:04	greenelab/ADAGEpath	master
17/11/11 00:56	ECO230/eco230r	master
17/11/11 00:55	ECO230/eco230r	master
17/11/11 00:52	ECO230/eco230r	master
17/11/11 00:26	ECO230/eco230r	master
17/11/09 00:10	ECO230/eco230r	master
17/11/08 00:48	yutannihilation/mediumr	master
17/11/08 00:31	ECO230/eco230r	master
17/11/08 00:20	ECO230/eco230r	master
17/11/08 00:14	ECO230/eco230r	master
17/11/03 00:58	ECO230/eco230r	master
17/11/03 00:43	ECO230/eco230r	master
17/11/03 00:19	ECO230/eco230r	master
17/11/01 00:56	ECO230/eco230r	master
17/11/01 00:53	lme4/lme4	master
17/11/01 00:52	ECO230/eco230r	master
17/11/01 00:51	skranz/restorepoint	master
17/11/01 00:14	ECO230/eco230r	master
17/10/31 00:28	bocinsky/paleocar	master
17/10/27 00:59	jennybc/googlesheets	master
17/10/27 00:58	jennybc/googlesheets	master
17/10/27 00:58	jennybc/googlesheets	master
17/10/27 00:58	jennybc/googlesheets	master
17/10/27 00:58	jennybc/googlesheets	master
17/10/27 00:56	vlsci/Analytics	master
17/10/27 00:50	jennybc/googlesheets	master
17/10/27 00:39	jennybc/googlesheets	master
