17/08/29 20:11	armgong/rjulia	master
17/08/29 16:32	jianhong/ATACseqQC	master
17/08/29 15:52	haozhu233/kableExtra	master
17/08/29 15:52	yihui/knitr	master
17/08/29 15:43	ropensci/magick	master
17/08/29 15:15	ropensci/magick	master
17/08/29 15:11	rstudio/shiny	master
17/08/29 15:10	haozhu233/kableExtra	master
17/08/29 15:10	haozhu233/kableExtra	master
17/08/29 15:09	StatsWithR/statsr	master
17/08/29 15:07	twitter/AnomalyDetection	master
17/08/29 14:47	hadley/tidyverse	master
17/08/29 14:32	armgong/rjulia	master
17/08/29 14:13	armgong/rjulia	master
17/08/29 13:28	PMassicotte/gtrendsR	new-api
17/08/29 13:26	carltonyfakhry/InvenireSRNA	master
17/08/29 13:20	carltonyfakhry/InvenireSRNA	master
17/08/29 13:06	carltonyfakhry/InvenireSRNA	master
17/08/29 12:59	carltonyfakhry/InvenireSRNA	master
17/08/29 11:36	sckott/sacbox	master
17/08/29 11:29	sckott/sacbox	master
17/08/29 11:29	luismurao/ntbox	master
17/08/29 11:23	hxin/idbox	master
17/08/29 11:22	gboris/blkbox	master
17/08/29 11:20	gboris/blkbox	master
17/08/29 11:16	christophsax/tsbox	master
17/08/29 11:08	PhilipPallmann/toxbox	master
17/08/29 09:27	carltonyfakhry/InvenireSRNA	master
17/08/29 05:58	hadley/precis	master
17/08/29 03:05	ChristopherLucas/translateR	master
