17/11/23 17:46	twitter/AnomalyDetection	master
17/11/23 16:13	ujjwalkarn/xda	master
17/11/23 15:54	livioivil/TextWiller	master
17/11/23 15:54	swish-climate-impact-assessment/awaptools	develop
17/11/23 15:52	Kkm5/cats	master
17/11/23 15:51	skranz/shinyQuiz	master
17/11/23 14:59	AMSProject/pmtest	master
17/11/23 14:11	cjgb/rPython-win	master
17/11/23 11:15	hturner/PlackettLuce	master
17/11/23 10:59	jburkhardt/RAdwords	master
17/11/23 10:15	renozao/NMF	devel
17/11/23 10:09	renozao/NMF	devel
17/11/23 10:00	cjgb/rPython-win	master
17/11/23 09:51	HenrikBengtsson/R.archive	master
17/11/23 09:47	dannyfig/archive	master
17/11/23 09:39	cjgb/rPython-win	master
17/11/23 09:38	cscheid/rpython	master
17/11/23 09:37	ujjwalkarn/xda	master
17/11/23 09:36	cscheid/rpython	master
17/11/23 09:36	s-u/rpython	master
17/11/23 09:34	cscheid/rpython	master
17/11/23 09:34	s-u/rpython	master
17/11/23 09:28	UMCUGenetics/MutationalPatterns	master
17/11/23 09:05	mikemeredith/HDInterval	master
17/11/23 09:00	mikemeredith/HDInterval	master
17/11/23 08:01	ropensci/tabulizerjars	master
17/11/23 07:41	ujjwalkarn/xda	master
17/11/23 07:20	ujjwalkarn/xda	master
17/11/23 06:55	vqv/ggbiplot	master
17/11/23 06:55	ujjwalkarn/xda	master
17/11/23 03:16	genomicsclass/ph525x	master
17/11/23 03:16	genomicsclass/ph525x	master
17/11/23 03:09	twitter/AnomalyDetection	master
17/11/23 02:25	jakobbossek/acotsp	master
17/11/23 02:21	genomicsclass/ph525x	master
17/11/22 00:40	wencke/wencke.github.io	master
17/11/21 00:03	USGS-R/streamMetabolizer	master
17/11/20 00:47	hannesmuehleisen/MonetDBLite-R	master
17/11/19 00:22	twitter/AnomalyDetection	master
17/11/19 00:21	twitter/AnomalyDetection	master
17/11/17 00:26	swarm-lab/trackR	master
17/11/17 00:16	shwetapurushe/weaveR	master
17/11/17 00:15	shwetapurushe/weaveR	master
17/11/13 00:57	rstudio/R-Websockets	master
17/11/12 00:57	jchiquet/spring	master
17/11/12 00:55	warnes/fork	master
17/11/12 00:52	fadiphi/cats	master
17/11/12 00:50	kvnkuang/pbmcapply	master
17/11/12 00:50	twitter/AnomalyDetection	master
17/11/12 00:49	robertzk/mappy	master
17/11/12 00:42	lampk/taskeR	master
17/11/12 00:39	MarkSelby1992/RCluster	master
17/11/12 00:37	christinehohensinn/parAL	master
17/11/12 00:33	jlduan/sckits	master
17/11/12 00:29	ECO230/eco230r	master
17/11/12 00:28	wush978/rpvm	master
17/11/12 00:26	kasperdanielhansen/Rgraphviz	master
17/11/12 00:04	greenelab/ADAGEpath	master
17/11/11 00:56	ECO230/eco230r	master
17/11/11 00:55	ECO230/eco230r	master
17/11/11 00:52	ECO230/eco230r	master
17/11/11 00:26	ECO230/eco230r	master
17/11/09 00:10	ECO230/eco230r	master
17/11/08 00:48	yutannihilation/mediumr	master
17/11/08 00:31	ECO230/eco230r	master
17/11/08 00:20	ECO230/eco230r	master
17/11/08 00:14	ECO230/eco230r	master
17/11/03 00:58	ECO230/eco230r	master
17/11/03 00:43	ECO230/eco230r	master
17/11/03 00:19	ECO230/eco230r	master
17/11/01 00:56	ECO230/eco230r	master
17/11/01 00:53	lme4/lme4	master
17/11/01 00:52	ECO230/eco230r	master
17/11/01 00:51	skranz/restorepoint	master
17/11/01 00:14	ECO230/eco230r	master
17/10/31 00:28	bocinsky/paleocar	master
17/10/27 00:59	jennybc/googlesheets	master
17/10/27 00:58	jennybc/googlesheets	master
17/10/27 00:58	jennybc/googlesheets	master
17/10/27 00:58	jennybc/googlesheets	master
17/10/27 00:58	jennybc/googlesheets	master
17/10/27 00:56	vlsci/Analytics	master
17/10/27 00:50	jennybc/googlesheets	master
17/10/27 00:39	jennybc/googlesheets	master
17/10/25 00:23	ajdamico/lodown	master
