17/12/14 16:50	kjhealy/socviz	master
17/12/14 16:04	twitter/AnomalyDetection	master
17/12/14 12:29	mannau/tm.plugin.sentiment	master
17/12/14 12:28	mannau/tm.plugin.sentiment	master
17/12/14 12:28	mannau/tm.plugin.sentiment	master
17/12/14 12:27	mannau/tm.plugin.sentiment	master
17/12/14 12:27	mannau/tm.plugin.sentiment	master
17/12/14 12:25	mannau/tm.plugin.sentiment	master
17/12/14 12:25	mannau/tm.plugin.sentiment	master
17/12/14 12:25	mannau/tm.plugin.sentiment	master
17/12/14 12:25	mannau/tm.plugin.sentiment	master
17/12/14 12:24	mannau/tm.plugin.sentiment	master
17/12/14 12:24	mannau/tm.plugin.sentiment	master
17/12/14 12:23	mannau/tm.plugin.sentiment	master
17/12/14 12:23	mannau/tm.plugin.sentiment	master
17/12/14 12:23	mannau/tm.plugin.sentiment	master
17/12/14 11:55	ropensci/plotly	master
17/12/14 11:51	cvborkulo/NetworkComparisonTest	master
17/12/14 11:30	dgrtwo/ebbr	master
17/12/14 10:39	rstudio/flexdashboard	master
17/12/14 08:49	adalau/Quant	master
17/12/14 07:32	braverock/PerformanceAnalytics	master
17/12/14 07:18	ujjwalkarn/xda	master
17/12/14 07:02	ujjwalkarn/xda	master
17/12/14 06:06	vinhtantran/monoClust	master
17/12/14 06:01	vinhtantran/monoClust	master
17/12/14 05:12	ujjwalkarn/xda	master
17/12/14 03:10	rstudio/manipulate	master
17/12/14 03:09	rstudio/keras	master
17/12/14 03:03	rstudio/keras	master
17/12/14 01:23	rstudio/leaflet	master
17/12/14 00:22	tlafarge/alphashape3d	master
17/12/14 00:11	tlafarge/alphashape3d	master
17/12/13 00:38	hrbrmstr/nominatim	master
17/12/12 00:54	BioStatMatt/sas7bdat.parso	master
17/12/12 00:53	BioStatMatt/sas7bdat.parso	master
17/12/12 00:50	BioStatMatt/sas7bdat.parso	master
17/12/12 00:45	BioStatMatt/sas7bdat.parso	master
17/12/07 00:29	gvegayon/twitterreport	master
17/12/07 00:27	gvegayon/twitterreport	master
17/12/07 00:20	seanchrismurphy/twtools	master
17/12/07 00:16	seanchrismurphy/twtools	master
17/12/07 00:15	seanchrismurphy/twtools	master
17/12/01 00:37	yihui/xaringan	master
17/12/01 00:23	dragua/xlsx	master
17/12/01 00:09	andrewpbray/oilabs	master
17/11/28 00:47	AndreaCirilloAC/updateR	master
17/11/24 00:15	mikemeredith/makeJAGSmask	master
17/11/22 00:40	wencke/wencke.github.io	master
17/11/21 00:03	USGS-R/streamMetabolizer	master
17/11/20 00:47	hannesmuehleisen/MonetDBLite-R	master
17/11/19 00:22	twitter/AnomalyDetection	master
17/11/19 00:21	twitter/AnomalyDetection	master
17/11/17 00:26	swarm-lab/trackR	master
17/11/17 00:16	shwetapurushe/weaveR	master
17/11/17 00:15	shwetapurushe/weaveR	master
