17/11/13 18:19	Hanyi1106/transnorm	master
17/11/13 17:40	arilamstein/choroplethr	master
17/11/13 17:38	tidyverse/tidyselect	master
17/11/13 17:35	hadley/pryr	master
17/11/13 17:15	rstudio/rmarkdown	master
17/11/13 17:15	rstudio/rmarkdown	master
17/11/13 16:12	syounkin/ITHIM	master
17/11/13 16:00	satijalab/seurat	master
17/11/13 16:00	satijalab/seurat	master
17/11/13 16:00	satijalab/seurat	master
17/11/13 13:45	twitter/AnomalyDetection	master
17/11/13 13:28	braverock/quantstrat	master
17/11/13 13:27	braverock/blotter	master
17/11/13 13:27	braverock/quantstrat	master
17/11/13 13:26	rstudio/R-Websockets	master
17/11/13 13:24	R-Finance/quantstrat	master
17/11/13 13:23	R-Finance/quantstrat	master
17/11/13 13:22	R-Finance/quantstrat	master
17/11/13 13:21	cloudcell/quantstrat	master
17/11/13 13:08	mtennekes/tmap	master
17/11/13 12:57	mtennekes/tmap	master
17/11/13 11:36	tomvar/bundling	master
17/11/13 11:36	JGCRI/rgcam	master
17/11/13 11:34	tomvar/bundling	master
17/11/13 11:20	astroashlee/RExo	master
17/11/13 09:56	leeper/tabulizer	master
17/11/13 09:56	ropensci/tabulizerjars	master
17/11/13 09:47	christpa/DMRScan	master
17/11/13 08:59	jm3594/crtpower	master
17/11/13 08:56	jm3594/crtpower	master
17/11/13 08:55	jm3594/crtpower	master
17/11/13 08:46	jm3594/crtpower	master
17/11/13 08:44	jm3594/crtpower	master
17/11/13 08:36	tidyverse/stringr	master
17/11/13 08:35	wilkelab/cowplot	master
17/11/13 08:35	tidyverse/stringr	master
17/11/13 08:31	iatgen/iatgen	master
17/11/13 08:31	tidyverse/stringr	master
17/11/13 08:25	leeper/margins	master
17/11/13 07:10	ujjwalkarn/xda	master
17/11/13 07:05	mlr-org/mlr	forecasting
17/11/13 07:03	mlr-org/mlr	forecasting
17/11/13 03:00	jepusto/Pusto	master
17/11/13 01:23	AMCOOK/bio.survey	master
17/11/13 01:23	ShrimpScience/bio.shrimp	master
17/11/13 01:19	ShrimpScience/bio.shrimp	master
17/11/13 01:19	AMCOOK/bio.survey	master
17/11/13 01:16	ShrimpScience/bio.shrimp	master
17/11/13 00:57	rstudio/R-Websockets	master
17/11/12 00:57	jchiquet/spring	master
17/11/12 00:55	warnes/fork	master
17/11/12 00:52	fadiphi/cats	master
17/11/12 00:50	kvnkuang/pbmcapply	master
17/11/12 00:50	twitter/AnomalyDetection	master
17/11/12 00:49	robertzk/mappy	master
17/11/12 00:42	lampk/taskeR	master
17/11/12 00:39	MarkSelby1992/RCluster	master
17/11/12 00:37	christinehohensinn/parAL	master
17/11/12 00:33	jlduan/sckits	master
17/11/12 00:29	ECO230/eco230r	master
17/11/12 00:28	wush978/rpvm	master
17/11/12 00:26	kasperdanielhansen/Rgraphviz	master
17/11/12 00:04	greenelab/ADAGEpath	master
17/11/11 00:56	ECO230/eco230r	master
17/11/11 00:55	ECO230/eco230r	master
17/11/11 00:52	ECO230/eco230r	master
17/11/11 00:26	ECO230/eco230r	master
17/11/09 00:10	ECO230/eco230r	master
17/11/08 00:48	yutannihilation/mediumr	master
17/11/08 00:31	ECO230/eco230r	master
17/11/08 00:20	ECO230/eco230r	master
17/11/08 00:14	ECO230/eco230r	master
17/11/03 00:58	ECO230/eco230r	master
17/11/03 00:43	ECO230/eco230r	master
17/11/03 00:19	ECO230/eco230r	master
17/11/01 00:56	ECO230/eco230r	master
17/11/01 00:53	lme4/lme4	master
17/11/01 00:52	ECO230/eco230r	master
17/11/01 00:51	skranz/restorepoint	master
17/11/01 00:14	ECO230/eco230r	master
17/10/31 00:28	bocinsky/paleocar	master
17/10/27 00:59	jennybc/googlesheets	master
17/10/27 00:58	jennybc/googlesheets	master
17/10/27 00:58	jennybc/googlesheets	master
17/10/27 00:58	jennybc/googlesheets	master
17/10/27 00:58	jennybc/googlesheets	master
17/10/27 00:56	vlsci/Analytics	master
17/10/27 00:50	jennybc/googlesheets	master
17/10/27 00:39	jennybc/googlesheets	master
17/10/25 00:23	ajdamico/lodown	master
17/10/23 00:52	ECO230/eco230r	master
17/10/23 00:45	ECO230/eco230r	master
17/10/22 00:53	bradleyboehmke/harrypotter	master
17/10/21 00:49	tidyverse/tidyr	master
17/10/21 00:48	r-lib/boxes	master
17/10/21 00:46	twitter/AnomalyDetection	master
17/10/21 00:45	twitter/AnomalyDetection	master
17/10/20 00:11	BavoDC/CalibrationCurves	master
17/10/18 00:25	mikemeredith/makeJAGSmask	master
17/10/17 00:36	hoxo-m/prophetExt	master
17/10/17 00:17	rstudio/rmarkdown	master
17/10/17 00:15	ymattu/MlBayesOpt	master
17/10/17 00:11	yutannihilation/kokudosuuchi	master
17/10/17 00:06	hoxo-m/prophetExt	master
17/10/17 00:00	yutannihilation/kokudosuuchi	master
17/10/16 00:26	hadley/scagnostics	master
