17/12/17 09:53	ujjwalkarn/xda	master
17/12/17 09:21	ujjwalkarn/xda	master
17/12/17 09:03	ujjwalkarn/xda	master
17/12/17 09:02	ujjwalkarn/xda	master
17/12/17 08:57	ujjwalkarn/xda	master
17/12/17 08:27	ujjwalkarn/xda	master
17/12/17 08:27	ujjwalkarn/xda	master
17/12/17 08:16	ujjwalkarn/xda	master
17/12/17 07:46	ujjwalkarn/xda	master
17/12/17 06:43	ujjwalkarn/xda	master
17/12/17 06:42	ujjwalkarn/xda	master
17/12/17 06:41	ujjwalkarn/xda	master
17/12/17 06:40	ujjwalkarn/xda	master
17/12/17 06:31	ujjwalkarn/xda	master
17/12/17 06:31	ujjwalkarn/xda	master
17/12/17 06:29	ujjwalkarn/xda	master
17/12/17 06:28	ujjwalkarn/xda	master
17/12/17 06:27	ujjwalkarn/xda	master
17/12/17 06:27	ujjwalkarn/xda	master
17/12/17 06:23	ujjwalkarn/xda	master
17/12/17 06:18	ujjwalkarn/xda	master
17/12/17 06:17	ujjwalkarn/xda	master
17/12/17 06:16	ujjwalkarn/xda	master
17/12/17 06:15	ujjwalkarn/xda	master
17/12/17 06:15	ujjwalkarn/xda	master
17/12/17 06:09	ujjwalkarn/xda	master
17/12/17 06:09	ujjwalkarn/xda	master
17/12/17 06:00	ujjwalkarn/xda	master
17/12/17 05:58	ujjwalkarn/xda	master
17/12/17 05:56	ujjwalkarn/xda	master
17/12/17 05:55	ujjwalkarn/xda	master
17/12/17 05:41	ujjwalkarn/xda	master
17/12/17 05:40	ujjwalkarn/xda	master
17/12/17 04:58	ujjwalkarn/xda	master
17/12/17 04:39	ujjwalkarn/xda	master
17/12/17 04:15	ujjwalkarn/xda	master
17/12/17 02:51	ujjwalkarn/xda	master
17/12/17 02:44	ujjwalkarn/xda	master
17/12/17 02:07	ujjwalkarn/xda	master
17/12/17 00:55	ujjwalkarn/xda	master
17/12/16 00:24	ColtoCaro/compMS	master
17/12/15 00:59	crsh/papaja	master
17/12/15 00:57	crsh/papaja	master
17/12/15 00:56	crsh/papaja	master
17/12/14 00:22	tlafarge/alphashape3d	master
17/12/14 00:11	tlafarge/alphashape3d	master
17/12/13 00:38	hrbrmstr/nominatim	master
17/12/12 00:54	BioStatMatt/sas7bdat.parso	master
17/12/12 00:53	BioStatMatt/sas7bdat.parso	master
17/12/12 00:50	BioStatMatt/sas7bdat.parso	master
17/12/12 00:45	BioStatMatt/sas7bdat.parso	master
17/12/07 00:29	gvegayon/twitterreport	master
17/12/07 00:27	gvegayon/twitterreport	master
17/12/07 00:20	seanchrismurphy/twtools	master
17/12/07 00:16	seanchrismurphy/twtools	master
17/12/07 00:15	seanchrismurphy/twtools	master
17/12/01 00:37	yihui/xaringan	master
17/12/01 00:23	dragua/xlsx	master
17/12/01 00:09	andrewpbray/oilabs	master
17/11/28 00:47	AndreaCirilloAC/updateR	master
17/11/24 00:15	mikemeredith/makeJAGSmask	master
17/11/22 00:40	wencke/wencke.github.io	master
17/11/21 00:03	USGS-R/streamMetabolizer	master
17/11/20 00:47	hannesmuehleisen/MonetDBLite-R	master
17/11/19 00:22	twitter/AnomalyDetection	master
17/11/19 00:21	twitter/AnomalyDetection	master
17/11/17 00:26	swarm-lab/trackR	master
17/11/17 00:16	shwetapurushe/weaveR	master
17/11/17 00:15	shwetapurushe/weaveR	master
