17/03/04 20:33	ehrlinger/l2boost	master
17/03/04 20:11	zdk123/SpiecEasi	master
17/03/04 18:48	joshuaulrich/LSPM	master
17/03/04 18:02	mlr-org/mlr	forecasting
17/03/04 08:15	ramnathv/htmlwidgets	master
17/03/04 08:15	rstudio/leaflet	master
17/03/04 05:26	ProjectTw/TwitteR2Mongo	master
17/03/04 04:15	ProjectTw/TwitteR2Mongo	master
17/03/04 02:23	wilsontom/FIEmspro	master
17/02/27 00:14	datadotworld/data.world-r	master
17/02/25 00:53	trestletech/shinyStore	master
17/02/25 00:53	jlmelville/mize	master
17/02/25 00:53	jlmelville/mize	master
17/02/25 00:50	trestletech/shinyStore	master
17/02/25 00:50	jlmelville/mize	master
17/02/25 00:49	jlmelville/mize	master
17/02/23 00:32	mtennekes/tmap	master
17/02/18 00:18	clbustos/dominanceAnalysis	master
17/02/17 00:24	hadley/tibble	master
17/02/15 00:43	kazutan/zousan	master
17/02/15 00:42	hoxo-m/githubinstall	master
17/02/14 00:03	StatsWithR/statsr	master
17/02/14 00:00	StatsWithR/statsr	master
17/02/12 00:20	trestletech/plumber	master
17/02/10 00:42	andrewpbray/oilabs	master
17/02/07 00:21	smach/rmiscutils	master
17/02/03 00:56	mlr-org/mlr	xgboost_latest
