17/04/28 21:42	twitter/AnomalyDetection	master
17/04/28 20:13	leeper/margins	master
17/04/28 20:12	leeper/margins	master
17/04/28 20:09	leeper/margins	master
17/04/28 19:21	AndreaCirilloAC/updateR	master
17/04/28 19:18	talgalili/installr	master
17/04/28 17:17	yihui/runr	master
17/04/28 17:15	FrankPortman/bayesAB	master
17/04/28 17:14	twitter/AnomalyDetection	master
17/04/28 13:27	rich-iannone/DiagrammeR	master
17/04/28 13:23	rstudio/DT	master
17/04/28 13:23	rstudio/leaflet	master
17/04/28 13:20	tidyverse/forcats	master
17/04/28 13:19	tidyverse/stringr	master
17/04/28 13:19	rstudio/htmltools	master
17/04/28 13:19	tidyverse/ggplot2	master
17/04/28 13:18	tidyverse/tidyr	master
17/04/28 13:16	tidyverse/dplyr	master
17/04/28 13:13	yihui/knitr	master
17/04/28 13:11	yihui/xaringan	master
17/04/28 13:11	rstudio/revealjs	master
17/04/28 13:10	rstudio/blogdown	master
17/04/28 13:09	rstudio/rmarkdown	master
17/04/28 10:59	paulhendricks/functools	master
17/04/28 09:09	azizka/speciesgeocodeR	master
17/04/28 08:51	ujjwalkarn/xda	master
17/04/28 07:34	jpmml/r2pmml	master
17/04/28 04:21	aharmer/pathtrackr	master
17/04/28 04:20	aharmer/pathtrackr	master
17/04/28 04:19	aharmer/pathtrackr	master
17/04/28 04:17	aharmer/pathtrackr	master
17/04/28 03:27	aharmer/pathtrackr	master
