17/05/22 15:40	dgrtwo/broom	master
17/05/22 13:44	joshuaulrich/quantmod	master
17/05/22 12:49	ujjwalkarn/xda	master
17/05/22 10:23	uebvhir/anaStatsUEB	master
17/05/22 08:59	miriamMota/mmotaF	master
17/05/22 08:58	kota7/striprtf	master
17/05/22 08:25	ropensci/tabulizer	master
17/05/22 08:25	ropensci/tabulizerjars	master
17/05/22 08:00	hadley/purrr	master
17/05/22 07:42	hadley/purrr	master
17/05/22 07:40	tidyverse/tidyverse	master
17/05/22 07:40	warnes/namespace	master
17/05/22 07:39	tidyverse/purrr	master
17/05/22 07:39	tidyverse/purrr	master
17/05/22 07:09	ujjwalkarn/xda	master
17/05/22 05:34	skardhamar/rga	master
17/05/22 05:12	tjmahr/WrapRmd	master
17/05/22 04:21	ujjwalkarn/xda	master
17/05/22 03:53	mikemeredith/overlap	master
17/05/22 03:38	ujjwalkarn/xda	master
17/05/22 02:38	awalker89/openxlsx	master
17/05/22 02:14	ujjwalkarn/xda	master
17/05/22 02:13	ujjwalkarn/xda	master
17/05/22 01:38	dsidavis/RScopusAPI	master
17/05/22 01:23	dsidavis/RScopusAPI	master
17/05/22 01:11	twitter/BreakoutDetection	master
