17/12/12 16:22	AppliedDataSciencePartners/xgboostExplainer	master
17/12/12 16:22	davidADSP/xgboostExplainer	master
17/12/12 16:02	ropenscilabs/tabulizer	master
17/12/12 16:02	ropensci/tabulizerjars	master
17/12/12 14:49	jebyrnes/multifunc	master
17/12/12 14:40	jebyrnes/multifunc	master
17/12/12 13:57	ropensci/tabulizer	master
17/12/12 13:51	ropensci/tabulizerjars	master
17/12/12 13:40	ropensci/tabulizer	master
17/12/12 13:37	ropensci/tabulizerjars	master
17/12/12 12:01	DLEIVA/DyaDA	master
17/12/12 12:00	DLEIVA/DyaDA	master
17/12/12 11:58	RandiLGarcia/dyadr	master
17/12/12 11:20	ujjwalkarn/xda	master
17/12/12 10:10	jimhester/lookup	master
17/12/12 07:25	ProjectTw/TwitteR2Mongo	master
17/12/12 06:50	ropensci/tabulizer	master
17/12/12 06:50	ropensci/tabulizerjars	master
17/12/12 06:46	ropensci/tabulizer	master
17/12/12 06:45	ropensci/tabulizerjars	master
17/12/12 05:44	dkrozelle/s3r	master
17/12/12 05:41	unbounce/ub.s3r	master
17/12/12 05:32	ujjwalkarn/xda	master
17/12/12 05:32	ujjwalkarn/xda	master
17/12/12 05:28	ropensci/tabulizer	master
17/12/12 05:27	ropensci/tabulizerjars	master
17/12/12 02:31	rodazuero/gmapsdistance	master
