17/03/20 14:58	ropensci/tabulizer	master
17/03/20 14:58	leeper/tabulizerjars	master
17/03/20 14:56	leeper/tabulizer	master
17/03/20 14:56	ropensci/tabulizerjars	master
17/03/20 14:52	leeper/tabulizer	master
17/03/20 14:52	leeper/tabulizerjars	master
17/03/20 09:00	mclements/rstpm2	develop
17/03/20 08:02	okugami79/sentiment140	master
17/03/18 00:49	andrie/sentiment	master
17/03/17 00:33	statistikat/VIM	master
17/03/17 00:31	statistikat/VIM	master
17/03/16 00:43	andrie/sentiment	master
17/03/15 00:19	trnnick/TStools	master
17/03/10 00:13	chrisschuerz/pasta	master
17/02/27 00:14	datadotworld/data.world-r	master
17/02/25 00:53	trestletech/shinyStore	master
17/02/25 00:53	jlmelville/mize	master
17/02/25 00:53	jlmelville/mize	master
17/02/25 00:50	trestletech/shinyStore	master
17/02/25 00:50	jlmelville/mize	master
17/02/25 00:49	jlmelville/mize	master
17/02/23 00:32	mtennekes/tmap	master
17/02/18 00:18	clbustos/dominanceAnalysis	master
17/02/17 00:24	hadley/tibble	master
17/02/15 00:43	kazutan/zousan	master
17/02/15 00:42	hoxo-m/githubinstall	master
17/02/14 00:03	StatsWithR/statsr	master
17/02/14 00:00	StatsWithR/statsr	master
17/02/12 00:20	trestletech/plumber	master
17/02/10 00:42	andrewpbray/oilabs	master
17/02/07 00:21	smach/rmiscutils	master
17/02/03 00:56	mlr-org/mlr	xgboost_latest
