17/10/04 18:15	trestletech/shinyTree	%2321
17/10/04 17:09	jutako/Rtools	master
17/10/04 17:06	RcppCore/Rcpp	master
17/10/04 16:08	behuang/mpMap	master
17/10/04 15:59	behuang/mpMap	master
17/10/04 15:57	behuang/mpMap	master
17/10/04 15:42	hadley/tidyverse	master
17/10/04 15:42	r-lib/boxes	master
17/10/04 15:41	hadley/tidyverse	master
17/10/04 15:32	melff/memisc	master
17/10/04 15:32	edwindj/ffbase	master
17/10/04 15:31	RcppCore/RcppArmadillo	master
17/10/04 15:30	awalker89/openxlsx	master
17/10/04 15:29	rstats-db/RSQLite	master
17/10/04 15:27	rstats-db/RMySQL	master
17/10/04 15:27	jwijffels/ETLUtils	master
17/10/04 15:26	joshuaulrich/TTR	master
17/10/04 15:26	melff/memisc	master
17/10/04 15:26	hadley/stringr	master
17/10/04 15:26	edwindj/ffbase	master
17/10/04 13:11	madlogos/recharts2	master
17/10/04 13:09	madlogos/recharts2	master
17/10/04 13:01	taiyun/recharts	master
17/10/04 10:29	tagteam/Publish	master
17/10/04 10:27	tagteam/Publish	master
17/10/04 03:36	dyerlab/gstudio	master
17/10/04 03:28	dyerlab/popgraph	master
17/10/04 03:26	dyerlab/gstudio	master
17/10/04 02:34	statsmaths/leaderCluster	master
17/10/04 02:23	statsmaths/leaderCluster	master
17/10/04 02:16	statsmaths/leaderCluster	master
17/10/04 02:04	rstats-db/odbc	master
17/10/04 01:10	dyerlab/gstudio	master
17/10/04 01:08	dyerlab/gstudio	master
17/10/04 01:07	dvera/rage	master
17/10/04 01:05	dyerlab/gstudio	master
17/10/04 01:04	dyerlab/gstudio	master
