17/09/11 20:02	bstewart/stm	development
17/09/11 19:12	GuangchuangYu/clusterProfiler	master
17/09/11 19:10	vqv/ggbiplot	master
17/09/11 18:59	vqv/ggbiplot	master
17/09/11 17:12	ChristopherLucas/MatchingFrontier	master
17/09/11 17:01	talgalili/installr	master
17/09/11 16:01	ChristopherLucas/MatchingFrontier	master
17/09/11 12:54	dselivanov/reco	master
17/09/11 12:51	dselivanov/reco	master
17/09/11 12:50	david-salgado/RepoReadWrite	master
17/09/11 12:42	david-salgado/RepoReadWrite	master
17/09/11 12:40	david-salgado/RepoReadWrite	master
17/09/11 12:39	twitter/AnomalyDetection	master
17/09/11 12:13	dselivanov/reco	master
17/09/11 12:10	dselivanov/reco	master
17/09/11 12:09	dselivanov/reco	master
17/09/11 12:08	RcppCore/Rcpp	master
17/09/11 11:51	dselivanov/reco	master
17/09/11 11:22	dselivanov/reco	5d3f86e
17/09/11 10:24	omegahat/Rlibstree	master
17/09/11 10:09	rocalabern/fwftools	master
17/09/11 09:59	omegahat/Rlibstree	master
17/09/11 09:15	dselivanov/reco	master
17/09/11 09:01	dselivanov/reco	master
17/09/11 08:42	mjskay/tidybayes	master
