17/07/13 16:34	ropensci/tabulizer	master
17/07/13 16:34	leeper/tabulizerjars	master
17/07/13 16:28	bomeara/RateViz	master
17/07/13 14:36	eldarrak/FLightR	master
17/07/13 14:35	codecov/nightly	master
17/07/13 14:08	yixuan/showtext	master
17/07/13 14:06	joshuaulrich/TTR	master
17/07/13 14:02	joshuaulrich/TTR	master
17/07/13 13:57	joshuaulrich/TTR	master
17/07/13 13:57	jbkunst/highcharter	master
17/07/13 13:56	joshuaulrich/TTR	master
17/07/13 12:41	Kucharssim/SRSA	master
17/07/13 11:33	Kucharssim/SRSA	master
17/07/13 11:31	Kucharssim/SRSA	master
17/07/13 11:05	Kucharssim/SRSA	master
17/07/13 10:53	Kucharssim/SRSA	master
17/07/13 10:44	bgreenwell/mertree	master
17/07/13 10:41	bgreenwell/mertree	master
17/07/13 09:34	hoxo-m/fixer	master
17/07/13 09:17	eddelbuettel/rinside	master
17/07/13 07:59	cloudyr/aws.s3	7b9bf86
17/07/13 07:58	rstudio/sparklyr	8c45a97
17/07/13 03:55	weitingwlin/vennchart	master
17/07/13 03:07	OUKUN0705/black76IV	master
