17/09/12 14:25	bstewart/stm	development
17/09/12 14:11	ropensci/tabulizer	master
17/09/12 14:11	ropensci/tabulizerjars	master
17/09/12 13:50	dgrtwo/gganimate	master
17/09/12 11:55	Everlane/everlaneR	master
17/09/12 10:41	dselivanov/reco	master
17/09/12 10:39	joshuaulrich/quantmod	master
17/09/12 10:32	karthik/wesanderson	master
17/09/12 10:07	luisboullosa/learnr	master
17/09/12 10:02	dselivanov/reco	master
17/09/12 09:49	dselivanov/reco	master
17/09/12 08:53	trinker/plotflow	master
17/09/12 08:53	twitter/AnomalyDetection	master
17/09/12 08:38	dgrtwo/gganimate	master
17/09/12 08:16	trinker/plotflow	master
17/09/12 08:15	twitter/AnomalyDetection	master
17/09/12 04:25	aoles/EBImage	master
17/09/12 04:17	aoles/EBImage	master
17/09/12 03:44	hoxo-m/prophetExt	master
17/09/12 03:03	ropenscilabs/tabulizer	master
17/09/12 03:03	ropensci/tabulizerjars	master
17/09/12 02:57	leeper/tabulizer	master
17/09/12 02:57	leeper/tabulizerjars	master
17/09/12 02:04	goldingn/greta	master
17/09/12 01:59	hoxo-m/prophetExt	master
