17/01/06 22:21	vqv/ggbiplot	master
17/01/06 22:15	chgrl/leafletR	master
17/01/06 21:58	vqv/ggbiplot	master
17/01/06 21:01	vqv/ggbiplot	master
17/01/06 16:30	ujjwalkarn/xda	master
17/01/06 14:35	vqv/ggbiplot	master
17/01/06 10:43	twitter/AnomalyDetection	master
17/01/06 10:42	tannermlove/avages	master
17/01/06 10:41	cjendres1/nhanes	master
17/01/06 10:40	cjendres1/nhanes	master
17/01/06 09:34	phraber/lassie	master
17/01/06 09:33	hadley/plyr	master
17/01/06 09:32	tannermlove/avages	master
17/01/06 09:32	phraber/lassie	master
17/01/06 09:31	hadley/plyr	master
17/01/06 09:22	hadley/dplyr	master
17/01/06 07:58	cjendres1/nhanes	master
17/01/06 04:14	berndbischl/ParamHelpers	master
17/01/06 02:04	twitter/AnomalyDetection	master
17/01/06 02:02	twitter/AnomalyDetection	master
