17/12/20 22:09	acgerstein/diskImageR	master
17/12/20 18:16	bwlewis/irlba	master
17/12/20 16:15	nz-stefan/shinyscaffold	master
17/12/20 16:13	nz-stefan/shinyscaffold	master
17/12/20 16:07	vqv/ggbiplot	master
17/12/20 16:05	nz-stefan/shinyscaffold	master
17/12/20 16:04	nz-stefan/shinyscaffold	master
17/12/20 15:44	BavoDC/CalibrationCurves	master
17/12/20 15:42	nz-stefan/shinyscaffold	master
17/12/20 15:22	geoffjentry/twitteR	master
17/12/20 15:20	bozenne/lavaReduce	master
17/12/20 14:56	andymckenzie/DGCA	master
17/12/20 14:56	isglobal-brge/GCCA	master
17/12/20 14:50	rtsho/preprocessr	master
17/12/20 14:47	peterxeno/preprocessr	master
17/12/20 14:46	mnel/foo	master
17/12/20 14:37	conversodinHXL/TF.db	master
17/12/20 14:03	mikelove/DESeq2	master
17/12/20 13:54	mikelove/DESeq2	master
17/12/20 13:50	mm-shah/MetaNeighbor	master
17/12/20 13:15	edzer/gstat	master
17/12/20 12:50	mm-shah/MetaNeighbor	master
17/12/20 12:08	rmcelreath/rethinking	master
17/12/20 11:32	hadley/ggplot2	master
17/12/20 11:26	hadley/ggplot2	master
17/12/20 09:37	jimhester/lookup	master
17/12/20 09:35	jimhester/lookup	master
17/12/20 09:17	mikelove/DESeq2	master
17/12/20 09:12	ujjwalkarn/xda	master
17/12/20 09:12	ujjwalkarn/xda	master
17/12/20 09:09	umerijaz/microbiomeSeq	master
17/12/20 09:09	umerijaz/microbiomeSeq	master
17/12/20 08:55	mikelove/DESeq2	master
17/12/20 08:54	joey711/phyloseq	master
17/12/20 07:14	ujjwalkarn/xda	master
17/12/20 06:42	ymattu/rjumanpp	master
17/12/20 06:40	ymattu/rjumanpp	master
17/12/20 06:39	ymattu/rjumanpp	master
17/12/20 06:37	lantanacamara/lightgbmExplainer	master
17/12/20 05:42	ymattu/rjumanpp	master
17/12/20 05:28	ymattu/rjumanpp	master
17/12/20 05:28	ujjwalkarn/xda	master
17/12/20 05:27	ymattu/rjumanpp	master
17/12/20 05:27	ymattu/rjumanpp	master
17/12/20 03:35	priviere/PPBstats	master
17/12/20 03:01	crsh/papaja	master
17/12/20 01:56	functionaldata/tPACE	master
17/12/17 00:55	ujjwalkarn/xda	master
17/12/16 00:24	ColtoCaro/compMS	master
17/12/15 00:59	crsh/papaja	master
17/12/15 00:57	crsh/papaja	master
17/12/15 00:56	crsh/papaja	master
17/12/14 00:22	tlafarge/alphashape3d	master
17/12/14 00:11	tlafarge/alphashape3d	master
17/12/13 00:38	hrbrmstr/nominatim	master
17/12/12 00:54	BioStatMatt/sas7bdat.parso	master
17/12/12 00:53	BioStatMatt/sas7bdat.parso	master
17/12/12 00:50	BioStatMatt/sas7bdat.parso	master
17/12/12 00:45	BioStatMatt/sas7bdat.parso	master
17/12/07 00:29	gvegayon/twitterreport	master
17/12/07 00:27	gvegayon/twitterreport	master
17/12/07 00:20	seanchrismurphy/twtools	master
17/12/07 00:16	seanchrismurphy/twtools	master
17/12/07 00:15	seanchrismurphy/twtools	master
17/12/01 00:37	yihui/xaringan	master
17/12/01 00:23	dragua/xlsx	master
17/12/01 00:09	andrewpbray/oilabs	master
17/11/28 00:47	AndreaCirilloAC/updateR	master
17/11/24 00:15	mikemeredith/makeJAGSmask	master
17/11/22 00:40	wencke/wencke.github.io	master
17/11/21 00:03	USGS-R/streamMetabolizer	master
17/11/20 00:47	hannesmuehleisen/MonetDBLite-R	master
