17/09/01 22:08	jimvine/confinterpret	master
17/09/01 22:01	cardiomoon/ggiraphExtra	master
17/09/01 21:57	thomasp85/ggforce	master
17/09/01 21:54	leeper/margins	master
17/09/01 21:53	davidgohel/flextable	master
17/09/01 21:53	radiant-rstats/radiant	master
17/09/01 21:44	strengejacke/sjPlot	master
17/09/01 21:44	jknowles/ggeffects	master
17/09/01 21:44	sjPlot/sjstats	master
17/09/01 21:44	sjPlot/sjmisc	master
17/09/01 21:43	strengejacke/sjlabelled	master
17/09/01 21:43	stan-dev/rstanarm	master
17/09/01 21:40	Rapporter/pander	master
17/09/01 21:40	stefanedwards/lemon	master
17/09/01 21:40	yihui/servr	master
17/09/01 21:40	Artjom-Metro/ggsignif	master
17/09/01 21:39	lionel-/ggstance	master
17/09/01 21:39	clauswilke/ggjoy	master
17/09/01 21:39	hrbrmstr/ggalt	master
17/09/01 21:39	ggobi/ggally	master
17/09/01 21:38	kassambara/ggpubr	master
17/09/01 21:38	strengejacke/sjPlot	master
17/09/01 21:36	crsh/citr	master
17/09/01 21:36	hrbrmstr/hrbrthemes	master
17/09/01 21:36	crsh/papaja	master
17/09/01 21:36	daattali/addinslist	master
17/09/01 21:35	brendan-R/boxr	master
17/09/01 21:28	hrbrmstr/hrbrthemes	master
17/09/01 21:27	crsh/papaja	master
17/09/01 21:27	daattali/addinslist	master
17/09/01 21:06	ChristopherLucas/translateR	master
17/09/01 21:05	mariodeng/FirebrowseR	master
17/09/01 20:56	rtdists/rtdists	master
17/09/01 20:56	singmann/afex	master
17/09/01 18:40	ahvigil/randomForest	master
17/09/01 18:31	ja-thomas/dlbench	master
17/09/01 17:50	melff/memisc	master
17/09/01 17:37	hrbrmstr/albersusa	master
17/09/01 17:37	hrbrmstr/albersusa	master
17/09/01 17:29	ahvigil/randomForest	master
17/09/01 17:28	ahvigil/randomForest	master
17/09/01 17:28	chappers/randomProjection	master
17/09/01 17:27	bdacunha/randompic	master
17/09/01 17:27	ahvigil/randomForest	master
17/09/01 17:24	drizopoulos/ltm	master
17/09/01 17:23	r-gris/polyggon	master
17/09/01 17:22	mdsumner/polyggon	master
17/09/01 17:21	SachaEpskamp/polyCov	master
17/09/01 17:20	SachaEpskamp/polyCov	master
17/09/01 17:19	SachaEpskamp/polyCov	master
17/09/01 17:19	mdsumner/polyggon	master
17/09/01 17:13	brentonk/polywog	master
17/09/01 17:12	baddstats/polyclip	master
17/09/01 17:11	SachaEpskamp/polyCov	master
17/09/01 17:10	SachaEpskamp/polyCov	master
17/09/01 16:11	robjhyndman/forecast	471bae9671a2c9d0fd72cde1d5153db644eac6a1
17/09/01 16:09	robjhyndman/forecast	471bae9671a2c9d0fd72cde1d5153db644eac6a1
17/09/01 16:01	robjhyndman/forecast	master
17/09/01 13:50	twitter/AnomalyDetection	master
17/09/01 13:48	twitter/AnomalyDetection	master
17/09/01 13:41	noamross/noamtools	master
17/09/01 12:39	kazutan/zousan	master
17/09/01 12:38	kazutan/tubeplayR	master
17/09/01 08:24	vqv/ggbiplot	master
17/09/01 04:40	tidyverse/broom	master
17/09/01 04:40	vqv/ggbiplot	master
17/09/01 04:40	tidyverse/ggplot2	master
17/09/01 04:40	yihui/knitr	master
17/09/01 01:33	braverock/blotter	master
17/09/01 01:01	braverock/blotter	master
