17/07/24 21:26	hadley/yrbss	master
17/07/24 21:26	hadley/warncpp	master
17/07/24 21:26	hadley/usdanutrients	master
17/07/24 21:26	hadley/tanglekit	master
17/07/24 21:25	hadley/strptimer	master
17/07/24 21:25	hadley/strict	master
17/07/24 21:25	hadley/staticdocs	master
17/07/24 21:25	hadley/spatialVis	master
17/07/24 21:25	hadley/sinartra	master
17/07/24 21:25	hadley/simpleS4	master
17/07/24 21:25	hadley/shinySignals	master
17/07/24 21:25	hadley/rv2	master
17/07/24 21:25	hadley/rsmith	master
17/07/24 21:25	hadley/roxygen3	master
17/07/24 21:23	hadley/rifftron	master
17/07/24 21:23	hadley/recipes	master
17/07/24 21:22	hadley/rastermap	master
17/07/24 21:22	hadley/r4ds	master
17/07/24 21:22	hadley/r2d3	master
17/07/24 21:22	hadley/precis	master
17/07/24 21:22	hadley/pkgdown	master
17/07/24 21:21	hadley/packman	master
17/07/24 21:21	hadley/oldbookdown	master
17/07/24 21:21	hadley/neiss	master
17/07/24 21:19	hadley/mutatr	master
17/07/24 21:19	hadley/multidplyr	master
17/07/24 21:16	hadley/mturkr	master
17/07/24 21:16	hadley/monads	master
17/07/24 21:16	hadley/localmds	master
17/07/24 21:16	hadley/lobstr	master
17/07/24 21:15	hadley/linval	master
17/07/24 21:15	hadley/lineprof	master
17/07/24 21:15	hadley/layers	master
17/07/24 21:15	hadley/l1tf	master
17/07/24 21:15	hadley/imvisoned	master
17/07/24 21:14	hadley/helpr	master
17/07/24 21:14	hadley/hclpicker	master
17/07/24 21:14	hadley/hadladdin	master
17/07/24 21:14	hadley/ggstat	master
17/07/24 21:14	hadley/ggplot1	master
17/07/24 21:13	hadley/gg2v	master
17/07/24 21:13	hadley/fortify	master
17/07/24 21:13	hadley/foobar	master
17/07/24 21:13	hadley/emo	master
17/07/24 21:13	hadley/densityvis	master
17/07/24 21:13	hadley/decumar	master
17/07/24 21:13	hadley/colformat	master
17/07/24 21:13	hadley/clusterfly	master
17/07/24 21:13	hadley/bigvis	master
17/07/24 21:12	hadley/bench	master
17/07/24 21:12	hadley/S3	master
17/07/24 21:12	hadley/RcppDateTime	master
17/07/24 21:10	twitter/AnomalyDetection	master
17/07/24 20:28	twitter/AnomalyDetection	master
17/07/24 19:55	richfitz/remoji	master
17/07/24 16:52	adokter/bioRad	master
17/07/24 14:53	mclements/rstpm2	develop
17/07/24 13:27	talgalili/heatmaply	side_color_layers
17/07/24 13:25	talgalili/heatmaply	side_color_layers
17/07/24 12:14	jpmml/r2pmml	0.6.1
17/07/24 11:43	jutako/Rtools	master
17/07/24 11:42	jpmml/r2pmml	0.6.1
17/07/24 11:42	vst/mgarch	master
17/07/24 11:19	jpmml/r2pmml	0.6.1
17/07/24 11:18	jpmml/r2pmml	0.6.1
17/07/24 11:05	jpmml/r2pmml	0.6.1
17/07/24 11:04	jpmml/r2pmml	0.6.1
17/07/24 11:04	jpmml/r2pmml	0.4.0
17/07/24 10:37	jpmml/r2pmml	0.6.1
17/07/24 10:37	jpmml/r2pmml	0.6.0
17/07/24 10:36	jpmml/r2pmml	0.6.0
17/07/24 09:51	twitter/AnomalyDetection	master
17/07/24 09:24	ujjwalkarn/xda	master
17/07/24 07:38	jpmml/r2pmml	0.5.1
17/07/24 07:22	jpmml/r2pmml	0.5.1
17/07/24 07:19	jpmml/r2pmml	0.5.1
17/07/24 07:06	dannyfig/archive	master
17/07/24 06:17	hadley/xml2	master
