17/09/07 19:34	radiant-rstats/radiant.data	master
17/09/07 19:31	njtierney/naniar	master
17/09/07 19:29	njtierney/naniar	master
17/09/07 19:22	benkeser/survtmle	master
17/09/07 17:46	radiant-rstats/radiant	master
17/09/07 17:44	strengejacke/sjPlot	master
17/09/07 17:41	OHDSI/SqlRender	master
17/09/07 17:41	jknowles/ggeffects	master
17/09/07 17:41	sjPlot/sjstats	master
17/09/07 17:38	sjPlot/sjmisc	master
17/09/07 17:37	strengejacke/sjlabelled	master
17/09/07 17:35	yihui/servr	master
17/09/07 17:35	Rapporter/pander	master
17/09/07 17:34	crsh/citr	master
17/09/07 17:34	davidgohel/flextable	master
17/09/07 17:34	cbailiss/pivottabler	master
17/09/07 17:31	crsh/papaja	master
17/09/07 17:27	haozhu233/kableExtra	master
17/09/07 17:27	jrnold/ggthemes	master
17/09/07 17:26	hrbrmstr/hrbrthemes	master
17/09/07 17:25	cardiomoon/ggiraphExtra	master
17/09/07 17:24	thomasp85/ggforce	master
17/09/07 17:23	ropensci/ggit	master
17/09/07 17:23	stefanedwards/lemon	master
17/09/07 17:22	Artjom-Metro/ggsignif	master
17/09/07 17:22	lionel-/ggstance	master
17/09/07 17:21	clauswilke/ggjoy	master
17/09/07 17:21	hrbrmstr/ggalt	master
17/09/07 17:20	ggobi/ggally	master
17/09/07 17:18	kassambara/ggpubr	master
17/09/07 17:18	leeper/margins	master
17/09/07 17:16	jimvine/confinterpret	master
17/09/07 17:16	rtdists/rtdists	master
17/09/07 17:16	AndyPL22/ForestTools	master
17/09/07 17:15	stan-dev/rstanarm	master
17/09/07 17:15	daattali/addinslist	master
17/09/07 17:15	paul-buerkner/brms	master
17/09/07 17:12	rmcelreath/rethinking	master
17/09/07 17:09	singmann/afex	master
17/09/07 17:03	talgalili/installr	master
17/09/07 16:32	bearloga/maltese	master
17/09/07 16:21	bearloga/maltese	master
17/09/07 16:19	bearloga/maltese	master
17/09/07 16:16	bearloga/maltese	master
17/09/07 14:48	Gibbsdavidl/ConsensusClusterParallelPlus	master
17/09/07 14:42	richierocks/limma2	master
17/09/07 13:10	ujjwalkarn/xda	master
17/09/07 12:43	ropensci/tabulizerjars	master
17/09/07 12:34	ropensci/tabulizer	master
17/09/07 12:18	ropensci/tabulizerjars	master
17/09/07 10:05	ekstroem/dataMaid	master
17/09/07 10:04	ekstroem/dataMaid	master
17/09/07 09:11	wch/extrafont	master
17/09/07 09:09	dselivanov/reco	master
17/09/07 08:43	dselivanov/reco	master
17/09/07 07:32	hoxo-m/prophetExt	master
17/09/07 05:55	hoxo-m/prophetExt	master
17/09/07 05:54	hoxo-m/prophetExt	master
17/09/07 05:52	hoxo-m/prophetExt	master
17/09/07 05:46	hoxo-m/prophetExt	master
17/09/07 05:36	jkrijthe/Rtsne	master
17/09/07 05:34	hoxo-m/prophetExt	master
17/09/07 02:23	fcbarbi/ardl	master
17/09/07 01:21	hoxo-m/prophetExt	master
17/09/07 01:02	hoxo-m/fixer	master
