17/08/13 18:58	NOllAl/diaggnosticplots	master
17/08/13 18:57	NOllAl/diaggnosticplots	master
17/08/13 18:55	jm3594/crtpower	master
17/08/13 18:55	roliveros-ramos/calibrar	master
17/08/13 18:49	att/iplots	master
17/08/13 18:45	JaehyunSong/obi	master
17/08/13 18:43	ggobi/rggobi	master
17/08/13 18:42	ggobi/rggobi	master
17/08/13 18:31	jakesherman/easypackages	master
17/08/13 18:21	jakesherman/easypackages	master
17/08/13 18:20	jakesherman/easypackages	master
17/08/13 17:44	jakesherman/easypackages	master
17/08/13 17:36	kevinushey/cronR	master
17/08/13 17:35	wjrl/RBioFabric	master
17/08/13 17:33	leonawicz/mapmate	master
17/08/13 17:32	leonawicz/mapmate	master
17/08/13 17:31	jakesherman/easypackages	master
17/08/13 17:31	leonawicz/mapmate	master
17/08/13 15:06	PhilipPallmann/toxbox	master
17/08/13 04:15	ymattu/rjumanpp	dev
