17/12/02 17:48	mm-shah/MetaNeighbor	master
17/12/02 16:07	MalteThodberg/homeR	master
17/12/02 15:49	hadley/pillar	831aade59fc76f7cafa5ccf13b1caa159016e66a
17/12/02 15:47	ropenscilabs/skimr	a44c6fc6d87fab2765c19cf9efdf95ad9d3f683b
17/12/02 15:46	ropenscilabs/skimr	4bd6d58b3ab4c6215cd5c1e8091c60c08a2f115c
17/12/02 15:43	hadley/pillar	831aade59fc76f7cafa5ccf13b1caa159016e66a
17/12/02 15:41	ropenscilabs/skimr	0c1150e3dd3fe6
17/12/02 15:29	ropenscilabs/skimr	master
17/12/02 15:27	ropenscilabs/skimr	0c1150e3dd3fe6
17/12/02 13:20	twitter/AnomalyDetection	master
17/12/02 13:18	mm-shah/MetaNeighbor	master
17/12/02 10:29	ujjwalkarn/xda	master
17/12/02 02:00	hadley/pillar	master
17/12/02 02:00	jfisher-usgs/ObsNetwork	master
17/12/02 02:00	jfisher-usgs/ObsNetWQ	master
17/12/02 02:00	kbroman/miner	master
17/12/02 02:00	hadley/lineprof	master
17/12/02 01:59	twitter/AnomalyDetection	master
17/12/01 00:37	yihui/xaringan	master
17/12/01 00:23	dragua/xlsx	master
17/12/01 00:09	andrewpbray/oilabs	master
17/11/28 00:47	AndreaCirilloAC/updateR	master
17/11/24 00:15	mikemeredith/makeJAGSmask	master
17/11/22 00:40	wencke/wencke.github.io	master
17/11/21 00:03	USGS-R/streamMetabolizer	master
17/11/20 00:47	hannesmuehleisen/MonetDBLite-R	master
17/11/19 00:22	twitter/AnomalyDetection	master
17/11/19 00:21	twitter/AnomalyDetection	master
17/11/17 00:26	swarm-lab/trackR	master
17/11/17 00:16	shwetapurushe/weaveR	master
17/11/17 00:15	shwetapurushe/weaveR	master
17/11/13 00:57	rstudio/R-Websockets	master
17/11/12 00:57	jchiquet/spring	master
17/11/12 00:55	warnes/fork	master
17/11/12 00:52	fadiphi/cats	master
17/11/12 00:50	kvnkuang/pbmcapply	master
17/11/12 00:50	twitter/AnomalyDetection	master
17/11/12 00:49	robertzk/mappy	master
17/11/12 00:42	lampk/taskeR	master
17/11/12 00:39	MarkSelby1992/RCluster	master
17/11/12 00:37	christinehohensinn/parAL	master
17/11/12 00:33	jlduan/sckits	master
17/11/12 00:29	ECO230/eco230r	master
17/11/12 00:28	wush978/rpvm	master
17/11/12 00:26	kasperdanielhansen/Rgraphviz	master
17/11/12 00:04	greenelab/ADAGEpath	master
17/11/11 00:56	ECO230/eco230r	master
17/11/11 00:55	ECO230/eco230r	master
17/11/11 00:52	ECO230/eco230r	master
17/11/11 00:26	ECO230/eco230r	master
17/11/09 00:10	ECO230/eco230r	master
17/11/08 00:48	yutannihilation/mediumr	master
17/11/08 00:31	ECO230/eco230r	master
17/11/08 00:20	ECO230/eco230r	master
17/11/08 00:14	ECO230/eco230r	master
17/11/03 00:58	ECO230/eco230r	master
17/11/03 00:43	ECO230/eco230r	master
17/11/03 00:19	ECO230/eco230r	master
