17/10/30 22:56	Simon-Coetzee/funcivar	master
17/10/30 22:33	umerijaz/microbiomeSeq	master
17/10/30 22:25	umerijaz/microbiomeSeq	master
17/10/30 22:23	umerijaz/microbiomeSeq	master
17/10/30 22:22	umerijaz/microbiomeSeq	master
17/10/30 22:21	umerijaz/microbiomeSeq	master
17/10/30 22:12	umerijaz/microbiomeSeq	master
17/10/30 20:08	iatgen/iatgen	master
17/10/30 20:07	tcarpenter216/iatgen	master
17/10/30 20:06	iatgen/iatgen	master
17/10/30 20:05	iatgen/iatgen	master
17/10/30 18:22	vqv/ggbiplot	master
17/10/30 16:47	vqv/ggbiplot	master
17/10/30 15:18	ahornero/alternatives	master
17/10/30 15:18	ahornero/alternatives	master
17/10/30 14:51	imarkonis/scalegram	develop
17/10/30 14:08	taniaermak/NutritionR	master
17/10/30 14:00	56north/NutrientData	master
17/10/30 08:58	andrewpbray/oilabs	master
17/10/30 08:06	ujjwalkarn/xda	master
17/10/30 07:39	tidyverse/ggplot2	master
17/10/30 07:39	tidyverse/ggplot2	master
17/10/30 04:47	hoxo-m/dplyr.teradata	master
17/10/30 04:45	rstats-db/odbc	master
17/10/30 04:42	rstats-db/odbc	master
17/10/30 02:50	hoxo-m/dplyr.teradata	master
17/10/30 01:05	twitter/AnomalyDetection	master
17/10/30 01:02	bmschmidt/wordVectors	master
17/10/27 00:59	jennybc/googlesheets	master
17/10/27 00:58	jennybc/googlesheets	master
17/10/27 00:58	jennybc/googlesheets	master
17/10/27 00:58	jennybc/googlesheets	master
17/10/27 00:58	jennybc/googlesheets	master
17/10/27 00:56	vlsci/Analytics	master
17/10/27 00:50	jennybc/googlesheets	master
17/10/27 00:39	jennybc/googlesheets	master
17/10/25 00:23	ajdamico/lodown	master
17/10/23 00:52	ECO230/eco230r	master
17/10/23 00:45	ECO230/eco230r	master
17/10/22 00:53	bradleyboehmke/harrypotter	master
17/10/21 00:49	tidyverse/tidyr	master
17/10/21 00:48	r-lib/boxes	master
17/10/21 00:46	twitter/AnomalyDetection	master
17/10/21 00:45	twitter/AnomalyDetection	master
17/10/20 00:11	BavoDC/CalibrationCurves	master
17/10/18 00:25	mikemeredith/makeJAGSmask	master
17/10/17 00:36	hoxo-m/prophetExt	master
17/10/17 00:17	rstudio/rmarkdown	master
17/10/17 00:15	ymattu/MlBayesOpt	master
17/10/17 00:11	yutannihilation/kokudosuuchi	master
17/10/17 00:06	hoxo-m/prophetExt	master
17/10/17 00:00	yutannihilation/kokudosuuchi	master
17/10/16 00:26	hadley/scagnostics	master
17/10/07 00:52	kerguler/Barnard	master
17/10/07 00:45	kerguler/Barnard	master
17/10/07 00:42	kerguler/Barnard	master
17/10/04 00:23	OpenMx/OpenMx	master
17/10/04 00:21	OpenMx/OpenMx	master
17/09/30 00:08	ropensci/tabulizer	master
17/09/30 00:08	ropensci/tabulizerjars	master
