17/06/27 19:38	yihui/MSG	master
17/06/27 19:21	wangqinhu/aid	master
17/06/27 18:54	ggrothendieck/sqldf	master
17/06/27 18:26	mikemeredith/makeJAGSmask	master
17/06/27 18:19	ramnathv/rCharts	master
17/06/27 17:49	jaredlander/coefplot	master
17/06/27 17:37	dyerlab/gstudio	master
17/06/27 17:35	dyerlab/popgraph	master
17/06/27 16:28	GuangchuangYu/clusterProfiler	master
17/06/27 15:47	RcppCore/Rcpp	master
17/06/27 14:56	mikemeredith/makeJAGSmask	master
17/06/27 14:18	conversodinHXL/TF.db	master
17/06/27 14:00	conversodinHXL/TF.db	master
17/06/27 12:45	twitter/AnomalyDetection	master
17/06/27 12:20	intermine/intermineR	dev
17/06/27 11:54	ricardo-bion/ggradar	master
17/06/27 11:54	ramnathv/htmlwidgets	master
17/06/27 11:23	sjmgarnier/viridis	master
17/06/27 11:15	hadley/fueleconomy	master
17/06/27 11:10	hadley/fueleconomy	master
17/06/27 10:12	ropensci/europepmc	master
17/06/27 10:04	bmihaljevic/bnclassify	master
17/06/27 08:29	carloscinelli/benford.analysis	master
17/06/27 07:47	ropensci/europepmc	master
17/06/27 06:55	cloudyr/aws.s3	7b9bf86
17/06/27 02:21	tarakc02/rmapzen	master
17/06/27 02:19	tarakc02/rmapzen	master
17/06/27 02:15	tarakc02/rmapzen	master
17/06/27 01:18	dyerlab/gstudio	master
17/06/27 01:12	dyerlab/popgraph	master
