17/03/30 12:18	bmschmidt/wordVectors	master
17/03/30 11:48	rstudio/sparklyr	%23584
17/03/30 11:47	rstudio/sparklyr	%23584
17/03/30 11:18	rstudio/sparklyr	%23584
17/03/30 11:11	rstudio/sparklyr	%23584
17/03/30 11:03	rstudio/sparklyr	%23584
17/03/30 11:01	rstudio/sparklyr	%23584
17/03/30 11:00	rstudio/sparklyr	%23584
17/03/30 11:00	rstudio/sparklyr	%23584
17/03/30 11:00	tavareshugo/windowscanr	master
17/03/30 10:59	rstudio/sparklyr	%23584
17/03/30 10:59	rstudio/sparklyr	%23584
17/03/30 10:59	rstudio/sparklyr	%23584
17/03/30 10:59	rstudio/sparklyr	%23584
17/03/30 10:59	rstudio/sparklyr	%23584
17/03/30 10:59	rstudio/sparklyr	%23584
17/03/30 10:59	rstudio/sparklyr	%23584
17/03/30 10:59	rstudio/sparklyr	%23584
17/03/30 10:58	rstudio/sparklyr	%23584
17/03/30 10:58	rstudio/sparklyr	%23584
17/03/30 10:58	rstudio/sparklyr	%23584
17/03/30 10:58	rstudio/sparklyr	%23584
17/03/30 10:58	rstudio/sparklyr	%23584
17/03/30 10:58	rstudio/sparklyr	%23584
17/03/30 10:58	rstudio/sparklyr	%23584
17/03/30 10:58	rstudio/sparklyr	%23584
17/03/30 10:58	rstudio/sparklyr	%23584
17/03/30 10:58	rstudio/sparklyr	%23584
17/03/30 10:57	rstudio/sparklyr	%23584
17/03/30 10:57	rstudio/sparklyr	%23584
17/03/30 10:57	rstudio/sparklyr	%23584
17/03/30 10:57	tavareshugo/windowscanr	master
17/03/30 10:53	arnima-github/icesAdvice	master
17/03/30 10:51	rstudio/sparklyr	%23584
17/03/30 10:48	stefano-meschiari/latex2exp	master
17/03/30 08:58	pbsag/tcadr	master
17/03/30 05:09	kazutan/zousan	master
17/03/30 02:10	sfr/snippets-addin	master
17/03/30 02:10	hrbrmstr/markdowntemplates	master
17/03/30 02:09	rstudio/addinexamples	master
