17/09/18 21:46	jeffreyat/M2EFM	master
17/09/18 21:27	strengejacke/sjPlot	master
17/09/18 20:46	hadley/devtools	master
17/09/18 20:45	r-lib/pkgload	master
17/09/18 20:43	hadley/devtools	master
17/09/18 20:02	jeffreyat/M2EFM	master
17/09/18 18:46	ewenme/fplR	master
17/09/18 17:52	jaroyle/oSCR	master
17/09/18 17:12	16mc1r/dpaux	master
17/09/18 17:08	16mc1r/dpaux	master
17/09/18 16:58	swish-climate-impact-assessment/awaptools	master
17/09/18 16:57	16mc1r/dpaux	master
17/09/18 16:57	swish-climate-impact-assessment/awaptools	master
17/09/18 16:20	16mc1r/dpaux	master
17/09/18 16:08	harveyl888/fplR	master
17/09/18 15:59	hoxo-m/prophetExt	master
17/09/18 15:36	tidyverse/ggplot2	master
17/09/18 15:22	tidyverse/ggplot2	master
17/09/18 15:18	tidyverse/ggplot2	master
17/09/18 14:52	IRkernel/IRkernel	master
17/09/18 14:32	IRkernel/IRkernel	master
17/09/18 14:27	IRkernel/IRkernel	master
17/09/18 13:44	rstudio/shiny	v1.0.1
17/09/18 13:43	rstudio/shiny	v1.0.1
17/09/18 13:25	rstudio/sparklyr	v0.6
17/09/18 12:44	rstudio/shiny	v1.0.1
17/09/18 12:19	zzawadz/dragulaR	master
17/09/18 12:06	tidyverse/dplyr	v0.7.2
17/09/18 12:02	rstudio/shiny	v1.0.1
17/09/18 12:00	tidyverse/dplyr	v0.7.0
17/09/18 11:57	tidyverse/dplyr	v0.7.0
17/09/18 11:46	andeek/rpart	master
17/09/18 10:42	r-lib/withr	master
17/09/18 10:39	topepo/recipes	master
17/09/18 10:37	gdkrmr/dimRed	master
17/09/18 10:10	hrbrmstr/curlconverter	master
17/09/18 10:01	friendly/matlib	master
17/09/18 10:00	tidyverse/tidyselect	master
17/09/18 09:59	tidyverse/glue	master
17/09/18 09:58	tidyverse/rlang	master
17/09/18 09:06	dselivanov/reco	master
17/09/18 07:30	brry/rdwd	master
17/09/18 07:28	brry/rdwd	master
