17/07/28 12:25	Microsoft/AzureSMR	master
17/07/28 11:32	norimune/glmmstan	master
17/07/28 11:28	corybrunson/ggalluvial	master
17/07/28 11:00	talgalili/installr	master
17/07/28 10:57	tidyverse/tidyverse	master
17/07/28 10:50	tidyverse/rlang	master
17/07/28 10:31	USGS-R/hydroMap	master
17/07/28 10:31	WinVector/wrapr	master
17/07/28 10:13	tidyverse/tidyverse	master
17/07/28 10:09	Microsoft/AzureSMR	master
17/07/28 10:07	Microsoft/AzureSMR	master
17/07/28 09:51	mages/ChainLadder	master
17/07/28 09:49	actuaryzhang/cplm	master
17/07/28 09:48	mages/ChainLadder	master
17/07/28 09:46	mages/ChainLadder	master
17/07/28 09:28	Microsoft/AzureSMR	master
17/07/28 07:49	renukasane/penCalc	master
17/07/28 07:49	renukasane/penCalc	master
17/07/28 07:46	renukasane/penCalc	master
17/07/28 07:46	renukasane/penCalc	master
17/07/28 02:50	deanmarchiori/qPlanR	master
17/07/28 02:49	phubers/erlang	master
