17/10/06 12:12	pschulam-attic/trajclust	master
17/10/06 11:52	mages/ChainLadder	master
17/10/06 08:45	hoxo-m/prophetExt	master
17/10/06 08:43	vinhtantran/monoClust	master
17/10/06 08:33	tarakc02/preprocessr	master
17/10/06 08:33	peterxeno/preprocessr	master
17/10/06 08:33	artichaud1/preprocessr	master
17/10/06 07:38	twitter/AnomalyDetection	master
17/10/06 06:47	sgibb/sgtools	master
17/10/06 06:34	pdrano/IKTrading	master
17/10/06 06:13	R-Finance/quantstrat	master
17/10/06 06:12	R-Finance/blotter	master
17/10/06 06:12	R-Finance/quantstrat	master
17/10/06 06:03	ujjwalkarn/xda	master
17/10/06 05:59	waldronlab/curatedTCGAData	master
17/10/06 05:55	andreaelia/pcashinyapp	master
17/10/06 05:53	daranzolin/rcanvas	master
17/10/06 05:44	hs3180/awesome-cep	master
17/10/06 05:44	ropensci/plotly	master
17/10/06 05:43	pachterlab/sleuth	master
17/10/06 05:42	rstudio/blogdown	master
17/10/06 05:16	jpmml/r2pmml	0.3.0
17/10/06 05:09	jpmml/r2pmml	0.3.0
17/10/06 05:06	jpmml/r2pmml	0.3.0
17/10/06 04:27	jpmml/r2pmml	0.3.0
17/10/06 04:21	dgrtwo/gganimate	master
17/10/06 01:40	andrewcparnell/Bclim	master
