17/07/18 21:15	bomeara/selac	master
17/07/18 17:50	JohnCoene/bibler	master
17/07/18 17:29	ramnathv/rCharts	master
17/07/18 17:17	trnnick/TStools	master
17/07/18 17:12	ujjwalkarn/xda	master
17/07/18 14:56	jverzani/gWidgets2RGtk2	master
17/07/18 14:55	twitter/AnomalyDetection	master
17/07/18 13:06	billyhw/GSALightning	testing
17/07/18 12:57	mikemeredith/makeJAGSmask	master
17/07/18 11:41	Laurae2/Laurae	master
17/07/18 11:40	Laurae2/Laurae	master
17/07/18 09:30	rstudio/sparklyr	9ba9d56
17/07/18 09:17	billyhw/GSALightning	testing
17/07/18 08:06	statsmaths/hpart	master
17/07/18 08:06	jslefche/divpart	master
17/07/18 08:05	andeek/rpart	master
17/07/18 07:32	prestodb/RPresto	master
17/07/18 07:15	ujjwalkarn/xda	master
17/07/18 05:51	statsmaths/coreNLP	master
17/07/18 04:16	jimhester/covr	master
17/07/18 02:52	R-Finance/quantstrat	master
17/07/18 02:51	R-Finance/blotter	master
17/07/18 02:49	student-t/RFinance	master
17/07/18 02:49	R-Finance/blotter	master
17/07/18 02:45	R-Finance/quantstrat	master
