17/02/15 19:37	bhaskarvk/tilegramsR	master
17/02/15 18:57	aoles/shinyURL	master
17/02/15 18:53	aoles/shinyURL	master
17/02/15 18:49	aoles/shinyURL	master
17/02/15 18:39	aoles/shinyURL	master
17/02/15 18:32	aoles/shinyURL	master
17/02/15 18:22	aoles/shinyURL	master
17/02/15 16:50	aoles/shinyURL	master
17/02/15 16:26	chrisschuerz/pasta	master
17/02/15 16:15	aoles/shinyURL	master
17/02/15 16:12	aoles/shinyURL	master
17/02/15 16:07	aoles/shinyURL	master
17/02/15 15:11	pedrocostaferreira/BETS	e6ac944
17/02/15 13:12	dashee87/jobbR	master
17/02/15 12:34	gmbecker/rpath	master
17/02/15 10:51	chrisschuerz/pasta	master
17/02/15 10:49	chrisschuerz/pasta	master
17/02/15 10:34	uzh/ezRun	master
17/02/15 09:10	uzh/ezRun	master
17/02/15 08:29	knausb/vcfR	master
17/02/15 04:24	agstudy/rsqlserver	master
17/02/15 02:57	GfellerLab/EPIC	master
17/02/15 02:45	dgrtwo/gganimate	26ec501
17/02/15 00:43	kazutan/zousan	master
17/02/15 00:42	hoxo-m/githubinstall	master
17/02/14 00:03	StatsWithR/statsr	master
17/02/14 00:00	StatsWithR/statsr	master
17/02/12 00:20	trestletech/plumber	master
17/02/10 00:42	andrewpbray/oilabs	master
17/02/07 00:21	smach/rmiscutils	master
17/02/03 00:56	mlr-org/mlr	xgboost_latest
