17/02/14 20:14	aoles/shinyURL	master
17/02/14 19:50	jcizel/FredR	master
17/02/14 19:49	jcizel/FredR	master
17/02/14 19:48	jcizel/FredR	master
17/02/14 19:48	jcizel/FredR	master
17/02/14 19:18	rvidgen/clr	master
17/02/14 19:05	rvidgen/clr	master
17/02/14 18:46	mages/googleVis	master
17/02/14 16:22	gregmacfarlane/omxr	master
17/02/14 16:20	pbsag/tcadr	master
17/02/14 16:14	aoles/shinyURL	master
17/02/14 15:15	gregmacfarlane/omxr	master
17/02/14 15:13	pbsag/tcadr	master
17/02/14 12:33	hrbrmstr/slackr	master
17/02/14 06:57	vqv/ggbiplot	master
17/02/14 01:44	mtennekes/tmap	master
17/02/14 00:03	StatsWithR/statsr	master
17/02/14 00:00	StatsWithR/statsr	master
17/02/12 00:20	trestletech/plumber	master
17/02/10 00:42	andrewpbray/oilabs	master
17/02/07 00:21	smach/rmiscutils	master
17/02/03 00:56	mlr-org/mlr	xgboost_latest
