17/06/21 21:02	tidyverse/broom	master
17/06/21 21:02	tidyverse/broom	master
17/06/21 21:00	rstudio/keras	master
17/06/21 20:23	lme4/lme4	master
17/06/21 16:52	vqv/ggbiplot	master
17/06/21 16:02	smgogarten/PlateMap	master
17/06/21 15:58	twitter/AnomalyDetection	master
17/06/21 15:37	bergant/depmodelr	master
17/06/21 14:53	trestletech/rgl	js-class
17/06/21 14:46	satijalab/seurat	master
17/06/21 13:42	sunsiyu/featurer	master
17/06/21 13:42	mpiccirilli/weatheR	master
17/06/21 13:41	maptopixel/WeatheR	master
17/06/21 13:41	jrnold/flatter	master
17/06/21 13:32	markwh/streamstats	master
17/06/21 13:04	sjp/grConvert	master
17/06/21 13:02	BigelowLab/spnc	master
17/06/21 13:02	BigelowLab/obpgcrawler	master
17/06/21 13:00	BigelowLab/threddscrawler	master
17/06/21 12:51	leeper/rio	master
17/06/21 11:18	donkeyshot/phybreak	master
17/06/21 10:36	Chen-Chaozong/extraTechInds	master
17/06/21 10:34	Chen-Chaozong/extraTechInds	master
17/06/21 10:34	Chen-Chaozong/extraTechInds	master
17/06/21 10:24	biometry/FReibier	master
17/06/21 10:19	biometry/FReibier	master
17/06/21 10:13	donkeyshot/phybreak	master
17/06/21 10:10	donkeyshot/phybreak	master
17/06/21 10:08	donkeyshot/phybreak	master
17/06/21 09:24	RGLab/flowDensity	master
17/06/21 09:24	RGLab/flowDensity	master
17/06/21 08:53	ramnathv/rCharts	master
17/06/21 08:51	hadley/pryr	master
17/06/21 08:16	twitter/AnomalyDetection	master
17/06/21 07:44	trestletech/rydn	master
17/06/21 07:43	hrbrmstr/nominatim	master
17/06/21 07:42	hrbrmstr/nominatim	master
17/06/21 07:39	donkeyshot/phybreak	master
17/06/21 07:16	mikemeredith/makeJAGSmask	master
17/06/21 02:14	rstudio/keras	master
