17/05/23 15:29	ujjwalkarn/xda	master
17/05/23 15:16	ujjwalkarn/xda	master
17/05/23 15:05	uebvhir/anaStatsUEB	master
17/05/23 15:04	miriamMota/mmotaF	master
17/05/23 11:39	tidyverse/tidyverse	master
17/05/23 11:36	tidyverse/tibble	master
17/05/23 11:27	hadley/rlang	master
17/05/23 11:06	saurfang/rwebhdfs	master
17/05/23 10:22	ropensci/europepmc	master
17/05/23 09:47	aoles/EBImage	master
17/05/23 09:35	aoles/EBImage	master
17/05/23 08:40	ropensci/plotly	master
17/05/23 08:38	dardisco/LogisticDx	master
17/05/23 08:36	ropensci/plotly	master
17/05/23 07:36	geoffjentry/twitteR	master
17/05/23 07:36	geoffjentry/twitteR	master
17/05/23 07:23	rBatt/facebook5	master
17/05/23 05:32	geoffjentry/twitteR	master
17/05/23 04:20	yihui/runr	master
17/05/23 04:20	twitter/AnomalyDetection	master
17/05/23 03:34	JWiley/postMCMCglmm	master
