17/11/01 18:03	aaronolsen/linkR	master
17/11/01 17:51	Microsoft/AzureSMR	master
17/11/01 17:51	Microsoft/AzureSMR	master
17/11/01 16:07	jm3594/crtpower	master
17/11/01 16:05	Kucharssim/SRSA	SRconstruction
17/11/01 15:58	jm3594/crtpower	master
17/11/01 15:12	pmur002/gridgraphics	master
17/11/01 14:17	Kucharssim/SRSA	SRconstruction
17/11/01 14:14	Kucharssim/SRSA	SRconstruction
17/11/01 14:09	Kucharssim/SRSA	SRconstruction
17/11/01 14:03	Kucharssim/SRSA	SRconstruction
17/11/01 14:02	Kucharssim/SRSA	old
17/11/01 13:54	Kucharssim/SRSA	develop2
17/11/01 13:53	Kucharssim/SRSA	develop2
17/11/01 13:41	Kucharssim/SRSA	master
17/11/01 13:40	Kucharssim/SRSA	old
17/11/01 13:40	Kucharssim/SRSA	master
17/11/01 13:21	Kucharssim/SRSA	develop
17/11/01 13:20	Kucharssim/SRSA	develop
17/11/01 10:40	mikemeredith/wiqid	master
17/11/01 10:24	mikemeredith/wiqid	master
17/11/01 10:00	decryptr/decryptr	master
17/11/01 08:03	jokergoo/ComplexHeatmap	master
17/11/01 08:02	stanstrup/heatmap3	master
17/11/01 08:02	kassambara/survminer	master
17/11/01 08:00	richierocks/limma2	master
17/11/01 07:39	ujjwalkarn/xda	master
17/11/01 03:58	rstudio/tensorflow	master
17/11/01 03:57	rstudio/tensorflow	master
17/11/01 01:13	ECO230/eco230r	master
17/11/01 01:00	ECO230/eco230r	master
17/11/01 00:56	ECO230/eco230r	master
17/11/01 00:53	lme4/lme4	master
17/11/01 00:52	ECO230/eco230r	master
17/11/01 00:51	skranz/restorepoint	master
17/11/01 00:14	ECO230/eco230r	master
17/10/31 00:28	bocinsky/paleocar	master
17/10/27 00:59	jennybc/googlesheets	master
17/10/27 00:58	jennybc/googlesheets	master
17/10/27 00:58	jennybc/googlesheets	master
17/10/27 00:58	jennybc/googlesheets	master
17/10/27 00:58	jennybc/googlesheets	master
17/10/27 00:56	vlsci/Analytics	master
17/10/27 00:50	jennybc/googlesheets	master
17/10/27 00:39	jennybc/googlesheets	master
17/10/25 00:23	ajdamico/lodown	master
17/10/23 00:52	ECO230/eco230r	master
17/10/23 00:45	ECO230/eco230r	master
17/10/22 00:53	bradleyboehmke/harrypotter	master
17/10/21 00:49	tidyverse/tidyr	master
17/10/21 00:48	r-lib/boxes	master
17/10/21 00:46	twitter/AnomalyDetection	master
17/10/21 00:45	twitter/AnomalyDetection	master
17/10/20 00:11	BavoDC/CalibrationCurves	master
17/10/18 00:25	mikemeredith/makeJAGSmask	master
17/10/17 00:36	hoxo-m/prophetExt	master
17/10/17 00:17	rstudio/rmarkdown	master
17/10/17 00:15	ymattu/MlBayesOpt	master
17/10/17 00:11	yutannihilation/kokudosuuchi	master
17/10/17 00:06	hoxo-m/prophetExt	master
17/10/17 00:00	yutannihilation/kokudosuuchi	master
17/10/16 00:26	hadley/scagnostics	master
17/10/07 00:52	kerguler/Barnard	master
17/10/07 00:45	kerguler/Barnard	master
17/10/07 00:42	kerguler/Barnard	master
17/10/04 00:23	OpenMx/OpenMx	master
17/10/04 00:21	OpenMx/OpenMx	master
