17/08/18 13:55	jrnold/KFAS	master
17/08/18 13:53	jrnold/KFAS	master
17/08/18 13:29	hadley/ggplot2	master
17/08/18 13:08	ymattu/rjumanpp	dev
17/08/18 12:30	rstats-db/bigrquery	master
17/08/18 08:04	analytics-ufcg/busminer	master
17/08/18 08:01	analytics-ufcg/busminer	master
17/08/18 08:01	analytics-ufcg/busminer	master
17/08/18 07:58	rustr/rustinr	master
17/08/18 07:50	OHDSI/PatientLevelPrediction	master
17/08/18 07:48	OHDSI/PatientLevelPrediction	sdRplot
17/08/18 07:45	rustr/rustinr	sdRplot
17/08/18 07:42	rustr/rustinr	master
17/08/18 07:41	rustr/rustinr	master
17/08/18 07:40	analytics-ufcg/busminer	master
17/08/18 07:39	analytics-ufcg/busminer	master
17/08/18 07:30	rustr/rustinr	sdRplot
17/08/18 07:29	analytics-ufcg/busminer	sdRplot
17/08/18 07:27	analytics-ufcg/busminer	sdRplot
17/08/18 07:25	rustr/rustinr	sdRplot
17/08/18 07:07	analytics-ufcg/busminer	sdRplot
17/08/18 07:06	analytics-ufcg/busminer	sdRplot.R
17/08/18 07:05	analytics-ufcg/busminer	sdRplot
17/08/18 07:05	analytics-ufcg/busminer	sdRplot
17/08/18 07:04	analytics-ufcg/busminer	sdRplot
17/08/18 07:00	analytics-ufcg/busminer	master
