17/12/25 17:24	mmuurr/RPostgreSQL	master
17/12/25 15:28	zdealveindy/weimea	master
17/12/25 14:13	s-u/RJDBC	master
17/12/25 14:12	ujjwalkarn/xda	master
17/12/25 14:11	ujjwalkarn/xda	master
17/12/25 13:51	jutako/Rtools	master
17/12/25 13:51	dragua/xlsxjars	master
17/12/25 13:37	rstats-db/DBI	master
17/12/25 13:06	twitter/AnomalyDetection	master
17/12/25 12:46	srvanderplas/RJDBC	master
17/12/25 12:40	s-u/RJDBC	master
17/12/25 11:07	twitter/AnomalyDetection	master
17/12/25 11:03	twitter/AnomalyDetection	master
17/12/17 00:55	ujjwalkarn/xda	master
17/12/16 00:24	ColtoCaro/compMS	master
17/12/15 00:59	crsh/papaja	master
17/12/15 00:57	crsh/papaja	master
17/12/15 00:56	crsh/papaja	master
17/12/14 00:22	tlafarge/alphashape3d	master
17/12/14 00:11	tlafarge/alphashape3d	master
17/12/13 00:38	hrbrmstr/nominatim	master
17/12/12 00:54	BioStatMatt/sas7bdat.parso	master
17/12/12 00:53	BioStatMatt/sas7bdat.parso	master
17/12/12 00:50	BioStatMatt/sas7bdat.parso	master
17/12/12 00:45	BioStatMatt/sas7bdat.parso	master
17/12/07 00:29	gvegayon/twitterreport	master
17/12/07 00:27	gvegayon/twitterreport	master
17/12/07 00:20	seanchrismurphy/twtools	master
17/12/07 00:16	seanchrismurphy/twtools	master
17/12/07 00:15	seanchrismurphy/twtools	master
17/12/01 00:37	yihui/xaringan	master
17/12/01 00:23	dragua/xlsx	master
17/12/01 00:09	andrewpbray/oilabs	master
17/11/28 00:47	AndreaCirilloAC/updateR	master
