17/07/25 12:36	jpmml/r2pmml	0.3.0
17/07/25 12:35	jpmml/r2pmml	0.3.0
17/07/25 12:28	caleblareau/scTools	master
17/07/25 12:26	jpmml/r2pmml	0.3.0
17/07/25 12:24	jpmml/r2pmml	0.3.0
17/07/25 12:23	jpmml/r2pmml	0.3.0
17/07/25 12:13	caleblareau/scTools	master
17/07/25 12:07	caleblareau/scTools	master
17/07/25 11:19	jpmml/r2pmml	0.3.0
17/07/25 10:25	jpmml/r2pmml	0.3.0
17/07/25 10:24	jpmml/r2pmml	0.4.0
17/07/25 10:21	jpmml/r2pmml	0.5.0
17/07/25 10:19	jpmml/r2pmml	0.3.0
17/07/25 10:01	gbm-developers/gbm	master
17/07/25 10:00	jpmml/r2pmml	0.6.0
17/07/25 09:53	jpmml/r2pmml	0.6.0
17/07/25 08:15	mrgsolve/openmodel	master
17/07/25 08:10	mrgsolve/openmodel	master
17/07/25 07:40	mclements/rstpm2	develop
17/07/25 07:39	mclements/rstpm2	develop
17/07/25 07:37	mclements/rstpm2	develop
17/07/25 07:33	mclements/rstpm2	develop
17/07/25 07:32	mclements/rstpm2	develop
17/07/25 06:59	jpmml/r2pmml	0.6.0
17/07/25 06:54	hadley/xml2	master
17/07/25 06:52	jpmml/r2pmml	0.6.0
17/07/25 06:49	jpmml/r2pmml	0.6.0
17/07/25 06:37	jpmml/r2pmml	0.6.0
17/07/25 06:34	jpmml/r2pmml	0.6.0
17/07/25 06:33	jpmml/r2pmml	0.6.0
17/07/25 06:28	jpmml/r2pmml	0.6.0
17/07/25 06:28	jpmml/r2pmml	0.6.0
17/07/25 06:26	jpmml/r2pmml	0.6.0
17/07/25 06:23	jpmml/r2pmml	0.6.0
17/07/25 06:22	jpmml/r2pmml	0.6.0
17/07/25 06:20	jpmml/r2pmml	0.6.0
17/07/25 06:19	jpmml/r2pmml	0.6.0
17/07/25 06:08	ujjwalkarn/xda	master
17/07/25 06:06	ujjwalkarn/xda	master
17/07/25 06:01	jpmml/r2pmml	0.6.0
17/07/25 06:00	jpmml/r2pmml	0.6.0
17/07/25 05:59	renukasane/penCalc	master
17/07/25 05:49	jpmml/r2pmml	0.6.0
17/07/25 05:42	jpmml/r2pmml	0.6.0
17/07/25 05:40	jpmml/r2pmml	0.6.0
17/07/25 05:38	jpmml/r2pmml	0.6.0
17/07/25 05:25	jpmml/r2pmml	0.6.0
17/07/25 05:08	jpmml/r2pmml	0.6.0
17/07/25 05:07	jpmml/r2pmml	0.6.0
17/07/25 05:05	jpmml/r2pmml	0.6.0
17/07/25 04:49	jpmml/r2pmml	0.6.0
17/07/25 04:40	jpmml/r2pmml	0.6.0
17/07/25 04:39	jpmml/r2pmml	0.6.0
17/07/25 04:09	jpmml/r2pmml	0.6.0
17/07/25 04:07	jpmml/r2pmml	0.6.0
17/07/25 04:05	jpmml/r2pmml	0.6.0
17/07/25 04:03	jpmml/r2pmml	0.6.1
17/07/25 04:01	jpmml/r2pmml	0.6.1
17/07/25 03:24	cbg-ethz/TiMEx	master
17/07/25 03:23	cbg-ethz/TiMEx	master
17/07/25 03:23	cbg-ethz/TiMEx	master
