17/06/30 12:04	mikemeredith/makeJAGSmask	master
17/06/30 10:44	rstudio/sparklyr	d83e818
17/06/30 10:42	lbusett/MODIStsp	master
17/06/30 10:17	fcbarbi/ardl	master
17/06/30 10:10	ujjwalkarn/xda	master
17/06/30 09:29	brunomssmelo/RcextTools	master
17/06/30 08:45	bowerth/stan	master
17/06/30 08:40	rmcelreath/rethinking	master
17/06/30 08:39	rmcelreath/rethinking	master
17/06/30 08:38	bowerth/stan	master
17/06/30 08:38	aaronbarnett/rstab	master
17/06/30 08:33	cloudyr/aws.s3	984d15d
17/06/30 08:03	rstudio/sparklyr	faaeb68
17/06/30 07:51	cloudyr/aws.s3	7b9bf86
17/06/30 07:21	cloudyr/aws.s3	7b9bf86
17/06/30 07:20	cloudyr/aws.s3	b11a366
17/06/30 06:59	cloudyr/aws.s3	b11a366
17/06/30 06:59	cloudyr/aws.signature	73a47d5
17/06/30 06:58	cloudyr/aws.s3	b11a366
17/06/30 06:57	cloudyr/aws.s3	b11a366
17/06/30 06:31	brunomssmelo/RcextTools	master
