17/06/24 17:12	wilkox/ggfittext	master
17/06/24 15:14	dtkaplan/checkr	master
17/06/24 14:18	RcppCore/RcppEigen	ea2de67
17/06/24 14:16	RcppCore/RcppEigen	058e8ba
17/06/24 14:15	RcppCore/RcppEigen	f318302
17/06/24 14:03	RcppCore/RcppEigen	f8ba1ed
17/06/24 14:01	RcppCore/RcppEigen	7bc0efb
17/06/24 14:00	RcppCore/RcppEigen	master
17/06/24 12:54	aoles/EBImage	master
17/06/24 12:51	aoles/EBImage	master
17/06/24 11:50	mpastell/Rpyplot	master
17/06/24 11:16	kbenoit/readtext	master
17/06/24 10:57	duncantl/CodeDepends	master
17/06/24 10:56	kbenoit/readtext	master
17/06/24 10:54	tidyverse/rlang	master
17/06/24 10:47	mdlincoln/lumberjack	master
17/06/24 07:01	mikemeredith/makeJAGSmask	master
17/06/24 06:08	ropensci/tabulizer	master
17/06/24 06:07	ropensci/tabulizerjars	master
17/06/24 05:54	ropensci/tabulizer	master
17/06/24 05:53	ropensci/tabulizerjars	master
17/06/24 02:50	bayesball/BApredict	master
17/06/24 01:46	vqv/ggbiplot	master
17/06/24 01:43	vqv/ggbiplot	master
17/06/24 01:41	vqv/ggbiplot	master
