17/02/03 17:26	mpancia/RxNormR	master
17/02/03 17:25	mpancia/RxNormR	master
17/02/03 16:17	Rdatatable/data.table	master
17/02/03 16:04	ropensci/hunspell	master
17/02/03 15:53	Rdatatable/data.table	master
17/02/03 15:07	edwindj/chunked	master
17/02/03 14:55	abresler/forbesListR	master
17/02/03 13:22	chrisschuerz/pasta	master
17/02/03 13:11	gbradburd/SpaceMix	master
17/02/03 12:30	krlmlr/here	master
17/02/03 12:03	chrisschuerz/pasta	master
17/02/03 12:00	dselivanov/text2vec	master
17/02/03 11:57	dselivanov/text2vec	master
17/02/03 11:55	dselivanov/text2vec	master
17/02/03 11:54	dselivanov/text2vec	master
17/02/03 10:25	tavareshugo/windowscanr	master
17/02/03 09:44	vqv/ggbiplot	master
17/02/03 09:08	twitter/AnomalyDetection	master
17/02/03 04:02	jimhester/gmailr	master
17/02/03 03:49	cdeterman/gpuR	master
17/02/03 03:13	smach/rmiscutils	master
17/02/03 03:03	smach/rmiscutils	master
17/02/03 03:00	smach/rmiscutils	master
17/02/03 02:55	smach/rmiscutils	master
17/02/03 02:42	datadotworld/data.world-r	master
17/02/03 00:56	mlr-org/mlr	xgboost_latest
