17/11/10 22:28	ECO230/eco230r	master
17/11/10 22:28	ECO230/eco230r	master
17/11/10 22:27	ECO230/eco230r	master
17/11/10 22:27	ECO230/eco230r	master
17/11/10 22:18	ECO230/eco230r	master
17/11/10 22:18	ECO230/eco230r	master
17/11/10 21:47	RandiLGarcia/dyadr	master
17/11/10 21:43	ECO230/eco230r	master
17/11/10 21:43	ECO230/eco230r	master
17/11/10 21:32	ECO230/eco230r	master
17/11/10 21:32	ECO230/eco230r	master
17/11/10 19:53	ECO230/eco230r	master
17/11/10 19:47	YTLogos/gganimate	master
17/11/10 19:47	aneesrana/gganimate	master
17/11/10 19:46	dgrtwo/gganimate	master
17/11/10 19:35	ECO230/eco230r	master
17/11/10 19:22	ECO230/eco230r	master
17/11/10 19:17	ECO230/eco230r	master
17/11/10 18:14	ECO230/eco230r	master
17/11/10 17:44	ECO230/eco230r	master
17/11/10 17:38	StatsWithR/statsr	master
17/11/10 17:18	ECO230/eco230r	master
17/11/10 17:16	ECO230/eco230r	master
17/11/10 17:13	ECO230/eco230r	master
17/11/10 17:08	ECO230/eco230r	master
17/11/10 17:07	ECO230/eco230r	master
17/11/10 17:06	ECO230/eco230r	master
17/11/10 17:05	ECO230/eco230r	master
17/11/10 17:05	ECO230/eco230r	master
17/11/10 17:05	ECO230/eco230r	master
17/11/10 16:05	LasseHjort/cuRe	master
17/11/10 15:08	ECO230/eco230r	master
17/11/10 15:01	mclements/rstpm2	develop
17/11/10 11:44	strengejacke/sjPlot	master
17/11/10 09:36	fcbarbi/ardl	master
17/11/10 09:18	wilkelab/cowplot	master
17/11/10 05:24	GreenleafLab/NucleoATACR	master
17/11/10 05:23	GreenleafLab/chromVAR	master
17/11/10 05:23	GreenleafLab/chromVAR	master
17/11/10 05:13	mikemeredith/overlap	master
17/11/10 02:41	rstudio/tfestimators	master
17/11/10 02:29	rstudio/tfestimators	master
17/11/10 01:34	ECO230/eco230r	master
17/11/09 00:10	ECO230/eco230r	master
17/11/08 00:48	yutannihilation/mediumr	master
17/11/08 00:31	ECO230/eco230r	master
17/11/08 00:20	ECO230/eco230r	master
17/11/08 00:14	ECO230/eco230r	master
17/11/03 00:58	ECO230/eco230r	master
17/11/03 00:43	ECO230/eco230r	master
17/11/03 00:19	ECO230/eco230r	master
17/11/01 00:56	ECO230/eco230r	master
17/11/01 00:53	lme4/lme4	master
17/11/01 00:52	ECO230/eco230r	master
17/11/01 00:51	skranz/restorepoint	master
17/11/01 00:14	ECO230/eco230r	master
17/10/31 00:28	bocinsky/paleocar	master
17/10/27 00:59	jennybc/googlesheets	master
17/10/27 00:58	jennybc/googlesheets	master
17/10/27 00:58	jennybc/googlesheets	master
17/10/27 00:58	jennybc/googlesheets	master
17/10/27 00:58	jennybc/googlesheets	master
17/10/27 00:56	vlsci/Analytics	master
17/10/27 00:50	jennybc/googlesheets	master
17/10/27 00:39	jennybc/googlesheets	master
17/10/25 00:23	ajdamico/lodown	master
17/10/23 00:52	ECO230/eco230r	master
17/10/23 00:45	ECO230/eco230r	master
17/10/22 00:53	bradleyboehmke/harrypotter	master
17/10/21 00:49	tidyverse/tidyr	master
17/10/21 00:48	r-lib/boxes	master
17/10/21 00:46	twitter/AnomalyDetection	master
17/10/21 00:45	twitter/AnomalyDetection	master
17/10/20 00:11	BavoDC/CalibrationCurves	master
17/10/18 00:25	mikemeredith/makeJAGSmask	master
17/10/17 00:36	hoxo-m/prophetExt	master
17/10/17 00:17	rstudio/rmarkdown	master
17/10/17 00:15	ymattu/MlBayesOpt	master
17/10/17 00:11	yutannihilation/kokudosuuchi	master
17/10/17 00:06	hoxo-m/prophetExt	master
17/10/17 00:00	yutannihilation/kokudosuuchi	master
17/10/16 00:26	hadley/scagnostics	master
