17/11/08 21:02	townleym/mSpatial	master
17/11/08 18:56	hoxo-m/densratio	e8233e6
17/11/08 18:55	hoxo-m/densratio	v0.0.3
17/11/08 18:55	swish-climate-impact-assessment/awaptools	develop
17/11/08 18:54	twitter/AnomalyDetection	master
17/11/08 18:53	twitter/AnomalyDetection	master
17/11/08 18:10	BradHubley/SpatialHub	master
17/11/08 18:07	vsbuffalo/rivr	master
17/11/08 16:53	jcheng5/leaflet-shiny	master
17/11/08 16:36	ECO230/eco230r	master
17/11/08 16:36	ECO230/eco230r	master
17/11/08 15:54	ECO230/eco230r	master
17/11/08 15:45	ECO230/eco230r	master
17/11/08 15:18	ujjwalkarn/xda	master
17/11/08 14:31	rstudio/shiny	master
17/11/08 14:04	topepo/caret	master
17/11/08 13:51	ujjwalkarn/xda	master
17/11/08 13:47	bwlewis/irlba	6915d1baccd9b4966fc1f394d36545750e6c320c
17/11/08 13:46	bwlewis/irlba	6915d1baccd9b4966fc1f394d36545750e6c320c
17/11/08 13:41	bwlewis/irlba	6915d1baccd9b4966fc1f394d36545750e6c320c
17/11/08 13:38	ujjwalkarn/xda	master
17/11/08 13:33	bwlewis/irlba	master
17/11/08 13:32	bwlewis/irlba	6915d1baccd9b4966fc1f394d36545750e6c320c
17/11/08 13:23	iatgen/iatgen	master
17/11/08 13:06	iatgen/iatgen	master
17/11/08 12:53	iatgen/iatgen	master
17/11/08 12:52	tcarpenter216/iatgen	master
17/11/08 12:35	iatgen/iatgen	master
17/11/08 12:25	iatgen/iatgen	master
17/11/08 12:20	iatgen/iatgen	master
17/11/08 12:08	bwlewis/irlba	6915d1baccd9b4966fc1f394d36545750e6c320c
17/11/08 12:03	bwlewis/irlba	6915d1baccd9b4966fc1f394d36545750e6c320c
17/11/08 10:58	bwlewis/irlba	6915d1baccd9b4966fc1f394d36545750e6c320c
17/11/08 10:58	bwlewis/irlba	6915d1baccd9b4966fc1f394d36545750e6c320c
17/11/08 10:53	Bioconductor/BiocGenerics	master
17/11/08 10:50	ahdvnd/moocr	master
17/11/08 10:40	bwlewis/irlba	6915d1baccd9b4966fc1f394d36545750e6c320c
17/11/08 10:34	bwlewis/irlba	6915d1baccd9b4966fc1f394d36545750e6c320c
17/11/08 10:31	bwlewis/irlba	6915d1baccd9b4966fc1f394d36545750e6c320c
17/11/08 10:24	woobe/predictr	jay
17/11/08 10:24	woobe/predictr	jay
17/11/08 10:23	bwlewis/irlba	6915d1baccd9b4966fc1f394d36545750e6c320c
17/11/08 10:23	bwlewis/irlba	6915d1baccd9b4966fc1f394d36545750e6c320c
17/11/08 10:23	woobe/predictr	jay
17/11/08 10:22	bwlewis/irlba	6915d1baccd9b4966fc1f394d36545750e6c320c
17/11/08 04:52	trestletech/shinyTree	%2321
17/11/08 03:30	sinhrks/ggfortify	master
17/11/08 03:29	sinhrks/ggfortify	master
17/11/08 03:27	sinhrks/ggfortify	master
17/11/08 03:08	hoxo-m/dplyr.teradata	master
17/11/08 02:06	ECO230/eco230r	master
17/11/08 02:00	ECO230/eco230r	master
17/11/08 01:59	ECO230/eco230r	master
17/11/08 01:55	ECO230/eco230r	master
17/11/08 01:42	ECO230/eco230r	master
17/11/08 01:39	ECO230/eco230r	master
17/11/08 01:38	ECO230/eco230r	master
17/11/08 01:35	ECO230/eco230r	master
17/11/08 01:24	ECO230/eco230r	master
17/11/08 01:23	ECO230/eco230r	master
17/11/08 01:19	ECO230/eco230r	master
17/11/08 01:13	ECO230/eco230r	master
17/11/08 01:08	ECO230/eco230r	master
17/11/08 00:48	yutannihilation/mediumr	master
17/11/08 00:31	ECO230/eco230r	master
17/11/08 00:20	ECO230/eco230r	master
17/11/08 00:14	ECO230/eco230r	master
17/11/03 00:58	ECO230/eco230r	master
17/11/03 00:43	ECO230/eco230r	master
17/11/03 00:19	ECO230/eco230r	master
17/11/01 00:56	ECO230/eco230r	master
17/11/01 00:53	lme4/lme4	master
17/11/01 00:52	ECO230/eco230r	master
17/11/01 00:51	skranz/restorepoint	master
17/11/01 00:14	ECO230/eco230r	master
17/10/31 00:28	bocinsky/paleocar	master
17/10/27 00:59	jennybc/googlesheets	master
17/10/27 00:58	jennybc/googlesheets	master
17/10/27 00:58	jennybc/googlesheets	master
17/10/27 00:58	jennybc/googlesheets	master
17/10/27 00:58	jennybc/googlesheets	master
17/10/27 00:56	vlsci/Analytics	master
17/10/27 00:50	jennybc/googlesheets	master
17/10/27 00:39	jennybc/googlesheets	master
17/10/25 00:23	ajdamico/lodown	master
17/10/23 00:52	ECO230/eco230r	master
17/10/23 00:45	ECO230/eco230r	master
17/10/22 00:53	bradleyboehmke/harrypotter	master
17/10/21 00:49	tidyverse/tidyr	master
17/10/21 00:48	r-lib/boxes	master
17/10/21 00:46	twitter/AnomalyDetection	master
17/10/21 00:45	twitter/AnomalyDetection	master
17/10/20 00:11	BavoDC/CalibrationCurves	master
17/10/18 00:25	mikemeredith/makeJAGSmask	master
17/10/17 00:36	hoxo-m/prophetExt	master
17/10/17 00:17	rstudio/rmarkdown	master
17/10/17 00:15	ymattu/MlBayesOpt	master
17/10/17 00:11	yutannihilation/kokudosuuchi	master
17/10/17 00:06	hoxo-m/prophetExt	master
17/10/17 00:00	yutannihilation/kokudosuuchi	master
17/10/16 00:26	hadley/scagnostics	master
