17/11/02 14:39	tidyverse/lubridate	eb676e8
17/11/02 14:15	hadley/gtable	master
17/11/02 13:32	tidyverse/glue	master
17/11/02 12:50	hadley/lazyeval	master
17/11/02 12:48	hadley/multidplyr	master
17/11/02 12:29	jennybc/repurrrsive	master
17/11/02 12:23	gastonstat/arcdiagram	master
17/11/02 12:21	kkdey/benchmarking	master
17/11/02 11:35	trnnick/TStools	master
17/11/02 11:25	ujjwalkarn/xda	master
17/11/02 10:14	robjhyndman/thief	master
17/11/02 09:32	twitter/AnomalyDetection	master
17/11/02 09:08	jaredlander/mapping	master
17/11/02 09:05	jaredlander/mapping	master
17/11/02 08:46	trestletech/rgl	master
17/11/02 08:32	hadley/tidyverse	master
17/11/02 08:30	tidyverse/dplyr	master
17/11/02 07:21	aymansir/collegeforecastR	master
17/11/02 07:19	aymansir/collegeforecastR	master
17/11/02 07:16	aymansir/collegeforecastR	master
17/11/02 07:14	aymansir/collegeforecastR	master
17/11/02 07:13	aymansir/collegeforecastR	master
17/11/02 06:38	ujjwalkarn/xda	master
17/11/02 05:53	sinhrks/ggfortify	master
17/11/02 05:02	rstudio/blogdown	master
17/11/02 04:29	topepo/caret	master
17/11/02 03:58	ropensci/tabulizerjars	master
17/11/02 03:42	ropensci/tabulizer	master
17/11/02 03:41	ropensci/tabulizer	master
17/11/02 03:41	leeper/tabulizerjars	master
17/11/01 00:56	ECO230/eco230r	master
17/11/01 00:53	lme4/lme4	master
17/11/01 00:52	ECO230/eco230r	master
17/11/01 00:51	skranz/restorepoint	master
17/11/01 00:14	ECO230/eco230r	master
17/10/31 00:28	bocinsky/paleocar	master
17/10/27 00:59	jennybc/googlesheets	master
17/10/27 00:58	jennybc/googlesheets	master
17/10/27 00:58	jennybc/googlesheets	master
17/10/27 00:58	jennybc/googlesheets	master
17/10/27 00:58	jennybc/googlesheets	master
17/10/27 00:56	vlsci/Analytics	master
17/10/27 00:50	jennybc/googlesheets	master
17/10/27 00:39	jennybc/googlesheets	master
17/10/25 00:23	ajdamico/lodown	master
17/10/23 00:52	ECO230/eco230r	master
17/10/23 00:45	ECO230/eco230r	master
17/10/22 00:53	bradleyboehmke/harrypotter	master
17/10/21 00:49	tidyverse/tidyr	master
17/10/21 00:48	r-lib/boxes	master
17/10/21 00:46	twitter/AnomalyDetection	master
17/10/21 00:45	twitter/AnomalyDetection	master
17/10/20 00:11	BavoDC/CalibrationCurves	master
17/10/18 00:25	mikemeredith/makeJAGSmask	master
17/10/17 00:36	hoxo-m/prophetExt	master
17/10/17 00:17	rstudio/rmarkdown	master
17/10/17 00:15	ymattu/MlBayesOpt	master
17/10/17 00:11	yutannihilation/kokudosuuchi	master
17/10/17 00:06	hoxo-m/prophetExt	master
17/10/17 00:00	yutannihilation/kokudosuuchi	master
17/10/16 00:26	hadley/scagnostics	master
17/10/07 00:52	kerguler/Barnard	master
17/10/07 00:45	kerguler/Barnard	master
17/10/07 00:42	kerguler/Barnard	master
17/10/04 00:23	OpenMx/OpenMx	master
17/10/04 00:21	OpenMx/OpenMx	master
