17/03/03 22:41	dkahle/ggmap	master
17/03/03 22:40	hadley/ggplot2	master
17/03/03 22:40	thomasp85/ggraph	master
17/03/03 22:39	thomasp85/ggforce	master
17/03/03 22:39	hadley/ggplot2	master
17/03/03 22:37	slowkow/ggrepel	master
17/03/03 22:36	twitter/AnomalyDetection	master
17/03/03 22:17	hmalmedal/ripplerestr	master
17/03/03 22:03	twitter/AnomalyDetection	master
17/03/03 16:37	ujjwalkarn/xda	master
17/03/03 15:53	dpritchard/dgmisc	master
17/03/03 15:33	krishnad2/bstat	master
17/03/03 14:56	hadley/ggplot2	master
17/03/03 14:09	yeagle/BWiener	master
17/03/03 13:13	ldbk/EMISR	master
17/03/03 12:04	VCCRI/CIDR	master
17/03/03 11:43	renkun-ken/secret	master
17/03/03 11:39	jeroenooms/jose	master
17/03/03 11:26	jrvarma/jrvFinance	master
17/03/03 10:58	IvanZoccolan/valuer	master
17/03/03 10:48	GreedBlink/BETS	master
17/03/03 09:38	Airpino/HistDAWass	master
17/03/03 09:17	R-Finance/xtsExtra	master
17/03/03 08:41	joshuaulrich/LSPM	master
17/03/03 08:24	kbenoit/quanteda	master
17/03/03 07:59	yeagle/BWiener	master
17/03/03 07:58	yeagle/BWiener	master
17/03/03 07:21	rstats-db/RSQLite	master
17/03/03 04:57	StatsWithR/statsr	master
17/03/03 04:56	StatsWithR/statsr	master
17/03/03 01:57	hoxo-m/dplyr.teradata	master
17/02/27 00:14	datadotworld/data.world-r	master
17/02/25 00:53	trestletech/shinyStore	master
17/02/25 00:53	jlmelville/mize	master
17/02/25 00:53	jlmelville/mize	master
17/02/25 00:50	trestletech/shinyStore	master
17/02/25 00:50	jlmelville/mize	master
17/02/25 00:49	jlmelville/mize	master
17/02/23 00:32	mtennekes/tmap	master
17/02/18 00:18	clbustos/dominanceAnalysis	master
17/02/17 00:24	hadley/tibble	master
17/02/15 00:43	kazutan/zousan	master
17/02/15 00:42	hoxo-m/githubinstall	master
17/02/14 00:03	StatsWithR/statsr	master
17/02/14 00:00	StatsWithR/statsr	master
17/02/12 00:20	trestletech/plumber	master
17/02/10 00:42	andrewpbray/oilabs	master
17/02/07 00:21	smach/rmiscutils	master
17/02/03 00:56	mlr-org/mlr	xgboost_latest
