17/03/16 16:46	CoGAPS/CoGAPS	feature/GWCoGAPS
17/03/16 16:42	sfeuerriegel/SentimentAnalysis	master
17/03/16 16:41	ViennaR/SentimentAnalysis	master
17/03/16 16:20	andrie/sentiment	master
17/03/16 16:20	andrie/sentiment	master
17/03/16 16:19	andrie/sentiment	master
17/03/16 16:05	CavenderBaresLab/spec	master
17/03/16 15:51	spatstat/spatstat	master
17/03/16 15:49	omegahat/XML	master
17/03/16 15:46	Trackage/rgos	master
17/03/16 15:45	oscarperpinan/rastervis	master
17/03/16 15:42	hadley/ggplot2	master
17/03/16 15:40	USGS-R/gsplot	master
17/03/16 15:38	analytics-ufcg/bestBus	master
17/03/16 15:38	aasrinivasan/hleaps	master
17/03/16 15:19	andrie/sentiment	master
17/03/16 12:46	hxin/topOnto.HDO.db	master
17/03/16 12:38	hxin/topOnto	master
17/03/16 10:08	ksawicka/spup	master
17/03/16 07:00	andrie/sentiment	master
17/03/16 01:28	sfeuerriegel/SentimentAnalysis	master
17/03/16 01:13	rstudio/R-Websockets	master
