17/07/01 17:00	ropensci/tabulizer	master
17/07/01 17:00	ropensci/tabulizerjars	master
17/07/01 16:47	ropensci/tabulizer	master
17/07/01 16:47	ropensci/tabulizerjars	master
17/07/01 16:41	ropensci/tabulizer	master
17/07/01 16:41	ropensci/tabulizerjars	master
17/07/01 16:40	leeper/tabulizer	master
17/07/01 16:40	leeper/tabulizerjars	master
17/07/01 16:39	ropensci/tabulizer	master
17/07/01 16:39	ropensci/tabulizerjars	master
17/07/01 16:35	ropensci/tabulizer	master
17/07/01 16:35	ropensci/tabulizerjars	master
17/07/01 15:11	dschlauch/WESTGO	master
17/07/01 13:59	mikemeredith/makeJAGSmask	master
17/07/01 07:15	njtierney/narnia	master
17/07/01 05:05	mikemeredith/makeJAGSmask	master
17/07/01 02:25	jgalgarra/kcorebip	master
17/07/01 02:18	jgalgarra/kcorebip	master
17/07/01 02:10	jgalgarra/kcorebip	master
17/07/01 02:03	jgalgarra/kcorebip	master
