17/06/15 18:34	hadley/babynames	master
17/06/15 18:29	RcppCore/Rcpp	master
17/06/15 18:28	tidyverse/dplyr	master
17/06/15 18:07	trestletech/shinyAce	master
17/06/15 16:54	rstudio/shiny	master
17/06/15 16:25	edwindj/ffbase	master
17/06/15 16:25	edwindj/ffbase	master
17/06/15 16:24	edwindj/ffbase	master
17/06/15 15:48	cmap/morpheus.R	master
17/06/15 15:47	kasperdanielhansen/minfi	master
17/06/15 15:15	Artjom-Metro/ggsignif	master
17/06/15 15:11	miriamMota/mmotaF	master
17/06/15 15:09	miriamMota/mmotaF	master
17/06/15 15:09	miriamMota/mmotaF	master
17/06/15 15:07	tidyverse/dplyr	master
17/06/15 14:58	WinVector/WVPlots	master
17/06/15 14:58	miriamMota/mmotaF	master
17/06/15 14:57	miriamMota/mmotaF	master
17/06/15 13:38	GuangchuangYu/clusterProfiler	master
17/06/15 13:37	tidyverse/tidyr	master
17/06/15 13:34	jeroenooms/stringi	master
17/06/15 13:34	tidyverse/tidyr	master
17/06/15 13:34	jeroenooms/stringi	master
17/06/15 13:33	tidyverse/tibble	master
17/06/15 13:31	RcppCore/Rcpp	master
17/06/15 13:29	hadley/tidyr	master
17/06/15 13:28	tidyverse/tidyr	master
17/06/15 13:26	hadley/tidyr	master
17/06/15 13:26	GuangchuangYu/clusterProfiler	master
17/06/15 13:26	tidyverse/tidyr	master
17/06/15 13:25	GuangchuangYu/clusterProfiler	master
17/06/15 12:21	badbye/baidumap	master
17/06/15 11:45	miriamMota/mmotaF	master
17/06/15 11:01	rstats-db/RMySQL	%23203
17/06/15 09:17	mikemeredith/makeJAGSmask	master
17/06/15 09:14	hadley/tidyverse	master
17/06/15 09:08	rhochreiter/scenarios	master
17/06/15 07:52	hadley/tidyverse	master
17/06/15 05:23	mukul13/rword2vec	master
17/06/15 04:46	stillmatic/MNIST	master
17/06/15 03:58	stillmatic/MNIST	master
17/06/15 03:21	Chen-Chaozong/extraTechInds	master
