17/08/12 19:18	hadley/spatialVis	master
17/08/12 19:10	Ather-Energy/ggTimeSeries	master
17/08/12 19:08	hadley/r2d3	master
17/08/12 19:07	ricardo-bion/ggradar	master
17/08/12 19:03	hadley/ggstat	master
17/08/12 19:00	ricardo-bion/ggtech	master
17/08/12 18:58	dgrtwo/gganimate	master
17/08/12 18:43	cranedroesch/panelNNET	master
17/08/12 16:25	sckott/doc	master
17/08/12 16:16	fcbarbi/ardl	master
17/08/12 11:00	UMCUGenetics/MutationalPatterns	develop
17/08/12 10:49	teramonagi/RFinanceJ	master
17/08/12 10:47	teramonagi/RFinanceJ	master
17/08/12 10:46	teramonagi/RFinanceJ	master
17/08/12 10:46	teramonagi/RFinanceJ	master
17/08/12 10:45	teramonagi/RFinanceJ	master
17/08/12 10:40	UMCUGenetics/MutationalPatterns	develop
17/08/12 10:29	UMCUGenetics/MutationalPatterns	develop
17/08/12 10:23	UMCUGenetics/MutationalPatterns	develop
17/08/12 10:11	UMCUGenetics/MutationalPatterns	develop
17/08/12 10:05	UMCUGenetics/MutationalPatterns	develop
17/08/12 09:21	ropenscilabs/tabulizer	master
17/08/12 09:21	ropensci/tabulizerjars	master
17/08/12 07:03	hoxo-m/prophetExt	master
17/08/12 02:20	twitter/AnomalyDetection	master
17/08/12 02:18	twitter/AnomalyDetection	master
