17/11/07 22:50	mrke/NicheMapR	master
17/11/07 19:20	ECO230/eco230r	master
17/11/07 17:17	rstudio/bookdown	master
17/11/07 17:16	Rapporter/pander	master
17/11/07 16:56	rstudio/bookdown	master
17/11/07 16:52	haozhu233/kableExtra	master
17/11/07 16:52	haozhu233/kableExtra	master
17/11/07 15:50	IlyaKipnis/DSTrading	master
17/11/07 15:49	Chen-Chaozong/extraTechInds	master
17/11/07 15:49	IlyaKipnis/DSTrading	master
17/11/07 15:47	braverock/quantstrat	master
17/11/07 15:47	braverock/blotter	master
17/11/07 15:42	philferriere/mscstexta4r	master
17/11/07 13:44	bwlewis/irlba	master
17/11/07 09:32	drmjc/blat	master
17/11/07 09:30	jpmml/r2pmml	0.3.0
17/11/07 09:26	jpmml/r2pmml	0.3.0
17/11/07 09:26	drmjc/blat	master
17/11/07 09:13	jpmml/r2pmml	0.3.0
17/11/07 09:12	jpmml/r2pmml	0.3.0
17/11/07 09:10	jpmml/r2pmml	0.3.0
17/11/07 09:10	jpmml/r2pmml	0.3.0
17/11/07 09:09	jpmml/r2pmml	0.3.0
17/11/07 08:35	hoxo-m/prophetExt	master
17/11/07 08:31	hoxo-m/prophetExt	master
17/11/07 06:22	ropensci/tabulizer	master
17/11/07 06:22	ropensci/tabulizerjars	master
17/11/07 06:08	helske/KFAS	master
17/11/07 02:42	hoxo-m/prophetExt	master
17/11/07 02:40	hoxo-m/prophetExt	master
17/11/07 02:21	hoxo-m/prophetExt	master
17/11/07 02:11	hoxo-m/prophetExt	master
17/11/07 02:06	att/rcloud.solr	master
17/11/07 02:06	hoxo-m/prophetExt	master
17/11/07 02:05	att/rcloud.shiny	master
17/11/07 02:05	corybrunson/cloud	master
17/11/07 01:20	hannesmuehleisen/MonetDBLite-R	master
17/11/07 01:19	hannesmuehleisen/MonetDBLite-R	master
17/11/03 00:58	ECO230/eco230r	master
17/11/03 00:43	ECO230/eco230r	master
17/11/03 00:19	ECO230/eco230r	master
17/11/01 00:56	ECO230/eco230r	master
17/11/01 00:53	lme4/lme4	master
17/11/01 00:52	ECO230/eco230r	master
17/11/01 00:51	skranz/restorepoint	master
17/11/01 00:14	ECO230/eco230r	master
17/10/31 00:28	bocinsky/paleocar	master
17/10/27 00:59	jennybc/googlesheets	master
17/10/27 00:58	jennybc/googlesheets	master
17/10/27 00:58	jennybc/googlesheets	master
17/10/27 00:58	jennybc/googlesheets	master
17/10/27 00:58	jennybc/googlesheets	master
17/10/27 00:56	vlsci/Analytics	master
17/10/27 00:50	jennybc/googlesheets	master
17/10/27 00:39	jennybc/googlesheets	master
17/10/25 00:23	ajdamico/lodown	master
17/10/23 00:52	ECO230/eco230r	master
17/10/23 00:45	ECO230/eco230r	master
17/10/22 00:53	bradleyboehmke/harrypotter	master
17/10/21 00:49	tidyverse/tidyr	master
17/10/21 00:48	r-lib/boxes	master
17/10/21 00:46	twitter/AnomalyDetection	master
17/10/21 00:45	twitter/AnomalyDetection	master
17/10/20 00:11	BavoDC/CalibrationCurves	master
17/10/18 00:25	mikemeredith/makeJAGSmask	master
17/10/17 00:36	hoxo-m/prophetExt	master
17/10/17 00:17	rstudio/rmarkdown	master
17/10/17 00:15	ymattu/MlBayesOpt	master
17/10/17 00:11	yutannihilation/kokudosuuchi	master
17/10/17 00:06	hoxo-m/prophetExt	master
17/10/17 00:00	yutannihilation/kokudosuuchi	master
17/10/16 00:26	hadley/scagnostics	master
