17/05/30 16:36	phylotastic/rphylotastic	master
17/05/30 12:11	leeper/prediction	master
17/05/30 12:11	leeper/margins	master
17/05/30 12:03	kasperdanielhansen/Rgraphviz	master
17/05/30 12:03	ricardo-bion/ggradar	master
17/05/30 12:03	ramnathv/rCharts	master
17/05/30 11:42	ricardo-bion/ggradar	master
17/05/30 11:11	ricardo-bion/ggradar	master
17/05/30 11:10	ricardo-bion/ggradar	master
17/05/30 11:10	ricardo-bion/ggradar	master
17/05/30 11:08	ricardo-bion/ggradar	master
17/05/30 10:19	ropensci/tabulizer	master
17/05/30 10:18	ropensci/tabulizerjars	master
17/05/30 09:46	vqv/ggbiplot	master
17/05/30 09:34	gastonstat/arcdiagram	master
17/05/30 09:28	gastonstat/arcdiagram	master
17/05/30 09:26	gastonstat/arcdiagram	master
17/05/30 09:18	Dralliag/opera	master
17/05/30 08:48	rkillick/changepoint	master
17/05/30 08:47	twitter/AnomalyDetection	master
17/05/30 03:27	jamesdiao/clinvaR	master
17/05/30 01:41	ropensci/tabulizer	master
17/05/30 01:41	ropensci/tabulizerjars	master
17/05/30 01:28	ropensci/tabulizer	master
17/05/30 01:28	ropensci/tabulizerjars	master
