17/07/03 16:41	rstudio/shiny	master
17/07/03 15:16	trinker/termco	master
17/07/03 15:11	trinker/termco	master
17/07/03 14:45	braverock/blotter	master
17/07/03 13:44	mikemeredith/makeJAGSmask	master
17/07/03 10:51	ujjwalkarn/xda	master
17/07/03 10:30	mikemeredith/makeJAGSmask	master
17/07/03 09:49	ropensci/europepmc	master
17/07/03 08:38	mikemeredith/makeJAGSmask	master
17/07/03 06:48	mclements/rstpm2	develop
17/07/03 06:42	mclements/rstpm2	develop
17/07/03 02:41	mikemeredith/makeJAGSmask	master
17/07/03 02:29	hadley/dplyr	master
17/07/03 02:21	mikemeredith/makeJAGSmask	master
17/07/03 02:14	mikemeredith/makeJAGSmask	master
17/07/03 02:14	mfazel/tRegs	master
17/07/03 02:13	mikemeredith/makeJAGSmask	master
17/07/03 02:10	mikemeredith/makeJAGSmask	master
17/07/03 02:05	mikemeredith/makeJAGSmask	master
17/07/03 02:05	mfazel/tRegs	master
17/07/03 02:05	mikemeredith/makeJAGSmask	master
17/07/03 02:03	mfazel/tRegs	master
17/07/03 02:03	mikemeredith/makeJAGSmask	master
17/07/03 02:02	hadley/dplyr	master
17/07/03 02:02	mfazel/tRegs	master
17/07/03 02:02	mfazel/tRegs	master
17/07/03 01:48	mikemeredith/makeJAGSmask	master
