17/06/23 14:51	expectopatronum/zipcode	master
17/06/23 14:48	jacobkap/zipcodes	master
17/06/23 14:22	dviraran/xCell	master
17/06/23 14:18	dgrtwo/widyr	master
17/06/23 14:12	vapniks/XLConnectXtra	master
17/06/23 14:10	miraisolutions/xlconnect	master
17/06/23 14:09	aoles/EBImage	master
17/06/23 14:08	dgrtwo/drlib	master
17/06/23 14:05	aoles/EBImage	master
17/06/23 13:40	JeroenSmaers/evomap	master
17/06/23 13:32	bayesball/BApredict	master
17/06/23 13:32	JeroenSmaers/evomap	master
17/06/23 12:49	JeroenSmaers/evomap	master
17/06/23 12:10	stnava/ANTsRNpy	master
17/06/23 11:23	mikemeredith/makeJAGSmask	master
17/06/23 08:52	rstudio/revealjs	master
17/06/23 07:29	ropensci/tabulizer	master
17/06/23 07:28	ropensci/tabulizerjars	master
17/06/23 07:08	ropensci/tabulizer	master
17/06/23 07:07	ropensci/tabulizerjars	master
17/06/23 07:01	ropenscilabs/tabulizer	master
17/06/23 07:00	ropensci/tabulizerjars	master
17/06/23 06:57	leeper/tabulizer	master
17/06/23 06:56	leeper/tabulizerjars	master
17/06/23 06:54	leeper/tabulizer	master
17/06/23 06:53	ropensci/tabulizerjars	master
17/06/23 06:51	mclements/rstpm2	develop
17/06/23 05:41	bradleyboehmke/harrypotter	master
17/06/23 05:12	bradleyboehmke/harrypotter	master
17/06/23 04:19	felixhaass/rainfall	master
17/06/23 03:51	hoxo-m/dplyr.teradata	master
17/06/23 03:43	tidyverse/dplyr	v0.5.0
17/06/23 03:37	hadley/dplyr	v0.5.0
17/06/23 03:26	vqv/ggbiplot	master
17/06/23 01:21	robscott3/R4MFCL2	master
