17/10/13 21:36	tidyverse/dbplyr	master
17/10/13 21:32	gluc/data.tree	master
17/10/13 18:24	r-spatial/sf	master
17/10/13 18:18	r-spatial/sf	master
17/10/13 18:09	mlr-org/mlr	master
17/10/13 17:57	mlr-org/mlr	master
17/10/13 16:53	rstudio/config	master
17/10/13 16:05	crsh/papaja	devel
17/10/13 15:42	klarsen1/Information	master
17/10/13 12:33	harveyl888/queryBuilder	master
17/10/13 12:14	rstudio/leaflet	master
17/10/13 10:08	vqv/ggbiplot	master
17/10/13 10:07	vqv/ggbiplot	master
17/10/13 09:43	nicholasbucher/RBitso	master
17/10/13 07:40	rstats-db/odbc	master
17/10/07 00:52	kerguler/Barnard	master
17/10/07 00:45	kerguler/Barnard	master
17/10/07 00:42	kerguler/Barnard	master
17/10/04 00:23	OpenMx/OpenMx	master
17/10/04 00:21	OpenMx/OpenMx	master
17/09/30 00:08	ropensci/tabulizer	master
17/09/30 00:08	ropensci/tabulizerjars	master
17/09/29 00:36	BenGraeler/spcopula	master
17/09/29 00:26	BenGraeler/spcopula	master
17/09/29 00:24	jutako/Rtools	master
17/09/29 00:10	BenGraeler/spcopula	master
17/09/28 00:09	jimhester/lookup	master
17/09/27 00:44	rustyoldrake/WatsonR	master
17/09/26 00:54	hoxo-m/prophetExt	master
17/09/24 00:45	trinker/sentimentr	master
17/09/14 00:55	hrbrmstr/hrbrthemes	master
17/09/14 00:49	hrbrmstr/hrbrthemes	master
