17/06/05 15:38	gdemin/excel.link	master
17/06/05 15:35	gdemin/excel.link	master
17/06/05 15:28	gdemin/excel.link	master
17/06/05 15:14	gdemin/excel.link	master
17/06/05 15:13	gdemin/excel.link	master
17/06/05 15:10	gdemin/excel.link	master
17/06/05 15:02	gdemin/excel.link	master
17/06/05 15:01	gdemin/excel.link	master
17/06/05 14:55	gdemin/excel.link	master
17/06/05 14:45	gdemin/excel.link	master
17/06/05 14:31	kthohr/BMR	master
17/06/05 09:05	att/pads	master
17/06/05 06:15	StatsWithR/statsr	master
17/06/05 05:26	mhahsler/arules	master
17/06/05 04:32	gmbecker/switchr	master
17/06/05 04:31	gmbecker/switchr	master
17/06/05 04:29	gmbecker/switchr	master
17/06/05 04:27	gmbecker/switchr	master
17/06/05 04:27	gmbecker/switchr	master
17/06/05 04:27	gmbecker/switchr	master
17/06/05 04:24	gmbecker/switchr	master
17/06/05 04:19	gmbecker/switchr	master
