17/12/04 22:20	aertslab/RcisTarget	master
17/12/04 21:38	hadley/yrbss	master
17/12/04 21:37	hadley/warncpp	master
17/12/04 21:36	hadley/vita	master
17/12/04 21:36	hadley/usdanutrients	master
17/12/04 21:35	hadley/tanglekit	master
17/12/04 21:34	hadley/strptimer	master
17/12/04 21:34	hadley/strict	master
17/12/04 21:33	hadley/staticdocs	master
17/12/04 21:33	hadley/spatialVis	master
17/12/04 21:33	hadley/sloop	master
17/12/04 21:33	hadley/sinartra	master
17/12/04 21:33	hadley/simpleS4	master
17/12/04 21:33	hadley/shinySignals	master
17/12/04 21:32	hadley/scales	master
17/12/04 21:32	hadley/rvest	master
17/12/04 21:32	hadley/rv2	master
17/12/04 21:32	hadley/rsmith	master
17/12/04 21:31	hadley/roxygen3	master
17/12/04 21:31	hadley/rifftron	master
17/12/04 21:30	hadley/rastermap	master
17/12/04 21:30	hadley/r4ds	master
17/12/04 21:30	hadley/r2d3	master
17/12/04 21:29	hadley/precis	master
17/12/04 21:29	hadley/pkgdown	master
17/12/04 21:26	hadley/packman	master
17/12/04 21:25	hadley/oldbookdown	master
17/12/04 21:25	hadley/neiss	master
17/12/04 21:17	hadley/mutatr	master
17/12/04 21:16	hadley/multidplyr	master
17/12/04 21:16	hadley/mturkr	master
17/12/04 21:15	hadley/monads	master
17/12/04 21:15	hadley/localmds	master
17/12/04 21:14	hadley/lobstr	master
17/12/04 21:12	hadley/linval	master
17/12/04 21:11	hadley/lineprof	master
17/12/04 21:10	hadley/layers	master
17/12/04 21:10	hadley/l1tf	master
17/12/04 21:09	hadley/imvisoned	master
17/12/04 21:07	hadley/helpr	master
17/12/04 21:07	hadley/hclpicker	master
17/12/04 21:07	hadley/hadladdin	master
17/12/04 21:06	hadley/ggstat	master
17/12/04 21:02	tidyverse/ggplot2	master
17/12/04 21:02	hadley/ggplot1	master
17/12/04 21:02	hadley/gg2v	master
17/12/04 21:01	hadley/fortify	master
17/12/04 21:01	aoles/foobar	master
17/12/04 21:01	hadley/emo	master
17/12/04 21:01	hadley/densityvis	master
17/12/04 21:00	hadley/decumar	master
17/12/04 20:59	hadley/colformat	master
17/12/04 20:59	ggobi/clusterfly	master
17/12/04 20:59	rstudio/bookdown	master
17/12/04 20:59	hadley/bigvis	master
17/12/04 20:54	hadley/bench	master
17/12/04 20:54	hadley/S3	master
17/12/04 20:54	hadley/RcppDateTime	master
17/12/04 20:45	PF2-pasteur-fr/SARTools	master
17/12/04 20:44	PF2-pasteur-fr/SARTools	master
17/12/04 20:29	PF2-pasteur-fr/SARTools	master
17/12/04 20:24	PF2-pasteur-fr/SARTools	master
17/12/04 20:23	PF2-pasteur-fr/SARTools	master
17/12/04 20:22	PF2-pasteur-fr/SARTools	master
17/12/04 20:17	PF2-pasteur-fr/SARTools	master
17/12/04 20:15	PF2-pasteur-fr/SARTools	master
17/12/04 19:20	PF2-pasteur-fr/SARTools	master
17/12/04 19:20	PF2-pasteur-fr/SARTools	master
17/12/04 18:09	ropensci/tokenizers	master
17/12/04 17:51	twitter/AnomalyDetection	master
17/12/04 16:41	foramashar/fashaR	master
17/12/04 15:48	trinker/textstem	master
17/12/04 15:00	SoftengPoliTo/powtran	master
17/12/04 14:55	SoftengPoliTo/powtran	master
17/12/04 14:51	c5sire/agricolae	master
17/12/04 14:10	Nowosad/spData	master
17/12/04 14:09	Nowosad/spData	master
17/12/04 14:08	Nowosad/spData	master
17/12/04 14:07	r-spatial/spdep	master
17/12/04 13:58	r-spatial/spdep	master
17/12/04 11:13	talgalili/heatmaply	hovertext
17/12/04 11:01	talgalili/heatmaply	hovertext
17/12/04 10:24	ujjwalkarn/xda	master
17/12/04 07:34	MilesMcBain/datapasta	master
17/12/04 05:26	cloudcell/blotter	master
17/12/04 05:25	gsee/FinancialInstrument	master
17/12/04 05:25	R-Finance/blotter	master
17/12/04 05:24	braverock/quantstrat	master
17/12/04 04:16	jepusto/Pusto	master
17/12/04 03:56	jepusto/Pusto	master
17/12/04 03:43	hadley/tidyverse	master
17/12/04 02:07	wilkelab/cowplot	master
17/12/01 00:37	yihui/xaringan	master
17/12/01 00:23	dragua/xlsx	master
17/12/01 00:09	andrewpbray/oilabs	master
17/11/28 00:47	AndreaCirilloAC/updateR	master
17/11/24 00:15	mikemeredith/makeJAGSmask	master
17/11/22 00:40	wencke/wencke.github.io	master
17/11/21 00:03	USGS-R/streamMetabolizer	master
17/11/20 00:47	hannesmuehleisen/MonetDBLite-R	master
17/11/19 00:22	twitter/AnomalyDetection	master
17/11/19 00:21	twitter/AnomalyDetection	master
17/11/17 00:26	swarm-lab/trackR	master
17/11/17 00:16	shwetapurushe/weaveR	master
17/11/17 00:15	shwetapurushe/weaveR	master
17/11/13 00:57	rstudio/R-Websockets	master
17/11/12 00:57	jchiquet/spring	master
17/11/12 00:55	warnes/fork	master
17/11/12 00:52	fadiphi/cats	master
17/11/12 00:50	kvnkuang/pbmcapply	master
17/11/12 00:50	twitter/AnomalyDetection	master
17/11/12 00:49	robertzk/mappy	master
17/11/12 00:42	lampk/taskeR	master
17/11/12 00:39	MarkSelby1992/RCluster	master
17/11/12 00:37	christinehohensinn/parAL	master
17/11/12 00:33	jlduan/sckits	master
17/11/12 00:29	ECO230/eco230r	master
17/11/12 00:28	wush978/rpvm	master
17/11/12 00:26	kasperdanielhansen/Rgraphviz	master
17/11/12 00:04	greenelab/ADAGEpath	master
17/11/11 00:56	ECO230/eco230r	master
17/11/11 00:55	ECO230/eco230r	master
17/11/11 00:52	ECO230/eco230r	master
17/11/11 00:26	ECO230/eco230r	master
17/11/09 00:10	ECO230/eco230r	master
17/11/08 00:48	yutannihilation/mediumr	master
17/11/08 00:31	ECO230/eco230r	master
17/11/08 00:20	ECO230/eco230r	master
17/11/08 00:14	ECO230/eco230r	master
