17/04/26 19:24	wilkelab/cowplot	master
17/04/26 19:22	rvlenth/lsmeans	master
17/04/26 19:22	hojsgaard/pbkrtest	master
17/04/26 19:21	alku86/lmerTest	master
17/04/26 19:07	lme4/lme4	master
17/04/26 19:04	rstudio/bookdown	master
17/04/26 19:03	yihui/printr	master
17/04/26 19:02	baptiste/gridextra	master
17/04/26 19:01	jrnold/ggthemes	master
17/04/26 18:57	hadley/tidyverse	master
17/04/26 18:57	hadley/tidyverse	master
17/04/26 17:15	jacobcvt12/abc	master
17/04/26 17:15	renkun-ken/pipeR	master
17/04/26 17:13	tidyverse/dplyr	master
17/04/26 17:09	twitter/AnomalyDetection	master
17/04/26 16:50	hilaryparker/cats	master
17/04/26 16:32	R-Finance/quantstrat	master
17/04/26 16:31	R-Finance/blotter	master
17/04/26 13:49	trinker/plotflow	master
17/04/26 13:24	ropensci/tabulizer	master
17/04/26 13:24	ropensci/tabulizerjars	master
17/04/26 12:34	dviraran/xCell	master
17/04/26 10:27	pschulam-attic/trajclust	master
17/04/26 09:20	hadley/dplyr	master
17/04/26 09:19	hadley/dplyr	master
17/04/26 04:44	AABoyles/hadleyverse	master
17/04/26 04:43	RcppCore/Rcpp	master
