17/05/26 17:49	neuropsychology/neuropsychology.R	master
17/05/26 14:32	rstudio/flexdashboard	master
17/05/26 14:30	kazutan/zousan	master
17/05/26 14:10	tidyverse/dplyr	master
17/05/26 14:05	kazutan/zousan	master
17/05/26 14:03	ropensci/plotly	master
17/05/26 14:03	rich-iannone/DiagrammeR	master
17/05/26 13:36	drizopoulos/JMbayes	master
17/05/26 13:28	drizopoulos/JMbayes	master
17/05/26 13:22	drizopoulos/JMbayes	master
17/05/26 13:17	drizopoulos/JMbayes	master
17/05/26 13:13	drizopoulos/JMbayes	master
17/05/26 13:07	kota7/striprtf	master
17/05/26 11:52	mike-lawrence/ez	master
17/05/26 11:50	gmlang/ezplot	master
17/05/26 10:26	sfr/snippets-addin	master
17/05/26 10:25	sfr/snippets-addin	master
17/05/26 10:24	sfr/snippets-addin	master
17/05/26 10:23	sfr/snippets-addin	master
17/05/26 10:19	sfr/snippets-addin	master
17/05/26 09:58	talgalili/dendextendRcpp	master
17/05/26 05:58	mikemeredith/BEST	justRunJags
17/05/26 05:55	mikemeredith/BEST	justRunJags
17/05/26 04:39	kazutan/zousan	master
17/05/26 02:07	dsidavis/RScopusAPI	master
17/05/26 02:01	dsidavis/RScopusAPI	master
17/05/26 01:35	jokergoo/ComplexHeatmap	master
