17/06/29 14:33	renozao/NMF	devel
17/06/29 14:26	renozao/NMF	devel
17/06/29 14:08	andrewparkermorgan/sfsr	master
17/06/29 13:59	JeroenSmaers/evomap	master
17/06/29 13:52	mikemeredith/makeJAGSmask	master
17/06/29 10:29	braverock/quantstrat	1c72411
17/06/29 10:24	braverock/blotter	df8bdb4
17/06/29 10:24	braverock/blotter	df8bdb4
17/06/29 10:23	R-Finance/blotter	df8bdb4
17/06/29 08:52	aoles/EBImage	master
17/06/29 08:46	JeroenSmaers/evomap	master
17/06/29 08:35	sjewo/cartogram	master
17/06/29 08:34	chxy/cartogram	master
17/06/29 08:10	bmihaljevic/bnclassify	master
17/06/29 08:06	crubba/Rwebdriver	master
17/06/29 07:32	hadley/nycflights13	master
17/06/29 06:55	cloudyr/aws.s3	7b9bf86
17/06/29 06:51	R-Finance/FactorAnalytics	master
17/06/29 06:46	R-Finance/FactorAnalytics	master
17/06/29 06:37	R-Finance/FactorAnalytics	master
17/06/29 06:36	caariasr/pcaPA	master
17/06/29 06:32	R-Finance/FactorAnalytics	master
17/06/29 06:31	Leasle/clusterFriend	master
17/06/29 05:02	mikemeredith/makeJAGSmask	master
17/06/29 03:33	mikemeredith/makeJAGSmask	master
17/06/29 02:53	marchtaylor/sinkr	master
17/06/29 02:08	tomli1234/FamilyCohort	master
