17/06/13 15:28	tidyverse/dplyr	master
17/06/13 15:07	twitter/AnomalyDetection	master
17/06/13 15:05	twitter/AnomalyDetection	master
17/06/13 15:05	twitter/AnomalyDetection	master
17/06/13 14:00	kthohr/BMR	master
17/06/13 13:56	tidyverse/googledrive	master
17/06/13 13:44	tidyverse/broom	master
17/06/13 13:22	abhy/sentiment	master
17/06/13 13:16	yupimaki/classifytext	master
17/06/13 12:53	stan-dev/rstanarm	master
17/06/13 12:17	kthohr/BMR	master
17/06/13 12:14	selesnow/rfacebookstat	master
17/06/13 12:13	selesnow/rfacebookstat	master
17/06/13 11:08	kthohr/BMR	master
17/06/13 11:08	kthohr/BMR	master
17/06/13 11:02	kthohr/BMR	master
17/06/13 09:22	thk686/rgdal2	master
17/06/13 07:58	rstudio/flexdashboard	master
17/06/13 07:56	christophergandrud/networkD3	master
17/06/13 07:55	MoBiodiv/mobsim	master
17/06/13 07:54	MoBiodiv/mobsim	master
17/06/13 07:41	MoBiodiv/mobsim	master
17/06/13 07:01	kthohr/BMR	master
17/06/13 07:00	kthohr/BMR	master
17/06/13 06:52	kthohr/BMR	master
17/06/13 06:50	kthohr/BMR	master
17/06/13 06:17	kthohr/BMR	master
17/06/13 02:51	genomicsclass/ph525x	master
17/06/13 01:17	nick-murray/redlistr	master
