17/12/13 10:28	AppliedDataSciencePartners/xgboostExplainer	master
17/12/13 08:43	igraph/rigraph	master
17/12/13 07:48	jbkunst/highcharter	master
17/12/13 07:47	neurodata/R-RerF	master
17/12/13 07:46	jbkunst/highcharter	master
17/12/13 07:32	rstudio/rmarkdown	master
17/12/13 06:41	ujjwalkarn/xda	master
17/12/13 03:41	JuliaWinchester/auto3dgm-fork	master
17/12/13 02:42	caprice-j/ggbash	master
17/12/13 02:21	Bioconductor/BiocGenerics	master
17/12/13 01:37	rstats-db/odbc	master
17/12/13 00:38	hrbrmstr/nominatim	master
17/12/12 00:54	BioStatMatt/sas7bdat.parso	master
17/12/12 00:53	BioStatMatt/sas7bdat.parso	master
17/12/12 00:50	BioStatMatt/sas7bdat.parso	master
17/12/12 00:45	BioStatMatt/sas7bdat.parso	master
17/12/07 00:29	gvegayon/twitterreport	master
17/12/07 00:27	gvegayon/twitterreport	master
17/12/07 00:20	seanchrismurphy/twtools	master
17/12/07 00:16	seanchrismurphy/twtools	master
17/12/07 00:15	seanchrismurphy/twtools	master
17/12/01 00:37	yihui/xaringan	master
17/12/01 00:23	dragua/xlsx	master
17/12/01 00:09	andrewpbray/oilabs	master
17/11/28 00:47	AndreaCirilloAC/updateR	master
17/11/24 00:15	mikemeredith/makeJAGSmask	master
17/11/22 00:40	wencke/wencke.github.io	master
17/11/21 00:03	USGS-R/streamMetabolizer	master
17/11/20 00:47	hannesmuehleisen/MonetDBLite-R	master
17/11/19 00:22	twitter/AnomalyDetection	master
17/11/19 00:21	twitter/AnomalyDetection	master
17/11/17 00:26	swarm-lab/trackR	master
17/11/17 00:16	shwetapurushe/weaveR	master
17/11/17 00:15	shwetapurushe/weaveR	master
17/11/13 00:57	rstudio/R-Websockets	master
