17/11/21 21:35	jwdink/eyetrackingR	master
17/11/21 21:34	jwdink/eyetrackingR	master
17/11/21 21:33	jwdink/eyetrackingR	master
17/11/21 17:22	s-u/RSclient	master
17/11/21 15:49	Lchiffon/GIStools	master
17/11/21 15:48	hoxo-m/prophetExt	master
17/11/21 15:45	vitkl/MItools	master
17/11/21 15:25	MRCIEU/TwoSampleMR	master
17/11/21 15:25	BfRstats/rriskDistributions	master
17/11/21 13:48	david-salgado/RepoReadWrite	master
17/11/21 13:47	david-salgado/RepoReadWrite	master
17/11/21 13:46	david-salgado/RepoReadWrite	master
17/11/21 13:45	david-salgado/RepoUtils	master
17/11/21 13:45	david-salgado/StQ	master
17/11/21 13:44	david-salgado/RepoReadWrite	master
17/11/21 13:43	david-salgado/RepoUtils	master
17/11/21 13:43	david-salgado/RepoTime	master
17/11/21 13:41	david-salgado/RepoUtils	master
17/11/21 13:14	ThinkRstat/togglr	master
17/11/21 11:45	andrewpbray/oilabs	master
17/11/21 11:39	andrewpbray/oilabs	master
17/11/21 11:38	andrewpbray/oilabs	master
17/11/21 11:31	andrewpbray/oilabs	master
17/11/21 10:18	hoxo-m/prophetExt	master
17/11/21 09:59	hoxo-m/prophetExt	master
17/11/21 07:35	hoxo-m/prophetExt	master
17/11/21 07:32	hoxo-m/prophetExt	master
17/11/21 05:09	gvarunkumar/ISLR	master
17/11/21 05:08	gvarunkumar/ISLR	master
17/11/21 05:04	ropensci/tabulizer	master
17/11/21 05:04	ropensci/tabulizerjars	master
17/11/21 04:47	hoxo-m/prophetExt	master
17/11/21 00:03	USGS-R/streamMetabolizer	master
17/11/20 00:47	hannesmuehleisen/MonetDBLite-R	master
17/11/19 00:22	twitter/AnomalyDetection	master
17/11/19 00:21	twitter/AnomalyDetection	master
17/11/17 00:26	swarm-lab/trackR	master
17/11/17 00:16	shwetapurushe/weaveR	master
17/11/17 00:15	shwetapurushe/weaveR	master
17/11/13 00:57	rstudio/R-Websockets	master
17/11/12 00:57	jchiquet/spring	master
17/11/12 00:55	warnes/fork	master
17/11/12 00:52	fadiphi/cats	master
17/11/12 00:50	kvnkuang/pbmcapply	master
17/11/12 00:50	twitter/AnomalyDetection	master
17/11/12 00:49	robertzk/mappy	master
17/11/12 00:42	lampk/taskeR	master
17/11/12 00:39	MarkSelby1992/RCluster	master
17/11/12 00:37	christinehohensinn/parAL	master
17/11/12 00:33	jlduan/sckits	master
17/11/12 00:29	ECO230/eco230r	master
17/11/12 00:28	wush978/rpvm	master
17/11/12 00:26	kasperdanielhansen/Rgraphviz	master
17/11/12 00:04	greenelab/ADAGEpath	master
17/11/11 00:56	ECO230/eco230r	master
17/11/11 00:55	ECO230/eco230r	master
17/11/11 00:52	ECO230/eco230r	master
17/11/11 00:26	ECO230/eco230r	master
17/11/09 00:10	ECO230/eco230r	master
17/11/08 00:48	yutannihilation/mediumr	master
17/11/08 00:31	ECO230/eco230r	master
17/11/08 00:20	ECO230/eco230r	master
17/11/08 00:14	ECO230/eco230r	master
17/11/03 00:58	ECO230/eco230r	master
17/11/03 00:43	ECO230/eco230r	master
17/11/03 00:19	ECO230/eco230r	master
17/11/01 00:56	ECO230/eco230r	master
17/11/01 00:53	lme4/lme4	master
17/11/01 00:52	ECO230/eco230r	master
17/11/01 00:51	skranz/restorepoint	master
17/11/01 00:14	ECO230/eco230r	master
17/10/31 00:28	bocinsky/paleocar	master
17/10/27 00:59	jennybc/googlesheets	master
17/10/27 00:58	jennybc/googlesheets	master
17/10/27 00:58	jennybc/googlesheets	master
17/10/27 00:58	jennybc/googlesheets	master
17/10/27 00:58	jennybc/googlesheets	master
17/10/27 00:56	vlsci/Analytics	master
17/10/27 00:50	jennybc/googlesheets	master
17/10/27 00:39	jennybc/googlesheets	master
17/10/25 00:23	ajdamico/lodown	master
17/10/23 00:52	ECO230/eco230r	master
17/10/23 00:45	ECO230/eco230r	master
17/10/22 00:53	bradleyboehmke/harrypotter	master
