17/03/09 20:40	trestletech/rgl	master
17/03/09 17:09	CavenderBaresLab/spec	master
17/03/09 15:31	loicdtx/bfastSpatial	master
17/03/09 15:05	loicdtx/bfastSpatial	master
17/03/09 15:03	loicdtx/bfastSpatial	master
17/03/09 15:01	loicdtx/bfastSpatial	master
17/03/09 14:59	loicdtx/bfastSpatial	master
17/03/09 14:58	loicdtx/bfastSpatial	master
17/03/09 14:58	loicdtx/bfastSpatial	master
17/03/09 14:57	loicdtx/bfastSpatial	master
17/03/09 14:57	loicdtx/bfastSpatial	master
17/03/09 14:57	loicdtx/bfastSpatial	master
17/03/09 14:56	loicdtx/bfastSpatial	master
17/03/09 14:55	loicdtx/bfastSpatial	master
17/03/09 14:54	loicdtx/bfastSpatial	master
17/03/09 14:49	loicdtx/bfastSpatial	master
17/03/09 07:17	jpmml/r2pmml	master
17/03/09 02:19	drsimonj/corrr	master
17/03/09 01:47	bocinsky/FedData	master
17/03/09 01:07	datadotworld/data.world-r	master
17/02/27 00:14	datadotworld/data.world-r	master
17/02/25 00:53	trestletech/shinyStore	master
17/02/25 00:53	jlmelville/mize	master
17/02/25 00:53	jlmelville/mize	master
17/02/25 00:50	trestletech/shinyStore	master
17/02/25 00:50	jlmelville/mize	master
17/02/25 00:49	jlmelville/mize	master
17/02/23 00:32	mtennekes/tmap	master
17/02/18 00:18	clbustos/dominanceAnalysis	master
17/02/17 00:24	hadley/tibble	master
17/02/15 00:43	kazutan/zousan	master
17/02/15 00:42	hoxo-m/githubinstall	master
17/02/14 00:03	StatsWithR/statsr	master
17/02/14 00:00	StatsWithR/statsr	master
17/02/12 00:20	trestletech/plumber	master
17/02/10 00:42	andrewpbray/oilabs	master
17/02/07 00:21	smach/rmiscutils	master
17/02/03 00:56	mlr-org/mlr	xgboost_latest
