17/05/14 19:49	R-Finance/blotter	master
17/05/14 19:45	R-Finance/blotter	master
17/05/14 18:47	DataWookie/ubeR	master
17/05/14 17:53	jimhester/knitrBootstrap	master
17/05/14 14:29	Deleetdk/kirkegaard	master
17/05/14 14:20	richfitz/remoji	master
17/05/14 13:53	rstudio/shiny	master
17/05/14 12:31	warnes/gmodels	master
17/05/14 12:26	warnes/gtools	master
17/05/14 12:14	warnes/gmodels	master
17/05/14 12:14	warnes/gmodels	master
17/05/14 12:14	rstudio/leaflet	master
17/05/14 12:13	gforge/Grmd	master
17/05/14 12:08	warnes/gmodels	master
17/05/14 12:01	krlmlr/rprojroot	master
17/05/14 12:00	gforge/Grmd	master
17/05/14 11:56	yihui/knitr	master
17/05/14 11:44	gforge/htmlTable	master
17/05/14 11:32	gforge/Grmd	master
17/05/14 11:07	bbolker/glmmadmb	master
17/05/14 11:03	warnes/gmodels	master
17/05/14 08:12	kthohr/BMR	master
17/05/14 07:32	kthohr/BMR	master
17/05/14 06:13	hadley/ggplot2	v2.2.0
17/05/14 03:50	dgrtwo/broom	master
17/05/14 03:38	yihui/printr	master
17/05/14 02:13	SrivastavaLab/bwgdata	master
17/05/14 02:08	mdancho84/tidyquant	master
17/05/14 02:08	business-science/tidyquant	master
17/05/14 02:07	R-Finance/PerformanceAnalytics	master
17/05/14 02:06	R-Finance/PerformanceAnalytics	master
17/05/14 02:05	R-Finance/PerformanceAnalytics	master
