17/08/21 22:58	rstudio/leaflet	%23453
17/08/21 22:58	rstudio/leaflet	%23453
17/08/21 22:58	rstudio/leaflet	%23453
17/08/21 22:56	rstudio/leaflet	%23453
17/08/21 20:22	drizopoulos/JMbayes	master
17/08/21 20:17	drizopoulos/JMbayes	master
17/08/21 19:31	skranz/rampl	master
17/08/21 18:38	graywh/r-gmisc	master
17/08/21 17:57	rstats-db/odbc	12a44e1
17/08/21 17:55	rstats-db/odbc	12a44e1
17/08/21 17:50	rstats-db/odbc	12a44e1
17/08/21 15:34	rasmusab/bayesian_first_aid	master
17/08/21 15:30	cont-limno/LAGOS	master
17/08/21 15:12	rasmusab/bayesian_first_aid	master
17/08/21 15:01	rasmusab/bayesian_first_aid	master
17/08/21 14:59	rasmusab/bayesian_first_aid	master
17/08/21 14:09	cmap/cmapR	master
17/08/21 14:08	cmap/cmapR	master
17/08/21 14:07	cmap/cmapR	master
17/08/21 09:35	miriamMota/mmotaF	master
17/08/21 07:33	hadley/tibble	master
17/08/21 07:32	hadley/dplyr	master
17/08/21 07:29	hadley/dplyr	master
17/08/21 06:49	rstudio/config	master
17/08/21 06:36	uebvhir/installifnot	master
