17/08/15 21:53	leeper/tabulizerjars	master
17/08/15 21:53	ropensci/tabulizerjars	master
17/08/15 21:52	ropensci/tabulizer	master
17/08/15 21:46	ropensci/tabulizer	master
17/08/15 21:45	leeper/tabulizer	master
17/08/15 21:44	trinker/stansent	master
17/08/15 21:43	trinker/stansent	master
17/08/15 21:42	satijalab/seurat	master
17/08/15 21:42	statsmaths/coreNLP	master
17/08/15 21:41	trinker/stansent	master
17/08/15 21:39	ropensci/tabulizer	master
17/08/15 21:39	cbg-ethz/TiMEx	master
17/08/15 21:32	statsmaths/coreNLP	master
17/08/15 21:31	trinker/stansent	master
17/08/15 21:09	satijalab/seurat	master
17/08/15 20:01	SoftengPoliTo/powtran	master
17/08/15 20:01	SoftengPoliTo/powtran	master
17/08/15 19:59	satijalab/seurat	master
17/08/15 19:58	cboettig/mdplearning	master
17/08/15 19:58	satijalab/seurat	master
17/08/15 19:57	SoftengPoliTo/powtran	master
17/08/15 19:56	satijalab/seurat	master
17/08/15 19:56	tomeburk/lm.retran	master
17/08/15 19:56	sinhrks/ggfortify	master
17/08/15 19:56	dpastoor/mrgformat	master
17/08/15 19:55	SoftengPoliTo/powtran	master
17/08/15 19:53	satijalab/seurat	master
17/08/15 19:01	mlr-org/mlr	forecasting
17/08/15 18:51	jm3594/crtpower	master
17/08/15 18:47	jm3594/crtpower	master
17/08/15 18:01	datadotworld/data.world-r	master
17/08/15 17:58	datadotworld/data.world-r	master
17/08/15 17:22	andrie/sentiment	master
17/08/15 17:22	abhy/sentiment	master
17/08/15 14:31	cbg-ethz/TiMEx	master
17/08/15 14:21	cbg-ethz/TiMEx	master
17/08/15 13:44	JeroenSmaers/evomap	master
17/08/15 13:40	jm3594/crtpower	master
17/08/15 13:21	jm3594/crtpower	master
17/08/15 13:18	jm3594/crtpower	master
17/08/15 13:17	jm3594/crtpower	master
17/08/15 13:17	jm3594/crtpower	master
17/08/15 13:15	Datactuariat/Rpostal	master
17/08/15 13:01	hoxo-m/prophetExt	master
17/08/15 13:00	hoxo-m/prophetExt	master
17/08/15 12:59	hoxo-m/prophetExt	master
17/08/15 12:47	hadley/precis	master
17/08/15 12:46	hadley/precis	master
17/08/15 12:07	cranedroesch/panelNNET	master
17/08/15 12:07	cranedroesch/panelNNET	master
17/08/15 12:06	cranedroesch/panelNNET	master
17/08/15 09:29	NorskRegnesentral/NRTools	master
17/08/15 08:59	ropensci/tabulizer	master
17/08/15 08:58	ropensci/tabulizerjars	master
17/08/15 08:54	ropensci/tabulizer	master
17/08/15 08:54	ropensci/tabulizerjars	master
17/08/15 07:24	swager/randomForestCI	master
17/08/15 07:10	swager/randomForestCI	master
17/08/15 06:41	clauswilke/ggjoy	master
17/08/15 03:50	prestodb/RPresto	master
17/08/15 02:40	mkearney/rtweet	master
17/08/15 02:39	mkearney/rtweet	v0.4.1
17/08/15 02:39	mkearney/rtweet	v0.4.2
