17/07/06 20:58	tidyverse/ggplot2	sf
17/07/06 20:15	tim-scharf/binary	master
17/07/06 20:10	wilkelab/cowplot	master
17/07/06 20:10	kassambara/ggpubr	master
17/07/06 20:06	hadley/productplots	master
17/07/06 18:44	mlr-org/mlr	forecasting
17/07/06 15:54	ujjwalkarn/xda	master
17/07/06 13:51	vwmaus/dtwSat	master
17/07/06 12:28	GuangchuangYu/ChIPseeker	master
17/07/06 09:27	cdeterman/bigmemoryExt	master
17/07/06 08:37	cloudyr/googleComputeEngineR	master
17/07/06 08:30	emilopezcano/optimr	master
17/07/06 08:13	mplatzer/BTYDplus	master
17/07/06 07:56	rOpenGov/rqog	master
17/07/06 07:37	ropensci/tabulizerjars	master
17/07/06 07:28	ropensci/tabulizerjars	master
17/07/06 07:28	ropensci/tabulizerjars	master
17/07/06 07:12	ropensci/tabulizerjars	master
17/07/06 07:11	ropensci/tabulizerjars	master
17/07/06 07:10	ropensci/tabulizer	master
17/07/06 04:12	Shicheng-Guo/collaboration	master
