17/06/25 21:48	mlr-org/mlr	master
17/06/25 21:46	mlr-org/mlr	forecasting
17/06/25 21:39	ropensci/textreuse	master
17/06/25 21:34	mlr-org/mlr	forecasting
17/06/25 21:33	mlr-org/mlr	forecasting
17/06/25 21:15	mlr-org/mlr	forecasting
17/06/25 21:02	mlr-org/mlr	forecasting
17/06/25 21:00	tidyverse/ggplot2	sf
17/06/25 21:00	mlr-org/mlr	forecasting
17/06/25 20:57	mlr-org/mlr	forecasting
17/06/25 20:54	tidyverse/ggplot2	sf
17/06/25 20:54	tidyverse/ggplot2	sf
17/06/25 20:53	tidyverse/ggplot2	sf
17/06/25 20:02	mlr-org/mlr	forecasting
17/06/25 19:58	mlr-org/mlr	forecasting
17/06/25 19:57	mlr-org/mlr	forecasting
17/06/25 17:48	mlr-org/mlr	forecasting
17/06/25 17:42	mlr-org/mlr	forecasting
17/06/25 14:58	omegahat/Rcartogram	master
17/06/25 14:58	omegahat/Rcartogram	master
17/06/25 14:56	omegahat/Rcartogram	master
17/06/25 14:48	omegahat/Rcartogram	master
17/06/25 14:36	omegahat/Rcartogram	master
17/06/25 14:36	omegahat/Rcartogram	master
17/06/25 14:34	omegahat/Rcartogram	master
17/06/25 14:23	omegahat/Rcartogram	master
17/06/25 13:48	twitter/AnomalyDetection	master
17/06/25 13:44	MangoTheCat/fftw3	master
17/06/25 13:43	MangoTheCat/fftw3	master
17/06/25 13:41	omegahat/Rcartogram	master
17/06/25 13:39	omegahat/Rcartogram	master
17/06/25 13:20	ropensci/tabulizer	master
17/06/25 13:20	ropensci/tabulizerjars	master
17/06/25 13:05	aoles/EBImage	master
17/06/25 12:35	omegahat/Rcartogram	master
17/06/25 12:33	omegahat/Rcartogram	master
17/06/25 12:32	omegahat/Rcartogram	master
17/06/25 12:32	MangoTheCat/fftw3	master
17/06/25 12:28	omegahat/Rcartogram	master
17/06/25 12:27	MangoTheCat/fftw3	master
17/06/25 12:25	MangoTheCat/fftw3	master
17/06/25 12:19	omegahat/Rcartogram	master
17/06/25 12:11	omegahat/Rcartogram	master
17/06/25 12:10	omegahat/Rcartogram	master
17/06/25 11:27	omegahat/Rcartogram	master
17/06/25 11:21	omegahat/Rcartogram	master
17/06/25 09:10	ropensci/tabulizer	master
17/06/25 09:10	ropensci/tabulizerjars	master
17/06/25 09:09	ropensci/tabulizer	master
17/06/25 09:09	ropensci/tabulizerjars	master
17/06/25 06:50	arturrc/rdough	master
17/06/25 06:49	arturrc/rdough	master
17/06/25 02:39	rstudio/blogdown	master
