17/01/18 21:18	arilamstein/choroplethrZip	master
17/01/18 20:56	cbreto/panelPomp	master
17/01/18 19:45	amayer2010/lsttheory	master
17/01/18 18:18	Stan125/GREA	master
17/01/18 10:43	timelyportfolio/listviewer	master
17/01/18 10:29	rstudio/htmltools	master
17/01/18 10:29	rstudio/htmltools	master
17/01/18 10:22	rstudio/shiny	master
17/01/18 10:05	jcheng5/d3scatter	master
17/01/18 09:57	rstudio/DT	master
17/01/18 09:56	rstudio/leaflet	master
17/01/18 09:49	rstudio/crosstalk	master
17/01/18 08:53	SimonRaper/buster	master
17/01/18 07:20	cpsievert/LDAvis	master
17/01/18 07:20	cpsievert/LDAvis	master
17/01/18 06:22	twitter/AnomalyDetection	master
17/01/18 06:19	twitter/AnomalyDetection	master
17/01/18 06:18	twitter/AnomalyDetection	master
17/01/18 06:15	twitter/AnomalyDetection	master
17/01/18 02:22	ropensci/ropenaq	master
17/01/18 01:23	rich-iannone/DiagrammeR	master
