17/08/16 13:09	dselivanov/LSHR	master
17/08/16 13:05	dselivanov/LSHR	master
17/08/16 09:31	ropensci/plotly	master
17/08/16 09:31	lukadw11/Clusty	master
17/08/16 09:30	wwbrannon/rstata	master
17/08/16 09:27	AMUFacultyOfEnglish/ENRanalytics	datatable_enr
17/08/16 08:07	ropensci/tabulizer	master
17/08/16 08:06	ropensci/tabulizerjars	master
17/08/16 07:56	leeper/tabulizerjars	master
17/08/16 07:54	ropensci/tabulizer	master
17/08/16 07:54	ropensci/tabulizerjars	master
17/08/16 07:44	ropensci/tabulizer	master
17/08/16 07:44	ropensci/tabulizerjars	master
17/08/16 07:43	leeper/tabulizer	master
17/08/16 07:42	leeper/tabulizerjars	master
17/08/16 07:00	leeper/tabulizer	master
17/08/16 06:59	leeper/tabulizerjars	master
17/08/16 06:47	ropensci/tabulizer	master
17/08/16 06:47	ropensci/tabulizerjars	master
17/08/16 06:45	ropensci/tabulizer	master
17/08/16 06:44	ropensci/tabulizerjars	master
17/08/16 06:12	hadley/precis	master
17/08/16 04:49	NoahZinsmeister/Rbnb	master
17/08/16 04:47	NoahZinsmeister/Rbnb	master
17/08/16 04:46	NoahZinsmeister/Rbnb	master
17/08/16 04:22	NoahZinsmeister/Rbnb	master
