17/08/31 16:48	JGCRI/gcammaptools	alter-proj4-method
17/08/31 16:15	blueraleigh/pea	master
17/08/31 16:14	guido-s/meta	master
17/08/31 16:14	bergsmat/meta	master
17/08/31 16:13	awalker89/Rjira	master
17/08/31 16:12	mera2/Rdata	master
17/08/31 16:12	akilahmd/Rdata	master
17/08/31 16:11	ajrominger/pika	master
17/08/31 16:02	ahunteruk/RNeat	master
17/08/31 16:01	ZeroStack/week2	master
17/08/31 16:00	WJL-NCSU/Rnets	master
17/08/31 15:58	ShishirShakya/week4	master
17/08/31 15:58	SWotherspoon/RWalc	master
17/08/31 15:54	hdzierz/rkaka	master
17/08/31 15:53	PlantandFoodResearch/rkaka	master
17/08/31 15:53	xanhuang/RTest	master
17/08/31 15:53	MaurizioInDenmark/RTest	master
17/08/31 15:52	MatthiasLienhard/qsea	master
17/08/31 15:35	LiangCZhang/Rcess	master
17/08/31 15:34	ISA-tools/Risa	master
17/08/31 15:16	HomeBankCode/rlena	master
17/08/31 15:14	GeertvanGeest/RYeti	master
17/08/31 15:10	FranzKrah/seta	master
17/08/31 15:05	Dralliag/opera	master
17/08/31 14:59	twitter/AnomalyDetection	master
17/08/31 14:55	twitter/AnomalyDetection	master
17/08/31 13:37	BigelowLab/rscripting	master
17/08/31 13:37	BigelowLab/obpgcrawler	master
17/08/31 13:36	BigelowLab/spnc	master
17/08/31 13:35	BigelowLab/sinkrtools	master
17/08/31 13:34	marchtaylor/sinkr	master
17/08/31 12:45	braverock/blotter	master
17/08/31 12:42	braverock/blotter	master
17/08/31 12:39	ujjwalkarn/xda	master
17/08/31 12:37	R-Finance/blotter	master
17/08/31 12:03	rfxf/Rfdbk	master
17/08/31 12:02	Pratheek-Dev/Rstdev	master
17/08/31 12:02	rmartinvazquez/ffrmv	master
17/08/31 12:00	rmartinvazquez/ffrmv	master
17/08/31 11:59	rfxf/Rfdbk	master
17/08/31 11:58	Pratheek-Dev/Rstdev	master
17/08/31 11:57	rmartinvazquez/ffrmv	master
17/08/31 11:08	jonmcalder/refactor	master
17/08/31 10:59	jennybc/refactor	master
17/08/31 09:44	ujjwalkarn/xda	master
17/08/31 09:42	ujjwalkarn/xda	master
17/08/31 09:20	vqv/ggbiplot	master
17/08/31 08:49	ronkeizer/vpc	master
17/08/31 08:42	vqv/ggbiplot	master
17/08/31 04:24	vqv/ggbiplot	master
17/08/31 04:22	vqv/ggbiplot	master
