17/05/06 05:48	ropensci/tabulizer	master
17/05/06 05:48	ropensci/tabulizerjars	master
17/05/06 05:14	ropensci/tabulizer	master
17/05/06 05:14	ropensci/tabulizerjars	master
17/05/06 04:37	ropensci/tabulizer	master
17/05/06 04:37	ropensci/tabulizerjars	master
17/05/06 04:28	ropensci/tabulizer	master
17/05/06 04:28	ropensci/tabulizerjars	master
17/05/06 04:25	ropensci/tabulizer	master
17/05/06 04:25	ropensci/tabulizerjars	master
17/05/06 04:22	ropensci/tabulizer	master
17/05/06 04:22	ropensci/tabulizerjars	master
17/05/06 03:55	ropenscilabs/tabulizer	master
17/05/06 03:55	ropensci/tabulizerjars	master
17/05/06 03:55	leeper/tabulizer	master
17/05/06 03:54	leeper/tabulizerjars	master
17/05/06 02:32	ropensci/tabulizer	master
17/05/06 02:32	ropensci/tabulizerjars	master
17/05/06 02:32	ropensci/tabulizer	master
17/05/06 02:32	ropensci/tabulizerjars	master
17/05/06 01:30	ropensci/tabulizer	master
17/05/06 01:30	ropensci/tabulizerjars	master
