17/11/19 17:11	twitter/AnomalyDetection	master
17/11/19 17:08	ymattu/rjumanpp	master
17/11/19 16:16	twitter/AnomalyDetection	master
17/11/19 14:30	rmcelreath/rethinking	master
17/11/19 13:45	tomvar/bundling	master
17/11/19 12:48	twitter/AnomalyDetection	master
17/11/19 12:46	twitter/AnomalyDetection	master
17/11/19 12:28	twitter/AnomalyDetection	master
17/11/19 12:12	stanstrup/massageR	master
17/11/19 11:51	twitter/AnomalyDetection	master
17/11/19 11:50	twitter/AnomalyDetection	master
17/11/19 11:42	KeachMurakami/pri	master
17/11/19 11:36	KeachMurakami/pri	master
17/11/19 11:36	KeachMurakami/pri	master
17/11/19 11:35	KeachMurakami/pri	master
17/11/19 11:34	KeachMurakami/pri	master
17/11/19 11:33	twitter/AnomalyDetection	master
17/11/19 11:30	twitter/AnomalyDetection	master
17/11/19 10:26	RNED/agriTutorial	master
17/11/19 00:22	twitter/AnomalyDetection	master
17/11/19 00:21	twitter/AnomalyDetection	master
17/11/17 00:26	swarm-lab/trackR	master
17/11/17 00:16	shwetapurushe/weaveR	master
17/11/17 00:15	shwetapurushe/weaveR	master
17/11/13 00:57	rstudio/R-Websockets	master
17/11/12 00:57	jchiquet/spring	master
17/11/12 00:55	warnes/fork	master
17/11/12 00:52	fadiphi/cats	master
17/11/12 00:50	kvnkuang/pbmcapply	master
17/11/12 00:50	twitter/AnomalyDetection	master
17/11/12 00:49	robertzk/mappy	master
17/11/12 00:42	lampk/taskeR	master
17/11/12 00:39	MarkSelby1992/RCluster	master
17/11/12 00:37	christinehohensinn/parAL	master
17/11/12 00:33	jlduan/sckits	master
17/11/12 00:29	ECO230/eco230r	master
17/11/12 00:28	wush978/rpvm	master
17/11/12 00:26	kasperdanielhansen/Rgraphviz	master
17/11/12 00:04	greenelab/ADAGEpath	master
17/11/11 00:56	ECO230/eco230r	master
17/11/11 00:55	ECO230/eco230r	master
17/11/11 00:52	ECO230/eco230r	master
17/11/11 00:26	ECO230/eco230r	master
17/11/09 00:10	ECO230/eco230r	master
17/11/08 00:48	yutannihilation/mediumr	master
17/11/08 00:31	ECO230/eco230r	master
17/11/08 00:20	ECO230/eco230r	master
17/11/08 00:14	ECO230/eco230r	master
17/11/03 00:58	ECO230/eco230r	master
17/11/03 00:43	ECO230/eco230r	master
17/11/03 00:19	ECO230/eco230r	master
17/11/01 00:56	ECO230/eco230r	master
17/11/01 00:53	lme4/lme4	master
17/11/01 00:52	ECO230/eco230r	master
17/11/01 00:51	skranz/restorepoint	master
17/11/01 00:14	ECO230/eco230r	master
17/10/31 00:28	bocinsky/paleocar	master
17/10/27 00:59	jennybc/googlesheets	master
17/10/27 00:58	jennybc/googlesheets	master
17/10/27 00:58	jennybc/googlesheets	master
17/10/27 00:58	jennybc/googlesheets	master
17/10/27 00:58	jennybc/googlesheets	master
17/10/27 00:56	vlsci/Analytics	master
17/10/27 00:50	jennybc/googlesheets	master
17/10/27 00:39	jennybc/googlesheets	master
17/10/25 00:23	ajdamico/lodown	master
17/10/23 00:52	ECO230/eco230r	master
17/10/23 00:45	ECO230/eco230r	master
17/10/22 00:53	bradleyboehmke/harrypotter	master
17/10/21 00:49	tidyverse/tidyr	master
17/10/21 00:48	r-lib/boxes	master
17/10/21 00:46	twitter/AnomalyDetection	master
17/10/21 00:45	twitter/AnomalyDetection	master
17/10/20 00:11	BavoDC/CalibrationCurves	master
