17/07/26 19:25	snowflakedb/dplyr-snowflakedb	master
17/07/26 17:41	satijalab/seurat	master
17/07/26 16:29	satijalab/seurat	develop
17/07/26 16:16	bergsmat/origami	master
17/07/26 16:16	okugami79/sentiment140	master
17/07/26 15:24	ymattu/rjumanpp	master
17/07/26 15:07	bayesball/BApredict	master
17/07/26 14:55	satijalab/seurat	master
17/07/26 14:43	twitter/AnomalyDetection	master
17/07/26 14:27	satijalab/seurat	develop
17/07/26 14:19	satijalab/seurat	develop
17/07/26 14:16	satijalab/seurat	develop
17/07/26 14:13	satijalab/seurat	develop
17/07/26 11:40	leonawicz/mapmate	master
17/07/26 11:31	hadley/xml2	master
17/07/26 10:31	bkutlu/pzfxparser	master
17/07/26 10:29	bkutlu/pzfxparser	master
17/07/26 10:26	bkutlu/pzfxparser	master
17/07/26 09:57	jimhester/fstrings	master
17/07/26 09:30	jakesherman/easypackages	master
17/07/26 09:29	jakesherman/packages	master
17/07/26 08:58	therneau/survival	master
17/07/26 08:52	therneau/survival	master
17/07/26 08:40	therneau/survival	master
17/07/26 08:15	gaborcsardi/parsedate	master
17/07/26 08:05	gaborcsardi/parsedate	master
17/07/26 01:20	clauswilke/ggjoy	master
17/07/26 01:18	dgrtwo/gganimate	master
17/07/26 01:00	satijalab/seurat	develop
