17/03/28 15:04	twitter/AnomalyDetection	master
17/03/28 14:45	andrewpbray/oilabs	master
17/03/28 13:47	edzer/spacetime	master
17/03/28 13:34	skranz/RMaxima	master
17/03/28 13:34	skranz/stringtools	master
17/03/28 13:33	skranz/restorepoint	master
17/03/28 13:26	musicman3320/m2r	master
17/03/28 12:53	rstudio/blogdown	master
17/03/28 12:34	braverock/quantstrat	master
17/03/28 12:34	braverock/blotter	master
17/03/28 12:31	braverock/PerformanceAnalytics	master
17/03/28 12:31	joshuaulrich/xts	master
17/03/28 12:25	pbulsink/HockeyScrapR	master
17/03/28 12:22	braverock/PortfolioAnalytics	master
17/03/28 12:16	R-Finance/PortfolioAnalytics	master
17/03/28 12:15	R-Finance/PerformanceAnalytics	master
17/03/28 09:23	datastorm-open/visNetwork	master
17/03/28 09:20	datastorm-open/visNetwork	master
17/03/28 09:18	datastorm-open/visNetwork	master
17/03/28 09:15	datastorm-open/visNetwork	master
17/03/28 06:11	WMBEdmands/compMS2Miner	master
17/03/28 03:54	hadley/ggplot2	master
17/03/28 03:53	hadley/ggplot2	master
17/03/28 03:45	hadley/ggplot2	master
17/03/28 03:45	hadley/ggplot2	master
