17/11/03 12:00	rstudio/shiny-incubator	master
17/11/03 12:00	abhy/sentiment	master
17/11/03 12:00	omegahat/Rstem	master
17/11/03 12:00	johndharrison/RBMproxy	master
17/11/03 12:00	ramnathv/rCharts	master
17/11/03 11:59	aallignol/Cprob	master
17/11/03 11:59	jbedo/pmt	master
17/11/03 11:59	oscarperpinan/pkgMethods	master
17/11/03 11:59	Bioconductor/GOstats	master
17/11/03 11:58	BigelowLab/ndfd	master
17/11/03 11:58	armstrtw/its	master
17/11/03 11:58	ricardo-bion/ggradar	master
17/11/03 11:58	vqv/ggbiplot	master
17/11/03 11:58	talgalili/dendextendRcpp	master
17/11/03 11:57	jcheng5/bubbles	master
17/11/03 11:57	psolaimani/BiocInstaller	master
17/11/03 11:57	Bioconductor/BiocGenerics	master
17/11/03 11:57	Bioconductor/Biobase	master
17/11/03 07:56	ujjwalkarn/xda	master
17/11/03 07:36	ujjwalkarn/xda	master
17/11/03 03:03	sinhrks/ggfortify	master
17/11/03 00:58	ECO230/eco230r	master
17/11/03 00:43	ECO230/eco230r	master
17/11/03 00:19	ECO230/eco230r	master
17/11/01 00:56	ECO230/eco230r	master
17/11/01 00:53	lme4/lme4	master
17/11/01 00:52	ECO230/eco230r	master
17/11/01 00:51	skranz/restorepoint	master
17/11/01 00:14	ECO230/eco230r	master
17/10/31 00:28	bocinsky/paleocar	master
17/10/27 00:59	jennybc/googlesheets	master
17/10/27 00:58	jennybc/googlesheets	master
17/10/27 00:58	jennybc/googlesheets	master
17/10/27 00:58	jennybc/googlesheets	master
17/10/27 00:58	jennybc/googlesheets	master
17/10/27 00:56	vlsci/Analytics	master
17/10/27 00:50	jennybc/googlesheets	master
17/10/27 00:39	jennybc/googlesheets	master
17/10/25 00:23	ajdamico/lodown	master
17/10/23 00:52	ECO230/eco230r	master
17/10/23 00:45	ECO230/eco230r	master
17/10/22 00:53	bradleyboehmke/harrypotter	master
17/10/21 00:49	tidyverse/tidyr	master
17/10/21 00:48	r-lib/boxes	master
17/10/21 00:46	twitter/AnomalyDetection	master
17/10/21 00:45	twitter/AnomalyDetection	master
17/10/20 00:11	BavoDC/CalibrationCurves	master
17/10/18 00:25	mikemeredith/makeJAGSmask	master
17/10/17 00:36	hoxo-m/prophetExt	master
17/10/17 00:17	rstudio/rmarkdown	master
17/10/17 00:15	ymattu/MlBayesOpt	master
17/10/17 00:11	yutannihilation/kokudosuuchi	master
17/10/17 00:06	hoxo-m/prophetExt	master
17/10/17 00:00	yutannihilation/kokudosuuchi	master
17/10/16 00:26	hadley/scagnostics	master
17/10/07 00:52	kerguler/Barnard	master
17/10/07 00:45	kerguler/Barnard	master
17/10/07 00:42	kerguler/Barnard	master
17/10/04 00:23	OpenMx/OpenMx	master
17/10/04 00:21	OpenMx/OpenMx	master
