17/08/14 17:22	AMUFacultyOfEnglish/ENRanalytics	datatable_enr
17/08/14 16:39	twitter/AnomalyDetection	master
17/08/14 14:48	ymattu/rjumanpp	master
17/08/14 14:33	mikemeredith/wiqid	master
17/08/14 14:09	ujjwalkarn/xda	master
17/08/14 13:54	craddm/eegUtils	master
17/08/14 13:45	JeroenSmaers/evomap	master
17/08/14 11:45	craddm/eegUtils	master
17/08/14 11:43	craddm/eegUtils	master
17/08/14 11:41	GuangchuangYu/treeio	master
17/08/14 11:25	mikemeredith/wiqid	master
17/08/14 11:22	mikemeredith/wiqid	master
17/08/14 10:13	R-Finance/quantstrat	master
17/08/14 10:11	R-Finance/PerformanceAnalytics	master
17/08/14 10:09	R-Finance/quantstrat	master
17/08/14 09:31	R-Finance/quantstrat	master
17/08/14 08:24	R-Finance/quantstrat	master
17/08/14 08:21	R-Finance/quantstrat	master
17/08/14 08:03	R-Finance/quantstrat	master
17/08/14 07:47	uribo/jpndistrict	master
17/08/14 07:41	hoxo-m/prophetExt	master
17/08/14 07:27	hoxo-m/prophetExt	master
17/08/14 06:24	Rdatatable/data.table	master
17/08/14 06:05	hoxo-m/pforeach	master
17/08/14 02:41	ymattu/rjumanpp	master
17/08/14 01:41	ymattu/rjumanpp	master
17/08/14 01:07	ymattu/rjumanpp	master
