17/03/02 18:53	jcheng5/googleCharts	master
17/03/02 18:48	GuangchuangYu/clusterProfiler	master
17/03/02 18:47	GuangchuangYu/clusterProfiler	master
17/03/02 18:46	GuangchuangYu/clusterProfiler	master
17/03/02 18:46	GuangchuangYu/DOSE	master
17/03/02 17:57	tidyverse/ggplot2	master
17/03/02 17:52	bocinsky/FedData	master
17/03/02 17:51	dkahle/ggmap	master
17/03/02 17:36	hadley/tidyr	master
17/03/02 17:33	bocinsky/FedData	master
17/03/02 17:33	bocinsky/FedData	master
17/03/02 17:32	bocinsky/FedData	master
17/03/02 17:31	bocinsky/FedData	master
17/03/02 17:29	tidyverse/ggplot2	master
17/03/02 17:27	tidyverse/ggplot2	master
17/03/02 17:25	bocinsky/FedData	master
17/03/02 17:23	bocinsky/FedData	master
17/03/02 17:22	bocinsky/FedData	master
17/03/02 17:19	USGS-R/gsplot	master
17/03/02 17:19	USGS-R/gsplot	master
17/03/02 17:18	dkahle/ggmap	master
17/03/02 17:17	bocinsky/FedData	master
17/03/02 17:16	bocinsky/FedData	master
17/03/02 17:13	bocinsky/FedData	master
17/03/02 17:11	bocinsky/FedData	master
17/03/02 17:10	bocinsky/FedData	master
17/03/02 17:10	bocinsky/FedData	master
17/03/02 17:10	bocinsky/FedData	master
17/03/02 17:09	bocinsky/FedData	master
17/03/02 17:09	bocinsky/FedData	master
17/03/02 17:09	bocinsky/FedData	master
17/03/02 17:07	bocinsky/FedData	master
17/03/02 17:01	bocinsky/FedData	master
17/03/02 16:59	bocinsky/FedData	master
17/03/02 16:57	bocinsky/FedData	master
17/03/02 16:57	bocinsky/FedData	master
17/03/02 16:35	trinker/hangman	master
17/03/02 14:27	bocinsky/FedData	master
17/03/02 09:48	christiaanpauw/AQoffset	master
17/03/02 09:47	christiaanpauw/AQoffset	master
17/03/02 09:42	mike-lawrence/ez	master
17/03/02 09:38	christiaanpauw/AQoffset	master
17/03/02 08:17	rstudio/blogdown	master
17/03/02 02:21	bocinsky/FedData	master
