17/10/23 20:57	jianhong/ATACseqQC	master
17/10/23 20:26	hshdndx/new-to-CNV	master
17/10/23 18:18	ECO230/eco230r	master
17/10/23 16:57	rstudio/sparklyr	v0.6
17/10/23 15:49	rstudio/sparklyr	v0.6
17/10/23 14:48	ymattu/MlBayesOpt	master
17/10/23 13:34	twitter/AnomalyDetection	master
17/10/23 12:58	tdhock/PeakSegJoint	master
17/10/23 12:44	trinker/plotflow	master
17/10/23 11:12	MRCIEU/TwoSampleMR	master
17/10/23 10:16	MRCIEU/TwoSampleMR	master
17/10/23 08:05	shihikoo/AutoAnnotation	master
17/10/23 05:32	gabrielrvsc/HDeconometrics	master
17/10/23 05:30	gabrielrvsc/HDeconometrics	master
17/10/23 04:15	kazutan/zousan	master
17/10/23 02:08	dahtah/imager	master
17/10/23 02:07	dahtah/imager	master
17/10/23 01:01	ECO230/eco230r	master
17/10/23 01:00	shihikoo/AutoAnnotation	master
17/10/23 00:52	ECO230/eco230r	master
17/10/23 00:45	ECO230/eco230r	master
17/10/22 00:53	bradleyboehmke/harrypotter	master
17/10/21 00:49	tidyverse/tidyr	master
17/10/21 00:48	r-lib/boxes	master
17/10/21 00:46	twitter/AnomalyDetection	master
17/10/21 00:45	twitter/AnomalyDetection	master
17/10/20 00:11	BavoDC/CalibrationCurves	master
17/10/18 00:25	mikemeredith/makeJAGSmask	master
17/10/17 00:36	hoxo-m/prophetExt	master
17/10/17 00:17	rstudio/rmarkdown	master
17/10/17 00:15	ymattu/MlBayesOpt	master
17/10/17 00:11	yutannihilation/kokudosuuchi	master
17/10/17 00:06	hoxo-m/prophetExt	master
17/10/17 00:00	yutannihilation/kokudosuuchi	master
17/10/16 00:26	hadley/scagnostics	master
17/10/07 00:52	kerguler/Barnard	master
17/10/07 00:45	kerguler/Barnard	master
17/10/07 00:42	kerguler/Barnard	master
17/10/04 00:23	OpenMx/OpenMx	master
17/10/04 00:21	OpenMx/OpenMx	master
17/09/30 00:08	ropensci/tabulizer	master
17/09/30 00:08	ropensci/tabulizerjars	master
17/09/29 00:36	BenGraeler/spcopula	master
17/09/29 00:26	BenGraeler/spcopula	master
17/09/29 00:24	jutako/Rtools	master
17/09/29 00:10	BenGraeler/spcopula	master
17/09/28 00:09	jimhester/lookup	master
17/09/27 00:44	rustyoldrake/WatsonR	master
17/09/26 00:54	hoxo-m/prophetExt	master
17/09/24 00:45	trinker/sentimentr	master
