17/07/20 14:48	gavinha/TitanCNA	10X_Genomics
17/07/20 14:32	PabloCapilla/incR	master
17/07/20 14:30	yutannihilation/estatapi	master
17/07/20 14:00	SymbolixAU/googleway	v1.0.0
17/07/20 13:54	ncchung/tanimoto	master
17/07/20 13:50	SymbolixAU/googleway	v1.0.0
17/07/20 13:02	fbachl/inlabru	master
17/07/20 11:04	PabloCapilla/incR	master
17/07/20 11:02	PabloCapilla/incR	master
17/07/20 10:58	yutannihilation/estatapi	master
17/07/20 10:56	fdboost/FDboost	master
17/07/20 10:55	PabloCapilla/incR	master
17/07/20 09:41	SymbolixAU/googleway	v1.0.0
17/07/20 09:18	braverock/quantstrat	master
17/07/20 09:17	braverock/blotter	master
17/07/20 09:15	braverock/quantstrat	master
17/07/20 08:54	DataWookie/gambleR	master
17/07/20 08:53	DataWookie/gambleR	master
17/07/20 08:53	dkaschek/dMod	development
17/07/20 08:51	DataWookie/gambleR	master
17/07/20 08:17	SymbolixAU/googleway	v1.0.0
17/07/20 07:02	billyhw/GSALightning	testing
17/07/20 06:40	Dmirandae/biodiverse	master
17/07/20 06:35	Dmirandae/biodiverse	master
17/07/20 06:23	skranz/rampl	master
17/07/20 06:06	skranz/rgmpl	master
17/07/20 06:05	skranz/rampl	master
17/07/20 06:03	skranz/rampl	master
17/07/20 06:00	skranz/rampl	master
17/07/20 05:47	skranz/rampl	master
17/07/20 05:44	skranz/rgmpl	master
17/07/20 05:16	skranz/rampl	master
17/07/20 05:16	skranz/rampl	master
17/07/20 05:15	skranz/rgmpl	master
