17/05/05 17:11	ujjwalkarn/xda	master
17/05/05 17:10	ujjwalkarn/xda	master
17/05/05 16:18	johndharrison/seleniumPipes	master
17/05/05 16:03	rstudio/leaflet	master
17/05/05 16:03	rstudio/crosstalk	master
17/05/05 14:52	hadley/dplyr	master
17/05/05 14:45	hadley/dplyr	master
17/05/05 14:40	tidyverse/dplyr	master
17/05/05 14:33	warnes/gmodels	master
17/05/05 14:32	warnes/gtools	master
17/05/05 14:30	benjaminrich/table1	master
17/05/05 14:29	tidyverse/ggplot2	master
17/05/05 14:28	cwickham/munsell	master
17/05/05 14:23	rstudio/shiny	master
17/05/05 14:21	RcppCore/Rcpp	master
17/05/05 12:47	rOpenGov/fmi	v0.1.15
17/05/05 11:17	mikemeredith/MMmisc	master
17/05/05 09:26	mikemeredith/AHMbook	master
17/05/05 07:51	twitter/AnomalyDetection	master
17/05/05 07:51	twitter/AnomalyDetection	master
17/05/05 07:40	Artjom-Metro/ggsignif	master
17/05/05 06:13	Microsoft/AzureSMR	master
17/05/05 06:13	rasmusab/bayesian_first_aid	master
