17/07/27 13:47	omegahat/Sxslt	master
17/07/27 13:46	beanumber/openWAR	master
17/07/27 13:36	omegahat/Sxslt	master
17/07/27 13:35	norimune/glmmstan	master
17/07/27 13:34	vqv/ggbiplot	master
17/07/27 13:29	deanmarchiori/qPlanR	master
17/07/27 13:29	vqv/ggbiplot	master
17/07/27 13:27	vqv/ggbiplot	master
17/07/27 13:25	vqv/ggbiplot	master
17/07/27 13:22	phubers/erlang	master
17/07/27 12:49	beanumber/openWAR	master
17/07/27 12:13	fcbarbi/ardl	master
17/07/27 12:11	christophergandrud/imfr	master
17/07/27 12:10	Stan125/ghp	master
17/07/27 11:59	talgalili/installr	master
17/07/27 11:33	hadley/dplyr	master
17/07/27 11:09	clauswilke/ggjoy	master
17/07/27 11:08	twitter/AnomalyDetection	master
17/07/27 06:40	norimune/glmmstan	master
17/07/27 04:30	fawda123/ggord	master
17/07/27 03:03	renozao/NMF	devel
17/07/27 03:03	renozao/NMF	devel
17/07/27 03:02	renozao/NMF	devel
17/07/27 02:54	renozao/NMF	devel
17/07/27 02:50	renozao/NMF	devel
