17/07/19 07:44	tidyverse/ggplot2	master
17/07/19 07:39	prestodb/RPresto	master
17/07/19 07:28	prestodb/RPresto	master
17/07/19 07:21	prestodb/RPresto	master
17/07/19 07:02	prestodb/RPresto	master
17/07/19 06:48	dkaschek/dMod	master
17/07/19 06:42	prestodb/RPresto	master
17/07/19 06:36	prestodb/RPresto	master
17/07/19 05:49	billyhw/GSALightning	testing
17/07/19 05:17	tidyverse/ggplot2	master
17/07/19 04:38	prestodb/RPresto	master
17/07/19 01:54	hoxo-m/fixer	master
17/07/19 01:05	hoxo-m/fixer	master
17/07/19 00:23	prestodb/RPresto	master
17/07/19 00:20	prestodb/RPresto	master
17/07/18 00:38	rstudio/blogdown	master
17/07/17 00:58	ujjwalkarn/xda	master
17/07/17 00:57	ujjwalkarn/xda	master
17/07/14 00:17	IlyaKipnis/DSTrading	master
17/07/14 00:16	IlyaKipnis/DSTrading	master
17/07/13 00:20	ujjwalkarn/xda	master
17/07/12 00:45	r-simmer/simmer.optim	master
17/07/12 00:44	twitter/AnomalyDetection	master
17/07/06 00:10	marchtaylor/sinkr	master
17/07/03 00:46	IlyaKipnis/DSTrading	master
17/07/03 00:45	IlyaKipnis/DSTrading	master
17/07/03 00:24	mikemeredith/makeJAGSmask	master
17/07/03 00:22	hrbrmstr/ggcounty	master
17/07/03 00:06	mikemeredith/makeJAGSmask	master
17/07/03 00:04	IlyaKipnis/DSTrading	master
17/07/03 00:03	R-Finance/quantstrat	master
17/07/03 00:03	R-Finance/blotter	master
17/07/03 00:02	R-Finance/quantstrat	master
17/07/03 00:00	IlyaKipnis/DSTrading	master
17/07/02 00:31	twitter/AnomalyDetection	master
17/07/02 00:22	R-Finance/quantstrat	master
17/07/02 00:22	R-Finance/blotter	master
17/07/02 00:21	R-Finance/quantstrat	master
17/07/01 00:35	IlyaKipnis/DSTrading	master
17/07/01 00:34	R-Finance/quantstrat	master
17/07/01 00:32	R-Finance/blotter	master
17/06/27 00:42	mikemeredith/makeJAGSmask	master
17/06/26 00:50	tidyverse/ggplot2	sf
17/06/08 00:38	gsk3/taRifx.geo	master
17/06/02 00:41	kosukeimai/qss-package	master
17/06/01 00:22	KristianAM/blm	master
17/05/29 00:03	ropensci/ropensciDemos	master
17/05/25 00:27	kassambara/survminer	master
17/05/25 00:06	njtierney/naniar	master
17/05/22 00:57	twitter/AnomalyDetection	master
17/05/22 00:27	leobarone/bRasilLegis	master
17/05/17 00:48	IRkernel/IRkernel	master
17/05/15 00:48	HoustonUseRs/pipefittr	master
17/05/15 00:47	gepuro/addin4githubinstall	master
17/05/15 00:46	MangoTheCat/tidyshiny	master
17/05/15 00:45	rstudio/addinexamples	master
17/05/11 00:06	ropensci/tabulizer	master
17/05/11 00:06	ropensci/tabulizerjars	master
17/05/06 00:43	ropensci/tabulizer	master
17/05/06 00:43	ropensci/tabulizerjars	master
17/05/03 00:59	Bioconductor/BiocInstaller_release	master
17/05/03 00:56	Bioconductor/BiocInstaller_release	master
17/05/03 00:54	Bioconductor/BiocInstaller_release	master
17/05/03 00:44	Bioconductor/BiocInstaller_release	master
17/05/01 00:38	yihui/formatR	master
17/04/30 00:46	mikemeredith/AHMbook	master
17/04/30 00:00	bhaskarvk/leaflet.extras	master
17/04/27 00:10	strengejacke/sjstats	master
17/04/27 00:07	haozhu233/kableExtra	master
17/04/22 00:59	timelyportfolio/katexR	master
17/04/20 00:56	ropensci/rfishbase	master
