17/05/08 17:05	crazycapivara/pyr	master
17/05/08 16:37	Gibbsdavidl/CatterPlots	master
17/05/08 16:37	Gibbsdavidl/CatterPlots	master
17/05/08 16:26	mhahsler/arules	master
17/05/08 15:31	twitter/AnomalyDetection	master
17/05/08 14:37	brunomssmelo/RcextTools	master
17/05/08 13:10	ropensci/tabulizer	master
17/05/08 13:10	ropensci/tabulizerjars	master
17/05/08 13:10	ropensci/tabulizer	master
17/05/08 13:10	ropensci/tabulizerjars	master
17/05/08 12:33	cpsievert/rdom	master
17/05/08 11:24	vqv/ggbiplot	master
17/05/08 11:00	tgac-vumc/WECCA	master
17/05/08 10:40	vqv/ggbiplot	master
17/05/08 08:28	mmuurr/RPostgreSQL	master
17/05/08 08:03	Ather-Energy/ggTimeSeries	master
17/05/08 06:16	tpq/peakRAM	master
17/05/08 06:16	tpq/peakRAM	master
17/05/08 06:15	tpq/peakRAM	master
17/05/08 06:15	tpq/peakRAM	master
