17/02/23 14:14	bocinsky/FedData	master
17/02/23 13:26	ropenscilabs/rnaturalearthhires	master
17/02/23 13:09	ujjwalkarn/xda	master
17/02/23 13:06	rstudio/shiny	master
17/02/23 13:06	rstudio/shiny	master
17/02/23 13:05	rstudio/shiny	master
17/02/23 13:00	ujjwalkarn/xda	master
17/02/23 11:37	ramnathv/htmlwidgets	master
17/02/23 11:06	rstudio/revealjs	master
17/02/23 11:06	yihui/knitr	master
17/02/23 11:05	rstudio/rmarkdown	master
17/02/23 11:04	tidyverse/tidyverse	master
17/02/23 10:03	ujjwalkarn/xda	master
17/02/23 09:56	ujjwalkarn/xda	master
17/02/23 09:55	ujjwalkarn/xda	master
17/02/23 00:32	mtennekes/tmap	master
17/02/18 00:18	clbustos/dominanceAnalysis	master
17/02/17 00:24	hadley/tibble	master
17/02/15 00:43	kazutan/zousan	master
17/02/15 00:42	hoxo-m/githubinstall	master
17/02/14 00:03	StatsWithR/statsr	master
17/02/14 00:00	StatsWithR/statsr	master
17/02/12 00:20	trestletech/plumber	master
17/02/10 00:42	andrewpbray/oilabs	master
17/02/07 00:21	smach/rmiscutils	master
17/02/03 00:56	mlr-org/mlr	xgboost_latest
