17/06/17 16:28	datadotworld/data.world-r	master
17/06/17 15:31	jschoeley/ggtheme	master
17/06/17 13:11	dgrtwo/gganimate	master
17/06/17 12:54	crubba/Rwebdriver	master
17/06/17 12:50	ropensci/geojsonio	master
17/06/17 12:28	hadley/pkgdown	master
17/06/17 12:28	ropensci/geojsonio	master
17/06/17 12:18	ropensci/geojsonio	master
17/06/17 11:23	saurabhJaju/explore-	master
17/06/17 07:21	timelyportfolio/d3treeR	master
17/06/17 06:49	kazutan/tubeplayR	master
17/06/17 06:19	kazutan/zousan	master
17/06/17 05:44	ropensci/plotly	master
17/06/17 05:43	ropensci/plotly	master
17/06/17 05:41	ropensci/plotly	master
17/06/17 05:40	ropensci/plotly	master
17/06/17 05:14	ramnathv/htmlwidgets	master
17/06/17 04:57	frenzy2106/htmlwidgets	master
17/06/17 04:57	DnPeter/htmlwidgets	master
17/06/17 04:54	ramnathv/htmlwidgets	master
