17/07/07 18:30	jm3594/crtpower	master
17/07/07 16:37	animalito/rformat	master
17/07/07 15:40	rstudio/sparklyr	2eb42f13cb72ee5b5f9235a59af9c234d794a686
17/07/07 15:39	rstudio/sparklyr	68b789b44a
17/07/07 15:38	rstudio/sparklyr	fd631d67f329
17/07/07 15:36	rstudio/sparklyr	c7bb5dee752
17/07/07 15:33	rstudio/sparklyr	v0.5.6
17/07/07 15:31	rstudio/sparklyr	5fec764171
17/07/07 15:29	rstudio/sparklyr	5fec764171
17/07/07 15:28	rstudio/sparklyr	9d59caaf50c
17/07/07 15:12	jeffreyhanson/leafier	master
17/07/07 14:58	ropenscilabs/leafier	master
17/07/07 14:36	dahtah/imager	master
17/07/07 14:34	dahtah/imager	master
17/07/07 14:29	ropensci/magick	master
17/07/07 14:01	dahtah/imager	master
17/07/07 13:47	ropensci/magick	master
17/07/07 13:25	ropensci/magick	master
17/07/07 11:44	WinVector/replyr	master
17/07/07 11:13	ujjwalkarn/xda	master
17/07/07 08:55	boost-R/mboost	master
