17/06/01 09:49	MRCIEU/TwoSampleMR	master
17/06/01 09:48	MRCIEU/TwoSampleMR	master
17/06/01 09:46	hadley/pryr	master
17/06/01 09:45	MRCIEU/TwoSampleMR	master
17/06/01 09:42	mlr-org/mlr	master
17/06/01 09:38	R-Finance/quantmod	master
17/06/01 09:29	twitter/BreakoutDetection	master
17/06/01 09:24	twitter/AnomalyDetection	master
17/06/01 09:13	jbryer/likert	master
17/06/01 09:04	google/CausalImpact	master
17/06/01 08:56	ropensci/tabulizer	master
17/06/01 08:55	ropensci/tabulizerjars	master
17/06/01 08:54	leeper/tabulizer	master
17/06/01 08:54	leeper/tabulizerjars	master
17/06/01 08:51	leeper/tabulizer	master
17/06/01 08:51	leeper/tabulizerjars	master
17/06/01 08:46	leeper/tabulizer	master
17/06/01 08:46	leeper/tabulizerjars	master
17/06/01 08:40	GregorDeCillia/shinyLikert	master
17/06/01 08:35	hrbrmstr/uaparserjs	master
17/06/01 08:30	awalker89/openxlsx	master
17/06/01 08:11	awalker89/openxlsx	master
17/06/01 08:03	awalker89/openxlsx	master
17/06/01 07:56	awalker89/openxlsx	master
17/06/01 07:05	dgrtwo/widyr	master
17/06/01 06:43	dgrtwo/widyr	master
17/06/01 05:52	AChauvenet/ProtectEqual	master
17/06/01 04:56	hadley/pkgdown	master
17/06/01 04:36	IlyaKipnis/DSTrading	master
17/06/01 04:30	twitter/AnomalyDetection	master
17/06/01 03:45	ujjwalkarn/xda	master
17/06/01 01:25	twitter/BreakoutDetection	master
17/06/01 01:16	twitter/AnomalyDetection	master
