17/07/04 19:24	cloudyr/googleComputeEngineR	master
17/07/04 19:01	ujjwalkarn/xda	master
17/07/04 18:23	thk686/rgdal2	master
17/07/04 17:15	maelle/laads	master
17/07/04 14:45	frosinastojanovska/Bioinformatics	master
17/07/04 14:44	BigelowLab/plateLayout	master
17/07/04 14:41	mikemeredith/makeJAGSmask	master
17/07/04 14:20	braverock/PerformanceAnalytics	sample_m3_m4
17/07/04 14:19	braverock/PerformanceAnalytics	sample_m3_m4
17/07/04 14:18	braverock/PerformanceAnalytics	sample_m3_m4
17/07/04 14:00	anujkhare/iregnet	master
17/07/04 13:05	trestletech/rgl	master
17/07/04 13:03	sorhawell/rgl	master
17/07/04 11:51	ujjwalkarn/xda	master
17/07/04 10:39	bheavner/packageTest	master
17/07/04 09:11	braverock/PerformanceAnalytics	sample_m3_m4
17/07/04 09:09	rstudio/sparklyr	8c45a97
17/07/04 08:39	hrbrmstr/xmlview	master
17/07/04 08:30	cloudyr/aws.s3	7b9bf86
17/07/04 08:25	miriamMota/mmotaF	master
17/07/04 07:56	jaredlander/coefplot	master
17/07/04 07:55	pbreheny/visreg	master
17/07/04 07:34	R-Finance/quantstrat	master
17/07/04 07:33	R-Finance/blotter	master
17/07/04 07:25	R-Finance/quantstrat	master
17/07/04 07:19	R-Finance/quantmod	master
17/07/04 07:02	R-Finance/quantmod	master
17/07/04 07:02	ujjwalkarn/xda	master
17/07/04 07:01	joshuaulrich/Defaults	master
17/07/04 07:01	R-Finance/quantmod	master
17/07/04 06:50	R-Finance/quantmod	master
17/07/04 06:49	R-Finance/quantmod	master
17/07/04 06:48	R-Finance/quantmod	master
17/07/04 05:29	mikemeredith/makeJAGSmask	master
17/07/04 02:47	bayesball/BApredict	master
