17/05/04 15:44	labressler/multts	master
17/05/04 15:44	lgatto/ProtGenerics	master
17/05/04 15:43	psolaimani/BiocInstaller	master
17/05/04 15:18	ujjwalkarn/xda	master
17/05/04 13:08	mariavica/mircomb	patch-devel
17/05/04 10:10	AndreyChinnov/ACTrading	master
17/05/04 10:10	IlyaKipnis/DSTrading	master
17/05/04 10:00	IlyaKipnis/DSTrading	master
17/05/04 09:59	R-Finance/blotter	master
17/05/04 09:46	drsimonj/pipelearner	master
17/05/04 09:31	kasperdanielhansen/minfi	master
17/05/04 09:25	mikemeredith/AHMbook	master
17/05/04 08:07	twitter/AnomalyDetection	master
17/05/04 08:06	tc/RMongo	master
17/05/04 06:32	madlogos/recharts2	master
17/05/04 04:10	SpitzerLab/statisticalScaffold	clusterTogether_writingClusteredTxtFiles
17/05/04 04:07	SpitzerLab/statisticalScaffold	clusterTogether_writingClusteredTxtFiles
17/05/04 04:05	SpitzerLab/statisticalScaffold	clusterTogether_writingClusteredTxtFiles
17/05/04 03:53	SpitzerLab/statisticalScaffold	clusterTogether_writingClusteredTxtFiles
17/05/04 03:47	SpitzerLab/statisticalScaffold	clusterTogether_writingClusteredTxtFiles
17/05/04 03:34	twitter/AnomalyDetection	master
17/05/04 03:23	SpitzerLab/statisticalScaffold	clusterTogether_writingClusteredTxtFiles
