17/05/11 15:50	wrathematics/Romp	master
17/05/11 15:46	dviraran/xCell	master
17/05/11 15:14	iNZightVIT/iNZightPlots	master
17/05/11 15:13	iNZightVIT/iNZight	master
17/05/11 15:07	ropensci/tabulizer	master
17/05/11 15:06	ropensci/tabulizerjars	master
17/05/11 14:20	ropensci/tabulizer	master
17/05/11 14:20	ropensci/tabulizerjars	master
17/05/11 14:19	kasperdanielhansen/minfi	master
17/05/11 13:38	StatsWithR/statsr	master
17/05/11 13:38	edzer/sp	master
17/05/11 12:32	MangoTheCat/mangoTraining	master
17/05/11 10:24	mariavica/mircomb	patch-devel
17/05/11 08:28	dkaschek/dMod	master
17/05/11 08:00	ujjwalkarn/xda	master
17/05/11 07:29	Chr96er/PhotoMapper	master
17/05/11 07:29	Chr96er/PhotoMapper	master
17/05/11 07:01	ropenscilabs/tabulizer	master
17/05/11 07:01	ropensci/tabulizerjars	master
17/05/11 03:31	fcbarbi/macroR	master
17/05/11 03:30	fcbarbi/ardl	master
