17/06/12 20:26	WinVector/WVPlots	master
17/06/12 17:54	WinVector/WVPlots	master
17/06/12 17:53	WinVector/WVPlots	master
17/06/12 14:10	hdng/clonevol	master
17/06/12 14:09	ChrisMaherLab/ClonEvol	master
17/06/12 14:09	hdng/clonevol	master
17/06/12 14:09	ChrisMaherLab/ClonEvol	master
17/06/12 14:09	chrisamiller/fishplot	master
17/06/12 14:07	hdng/clonevol	master
17/06/12 13:56	nicolewhite/pystr	master
17/06/12 13:43	WinVector/WVPlots	master
17/06/12 13:42	miriamMota/mmotaF	master
17/06/12 11:16	miriamMota/mmotaF	master
17/06/12 11:16	miriamMota/mmotaF	master
17/06/12 09:53	miriamMota/mmotaF	master
17/06/12 09:50	miriamMota/mmotaF	master
17/06/12 09:41	BSDStudios/ethr	master
17/06/12 08:09	mikemeredith/makeJAGSmask	master
17/06/12 04:28	mdonoghoe/logbin	master
17/06/12 04:27	att/solomon	master
17/06/12 04:26	mkborregaard/gambin	master
