18/10/10 12:58	ropensci/tabulizer	master
18/10/10 12:58	ropensci/tabulizerjars	master
18/10/10 11:28	hoxo-m/magicfor	master
18/10/10 11:26	jhavsmith/startmrca	master
18/10/10 10:17	jbkunst/highcharter	master
18/10/10 10:17	jbkunst/highcharter	master
18/10/10 10:15	jbkunst/highcharter	master
18/10/10 09:01	GuangchuangYu/ChIPseeker	master
18/10/10 08:45	msuefishlab/tdmsreader	master
18/10/10 05:14	swarm-lab/Rvision	master
18/10/10 04:48	swarm-lab/ROpenCVLite	master
18/10/10 04:47	swarm-lab/Rvision	master
18/10/10 04:31	swarm-lab/ROpenCVLite	master
18/10/10 04:30	swarm-lab/Rvision	master
18/10/10 04:20	swarm-lab/videoplayR	master
18/10/10 04:09	maRce10/warbleR	master
18/10/10 01:25	steinarv/lAAG	master
18/10/05 00:48	Albluca/ElPiGraph.R	master
18/10/05 00:47	alexgenin/miscutils	master
18/10/05 00:46	alexgenin/miscutils	master
18/10/05 00:23	jbryer/likert	master
18/10/05 00:21	dgrtwo/snippr	master
18/10/03 00:54	gavinsimpson/ggvegan	master
18/10/03 00:53	amberalpha/toypkg	master
18/09/25 00:25	rstudio/config	master
18/09/25 00:24	rstudio/config	master
18/09/25 00:23	rstudio/config	master
18/09/24 00:01	rstats-db/odbc	master
18/09/20 00:52	hadley/precis	master
18/09/20 00:48	RickPack/FBadstats	master
18/09/20 00:08	selesnow/rvkstat	master
18/09/18 00:27	yihui/knitr	master
18/09/18 00:25	rstudio/rmarkdown	master
18/09/18 00:25	yihui/tinytex	master
18/09/15 00:47	hrbrmstr/hrbrthemes	master
18/09/13 00:52	CentreForHydrology/CRHMr	master
18/09/11 00:15	yihui/tinytex	master
18/09/11 00:14	rstudio/rmarkdown	master
