18/12/30 08:48	vinhtantran/PULS	master
18/12/30 08:44	vinhtantran/PULS	master
18/12/30 08:42	vinhtantran/PULS	master
18/12/30 08:41	vinhtantran/PULS	master
18/12/30 08:41	vinhtantran/PULS	master
18/12/30 08:06	vinhtantran/PULS	master
18/12/30 05:23	rstats-db/RMariaDB	master
18/12/30 05:21	rstats-db/RMariaDB	master
18/12/30 05:20	rstats-db/RMariaDB	master
18/12/30 05:19	rstats-db/RMariaDB	master
18/12/30 05:01	rstats-db/DBI	master
18/12/30 05:01	rstats-db/RMariaDB	master
18/12/23 00:49	andreaskiermeier/AcceptanceSampling	master
18/12/23 00:48	emilopezcano/SixSigma	master
18/12/20 00:19	jeanmarielepioufle/rabarbRa	master
18/12/17 00:13	hadley/readxl	master
18/12/13 00:35	ebuhle/salmonIPM	master
18/12/10 00:30	hrbrmstr/albersusa	master
18/12/09 00:37	hoxo-m/prophetExt	master
18/12/07 00:45	metacran/crandb	master
18/12/05 00:24	braverock/PerformanceAnalytics	master
18/12/03 00:44	ramnathv/slidifyLibraries	master
18/12/03 00:35	ramnathv/slidify	master
18/12/02 00:17	Laurae2/lgbdl	master
18/12/02 00:15	SPATIAL-Lab/isorig	master
18/12/02 00:14	SPATIAL-Lab/isorig	master
18/12/02 00:09	SPATIAL-Lab/isorig	master
18/12/01 00:50	business-science/tidyquant	master
18/12/01 00:14	strengejacke/sjPlot	master
18/12/01 00:12	strengejacke/ggeffects	master
18/12/01 00:11	strengejacke/sjstats	master
18/12/01 00:02	strengejacke/sjmisc	master
