18/05/11 13:13	petersonR/bestNormalize	master
18/05/11 13:04	eliocamp/meteoR	master
18/05/11 10:44	rstudio/rmdexamples	master
18/05/11 10:43	samuelpena/qKMeansCluster	master
18/05/11 05:48	rstudio/addinexamples	master
18/05/11 05:47	rstudio/addinexamples	master
18/05/11 05:47	ropensci/tabulizer	master
18/05/11 05:47	ropensci/tabulizerjars	master
18/05/11 05:44	s-u/rJava	master
18/05/11 05:44	ropensci/tabulizer	master
18/05/11 05:43	ropensci/tabulizerjars	master
18/05/11 05:43	s-u/rJava	master
18/05/11 05:39	ropensci/tabulizer	master
18/05/11 05:31	rstudio/addinexamples	master
18/05/11 05:30	MangoTheCat/tidyshiny	master
18/05/11 05:23	ianjonsen/bsam	master
18/05/11 05:22	James-Thorson/VAST	master
18/05/11 05:16	hoxo-m/pforeach	master
18/05/11 05:12	James-Thorson/VAST	master
18/05/11 04:22	benjiec/xcms	master
18/05/11 04:20	Bioconductor/genefilter	master
18/05/11 04:17	sneumann/xcms	master
18/05/11 04:10	sneumann/xcms	master
18/05/11 03:25	rugeer/https-github.com-hfrick-trackeR	master
18/05/11 02:10	Logiwo/tabulizer	master
18/05/11 02:09	ropensci/tabulizerjars	master
18/05/11 01:37	nicolewhite/RNeo4j	master
18/05/11 00:53	uribo/jpndistrict	add_light_rds
18/05/11 00:52	jm3594/crtpower	master
18/05/11 00:52	uribo/jpndistrict	add_light_rds
18/05/06 00:51	mclements/rstpm2	master
18/05/06 00:19	rpradosiqueira/brazilmaps	master
18/05/06 00:15	lucasmation/microdadosBrasil	master
18/05/03 00:28	RomeroBarata/dcme	master
18/05/02 00:02	sinhrks/ggfortify	master
18/05/01 00:33	thlytras/rspiro	master
18/05/01 00:33	thlytras/rspiro	master
18/04/28 00:35	predict-r/rtika	master
18/04/28 00:24	dgrtwo/rparse	master
18/04/26 00:30	alfcrisci/rBiometeo	master
18/04/21 00:44	jbryer/timeline	master
18/04/18 00:54	hoxo-m/prophetExt	master
18/04/18 00:53	evanwang1990/FMwR	master
18/04/18 00:08	hoxo-m/pforeach	master
18/04/15 00:35	dkahle/ggmap	master
18/04/11 00:30	ShinsukeSakai0321/PSFCalc	master
18/04/11 00:19	CambridgeAssessmentResearch/POSAC	master
18/04/11 00:05	ujjwalkarn/xda	master
