18/03/29 02:59	Bioconductor/graph	master
18/03/29 02:59	ComputationalProteomicsUnit/cputools	master
18/03/29 02:59	ropensci/ggit	master
18/03/29 02:59	SMAC-Group/gmwm	master
18/03/29 02:59	bedatadriven/gnu-r	master
18/03/29 02:59	GuangchuangYu/ggtree	master
18/03/29 02:59	Ather-Energy/ggTimeSeries	master
18/03/29 02:59	ricardo-bion/ggtech	master
18/03/29 02:59	sctyner/ggCompNet	master
18/03/29 02:59	dgrtwo/gganimate	master
18/03/29 02:59	abossenbroek/GeneralTree	master
18/03/29 02:58	jchrszcz/gemmR	master
18/03/29 02:58	advdatamgmt/adm	master
18/03/29 02:58	njtierney/ggmissing	master
18/03/29 02:58	MartinKies/RLR	master
18/03/29 02:58	MartinKies/RLR	master
18/03/29 02:58	ge11232002/TKF	master
18/03/29 02:58	sentisci/fheatmap	master
18/03/29 02:57	McKayMDavis/spaov	master
18/03/29 02:57	mitchelloharawild/fasster	master
18/03/29 02:57	kfeng123/randomizationTest	master
18/03/29 02:57	braverock/factorAnalytics	master
18/03/29 02:57	brownianEmotion/catDist	master
18/03/29 02:57	khliland/EMSC	master
18/03/29 02:57	whcsu/ELMSurv	master
18/03/29 02:56	ShengLi/edmr	master
18/03/29 02:56	swarm-lab/editR	master
18/03/29 02:56	fkeck/editheme	master
18/03/29 02:56	EricEdwardBryant/easydb	master
18/03/29 02:56	seunghyunmin/EAlasso	master
18/03/29 02:55	jangorecki/dwtools	master
18/03/29 02:55	irinagain/DAP	master
18/03/29 02:55	RevolutionAnalytics/dplyrXdf	master
18/03/29 02:55	JARS3N/door	master
18/03/29 02:55	ctlente/doctr	master
18/03/29 02:55	mackerman44/DABOM	master
18/03/29 02:55	abjur/cnc	master
18/03/29 02:55	patrickreidy/distdist	master
18/03/29 02:55	kaz-yos/distributed	master
18/03/29 02:55	patrickreidy/distdist	master
18/03/29 02:55	jjallaire/dimple	master
18/03/29 02:55	SusanYuan/Difdtl	master
18/03/29 02:54	rz1988/deeplearning	master
18/03/29 02:54	dstanley4/apaTables	master
18/03/29 02:54	navarro-gonzalez/DA.MRFA	master
18/03/29 02:54	ymatts/D3M	master
18/03/29 02:54	KevinKotze/tsm	master
18/03/29 02:54	ggobi/cranvas	master
18/03/29 02:54	BenBarnard/covTestR	master
18/03/29 02:52	kkdey/CorShrink	master
18/03/29 02:52	eilslabs/ComplexHeatmap	master
18/03/29 02:51	dnusinow/cRomppass	master
18/03/29 02:51	ManonMartin/PAMMULAD	master
18/03/29 02:51	lukadw11/Clusty	master
18/03/29 02:51	ropensci/cartographer	master
18/03/29 02:51	ggobi/cranvas	master
18/03/29 02:51	kirillseva/cacher	master
18/03/29 02:51	twitter/BreakoutDetection	master
18/03/29 02:50	aleksandar-spasojevic/bootTimeInference	master
18/03/29 02:50	WilCrofter/bondR	master
18/03/29 02:50	privefl/bigstatsr	master
18/03/29 02:48	aloysius-lim/bigrf	master
18/03/29 02:48	dnzmarcio/binreg	master
18/03/29 02:47	ropensci/bib2df	master
18/03/29 02:47	javenrflo/BMSMC	master
18/03/29 02:47	mikemeredith/BEST	master
18/03/29 02:47	astamm/bayesr	master
18/03/29 02:47	llaniewski/ASEMOO	master
18/03/29 02:47	Brattle/BrattleExtras	master
18/03/29 02:47	robjhyndman/anomalous-acm	master
18/03/29 02:47	robjhyndman/anomalous	master
18/03/29 02:47	mtloots/alR	master
18/03/29 02:45	gaborcsardi/after	master
18/03/29 02:45	KarelMokany/AdaptR	master
18/03/29 02:45	drsimonj/adapter	master
18/03/29 02:44	s-u/Acinonyx	master
18/03/29 02:02	ymattu/MlBayesOpt	master
18/03/29 01:46	hfgolino/EGA	master
18/03/29 01:46	hfgolino/EGA	master
18/03/29 01:45	AlexChristensen/NetworkToolbox	master
18/03/29 01:44	hfgolino/EGA	master
18/03/29 01:44	AlexChristensen/NetworkToolbox	master
18/03/29 01:43	hfgolino/EGA	master
18/03/29 01:28	genomicsclass/ph525x	master
18/03/29 01:15	abhy/sentiment	master
18/03/29 00:33	ECO230/eco230r	master
18/03/28 00:52	ropensci/plotly	master
18/03/28 00:45	tidyverse/ggplot2	49619b7
18/03/28 00:36	ECO230/eco230r	master
18/03/28 00:35	ECO230/eco230r	master
18/03/24 00:43	SachaEpskamp/semPlot	master
18/03/23 00:07	r-lib/rlang	master
18/03/23 00:06	tidyverse/rlang	master
18/03/22 00:12	gabrielrvsc/HDeconometrics	master
18/03/21 00:54	cbw1243/marginalfit	master
18/03/21 00:45	umerijaz/microbiomeSeq	master
18/03/18 00:29	sinhrks/ggfortify	master
18/03/16 00:37	stnava/ITKR	master
18/03/15 00:38	JoshuaSlocum/kagglr	master
18/03/15 00:09	aminondo/iX-Rpackage	sc
18/03/14 00:40	BIMSBbioinfo/genomation	master
18/03/14 00:39	yihui/knitr	master
18/03/14 00:35	BIMSBbioinfo/genomation	master
18/03/12 00:08	mroberts/stmBrowser	master
18/03/12 00:07	methodds/stminsights	master
18/03/08 00:58	peterxeno/preprocessr	master
18/03/08 00:57	artichaud1/preprocessr	master
18/03/08 00:45	USGS-R/waterData	master
18/03/08 00:03	jdblischak/workflowr	master
18/03/08 00:01	jdblischak/workflowr	master
18/03/07 00:51	hadley/haven	master
18/03/07 00:20	ropensci/tabulizer	master
18/03/07 00:20	ropensci/tabulizerjars	master
18/03/07 00:13	sjmgarnier/viridis	master
18/03/06 00:08	GuangchuangYu/ggtree	master
18/03/05 00:38	gavinsimpson/tsgam	master
18/03/02 00:59	ECO230/eco230r	master
18/03/02 00:42	ropensci/ghql	master
18/03/02 00:08	ECO230/eco230r	master
18/03/02 00:04	ECO230/eco230r	master
18/03/02 00:04	ECO230/eco230r	master
18/03/02 00:04	ECO230/eco230r	master
18/03/02 00:03	ECO230/eco230r	master
18/02/28 00:58	ECO230/eco230r	master
18/02/28 00:41	kbroman/horizon	master
18/02/28 00:16	ECO230/eco230r	master
18/02/28 00:10	ECO230/eco230r	master
18/02/28 00:10	ECO230/eco230r	master
18/02/28 00:10	ECO230/eco230r	master
18/02/27 00:45	renozao/NMF	devel
18/02/27 00:39	tidyverse/haven	master
18/02/27 00:35	tidyverse/haven	master
18/02/27 00:00	ECO230/eco230r	master
