18/10/24 22:51	google/GeoexperimentsResearch	master
18/10/24 22:16	wmurphyrd/fiftystater	master
18/10/24 20:53	eriqande/genoscapeRtools	master
18/10/24 20:45	tomasgreif/woe	master
18/10/24 20:21	Lchiffon/wordcloud2	master
18/10/24 19:48	hadley/ggplot2	49619b7
18/10/24 19:41	Avsecz/fitbitr	master
18/10/24 18:11	mikaelpoul/readgdf	master
18/10/24 18:00	strengejacke/strengejacke	master
18/10/24 17:16	ThomasSiegmund/D3TableFilter	master
18/10/24 16:59	mrke/NicheMapR	v1.1.3
18/10/24 16:13	amcat/amcat-r	master
18/10/24 15:24	earowang/sugrrants	master
18/10/24 15:12	amcat/amcat-r	master
18/10/24 15:06	mdsumner/manifoldr	master
18/10/24 14:40	amcat/amcat-r	master
18/10/24 14:40	amcat/amcat-r	master
18/10/24 13:17	tidyverse/tidyverse	master
18/10/24 13:06	hadley/readr	master
18/10/24 13:05	tidyverse/readr	master
18/10/24 12:49	vqv/ggbiplot	master
18/10/24 12:48	vqv/ggbiplot	master
18/10/24 12:46	vqv/ggbiplot	master
18/10/24 12:27	vqv/ggbiplot	master
18/10/24 11:32	KeachMurakami/fudukue	master
18/10/24 11:30	KeachMurakami/fudukue	master
18/10/24 11:30	KeachMurakami/soroban	master
18/10/24 11:30	KeachMurakami/fudukue	master
18/10/24 11:29	KeachMurakami/kagari	master
18/10/24 11:28	KeachMurakami/kagari	master
18/10/24 08:52	andrie/version.compare	master
18/10/24 08:00	JoshuaTian/MyChAMP	master
18/10/24 06:51	karina-rebuli/packtox	master
18/10/24 06:18	sinhrks/ggfortify	master
18/10/24 05:40	PF2-pasteur-fr/SARTools	v1.4.1
18/10/24 04:28	hoxo-m/prophetExt	master
18/10/24 03:11	chxy/cartogram	master
18/10/24 02:43	hoxo-m/prophetExt	master
18/10/24 01:06	braverock/quantstrat	master
18/10/24 01:03	bpfaff/mcrp	master
18/10/24 01:03	bpfaff/mcrp	master
