18/11/27 11:44	strengejacke/ggeffects	master
18/11/27 11:33	strengejacke/ggeffects	master
18/11/27 11:20	strengejacke/ggeffects	master
18/11/27 11:06	strengejacke/ggeffects	master
18/11/27 11:03	strengejacke/ggeffects	master
18/11/27 11:01	strengejacke/ggeffects	master
18/11/27 11:00	strengejacke/ggeffects	master
18/11/27 10:59	strengejacke/ggeffects	master
18/11/27 09:59	strengejacke/ggeffects	master
18/11/27 09:38	mccallm/miRcomp	master
18/11/27 09:37	mccallm/miRcomp	master
18/11/27 08:52	ramnathv/slidify	master
18/11/27 08:51	deepankardatta/blandr	master
18/11/27 08:39	strengejacke/ggeffects	master
18/11/27 08:24	ujjwalkarn/xda	master
18/11/27 07:55	andeek/rpart	master
18/11/27 07:55	andeek/rpart	master
18/11/27 07:55	andeek/rpart	master
18/11/27 07:41	mlr-org/mlr	forecasting
18/11/27 06:27	functionaldata/tPACE	master
18/11/27 05:39	ropensci/tabulizer	master
18/11/27 05:38	ropensci/tabulizer	master
18/11/27 05:37	ropensci/tabulizer	master
18/11/27 05:35	leeper/tabulizerjars	master
18/11/27 04:46	vqv/ggbiplot	master
18/11/27 04:09	vqv/ggbiplot	master
18/11/27 02:49	jackwasey/icd	master
18/11/27 02:47	JahNorr/icd	master
18/11/27 02:43	edonnachie/ICD	master
18/11/27 02:32	edonnachie/ICD	master
18/11/27 01:17	google/GeoexperimentsResearch	master
18/11/26 00:29	edonnachie/ICD	master
18/11/26 00:21	vqv/ggbiplot	master
18/11/22 00:42	cdcrabtree/varo	master
18/11/21 00:50	hadley/dtplyr	master
18/11/17 00:22	zauster/RComtrade	master
18/11/14 00:39	hoxo-m/densratio	e8233e6
18/11/14 00:39	hoxo-m/densratio	v0.0.3
18/11/14 00:39	swish-climate-impact-assessment/awaptools	develop
18/11/14 00:37	twitter/AnomalyDetection	master
18/11/12 00:54	matloff/rectools	master
18/11/08 00:57	benaug/Mbmisscap	master
18/11/08 00:56	JohnCoene/youTubeDataR	master
18/11/07 00:36	ECO230/eco230r	master
18/11/07 00:35	ECO230/eco230r	master
18/11/07 00:21	ECO230/eco230r	master
18/11/06 00:34	loicdtx/bfastSpatial	master
18/11/06 00:34	loicdtx/bfastSpatial	master
18/11/06 00:01	zdk123/SpiecEasi	master
18/11/05 00:44	rstudio/DT	master
18/11/05 00:39	rstudio/DT	master
18/11/05 00:10	zdk123/SpiecEasi	master
18/11/05 00:08	hadley/devtools	master
18/11/03 00:08	zdk123/SpiecEasi	master
18/11/03 00:05	loicdtx/bfastSpatial	master
18/11/02 00:56	ECO230/eco230r	master
18/11/02 00:18	dkahle/ggmap	master
18/11/01 00:40	genesofeve/projectR	useME
18/11/01 00:24	dgrtwo/drlib	master
18/11/01 00:09	biobakery/sparseDOSSA	varyLibSize
18/11/01 00:04	biobakery/sparseDOSSA	varyLibSize
18/11/01 00:00	biobakery/sparseDOSSA	varyLibSize
18/10/31 00:30	AnalytixWare/gosocket	master
18/10/31 00:29	ropenscilabs/webmockr	master
18/10/31 00:28	AnalytixWare/gosocket	master
18/10/31 00:23	vqv/ggbiplot	master
18/10/31 00:21	ropensci/webmockr	master
18/10/31 00:20	ropensci/webmockr	master
18/10/30 00:20	ropenscilabs/cored	master
18/10/29 00:29	rdpeng/gpclib	master
18/10/29 00:26	rdpeng/gpclib	master
18/10/29 00:16	ujjwalkarn/xda	master
