18/03/01 15:50	ja-thomas/autoxgboost	master
18/03/01 15:36	hadley/dplyr	master
18/03/01 15:21	hadley/dplyr	master
18/03/01 13:32	mpiccirilli/Rlinkedin	master
18/03/01 13:27	twitter/AnomalyDetection	master
18/03/01 13:08	florian0512/sarlacc	master
18/03/01 12:32	thomasp85/patchwork	master
18/03/01 12:26	thomasp85/patchwork	master
18/03/01 12:20	ujjwalkarn/xda	master
18/03/01 12:20	andrie/sentiment	master
18/03/01 12:19	felixhaass/rainfall	master
18/03/01 12:16	SantanderMetGroup/downscaleR	master
18/03/01 12:11	wdtinc/InsightR	master
18/03/01 12:09	ecor/RGENERATEPREC	master
18/03/01 12:04	epijim/raincpc	master
18/03/01 11:59	USGS-R/waterData	master
18/03/01 11:58	USEPA/CityWaterBalance	master
18/03/01 11:54	michaeldorman/shadow	master
18/03/01 10:16	ujjwalkarn/xda	master
18/03/01 09:33	mikemeredith/makeJAGSmask	master
18/03/01 09:19	mrc-ide/skygrowth	master
18/03/01 09:16	mrc-ide/skygrowth	master
18/03/01 08:54	leeper/margins	master
18/03/01 04:11	mskilab/gChain	dev
18/03/01 03:08	kjhealy/socviz	master
18/03/01 03:07	kjhealy/socviz	master
18/03/01 02:51	kjhealy/sourcesans	master
18/03/01 02:50	kjhealy/socviz	master
18/03/01 02:49	kjhealy/socviz	master
18/03/01 02:25	PatrickChodowski/NBAr	master
18/03/01 02:24	PatrickChodowski/NBAr	master
18/03/01 02:24	PatrickChodowski/NBAr	master
18/03/01 02:23	PatrickChodowski/NBAr	master
18/03/01 01:58	BIMSBbioinfo/netSmooth	v0.1.0
18/03/01 01:27	tbrugz/ribge	master
18/02/28 00:58	ECO230/eco230r	master
18/02/28 00:41	kbroman/horizon	master
18/02/28 00:16	ECO230/eco230r	master
18/02/28 00:10	ECO230/eco230r	master
18/02/28 00:10	ECO230/eco230r	master
18/02/28 00:10	ECO230/eco230r	master
18/02/27 00:45	renozao/NMF	devel
18/02/27 00:39	tidyverse/haven	master
18/02/27 00:35	tidyverse/haven	master
18/02/27 00:00	ECO230/eco230r	master
18/02/26 00:55	James-Thorson/FishLife	master
18/02/24 00:41	briofons/R-Package-RJIRA	master
18/02/21 00:26	hoxo-m/prophetExt	master
18/02/20 00:29	pdrano/IKTrading	master
18/02/20 00:08	pdrano/IKTrading	master
18/02/18 00:21	yuanli22/RCUDA	master
18/02/18 00:07	duncantl/RCUDA	master
18/02/15 00:39	twitter/AnomalyDetection	master
18/02/15 00:38	pdrano/IKTrading	master
18/02/14 00:55	Bioconductor/IRanges	c5f1471
18/02/14 00:53	Bioconductor/S4Vectors	d93b89f
18/02/14 00:53	Bioconductor/S4Vectors	d39b89f
18/02/14 00:52	Bioconductor/S4Vectors	0b2b49f
18/02/14 00:51	Bioconductor/S4Vectors	8334847
18/02/14 00:49	Bioconductor/BiocGenerics	39d0af5
18/02/14 00:48	Bioconductor/BiocGenerics	0985ec9
18/02/14 00:46	Bioconductor/BiocGenerics	fcc22c8
18/02/14 00:45	Bioconductor/BiocGenerics	9383d85
18/02/14 00:45	Bioconductor/BiocGenerics	9389d85
18/02/14 00:42	Bioconductor/BiocGenerics	master
18/02/14 00:41	ropensci/tabulizer	master
18/02/14 00:36	ropensci/tabulizerjars	master
18/02/14 00:18	MorphoFun/kraken	master
18/02/12 00:26	lrutter/ggenealogy	master
18/02/08 00:31	green-striped-gecko/dartR	master
18/02/08 00:26	isglobal-brge/SNPassoc	master
18/02/08 00:24	zhengxwen/SNPRelate	master
18/02/08 00:23	edzer/hexbin	master
18/02/08 00:18	edzer/hexbin	master
18/02/08 00:08	edzer/hexbin	master
18/02/08 00:06	StoreyLab/qvalue	master
18/02/08 00:01	yihui/knitr	master
18/02/08 00:00	sinhrks/ggfortify	master
18/02/07 00:36	hadley/lubridate	master
18/02/07 00:35	tidyverse/lubridate	master
18/02/07 00:21	RGLab/opencytoCL	master
18/02/06 00:42	rpremraj/mailR	master
18/02/06 00:41	rpremraj/mailR	master
18/02/06 00:07	hoxo-m/pforeach	master
18/02/05 00:27	alyst/MotIV	master
18/02/05 00:10	rstats-db/RMySQL	master
18/02/03 00:40	mgledi/DiffLogo	master
18/01/30 00:16	mkearney/rtweet	master
