18/08/07 11:53	Zelazny7/isofor	master
18/08/07 11:51	rstudio/R-Websockets	master
18/08/07 11:45	Zelazny7/isofor	master
18/08/07 11:39	Zelazny7/isofor	master
18/08/07 11:33	Zelazny7/isofor	master
18/08/07 11:22	tpq/codenames	stash.hcom/scm/ba/advancedanalyser.git
18/08/07 11:22	tpq/codenames	stash.hcom/scm/ba/advancedanalyser.git
18/08/07 10:24	MarkEdmondson1234/googleAuthR	master
18/08/07 09:56	uribo/jpndistrict	add_light_rds
18/08/07 09:51	uribo/jpndistrict	add_light_rds
18/08/07 09:36	statsmaths/hbase	master
18/08/07 09:34	wch/extrafont	master
18/08/07 09:34	wch/extrafont	master
18/08/07 09:34	wch/extrafont	master
18/08/07 09:24	Microsoft/AzureSMR	master
18/08/07 09:24	wch/extrafont	master
18/08/07 09:23	wch/extrafont	master
18/08/07 09:21	wch/extrafont	master
18/08/07 05:35	ablack3/icdpicr	master
18/08/07 05:16	Atulfortune/tt	master
18/08/07 05:12	hrbrmstr/docxtractr	master
18/08/07 04:39	r-lib/remotes	master
18/08/07 04:37	environmentalinformatics-marburg/remote	master
18/08/07 03:00	yjalbert/htmltools	master
18/08/07 01:42	aoles/EBImage	master
18/08/07 01:02	rmcelreath/rethinking	master
18/08/07 00:17	drsimonj/corrr	master
18/08/03 00:59	mukul13/rword2vec	master
18/08/03 00:56	mukul13/rword2vec	master
18/08/03 00:15	mukul13/rword2vec	master
18/08/03 00:05	ricardo-bion/ggradar	master
18/08/01 00:58	leeper/tabulizer	master
18/08/01 00:58	leeper/tabulizerjars	master
18/08/01 00:57	KNMI/knmiR	3678061
18/07/30 00:03	smartinsightsfromdata/rpivotTable	master
18/07/29 00:56	AndrewLJackson/siar	master
18/07/29 00:55	AndrewLJackson/siar	master
18/07/29 00:51	SPATIAL-Lab/isorig	master
18/07/27 00:47	rmcelreath/rethinking	master
18/07/27 00:44	bayesball/BayesTestStreak	master
18/07/27 00:20	enriquea/feseR	master
18/07/26 00:56	hadley/devtools	master
18/07/26 00:23	thomasp85/patchwork	master
18/07/26 00:15	thomasp85/patchwork	master
18/07/24 00:59	rstudio/shinythemes	master
18/07/24 00:58	rstudio/DT	master
18/07/24 00:58	hadley/readxl	master
18/07/24 00:57	ropensci/plotly	master
18/07/24 00:56	hadley/scales	master
18/07/24 00:56	heike/rotations	master
18/07/24 00:55	frenchja/psych	master
18/07/24 00:55	jkrijthe/Rtsne	master
18/07/24 00:55	pimentel/cluster	master
18/07/24 00:55	hadley/tidyverse	master
18/07/24 00:10	SimonDedman/gbm.auto	master
18/07/24 00:03	bayesball/BayesTestStreak	master
18/07/21 00:03	wpeterman/ResistanceGA	julia_dev
18/07/20 00:53	bayesball/BayesTestStreak	master
18/07/20 00:38	twitter/BreakoutDetection	master
18/07/20 00:12	ksmzn/ThankYouStars	master
18/07/17 00:31	uribo/jpndistrict	add_light_rds
18/07/17 00:15	mskcc/facets	master
18/07/17 00:12	mskcc/facets	master
18/07/16 00:46	tidyverse/ggplot2	49619b7
18/07/13 00:51	ramnathv/rCharts	master
18/07/13 00:47	ropenscilabs/tabulizer	master
18/07/13 00:47	ropensci/tabulizerjars	master
18/07/13 00:38	hrbrmstr/shodan	master
18/07/13 00:34	karpfen/stkde	master
18/07/13 00:31	jtrecenti/stj	master
18/07/13 00:30	PolMine/ctk	master
18/07/13 00:29	PolMine/ctk	master
18/07/12 00:17	vqv/ggbiplot	master
18/07/12 00:15	vqv/ggbiplot	master
18/07/12 00:15	vqv/ggbiplot	master
18/07/12 00:14	vqv/ggbiplot	master
18/07/12 00:13	vqv/ggbiplot	master
18/07/12 00:13	vqv/ggbiplot	master
18/07/12 00:12	vqv/ggbiplot	master
18/07/12 00:12	vqv/ggbiplot	master
18/07/12 00:11	vqv/ggbiplot	master
18/07/12 00:10	vqv/ggbiplot	master
18/07/12 00:10	vqv/ggbiplot	master
18/07/12 00:09	vqv/ggbiplot	master
18/07/12 00:09	vqv/ggbiplot	master
18/07/12 00:06	vqv/ggbiplot	master
18/07/12 00:05	vqv/ggbiplot	master
18/07/12 00:03	vqv/ggbiplot	master
18/07/12 00:02	vqv/ggbiplot	master
18/07/12 00:02	vqv/ggbiplot	master
18/07/12 00:02	vqv/ggbiplot	master
18/07/12 00:01	vqv/ggbiplot	master
18/07/12 00:01	vqv/ggbiplot	master
18/07/12 00:00	vqv/ggbiplot	master
18/07/12 00:00	vqv/ggbiplot	master
18/07/11 00:31	pmoulos/recover	master
18/07/11 00:17	noamross/rnodejs	master
18/07/11 00:15	ilapros/GOFmeas	master
18/07/11 00:15	bamonroe/ctools	master
