18/10/27 11:35	AndreaCirilloAC/updateR	master
18/10/27 11:35	derek-damron/transformr	master
18/10/27 11:35	thomasp85/patchwork	master
18/10/27 11:35	hadley/multidplyr	master
18/10/27 11:34	jeff-goldsmith/kinematics	master
18/10/27 11:34	dgrtwo/gganimate	master
18/10/27 11:30	Bart6114/artyfarty	master
18/10/27 06:19	moderndive/moderndive	master
18/10/27 06:17	moderndive/moderndive	master
18/10/27 06:11	WinVector/vtreat	master
18/10/27 06:10	WinVector/vtreat	master
18/10/27 06:08	RcppCore/RcppEigen	master
18/10/27 06:07	RcppCore/RcppEigen	master
18/10/27 06:06	ropenscilabs/skimr	master
18/10/27 06:02	ropenscilabs/skimr	master
18/10/27 06:00	ropenscilabs/skimr	master
18/10/27 02:39	hrbrmstr/taucharts	master
18/10/27 01:19	thlytras/rspiro	master
18/10/27 01:19	thlytras/rspiro	master
18/10/23 00:53	drizopoulos/JMbayes	master
18/10/23 00:49	drizopoulos/JMbayes	master
18/10/23 00:19	slowkow/ggrepel	master
18/10/21 00:24	belasi01/RspectroAbs	master
18/10/21 00:12	nclark-lab/RERconverge	master
18/10/18 00:36	dkahle/ggmap	master
18/10/11 00:33	sbfnk/fitR	master
18/10/05 00:48	Albluca/ElPiGraph.R	master
18/10/05 00:47	alexgenin/miscutils	master
18/10/05 00:46	alexgenin/miscutils	master
18/10/05 00:23	jbryer/likert	master
18/10/05 00:21	dgrtwo/snippr	master
18/10/03 00:54	gavinsimpson/ggvegan	master
18/10/03 00:53	amberalpha/toypkg	master
