18/02/05 19:54	sinhrks/ggfortify	master
18/02/05 19:48	sinhrks/ggfortify	master
18/02/05 18:59	r-lib/R6	master
18/02/05 18:58	AlinaVorontseva/mylib	master
18/02/05 18:48	sinhrks/ggfortify	master
18/02/05 17:12	ujjwalkarn/xda	master
18/02/05 16:05	jackpalmer/LotameR	master
18/02/05 16:05	jackpalmer/LotameR	master
18/02/05 16:04	jackpalmer/LotameR	master
18/02/05 14:15	ujjwalkarn/xda	master
18/02/05 13:50	eddelbuettel/rbenchmark	master
18/02/05 13:08	leeper/rio	master
18/02/05 12:59	sprouffske/growthcurver	master
18/02/05 12:21	Bioconductor/GSEABase	master
18/02/05 12:19	Bioconductor/GSEABase	master
18/02/05 12:05	Bioconductor/Biobase	master
18/02/05 12:01	Bioconductor/Biobase	master
18/02/05 11:27	trinker/qdap	master
18/02/05 10:31	thomasp85/patchwork	master
18/02/05 10:26	thomasp85/patchwork	master
18/02/05 10:17	bpfaff/mcrp	master
18/02/05 10:15	clbustos/dominanceAnalysis	master
18/02/05 09:35	trinker/qdap	master
18/02/05 09:32	trinker/qdap	master
18/02/05 09:30	trinker/qdap	master
18/02/05 07:17	prodipta/gquote	master
18/02/05 07:13	prodipta/techchart	master
18/02/05 07:12	prodipta/techchart	master
18/02/05 06:58	ujjwalkarn/xda	master
18/02/05 05:37	abhy/sentiment	master
18/02/05 05:34	andrie/sentiment	master
18/02/05 03:01	tidyverse/tibble	master
18/02/05 03:01	hadley/tibble	master
18/02/05 03:00	hadley/tidyverse	master
18/02/05 02:58	hadley/tidyverse	master
18/02/05 02:28	talgalili/dendextendRcpp	master
18/02/05 00:27	alyst/MotIV	master
18/02/05 00:10	rstats-db/RMySQL	master
18/02/03 00:40	mgledi/DiffLogo	master
18/01/30 00:16	mkearney/rtweet	master
18/01/28 00:08	rstudio/addinexamples	master
18/01/28 00:07	awhstin/awtools	master
18/01/21 00:14	IRkernel/IRkernel	master
18/01/14 00:03	jr-packages/jrModelling	master
