18/08/22 15:20	geoffjentry/twitteR	master
18/08/22 15:01	dgrtwo/gganimate	master
18/08/22 14:57	ropensci/plotly	master
18/08/22 14:56	gvarunkumar/plotly	master
18/08/22 14:55	yihui/mime	master
18/08/22 14:54	dgrtwo/gganimate	master
18/08/22 11:30	jfq3/ggordiplots	master
18/08/22 11:30	jfq3/ggordiplots	master
18/08/22 11:27	jfq3/ggordiplots	master
18/08/22 10:20	rstats-db/odbc	master
18/08/22 09:37	hrbrmstr/taucharts	master
18/08/22 08:57	tidyverse/ggplot2	49619b7
18/08/22 07:26	hoxo-m/prophetExt	master
18/08/22 03:49	tidyverse/ggplot2	49619b7
18/08/22 03:46	hadley/ggplot2	49619b7
18/08/22 03:45	duthedd/ggplot2	49619b7
18/08/22 00:49	ymattu/rjumanpp	master
18/08/22 00:48	ymattu/rjumanpp	master
18/08/22 00:31	Triamus/mandat	Fix-Mac-fopenmp-Issue
18/08/21 00:50	bacollier/moveud	master
18/08/18 00:45	ewenme/fplR	master
18/08/18 00:18	neuroconductor/extrantsr	master
18/08/16 00:11	BruceKendall/PVA	master
18/08/11 00:30	ramnathv/slidify	master
18/08/11 00:30	ramnathv/rCharts	master
18/08/11 00:14	uribo/jpndistrict	add_light_rds
18/08/09 00:39	rstudio/blogdown	master
18/08/07 00:17	drsimonj/corrr	master
18/08/03 00:59	mukul13/rword2vec	master
18/08/03 00:56	mukul13/rword2vec	master
18/08/03 00:15	mukul13/rword2vec	master
18/08/03 00:05	ricardo-bion/ggradar	master
18/08/01 00:58	leeper/tabulizer	master
18/08/01 00:58	leeper/tabulizerjars	master
18/08/01 00:57	KNMI/knmiR	3678061
18/07/30 00:03	smartinsightsfromdata/rpivotTable	master
18/07/29 00:56	AndrewLJackson/siar	master
18/07/29 00:55	AndrewLJackson/siar	master
18/07/29 00:51	SPATIAL-Lab/isorig	master
18/07/27 00:47	rmcelreath/rethinking	master
18/07/27 00:44	bayesball/BayesTestStreak	master
18/07/27 00:20	enriquea/feseR	master
18/07/26 00:56	hadley/devtools	master
18/07/26 00:23	thomasp85/patchwork	master
18/07/26 00:15	thomasp85/patchwork	master
18/07/24 00:59	rstudio/shinythemes	master
18/07/24 00:58	rstudio/DT	master
18/07/24 00:58	hadley/readxl	master
18/07/24 00:57	ropensci/plotly	master
18/07/24 00:56	hadley/scales	master
18/07/24 00:56	heike/rotations	master
18/07/24 00:55	frenchja/psych	master
18/07/24 00:55	jkrijthe/Rtsne	master
18/07/24 00:55	pimentel/cluster	master
18/07/24 00:55	hadley/tidyverse	master
18/07/24 00:10	SimonDedman/gbm.auto	master
18/07/24 00:03	bayesball/BayesTestStreak	master
