18/02/23 18:59	VNyaga/NMADAS	master
18/02/23 18:57	hoxo-m/magicfor	master
18/02/23 18:41	VNyaga/NMADAS	master
18/02/23 18:41	arwasayegh/midas	master
18/02/23 18:40	astamm/nevada	master
18/02/23 18:37	saurfang/SparkRext	master
18/02/23 18:35	VNyaga/NMADAS	master
18/02/23 18:29	rstudio/sparkapi	master
18/02/23 18:29	dkahle/ggmap	master
18/02/23 18:24	hadley/rlang	master
18/02/23 17:56	mitre/sparklyr.nested	master
18/02/23 17:48	mitre/sparklyr.nested	master
18/02/23 17:40	kylebmetrum/dmutate	master
18/02/23 17:40	kylebmetrum/dmutate	master
18/02/23 17:39	kylebmetrum/dmutate	master
18/02/23 17:05	whitwort/courseR	master
18/02/23 17:04	phillipf/GNAFAPI	master
18/02/23 16:41	davidADSP/xgboostExplainer	master
18/02/23 16:40	AppliedDataSciencePartners/xgboostExplainer	master
18/02/23 16:11	collectivemedia/ssh.utils	master
18/02/23 15:39	trulia/rUnemploymentData	master
18/02/23 15:37	trulia/choroplethrMaps	master
18/02/23 15:36	trulia/choroplethr	master
18/02/23 14:54	twitter/AnomalyDetection	master
18/02/23 14:52	twitter/AnomalyDetection	master
18/02/23 14:13	DASpringate/samatha	master
18/02/23 14:11	ramnathv/rCharts	master
18/02/23 13:32	hrbrmstr/streamgraph	master
18/02/23 12:55	JanCaha/FuzzyAHP	master
18/02/23 12:53	leeper/slopegraph	master
18/02/23 11:55	tagteam/heaven	master
18/02/23 11:51	vqv/ggbiplot	master
18/02/23 11:49	tagteam/heaven	master
18/02/23 11:43	tagteam/heaven	master
18/02/23 10:57	cloudyr/aws.s3	master
18/02/23 10:54	cloudyr/aws.s3	master
18/02/23 10:08	vqv/ggbiplot	master
18/02/23 10:06	vqv/ggbiplot	master
18/02/23 09:55	nteetor/zeallot	master
18/02/23 09:40	oncoclass/hemaClass	master
18/02/23 09:16	azzoam/ggBrackets	master
18/02/23 09:08	oncoclass/hemaClass	master
18/02/23 09:06	AEBilgrau/DLBCLdata	master
18/02/23 09:04	trinker/plotflow	master
18/02/23 08:52	dewittpe/qwraps2	master
18/02/23 08:27	kassambara/factoextra	master
18/02/23 07:47	LasseHjort/cuRe	develop
18/02/23 07:00	kendomaniac/docker4seq	master
18/02/23 06:22	mhahsler/rBLAST	master
18/02/23 06:04	mrke/NicheMapR	master
18/02/23 05:14	mrke/NicheMapR	master
18/02/23 05:14	delta1epsilon/BoxPacking	master
18/02/23 05:14	mrke/NicheMapR	master
18/02/23 05:13	hrbrmstr/albersusa	master
18/02/23 04:54	Gibbsdavidl/CatterPlots	master
18/02/23 03:55	zachmayer/caretEnsemble	master
18/02/23 03:53	mrke/NicheMapR	master
18/02/23 02:50	CenterForAssessment/packagePages	master
18/02/23 01:50	ECO230/eco230r	master
18/02/23 01:50	ECO230/eco230r	master
18/02/23 01:49	ECO230/eco230r	master
18/02/23 01:46	ECO230/eco230r	master
18/02/23 01:43	ECO230/eco230r	master
18/02/23 01:43	ECO230/eco230r	master
18/02/23 01:43	ECO230/eco230r	master
18/02/23 01:37	ECO230/eco230r	master
18/02/23 01:36	ECO230/eco230r	master
18/02/23 01:36	ECO230/eco230r	master
18/02/23 01:35	ECO230/eco230r	master
18/02/23 01:34	ECO230/eco230r	master
18/02/23 01:34	ECO230/eco230r	master
18/02/23 01:34	ECO230/eco230r	master
18/02/23 01:33	ECO230/eco230r	master
18/02/23 01:32	ECO230/eco230r	master
18/02/23 01:31	ECO230/eco230r	master
18/02/23 01:31	ECO230/eco230r	master
18/02/23 01:31	ECO230/eco230r	master
18/02/23 01:30	ECO230/eco230r	master
18/02/23 01:28	ECO230/eco230r	master
18/02/23 01:28	ECO230/eco230r	master
18/02/23 01:28	ECO230/eco230r	master
18/02/23 01:27	ECO230/eco230r	master
18/02/23 01:27	ECO230/eco230r	master
18/02/23 01:27	ECO230/eco230r	master
18/02/23 01:26	ECO230/eco230r	master
18/02/23 01:26	ECO230/eco230r	master
18/02/23 01:25	ECO230/eco230r	master
18/02/23 01:25	ECO230/eco230r	master
18/02/23 01:25	ECO230/eco230r	master
18/02/23 01:24	ECO230/eco230r	master
18/02/23 01:24	ECO230/eco230r	master
18/02/23 01:22	ECO230/eco230r	master
18/02/23 01:21	ECO230/eco230r	master
18/02/23 01:20	ECO230/eco230r	master
18/02/23 01:19	ECO230/eco230r	master
18/02/23 01:19	ECO230/eco230r	master
18/02/23 01:17	ECO230/eco230r	master
18/02/23 01:17	ECO230/eco230r	master
18/02/23 01:17	ECO230/eco230r	master
18/02/23 01:16	ECO230/eco230r	master
18/02/23 01:16	ECO230/eco230r	master
18/02/23 01:16	ECO230/eco230r	master
18/02/23 01:16	ECO230/eco230r	master
18/02/23 01:16	ECO230/eco230r	master
18/02/23 01:15	ECO230/eco230r	master
18/02/23 01:15	ECO230/eco230r	master
18/02/23 01:14	ECO230/eco230r	master
18/02/23 01:14	ECO230/eco230r	master
18/02/23 01:14	ECO230/eco230r	master
18/02/23 01:14	ECO230/eco230r	master
18/02/23 01:13	ECO230/eco230r	master
18/02/23 01:13	ECO230/eco230r	master
18/02/23 01:13	ECO230/eco230r	master
18/02/23 01:13	ECO230/eco230r	master
18/02/23 01:13	ECO230/eco230r	master
18/02/23 01:13	ECO230/eco230r	master
18/02/23 01:13	ECO230/eco230r	master
18/02/23 01:13	ECO230/eco230r	master
18/02/23 01:13	ECO230/eco230r	master
18/02/23 01:13	ECO230/eco230r	master
18/02/23 01:13	ECO230/eco230r	master
18/02/23 01:13	ECO230/eco230r	master
18/02/23 01:13	ECO230/eco230r	master
18/02/23 01:13	ECO230/eco230r	master
18/02/23 01:13	ECO230/eco230r	master
18/02/23 01:13	ECO230/eco230r	master
18/02/23 01:13	ECO230/eco230r	master
18/02/23 01:13	ECO230/eco230r	master
18/02/23 01:13	ECO230/eco230r	master
18/02/23 01:13	ECO230/eco230r	master
18/02/23 01:13	ECO230/eco230r	master
18/02/23 01:13	ECO230/eco230r	master
18/02/23 01:13	ECO230/eco230r	master
18/02/23 01:13	ECO230/eco230r	master
18/02/23 01:13	ECO230/eco230r	master
18/02/23 01:12	ECO230/eco230r	master
18/02/23 01:12	ECO230/eco230r	master
18/02/23 01:12	ECO230/eco230r	master
18/02/23 01:12	ECO230/eco230r	master
18/02/23 01:12	ECO230/eco230r	master
18/02/23 01:12	ECO230/eco230r	master
18/02/23 01:12	ECO230/eco230r	master
18/02/23 01:11	ECO230/eco230r	master
18/02/23 01:11	ECO230/eco230r	master
18/02/21 00:26	hoxo-m/prophetExt	master
18/02/20 00:29	pdrano/IKTrading	master
18/02/20 00:08	pdrano/IKTrading	master
18/02/18 00:21	yuanli22/RCUDA	master
18/02/18 00:07	duncantl/RCUDA	master
18/02/15 00:39	twitter/AnomalyDetection	master
18/02/15 00:38	pdrano/IKTrading	master
18/02/14 00:55	Bioconductor/IRanges	c5f1471
18/02/14 00:53	Bioconductor/S4Vectors	d93b89f
18/02/14 00:53	Bioconductor/S4Vectors	d39b89f
18/02/14 00:52	Bioconductor/S4Vectors	0b2b49f
18/02/14 00:51	Bioconductor/S4Vectors	8334847
18/02/14 00:49	Bioconductor/BiocGenerics	39d0af5
18/02/14 00:48	Bioconductor/BiocGenerics	0985ec9
18/02/14 00:46	Bioconductor/BiocGenerics	fcc22c8
18/02/14 00:45	Bioconductor/BiocGenerics	9383d85
18/02/14 00:45	Bioconductor/BiocGenerics	9389d85
18/02/14 00:42	Bioconductor/BiocGenerics	master
18/02/14 00:41	ropensci/tabulizer	master
18/02/14 00:36	ropensci/tabulizerjars	master
18/02/14 00:18	MorphoFun/kraken	master
18/02/12 00:26	lrutter/ggenealogy	master
18/02/08 00:31	green-striped-gecko/dartR	master
18/02/08 00:26	isglobal-brge/SNPassoc	master
18/02/08 00:24	zhengxwen/SNPRelate	master
18/02/08 00:23	edzer/hexbin	master
18/02/08 00:18	edzer/hexbin	master
18/02/08 00:08	edzer/hexbin	master
18/02/08 00:06	StoreyLab/qvalue	master
18/02/08 00:01	yihui/knitr	master
18/02/08 00:00	sinhrks/ggfortify	master
18/02/07 00:36	hadley/lubridate	master
18/02/07 00:35	tidyverse/lubridate	master
18/02/07 00:21	RGLab/opencytoCL	master
18/02/06 00:42	rpremraj/mailR	master
18/02/06 00:41	rpremraj/mailR	master
18/02/06 00:07	hoxo-m/pforeach	master
18/02/05 00:27	alyst/MotIV	master
18/02/05 00:10	rstats-db/RMySQL	master
18/02/03 00:40	mgledi/DiffLogo	master
18/01/30 00:16	mkearney/rtweet	master
18/01/28 00:08	rstudio/addinexamples	master
18/01/28 00:07	awhstin/awtools	master
