18/01/19 15:39	rkward-community/rkwarddev	master
18/01/19 13:14	JeroenSmaers/evomap	master
18/01/19 12:45	MoBiodiv/mobr	master
18/01/19 11:49	wilsontom/metRF	master
18/01/19 11:44	wch/Rttf2pt1	master
18/01/19 11:42	ALShum/Retsly	master
18/01/19 11:36	nipfpmf/eventstudies	master
18/01/19 11:35	vqv/ggbiplot	master
18/01/19 10:59	Displayr/flipDimensionReduction	master
18/01/19 10:56	Displayr/flipDimensionReduction	master
18/01/19 10:55	Displayr/flipDimensionReduction	master
18/01/19 10:41	guido-s/netmeta	master
18/01/19 10:02	Hackout2/mapData	master
18/01/19 10:00	Hackout2/mapData	master
18/01/19 09:19	r-spatial/mapview	master
18/01/19 08:57	MarkEdmondson1234/bigQueryR	master
18/01/19 08:56	cloudyr/bigQueryR	master
18/01/19 08:55	cloudyr/bigQueryR	master
18/01/19 08:36	siyuany/rpsi	master
18/01/19 08:34	siyuany/rpsi	master
18/01/19 07:20	bhaskarvk/leaflet.extras	master
18/01/19 06:03	allanjust/aodlur	master
18/01/19 06:01	allanjust/aodlur	master
18/01/19 05:55	allanjust/aodlur	master
18/01/19 05:54	allanjust/aodlur	master
18/01/19 05:50	andrie/version.compare	master
18/01/19 03:23	ben519/trinalysis	master
18/01/19 02:57	Bioconductor/GenomicAlignments	master
18/01/19 02:56	Bioconductor/GenomicAlignments	master
18/01/19 02:51	Bioconductor/GenomicAlignments	master
18/01/19 02:49	Bioconductor/GenomicAlignments	master
18/01/19 02:49	Bioconductor/GenomicAlignments	master
18/01/19 02:48	Bioconductor/GenomicAlignments	master
18/01/19 02:47	wrightrc/flowTime	master
18/01/19 02:05	hoxo-m/dplyr.teradata	master
18/01/19 01:39	edzer/sp	master
18/01/14 00:03	jr-packages/jrModelling	master
18/01/03 00:17	Bioconductor/GSEABase	master
18/01/03 00:17	Bioconductor/GSEABase	master
18/01/03 00:16	Bioconductor/GSEABase	master
18/01/02 00:50	hoxo-m/prophetExt	master
18/01/02 00:13	alstat/rface	master
18/01/02 00:10	alstat/rface	master
17/12/31 00:30	hrbrmstr/ggalt	master
17/12/31 00:28	Bioconductor/BiocGenerics	master
17/12/31 00:10	gustavobio/semeco	master
17/12/31 00:05	gustavobio/semeco	master
17/12/31 00:04	gustavobio/semeco	master
17/12/31 00:01	gustavobio/semeco	master
17/12/28 00:25	IQSS/Zelig	master
17/12/27 00:02	tomvar/bundling	master
