18/10/29 22:21	hrbrmstr/albersusa	master
18/10/29 17:18	MeenaChoi/MSstats	master
18/10/29 15:59	MeenaChoi/MSstats	master
18/10/29 15:24	thlytras/rspiro	master
18/10/29 15:14	cmartin/ggConvexHull	master
18/10/29 15:13	cmartin/ggConvexHull	master
18/10/29 14:20	tidyverse/ggplot2	49619b7
18/10/29 14:18	hadley/ggplot2	49619b7
18/10/29 13:31	ujjwalkarn/xda	master
18/10/29 08:50	jm3594/crtpower	master
18/10/29 08:33	ropensci/plotly	master
18/10/29 08:32	hadley/multidplyr	master
18/10/29 08:31	dgrtwo/gganimate	master
18/10/29 08:31	Bart6114/artyfarty	master
18/10/29 04:21	grimbough/biomaRt	master
18/10/29 04:21	cloudyr/Rmonkey	%2327
18/10/29 03:42	ujjwalkarn/xda	master
18/10/29 01:13	rdpeng/gpclib	master
18/10/29 00:29	rdpeng/gpclib	master
18/10/29 00:26	rdpeng/gpclib	master
18/10/29 00:16	ujjwalkarn/xda	master
18/10/23 00:53	drizopoulos/JMbayes	master
18/10/23 00:49	drizopoulos/JMbayes	master
18/10/23 00:19	slowkow/ggrepel	master
18/10/21 00:24	belasi01/RspectroAbs	master
18/10/21 00:12	nclark-lab/RERconverge	master
18/10/18 00:36	dkahle/ggmap	master
18/10/11 00:33	sbfnk/fitR	master
18/10/05 00:48	Albluca/ElPiGraph.R	master
18/10/05 00:47	alexgenin/miscutils	master
18/10/05 00:46	alexgenin/miscutils	master
18/10/05 00:23	jbryer/likert	master
18/10/05 00:21	dgrtwo/snippr	master
18/10/03 00:54	gavinsimpson/ggvegan	master
18/10/03 00:53	amberalpha/toypkg	master
