18/02/08 19:11	ujjwalkarn/xda	master
18/02/08 19:08	dyerlab/gstudio	master
18/02/08 18:38	s-u/hmr	master
18/02/08 18:38	mannau/h5	master
18/02/08 18:37	expersso/hdr	master
18/02/08 18:30	vqv/ggbiplot	master
18/02/08 17:32	leeper/margins	master
18/02/08 17:32	ropensci/tabulizerjars	master
18/02/08 17:32	leeper/margins	master
18/02/08 17:31	leeper/margins	master
18/02/08 17:31	leeper/prediction	master
18/02/08 17:31	ropensci/tabulizerjars	master
18/02/08 17:30	leeper/prediction	master
18/02/08 17:20	ropensci/plotly	master
18/02/08 17:08	ricardo-bion/ggradar	master
18/02/08 17:08	pkimes/spliceclust	master
18/02/08 17:02	leeper/prediction	master
18/02/08 17:02	leeper/margins	master
18/02/08 16:49	pkimes/spliceclust	master
18/02/08 16:35	hadley/precis	master
18/02/08 16:25	ujjwalkarn/xda	master
18/02/08 15:38	SvenjaFischer/Disagg	master
18/02/08 15:05	rstudio/rmarkdown	master
18/02/08 14:50	n8thangreen/plotCostEffectiveness	master
18/02/08 14:33	crsh/papaja	master
18/02/08 12:22	nipfpmf/eventstudies	master
18/02/08 11:18	nicolaroberts/hdp	941d0d721f8c44c87ae810b72155dcf82ea74669
18/02/08 11:07	dselivanov/reco	e49e616
18/02/08 10:59	dselivanov/reco	e49e616
18/02/08 10:30	dselivanov/reco	master
18/02/08 10:29	dselivanov/reco	master
18/02/08 10:28	dselivanov/reco	master
18/02/08 10:26	dselivanov/reco	master
18/02/08 10:23	dselivanov/reco	master
18/02/08 10:22	dselivanov/reco	master
18/02/08 10:11	dselivanov/reco	master
18/02/08 09:42	ujjwalkarn/xda	master
18/02/08 05:06	hallucigenia-sparsa/seqtime	master
18/02/08 04:20	bnosac/RDRPOSTagger	master
18/02/08 04:18	bnosac/RDRPOSTagger	master
18/02/08 00:31	green-striped-gecko/dartR	master
18/02/08 00:26	isglobal-brge/SNPassoc	master
18/02/08 00:24	zhengxwen/SNPRelate	master
18/02/08 00:23	edzer/hexbin	master
18/02/08 00:18	edzer/hexbin	master
18/02/08 00:08	edzer/hexbin	master
18/02/08 00:06	StoreyLab/qvalue	master
18/02/08 00:01	yihui/knitr	master
18/02/08 00:00	sinhrks/ggfortify	master
18/02/07 00:36	hadley/lubridate	master
18/02/07 00:35	tidyverse/lubridate	master
18/02/07 00:21	RGLab/opencytoCL	master
18/02/06 00:42	rpremraj/mailR	master
18/02/06 00:41	rpremraj/mailR	master
18/02/06 00:07	hoxo-m/pforeach	master
18/02/05 00:27	alyst/MotIV	master
18/02/05 00:10	rstats-db/RMySQL	master
18/02/03 00:40	mgledi/DiffLogo	master
18/01/30 00:16	mkearney/rtweet	master
18/01/28 00:08	rstudio/addinexamples	master
18/01/28 00:07	awhstin/awtools	master
18/01/21 00:14	IRkernel/IRkernel	master
18/01/14 00:03	jr-packages/jrModelling	master
