18/04/30 06:38	rstudio/tensorflow	master
18/04/30 06:19	rstudio/tensorflow	master
18/04/30 05:09	YTLogos/dplyr	master
18/04/30 05:07	hadley/dplyr	master
18/04/30 04:50	r-spatial/mapview	master
18/04/30 02:48	Japal/zCompositions	master
18/04/30 02:29	bnaras/samr	master
18/04/30 02:27	thierrygosselin/radiator	c446077
18/04/30 01:59	thierrygosselin/radiator	c446077
18/04/30 01:01	genesofeve/projectR	useME
18/04/30 01:00	genesofeve/projectR	master
18/04/28 00:35	predict-r/rtika	master
18/04/28 00:24	dgrtwo/rparse	master
18/04/26 00:30	alfcrisci/rBiometeo	master
18/04/21 00:44	jbryer/timeline	master
18/04/18 00:54	hoxo-m/prophetExt	master
18/04/18 00:53	evanwang1990/FMwR	master
18/04/18 00:08	hoxo-m/pforeach	master
18/04/15 00:35	dkahle/ggmap	master
18/04/11 00:30	ShinsukeSakai0321/PSFCalc	master
18/04/11 00:19	CambridgeAssessmentResearch/POSAC	master
18/04/11 00:05	ujjwalkarn/xda	master
18/04/10 00:35	rstudio/leaflet	master
18/04/10 00:34	rstudio/leaflet	master
18/04/10 00:33	rstudio/leaflet	master
18/04/10 00:32	rstudio/leaflet	master
18/04/06 00:34	kazutan/zousan	master
18/04/05 00:58	ropensci/bikedata	master
18/04/05 00:47	ropensci/bikedata	master
18/04/05 00:33	jennybc/googlesheets	master
18/04/05 00:31	jennybc/googlesheets	master
18/04/05 00:30	jennybc/googlesheets	master
18/04/05 00:26	jennybc/googlesheets	master
18/04/05 00:04	ao90/PRIM	master
