18/06/11 12:58	airoldilab/sgd	master
18/06/11 12:55	perllb/deseqAbstraction	master
18/06/11 12:38	prcwiek/pmetar	master
18/06/11 12:16	andrewcparnell/Bchron	master
18/06/11 11:28	bnosac/RDRPOSTagger	master
18/06/11 10:10	tidyverse/tidyverse	master
18/06/11 09:46	jianhong/ATACseqQC	master
18/06/11 09:39	strengejacke/sjPlot	master
18/06/11 09:34	sjPlot/sjmisc	master
18/06/11 09:34	strengejacke/sjmisc	master
18/06/11 09:33	jianhong/ATACseqQC	master
18/06/11 09:27	karthikl6/d3bubbles2	master
18/06/11 09:25	karthikl6/d3bubbles2	master
18/06/11 09:20	jcheng5/bubbles	master
18/06/11 09:20	karthikl6/d3bubbles2	master
18/06/11 09:20	timelyportfolio/d3treeR	master
18/06/11 09:19	johnbaums/hues	master
18/06/11 08:45	robjhyndman/forecast	master
18/06/11 08:43	jcheng5/bubbles	master
18/06/11 08:43	karthikl6/d3bubbles2	master
18/06/11 08:43	timelyportfolio/d3treeR	master
18/06/11 08:38	robjhyndman/forecast	master
18/06/11 06:47	mdjbru-R-packages/thermPerf	master
18/06/11 06:40	mdjbru-R-packages/thermPerf	master
18/06/11 03:43	Rdatatable/data.table	master
18/06/11 03:40	Rdatatable/data.table	master
18/06/11 03:38	aertslab/SCENIC	master
18/06/11 03:38	aertslab/SCENIC	master
18/06/07 00:34	tidyverse/ggplot2	master
18/06/07 00:32	LarsRichter82/larspack	master
18/06/07 00:31	cwickham/munsell	master
18/06/07 00:29	MichaelMalick/r-chroma	master
18/06/07 00:27	hadley/scales	master
18/06/07 00:26	hadley/scales	master
18/06/07 00:24	hadley/gtable	master
18/06/06 00:51	drizopoulos/JMbayes	master
18/06/06 00:28	hrbrmstr/taucharts	master
18/06/05 00:32	jrlockwood/eivtools	master
18/06/05 00:28	palmer0914/ML_for_Hackers	master
18/06/05 00:28	palmer0914/ML_for_Hackers	master
18/06/05 00:00	ujjwalkarn/xda	master
18/06/01 00:52	johndharrison/wdman	master
18/06/01 00:51	johndharrison/binman	master
18/06/01 00:51	johndharrison/wdman	master
18/06/01 00:50	johndharrison/binman	master
18/06/01 00:50	johndharrison/wdman	master
18/06/01 00:18	tidyverse/purrr	master
18/06/01 00:16	OHDSI/bit	master
18/06/01 00:06	greta-dev/greta	master
18/05/31 00:07	jm3594/crtpower	master
18/05/30 00:19	rstudio/shiny-incubator	master
18/05/30 00:05	hadley/devtools	master
18/05/30 00:03	rstudio/httpuv	master
18/05/30 00:03	rstudio/shiny	master
18/05/29 00:47	zdk123/SpiecEasi	master
18/05/29 00:46	reptalex/phylofactor	master
18/05/28 00:21	OscarBrock/gCrisprTools	master
18/05/28 00:14	OscarBrock/gCrisprTools	master
18/05/25 00:49	hoxo-m/prophetExt	master
18/05/25 00:40	hoxo-m/prophetExt	master
18/05/25 00:38	bgreenwell/mertree	master
18/05/25 00:37	hoxo-m/prophetExt	master
18/05/25 00:24	gbm-developers/gbm3	master
18/05/25 00:23	hoxo-m/prophetExt	master
18/05/25 00:19	hoxo-m/densratio	v0.0.3
18/05/25 00:18	swish-climate-impact-assessment/awaptools	develop
18/05/25 00:17	Luddo94/Package	master
18/05/24 00:53	rstudio/httpuv	master
18/05/24 00:50	rstudio/httpuv	master
18/05/24 00:46	rstudio/shiny	master
18/05/24 00:31	leeper/tabulizerjars	master
18/05/24 00:25	leeper/tabulizer	master
18/05/24 00:23	leeper/tabulizerjars	master
18/05/23 00:55	mfasiolo/mgcViz	master
18/05/23 00:54	mfasiolo/qgam	master
18/05/23 00:39	mfasiolo/mgcViz	master
18/05/23 00:30	mfasiolo/mgcViz	master
18/05/23 00:29	mfasiolo/qgam	master
18/05/23 00:29	mfasiolo/qgam	master
18/05/23 00:24	mfasiolo/mgcViz	master
18/05/19 00:15	ropensci/tabulizer	master
18/05/18 00:28	OscarBrock/gCrisprTools	master
18/05/18 00:14	OscarBrock/gCrisprTools	master
18/05/15 00:38	andrewpbray/oilabs	master
18/05/15 00:30	andrewpbray/oilabs	master
18/05/15 00:18	andrewpbray/oilabs	master
18/05/15 00:17	andrewpbray/oilabs	master
18/05/12 00:45	kassambara/ggpubr	master
18/05/12 00:44	kassambara/ggpubr	master
18/05/12 00:37	kassambara/factoextra	master
