18/04/04 16:54	statOmics/zingeR	master
18/04/04 16:51	anasrana/spector	master
18/04/04 16:50	Bioconductor/GenomicRanges	master
18/04/04 16:49	Bioconductor/GenomeInfoDb	master
18/04/04 16:48	Bioconductor/GenomicRanges	master
18/04/04 16:38	mikelove/DESeq2	master
18/04/04 16:34	statOmics/zingeR	master
18/04/04 16:32	mosscoder/crustCover	master
18/04/04 16:06	gluc/datalicenseR	master
18/04/04 16:05	gluc/datalicenseR	master
18/04/04 15:41	tdhock/WeightedROC	master
18/04/04 15:41	r-spatial/spdep	master
18/04/04 15:41	trestletech/rgl	master
18/04/04 15:40	davidgohel/ReporteRs	master
18/04/04 15:40	bozenne/lavaReduce	master
18/04/04 15:39	bozenne/lavaReduce	master
18/04/04 15:39	bozenne/lavaReduce	master
18/04/04 15:38	bozenne/lavaReduce	master
18/04/04 15:38	rmcelreath/glmer2stan	master
18/04/04 15:38	roliveros-ramos/calibrar	master
18/04/04 15:37	aloysius-lim/bigrf	master
18/04/04 15:37	hrbrmstr/albersusa	master
18/04/04 15:37	sdaza/acsr	master
18/04/04 15:36	jalvesaq/colorout	master
18/04/04 14:42	ropensci/opencage	master
