18/03/17 17:34	haozhu233/kableExtra	master
18/03/17 16:26	cboettig/template	master
18/03/17 16:26	rOpenGov/template	master
18/03/17 16:24	jhollist/manuscriptPackage	master
18/03/17 16:24	benmarwick/rrtools	master
18/03/17 16:23	richfitz/remake	master
18/03/17 16:22	dimalvov/vienna	master
18/03/17 16:22	dimalvov/vienna	master
18/03/17 16:14	mhahsler/rBLAST	master
18/03/17 15:31	haozhu233/kableExtra	master
18/03/17 13:53	hoxo-m/magicfor	master
18/03/17 13:48	davidcorton/archSeries	master
18/03/17 13:45	vqv/ggbiplot	master
18/03/17 13:29	mdsumner/spdplyr	master
18/03/17 13:24	3wen/legendMap	master
18/03/17 13:20	gianmarcoalberti/CAseriation	master
18/03/17 13:17	gianmarcoalberti/CAinterprTools	master
18/03/17 13:05	herbps10/rlme	master
18/03/17 11:17	hoxo-m/magicfor	master
18/03/17 08:43	joey711/phyloseq	master
18/03/17 08:10	joey711/phyloseq	master
18/03/17 07:44	brandmaier/onyxR	master
18/03/17 04:40	dgrtwo/gganimate	master
18/03/17 04:35	aneesrana/gganimate	master
18/03/17 04:21	jrnold/ggthemes	master
18/03/17 04:08	hoxo-m/prophetExt	master
18/03/17 03:54	amurali2/cats	master
18/03/17 03:43	twitter/AnomalyDetection	master
18/03/17 03:42	kazutan/zousan	master
18/03/17 03:05	hoxo-m/prophetExt	master
18/03/17 01:17	exploratory-io/exploratory_func	master
18/03/17 01:14	exploratory-io/exploratory_func	master
18/03/16 00:37	stnava/ITKR	master
18/03/15 00:38	JoshuaSlocum/kagglr	master
18/03/15 00:09	aminondo/iX-Rpackage	sc
18/03/14 00:40	BIMSBbioinfo/genomation	master
18/03/14 00:39	yihui/knitr	master
18/03/14 00:35	BIMSBbioinfo/genomation	master
18/03/12 00:08	mroberts/stmBrowser	master
18/03/12 00:07	methodds/stminsights	master
18/03/08 00:58	peterxeno/preprocessr	master
18/03/08 00:57	artichaud1/preprocessr	master
18/03/08 00:45	USGS-R/waterData	master
18/03/08 00:03	jdblischak/workflowr	master
18/03/08 00:01	jdblischak/workflowr	master
18/03/07 00:51	hadley/haven	master
18/03/07 00:20	ropensci/tabulizer	master
18/03/07 00:20	ropensci/tabulizerjars	master
18/03/07 00:13	sjmgarnier/viridis	master
18/03/06 00:08	GuangchuangYu/ggtree	master
18/03/05 00:38	gavinsimpson/tsgam	master
18/03/02 00:59	ECO230/eco230r	master
18/03/02 00:42	ropensci/ghql	master
18/03/02 00:08	ECO230/eco230r	master
18/03/02 00:04	ECO230/eco230r	master
18/03/02 00:04	ECO230/eco230r	master
18/03/02 00:04	ECO230/eco230r	master
18/03/02 00:03	ECO230/eco230r	master
18/02/28 00:58	ECO230/eco230r	master
18/02/28 00:41	kbroman/horizon	master
18/02/28 00:16	ECO230/eco230r	master
18/02/28 00:10	ECO230/eco230r	master
18/02/28 00:10	ECO230/eco230r	master
18/02/28 00:10	ECO230/eco230r	master
18/02/27 00:45	renozao/NMF	devel
18/02/27 00:39	tidyverse/haven	master
18/02/27 00:35	tidyverse/haven	master
18/02/27 00:00	ECO230/eco230r	master
18/02/26 00:55	James-Thorson/FishLife	master
18/02/24 00:41	briofons/R-Package-RJIRA	master
18/02/21 00:26	hoxo-m/prophetExt	master
18/02/20 00:29	pdrano/IKTrading	master
18/02/20 00:08	pdrano/IKTrading	master
18/02/18 00:21	yuanli22/RCUDA	master
18/02/18 00:07	duncantl/RCUDA	master
18/02/15 00:39	twitter/AnomalyDetection	master
18/02/15 00:38	pdrano/IKTrading	master
