18/10/13 10:20	bwlewis/irlba	master
18/10/13 10:10	bwlewis/irlba	master
18/10/13 08:47	choisy/mcstats	master
18/10/13 08:23	davidgohel/ReporteRsjars	master
18/10/11 00:33	sbfnk/fitR	master
18/10/05 00:48	Albluca/ElPiGraph.R	master
18/10/05 00:47	alexgenin/miscutils	master
18/10/05 00:46	alexgenin/miscutils	master
18/10/05 00:23	jbryer/likert	master
18/10/05 00:21	dgrtwo/snippr	master
18/10/03 00:54	gavinsimpson/ggvegan	master
18/10/03 00:53	amberalpha/toypkg	master
18/09/25 00:25	rstudio/config	master
18/09/25 00:24	rstudio/config	master
18/09/25 00:23	rstudio/config	master
18/09/24 00:01	rstats-db/odbc	master
18/09/20 00:52	hadley/precis	master
18/09/20 00:48	RickPack/FBadstats	master
18/09/20 00:08	selesnow/rvkstat	master
18/09/18 00:27	yihui/knitr	master
18/09/18 00:25	rstudio/rmarkdown	master
18/09/18 00:25	yihui/tinytex	master
18/09/15 00:47	hrbrmstr/hrbrthemes	master
18/09/13 00:52	CentreForHydrology/CRHMr	master
