18/03/15 10:40	hoxo-m/prophetExt	master
18/03/15 10:16	ujjwalkarn/xda	master
18/03/15 10:10	R-Finance/quantstrat	master
18/03/15 10:09	R-Finance/blotter	master
18/03/15 10:08	R-Finance/quantstrat	master
18/03/15 10:07	kassambara/easyGgplot2	master
18/03/15 10:01	kassambara/easyGgplot2	master
18/03/15 10:00	kassambara/easyGgplot2	master
18/03/15 09:53	parismita/Reg	master
18/03/15 09:52	trinker/qdap	master
18/03/15 09:47	kassambara/easyGgplot2	master
18/03/15 08:34	hoxo-m/prophetExt	master
18/03/15 08:09	jfq3/RDPutils	master
18/03/15 08:08	jfq3/RDPutils	master
18/03/15 08:07	jfq3/RDPutils	master
18/03/15 07:32	jfq3/RDPutils	master
18/03/15 07:26	jfq3/RDPutils	master
18/03/15 07:25	jfq3/RDPutils	master
18/03/15 05:21	bquast/sigmoid	master
18/03/15 02:12	Ronggui/RQDA	master
