18/10/02 14:37	ankargren/mfbvar	master
18/10/02 14:32	AFIT-R/anomalyDetection	master
18/10/02 14:31	twitter/AnomalyDetection	master
18/10/02 14:28	crubba/htmltab	master
18/10/02 14:24	crubba/htmltab	master
18/10/02 14:22	crubba/htmltab	master
18/10/02 14:21	FluvialLandscapeLab/NEO	master
18/10/02 14:18	USGS-R/modelArchive	master
18/10/02 14:16	r-dbi/DBI	master
18/10/02 14:15	HenrikBengtsson/R.utils	master
18/10/02 14:14	duthedd/ggplot2	master
18/10/02 14:14	hadley/rlang	master
18/10/02 14:05	r-simmer/simmer.optim	master
18/10/02 13:56	ankargren/mfbvar	master
18/10/02 13:47	ankargren/mfbvar	master
18/10/02 13:41	ankargren/mfbvar	master
18/10/02 12:44	NetDem-USC/netdemR	master
18/10/02 12:33	pmdci/Redmonder	master
18/10/02 12:32	ramnathv/htmlwidgets	master
18/10/02 12:28	jonathon-love/car	master
18/10/02 11:55	chr1swallace/random-functions	master
18/10/02 09:28	ggrothendieck/sqldf	master
18/10/02 09:24	statistikat/VIM	master
18/10/02 09:20	stefvanbuuren/mice	master
18/10/02 09:03	hoxo-m/prophetExt	master
18/10/02 08:47	twitter/AnomalyDetection	master
18/10/02 06:12	AlexPiche/DPsurv	master
18/10/02 05:20	hoxo-m/magicfor	master
