18/09/24 21:25	const-ae/tidygenomics	master
18/09/24 20:23	rudeboybert/resampledata	master
18/09/24 20:16	rudeboybert/resampledata	master
18/09/24 20:13	JasperHG90/qualtRics	master
18/09/24 18:54	rstudio/rmarkdown	master
18/09/24 18:54	yihui/knitr	master
18/09/24 18:53	rstudio/rmarkdown	master
18/09/24 18:52	yihui/tinytex	master
18/09/24 18:52	yihui/xfun	master
18/09/24 18:52	yihui/tinytex	master
18/09/24 16:58	jcapelladesto/geoRge	master
18/09/24 16:56	jcapelladesto/geoRge	master
18/09/24 16:56	jcapelladesto/geoRge	master
18/09/24 15:57	mannau/tm.plugin.sentiment	master
18/09/24 15:56	mannau/tm.plugin.sentiment	master
18/09/24 15:54	mannau/tm.plugin.sentiment	master
18/09/24 15:54	mannau/tm.plugin.sentiment	master
18/09/24 15:54	mannau/tm.plugin.sentiment	master
18/09/24 15:12	hadley/ggplot2	49619b7
18/09/24 14:12	rstats-db/odbc	master
18/09/24 13:50	tidyverse/tidyverse	master
18/09/24 13:27	tidyverse/tidyverse	master
18/09/24 13:15	smartinsightsfromdata/rpivotTable	master
18/09/24 13:14	smartinsightsfromdata/rpivotTable	master
18/09/24 12:18	OHDSI/OhdsiSharing	master
18/09/24 12:17	OHDSI/OhdsiSharing	master
18/09/24 11:01	nebulae-co/colmaps	master
18/09/24 11:00	kosukeimai/fastLink	master
18/09/24 10:53	raim/platexpress	master
18/09/24 10:35	tidyverse/ggplot2	49619b7
18/09/24 10:33	hadley/ggplot2	49619b7
18/09/24 09:34	gmonette/spida	master
18/09/24 09:34	cvborkulo/NetworkComparisonTest	master
18/09/24 09:33	gmonette/spida	master
18/09/24 09:32	gmonette/spida2	master
18/09/24 09:31	gmonette/spida	master
18/09/24 09:30	gmonette/spida2	master
18/09/24 09:30	gmonette/spida	master
18/09/24 09:28	gmonette/spida2	master
18/09/24 09:26	gmonette/spida	master
18/09/24 09:26	gmonette/spida	master
18/09/24 09:26	gmonette/spida	master
18/09/24 08:35	bnosac/RDRPOSTagger	master
18/09/24 07:56	tidyverse/ggplot2	d697622
18/09/24 07:52	tidyverse/ggplot2	d697622
18/09/24 07:06	hrbrmstr/albersusa	master
18/09/24 06:16	hoxo-m/magicfor	master
18/09/24 05:57	JasperHG90/qualtRics	master
18/09/24 05:34	andrie/version.compare	master
18/09/24 05:33	andrie/version.compare	master
18/09/24 05:33	andrie/version.compare	master
18/09/24 04:51	andrie/version.compare	master
18/09/24 02:56	henfiber/later	master
18/09/24 02:56	henfiber/cronr	master
18/09/24 02:53	kevinushey/later	master
18/09/24 00:01	rstats-db/odbc	master
18/09/20 00:52	hadley/precis	master
18/09/20 00:48	RickPack/FBadstats	master
18/09/20 00:08	selesnow/rvkstat	master
18/09/18 00:27	yihui/knitr	master
18/09/18 00:25	rstudio/rmarkdown	master
18/09/18 00:25	yihui/tinytex	master
18/09/15 00:47	hrbrmstr/hrbrthemes	master
18/09/13 00:52	CentreForHydrology/CRHMr	master
18/09/11 00:15	yihui/tinytex	master
18/09/11 00:14	rstudio/rmarkdown	master
18/09/09 00:02	vqv/ggbiplot	master
18/09/08 00:46	att/rcloud.rmd	master
18/09/08 00:46	att/rcloud.rmd	master
18/09/08 00:43	att/rcloud.rmd	master
18/09/08 00:43	att/rcloud.rmd	master
18/09/08 00:42	att/rcloud.flexdashboard	master
18/09/08 00:42	att/rcloud.rmd	master
18/09/08 00:42	att/rcloud.flexdashboard	master
18/09/08 00:42	att/rcloud.shiny	master
18/09/08 00:41	att/rcloud.htmlwidgets	master
18/09/07 00:58	benjamin-merkel/probGLS	master
18/09/07 00:53	hadley/ggplot2	master
18/09/06 00:53	mrke/NicheMapR	master
18/09/06 00:34	mrke/NicheMapR	master
18/09/06 00:06	vegandevs/vegan	master
18/09/03 00:12	kassambara/easyGgplot2	master
18/08/30 00:53	ricardo-bion/ggradar	master
18/08/30 00:48	ricardo-bion/ggradar	master
18/08/29 00:47	rstudio/leaflet	master
18/08/29 00:42	rstudio/leaflet	master
18/08/28 00:09	jutako/Rtools	master
18/08/27 00:14	aoles/EBImage	master
