18/12/01 22:31	Avsecz/fitbitr	master
18/12/01 20:26	vqv/ggbiplot	master
18/12/01 18:51	Bioconductor/generics	master
18/12/01 18:50	Bioconductor/generics	master
18/12/01 15:28	rstudio/keras	master
18/12/01 15:20	Bioconductor/generics	master
18/12/01 15:20	rstudio/keras	master
18/12/01 13:51	hoxo-m/magicfor	master
18/12/01 11:40	ropensci/tabulizer	master
18/12/01 11:40	ropensci/tabulizerjars	master
18/12/01 10:06	hadley/l1tf	master
18/12/01 07:24	CIAssetManagement/QuantTools	master
18/12/01 07:09	Nowosad/spDataLarge	master
18/12/01 06:27	strengejacke/sjPlot	master
18/12/01 04:47	jbkunst/highcharter	master
18/12/01 01:28	COMHIS/estc	65a3e03449d51c4a9a65081190b07ae8a74baf9b
18/12/01 01:09	business-science/timetk	master
18/12/01 01:09	business-science/tibbletime	master
18/12/01 01:08	business-science/tidyquant	master
18/12/01 01:07	business-science/tidyquant	master
18/12/01 00:50	business-science/tidyquant	master
18/12/01 00:14	strengejacke/sjPlot	master
18/12/01 00:12	strengejacke/ggeffects	master
18/12/01 00:11	strengejacke/sjstats	master
18/12/01 00:02	strengejacke/sjmisc	master
18/11/29 00:25	vqv/ggbiplot	master
18/11/28 00:52	hunzikp/pgrid	master
18/11/28 00:50	tjmahr/textgrid	master
18/11/28 00:50	vwmaus/geoScidb	master
18/11/28 00:42	EricEdwardBryant/biogridr	master
18/11/26 00:29	edonnachie/ICD	master
18/11/26 00:21	vqv/ggbiplot	master
18/11/22 00:42	cdcrabtree/varo	master
18/11/21 00:50	hadley/dtplyr	master
18/11/17 00:22	zauster/RComtrade	master
18/11/14 00:39	hoxo-m/densratio	e8233e6
18/11/14 00:39	hoxo-m/densratio	v0.0.3
18/11/14 00:39	swish-climate-impact-assessment/awaptools	develop
18/11/14 00:37	twitter/AnomalyDetection	master
18/11/12 00:54	matloff/rectools	master
18/11/08 00:57	benaug/Mbmisscap	master
18/11/08 00:56	JohnCoene/youTubeDataR	master
18/11/07 00:36	ECO230/eco230r	master
18/11/07 00:35	ECO230/eco230r	master
18/11/07 00:21	ECO230/eco230r	master
18/11/06 00:34	loicdtx/bfastSpatial	master
18/11/06 00:34	loicdtx/bfastSpatial	master
18/11/06 00:01	zdk123/SpiecEasi	master
18/11/05 00:44	rstudio/DT	master
18/11/05 00:39	rstudio/DT	master
18/11/05 00:10	zdk123/SpiecEasi	master
18/11/05 00:08	hadley/devtools	master
18/11/03 00:08	zdk123/SpiecEasi	master
18/11/03 00:05	loicdtx/bfastSpatial	master
18/11/02 00:56	ECO230/eco230r	master
18/11/02 00:18	dkahle/ggmap	master
18/11/01 00:40	genesofeve/projectR	useME
18/11/01 00:24	dgrtwo/drlib	master
18/11/01 00:09	biobakery/sparseDOSSA	varyLibSize
18/11/01 00:04	biobakery/sparseDOSSA	varyLibSize
18/11/01 00:00	biobakery/sparseDOSSA	varyLibSize
