18/01/16 03:42	hrbrmstr/crafter	master
18/01/16 02:27	ropensci/tabulizer	master
18/01/16 02:27	ropensci/tabulizerjars	master
18/01/16 02:23	ropensci/tabulizer	master
18/01/16 02:23	ropensci/tabulizerjars	master
18/01/16 02:22	ropensci/tabulizer	master
18/01/16 02:22	ropensci/tabulizerjars	master
18/01/16 02:18	ropensci/tabulizer	master
18/01/16 02:18	ropensci/tabulizerjars	master
18/01/14 00:03	jr-packages/jrModelling	master
18/01/03 00:17	Bioconductor/GSEABase	master
18/01/03 00:17	Bioconductor/GSEABase	master
18/01/03 00:16	Bioconductor/GSEABase	master
18/01/02 00:50	hoxo-m/prophetExt	master
18/01/02 00:13	alstat/rface	master
18/01/02 00:10	alstat/rface	master
17/12/31 00:30	hrbrmstr/ggalt	master
17/12/31 00:28	Bioconductor/BiocGenerics	master
17/12/31 00:10	gustavobio/semeco	master
17/12/31 00:05	gustavobio/semeco	master
17/12/31 00:04	gustavobio/semeco	master
17/12/31 00:01	gustavobio/semeco	master
17/12/28 00:25	IQSS/Zelig	master
17/12/27 00:02	tomvar/bundling	master
17/12/17 00:55	ujjwalkarn/xda	master
