18/12/10 16:59	maryclare/gnorm	master
18/12/10 16:26	strengejacke/sjPlot	master
18/12/10 16:08	ropensci/tabulizer	master
18/12/10 16:07	ropensci/tabulizerjars	master
18/12/10 15:58	jimhester/bloom	master
18/12/10 15:55	hrbrmstr/albersusa	master
18/12/10 15:20	rudeboybert/resampledata	master
18/12/10 15:18	quicklizard99/Homeric	master
18/12/10 14:42	RebeccaStubbs/MapSuite	master
18/12/10 14:39	GreedBlink/BETSlite	master
18/12/10 14:17	GreedBlink/BETSlite	master
18/12/10 14:10	strengejacke/sjstats	master
18/12/10 14:09	sjPlot/sjstats	master
18/12/10 13:41	strengejacke/sjPlot	master
18/12/10 11:26	rbensua/afmToolkit	master
18/12/10 09:50	joey711/phyloseq	master
18/12/10 09:04	hadley/ggplot2	v2.2.1
18/12/10 08:48	hadley/scales	v0.4.1
18/12/10 08:45	MarkEdmondson1234/googleAnalyticsR	v0.4.2
18/12/10 08:40	hadley/scales	v0.4.1
18/12/10 08:35	flr/FLCore	master
18/12/10 08:07	jbkunst/highcharter	master
18/12/10 07:33	ymattu/rjumanpp	master
18/12/10 07:25	ymattu/rjumanpp	master
18/12/10 07:19	jbkunst/highcharter	master
18/12/10 07:14	ujjwalkarn/xda	master
18/12/10 07:04	ymattu/rjumanpp	master
18/12/10 06:58	rstudio/keras	master
18/12/10 05:55	google/glmmplus	master
18/12/10 02:38	strengejacke/sjPlot	master
18/12/10 02:36	strengejacke/sjPlot	master
18/12/10 00:30	hrbrmstr/albersusa	master
18/12/09 00:37	hoxo-m/prophetExt	master
18/12/07 00:45	metacran/crandb	master
18/12/05 00:24	braverock/PerformanceAnalytics	master
18/12/03 00:44	ramnathv/slidifyLibraries	master
18/12/03 00:35	ramnathv/slidify	master
18/12/02 00:17	Laurae2/lgbdl	master
18/12/02 00:15	SPATIAL-Lab/isorig	master
18/12/02 00:14	SPATIAL-Lab/isorig	master
18/12/02 00:09	SPATIAL-Lab/isorig	master
18/12/01 00:50	business-science/tidyquant	master
18/12/01 00:14	strengejacke/sjPlot	master
18/12/01 00:12	strengejacke/ggeffects	master
18/12/01 00:11	strengejacke/sjstats	master
18/12/01 00:02	strengejacke/sjmisc	master
18/11/29 00:25	vqv/ggbiplot	master
18/11/28 00:52	hunzikp/pgrid	master
18/11/28 00:50	tjmahr/textgrid	master
18/11/28 00:50	vwmaus/geoScidb	master
18/11/28 00:42	EricEdwardBryant/biogridr	master
18/11/26 00:29	edonnachie/ICD	master
18/11/26 00:21	vqv/ggbiplot	master
18/11/22 00:42	cdcrabtree/varo	master
18/11/21 00:50	hadley/dtplyr	master
18/11/17 00:22	zauster/RComtrade	master
18/11/14 00:39	hoxo-m/densratio	e8233e6
18/11/14 00:39	hoxo-m/densratio	v0.0.3
18/11/14 00:39	swish-climate-impact-assessment/awaptools	develop
18/11/14 00:37	twitter/AnomalyDetection	master
18/11/12 00:54	matloff/rectools	master
