18/11/24 19:51	rodazuero/gmapsdistance	master
18/11/24 19:51	ropensci/stplanr	master
18/11/24 19:51	teramonagi/rOpenWeatherMap	master
18/11/24 19:11	vqv/ggbiplot	master
18/11/24 18:24	davidavdav/ROC	master
18/11/24 17:59	dkrozelle/s3r	master
18/11/24 13:03	jennybc/googlesheets	master
18/11/24 12:59	jennybc/googlesheets	master
18/11/24 12:57	jennybc/googlesheets	master
18/11/24 12:51	jennybc/googlesheets	master
18/11/24 12:50	jennybc/googlesheets	master
18/11/24 12:50	jennybc/googlesheets	master
18/11/24 12:49	jennybc/googlesheets	master
18/11/24 12:48	jennybc/googlesheets	master
18/11/24 04:09	hadley/packman	master
18/11/24 04:03	C3c6e6/SetRank	master
18/11/24 04:00	C3c6e6/SetRank	master
18/11/22 00:42	cdcrabtree/varo	master
18/11/21 00:50	hadley/dtplyr	master
18/11/17 00:22	zauster/RComtrade	master
18/11/14 00:39	hoxo-m/densratio	e8233e6
18/11/14 00:39	hoxo-m/densratio	v0.0.3
18/11/14 00:39	swish-climate-impact-assessment/awaptools	develop
18/11/14 00:37	twitter/AnomalyDetection	master
18/11/12 00:54	matloff/rectools	master
18/11/08 00:57	benaug/Mbmisscap	master
18/11/08 00:56	JohnCoene/youTubeDataR	master
18/11/07 00:36	ECO230/eco230r	master
18/11/07 00:35	ECO230/eco230r	master
18/11/07 00:21	ECO230/eco230r	master
18/11/06 00:34	loicdtx/bfastSpatial	master
18/11/06 00:34	loicdtx/bfastSpatial	master
18/11/06 00:01	zdk123/SpiecEasi	master
18/11/05 00:44	rstudio/DT	master
18/11/05 00:39	rstudio/DT	master
18/11/05 00:10	zdk123/SpiecEasi	master
18/11/05 00:08	hadley/devtools	master
18/11/03 00:08	zdk123/SpiecEasi	master
18/11/03 00:05	loicdtx/bfastSpatial	master
18/11/02 00:56	ECO230/eco230r	master
18/11/02 00:18	dkahle/ggmap	master
18/11/01 00:40	genesofeve/projectR	useME
18/11/01 00:24	dgrtwo/drlib	master
18/11/01 00:09	biobakery/sparseDOSSA	varyLibSize
18/11/01 00:04	biobakery/sparseDOSSA	varyLibSize
18/11/01 00:00	biobakery/sparseDOSSA	varyLibSize
18/10/31 00:30	AnalytixWare/gosocket	master
18/10/31 00:29	ropenscilabs/webmockr	master
18/10/31 00:28	AnalytixWare/gosocket	master
18/10/31 00:23	vqv/ggbiplot	master
18/10/31 00:21	ropensci/webmockr	master
18/10/31 00:20	ropensci/webmockr	master
18/10/30 00:20	ropenscilabs/cored	master
18/10/29 00:29	rdpeng/gpclib	master
18/10/29 00:26	rdpeng/gpclib	master
18/10/29 00:16	ujjwalkarn/xda	master
