18/06/07 04:41	rsquaredacademy/olsrr	master
18/06/07 04:20	rsquaredacademy/olsrr	master
18/06/07 04:19	rsquaredacademy/olsrr	master
18/06/07 04:04	rsquaredacademy/olsrr	master
18/06/07 03:57	rsquaredacademy/olsrr	master
18/06/07 03:55	rsquaredacademy/olsrr	master
18/06/07 03:54	rsquaredacademy/olsrr	master
18/06/07 03:45	topepo/caret	master
18/06/07 03:44	aasrinivasan/hleaps	master
18/06/07 03:43	topepo/caret	master
18/06/07 03:42	hadley/tidyverse	master
18/06/07 03:34	hadley/tidyverse	master
18/06/07 03:05	vqv/ggbiplot	master
18/06/07 02:34	hadley/devtools	master
18/06/07 02:14	ajdamico/lodown	master
18/06/07 01:48	mhahsler/rMSA	master
18/06/07 01:42	mhahsler/rMSA	master
18/06/07 01:31	rsquaredacademy/olsrr	master
18/06/07 01:25	rsquaredacademy/olsrr	master
18/06/07 01:13	rsquaredacademy/olsrr	master
18/06/07 01:03	hoxo-m/prophetExt	master
