18/03/05 18:28	cashoes/ggmixOmics	master
18/03/05 18:27	cashoes/ggmixOmics	master
18/03/05 17:55	mskilab/gChain	master
18/03/05 17:51	mskilab/gChain	dev
18/03/05 17:50	mskilab/gChain	master
18/03/05 17:49	mskilab/gChain	master
18/03/05 17:32	rstudio/shinythemes	master
18/03/05 17:32	ujjwalkarn/xda	master
18/03/05 17:32	trestletech/shinyAce	master
18/03/05 17:14	mskilab/gChain	dev
18/03/05 17:02	metno/esd	master
18/03/05 16:40	vqv/ggbiplot	master
18/03/05 16:14	rappster/yamlr	master
18/03/05 16:04	s-u/rJava	master
18/03/05 16:01	kerguler/Barnard	master
18/03/05 15:57	kerguler/Barnard	master
18/03/05 15:48	twitter/AnomalyDetection	master
18/03/05 15:37	rstudio/shiny	master
18/03/05 15:15	hadley/tidyverse	master
18/03/05 15:12	hadley/tidyverse	master
18/03/05 14:44	cjgb/MicroDatosEs	master
18/03/05 14:00	mosscoder/crustCover	master
18/03/05 13:55	priviere/PPB	master
18/03/05 13:54	priviere/PPBformations	master
18/03/05 13:53	priviere/PPBformations	master
18/03/05 13:52	priviere/PPBformations	master
18/03/05 12:55	daroczig/binancer	master
18/03/05 12:32	mosscoder/crustCover	master
18/03/05 11:32	clbustos/dominanceAnalysis	master
18/03/05 11:31	ujjwalkarn/xda	master
18/03/05 11:31	twitter/AnomalyDetection	master
18/03/05 11:25	ujjwalkarn/xda	master
18/03/05 11:22	clbustos/dominanceAnalysis	master
18/03/05 11:14	xryanglab/xtail	master
18/03/05 10:22	mikemeredith/makeJAGSmask	master
18/03/05 06:29	hoxo-m/prophetExt	master
18/03/05 04:59	mikemeredith/makeJAGSmask	master
18/03/05 03:52	kouroshz/creNet	master
18/03/05 03:50	kouroshz/creNet	master
18/03/05 03:49	kouroshz/creNet	master
18/03/05 03:41	kouroshz/creNet	master
18/03/05 02:25	kouroshz/creNet	master
18/03/05 02:22	kouroshz/creNet	master
18/03/05 02:20	kouroshz/creNet	master
18/03/05 02:12	kouroshz/creNet	master
18/03/05 02:12	kouroshz/creNet	master
18/03/05 02:09	kouroshz/creNet	master
18/03/05 00:38	gavinsimpson/tsgam	master
18/03/02 00:59	ECO230/eco230r	master
18/03/02 00:42	ropensci/ghql	master
18/03/02 00:08	ECO230/eco230r	master
18/03/02 00:04	ECO230/eco230r	master
18/03/02 00:04	ECO230/eco230r	master
18/03/02 00:04	ECO230/eco230r	master
18/03/02 00:03	ECO230/eco230r	master
18/02/28 00:58	ECO230/eco230r	master
18/02/28 00:41	kbroman/horizon	master
18/02/28 00:16	ECO230/eco230r	master
18/02/28 00:10	ECO230/eco230r	master
18/02/28 00:10	ECO230/eco230r	master
18/02/28 00:10	ECO230/eco230r	master
18/02/27 00:45	renozao/NMF	devel
18/02/27 00:39	tidyverse/haven	master
18/02/27 00:35	tidyverse/haven	master
18/02/27 00:00	ECO230/eco230r	master
18/02/26 00:55	James-Thorson/FishLife	master
18/02/24 00:41	briofons/R-Package-RJIRA	master
18/02/21 00:26	hoxo-m/prophetExt	master
18/02/20 00:29	pdrano/IKTrading	master
18/02/20 00:08	pdrano/IKTrading	master
18/02/18 00:21	yuanli22/RCUDA	master
18/02/18 00:07	duncantl/RCUDA	master
18/02/15 00:39	twitter/AnomalyDetection	master
18/02/15 00:38	pdrano/IKTrading	master
18/02/14 00:55	Bioconductor/IRanges	c5f1471
18/02/14 00:53	Bioconductor/S4Vectors	d93b89f
18/02/14 00:53	Bioconductor/S4Vectors	d39b89f
18/02/14 00:52	Bioconductor/S4Vectors	0b2b49f
18/02/14 00:51	Bioconductor/S4Vectors	8334847
18/02/14 00:49	Bioconductor/BiocGenerics	39d0af5
18/02/14 00:48	Bioconductor/BiocGenerics	0985ec9
18/02/14 00:46	Bioconductor/BiocGenerics	fcc22c8
18/02/14 00:45	Bioconductor/BiocGenerics	9383d85
18/02/14 00:45	Bioconductor/BiocGenerics	9389d85
18/02/14 00:42	Bioconductor/BiocGenerics	master
18/02/14 00:41	ropensci/tabulizer	master
18/02/14 00:36	ropensci/tabulizerjars	master
18/02/14 00:18	MorphoFun/kraken	master
18/02/12 00:26	lrutter/ggenealogy	master
18/02/08 00:31	green-striped-gecko/dartR	master
18/02/08 00:26	isglobal-brge/SNPassoc	master
18/02/08 00:24	zhengxwen/SNPRelate	master
18/02/08 00:23	edzer/hexbin	master
18/02/08 00:18	edzer/hexbin	master
18/02/08 00:08	edzer/hexbin	master
18/02/08 00:06	StoreyLab/qvalue	master
18/02/08 00:01	yihui/knitr	master
18/02/08 00:00	sinhrks/ggfortify	master
18/02/07 00:36	hadley/lubridate	master
18/02/07 00:35	tidyverse/lubridate	master
18/02/07 00:21	RGLab/opencytoCL	master
18/02/06 00:42	rpremraj/mailR	master
18/02/06 00:41	rpremraj/mailR	master
18/02/06 00:07	hoxo-m/pforeach	master
18/02/05 00:27	alyst/MotIV	master
18/02/05 00:10	rstats-db/RMySQL	master
18/02/03 00:40	mgledi/DiffLogo	master
