18/09/18 07:56	vqv/ggbiplot	master
18/09/18 07:55	rstats-db/odbc	master
18/09/18 07:55	vqv/ggbiplot	master
18/09/18 07:52	rstats-db/odbc	master
18/09/18 07:50	rstats-db/odbc	master
18/09/18 07:48	vqv/ggbiplot	master
18/09/18 07:47	rstats-db/odbc	master
18/09/18 07:41	rstats-db/odbc	master
18/09/18 07:40	tidyverse/ggplot2	d697622
18/09/18 07:36	rstats-db/odbc	master
18/09/18 07:18	rstats-db/odbc	master
18/09/18 07:15	rstats-db/odbc	master
18/09/18 06:59	rstats-db/odbc	master
18/09/18 06:58	rstats-db/odbc	master
18/09/18 06:32	mikemeredith/makeJAGSmask	master
18/09/18 05:59	mikemeredith/makeJAGSmask	master
18/09/18 05:59	mikemeredith/makeJAGSmask	master
18/09/18 04:08	hrbrmstr/hrbraddins	master
18/09/18 04:00	krlmlr/styler	master
18/09/18 03:59	hrbrmstr/hrbraddins	master
18/09/18 03:58	hrbrmstr/hrbrthemes	master
18/09/18 02:26	trinker/pacman	master
18/09/18 02:20	topepo/caret	master
