18/02/09 18:37	solvebio/solvebio-r	custom-envs
18/02/09 16:30	ujjwalkarn/xda	master
18/02/09 16:29	ujjwalkarn/xda	master
18/02/09 16:23	thomasp85/patchwork	master
18/02/09 16:23	thomasp85/patchwork	master
18/02/09 13:43	Functional-Genomics/atlas_gsa	master
18/02/09 13:35	hoxo-m/prophetExt	master
18/02/09 13:34	hoxo-m/prophetExt	master
18/02/09 13:31	hoxo-m/prophetExt	master
18/02/09 12:39	yixuan/fontemoji	master
18/02/09 12:37	JahNorr/mortRecode	master
18/02/09 11:44	Functional-Genomics/atlas_gsa	master
18/02/09 10:37	warnes/gdata	master
18/02/09 10:20	mlr-org/mlr	forecasting
18/02/09 10:08	KNMI/knmiR	master
18/02/09 10:07	KNMI/knmiR	master
18/02/09 10:00	KNMI/knmiR	master
18/02/09 09:13	twitter/AnomalyDetection	master
18/02/09 09:13	twitter/AnomalyDetection	master
18/02/09 07:51	ymattu/rjumanpp	master
18/02/09 07:48	ymattu/rjumanpp	master
18/02/09 07:47	ymattu/rjumanpp	master
18/02/09 07:46	ymattu/rjumanpp	master
18/02/09 07:44	ymattu/rjumanpp	master
18/02/09 07:03	omegahat/RTidyHTML	master
18/02/09 06:35	HughParsonage/Census2016.spec	master
18/02/09 06:00	airoldilab/sgd	master
18/02/09 02:47	rstats-db/DBI	2715b92
18/02/09 02:45	rstats-db/RSQLite	82d61b2
18/02/09 02:34	r-dbi/RSQLite	82d61b2
18/02/09 02:29	r-dbi/DBI	2715b92
18/02/09 02:22	andrewpbray/oilabs	master
18/02/09 02:18	hadley/dplyr	63d4a9f5
18/02/08 00:31	green-striped-gecko/dartR	master
18/02/08 00:26	isglobal-brge/SNPassoc	master
18/02/08 00:24	zhengxwen/SNPRelate	master
18/02/08 00:23	edzer/hexbin	master
18/02/08 00:18	edzer/hexbin	master
18/02/08 00:08	edzer/hexbin	master
18/02/08 00:06	StoreyLab/qvalue	master
18/02/08 00:01	yihui/knitr	master
18/02/08 00:00	sinhrks/ggfortify	master
18/02/07 00:36	hadley/lubridate	master
18/02/07 00:35	tidyverse/lubridate	master
18/02/07 00:21	RGLab/opencytoCL	master
18/02/06 00:42	rpremraj/mailR	master
18/02/06 00:41	rpremraj/mailR	master
18/02/06 00:07	hoxo-m/pforeach	master
18/02/05 00:27	alyst/MotIV	master
18/02/05 00:10	rstats-db/RMySQL	master
18/02/03 00:40	mgledi/DiffLogo	master
18/01/30 00:16	mkearney/rtweet	master
18/01/28 00:08	rstudio/addinexamples	master
18/01/28 00:07	awhstin/awtools	master
18/01/21 00:14	IRkernel/IRkernel	master
18/01/14 00:03	jr-packages/jrModelling	master
