18/03/30 13:17	daob/lavaan.survey.fiml	master
18/03/30 12:42	leeper/slopegraph	master
18/03/30 10:35	ropenscilabs/tabulizer	master
18/03/30 10:35	ropensci/tabulizerjars	master
18/03/30 10:33	ropensci/tabulizer	master
18/03/30 10:33	leeper/tabulizerjars	master
18/03/30 09:49	timelyportfolio/d3vennR	master
18/03/30 09:49	timelyportfolio/d3vennR	master
18/03/30 09:27	joey711/phyloseq	master
18/03/30 09:20	joey711/phyloseq	master
18/03/30 08:41	DongyueXie/scca	master
18/03/30 08:40	pimentel/sccab	master
18/03/30 08:11	James-Thorson/VAST	master
18/03/30 07:44	jimhester/lookup	master
18/03/30 07:38	jimhester/lookup	master
18/03/30 06:26	hoxo-m/prophetExt	master
18/03/30 06:18	hoxo-m/prophetExt	master
18/03/30 05:44	ujjwalkarn/xda	master
18/03/30 05:25	dgromer/apa	master
18/03/30 04:59	ropensci/plotly	master
18/03/30 04:14	RcppCore/Rcpp	master
18/03/30 04:12	mikelove/DESeq2	master
18/03/30 04:07	jjallaire/TBB	master
18/03/30 04:07	James-Thorson/VAST	master
18/03/30 04:05	mikelove/DESeq2	master
18/03/30 00:39	mikemeredith/MMmisc	master
18/03/30 00:30	ECO230/eco230r	master
18/03/30 00:30	ECO230/eco230r	master
18/03/30 00:29	ECO230/eco230r	master
18/03/30 00:19	ropenscilabs/eechidna	master
18/03/30 00:13	ECO230/eco230r	master
18/03/30 00:10	ECO230/eco230r	master
18/03/30 00:10	ECO230/eco230r	master
18/03/29 00:33	ECO230/eco230r	master
18/03/28 00:52	ropensci/plotly	master
18/03/28 00:45	tidyverse/ggplot2	49619b7
18/03/28 00:36	ECO230/eco230r	master
18/03/28 00:35	ECO230/eco230r	master
18/03/24 00:43	SachaEpskamp/semPlot	master
18/03/23 00:07	r-lib/rlang	master
18/03/23 00:06	tidyverse/rlang	master
18/03/22 00:12	gabrielrvsc/HDeconometrics	master
18/03/21 00:54	cbw1243/marginalfit	master
18/03/21 00:45	umerijaz/microbiomeSeq	master
18/03/18 00:29	sinhrks/ggfortify	master
18/03/16 00:37	stnava/ITKR	master
18/03/15 00:38	JoshuaSlocum/kagglr	master
18/03/15 00:09	aminondo/iX-Rpackage	sc
18/03/14 00:40	BIMSBbioinfo/genomation	master
18/03/14 00:39	yihui/knitr	master
18/03/14 00:35	BIMSBbioinfo/genomation	master
18/03/12 00:08	mroberts/stmBrowser	master
18/03/12 00:07	methodds/stminsights	master
18/03/08 00:58	peterxeno/preprocessr	master
18/03/08 00:57	artichaud1/preprocessr	master
18/03/08 00:45	USGS-R/waterData	master
18/03/08 00:03	jdblischak/workflowr	master
18/03/08 00:01	jdblischak/workflowr	master
18/03/07 00:51	hadley/haven	master
18/03/07 00:20	ropensci/tabulizer	master
18/03/07 00:20	ropensci/tabulizerjars	master
18/03/07 00:13	sjmgarnier/viridis	master
18/03/06 00:08	GuangchuangYu/ggtree	master
18/03/05 00:38	gavinsimpson/tsgam	master
18/03/02 00:59	ECO230/eco230r	master
18/03/02 00:42	ropensci/ghql	master
18/03/02 00:08	ECO230/eco230r	master
18/03/02 00:04	ECO230/eco230r	master
18/03/02 00:04	ECO230/eco230r	master
18/03/02 00:04	ECO230/eco230r	master
18/03/02 00:03	ECO230/eco230r	master
18/02/28 00:58	ECO230/eco230r	master
18/02/28 00:41	kbroman/horizon	master
18/02/28 00:16	ECO230/eco230r	master
18/02/28 00:10	ECO230/eco230r	master
18/02/28 00:10	ECO230/eco230r	master
18/02/28 00:10	ECO230/eco230r	master
