18/01/10 17:58	qunfengdong/DMBC	master
18/01/10 17:17	wilkelab/cowplot	master
18/01/10 16:06	umerijaz/microbiomeSeq	master
18/01/10 15:46	ropensci/tabulizer	master
18/01/10 15:46	ropensci/tabulizerjars	master
18/01/10 15:35	umerijaz/microbiomeSeq	master
18/01/10 15:29	ropensci/tabulizer	master
18/01/10 15:29	ropensci/tabulizerjars	master
18/01/10 15:08	ropensci/tabulizer	master
18/01/10 15:07	ropensci/tabulizerjars	master
18/01/10 15:03	ujjwalkarn/xda	master
18/01/10 12:58	7factory/RMixpanel	add-basic-auth
18/01/10 12:56	lbartnik/thread	master
18/01/10 11:42	s-u/mindex	master
18/01/10 11:40	s-u/mindex	master
18/01/10 11:39	DanRunfola/Bibtex	master
18/01/10 11:10	flaviobarros/exams	master
18/01/10 10:38	rstudio/shinydashboard	1c5a3129a1b892b049520d5eb70d16461447541a
18/01/10 10:35	rstudio/shinydashboard	d339bfce39e9b9859f01104441cbb632eb013a2f
18/01/10 10:34	rstudio/shinydashboard	1c5a3129a1b892b049520d5eb70d16461447541a
18/01/10 10:33	rstudio/shinydashboard	f9fbae205e19e10c16d6be77af05e0ccbbbc80d4
18/01/10 10:32	rstudio/shinydashboard	596f557182148258aa2f93f6dd08ce9879b5935c
18/01/10 10:31	rstudio/shinydashboard	73684a1666196dd065b7869334e86e40c30ec964
18/01/10 10:30	rstudio/shinydashboard	8c735c6
18/01/10 10:19	rstudio/shiny	ba5c5ef
18/01/10 10:17	rstudio/shiny	668ee6f
18/01/10 10:16	rstudio/shiny	668ee6f
