18/01/30 21:23	pachterlab/sleuth	master
18/01/30 20:13	wilkelab/cowplot	master
18/01/30 20:06	thomasgstewart/tgsify	master
18/01/30 19:43	wilkelab/cowplot	master
18/01/30 19:29	talbano/epmr	master
18/01/30 19:26	talbano/epmr	master
18/01/30 19:01	PredictiveEcology/SpaDES	master
18/01/30 18:24	hoxo-m/magicfor	master
18/01/30 17:37	Logiwo/tabulizer	master
18/01/30 17:36	leeper/tabulizerjars	master
18/01/30 17:26	ujjwalkarn/xda	master
18/01/30 17:14	mariavica/mircomb	master
18/01/30 17:03	mariavica/mircomb	master
18/01/30 16:55	mariavica/mircomb	master
18/01/30 16:37	mariavica/mircomb	master
18/01/30 16:22	mariavica/mircomb	master
18/01/30 15:22	ropenscilabs/tabulizer	master
18/01/30 15:10	leeper/tabulizer	master
18/01/30 15:05	ropensci/tabulizerjars	master
18/01/30 13:11	karthikl6/d3bubbles2	master
18/01/30 13:11	karthikl6/d3bubbles2	master
18/01/30 12:58	jcheng5/bubbles	master
18/01/30 12:58	karthikl6/d3bubbles2	master
18/01/30 12:56	timelyportfolio/d3treeR	master
18/01/30 12:55	johnbaums/hues	master
18/01/30 12:15	tomli1234/FamilyCohort	master
18/01/30 12:13	tomli1234/FamilyCohort	master
18/01/30 11:32	ujjwalkarn/xda	master
18/01/30 11:10	hanfu-bios/varsel	master
18/01/30 10:31	hfgolino/EGA	master
18/01/30 10:30	bletcher/linkedModels	master
18/01/30 10:17	hoxo-m/prophetExt	master
18/01/30 08:20	EXASOL/r-exasol	master
18/01/30 08:19	EXASOL/r-exasol	master
18/01/30 05:12	MarkusLoew/ReadAxfBOM	master
18/01/30 04:16	joshuaulrich/quantmod	master
18/01/30 04:14	tomli1234/FamilyCohort	master
18/01/30 02:25	pacificclimate/Rudunits2	master
18/01/30 02:08	pacificclimate/Rudunits2	master
18/01/30 01:54	hadley/usdanutrients	master
18/01/30 00:16	mkearney/rtweet	master
18/01/28 00:08	rstudio/addinexamples	master
18/01/28 00:07	awhstin/awtools	master
18/01/21 00:14	IRkernel/IRkernel	master
18/01/14 00:03	jr-packages/jrModelling	master
18/01/03 00:17	Bioconductor/GSEABase	master
18/01/03 00:17	Bioconductor/GSEABase	master
18/01/03 00:16	Bioconductor/GSEABase	master
18/01/02 00:50	hoxo-m/prophetExt	master
18/01/02 00:13	alstat/rface	master
18/01/02 00:10	alstat/rface	master
17/12/31 00:30	hrbrmstr/ggalt	master
17/12/31 00:28	Bioconductor/BiocGenerics	master
17/12/31 00:10	gustavobio/semeco	master
17/12/31 00:05	gustavobio/semeco	master
17/12/31 00:04	gustavobio/semeco	master
17/12/31 00:01	gustavobio/semeco	master
