18/10/25 19:50	thlytras/rspiro	master
18/10/25 18:41	nickbond/BASEmetab	master
18/10/25 17:26	sirusb/R3CPET	master
18/10/25 17:14	sirusb/R3CPET	master
18/10/25 17:07	dtdoering/grofitr	master
18/10/25 16:22	dbarneche/envPred	master
18/10/25 16:06	andrewpbray/oilabs	master
18/10/25 14:28	kthohr/BMR	master
18/10/25 14:04	vqv/ggbiplot	master
18/10/25 13:58	bmschmidt/wordVectors	master
18/10/25 13:32	bnosac/RDRPOSTagger	master
18/10/25 13:28	bmschmidt/wordVectors	master
18/10/25 13:14	cuihaibo1/drwPSurv_1.0.tar	master
18/10/25 10:57	gavinsimpson/ggvegan	master
18/10/25 10:23	PapenfussLab/StructuralVariantAnnotation	master
18/10/25 09:28	rstudio/DT	master
18/10/25 09:09	rstudio/httpuv	master
18/10/25 09:08	rstudio/shiny	master
18/10/25 09:01	Trackage/rgos	master
18/10/25 08:33	vqv/ggbiplot	master
18/10/25 08:20	rstudio/httpuv	master
18/10/25 07:54	tidyverse/ggplot2	49619b7
18/10/25 07:17	ujjwalkarn/xda	master
18/10/25 02:26	nicebread/RSA	master
18/10/25 01:45	braverock/quantstrat	master
18/10/25 01:42	braverock/blotter	master
18/10/25 01:41	braverock/blotter	master
18/10/25 01:39	joshuaulrich/xts	master
18/10/25 01:37	braverock/blotter	master
