18/05/04 17:31	mhahsler/rMSA	master
18/05/04 17:04	jtleek/simplystats	master
18/05/04 17:02	HajkD/seqstats	master
18/05/04 16:54	alyssafrazee/RSkittleBrewer	master
18/05/04 16:53	matthieu-haudiquet/rothSGA	master
18/05/04 16:38	trinker/textclean	master
18/05/04 16:14	pkimes/spliceclust	master
18/05/04 15:44	dgrtwo/gganimate	master
18/05/04 15:43	dgrtwo/gganimate	master
18/05/04 15:43	dgrtwo/gganimate	master
18/05/04 15:40	mariavica/mircomb	master
18/05/04 15:37	mariavica/mircomb	master
18/05/04 15:36	mccallm/miRcomp	master
18/05/04 15:36	mccallm/miRcomp	master
18/05/04 15:35	mariavica/mircomb	master
18/05/04 15:27	mariavica/mircomb	master
18/05/04 15:23	Bioconductor/IRanges	master
18/05/04 15:11	Bioconductor/IRanges	master
18/05/04 15:10	Bioconductor/IRanges	master
18/05/04 15:09	Bioconductor/IRanges	master
18/05/04 15:08	Bioconductor/IRanges	master
18/05/04 15:07	Bioconductor/IRanges	master
18/05/04 15:06	Bioconductor/IRanges	master
18/05/04 14:59	sebastiz/EndoMineR	master
18/05/04 14:22	theugen/moving_window	master
18/05/04 13:38	vqv/ggbiplot	master
18/05/04 12:56	marjoleinF/pre	master
18/05/04 12:44	uribo/jpndistrict	add_light_rds
18/05/04 12:12	rsquaredacademy/rfm	master
18/05/04 10:59	mtennekes/tmap	master
18/05/04 10:51	pdrano/IKTrading	master
18/05/04 10:20	r-spatial/mapview	master
18/05/04 10:16	GuillemSalazar/EcolUtils	master
18/05/04 10:16	thk686/rgdal2	master
18/05/04 10:15	mtennekes/tmaptools	master
18/05/04 10:10	RyanHope/master	master
18/05/04 10:10	edzer/sp	master
18/05/04 10:09	r-spatial/sf	master
18/05/04 10:08	fresques/ggmap	master
18/05/04 09:59	Trackage/rgos	master
18/05/04 09:48	jeroenooms/V8	master
18/05/04 09:47	edwindj/vw	master
18/05/04 09:45	chrisbrunsdon/GISTools	master
18/05/04 09:40	remi-daigle/flickRgeotag	master
18/05/04 09:39	remi-daigle/flickRgeotag	master
18/05/04 09:33	ropensci/tabulizer	master
18/05/04 09:33	ropensci/tabulizerjars	master
18/05/04 09:11	mannau/tm.plugin.sentiment	master
18/05/04 08:41	Rdatatable/data.table	master
18/05/04 08:21	mannau/tm.plugin.sentiment	master
18/05/04 08:15	mannau/tm.plugin.sentiment	master
18/05/04 08:10	mannau/tm.plugin.sentiment	master
18/05/04 08:08	chrisbrunsdon/GISTools	master
18/05/04 08:04	mannau/tm.plugin.sentiment	master
18/05/04 08:01	mannau/tm.plugin.sentiment	master
18/05/04 08:00	mannau/tm.plugin.sentiment	master
18/05/04 07:59	mannau/tm.plugin.sentiment	master
18/05/04 07:59	mannau/tm.plugin.sentiment	master
18/05/04 07:58	mannau/tm.plugin.sentiment	master
18/05/04 07:58	mannau/tm.plugin.sentiment	master
18/05/04 07:58	mannau/tm.plugin.sentiment	master
18/05/04 07:58	mannau/tm.plugin.sentiment	master
18/05/04 07:58	mannau/tm.plugin.sentiment	master
18/05/04 07:58	mannau/tm.plugin.sentiment	master
18/05/04 07:58	mannau/tm.plugin.sentiment	master
18/05/04 07:57	mannau/tm.plugin.sentiment	master
18/05/04 07:57	mannau/tm.plugin.sentiment	master
18/05/04 07:57	mannau/tm.plugin.sentiment	master
18/05/04 07:57	mannau/tm.plugin.sentiment	master
18/05/04 07:57	mannau/tm.plugin.sentiment	master
18/05/04 07:57	mannau/tm.plugin.sentiment	master
18/05/04 07:57	mannau/tm.plugin.sentiment	master
18/05/04 07:57	mannau/tm.plugin.sentiment	master
18/05/04 07:57	mannau/tm.plugin.sentiment	master
18/05/04 07:57	mannau/tm.plugin.sentiment	master
18/05/04 07:54	jeroenooms/stringi	master
18/05/04 07:10	ujjwalkarn/xda	master
18/05/04 06:45	jkeirstead/scholar	master
18/05/04 02:33	davidavdav/ROC	master
18/05/03 00:28	RomeroBarata/dcme	master
18/05/02 00:02	sinhrks/ggfortify	master
18/05/01 00:33	thlytras/rspiro	master
18/05/01 00:33	thlytras/rspiro	master
18/04/28 00:35	predict-r/rtika	master
18/04/28 00:24	dgrtwo/rparse	master
18/04/26 00:30	alfcrisci/rBiometeo	master
18/04/21 00:44	jbryer/timeline	master
18/04/18 00:54	hoxo-m/prophetExt	master
18/04/18 00:53	evanwang1990/FMwR	master
18/04/18 00:08	hoxo-m/pforeach	master
18/04/15 00:35	dkahle/ggmap	master
18/04/11 00:30	ShinsukeSakai0321/PSFCalc	master
18/04/11 00:19	CambridgeAssessmentResearch/POSAC	master
18/04/11 00:05	ujjwalkarn/xda	master
18/04/10 00:35	rstudio/leaflet	master
18/04/10 00:34	rstudio/leaflet	master
18/04/10 00:33	rstudio/leaflet	master
18/04/10 00:32	rstudio/leaflet	master
18/04/06 00:34	kazutan/zousan	master
18/04/05 00:58	ropensci/bikedata	master
18/04/05 00:47	ropensci/bikedata	master
18/04/05 00:33	jennybc/googlesheets	master
18/04/05 00:31	jennybc/googlesheets	master
18/04/05 00:30	jennybc/googlesheets	master
18/04/05 00:26	jennybc/googlesheets	master
18/04/05 00:04	ao90/PRIM	master
