18/04/09 07:23	hfgolino/EGA	master
18/04/09 04:20	gtog/dMisc	master
18/04/09 04:17	jcheng5/bubbles	master
18/04/09 04:16	marcusvolz/ggart	master
18/04/09 04:16	karthikl6/d3bubbles2	master
18/04/09 04:15	timelyportfolio/d3treeR	master
18/04/09 04:15	johnbaums/hues	master
18/04/09 03:54	marcusvolz/ggart	master
18/04/09 03:34	marcusvolz/ggart	master
18/04/09 03:33	marcusvolz/ggart	master
18/04/09 03:32	marcusvolz/ggart	master
18/04/09 03:30	marcusvolz/ggart	master
18/04/09 03:27	marcusvolz/ggart	master
18/04/09 02:29	joshuaulrich/quantmod	225_getsymbols_oanda
18/04/09 02:20	joshuaulrich/quantmod	225_getsymbols_oanda
18/04/09 01:52	James-Thorson/VAST	master
18/04/06 00:34	kazutan/zousan	master
18/04/05 00:58	ropensci/bikedata	master
18/04/05 00:47	ropensci/bikedata	master
18/04/05 00:33	jennybc/googlesheets	master
18/04/05 00:31	jennybc/googlesheets	master
18/04/05 00:30	jennybc/googlesheets	master
18/04/05 00:26	jennybc/googlesheets	master
18/04/05 00:04	ao90/PRIM	master
18/03/30 00:39	mikemeredith/MMmisc	master
18/03/30 00:30	ECO230/eco230r	master
18/03/30 00:30	ECO230/eco230r	master
18/03/30 00:29	ECO230/eco230r	master
18/03/30 00:19	ropenscilabs/eechidna	master
18/03/30 00:13	ECO230/eco230r	master
18/03/30 00:10	ECO230/eco230r	master
18/03/30 00:10	ECO230/eco230r	master
18/03/29 00:33	ECO230/eco230r	master
18/03/28 00:52	ropensci/plotly	master
18/03/28 00:45	tidyverse/ggplot2	49619b7
18/03/28 00:36	ECO230/eco230r	master
18/03/28 00:35	ECO230/eco230r	master
18/03/24 00:43	SachaEpskamp/semPlot	master
18/03/23 00:07	r-lib/rlang	master
18/03/23 00:06	tidyverse/rlang	master
18/03/22 00:12	gabrielrvsc/HDeconometrics	master
18/03/21 00:54	cbw1243/marginalfit	master
18/03/21 00:45	umerijaz/microbiomeSeq	master
18/03/18 00:29	sinhrks/ggfortify	master
18/03/16 00:37	stnava/ITKR	master
18/03/15 00:38	JoshuaSlocum/kagglr	master
18/03/15 00:09	aminondo/iX-Rpackage	sc
18/03/14 00:40	BIMSBbioinfo/genomation	master
18/03/14 00:39	yihui/knitr	master
18/03/14 00:35	BIMSBbioinfo/genomation	master
18/03/12 00:08	mroberts/stmBrowser	master
18/03/12 00:07	methodds/stminsights	master
