18/07/03 19:56	ymattu/MlBayesOpt	master
18/07/03 18:55	dleutnant/influxdbr	master
18/07/03 18:15	droglenc/FSAmisc	master
18/07/03 18:13	droglenc/FSAmisc	master
18/07/03 17:24	PMassicotte/gtrendsR	master
18/07/03 16:45	MangoTheCat/sankey	master
18/07/03 16:23	twitter/AnomalyDetection	master
18/07/03 16:21	kassambara/ggpubr	master
18/07/03 16:16	uebvhir/uebVennDiagram	master
18/07/03 16:13	statsmaths/coreNLP	master
18/07/03 15:41	statsmaths/genlasso	master
18/07/03 13:20	ropensci/RSelenium	master
18/07/03 13:20	johndharrison/wdman	master
18/07/03 13:20	ropensci/RSelenium	master
18/07/03 13:19	johndharrison/binman	master
18/07/03 13:17	johndharrison/binman	master
18/07/03 13:17	ropensci/RSelenium	master
18/07/03 13:14	ropensci/RSelenium	master
18/07/03 12:14	kazutan/blogdown_test	master
18/07/03 12:12	rohan-shah/mpMap2	master
18/07/03 11:56	rohan-shah/mpMap2	master
18/07/03 10:04	dkahle/ggmap	master
18/07/03 09:59	dkahle/ggmap	master
18/07/03 09:15	igidrfrg/ifrogs	master
18/07/03 09:13	eriqande/gids	master
18/07/03 08:19	GuillemSalazar/EcolUtils	master
18/07/03 08:13	leeper/rio	master
18/07/03 07:55	dgrtwo/drlib	master
18/07/03 07:32	dgrtwo/drlib	master
18/07/03 07:22	karthik/wesanderson	master
18/07/03 07:21	sjmgarnier/viridis	master
18/07/03 07:17	ccagc/QDNAseq	master
18/07/03 07:14	ccagc/QDNAseq	master
18/07/03 07:13	sinhrks/ggfortify	master
18/07/03 07:12	ccagc/QDNAseq	master
18/07/03 06:19	jmbh/mMRF	master
18/07/03 06:14	KeachMurakami/fudukue	master
18/07/03 04:37	vinhtantran/monoClust	master
18/07/03 03:33	vinhtantran/monoClust	master
18/07/03 03:33	vinhtantran/monoClust	master
18/07/03 03:09	wpeterman/ResistanceGA	julia_dev
18/07/03 03:07	hoxo-m/prophetExt	master
18/07/03 02:07	RcppCore/Rcpp	acf8756
18/07/03 01:53	RcppCore/Rcpp	5a71cf6
18/07/03 01:48	RcppCore/Rcpp	97e11da
18/07/03 01:46	RcppCore/Rcpp	97e11da
18/07/03 01:41	RcppCore/Rcpp	5a71cf6
18/07/03 01:02	kloke/rbgee	master
18/07/03 01:01	kloke/mrfit	master
18/07/03 01:00	kloke/jrfit	master
18/07/03 00:58	kloke/npsmReg2	master
18/07/03 00:57	kloke/hbrfit	master
18/07/03 00:55	rstudio/markdown	master
18/07/02 00:44	maRce10/warbleR	master
18/07/02 00:43	maRce10/warbleR	master
18/07/01 00:43	AndrewLJackson/siar	v4.2.3
18/07/01 00:36	AndrewLJackson/siar	v4.2.3
18/07/01 00:33	AndrewLJackson/siar	v4.2.3
18/07/01 00:33	AndrewLJackson/siar	v4.2.3
18/07/01 00:07	AndrewLJackson/siar	v4.2.3
18/07/01 00:05	AndrewLJackson/siar	v4.2.3
18/06/30 00:36	kevjohnson/healthdata	master
18/06/28 00:37	PeteHaitch/Aclust	master
18/06/28 00:25	benmoran11/rubias	master
18/06/27 00:04	RGLab/flowWorkspaceData	master
18/06/23 00:25	ddionrails/r2ddi	master
18/06/22 00:10	slfan2013/SERRFweb	master
18/06/21 00:46	aliceyiwang/mvabund	master
18/06/21 00:34	aliceyiwang/mvabund	master
18/06/21 00:17	aliceyiwang/mvabund	master
18/06/20 00:25	vqv/ggbiplot	master
18/06/19 00:53	mdavis29/Rcode	master
18/06/19 00:29	pachterlab/sleuth	master
18/06/18 00:33	sinhrks/ggfortify	master
18/06/16 00:02	kciomek/rorutadis	master
18/06/15 00:59	fernandabruno/musixmatchR	master
18/06/15 00:58	Gibbsdavidl/ConsensusClusterParallelPlus	master
18/06/15 00:54	tidyverse/tidyr	master
18/06/15 00:49	Arthurhe/Lightbulb	master
18/06/15 00:35	sgibb/benchgit	master
18/06/15 00:35	braverock/PortfolioAnalytics	master
18/06/15 00:32	R-Finance/RTAQ	master
18/06/15 00:31	R-Finance/FactorAnalytics	master
18/06/15 00:30	R-Finance/MPO	master
18/06/15 00:27	R-Finance/PApages	master
18/06/15 00:25	R-Finance/PortfolioAttribution	master
18/06/15 00:24	R-Finance/PortfolioAttribution	master
18/06/15 00:22	R-Finance/xtime	master
18/06/15 00:20	R-Finance/blotter	master
18/06/15 00:18	romainfrancois/nothing	master
18/06/15 00:18	joshuaulrich/TTR	master
18/06/15 00:16	joshuaulrich/xts	master
18/06/15 00:12	R-Finance/Meucci	master
18/06/12 00:31	mountainMath/cmhc	master
18/06/12 00:30	mountainMath/cancensus	master
18/06/12 00:30	patperry/rhdf5	master
18/06/12 00:26	patperry/rhdf5	master
18/06/12 00:21	patperry/rhdf5	master
18/06/07 00:34	tidyverse/ggplot2	master
18/06/07 00:32	LarsRichter82/larspack	master
18/06/07 00:31	cwickham/munsell	master
18/06/07 00:29	MichaelMalick/r-chroma	master
18/06/07 00:27	hadley/scales	master
18/06/07 00:26	hadley/scales	master
18/06/07 00:24	hadley/gtable	master
18/06/06 00:51	drizopoulos/JMbayes	master
18/06/06 00:28	hrbrmstr/taucharts	master
18/06/05 00:32	jrlockwood/eivtools	master
18/06/05 00:28	palmer0914/ML_for_Hackers	master
18/06/05 00:28	palmer0914/ML_for_Hackers	master
18/06/05 00:00	ujjwalkarn/xda	master
