18/11/08 20:39	hadley/tidyverse	master
18/11/08 19:07	igidrfrg/ifrogs	master
18/11/08 17:51	Bioconductor/GenomeInfoDb	master
18/11/08 17:32	ericstrobl/RCIT	master
18/11/08 17:20	nspope/r2vcftools	master
18/11/08 15:02	CenterForOpenScience/osfr	mvp
18/11/08 13:45	ricardo-bion/ggradar	master
18/11/08 13:43	ricardo-bion/ggradar	master
18/11/08 13:15	vqv/ggbiplot	master
18/11/08 13:04	vqv/ggbiplot	master
18/11/08 11:51	tidyverse/ggplot2	49619b7
18/11/08 11:51	hadley/ggplot2	49619b7
18/11/08 10:14	nsantantonio/Bilinear	master
18/11/08 10:09	AndySardina/linear	master
18/11/08 09:43	hoxo-m/magicfor	master
18/11/08 09:17	hoxo-m/prophetExt	master
18/11/08 09:17	hoxo-m/prophetExt	master
18/11/08 09:12	hoxo-m/prophetExt	master
18/11/08 08:44	markmfredrickson/optmatch	master
18/11/08 08:41	elastacloud/automatic-data-explorer	master
18/11/08 08:26	statsmaths/genlasso	master
18/11/08 06:33	Displayr/rhtmlDonut	master
18/11/08 05:15	jennybc/googlesheets	master
18/11/08 01:42	zdk123/SpiecEasi	master
18/11/08 00:57	benaug/Mbmisscap	master
18/11/08 00:56	JohnCoene/youTubeDataR	master
18/11/07 00:36	ECO230/eco230r	master
18/11/07 00:35	ECO230/eco230r	master
18/11/07 00:21	ECO230/eco230r	master
18/11/06 00:34	loicdtx/bfastSpatial	master
18/11/06 00:34	loicdtx/bfastSpatial	master
18/11/06 00:01	zdk123/SpiecEasi	master
18/11/05 00:44	rstudio/DT	master
18/11/05 00:39	rstudio/DT	master
18/11/05 00:10	zdk123/SpiecEasi	master
18/11/05 00:08	hadley/devtools	master
18/11/03 00:08	zdk123/SpiecEasi	master
18/11/03 00:05	loicdtx/bfastSpatial	master
18/11/02 00:56	ECO230/eco230r	master
18/11/02 00:18	dkahle/ggmap	master
18/11/01 00:40	genesofeve/projectR	useME
18/11/01 00:24	dgrtwo/drlib	master
18/11/01 00:09	biobakery/sparseDOSSA	varyLibSize
18/11/01 00:04	biobakery/sparseDOSSA	varyLibSize
18/11/01 00:00	biobakery/sparseDOSSA	varyLibSize
18/10/31 00:30	AnalytixWare/gosocket	master
18/10/31 00:29	ropenscilabs/webmockr	master
18/10/31 00:28	AnalytixWare/gosocket	master
18/10/31 00:23	vqv/ggbiplot	master
18/10/31 00:21	ropensci/webmockr	master
18/10/31 00:20	ropensci/webmockr	master
18/10/30 00:20	ropenscilabs/cored	master
18/10/29 00:29	rdpeng/gpclib	master
18/10/29 00:26	rdpeng/gpclib	master
18/10/29 00:16	ujjwalkarn/xda	master
18/10/23 00:53	drizopoulos/JMbayes	master
18/10/23 00:49	drizopoulos/JMbayes	master
18/10/23 00:19	slowkow/ggrepel	master
18/10/21 00:24	belasi01/RspectroAbs	master
18/10/21 00:12	nclark-lab/RERconverge	master
18/10/18 00:36	dkahle/ggmap	master
18/10/11 00:33	sbfnk/fitR	master
