18/10/19 22:47	kvasilopoulos/exdyn	tidy
18/10/19 21:31	bbolker/broom.mixed	2c05d23
18/10/19 21:29	genomicsclass/ph525x	master
18/10/19 21:26	bbolker/broom.mixed	2c05d23
18/10/19 20:15	kvasilopoulos/exdyn	tidy
18/10/19 18:54	thlytras/rspiro	master
18/10/19 18:29	vqv/ggbiplot	master
18/10/19 18:21	thlytras/rspiro	master
18/10/19 17:37	AppliedDataSciencePartners/xgboostExplainer	master
18/10/19 15:39	MarkEdmondson1234/googleAnalyticsR	master
18/10/19 15:33	nonsleepr/teradataR	master
18/10/19 14:59	kvasilopoulos/exdyn	tidy
18/10/19 14:59	kvasilopoulos/exdyn	tidy
18/10/19 13:43	ggrothendieck/sqldf	master
18/10/19 13:29	ropensci/magick	master
18/10/19 13:26	jeroenooms/magick	master
18/10/19 10:59	Zongzheng/forestSAS	master
18/10/19 10:54	vqv/ggbiplot	master
18/10/19 10:51	vqv/ggbiplot	master
18/10/19 10:23	vincentarelbundock/countrycode	master
18/10/19 09:23	moderndive/moderndive	master
18/10/19 09:11	krlmlr/here	master
18/10/19 08:55	trinker/termco	master
18/10/19 08:49	trinker/termco	master
18/10/19 08:45	trinker/termco	master
18/10/19 08:42	trinker/termco	master
18/10/19 08:19	Zongzheng/forestSAS	master
18/10/19 08:15	Zongzheng/forestSAS	master
18/10/19 07:40	Rapporter/pander	06c2f65797
18/10/19 06:28	csgillespie/efficientR	master
18/10/19 06:12	thomasp85/shinyFiles	master
18/10/19 06:07	thomasp85/shinyFiles	master
18/10/19 06:03	YTLogos/shiny	master
18/10/19 05:57	YTLogos/shiny	master
18/10/19 05:13	Spatial-R/EnvExpInd	master
18/10/19 04:49	uribo/jpndistrict	add_light_rds
18/10/19 04:49	uribo/jpndistrict	add_light_rds
18/10/18 00:36	dkahle/ggmap	master
18/10/11 00:33	sbfnk/fitR	master
18/10/05 00:48	Albluca/ElPiGraph.R	master
18/10/05 00:47	alexgenin/miscutils	master
18/10/05 00:46	alexgenin/miscutils	master
18/10/05 00:23	jbryer/likert	master
18/10/05 00:21	dgrtwo/snippr	master
18/10/03 00:54	gavinsimpson/ggvegan	master
18/10/03 00:53	amberalpha/toypkg	master
18/09/25 00:25	rstudio/config	master
18/09/25 00:24	rstudio/config	master
18/09/25 00:23	rstudio/config	master
18/09/24 00:01	rstats-db/odbc	master
18/09/20 00:52	hadley/precis	master
18/09/20 00:48	RickPack/FBadstats	master
18/09/20 00:08	selesnow/rvkstat	master
