18/10/23 17:55	DnPeter/htmlwidgets	master
18/10/23 17:54	frenzy2106/htmlwidgets	master
18/10/23 17:54	ramnathv/htmlwidgets	master
18/10/23 17:52	gabrielrvsc/ARCO	master
18/10/23 17:51	gvarunkumar/plotly	master
18/10/23 16:58	dbarneche/envPred	master
18/10/23 15:41	joshuaulrich/quantmod	225_getsymbols_oanda
18/10/23 15:19	mariavica/mircomb	master
18/10/23 15:09	Hackout2/mapData	master
18/10/23 15:04	Hackout2/mapData	master
18/10/23 14:58	liesb/BIITE	master
18/10/23 14:46	vqv/ggbiplot	master
18/10/23 14:27	seaaan/easieR	master
18/10/23 14:03	cpsievert/pitchRx	master
18/10/23 14:00	cpsievert/pitchRx	master
18/10/23 13:55	kvasilopoulos/exdyn	tidy
18/10/23 13:55	kvasilopoulos/exdyn	tidy
18/10/23 12:56	dbarneche/envPred	master
18/10/23 12:52	dbarneche/envPred	master
18/10/23 12:32	PF2-pasteur-fr/SARTools	v1.4.1
18/10/23 12:08	douglasgscofield/fastrank	master
18/10/23 10:55	ricardo-bion/ggradar	master
18/10/23 10:52	ricardo-bion/ggradar	master
18/10/23 10:12	joergrieger/bvar	master
18/10/23 08:03	Bioconductor/generics	master
18/10/23 00:53	drizopoulos/JMbayes	master
18/10/23 00:49	drizopoulos/JMbayes	master
18/10/23 00:19	slowkow/ggrepel	master
18/10/21 00:24	belasi01/RspectroAbs	master
18/10/21 00:12	nclark-lab/RERconverge	master
18/10/18 00:36	dkahle/ggmap	master
18/10/11 00:33	sbfnk/fitR	master
18/10/05 00:48	Albluca/ElPiGraph.R	master
18/10/05 00:47	alexgenin/miscutils	master
18/10/05 00:46	alexgenin/miscutils	master
18/10/05 00:23	jbryer/likert	master
18/10/05 00:21	dgrtwo/snippr	master
18/10/03 00:54	gavinsimpson/ggvegan	master
18/10/03 00:53	amberalpha/toypkg	master
18/09/25 00:25	rstudio/config	master
18/09/25 00:24	rstudio/config	master
18/09/25 00:23	rstudio/config	master
18/09/24 00:01	rstats-db/odbc	master
