18/04/22 18:09	R-Finance/quantmod	225_getsymbols_oanda
18/04/22 18:09	joshuaulrich/quantmod	225_getsymbols_oanda
18/04/22 13:01	rstudio/addinexamples	master
18/04/22 10:21	picasa/agridatasets	master
18/04/22 10:20	picasa/agridatasets	master
18/04/22 10:19	asa-github/asaBacktesting	master
18/04/22 08:16	twitter/AnomalyDetection	master
18/04/22 07:40	ujjwalkarn/xda	master
18/04/22 05:07	RomeroBarata/dcme	master
18/04/22 04:45	kazutan/zousan	master
18/04/22 02:54	vqv/ggbiplot	master
18/04/22 02:47	GuangchuangYu/ReactomePA	master
18/04/22 02:46	droglenc/FSAdata	master
18/04/22 02:41	rcastelo/GSVA	master
18/04/22 02:29	rcastelo/GSVA	master
18/04/22 02:28	GuangchuangYu/DOSE	master
18/04/22 02:24	hoxo-m/prophetExt	master
18/04/22 02:17	GuangchuangYu/DOSE	master
18/04/22 02:06	GuangchuangYu/DOSE	master
18/04/22 02:03	conversodinHXL/TF.db	master
18/04/22 02:01	GuangchuangYu/DOSE	master
18/04/22 01:59	jokergoo/ComplexHeatmap	master
18/04/22 01:56	pcheng84/TCGAbrowser	master
18/04/21 00:44	jbryer/timeline	master
18/04/18 00:54	hoxo-m/prophetExt	master
18/04/18 00:53	evanwang1990/FMwR	master
18/04/18 00:08	hoxo-m/pforeach	master
18/04/15 00:35	dkahle/ggmap	master
18/04/11 00:30	ShinsukeSakai0321/PSFCalc	master
18/04/11 00:19	CambridgeAssessmentResearch/POSAC	master
18/04/11 00:05	ujjwalkarn/xda	master
18/04/10 00:35	rstudio/leaflet	master
18/04/10 00:34	rstudio/leaflet	master
18/04/10 00:33	rstudio/leaflet	master
18/04/10 00:32	rstudio/leaflet	master
18/04/06 00:34	kazutan/zousan	master
18/04/05 00:58	ropensci/bikedata	master
18/04/05 00:47	ropensci/bikedata	master
18/04/05 00:33	jennybc/googlesheets	master
18/04/05 00:31	jennybc/googlesheets	master
18/04/05 00:30	jennybc/googlesheets	master
18/04/05 00:26	jennybc/googlesheets	master
18/04/05 00:04	ao90/PRIM	master
18/03/30 00:39	mikemeredith/MMmisc	master
18/03/30 00:30	ECO230/eco230r	master
18/03/30 00:30	ECO230/eco230r	master
18/03/30 00:29	ECO230/eco230r	master
18/03/30 00:19	ropenscilabs/eechidna	master
18/03/30 00:13	ECO230/eco230r	master
18/03/30 00:10	ECO230/eco230r	master
18/03/30 00:10	ECO230/eco230r	master
18/03/29 00:33	ECO230/eco230r	master
18/03/28 00:52	ropensci/plotly	master
18/03/28 00:45	tidyverse/ggplot2	49619b7
18/03/28 00:36	ECO230/eco230r	master
18/03/28 00:35	ECO230/eco230r	master
18/03/24 00:43	SachaEpskamp/semPlot	master
18/03/23 00:07	r-lib/rlang	master
18/03/23 00:06	tidyverse/rlang	master
