18/10/12 17:05	alexsanchezpla/goProfiles	master
18/10/12 14:51	renozao/NMF	master
18/10/12 14:47	renozao/NMF	master
18/10/12 14:34	thmild/histogram	master
18/10/12 14:33	thmild/histogram	master
18/10/12 14:32	thmild/histogram	master
18/10/12 14:25	mariavica/mircomb	patch-devel
18/10/12 13:33	hadley/precis	master
18/10/12 13:32	hadley/precis	master
18/10/12 12:15	jjallaire/TBB	master
18/10/12 10:58	mariavica/mircomb	patch-devel
18/10/12 10:41	mariavica/mircomb	patch-devel
18/10/12 10:36	mariavica/mircomb	patch-devel
18/10/12 10:30	Hackout2/mapData	master
18/10/12 10:26	NathanEpstein/finData	master
18/10/12 09:40	mariavica/mircomb	master
18/10/12 09:40	mariavica/mircomb	patch-devel
18/10/12 09:37	vdumeaux/mixtData	master
18/10/12 09:36	vdumeaux/mixtData	master
18/10/12 09:35	stela2502/BioData	master
18/10/12 09:33	NathanEpstein/finData	master
18/10/12 09:31	Hackout2/mapData	master
18/10/12 09:30	NathanEpstein/finData	master
18/10/12 09:30	Hackout2/mapData	master
18/10/12 09:29	Hackout2/mapData	master
18/10/12 09:19	Hackout2/mapData	master
18/10/12 09:18	vdumeaux/mixtData	patch-devel
18/10/12 09:17	Hackout2/mapData	patch-devel
18/10/12 08:46	hidelab/diffcoexp	master
18/10/12 08:40	hidelab/diffcoexp	master
18/10/12 08:14	GuangchuangYu/ChIPseeker	master
18/10/12 08:08	Hackout2/mapData	master
18/10/12 08:07	NathanEpstein/finData	master
18/10/12 06:02	topepo/caret	master
18/10/12 04:36	vqv/ggbiplot	master
18/10/12 04:30	andrie/ggdendro	master
18/10/12 04:19	randyzwitch/AdobeDW	master
18/10/12 03:31	r-spatial/sf	master
18/10/12 03:31	edzer/sf	master
18/10/12 03:29	twitter/AnomalyDetection	master
18/10/11 00:33	sbfnk/fitR	master
18/10/05 00:48	Albluca/ElPiGraph.R	master
18/10/05 00:47	alexgenin/miscutils	master
18/10/05 00:46	alexgenin/miscutils	master
18/10/05 00:23	jbryer/likert	master
18/10/05 00:21	dgrtwo/snippr	master
18/10/03 00:54	gavinsimpson/ggvegan	master
18/10/03 00:53	amberalpha/toypkg	master
18/09/25 00:25	rstudio/config	master
18/09/25 00:24	rstudio/config	master
18/09/25 00:23	rstudio/config	master
18/09/24 00:01	rstats-db/odbc	master
18/09/20 00:52	hadley/precis	master
18/09/20 00:48	RickPack/FBadstats	master
18/09/20 00:08	selesnow/rvkstat	master
18/09/18 00:27	yihui/knitr	master
18/09/18 00:25	rstudio/rmarkdown	master
18/09/18 00:25	yihui/tinytex	master
18/09/15 00:47	hrbrmstr/hrbrthemes	master
18/09/13 00:52	CentreForHydrology/CRHMr	master
