18/11/17 20:51	becarioprecario/SEMCMC	master
18/11/17 19:54	khliland/EMSC	master
18/11/17 19:39	gibonet/gibr	master
18/11/17 19:38	gibonet/gibr	master
18/11/17 19:38	gibonet/gibr	master
18/11/17 19:37	gibonet/gibr	master
18/11/17 16:02	krlmlr/grake	master
18/11/17 15:04	strengejacke/sjlabelled	master
18/11/17 15:04	strengejacke/ggeffects	master
18/11/17 14:41	jennybc/googlesheets	master
18/11/17 14:37	jennybc/googlesheets	master
18/11/17 14:36	jennybc/googlesheets	master
18/11/17 14:36	jennybc/googlesheets	master
18/11/17 14:36	jennybc/googlesheets	master
18/11/17 14:05	ujjwalkarn/xda	master
18/11/17 13:05	hoxo-m/prophetExt	master
18/11/17 11:29	raim/platexpress	master
18/11/17 05:47	MRCIEU/MRInstruments	master
18/11/17 05:46	MRCIEU/TwoSampleMR	master
18/11/17 05:22	geoffjentry/twitteR	master
18/11/17 00:22	zauster/RComtrade	master
18/11/14 00:39	hoxo-m/densratio	e8233e6
18/11/14 00:39	hoxo-m/densratio	v0.0.3
18/11/14 00:39	swish-climate-impact-assessment/awaptools	develop
18/11/14 00:37	twitter/AnomalyDetection	master
18/11/12 00:54	matloff/rectools	master
18/11/08 00:57	benaug/Mbmisscap	master
18/11/08 00:56	JohnCoene/youTubeDataR	master
18/11/07 00:36	ECO230/eco230r	master
18/11/07 00:35	ECO230/eco230r	master
18/11/07 00:21	ECO230/eco230r	master
18/11/06 00:34	loicdtx/bfastSpatial	master
18/11/06 00:34	loicdtx/bfastSpatial	master
18/11/06 00:01	zdk123/SpiecEasi	master
18/11/05 00:44	rstudio/DT	master
18/11/05 00:39	rstudio/DT	master
18/11/05 00:10	zdk123/SpiecEasi	master
18/11/05 00:08	hadley/devtools	master
18/11/03 00:08	zdk123/SpiecEasi	master
18/11/03 00:05	loicdtx/bfastSpatial	master
18/11/02 00:56	ECO230/eco230r	master
18/11/02 00:18	dkahle/ggmap	master
18/11/01 00:40	genesofeve/projectR	useME
18/11/01 00:24	dgrtwo/drlib	master
18/11/01 00:09	biobakery/sparseDOSSA	varyLibSize
18/11/01 00:04	biobakery/sparseDOSSA	varyLibSize
18/11/01 00:00	biobakery/sparseDOSSA	varyLibSize
18/10/31 00:30	AnalytixWare/gosocket	master
18/10/31 00:29	ropenscilabs/webmockr	master
18/10/31 00:28	AnalytixWare/gosocket	master
18/10/31 00:23	vqv/ggbiplot	master
18/10/31 00:21	ropensci/webmockr	master
18/10/31 00:20	ropensci/webmockr	master
18/10/30 00:20	ropenscilabs/cored	master
18/10/29 00:29	rdpeng/gpclib	master
18/10/29 00:26	rdpeng/gpclib	master
18/10/29 00:16	ujjwalkarn/xda	master
18/10/23 00:53	drizopoulos/JMbayes	master
18/10/23 00:49	drizopoulos/JMbayes	master
18/10/23 00:19	slowkow/ggrepel	master
18/10/21 00:24	belasi01/RspectroAbs	master
18/10/21 00:12	nclark-lab/RERconverge	master
18/10/18 00:36	dkahle/ggmap	master
