18/01/28 10:56	braverock/quantstrat	master
18/01/28 10:55	braverock/blotter	master
18/01/28 10:51	braverock/quantstrat	master
18/01/28 10:51	R-Finance/blotter	master
18/01/28 10:50	braverock/quantstrat	master
18/01/28 10:15	braverock/quantstrat	master
18/01/28 10:12	sinhrks/ggfortify	master
18/01/28 09:11	sinhrks/ggfortify	master
18/01/28 05:27	sinhrks/ggfortify	master
18/01/28 00:08	rstudio/addinexamples	master
18/01/28 00:07	awhstin/awtools	master
18/01/21 00:14	IRkernel/IRkernel	master
18/01/14 00:03	jr-packages/jrModelling	master
18/01/03 00:17	Bioconductor/GSEABase	master
18/01/03 00:17	Bioconductor/GSEABase	master
18/01/03 00:16	Bioconductor/GSEABase	master
18/01/02 00:50	hoxo-m/prophetExt	master
18/01/02 00:13	alstat/rface	master
18/01/02 00:10	alstat/rface	master
17/12/31 00:30	hrbrmstr/ggalt	master
17/12/31 00:28	Bioconductor/BiocGenerics	master
17/12/31 00:10	gustavobio/semeco	master
17/12/31 00:05	gustavobio/semeco	master
17/12/31 00:04	gustavobio/semeco	master
17/12/31 00:01	gustavobio/semeco	master
