18/02/02 11:59	ropensci/tabulizerjars	master
18/02/02 11:59	leeper/tabulizer	master
18/02/02 11:58	ropensci/tabulizerjars	master
18/02/02 11:56	NateByers/Reconcile	master
18/02/02 11:02	valeriyafilipova/StochasticPQRUTSeNorge	master
18/02/02 10:14	clbustos/dominanceAnalysis	master
18/02/02 08:56	ujjwalkarn/xda	master
18/02/02 08:26	andrie/version.compare	master
18/02/02 08:24	mariavica/mircomb	master
18/02/02 07:38	twitter/AnomalyDetection	master
18/02/02 07:06	mikemeredith/makeJAGSmask	master
18/02/02 06:59	ropensci/tabulizer	master
18/02/02 06:59	ropensci/tabulizerjars	master
18/02/02 06:59	ropensci/tabulizer	master
18/02/02 06:59	ropensci/tabulizerjars	master
18/02/02 06:56	ropensci/tabulizer	master
18/02/02 06:56	ropensci/tabulizerjars	master
18/02/02 06:52	ropensci/tabulizer	master
18/02/02 06:52	ropensci/tabulizerjars	master
18/02/02 06:45	hadley/lineprof	master
18/02/02 06:22	sinhrks/ggfortify	master
18/02/02 06:22	sinhrks/ggfortify	master
18/02/02 06:18	leeper/tabulizer	master
18/02/02 06:18	leeper/tabulizerjars	master
18/02/02 05:16	DistanceDevelopment/WiSP	master
18/02/02 02:57	hoxo-m/fixer	master
18/02/02 02:46	hoxo-m/prophetExt	master
18/02/02 02:46	hoxo-m/prophetExt	master
18/02/02 02:46	hoxo-m/prophetExt	master
18/02/02 02:23	hoxo-m/prophetExt	master
18/02/02 01:56	maRce10/warbleR	master
18/02/02 01:38	DistanceDevelopment/WiSP	master
18/02/02 01:34	DistanceDevelopment/WiSP	master
18/02/02 01:33	DistanceDevelopment/WiSP	master
18/02/02 01:31	DistanceDevelopment/WiSP	master
18/02/02 01:29	DistanceDevelopment/WiSP	master
18/02/02 01:27	DistanceDevelopment/WiSP	master
18/02/02 01:26	DistanceDevelopment/WiSP	master
18/02/02 01:24	DistanceDevelopment/WiSP	master
18/02/02 01:24	DistanceDevelopment/WiSP	master
18/01/30 00:16	mkearney/rtweet	master
18/01/28 00:08	rstudio/addinexamples	master
18/01/28 00:07	awhstin/awtools	master
18/01/21 00:14	IRkernel/IRkernel	master
18/01/14 00:03	jr-packages/jrModelling	master
18/01/03 00:17	Bioconductor/GSEABase	master
18/01/03 00:17	Bioconductor/GSEABase	master
18/01/03 00:16	Bioconductor/GSEABase	master
