18/01/25 14:58	skranz/restorepoint	master
18/01/25 14:57	skranz/YamlObjects	master
18/01/25 14:57	skranz/shinyEvents	master
18/01/25 14:55	skranz/shinyQuiz	master
18/01/25 14:49	skranz/dataquiz	master
18/01/25 14:34	tdeenes/eegR	master
18/01/25 14:32	AppliedDataSciencePartners/xgboostExplainer	master
18/01/25 13:45	s-u/rJava	master
18/01/25 13:24	hadley/dbplyr	master
18/01/25 13:24	tidyverse/dbplyr	master
18/01/25 13:19	drsimonj/corrr	master
18/01/25 11:01	zdk123/SpiecEasi	master
18/01/25 10:53	zdk123/SpiecEasi	master
18/01/25 10:52	zdk123/SpiecEasi	master
18/01/25 10:41	zdk123/SpiecEasi	master
18/01/25 10:25	zdk123/SpiecEasi	master
18/01/25 10:23	drisso/RUVSeq	master
18/01/25 10:09	HGray384/TAS	master
18/01/25 10:07	HGray384/TAS	master
18/01/25 07:45	abhy/sentiment	master
18/01/25 06:41	ggobi/ggally	master
18/01/25 05:34	MigueBeneito/Final	master
18/01/25 05:26	leeper/hints	master
18/01/25 05:25	leeper/hints	master
18/01/25 05:07	leeper/hints	master
18/01/25 05:06	crsh/citr	master
18/01/25 05:02	MigueBeneito/Final	master
18/01/25 05:00	MigueBeneito/Final	master
18/01/25 02:36	ropensci/plotly	master
18/01/21 00:14	IRkernel/IRkernel	master
18/01/14 00:03	jr-packages/jrModelling	master
18/01/03 00:17	Bioconductor/GSEABase	master
18/01/03 00:17	Bioconductor/GSEABase	master
18/01/03 00:16	Bioconductor/GSEABase	master
18/01/02 00:50	hoxo-m/prophetExt	master
18/01/02 00:13	alstat/rface	master
18/01/02 00:10	alstat/rface	master
17/12/31 00:30	hrbrmstr/ggalt	master
17/12/31 00:28	Bioconductor/BiocGenerics	master
17/12/31 00:10	gustavobio/semeco	master
17/12/31 00:05	gustavobio/semeco	master
17/12/31 00:04	gustavobio/semeco	master
17/12/31 00:01	gustavobio/semeco	master
17/12/28 00:25	IQSS/Zelig	master
17/12/27 00:02	tomvar/bundling	master
