18/06/26 11:51	zdealveindy/weimea	master
18/06/26 11:49	zdealveindy/weimea	master
18/06/26 11:47	zdealveindy/weimea	master
18/06/26 11:47	zdealveindy/weimea	master
18/06/26 11:27	swirldev/swirl	master
18/06/26 11:22	hadley/pryr	master
18/06/26 11:21	hadley/dbplyr	master
18/06/26 11:19	adeckmyn/maps	master
18/06/26 11:16	dkahle/ggmap	master
18/06/26 11:15	jeroenooms/curl	master
18/06/26 11:12	jotsetung/EnhancedTxDbs	master
18/06/26 11:12	jotsetung/EnhancedTxDbs	master
18/06/26 11:01	zdealveindy/weimea	master
18/06/26 10:59	zdealveindy/weimea	master
18/06/26 10:38	rich-iannone/DiagrammeR	master
18/06/26 10:31	hadley/ggplot2movies	master
18/06/26 10:29	csgillespie/benchmarkme	master
18/06/26 10:28	rstudio/profvis	master
18/06/26 10:19	eddelbuettel/rbenchmark	master
18/06/26 10:18	rstudio/bookdown	master
18/06/26 10:17	tidyverse/glue	master
18/06/26 10:17	yihui/tinytex	master
18/06/26 10:17	yihui/xfun	master
18/06/26 10:16	rstudio/bookdown	master
18/06/26 07:55	barupal/ManyStats	master
18/06/26 07:27	collectivemedia/tictoc	master
18/06/26 07:16	csgillespie/efficient	master
18/06/26 06:28	ujjwalkarn/xda	master
18/06/26 06:02	vqv/ggbiplot	master
18/06/26 04:52	dkaschek/dMod	master
18/06/26 04:51	dkaschek/dMod	master
18/06/26 04:51	vqv/ggbiplot	master
18/06/26 04:51	vqv/ggbiplot	master
18/06/26 04:41	vqv/ggbiplot	master
18/06/26 04:32	jeroenooms/stringi	master
18/06/26 04:27	jeroenooms/stringi	master
18/06/26 03:16	imanuelcostigan/iex	master
18/06/26 01:48	eliotmiller/networkTricks	master
18/06/26 01:41	networkgroupR/fastnet	master
18/06/26 01:40	networkgroupR/fastnet	master
18/06/26 01:28	vqv/ggbiplot	master
18/06/26 01:02	KeachMurakami/dualband	master
