18/08/13 10:59	eliotmiller/addTaxa	master
18/08/13 10:34	rstats-db/odbc	master
18/08/13 10:32	thlytras/rspiro	master
18/08/13 10:23	mlr-org/mlr	forecasting
18/08/13 10:13	wenjingwang/quokar	improve_speed
18/08/13 10:09	wenjingwang/quokar	improve_speed
18/08/13 10:05	wenjingwang/quokar	improve_speed
18/08/13 10:01	cranedroesch/panelNNET	master
18/08/13 10:00	cranedroesch/panelNNET	master
18/08/13 09:54	cranedroesch/panelNNET	master
18/08/13 09:51	wenjingwang/quokar	improve_speed
18/08/13 09:49	wenjingwang/quokar	improve_speed
18/08/13 09:47	wenjingwang/quokar	improve_speed
18/08/13 09:42	wenjingwang/quokar	improve_speed
18/08/13 09:33	lenz99-/svmod	master
18/08/13 09:31	lenz99-/svmod	master
18/08/13 08:52	cranedroesch/panelNNET	master
18/08/13 08:50	cranedroesch/panelNNET	master
18/08/13 08:45	cranedroesch/panelNNET	master
18/08/13 07:33	Bioconductor/BSgenome	master
18/08/13 07:11	wurst-theke/bratwurst	master
18/08/13 07:10	wurst-theke/bratwurst	master
18/08/13 07:08	wurst-theke/bratwurst	master
18/08/13 07:08	wurst-theke/bratwurst	master
18/08/13 07:07	wurst-theke/bratwurst	master
18/08/13 07:07	RcppCore/RcppNT2	master
18/08/13 07:06	wurst-theke/bratwurst	master
18/08/13 07:05	wurst-theke/bratwurst	master
18/08/13 07:04	wurst-theke/bratwurst	master
18/08/13 07:04	wurst-theke/bratwurst	master
18/08/13 07:03	wurst-theke/bratwurst	master
18/08/13 07:03	wurst-theke/bratwurst	master
18/08/13 07:02	wurst-theke/bratwurst	master
18/08/13 07:00	wurst-theke/bratwurst	master
18/08/13 06:32	aoles/shinyURL	master
18/08/13 06:31	wurst-theke/bratwurst	master
18/08/13 03:12	jutako/Rtools	master
18/08/13 03:11	jeroenooms/mongolite	master
18/08/13 02:05	hoxo-m/prophetExt	master
18/08/13 01:47	tidyverse/ggplot2	master
18/08/13 01:19	tidyverse/purrr	master
