18/05/01 14:51	bquast/wiod	master
18/05/01 14:23	kfeng123/randomizationTest	master
18/05/01 12:52	Japal/zCompositions	master
18/05/01 12:33	DheerajAgarwal/rgdax	master
18/05/01 11:03	sinhrks/ggfortify	master
18/05/01 11:01	smartinsightsfromdata/rpivotTable	master
18/05/01 11:01	ramnathv/htmlwidgets	master
18/05/01 09:38	joshuaulrich/quantmod	225_getsymbols_oanda
18/05/01 09:38	R-Finance/quantmod	225_getsymbols_oanda
18/05/01 09:32	Japal/zCompositions	master
18/05/01 04:11	DoseResponse/drc	master
18/05/01 00:33	thlytras/rspiro	master
18/05/01 00:33	thlytras/rspiro	master
18/04/28 00:35	predict-r/rtika	master
18/04/28 00:24	dgrtwo/rparse	master
18/04/26 00:30	alfcrisci/rBiometeo	master
18/04/21 00:44	jbryer/timeline	master
18/04/18 00:54	hoxo-m/prophetExt	master
18/04/18 00:53	evanwang1990/FMwR	master
18/04/18 00:08	hoxo-m/pforeach	master
18/04/15 00:35	dkahle/ggmap	master
18/04/11 00:30	ShinsukeSakai0321/PSFCalc	master
18/04/11 00:19	CambridgeAssessmentResearch/POSAC	master
18/04/11 00:05	ujjwalkarn/xda	master
18/04/10 00:35	rstudio/leaflet	master
18/04/10 00:34	rstudio/leaflet	master
18/04/10 00:33	rstudio/leaflet	master
18/04/10 00:32	rstudio/leaflet	master
18/04/06 00:34	kazutan/zousan	master
18/04/05 00:58	ropensci/bikedata	master
18/04/05 00:47	ropensci/bikedata	master
18/04/05 00:33	jennybc/googlesheets	master
18/04/05 00:31	jennybc/googlesheets	master
18/04/05 00:30	jennybc/googlesheets	master
18/04/05 00:26	jennybc/googlesheets	master
18/04/05 00:04	ao90/PRIM	master
