18/06/21 16:56	philchalmers/mirt	master
18/06/21 16:20	vqv/ggbiplot	master
18/06/21 16:20	vqv/ggbiplot	master
18/06/21 16:04	vqv/ggbiplot	master
18/06/21 15:51	vqv/ggbiplot	master
18/06/21 15:26	vqv/ggbiplot	master
18/06/21 15:15	vqv/ggbiplot	master
18/06/21 15:15	vqv/ggbiplot	master
18/06/21 15:15	vqv/ggbiplot	master
18/06/21 15:14	vqv/ggbiplot	master
18/06/21 15:14	vqv/ggbiplot	master
18/06/21 14:24	cole-trapnell-lab/monocle-release	master
18/06/21 13:43	fawda123/ggord	master
18/06/21 13:25	wpeterman/ResistanceGA	julia_dev
18/06/21 13:24	wpeterman/ResistanceGA	julia_dev
18/06/21 13:24	wpeterman/ResistanceGA	julia_dev
18/06/21 13:23	wpeterman/ResistanceGA	julia_dev
18/06/21 13:22	wpeterman/ResistanceGA	julia_dev
18/06/21 13:22	wpeterman/ResistanceGA	julia_dev
18/06/21 13:05	wpeterman/ResistanceGA	julia_dev
18/06/21 11:26	pmur002/rdataviewer	master
18/06/21 10:00	ropenscilabs/tabulizer	master
18/06/21 10:00	ropensci/tabulizerjars	master
18/06/21 09:48	melff/memisc	master
18/06/21 09:47	RcppCore/RcppArmadillo	master
18/06/21 09:46	ropenscilabs/tabulizer	master
18/06/21 09:45	ropensci/tabulizerjars	master
18/06/21 09:45	RcppCore/Rcpp	master
18/06/21 09:44	RcppCore/Rcpp	master
18/06/21 09:43	mukul13/ROpenWeatherMap	master
18/06/21 09:43	RcppCore/Rcpp	master
18/06/21 09:37	ropenscilabs/tabulizer	master
18/06/21 09:37	ropensci/tabulizerjars	master
18/06/21 08:30	GreallyLab/SMITE	master
18/06/21 08:09	Rapporter/pander	06c2f65797
18/06/21 07:49	jfq3/ggordiplots	master
18/06/21 07:12	Rapporter/pander	06c2f65797
18/06/21 07:07	davidgohel/officer	master
18/06/21 07:06	Rapporter/pander	06c2f65797
18/06/21 06:56	jimhester/autoinst	master
18/06/21 06:44	Rapporter/pander	06c2f65797
18/06/21 05:55	vqv/ggbiplot	master
18/06/21 05:53	vqv/ggbiplot	master
18/06/21 05:53	vqv/ggbiplot	master
18/06/21 05:51	vqv/ggbiplot	master
18/06/21 05:51	vqv/ggbiplot	master
18/06/21 05:50	vqv/ggbiplot	master
18/06/21 05:50	vqv/ggbiplot	master
18/06/21 05:49	vqv/ggbiplot	master
18/06/21 05:45	vqv/ggbiplot	master
18/06/21 05:45	vqv/ggbiplot	master
18/06/21 05:45	vqv/ggbiplot	master
18/06/21 05:45	vqv/ggbiplot	master
18/06/21 05:45	vqv/ggbiplot	master
18/06/21 05:44	vqv/ggbiplot	master
18/06/21 05:44	vqv/ggbiplot	master
18/06/21 05:43	vqv/ggbiplot	master
18/06/21 05:43	vqv/ggbiplot	master
18/06/21 05:43	vqv/ggbiplot	master
18/06/21 05:42	vqv/ggbiplot	master
18/06/21 05:42	vqv/ggbiplot	master
18/06/21 05:37	vqv/ggbiplot	master
18/06/21 05:37	vqv/ggbiplot	master
18/06/21 05:35	vqv/ggbiplot	master
18/06/21 05:35	vqv/ggbiplot	master
18/06/21 05:30	vqv/ggbiplot	master
18/06/21 05:30	vqv/ggbiplot	master
18/06/21 05:28	vqv/ggbiplot	master
18/06/21 05:26	vqv/ggbiplot	master
18/06/21 05:15	Microsoft/AzureSMR	master
18/06/21 03:56	friendly/tableplot	master
18/06/21 03:49	vqv/ggbiplot	master
18/06/21 03:49	vqv/ggbiplot	master
18/06/21 03:48	vqv/ggbiplot	master
18/06/21 03:48	vqv/ggbiplot	master
18/06/21 03:21	vqv/ggbiplot	master
18/06/21 03:21	vqv/ggbiplot	master
18/06/21 03:21	vqv/ggbiplot	master
18/06/21 03:21	vqv/ggbiplot	master
18/06/21 03:18	vqv/ggbiplot	master
18/06/21 03:18	vqv/ggbiplot	master
18/06/21 03:17	vqv/ggbiplot	master
18/06/21 03:17	vqv/ggbiplot	master
18/06/21 03:17	vqv/ggbiplot	master
18/06/21 03:16	vqv/ggbiplot	master
18/06/21 03:16	vqv/ggbiplot	master
18/06/21 03:16	vqv/ggbiplot	master
18/06/21 03:16	vqv/ggbiplot	master
18/06/21 03:16	vqv/ggbiplot	master
18/06/21 03:14	thlytras/rspiro	master
18/06/21 03:13	vqv/ggbiplot	master
18/06/21 03:13	vqv/ggbiplot	master
18/06/21 03:12	vqv/ggbiplot	master
18/06/21 03:12	vqv/ggbiplot	master
18/06/21 03:12	vqv/ggbiplot	master
18/06/21 03:11	vqv/ggbiplot	master
18/06/21 03:11	vqv/ggbiplot	master
18/06/21 03:07	vqv/ggbiplot	master
18/06/21 03:00	vqv/ggbiplot	master
18/06/21 03:00	vqv/ggbiplot	master
18/06/21 02:59	vqv/ggbiplot	master
18/06/21 02:43	vqv/ggbiplot	master
18/06/21 02:42	vqv/ggbiplot	master
18/06/21 02:40	vqv/ggbiplot	master
18/06/21 02:40	vqv/ggbiplot	master
18/06/21 02:40	vqv/ggbiplot	master
18/06/21 02:39	vqv/ggbiplot	master
18/06/21 02:34	vqv/ggbiplot	master
18/06/21 02:23	vqv/ggbiplot	master
18/06/21 02:10	vqv/ggbiplot	master
18/06/21 02:10	vqv/ggbiplot	master
18/06/21 02:10	vqv/ggbiplot	master
18/06/21 02:09	dgrtwo/gganimate	master
18/06/21 02:08	dgrtwo/gganimate	master
18/06/21 02:07	vqv/ggbiplot	master
18/06/21 02:07	vqv/ggbiplot	master
18/06/21 02:07	vqv/ggbiplot	master
18/06/21 02:06	vqv/ggbiplot	master
18/06/21 02:05	vqv/ggbiplot	master
18/06/21 02:05	vqv/ggbiplot	master
18/06/21 02:05	vqv/ggbiplot	master
18/06/21 02:04	vqv/ggbiplot	master
18/06/21 02:04	vqv/ggbiplot	master
18/06/21 02:01	vqv/ggbiplot	master
18/06/21 02:01	vqv/ggbiplot	master
18/06/21 02:00	vqv/ggbiplot	master
18/06/21 02:00	vqv/ggbiplot	master
18/06/21 01:53	vqv/ggbiplot	master
18/06/21 01:53	vqv/ggbiplot	master
18/06/21 01:47	vqv/ggbiplot	master
18/06/21 01:40	vqv/ggbiplot	master
18/06/21 00:46	aliceyiwang/mvabund	master
18/06/21 00:34	aliceyiwang/mvabund	master
18/06/21 00:17	aliceyiwang/mvabund	master
18/06/20 00:25	vqv/ggbiplot	master
18/06/19 00:53	mdavis29/Rcode	master
18/06/19 00:29	pachterlab/sleuth	master
18/06/18 00:33	sinhrks/ggfortify	master
18/06/16 00:02	kciomek/rorutadis	master
18/06/15 00:59	fernandabruno/musixmatchR	master
18/06/15 00:58	Gibbsdavidl/ConsensusClusterParallelPlus	master
18/06/15 00:54	tidyverse/tidyr	master
18/06/15 00:49	Arthurhe/Lightbulb	master
18/06/15 00:35	sgibb/benchgit	master
18/06/15 00:35	braverock/PortfolioAnalytics	master
18/06/15 00:32	R-Finance/RTAQ	master
18/06/15 00:31	R-Finance/FactorAnalytics	master
18/06/15 00:30	R-Finance/MPO	master
18/06/15 00:27	R-Finance/PApages	master
18/06/15 00:25	R-Finance/PortfolioAttribution	master
18/06/15 00:24	R-Finance/PortfolioAttribution	master
18/06/15 00:22	R-Finance/xtime	master
18/06/15 00:20	R-Finance/blotter	master
18/06/15 00:18	romainfrancois/nothing	master
18/06/15 00:18	joshuaulrich/TTR	master
18/06/15 00:16	joshuaulrich/xts	master
18/06/15 00:12	R-Finance/Meucci	master
18/06/12 00:31	mountainMath/cmhc	master
18/06/12 00:30	mountainMath/cancensus	master
18/06/12 00:30	patperry/rhdf5	master
18/06/12 00:26	patperry/rhdf5	master
18/06/12 00:21	patperry/rhdf5	master
18/06/07 00:34	tidyverse/ggplot2	master
18/06/07 00:32	LarsRichter82/larspack	master
18/06/07 00:31	cwickham/munsell	master
18/06/07 00:29	MichaelMalick/r-chroma	master
18/06/07 00:27	hadley/scales	master
18/06/07 00:26	hadley/scales	master
18/06/07 00:24	hadley/gtable	master
18/06/06 00:51	drizopoulos/JMbayes	master
18/06/06 00:28	hrbrmstr/taucharts	master
18/06/05 00:32	jrlockwood/eivtools	master
18/06/05 00:28	palmer0914/ML_for_Hackers	master
18/06/05 00:28	palmer0914/ML_for_Hackers	master
18/06/05 00:00	ujjwalkarn/xda	master
18/06/01 00:52	johndharrison/wdman	master
18/06/01 00:51	johndharrison/binman	master
18/06/01 00:51	johndharrison/wdman	master
18/06/01 00:50	johndharrison/binman	master
18/06/01 00:50	johndharrison/wdman	master
18/06/01 00:18	tidyverse/purrr	master
18/06/01 00:16	OHDSI/bit	master
18/06/01 00:06	greta-dev/greta	master
18/05/31 00:07	jm3594/crtpower	master
18/05/30 00:19	rstudio/shiny-incubator	master
18/05/30 00:05	hadley/devtools	master
18/05/30 00:03	rstudio/httpuv	master
18/05/30 00:03	rstudio/shiny	master
18/05/29 00:47	zdk123/SpiecEasi	master
18/05/29 00:46	reptalex/phylofactor	master
18/05/28 00:21	OscarBrock/gCrisprTools	master
18/05/28 00:14	OscarBrock/gCrisprTools	master
18/05/25 00:49	hoxo-m/prophetExt	master
18/05/25 00:40	hoxo-m/prophetExt	master
18/05/25 00:38	bgreenwell/mertree	master
18/05/25 00:37	hoxo-m/prophetExt	master
18/05/25 00:24	gbm-developers/gbm3	master
18/05/25 00:23	hoxo-m/prophetExt	master
18/05/25 00:19	hoxo-m/densratio	v0.0.3
18/05/25 00:18	swish-climate-impact-assessment/awaptools	develop
18/05/25 00:17	Luddo94/Package	master
18/05/24 00:53	rstudio/httpuv	master
18/05/24 00:50	rstudio/httpuv	master
18/05/24 00:46	rstudio/shiny	master
18/05/24 00:31	leeper/tabulizerjars	master
18/05/24 00:25	leeper/tabulizer	master
18/05/24 00:23	leeper/tabulizerjars	master
18/05/23 00:55	mfasiolo/mgcViz	master
18/05/23 00:54	mfasiolo/qgam	master
18/05/23 00:39	mfasiolo/mgcViz	master
18/05/23 00:30	mfasiolo/mgcViz	master
18/05/23 00:29	mfasiolo/qgam	master
18/05/23 00:29	mfasiolo/qgam	master
18/05/23 00:24	mfasiolo/mgcViz	master
