18/11/16 15:54	idmn/genius	master
18/11/16 15:54	RcppCore/Rcpp	master
18/11/16 15:50	r-lib/cli	master
18/11/16 15:49	statnet/ergm	master
18/11/16 15:47	statnet/network	master
18/11/16 15:45	statnet/ergm	master
18/11/16 15:42	statnet/network	master
18/11/16 15:21	walkerke/bsselectR	master
18/11/16 15:13	statnet/network	master
18/11/16 15:12	statnet/network	master
18/11/16 15:08	statnet/network	master
18/11/16 13:34	velocyto-team/velocyto.R	%2343
18/11/16 12:56	ekbrown/byucorpora	master
18/11/16 12:01	velocyto-team/velocyto.R	%2351
18/11/16 11:37	velocyto-team/velocyto.R	%2351
18/11/16 11:33	velocyto-team/velocyto.R	%2351
18/11/16 11:31	kutasok/ryandexwebmasterv3	master
18/11/16 10:50	MRCIEU/TwoSampleMR	master
18/11/16 10:24	velocyto-team/velocyto.R	%2343
18/11/16 09:31	renkun-ken/formattable	master
18/11/16 08:54	ropensci/googleLanguageR	master
18/11/16 07:00	ujjwalkarn/xda	master
18/11/14 00:39	hoxo-m/densratio	e8233e6
18/11/14 00:39	hoxo-m/densratio	v0.0.3
18/11/14 00:39	swish-climate-impact-assessment/awaptools	develop
18/11/14 00:37	twitter/AnomalyDetection	master
18/11/12 00:54	matloff/rectools	master
18/11/08 00:57	benaug/Mbmisscap	master
18/11/08 00:56	JohnCoene/youTubeDataR	master
18/11/07 00:36	ECO230/eco230r	master
18/11/07 00:35	ECO230/eco230r	master
18/11/07 00:21	ECO230/eco230r	master
18/11/06 00:34	loicdtx/bfastSpatial	master
18/11/06 00:34	loicdtx/bfastSpatial	master
18/11/06 00:01	zdk123/SpiecEasi	master
18/11/05 00:44	rstudio/DT	master
18/11/05 00:39	rstudio/DT	master
18/11/05 00:10	zdk123/SpiecEasi	master
18/11/05 00:08	hadley/devtools	master
18/11/03 00:08	zdk123/SpiecEasi	master
18/11/03 00:05	loicdtx/bfastSpatial	master
18/11/02 00:56	ECO230/eco230r	master
18/11/02 00:18	dkahle/ggmap	master
18/11/01 00:40	genesofeve/projectR	useME
18/11/01 00:24	dgrtwo/drlib	master
18/11/01 00:09	biobakery/sparseDOSSA	varyLibSize
18/11/01 00:04	biobakery/sparseDOSSA	varyLibSize
18/11/01 00:00	biobakery/sparseDOSSA	varyLibSize
18/10/31 00:30	AnalytixWare/gosocket	master
18/10/31 00:29	ropenscilabs/webmockr	master
18/10/31 00:28	AnalytixWare/gosocket	master
18/10/31 00:23	vqv/ggbiplot	master
18/10/31 00:21	ropensci/webmockr	master
18/10/31 00:20	ropensci/webmockr	master
18/10/30 00:20	ropenscilabs/cored	master
18/10/29 00:29	rdpeng/gpclib	master
18/10/29 00:26	rdpeng/gpclib	master
18/10/29 00:16	ujjwalkarn/xda	master
18/10/23 00:53	drizopoulos/JMbayes	master
18/10/23 00:49	drizopoulos/JMbayes	master
18/10/23 00:19	slowkow/ggrepel	master
18/10/21 00:24	belasi01/RspectroAbs	master
18/10/21 00:12	nclark-lab/RERconverge	master
18/10/18 00:36	dkahle/ggmap	master
