18/12/05 22:31	strengejacke/sjlabelled	master
18/12/05 22:30	strengejacke/sjPlot	master
18/12/05 21:20	xuyiqing/gsynth	master
18/12/05 21:02	ujjwalkarn/xda	master
18/12/05 19:47	ricardo-bion/ggradar	master
18/12/05 17:41	igidrfrg/ifrogs	master
18/12/05 17:36	xuyiqing/gsynth	master
18/12/05 17:02	hanel/musica	master
18/12/05 17:00	metno/esd	master
18/12/05 16:48	SantanderMetGroup/visualizeR	master
18/12/05 16:32	SantanderMetGroup/downscaleR	master
18/12/05 16:29	SantanderMetGroup/transformeR	master
18/12/05 13:43	vqv/ggbiplot	master
18/12/05 13:03	fawda123/ggord	master
18/12/05 12:47	vqv/ggbiplot	master
18/12/05 12:46	hadley/ggplot2	49619b7
18/12/05 10:37	hrbrmstr/nominatim	master
18/12/05 10:19	ujjwalkarn/xda	master
18/12/05 10:17	ujjwalkarn/xda	master
18/12/05 10:16	ujjwalkarn/xda	master
18/12/05 08:51	jaredlander/mapping	master
18/12/05 07:05	strengejacke/ggeffects	master
18/12/05 06:51	strengejacke/ggeffects	master
18/12/05 06:27	ClementCalenge/adehabitat	master
18/12/05 06:25	ClementCalenge/adehabitat	master
18/12/05 06:17	ClementCalenge/adehabitat	master
