18/07/24 09:24	ahvigil/randomForest	master
18/07/24 09:22	vqv/ggbiplot	master
18/07/24 09:16	hoxo-m/prophetExt	master
18/07/24 09:14	hoxo-m/prophetExt	master
18/07/24 09:06	twitter/AnomalyDetection	master
18/07/24 09:05	vqv/ggbiplot	master
18/07/24 08:59	hoxo-m/prophetExt	master
18/07/24 08:57	Displayr/flipMultivariates	master
18/07/24 08:57	twitter/AnomalyDetection	master
18/07/24 08:57	twitter/AnomalyDetection	master
18/07/24 08:27	riteekteek/cats	master
18/07/24 08:26	twitter/AnomalyDetection	master
18/07/24 08:23	twitter/AnomalyDetection	master
18/07/24 08:22	twitter/AnomalyDetection	master
18/07/24 08:20	vqv/ggbiplot	master
18/07/24 08:05	twitter/AnomalyDetection	master
18/07/24 08:05	twitter/AnomalyDetection	master
18/07/24 08:05	twitter/AnomalyDetection	master
18/07/24 08:05	twitter/AnomalyDetection	master
18/07/24 08:05	Zelazny7/isofor	master
18/07/24 08:04	twitter/AnomalyDetection	master
18/07/24 08:04	Zelazny7/isofor	master
18/07/24 08:04	twitter/AnomalyDetection	master
18/07/24 08:04	twitter/AnomalyDetection	master
18/07/24 08:04	twitter/AnomalyDetection	master
18/07/24 08:03	twitter/AnomalyDetection	master
18/07/24 08:03	twitter/AnomalyDetection	master
18/07/24 08:03	twitter/AnomalyDetection	master
18/07/24 08:03	twitter/AnomalyDetection	master
18/07/24 08:03	twitter/AnomalyDetection	master
18/07/24 08:02	twitter/AnomalyDetection	master
18/07/24 08:02	twitter/AnomalyDetection	master
18/07/24 07:29	rmcelreath/rethinking	master
18/07/24 07:27	bayesball/BayesTestStreak	master
18/07/24 07:18	ujjwalkarn/xda	master
18/07/24 06:03	mdlincoln/dfname	master
18/07/24 06:03	jacob-ogre/pdftext	master
18/07/24 06:03	expersso/pdftables	master
18/07/24 06:03	dmenne/dlatex	master
18/07/24 06:03	TomKellyGenetics/R2LaTeX	master
18/07/24 06:01	dmenne/dlatex	master
18/07/24 06:01	jacob-ogre/pdftext	master
18/07/24 06:00	jacob-ogre/pdftext	master
18/07/24 06:00	dmenne/dlatex	master
18/07/24 05:59	keurcien/simulate	master
18/07/24 05:58	cma2015/PEA	master
18/07/24 05:57	BradHubley/EA	master
18/07/24 05:56	keurcien/simulate	master
18/07/24 05:55	keurcien/simulate	master
18/07/24 05:53	gerasy1987/replicate	master
18/07/24 05:52	chainsawriot/sinodate	master
18/07/24 05:52	data-cleaning/validate	master
18/07/24 05:52	brodieG/validate	master
18/07/24 05:49	mdsumner/pfft	master
18/07/24 05:49	mariodosreis/phytk	master
18/07/24 05:49	gitrays/pdmk	master
18/07/24 05:48	gitrays/pdmk	master
18/07/24 05:48	donboyd5/pdata	master
18/07/24 05:41	artemis-toumazi/dfpk	master
18/07/24 05:40	jacob-ogre/pdftext	master
18/07/24 04:10	bayesball/BayesTestStreak	master
18/07/24 03:47	bayesball/BayesTestStreak	master
18/07/24 03:44	InsightRX/PKPDsim	master
18/07/24 02:26	rmcelreath/rethinking	master
18/07/24 02:24	bayesball/BayesTestStreak	master
18/07/24 02:00	GuangchuangYu/ggimage	master
18/07/24 01:57	GuangchuangYu/ggtree	master
18/07/24 01:34	bayesball/BayesTestStreak	master
18/07/24 00:59	rstudio/shinythemes	master
18/07/24 00:58	rstudio/DT	master
18/07/24 00:58	hadley/readxl	master
18/07/24 00:57	ropensci/plotly	master
18/07/24 00:56	hadley/scales	master
18/07/24 00:56	heike/rotations	master
18/07/24 00:55	frenchja/psych	master
18/07/24 00:55	jkrijthe/Rtsne	master
18/07/24 00:55	pimentel/cluster	master
18/07/24 00:55	hadley/tidyverse	master
18/07/24 00:10	SimonDedman/gbm.auto	master
18/07/24 00:03	bayesball/BayesTestStreak	master
18/07/21 00:03	wpeterman/ResistanceGA	julia_dev
18/07/20 00:53	bayesball/BayesTestStreak	master
18/07/20 00:38	twitter/BreakoutDetection	master
18/07/20 00:12	ksmzn/ThankYouStars	master
18/07/17 00:31	uribo/jpndistrict	add_light_rds
18/07/17 00:15	mskcc/facets	master
18/07/17 00:12	mskcc/facets	master
18/07/16 00:46	tidyverse/ggplot2	49619b7
18/07/13 00:51	ramnathv/rCharts	master
18/07/13 00:47	ropenscilabs/tabulizer	master
18/07/13 00:47	ropensci/tabulizerjars	master
18/07/13 00:38	hrbrmstr/shodan	master
18/07/13 00:34	karpfen/stkde	master
18/07/13 00:31	jtrecenti/stj	master
18/07/13 00:30	PolMine/ctk	master
18/07/13 00:29	PolMine/ctk	master
18/07/12 00:17	vqv/ggbiplot	master
18/07/12 00:15	vqv/ggbiplot	master
18/07/12 00:15	vqv/ggbiplot	master
18/07/12 00:14	vqv/ggbiplot	master
18/07/12 00:13	vqv/ggbiplot	master
18/07/12 00:13	vqv/ggbiplot	master
18/07/12 00:12	vqv/ggbiplot	master
18/07/12 00:12	vqv/ggbiplot	master
18/07/12 00:11	vqv/ggbiplot	master
18/07/12 00:10	vqv/ggbiplot	master
18/07/12 00:10	vqv/ggbiplot	master
18/07/12 00:09	vqv/ggbiplot	master
18/07/12 00:09	vqv/ggbiplot	master
18/07/12 00:06	vqv/ggbiplot	master
18/07/12 00:05	vqv/ggbiplot	master
18/07/12 00:03	vqv/ggbiplot	master
18/07/12 00:02	vqv/ggbiplot	master
18/07/12 00:02	vqv/ggbiplot	master
18/07/12 00:02	vqv/ggbiplot	master
18/07/12 00:01	vqv/ggbiplot	master
18/07/12 00:01	vqv/ggbiplot	master
18/07/12 00:00	vqv/ggbiplot	master
18/07/12 00:00	vqv/ggbiplot	master
18/07/11 00:31	pmoulos/recover	master
18/07/11 00:17	noamross/rnodejs	master
18/07/11 00:15	ilapros/GOFmeas	master
18/07/11 00:15	bamonroe/ctools	master
18/07/07 00:55	Bioconductor/GenomicRanges	master
18/07/07 00:34	jianhong/ATACseqQC	master
18/07/07 00:34	vinhtantran/monoClust	master
18/07/07 00:26	vinhtantran/monoClust	master
18/07/06 00:20	jianhong/ATACseqQC	master
18/07/06 00:02	vqv/ggbiplot	master
18/07/06 00:02	vqv/ggbiplot	master
18/07/06 00:02	vqv/ggbiplot	master
18/07/06 00:02	vqv/ggbiplot	master
18/07/06 00:01	vqv/ggbiplot	master
18/07/05 00:26	ropenscilabs/rnaturalearthhires	master
18/07/03 00:58	kloke/npsmReg2	master
18/07/03 00:57	kloke/hbrfit	master
18/07/03 00:55	rstudio/markdown	master
18/07/02 00:44	maRce10/warbleR	master
18/07/02 00:43	maRce10/warbleR	master
18/07/01 00:43	AndrewLJackson/siar	v4.2.3
18/07/01 00:36	AndrewLJackson/siar	v4.2.3
18/07/01 00:33	AndrewLJackson/siar	v4.2.3
18/07/01 00:33	AndrewLJackson/siar	v4.2.3
18/07/01 00:07	AndrewLJackson/siar	v4.2.3
18/07/01 00:05	AndrewLJackson/siar	v4.2.3
18/06/30 00:36	kevjohnson/healthdata	master
18/06/28 00:37	PeteHaitch/Aclust	master
18/06/28 00:25	benmoran11/rubias	master
18/06/27 00:04	RGLab/flowWorkspaceData	master
