18/01/21 21:58	tidyverse/rlang	master
18/01/21 21:56	hadley/rlang	master
18/01/21 21:52	hadley/rlang	master
18/01/21 21:51	hadley/tibble	master
18/01/21 21:50	nolanlab/scaffold	master
18/01/21 21:49	jutako/Rtools	master
18/01/21 20:30	r-pkgs/pkgbuild	master
18/01/21 20:29	hadley/devtools	master
18/01/21 18:03	ropensci/oai	master
18/01/21 17:17	andrewpbray/oilabs	master
18/01/21 12:56	nturaga/BiocGenerics	master
18/01/21 12:55	nturaga/BiocGenerics	master
18/01/21 12:52	nturaga/BiocGenerics	master
18/01/21 12:25	wrathematics/ssvm	master
18/01/21 12:20	wrathematics/ssvm	master
18/01/21 12:16	wrathematics/ssvm	master
18/01/21 00:14	IRkernel/IRkernel	master
18/01/14 00:03	jr-packages/jrModelling	master
18/01/03 00:17	Bioconductor/GSEABase	master
18/01/03 00:17	Bioconductor/GSEABase	master
18/01/03 00:16	Bioconductor/GSEABase	master
18/01/02 00:50	hoxo-m/prophetExt	master
18/01/02 00:13	alstat/rface	master
18/01/02 00:10	alstat/rface	master
17/12/31 00:30	hrbrmstr/ggalt	master
17/12/31 00:28	Bioconductor/BiocGenerics	master
17/12/31 00:10	gustavobio/semeco	master
17/12/31 00:05	gustavobio/semeco	master
17/12/31 00:04	gustavobio/semeco	master
17/12/31 00:01	gustavobio/semeco	master
17/12/28 00:25	IQSS/Zelig	master
17/12/27 00:02	tomvar/bundling	master
