18/05/06 20:21	jpmml/r2pmml	master
18/05/06 19:57	jpmml/r2pmml	master
18/05/06 19:26	Przemol/testrepo	master
18/05/06 18:37	avirkki/synergetr	master
18/05/06 16:36	jknowles/datasynthR	master
18/05/06 16:22	jknowles/datasynthR	master
18/05/06 12:34	cbielow/PTXQC	QC2018
18/05/06 12:32	jpmml/r2pmml	master
18/05/06 12:31	jpmml/r2pmml	master
18/05/06 12:26	cbielow/PTXQC	QC2018
18/05/06 12:24	jpmml/r2pmml	master
18/05/06 12:14	jpmml/r2pmml	master
18/05/06 12:12	jpmml/r2pmml	master
18/05/06 12:10	jpmml/r2pmml	master
18/05/06 12:05	jpmml/r2pmml	master
18/05/06 11:23	cbielow/PTXQC	QC2018
18/05/06 10:42	surh/AMOR	master
18/05/06 03:19	ccolonescu/PoEdata	master
18/05/06 02:38	mclements/rstpm2	master
18/05/06 02:31	mclements/rstpm2	master
18/05/06 02:17	mclements/rstpm2	master
18/05/06 02:01	StatsWithR/statsr	master
18/05/06 00:51	mclements/rstpm2	master
18/05/06 00:19	rpradosiqueira/brazilmaps	master
18/05/06 00:15	lucasmation/microdadosBrasil	master
18/05/03 00:28	RomeroBarata/dcme	master
18/05/02 00:02	sinhrks/ggfortify	master
18/05/01 00:33	thlytras/rspiro	master
18/05/01 00:33	thlytras/rspiro	master
18/04/28 00:35	predict-r/rtika	master
18/04/28 00:24	dgrtwo/rparse	master
18/04/26 00:30	alfcrisci/rBiometeo	master
18/04/21 00:44	jbryer/timeline	master
18/04/18 00:54	hoxo-m/prophetExt	master
18/04/18 00:53	evanwang1990/FMwR	master
18/04/18 00:08	hoxo-m/pforeach	master
18/04/15 00:35	dkahle/ggmap	master
18/04/11 00:30	ShinsukeSakai0321/PSFCalc	master
18/04/11 00:19	CambridgeAssessmentResearch/POSAC	master
18/04/11 00:05	ujjwalkarn/xda	master
18/04/10 00:35	rstudio/leaflet	master
18/04/10 00:34	rstudio/leaflet	master
18/04/10 00:33	rstudio/leaflet	master
18/04/10 00:32	rstudio/leaflet	master
18/04/06 00:34	kazutan/zousan	master
