18/05/07 02:55	joshuaulrich/quantmod	225_getsymbols_oanda
18/05/07 02:25	hadley/dplyr	63d4a9f5
18/05/07 02:06	hadley/dplyr	63d4a9f5
18/05/07 01:45	hadley/dplyr	63d4a9f5
18/05/06 00:51	mclements/rstpm2	master
18/05/06 00:19	rpradosiqueira/brazilmaps	master
18/05/06 00:15	lucasmation/microdadosBrasil	master
18/05/03 00:28	RomeroBarata/dcme	master
18/05/02 00:02	sinhrks/ggfortify	master
18/05/01 00:33	thlytras/rspiro	master
18/05/01 00:33	thlytras/rspiro	master
18/04/28 00:35	predict-r/rtika	master
18/04/28 00:24	dgrtwo/rparse	master
18/04/26 00:30	alfcrisci/rBiometeo	master
18/04/21 00:44	jbryer/timeline	master
18/04/18 00:54	hoxo-m/prophetExt	master
18/04/18 00:53	evanwang1990/FMwR	master
18/04/18 00:08	hoxo-m/pforeach	master
18/04/15 00:35	dkahle/ggmap	master
18/04/11 00:30	ShinsukeSakai0321/PSFCalc	master
18/04/11 00:19	CambridgeAssessmentResearch/POSAC	master
18/04/11 00:05	ujjwalkarn/xda	master
18/04/10 00:35	rstudio/leaflet	master
18/04/10 00:34	rstudio/leaflet	master
18/04/10 00:33	rstudio/leaflet	master
18/04/10 00:32	rstudio/leaflet	master
