18/02/06 18:59	nonsleepr/teradataR	master
18/02/06 18:41	sinhrks/ggfortify	master
18/02/06 18:36	HenrikBengtsson/R.matlab	master
18/02/06 18:33	muschellij2/matlabr	master
18/02/06 18:29	student-t/Normalization	master
18/02/06 18:26	student-t/Normalization	master
18/02/06 17:13	nickpoison/astsa	master
18/02/06 17:07	nickpoison/astsa	master
18/02/06 16:37	bozenne/lavaSearch2	master
18/02/06 16:37	bozenne/lavaSearch2	master
18/02/06 16:28	const-ae/ggsignif	master
18/02/06 16:25	eclarke/ggbeeswarm	master
18/02/06 16:24	eclarke/ggbeeswarm	master
18/02/06 16:17	andrewpbray/oilabs	master
18/02/06 15:42	bomeara/phybase	master
18/02/06 15:34	swager/causalForest	master
18/02/06 15:26	thomasp85/patchwork	master
18/02/06 14:46	r-lib/httr	ac8e3d7
18/02/06 14:40	r-lib/httr	%23485
18/02/06 13:28	cranedroesch/panelNNET	master
18/02/06 13:19	deepankardatta/blandr	master
18/02/06 12:25	tidyverse/haven	master
18/02/06 11:30	prodipta/techchart	master
18/02/06 11:30	Arothron/Arothron	master
18/02/06 11:27	Arothron/Arothron	master
18/02/06 11:24	prodipta/techchart	master
18/02/06 10:29	abrionne/eggbiomechanic	master
18/02/06 09:58	hoxo-m/prophetExt	master
18/02/06 09:06	rCarto/flows	master
18/02/06 08:50	babaknaimi/mraster	master
18/02/06 06:14	ropensci/tabulizer	master
18/02/06 06:14	ropensci/tabulizerjars	master
18/02/06 05:51	prodipta/techchart	master
18/02/06 05:28	dgrtwo/gganimate	master
18/02/06 05:15	tidyverse/ggplot2	master
18/02/06 05:09	tidyverse/ggplot2	master
18/02/06 05:02	jyypma/nloptr	master
18/02/06 04:55	prodipta/techchart	master
18/02/06 04:40	twitter/AnomalyDetection	master
18/02/06 04:21	prodipta/techchart	master
18/02/06 02:48	rmwthorne/rangr	master
18/02/06 02:39	prodipta/techchart	master
18/02/06 02:38	prodipta/techchart	master
18/02/06 02:37	prodipta/techchart	master
18/02/06 02:36	prodipta/techchart	master
18/02/06 02:34	prodipta/techchart	master
18/02/06 02:25	prodipta/techchart	master
18/02/06 01:47	isglobal-brge/SNPassoc	master
18/02/06 01:39	prodipta/techchart	master
18/02/06 00:42	rpremraj/mailR	master
18/02/06 00:41	rpremraj/mailR	master
18/02/06 00:07	hoxo-m/pforeach	master
18/02/05 00:27	alyst/MotIV	master
18/02/05 00:10	rstats-db/RMySQL	master
18/02/03 00:40	mgledi/DiffLogo	master
18/01/30 00:16	mkearney/rtweet	master
18/01/28 00:08	rstudio/addinexamples	master
18/01/28 00:07	awhstin/awtools	master
18/01/21 00:14	IRkernel/IRkernel	master
18/01/14 00:03	jr-packages/jrModelling	master
