18/07/31 22:59	robjhyndman/forecast	master
18/07/31 22:34	alexkowa/VIM	master
18/07/31 22:29	prodipta/techchart	master
18/07/31 22:17	prodipta/techchart	master
18/07/31 21:24	CentreForHydrology/CRHMr	master
18/07/31 20:53	douglasgscofield/fastrank	master
18/07/31 19:07	ujjwalkarn/xda	master
18/07/31 19:07	ujjwalkarn/xda	master
18/07/31 18:38	pzhaonet/mindr	master
18/07/31 18:27	thomasp85/tweenr	master
18/07/31 18:24	pzhaonet/bookdownplus	master
18/07/31 18:16	dermcnor/transformr	master
18/07/31 18:15	thomasp85/tweenr	master
18/07/31 17:34	Zelazny7/isofor	master
18/07/31 17:14	ropensci/RSelenium	master
18/07/31 16:55	HenrikBengtsson/recycle	master
18/07/31 15:49	Zelazny7/isofor	master
18/07/31 15:43	Zelazny7/isofor	master
18/07/31 14:52	ropenscilabs/webmockr	master
18/07/31 14:51	rstudio/R-Websockets	master
18/07/31 14:11	topepo/caret	master
18/07/31 14:10	topepo/caret	master
18/07/31 14:05	markvregel/STPtrajectories	master
18/07/31 13:45	vqv/ggbiplot	master
18/07/31 13:45	vqv/ggbiplot	master
18/07/31 13:42	jslefche/piecewiseSEM	master
18/07/31 13:39	jslefche/piecewiseSEM	master
18/07/31 13:39	jslefche/piecewiseSEM	master
18/07/31 13:13	rstudio/leaflet	master
18/07/31 12:52	Zelazny7/isofor	master
18/07/31 12:38	hoxo-m/prophetExt	master
18/07/31 12:35	hoxo-m/prophetExt	master
18/07/31 12:28	ropensci/tabulizer	master
18/07/31 12:21	jslefche/piecewiseSEM	master
18/07/31 12:00	r-lib/rlang	master
18/07/31 11:58	fawda123/ggord	master
18/07/31 11:57	fawda123/ggord	master
18/07/31 11:53	fawda123/ggord	master
18/07/31 10:55	ropensci/plotly	master
18/07/31 10:06	awalker89/openxlsx	master
18/07/31 10:00	awalker89/openxlsx	master
18/07/31 08:41	ramnathv/rCharts	master
18/07/31 08:19	bergant/datamodelr	master
18/07/31 08:10	bergant/datamodelr	master
18/07/31 07:49	bergant/datamodelr	master
18/07/31 07:41	deWitLab/peakC	master
18/07/31 07:41	deWitLab/peakC	master
18/07/31 06:57	bergant/datamodelr	master
18/07/31 06:52	hafen/datasummary	master
18/07/31 04:36	hrbrmstr/taucharts	master
18/07/31 02:27	tombishop1/itraxR	master
