18/09/20 08:59	mannau/tm.plugin.sentiment	master
18/09/20 08:59	mannau/tm.plugin.sentiment	master
18/09/20 08:59	mannau/tm.plugin.sentiment	master
18/09/20 08:59	mannau/tm.plugin.sentiment	master
18/09/20 08:59	mannau/tm.plugin.sentiment	master
18/09/20 08:59	mannau/tm.plugin.sentiment	master
18/09/20 08:59	mannau/tm.plugin.sentiment	master
18/09/20 08:59	mannau/tm.plugin.sentiment	master
18/09/20 08:59	mannau/tm.plugin.sentiment	master
18/09/20 08:59	mannau/tm.plugin.sentiment	master
18/09/20 08:59	mannau/tm.plugin.sentiment	master
18/09/20 08:59	mannau/tm.plugin.sentiment	master
18/09/20 08:59	mannau/tm.plugin.sentiment	master
18/09/20 08:59	mannau/tm.plugin.sentiment	master
18/09/20 08:59	mannau/tm.plugin.sentiment	master
18/09/20 08:59	mannau/tm.plugin.sentiment	master
18/09/20 08:59	mannau/tm.plugin.sentiment	master
18/09/20 08:59	mannau/tm.plugin.sentiment	master
18/09/20 08:59	mannau/tm.plugin.sentiment	master
18/09/20 08:59	mannau/tm.plugin.sentiment	master
18/09/20 08:59	mannau/tm.plugin.sentiment	master
18/09/20 08:59	mannau/tm.plugin.sentiment	master
18/09/20 08:59	mannau/tm.plugin.sentiment	master
18/09/20 08:58	mannau/tm.plugin.sentiment	master
18/09/20 08:58	mannau/tm.plugin.sentiment	master
18/09/20 08:58	mannau/tm.plugin.sentiment	master
18/09/20 08:58	mannau/tm.plugin.sentiment	master
18/09/20 08:58	mannau/tm.plugin.sentiment	master
18/09/20 08:58	mannau/tm.plugin.sentiment	master
18/09/20 08:58	mannau/tm.plugin.sentiment	master
18/09/20 08:58	mannau/tm.plugin.sentiment	master
18/09/20 08:58	mannau/tm.plugin.sentiment	master
18/09/20 08:58	mannau/tm.plugin.sentiment	master
18/09/20 08:58	mannau/tm.plugin.sentiment	master
18/09/20 08:58	mannau/tm.plugin.sentiment	master
18/09/20 08:58	mannau/tm.plugin.sentiment	master
18/09/20 08:58	mannau/tm.plugin.sentiment	master
18/09/20 08:58	mannau/tm.plugin.sentiment	master
18/09/20 08:58	mannau/tm.plugin.sentiment	master
18/09/20 08:58	mannau/tm.plugin.sentiment	master
18/09/20 08:58	mannau/tm.plugin.sentiment	master
18/09/20 08:58	mannau/tm.plugin.sentiment	master
18/09/20 08:58	mannau/tm.plugin.sentiment	master
18/09/20 08:58	mannau/tm.plugin.sentiment	master
18/09/20 08:58	mannau/tm.plugin.sentiment	master
18/09/20 08:58	mannau/tm.plugin.sentiment	master
18/09/20 08:53	csgillespie/benchmarkme	master
18/09/20 08:15	mfasiolo/mgcViz	master
18/09/20 07:58	rstats-db/odbc	master
18/09/20 06:52	rstats-db/odbc	master
18/09/20 04:52	rstudio/config	master
18/09/20 02:44	%s	%s
