18/10/31 18:46	IRkernel/IRkernel	master
18/10/31 18:30	n-mounier/bGWAS	master
18/10/31 18:18	ujjwalkarn/xda	master
18/10/31 16:22	kassambara/factoextra	master
18/10/31 16:20	kassambara/factoextra	master
18/10/31 16:19	kassambara/factoextra	master
18/10/31 16:19	kassambara/factoextra	master
18/10/31 16:19	kassambara/factoextra	master
18/10/31 16:18	kassambara/factoextra	master
18/10/31 16:16	kassambara/factoextra	master
18/10/31 15:54	cluoma/h5api	master
18/10/31 15:54	mlr-org/mlr	forecasting
18/10/31 15:36	krose/robinhoodr	master
18/10/31 15:35	arianeschad/mbqn	master
18/10/31 15:23	vqv/ggbiplot	master
18/10/31 15:22	arianeschad/mbqn	master
18/10/31 15:22	arianeschad/mbqn	master
18/10/31 15:20	arianeschad/mbqn	master
18/10/31 15:17	arianeschad/mbqn	master
18/10/31 15:02	jm3594/crtpower	master
18/10/31 13:17	vqv/ggbiplot	master
18/10/31 12:52	arianeschad/mbqn	master
18/10/31 12:26	pdrano/IKTrading	master
18/10/31 12:24	pdrano/IKTrading	master
18/10/31 11:30	statistikat/VIM	master
18/10/31 11:30	statistikat/VIM	master
18/10/31 11:21	statistikat/VIM	master
18/10/31 10:05	bmschmidt/wordVectors	master
18/10/31 10:02	bmschmidt/wordVectors	master
18/10/31 10:00	bmschmidt/wordVectors	master
18/10/31 10:00	Alandasilva/teomatrix	master
18/10/31 09:58	Alandasilva/teomatrix	master
18/10/31 05:35	ropenscilabs/webmockr	master
18/10/31 05:04	ropenscilabs/webmockr	master
18/10/31 04:51	ropenscilabs/webmockr	master
18/10/31 04:49	ropenscilabs/webmockr	master
18/10/31 04:48	ropenscilabs/webmockr	master
18/10/31 04:48	ropenscilabs/webmockr	master
18/10/31 04:46	ropenscilabs/webmockr	master
18/10/31 04:42	ropenscilabs/webmockr	master
18/10/31 04:41	ropenscilabs/webmockr	master
18/10/31 03:16	NicolasJBM/grpcomp	master
