18/06/14 22:15	R-Finance/quantstrat	master
18/06/14 21:14	hoxo-m/magicfor	master
18/06/14 21:09	chxy/cartogram	master
18/06/14 21:09	wlandau-lilly/drake	master
18/06/14 21:09	tidyverse/ggplot2	master
18/06/14 20:58	lmullen/tokenizers	master
18/06/14 20:57	s-u/rJava	master
18/06/14 20:55	s-u/rJava	master
18/06/14 20:50	sanderszach/EMD	master
18/06/14 20:15	omarbenites/fbanalysis	master
18/06/14 18:26	kevinushey/RcppRoll	master
18/06/14 17:41	jkrijthe/Rtsne	master
18/06/14 17:35	ramnathv/rMaps	master
18/06/14 16:59	jframi/snpclust	master
18/06/14 16:56	ThomasChln/snpclust	master
18/06/14 16:36	rforge/intclust	master
18/06/14 16:08	vqv/ggbiplot	master
18/06/14 15:52	vqv/ggbiplot	master
18/06/14 15:52	vqv/ggbiplot	master
18/06/14 15:51	ThomasTaus/omnibus	master
18/06/14 15:36	vqv/ggbiplot	master
18/06/14 15:36	tidyverse/dplyr	master
18/06/14 15:35	twitter/AnomalyDetection	master
18/06/14 15:24	kazutan/tubeplayR	master
18/06/14 15:24	vqv/ggbiplot	master
18/06/14 15:23	vqv/ggbiplot	master
18/06/14 15:19	Dralliag/opera	master
18/06/14 15:17	jwjackson/confoundr	master
18/06/14 15:15	mkearney/rtweet	master
18/06/14 14:46	OuhscBbmc/REDCapR	master
18/06/14 14:42	hadley/ggplot2	master
18/06/14 14:41	jonesor/rcolony	master
18/06/14 14:41	eriqande/psiblings	master
18/06/14 13:58	Zelazny7/isofor	master
18/06/14 13:54	Zelazny7/isofor	master
18/06/14 13:51	ujjwalkarn/xda	master
18/06/14 13:26	Zelazny7/isofor	master
18/06/14 13:25	Zelazny7/isofor	master
18/06/14 13:23	Zelazny7/isofor	master
18/06/14 13:02	jutako/Rtools	master
18/06/14 12:58	robjhyndman/forecast	master
18/06/14 12:52	leeper/tabulizer	master
18/06/14 12:52	ropensci/tabulizerjars	master
18/06/14 12:48	leeper/tabulizer	master
18/06/14 12:48	ropensci/tabulizerjars	master
18/06/14 12:46	braverock/PerformanceAnalytics	master
18/06/14 12:17	rstudio/blogdown	master
18/06/14 11:59	ropensci/tabulizer	master
18/06/14 11:58	ropensci/tabulizerjars	master
18/06/14 11:25	tidyverse/tidyverse	master
18/06/14 11:25	hadley/tidyverse	master
18/06/14 11:23	tidyverse/tidyverse	master
18/06/14 11:09	sjPlot/esc	master
18/06/14 10:37	mikemeredith/makeJAGSmask	master
18/06/14 10:26	ujjwalkarn/xda	master
18/06/14 10:26	ujjwalkarn/xda	master
18/06/14 10:22	ujjwalkarn/xda	master
18/06/14 10:20	tidyverse/dplyr	master
18/06/14 10:17	krlmlr/plogr	master
18/06/14 10:17	tidyverse/dplyr	master
18/06/14 10:16	krlmlr/bindrcpp	master
18/06/14 10:16	krlmlr/bindr	master
18/06/14 10:15	krlmlr/bindrcpp	master
18/06/14 10:15	RcppCore/Rcpp	master
18/06/14 10:14	krlmlr/bindrcpp	master
18/06/14 10:14	tidyverse/dplyr	master
18/06/14 10:13	tidyverse/tidyverse	master
18/06/14 10:12	tidyverse/tidyr	master
18/06/14 10:12	tidyverse/tidyverse	master
18/06/14 10:11	tidyverse/stringr	master
18/06/14 10:06	nadiadavidson/goseq	master
18/06/14 10:05	Bioconductor/bioDist	master
18/06/14 10:03	tidyverse/stringr	master
18/06/14 10:00	jeroenooms/stringi	master
18/06/14 10:00	tidyverse/stringr	master
18/06/14 09:59	tidyverse/tidyverse	master
18/06/14 09:59	tidyverse/lubridate	master
18/06/14 09:58	tidyverse/tidyverse	master
18/06/14 09:58	tidyverse/hms	master
18/06/14 09:58	tidyverse/tidyverse	master
18/06/14 09:57	tidyverse/haven	master
18/06/14 09:56	tidyverse/tidyverse	master
18/06/14 09:56	tidyverse/forcats	master
18/06/14 09:55	tidyverse/tidyverse	master
18/06/14 09:55	tidyverse/broom	master
18/06/14 09:54	tidyverse/tidyverse	master
18/06/14 09:50	ujjwalkarn/xda	master
18/06/14 09:40	rstudio/rmarkdown	master
18/06/14 09:35	Rdatatable/data.table	master
18/06/14 09:28	ujjwalkarn/xda	master
18/06/14 08:37	bwlewis/irlba	master
18/06/14 08:29	dgrtwo/gganimate	master
18/06/14 08:21	Zelazny7/isofor	master
18/06/14 08:04	karolgileta/ShinyApp	master
18/06/14 08:04	dyerlab/gstudio	master
18/06/14 08:03	ujjwalkarn/xda	master
18/06/14 08:01	statsmaths/hbase	master
18/06/14 07:43	mre011/shinyCap	master
18/06/14 07:43	dyerlab/gstudio	master
18/06/14 07:39	statsmaths/hbase	master
18/06/14 07:19	jeremystan/tidyjson	master
18/06/14 07:19	akzaidi/SparkR	master
18/06/14 07:19	HoustonUseRs/shinyCap	master
18/06/14 07:15	dyerlab/estudio	master
18/06/14 07:13	statsmaths/hbase	master
18/06/14 07:13	Bioconductor/graph	master
18/06/14 07:03	tidyverse/tidyselect	master
18/06/14 07:01	tidyverse/glue	master
18/06/14 07:01	krlmlr/bindrcpp	master
18/06/14 07:00	RcppCore/Rcpp	master
18/06/14 06:58	krlmlr/bindr	master
18/06/14 06:55	tidyverse/rlang	master
18/06/14 06:24	tidyverse/rlang	master
18/06/14 05:57	tidyverse/dplyr	master
18/06/14 05:57	tidyverse/dplyr	master
18/06/14 05:45	krlmlr/bindrcpp	master
18/06/14 05:44	tidyverse/dplyr	master
18/06/14 05:41	kassambara/ggpubr	master
18/06/14 05:37	tidyverse/dplyr	master
18/06/14 05:33	kassambara/ggpubr	master
18/06/14 05:30	const-ae/ggsignif	master
18/06/14 05:13	smartinsightsfromdata/rpivotTable	master
18/06/14 05:10	vqv/ggbiplot	master
18/06/14 05:08	vqv/ggbiplot	master
18/06/14 05:01	vqv/ggbiplot	master
18/06/14 05:01	vqv/ggbiplot	master
18/06/14 05:01	ramnathv/htmlwidgets	master
18/06/14 04:46	IVS-UZH/RSplitsTree	master
18/06/14 04:32	vqv/ggbiplot	master
18/06/14 04:30	vqv/ggbiplot	master
18/06/14 04:30	vqv/ggbiplot	master
18/06/14 04:28	vqv/ggbiplot	master
18/06/14 04:28	vqv/ggbiplot	master
18/06/14 04:27	vqv/ggbiplot	master
18/06/14 04:24	vqv/ggbiplot	master
18/06/14 04:24	vqv/ggbiplot	master
18/06/14 04:22	vqv/ggbiplot	master
18/06/14 04:22	vqv/ggbiplot	master
18/06/14 04:22	vqv/ggbiplot	master
18/06/14 04:21	vqv/ggbiplot	master
18/06/14 04:21	vqv/ggbiplot	master
18/06/14 04:20	vqv/ggbiplot	master
18/06/14 04:20	vqv/ggbiplot	master
18/06/14 04:18	vqv/ggbiplot	master
18/06/14 04:18	vqv/ggbiplot	master
18/06/14 04:17	likelet/PlotGenomeDistribution	master
18/06/14 04:17	vqv/ggbiplot	master
18/06/14 04:15	vqv/ggbiplot	master
18/06/14 04:13	vqv/ggbiplot	master
18/06/14 04:09	vqv/ggbiplot	master
18/06/14 04:09	vqv/ggbiplot	master
18/06/14 04:06	vqv/ggbiplot	master
18/06/14 04:05	vqv/ggbiplot	master
18/06/14 04:04	vqv/ggbiplot	master
18/06/14 03:59	vqv/ggbiplot	master
18/06/14 03:58	vqv/ggbiplot	master
18/06/14 03:57	vqv/ggbiplot	master
18/06/14 03:57	vqv/ggbiplot	master
18/06/14 03:53	vqv/ggbiplot	master
18/06/14 03:52	vqv/ggbiplot	master
18/06/14 03:27	vqv/ggbiplot	master
18/06/14 03:25	vqv/ggbiplot	master
18/06/14 03:18	vqv/ggbiplot	master
18/06/14 03:18	vqv/ggbiplot	master
18/06/14 03:17	vqv/ggbiplot	master
18/06/14 03:16	vqv/ggbiplot	master
18/06/14 03:16	vqv/ggbiplot	master
18/06/14 03:16	vqv/ggbiplot	master
18/06/14 03:15	vqv/ggbiplot	master
18/06/14 03:14	vqv/ggbiplot	master
18/06/14 03:14	vqv/ggbiplot	master
18/06/14 03:14	vqv/ggbiplot	master
18/06/14 03:13	vqv/ggbiplot	master
18/06/14 03:13	vqv/ggbiplot	master
18/06/14 03:11	vqv/ggbiplot	master
18/06/14 03:11	vqv/ggbiplot	master
18/06/14 03:09	vqv/ggbiplot	master
18/06/14 03:09	vqv/ggbiplot	master
18/06/14 03:08	vqv/ggbiplot	master
18/06/14 03:08	vqv/ggbiplot	master
18/06/14 03:07	vqv/ggbiplot	master
18/06/14 03:07	vqv/ggbiplot	master
18/06/14 03:06	vqv/ggbiplot	master
18/06/14 03:06	vqv/ggbiplot	master
18/06/14 02:59	vqv/ggbiplot	master
18/06/14 02:57	vqv/ggbiplot	master
18/06/14 02:57	vqv/ggbiplot	master
18/06/14 02:56	vqv/ggbiplot	master
18/06/14 02:55	vqv/ggbiplot	master
18/06/14 02:54	vqv/ggbiplot	master
18/06/14 02:53	vqv/ggbiplot	master
18/06/14 02:53	vqv/ggbiplot	master
18/06/14 02:53	vqv/ggbiplot	master
18/06/14 02:52	vqv/ggbiplot	master
18/06/14 02:52	vqv/ggbiplot	master
18/06/14 02:52	vqv/ggbiplot	master
18/06/14 02:52	vqv/ggbiplot	master
18/06/14 02:51	vqv/ggbiplot	master
18/06/14 02:51	vqv/ggbiplot	master
18/06/14 02:50	vqv/ggbiplot	master
18/06/14 02:47	vqv/ggbiplot	master
18/06/14 02:46	vqv/ggbiplot	master
18/06/14 02:46	vqv/ggbiplot	master
18/06/14 02:46	vqv/ggbiplot	master
18/06/14 02:46	vqv/ggbiplot	master
18/06/14 02:45	vqv/ggbiplot	master
18/06/14 02:44	vqv/ggbiplot	master
18/06/14 02:43	vqv/ggbiplot	master
18/06/14 02:43	vqv/ggbiplot	master
18/06/14 02:42	vqv/ggbiplot	master
18/06/14 02:42	vqv/ggbiplot	master
18/06/14 02:41	vqv/ggbiplot	master
18/06/14 02:38	vqv/ggbiplot	master
18/06/14 02:38	vqv/ggbiplot	master
18/06/14 02:37	vqv/ggbiplot	master
18/06/14 02:36	vqv/ggbiplot	master
18/06/14 02:36	vqv/ggbiplot	master
18/06/14 02:35	vqv/ggbiplot	master
18/06/14 02:34	vqv/ggbiplot	master
18/06/14 02:34	vqv/ggbiplot	master
18/06/14 02:33	vqv/ggbiplot	master
18/06/14 02:32	vqv/ggbiplot	master
18/06/14 02:31	vqv/ggbiplot	master
18/06/14 02:28	vqv/ggbiplot	master
18/06/14 02:27	vqv/ggbiplot	master
18/06/14 02:27	vqv/ggbiplot	master
18/06/14 02:27	vqv/ggbiplot	master
18/06/14 02:26	vqv/ggbiplot	master
18/06/14 02:26	vqv/ggbiplot	master
18/06/14 02:24	vqv/ggbiplot	master
18/06/14 02:23	vqv/ggbiplot	master
18/06/14 02:22	vqv/ggbiplot	master
18/06/14 02:22	vqv/ggbiplot	master
18/06/14 02:19	PheWAS/PheWAS	master
18/06/14 02:18	vqv/ggbiplot	master
18/06/14 02:17	vqv/ggbiplot	master
18/06/14 02:16	vqv/ggbiplot	master
18/06/14 02:16	vqv/ggbiplot	master
18/06/14 02:15	vqv/ggbiplot	master
18/06/14 02:14	vqv/ggbiplot	master
18/06/14 02:14	vqv/ggbiplot	master
18/06/14 02:13	vqv/ggbiplot	master
18/06/14 02:13	vqv/ggbiplot	master
18/06/14 02:12	vqv/ggbiplot	master
18/06/14 02:03	vqv/ggbiplot	master
18/06/14 01:59	hadley/tidyr	6f534df
18/06/14 01:57	vqv/ggbiplot	master
18/06/14 01:55	vqv/ggbiplot	master
18/06/14 01:52	hrbrmstr/nominatim	master
18/06/14 01:25	hadley/dplyr	63d4a9f5
18/06/14 01:14	thomasp85/patchwork	master
18/06/14 01:14	thomasp85/patchwork	master
18/06/14 01:11	hadley/dplyr	63d4a9f5
18/06/12 00:31	mountainMath/cmhc	master
18/06/12 00:30	mountainMath/cancensus	master
18/06/12 00:30	patperry/rhdf5	master
18/06/12 00:26	patperry/rhdf5	master
18/06/12 00:21	patperry/rhdf5	master
18/06/07 00:34	tidyverse/ggplot2	master
18/06/07 00:32	LarsRichter82/larspack	master
18/06/07 00:31	cwickham/munsell	master
18/06/07 00:29	MichaelMalick/r-chroma	master
18/06/07 00:27	hadley/scales	master
18/06/07 00:26	hadley/scales	master
18/06/07 00:24	hadley/gtable	master
18/06/06 00:51	drizopoulos/JMbayes	master
18/06/06 00:28	hrbrmstr/taucharts	master
18/06/05 00:32	jrlockwood/eivtools	master
18/06/05 00:28	palmer0914/ML_for_Hackers	master
18/06/05 00:28	palmer0914/ML_for_Hackers	master
18/06/05 00:00	ujjwalkarn/xda	master
18/06/01 00:52	johndharrison/wdman	master
18/06/01 00:51	johndharrison/binman	master
18/06/01 00:51	johndharrison/wdman	master
18/06/01 00:50	johndharrison/binman	master
18/06/01 00:50	johndharrison/wdman	master
18/06/01 00:18	tidyverse/purrr	master
18/06/01 00:16	OHDSI/bit	master
18/06/01 00:06	greta-dev/greta	master
18/05/31 00:07	jm3594/crtpower	master
18/05/30 00:19	rstudio/shiny-incubator	master
18/05/30 00:05	hadley/devtools	master
18/05/30 00:03	rstudio/httpuv	master
18/05/30 00:03	rstudio/shiny	master
18/05/29 00:47	zdk123/SpiecEasi	master
18/05/29 00:46	reptalex/phylofactor	master
18/05/28 00:21	OscarBrock/gCrisprTools	master
18/05/28 00:14	OscarBrock/gCrisprTools	master
18/05/25 00:49	hoxo-m/prophetExt	master
18/05/25 00:40	hoxo-m/prophetExt	master
18/05/25 00:38	bgreenwell/mertree	master
18/05/25 00:37	hoxo-m/prophetExt	master
18/05/25 00:24	gbm-developers/gbm3	master
18/05/25 00:23	hoxo-m/prophetExt	master
18/05/25 00:19	hoxo-m/densratio	v0.0.3
18/05/25 00:18	swish-climate-impact-assessment/awaptools	develop
18/05/25 00:17	Luddo94/Package	master
18/05/24 00:53	rstudio/httpuv	master
18/05/24 00:50	rstudio/httpuv	master
18/05/24 00:46	rstudio/shiny	master
18/05/24 00:31	leeper/tabulizerjars	master
18/05/24 00:25	leeper/tabulizer	master
18/05/24 00:23	leeper/tabulizerjars	master
18/05/23 00:55	mfasiolo/mgcViz	master
18/05/23 00:54	mfasiolo/qgam	master
18/05/23 00:39	mfasiolo/mgcViz	master
18/05/23 00:30	mfasiolo/mgcViz	master
18/05/23 00:29	mfasiolo/qgam	master
18/05/23 00:29	mfasiolo/qgam	master
18/05/23 00:24	mfasiolo/mgcViz	master
18/05/19 00:15	ropensci/tabulizer	master
18/05/18 00:28	OscarBrock/gCrisprTools	master
18/05/18 00:14	OscarBrock/gCrisprTools	master
18/05/15 00:38	andrewpbray/oilabs	master
18/05/15 00:30	andrewpbray/oilabs	master
18/05/15 00:18	andrewpbray/oilabs	master
18/05/15 00:17	andrewpbray/oilabs	master
