18/05/20 14:05	pierrejacob/CoupledCPF	master
18/05/20 13:16	hrbrmstr/taucharts	master
18/05/20 13:15	hrbrmstr/taucharts	master
18/05/20 13:15	hrbrmstr/taucharts	master
18/05/20 13:14	hrbrmstr/taucharts	master
18/05/20 10:54	adimajo/scoring	master
18/05/20 10:41	ujjwalkarn/xda	master
18/05/20 10:21	R-Finance/PortfolioAnalytics	master
18/05/20 08:25	jknowles/datasynthR	master
18/05/20 08:12	karina-rebuli/packtox	master
18/05/20 07:57	ujjwalkarn/xda	master
18/05/20 07:16	trnnick/TStools	master
18/05/20 06:47	ujjwalkarn/xda	master
18/05/20 05:02	statsmaths/genlasso	master
18/05/20 04:47	twitter/AnomalyDetection	master
18/05/20 04:47	gragusa/lyapunov	master
18/05/19 00:15	ropensci/tabulizer	master
18/05/18 00:28	OscarBrock/gCrisprTools	master
18/05/18 00:14	OscarBrock/gCrisprTools	master
18/05/15 00:38	andrewpbray/oilabs	master
18/05/15 00:30	andrewpbray/oilabs	master
18/05/15 00:18	andrewpbray/oilabs	master
18/05/15 00:17	andrewpbray/oilabs	master
18/05/12 00:45	kassambara/ggpubr	master
18/05/12 00:44	kassambara/ggpubr	master
18/05/12 00:37	kassambara/factoextra	master
18/05/11 00:53	uribo/jpndistrict	add_light_rds
18/05/11 00:52	jm3594/crtpower	master
18/05/11 00:52	uribo/jpndistrict	add_light_rds
18/05/06 00:51	mclements/rstpm2	master
18/05/06 00:19	rpradosiqueira/brazilmaps	master
18/05/06 00:15	lucasmation/microdadosBrasil	master
18/05/03 00:28	RomeroBarata/dcme	master
18/05/02 00:02	sinhrks/ggfortify	master
18/05/01 00:33	thlytras/rspiro	master
18/05/01 00:33	thlytras/rspiro	master
18/04/28 00:35	predict-r/rtika	master
18/04/28 00:24	dgrtwo/rparse	master
18/04/26 00:30	alfcrisci/rBiometeo	master
18/04/21 00:44	jbryer/timeline	master
