18/09/13 06:36	rstats-db/odbc	master
18/09/13 06:20	hadley/devtools	master
18/09/13 03:19	bnaras/samr	master
18/09/13 03:11	romainfrancois/nothing	master
18/09/13 03:09	xia-lab/MetaboAnalystR	master
18/09/13 03:06	noamross/htmlhelp	master
18/09/13 03:02	vqv/ggbiplot	master
18/09/13 03:01	wipperman/wipperman	master
18/09/13 02:23	leeper/tabulizer	master
18/09/13 02:17	leeper/tabulizer	master
18/09/13 02:16	ropensci/tabulizerjars	master
18/09/13 01:56	rpremraj/mailR	master
18/09/13 01:26	JackStat/ModelMetrics	master
18/09/13 00:52	CentreForHydrology/CRHMr	master
18/09/11 00:15	yihui/tinytex	master
18/09/11 00:14	rstudio/rmarkdown	master
18/09/09 00:02	vqv/ggbiplot	master
18/09/08 00:46	att/rcloud.rmd	master
18/09/08 00:46	att/rcloud.rmd	master
18/09/08 00:43	att/rcloud.rmd	master
18/09/08 00:43	att/rcloud.rmd	master
18/09/08 00:42	att/rcloud.flexdashboard	master
18/09/08 00:42	att/rcloud.rmd	master
18/09/08 00:42	att/rcloud.flexdashboard	master
18/09/08 00:42	att/rcloud.shiny	master
18/09/08 00:41	att/rcloud.htmlwidgets	master
18/09/07 00:58	benjamin-merkel/probGLS	master
18/09/07 00:53	hadley/ggplot2	master
18/09/06 00:53	mrke/NicheMapR	master
18/09/06 00:34	mrke/NicheMapR	master
18/09/06 00:06	vegandevs/vegan	master
18/09/03 00:12	kassambara/easyGgplot2	master
18/08/30 00:53	ricardo-bion/ggradar	master
18/08/30 00:48	ricardo-bion/ggradar	master
18/08/29 00:47	rstudio/leaflet	master
18/08/29 00:42	rstudio/leaflet	master
18/08/28 00:09	jutako/Rtools	master
18/08/27 00:14	aoles/EBImage	master
18/08/24 00:06	ramnathv/rCharts	master
18/08/24 00:06	ramnathv/rCharts	master
18/08/24 00:03	taiyun/corrplot	master
18/08/24 00:03	taiyun/corrplot	master
18/08/23 00:37	ropensci/tabulizerjars	master
18/08/22 00:49	ymattu/rjumanpp	master
18/08/22 00:48	ymattu/rjumanpp	master
18/08/22 00:31	Triamus/mandat	Fix-Mac-fopenmp-Issue
18/08/21 00:50	bacollier/moveud	master
18/08/18 00:45	ewenme/fplR	master
18/08/18 00:18	neuroconductor/extrantsr	master
18/08/16 00:11	BruceKendall/PVA	master
