18/01/07 12:59	Stan125/ghp	master
18/01/07 12:59	jkruppa/gemPlot	master
18/01/07 12:58	corynissen/geocodeHERE	master
18/01/07 12:58	olafmersmann/fftw	master
18/01/07 12:58	christophergandrud/ExpAgenda	master
18/01/07 12:58	skranz/dplyrExtras	master
18/01/07 12:58	JARS3N/door	master
18/01/07 12:57	rich-iannone/DiagrammeRsvg	master
18/01/07 12:57	talgalili/dendextendRcpp	master
18/01/07 12:56	rvidgen/clr	master
18/01/07 12:56	nachocab/clickme	master
18/01/07 12:56	arilamstein/choroplethrZip	master
18/01/07 12:54	arilamstein/choroplethr	master
18/01/07 12:53	georgeberry/blaunet	master
18/01/07 12:53	Bioconductor/BiocGenerics	master
18/01/07 12:53	gastonstat/arcdiagram	master
18/01/07 12:53	twitter/AnomalyDetection	master
18/01/07 12:53	robjhyndman/anomalous	master
18/01/07 12:52	hrbrmstr/albersusa	master
18/01/07 12:52	ClementCalenge/adehabitat	master
18/01/07 12:51	aursiber/ade4TkGUI	master
18/01/07 12:19	OHDSI/Cyclops	master
18/01/07 12:13	OHDSI/DatabaseConnector	master
18/01/07 12:10	OHDSI/FeatureExtraction	master
18/01/07 11:59	OHDSI/FeatureExtraction	master
18/01/07 10:50	ropensci/tabulizer	master
18/01/07 10:49	ropensci/tabulizerjars	master
18/01/07 08:59	krlmlr/MultiLevelIPF	master
18/01/07 08:02	leeper/tabulizer	master
18/01/07 08:02	leeper/tabulizerjars	master
18/01/07 02:50	thirdwing/nimble	master
18/01/07 02:46	nimble-dev/nimble-devtools	master
18/01/07 02:10	nimble-dev/nimble-devtools	master
18/01/07 02:09	nimble-dev/rcjit	master
18/01/07 02:02	BillPetti/baseballr	master
18/01/03 00:17	Bioconductor/GSEABase	master
18/01/03 00:17	Bioconductor/GSEABase	master
18/01/03 00:16	Bioconductor/GSEABase	master
18/01/02 00:50	hoxo-m/prophetExt	master
18/01/02 00:13	alstat/rface	master
18/01/02 00:10	alstat/rface	master
17/12/31 00:30	hrbrmstr/ggalt	master
17/12/31 00:28	Bioconductor/BiocGenerics	master
17/12/31 00:10	gustavobio/semeco	master
17/12/31 00:05	gustavobio/semeco	master
17/12/31 00:04	gustavobio/semeco	master
17/12/31 00:01	gustavobio/semeco	master
17/12/28 00:25	IQSS/Zelig	master
17/12/27 00:02	tomvar/bundling	master
17/12/17 00:55	ujjwalkarn/xda	master
17/12/16 00:24	ColtoCaro/compMS	master
17/12/15 00:59	crsh/papaja	master
17/12/15 00:57	crsh/papaja	master
17/12/15 00:56	crsh/papaja	master
17/12/14 00:22	tlafarge/alphashape3d	master
17/12/14 00:11	tlafarge/alphashape3d	master
17/12/13 00:38	hrbrmstr/nominatim	master
17/12/12 00:54	BioStatMatt/sas7bdat.parso	master
17/12/12 00:53	BioStatMatt/sas7bdat.parso	master
17/12/12 00:50	BioStatMatt/sas7bdat.parso	master
17/12/12 00:45	BioStatMatt/sas7bdat.parso	master
