18/05/21 17:29	thlytras/rspiro	master
18/05/21 17:09	noemiandor/expands	master
18/05/21 16:09	hrbrmstr/taucharts	master
18/05/21 15:13	noemiandor/expands	master
18/05/21 11:55	dkahle/ggmap	master
18/05/21 11:39	mariavica/mircomb	master
18/05/21 11:20	timelyportfolio/parcoords	master
18/05/21 11:14	mariavica/mircomb	master
18/05/21 11:07	eddelbuettel/digest	master
18/05/21 10:13	jeroenooms/stringi	master
18/05/21 09:52	rstudio/rmarkdown	master
18/05/21 09:50	ujjwalkarn/xda	master
18/05/21 07:49	alexdum/climatetools	master
18/05/21 07:00	ujjwalkarn/xda	master
18/05/21 06:52	rstudio/blogdown	master
18/05/21 02:01	PhDMeiwp/plotwithline	master
18/05/21 01:40	PhDMeiwp/plotwithline	master
18/05/21 01:38	PhDMeiwp/plotwithline	master
18/05/19 00:15	ropensci/tabulizer	master
18/05/18 00:28	OscarBrock/gCrisprTools	master
18/05/18 00:14	OscarBrock/gCrisprTools	master
18/05/15 00:38	andrewpbray/oilabs	master
18/05/15 00:30	andrewpbray/oilabs	master
18/05/15 00:18	andrewpbray/oilabs	master
18/05/15 00:17	andrewpbray/oilabs	master
18/05/12 00:45	kassambara/ggpubr	master
18/05/12 00:44	kassambara/ggpubr	master
18/05/12 00:37	kassambara/factoextra	master
18/05/11 00:53	uribo/jpndistrict	add_light_rds
18/05/11 00:52	jm3594/crtpower	master
18/05/11 00:52	uribo/jpndistrict	add_light_rds
18/05/06 00:51	mclements/rstpm2	master
18/05/06 00:19	rpradosiqueira/brazilmaps	master
18/05/06 00:15	lucasmation/microdadosBrasil	master
18/05/03 00:28	RomeroBarata/dcme	master
18/05/02 00:02	sinhrks/ggfortify	master
18/05/01 00:33	thlytras/rspiro	master
18/05/01 00:33	thlytras/rspiro	master
18/04/28 00:35	predict-r/rtika	master
18/04/28 00:24	dgrtwo/rparse	master
18/04/26 00:30	alfcrisci/rBiometeo	master
18/04/21 00:44	jbryer/timeline	master
