18/02/27 18:42	DLEIVA/DyaDA	master
18/02/27 18:25	bobverity/Rgeoprofile	master
18/02/27 18:07	bobverity/Rgeoprofile	master
18/02/27 17:05	bobverity/Rgeoprofile	master
18/02/27 16:46	analyxcompany/ForceAtlas2	master
18/02/27 16:30	pdrano/IKTrading	master
18/02/27 16:03	ramnathv/rNVD3	master
18/02/27 16:01	BioShock38/pcadapt	master
18/02/27 16:00	bcm-uga/pcadapt	master
18/02/27 15:33	ramnathv/rNVD3	master
18/02/27 15:32	16mc1r/dpaux	master
18/02/27 15:25	clbustos/dominanceAnalysis	master
18/02/27 15:22	ramnathv/rCharts	master
18/02/27 15:03	USGS-R/smwrStats	master
18/02/27 14:57	16mc1r/dpaux	master
18/02/27 14:49	aliceyiwang/mvabund	master
18/02/27 14:37	tidyverse/tidyverse	master
18/02/27 13:07	topepo/caret	master
18/02/27 12:33	topepo/caret	master
18/02/27 12:11	LasseHjort/cuRe	develop
18/02/27 11:49	stefanocoretta/rticulate	v1.3.1
18/02/27 11:46	stefanocoretta/tidymv	v1.3.1
18/02/27 11:45	stefanocoretta/rticulate	master
18/02/27 10:51	rstudio/tfestimators	master
18/02/27 10:43	rstudio/tfestimators	master
18/02/27 10:24	vqv/ggbiplot	master
18/02/27 07:16	rstudio/R-Websockets	master
18/02/27 03:56	R-Finance/quantstrat	master
18/02/27 03:56	R-Finance/blotter	master
18/02/27 03:55	R-Finance/quantstrat	master
18/02/27 03:47	vertica/vertica.dplyr	master
18/02/27 03:41	uzhao/vertica.dplyr	master
18/02/27 03:40	vertica/vertica.dplyr	master
18/02/27 03:36	vertica/vertica.dplyr	master
18/02/27 03:28	vertica/vertica.dplyr	master
18/02/27 03:22	vertica/vertica.dplyr	master
18/02/27 03:17	vertica/vertica.dplyr	master
18/02/27 03:16	twitter/AnomalyDetection	master
18/02/27 00:45	renozao/NMF	devel
18/02/27 00:39	tidyverse/haven	master
18/02/27 00:35	tidyverse/haven	master
18/02/27 00:00	ECO230/eco230r	master
18/02/26 00:55	James-Thorson/FishLife	master
18/02/24 00:41	briofons/R-Package-RJIRA	master
18/02/21 00:26	hoxo-m/prophetExt	master
18/02/20 00:29	pdrano/IKTrading	master
18/02/20 00:08	pdrano/IKTrading	master
18/02/18 00:21	yuanli22/RCUDA	master
18/02/18 00:07	duncantl/RCUDA	master
18/02/15 00:39	twitter/AnomalyDetection	master
18/02/15 00:38	pdrano/IKTrading	master
18/02/14 00:55	Bioconductor/IRanges	c5f1471
18/02/14 00:53	Bioconductor/S4Vectors	d93b89f
18/02/14 00:53	Bioconductor/S4Vectors	d39b89f
18/02/14 00:52	Bioconductor/S4Vectors	0b2b49f
18/02/14 00:51	Bioconductor/S4Vectors	8334847
18/02/14 00:49	Bioconductor/BiocGenerics	39d0af5
18/02/14 00:48	Bioconductor/BiocGenerics	0985ec9
18/02/14 00:46	Bioconductor/BiocGenerics	fcc22c8
18/02/14 00:45	Bioconductor/BiocGenerics	9383d85
18/02/14 00:45	Bioconductor/BiocGenerics	9389d85
18/02/14 00:42	Bioconductor/BiocGenerics	master
18/02/14 00:41	ropensci/tabulizer	master
18/02/14 00:36	ropensci/tabulizerjars	master
18/02/14 00:18	MorphoFun/kraken	master
18/02/12 00:26	lrutter/ggenealogy	master
18/02/08 00:31	green-striped-gecko/dartR	master
18/02/08 00:26	isglobal-brge/SNPassoc	master
18/02/08 00:24	zhengxwen/SNPRelate	master
18/02/08 00:23	edzer/hexbin	master
18/02/08 00:18	edzer/hexbin	master
18/02/08 00:08	edzer/hexbin	master
18/02/08 00:06	StoreyLab/qvalue	master
18/02/08 00:01	yihui/knitr	master
18/02/08 00:00	sinhrks/ggfortify	master
18/02/07 00:36	hadley/lubridate	master
18/02/07 00:35	tidyverse/lubridate	master
18/02/07 00:21	RGLab/opencytoCL	master
18/02/06 00:42	rpremraj/mailR	master
18/02/06 00:41	rpremraj/mailR	master
18/02/06 00:07	hoxo-m/pforeach	master
18/02/05 00:27	alyst/MotIV	master
18/02/05 00:10	rstats-db/RMySQL	master
18/02/03 00:40	mgledi/DiffLogo	master
18/01/30 00:16	mkearney/rtweet	master
18/01/28 00:08	rstudio/addinexamples	master
18/01/28 00:07	awhstin/awtools	master
