18/04/05 19:08	vlsci/ggplotheatmap	master
18/04/05 18:13	drpmcain/decomp	master
18/04/05 18:12	drpmcain/decomp	master
18/04/05 18:12	drpmcain/decomp	master
18/04/05 18:12	drpmcain/decomp	master
18/04/05 16:48	EXASOL/r-exasol	master
18/04/05 16:28	traitecoevo/ksi	33afc54f5a4ceda5fa1cd157d9ae865850eb4ec6
18/04/05 16:27	nl-hugo/ns	33afc54
18/04/05 16:27	traitecoevo/ksi	33afc54
18/04/05 16:25	riebetob/mlr	2.12
18/04/05 16:25	steinarv/k3	tarnduong
18/04/05 16:25	berndbischl/mlr	2.12
18/04/05 16:24	mlr-org/mlr	2.12
18/04/05 16:22	Akshaysg/aks	1.9.0
18/04/05 16:19	Akshaysg/aks	v1.9.0
18/04/05 16:18	traitecoevo/ksi	v1.9.0
18/04/05 16:17	twitter/AnomalyDetection	master
18/04/05 16:17	amurali2/cats	master
18/04/05 16:16	Kkm5/cats	master
18/04/05 16:16	twitter/AnomalyDetection	master
18/04/05 16:15	AFIT-R/anomalyDetection	master
18/04/05 16:11	steinarv/k1	v1.9.0
18/04/05 16:11	traitecoevo/ksi	v1.9.0
18/04/05 16:11	anasrana/spector	master
18/04/05 16:09	richfitz/ksi	v1.9.0
18/04/05 16:08	Bioconductor/GenomicRanges	master
18/04/05 16:07	steinarv/k2	a3ea671
18/04/05 16:04	nl-hugo/ns	a3ea671
18/04/05 16:04	jeroenooms/js	a3ea671
18/04/05 16:03	jeroen/js	a3ea671
18/04/05 16:03	statOmics/zingeR	master
18/04/05 16:02	steinarv/k3	a3ea671
18/04/05 15:57	richfitz/ksi	a3ea671402f8670fa3373fc2373caf667c41d9e5
18/04/05 15:57	steinarv/k2	a3ea671402f8670fa3373fc2373caf667c41d9e5
18/04/05 15:53	steinarv/k3	c95ca85
18/04/05 15:52	Akshaysg/aks	c95ca85
18/04/05 15:50	twitter/AnomalyDetection	master
18/04/05 15:45	ropensci/tabulizer	master
18/04/05 15:44	ropensci/tabulizer	master
18/04/05 15:41	ropensci/tabulizer	master
18/04/05 15:38	ropensci/tabulizer	master
18/04/05 15:25	Bioconductor/GenomicRanges	master
18/04/05 15:17	statOmics/zingeR	master
18/04/05 14:58	leeper/tabulizer	master
18/04/05 14:56	ropensci/tabulizerjars	master
18/04/05 14:42	ropensci/tabulizer	master
18/04/05 14:39	ropensci/tabulizerjars	master
18/04/05 14:30	Logiwo/tabulizer	master
18/04/05 14:27	ropensci/tabulizerjars	master
18/04/05 14:20	dgrtwo/drlib	master
18/04/05 14:09	hoxo-m/prophetExt	master
18/04/05 14:07	joshuaulrich/quantmod	3c07421
18/04/05 13:43	bcalder/savR	master
18/04/05 13:39	joshuaulrich/quantmod	225_getsymbols_oanda
18/04/05 13:38	joshuaulrich/quantmod	225_getsymbols_oanda
18/04/05 13:38	joshuaulrich/quantmod	225_getsymbols_oanda
18/04/05 13:35	joshuaulrich/quantmod	225_getsymbols_oanda
18/04/05 13:20	joshuaulrich/quantmod	aef8193
18/04/05 12:00	tidyverse/ggplot2	49619b7
18/04/05 12:00	tidyverse/ggplot2	49619b7
18/04/05 12:00	tidyverse/ggplot2	49619b7
18/04/05 11:26	markhwhiteii/processr	master
18/04/05 11:14	mosscoder/crustCover	master
18/04/05 10:45	mosscoder/crustCover	master
18/04/05 10:40	bmschmidt/wordVectors	master
18/04/05 10:04	MadsAlbertsen/ampvis2	master
18/04/05 10:02	MadsAlbertsen/ampvis2	master
18/04/05 09:30	twitter/AnomalyDetection	master
18/04/05 09:27	stpp-GitHub-community/stpp	master
18/04/05 09:26	sgermani/WMPR	master
18/04/05 09:20	stpp-GitHub-community/stpp	master
18/04/05 08:58	drizopoulos/JMbayes	master
18/04/05 08:55	drizopoulos/JMbayes	master
18/04/05 08:42	Bioconductor/BiocStyle	master
18/04/05 07:52	Microsoft/AzureSMR	master
18/04/05 07:50	Emelieh21/FlightsR	master
18/04/05 07:44	dgromer/apa	master
18/04/05 07:15	bmschmidt/wordVectors	master
18/04/05 07:09	bmschmidt/wordVectors	master
18/04/05 07:07	bmschmidt/wordVectors	master
18/04/05 07:06	bmschmidt/wordVectors	master
18/04/05 07:05	bmschmidt/wordVectors	master
18/04/05 07:05	bmschmidt/wordVectors	master
18/04/05 07:04	bmschmidt/wordVectors	master
18/04/05 07:04	bmschmidt/wordVectors	master
18/04/05 07:04	bmschmidt/wordVectors	master
18/04/05 07:03	bmschmidt/wordVectors	master
18/04/05 07:03	bmschmidt/wordVectors	master
18/04/05 07:03	bmschmidt/wordVectors	master
18/04/05 07:03	bmschmidt/wordVectors	master
18/04/05 05:36	vst/mgarch	master
18/04/05 05:14	marcusvolz/ggart	master
18/04/05 03:43	mlampros/FeatureSelection	master
18/04/05 03:02	sinhrks/ggfortify	master
18/04/05 01:47	bmschmidt/wordVectors	master
18/04/05 01:40	ropensci/tabulizer	master
18/04/05 01:37	ropenscilabs/tabulizer	master
18/04/05 00:58	ropensci/bikedata	master
18/04/05 00:47	ropensci/bikedata	master
18/04/05 00:33	jennybc/googlesheets	master
18/04/05 00:31	jennybc/googlesheets	master
18/04/05 00:30	jennybc/googlesheets	master
18/04/05 00:26	jennybc/googlesheets	master
18/04/05 00:04	ao90/PRIM	master
18/03/30 00:39	mikemeredith/MMmisc	master
18/03/30 00:30	ECO230/eco230r	master
18/03/30 00:30	ECO230/eco230r	master
18/03/30 00:29	ECO230/eco230r	master
18/03/30 00:19	ropenscilabs/eechidna	master
18/03/30 00:13	ECO230/eco230r	master
18/03/30 00:10	ECO230/eco230r	master
18/03/30 00:10	ECO230/eco230r	master
18/03/29 00:33	ECO230/eco230r	master
18/03/28 00:52	ropensci/plotly	master
18/03/28 00:45	tidyverse/ggplot2	49619b7
18/03/28 00:36	ECO230/eco230r	master
18/03/28 00:35	ECO230/eco230r	master
18/03/24 00:43	SachaEpskamp/semPlot	master
18/03/23 00:07	r-lib/rlang	master
18/03/23 00:06	tidyverse/rlang	master
18/03/22 00:12	gabrielrvsc/HDeconometrics	master
18/03/21 00:54	cbw1243/marginalfit	master
18/03/21 00:45	umerijaz/microbiomeSeq	master
18/03/18 00:29	sinhrks/ggfortify	master
18/03/16 00:37	stnava/ITKR	master
18/03/15 00:38	JoshuaSlocum/kagglr	master
18/03/15 00:09	aminondo/iX-Rpackage	sc
18/03/14 00:40	BIMSBbioinfo/genomation	master
18/03/14 00:39	yihui/knitr	master
18/03/14 00:35	BIMSBbioinfo/genomation	master
18/03/12 00:08	mroberts/stmBrowser	master
18/03/12 00:07	methodds/stminsights	master
18/03/08 00:58	peterxeno/preprocessr	master
18/03/08 00:57	artichaud1/preprocessr	master
18/03/08 00:45	USGS-R/waterData	master
18/03/08 00:03	jdblischak/workflowr	master
18/03/08 00:01	jdblischak/workflowr	master
18/03/07 00:51	hadley/haven	master
18/03/07 00:20	ropensci/tabulizer	master
18/03/07 00:20	ropensci/tabulizerjars	master
18/03/07 00:13	sjmgarnier/viridis	master
18/03/06 00:08	GuangchuangYu/ggtree	master
