18/04/25 21:58	csgillespie/efficient	master
18/04/25 21:56	jjchern/meda	master
18/04/25 21:17	ujjwalkarn/xda	master
18/04/25 21:05	ropensci/rmetadata	master
18/04/25 19:46	hoxo-m/magicfor	master
18/04/25 19:29	jalvesaq/colorout	master
18/04/25 19:23	jalvesaq/colorout	master
18/04/25 18:36	ChongWu-Biostat/prclust	master
18/04/25 18:24	swarm-lab/videoplayR	master
18/04/25 18:20	tgmwri/wateres	master
18/04/25 18:13	tgmwri/wateres	master
18/04/25 17:10	vinhtantran/monoClust	master
18/04/25 14:51	FredHasselman/casnet	master
18/04/25 14:31	FredHasselman/casnet	master
18/04/25 13:13	bpfaff/mcrp	master
18/04/25 11:36	tgmwri/wateres	master
18/04/25 10:51	mhahsler/recommenderlab	master
18/04/25 10:40	mhahsler/recommenderlab	master
18/04/25 10:40	mhahsler/recommenderlab	master
18/04/25 09:53	tidyverse/ggplot2	master
18/04/25 09:47	mtennekes/tmap	master
18/04/25 09:39	braverock/quantstrat	master
18/04/25 09:14	mtennekes/tmap	master
18/04/25 09:13	mtennekes/tmap	master
18/04/25 09:09	rstudio/rsconnect	master
18/04/25 08:49	jrowen/rhandsontable	master
18/04/25 08:14	alfcrisci/rBiometeo	master
18/04/25 06:56	tidyverse/rlang	master
18/04/25 06:55	tidyverse/rlang	master
18/04/25 06:53	tidyverse/ggplot2	master
18/04/25 06:52	hadley/scales	master
18/04/25 06:52	ropensci/plotly	master
18/04/25 06:45	rstudio/dygraphs	master
18/04/25 06:44	jrnold/ggthemes	master
18/04/25 06:43	jbkunst/highcharter	master
18/04/25 06:43	sjmgarnier/viridis	master
18/04/25 06:39	tidyverse/broom	master
18/04/25 06:37	hadley/rvest	master
18/04/25 06:36	business-science/tibbletime	master
18/04/25 06:16	hadley/lubridate	master
18/04/25 06:14	htmlwidgets/sparkline	master
18/04/25 06:09	rstudio/rmarkdown	master
18/04/25 06:07	joshuaulrich/Defaults	master
18/04/25 06:01	business-science/tidyquant	master
18/04/25 05:46	Microsoft/AzureSMR	master
18/04/25 05:40	trinker/pysty	master
18/04/25 05:36	hoxo-m/prophetExt	master
18/04/25 04:49	ujjwalkarn/xda	master
18/04/25 04:35	goldingn/greta	master
18/04/25 04:33	rstudio/sparklyr	master
18/04/25 04:32	hadley/tidyverse	master
18/04/25 04:31	ujjwalkarn/xda	master
18/04/25 04:31	twitter/AnomalyDetection	master
18/04/25 04:08	hoxo-m/prophetExt	master
18/04/25 04:07	jinhyunju/picaplot	master
18/04/25 03:25	KeachMurakami/fudukue	master
18/04/25 03:24	KeachMurakami/soroban	master
18/04/25 03:24	KeachMurakami/kagari	master
18/04/25 03:24	KeachMurakami/fudukue	master
18/04/25 03:23	hoxo-m/pforeach	master
18/04/25 02:23	pcheng84/TCGAbrowser	master
18/04/25 02:20	pcheng84/TCGAbrowser	master
18/04/25 02:15	droglenc/FSAdata	master
18/04/25 02:11	pcheng84/TCGAbrowser	master
18/04/25 01:55	hoxo-m/pforeach	master
18/04/25 01:01	bmschmidt/wordVectors	master
18/04/21 00:44	jbryer/timeline	master
18/04/18 00:54	hoxo-m/prophetExt	master
18/04/18 00:53	evanwang1990/FMwR	master
18/04/18 00:08	hoxo-m/pforeach	master
18/04/15 00:35	dkahle/ggmap	master
18/04/11 00:30	ShinsukeSakai0321/PSFCalc	master
18/04/11 00:19	CambridgeAssessmentResearch/POSAC	master
18/04/11 00:05	ujjwalkarn/xda	master
18/04/10 00:35	rstudio/leaflet	master
18/04/10 00:34	rstudio/leaflet	master
18/04/10 00:33	rstudio/leaflet	master
18/04/10 00:32	rstudio/leaflet	master
18/04/06 00:34	kazutan/zousan	master
18/04/05 00:58	ropensci/bikedata	master
18/04/05 00:47	ropensci/bikedata	master
18/04/05 00:33	jennybc/googlesheets	master
18/04/05 00:31	jennybc/googlesheets	master
18/04/05 00:30	jennybc/googlesheets	master
18/04/05 00:26	jennybc/googlesheets	master
18/04/05 00:04	ao90/PRIM	master
18/03/30 00:39	mikemeredith/MMmisc	master
18/03/30 00:30	ECO230/eco230r	master
18/03/30 00:30	ECO230/eco230r	master
18/03/30 00:29	ECO230/eco230r	master
18/03/30 00:19	ropenscilabs/eechidna	master
18/03/30 00:13	ECO230/eco230r	master
18/03/30 00:10	ECO230/eco230r	master
18/03/30 00:10	ECO230/eco230r	master
18/03/29 00:33	ECO230/eco230r	master
18/03/28 00:52	ropensci/plotly	master
18/03/28 00:45	tidyverse/ggplot2	49619b7
18/03/28 00:36	ECO230/eco230r	master
18/03/28 00:35	ECO230/eco230r	master
