18/05/25 21:22	fawda123/ggord	master
18/05/25 21:19	fawda123/ggord	master
18/05/25 21:18	fawda123/ggord	master
18/05/25 20:35	sunnyeesl/BigLD	master
18/05/25 18:23	OuhscBbmc/REDCapR	master
18/05/25 17:25	pdrano/IKTrading	master
18/05/25 17:24	twitter/AnomalyDetection	master
18/05/25 16:09	j2scode/RDataStudio	master
18/05/25 15:20	dgrtwo/gganimate	master
18/05/25 15:07	dgrtwo/gganimate	master
18/05/25 15:02	dgrtwo/gganimate	master
18/05/25 14:55	dgrtwo/gganimate	master
18/05/25 14:13	khliland/EMSC	master
18/05/25 14:12	davharris/mistnet	master
18/05/25 13:20	ropensci/plotly	master
18/05/25 13:19	ropensci/plotly	master
18/05/25 13:17	gvarunkumar/plotly	master
18/05/25 13:15	gvarunkumar/plotly	master
18/05/25 11:54	hadley/ggplot2	49619b7
18/05/25 11:51	tidyverse/ggplot2	49619b7
18/05/25 11:43	rstudio/blogdown	master
18/05/25 10:44	code-vagabond/NLP-collection	master
18/05/25 09:28	analyticalmonk/Rperform	master
18/05/25 09:23	twitter/AnomalyDetection	master
18/05/25 07:42	gluc/data.tree	master
18/05/25 07:38	vqv/ggbiplot	master
18/05/25 07:34	andrie/version.compare	master
18/05/25 07:22	karthikl6/d3bubbles2	master
18/05/25 07:21	karthikl6/d3bubbles2	master
18/05/25 07:19	jcheng5/bubbles	master
18/05/25 07:19	karthikl6/d3bubbles2	master
18/05/25 07:18	timelyportfolio/d3treeR	master
18/05/25 07:18	johnbaums/hues	master
18/05/25 06:21	karthikl6/d3bubbles2	master
18/05/25 06:18	karthikl6/d3bubbles2	master
18/05/25 06:16	jcheng5/bubbles	master
18/05/25 06:16	karthikl6/d3bubbles2	master
18/05/25 06:15	timelyportfolio/d3treeR	master
18/05/25 06:15	johnbaums/hues	master
18/05/25 05:28	rstats-db/RMySQL	master
18/05/25 05:16	MarkEdmondson1234/googleID	master
18/05/25 05:14	MarkEdmondson1234/googleID	master
18/05/25 04:59	rstudio/config	master
18/05/25 03:20	ggobi/rggobi	master
18/05/25 02:50	slowkow/ggrepel	master
18/05/25 02:45	slowkow/ggrepel	master
18/05/25 01:40	hoxo-m/prophetExt	master
