18/08/06 13:29	talgalili/heatmaply	master
18/08/06 12:31	jcheng5/bubbles	master
18/08/06 12:30	karthikl6/d3bubbles2	master
18/08/06 12:30	timelyportfolio/d3treeR	master
18/08/06 12:30	johnbaums/hues	master
18/08/06 12:20	ujjwalkarn/xda	master
18/08/06 09:27	ropensci/RSelenium	master
18/08/06 09:24	rstudio/shinythemes	master
18/08/06 09:24	rstudio/shiny-incubator	master
18/08/06 09:24	trestletech/shinyAce	master
18/08/06 09:21	rstudio/shiny-incubator	master
18/08/06 09:21	trestletech/shinyAce	master
18/08/06 09:16	rstudio/shinythemes	master
18/08/06 09:16	rstudio/shiny-incubator	master
18/08/06 09:16	trestletech/shinyAce	master
18/08/06 08:48	rstudio/shinythemes	master
18/08/06 08:48	rstudio/shiny-incubator	master
18/08/06 08:48	trestletech/shinyAce	master
18/08/06 08:44	rstudio/shinythemes	master
18/08/06 08:44	rstudio/shiny-incubator	master
18/08/06 08:44	trestletech/shinyAce	master
18/08/06 08:44	trestletech/shinyAce	master
18/08/06 08:43	trestletech/shinyAce	master
18/08/06 08:42	haozhu233/kableExtra	0.7.0.9000
18/08/06 07:56	jeroenooms/stringi	master
18/08/06 07:55	GuangchuangYu/emojifont	master
18/08/06 07:54	yixuan/sysfonts	master
18/08/06 07:50	yixuan/sysfonts	master
18/08/06 06:26	green-striped-gecko/dartR	master
18/08/06 06:22	green-striped-gecko/dartR	master
18/08/06 02:37	jonocarroll/ggghost	master
18/08/06 01:04	akzaidi/SparkR	master
