18/07/19 14:28	rstats-db/odbc	master
18/07/19 14:23	hadley/ggplot2	49619b7
18/07/19 14:07	BradHubley/SpatialHub	master
18/07/19 13:22	dtdoering/grofitr	master
18/07/19 12:28	Liuy12/MBDDiff	master
18/07/19 12:28	rstats-db/bigrquery	master
18/07/19 12:13	ropensci/taxize	master
18/07/19 12:06	Liuy12/MBDDiff	master
18/07/19 11:53	lengning/EBSeq	master
18/07/19 11:51	Liuy12/MBDDiff	master
18/07/19 11:45	raim/platexpress	master
18/07/19 11:36	BradHubley/SpatialHub	master
18/07/19 11:10	hadley/assertthat	master
18/07/19 11:08	rstats-db/bigrquery	master
18/07/19 11:02	raim/platexpress	master
18/07/19 10:33	SEEG-Oxford/seegSDM	master
18/07/19 10:08	rpruim/Teaching-Statistics-With-R	master
18/07/19 09:35	ropensci/ghql	master
18/07/19 09:34	hadley/devtools	master
18/07/19 09:32	hadley/devtools	master
18/07/19 09:29	hadley/devtools	master
18/07/19 09:22	hadley/devtools	master
18/07/19 09:21	ropensci/ghql	master
18/07/19 09:20	hadley/devtools	master
18/07/19 09:15	hadley/devtools	master
18/07/19 09:14	ropensci/ghql	master
18/07/19 09:12	hadley/devtools	master
18/07/19 09:07	hadley/devtools	master
18/07/19 08:30	hadley/devtools	master
18/07/19 07:27	Rapporter/pander	06c2f65797
18/07/19 07:24	Rapporter/pander	06c2f65797
18/07/19 07:21	Rapporter/pander	06c2f65797
18/07/19 07:15	Rapporter/pander	06c2f65797
18/07/19 07:08	Rapporter/pander	06c2f65797
18/07/19 07:03	Rapporter/pander	06c2f65797
18/07/19 06:55	Rapporter/pander	06c2f65797
18/07/19 06:14	maRce10/warbleR	master
18/07/19 05:31	hadley/devtools	master
18/07/19 05:28	maRce10/warbleR	master
18/07/19 05:24	maRce10/warbleR	master
18/07/19 05:23	maRce10/warbleR	master
18/07/19 05:22	hadley/devtools	master
18/07/19 05:07	vqv/ggbiplot	master
18/07/19 05:06	vqv/ggbiplot	master
18/07/19 04:46	vqv/ggbiplot	master
18/07/19 04:30	vqv/ggbiplot	master
18/07/19 04:30	vqv/ggbiplot	master
18/07/19 04:11	vqv/ggbiplot	master
18/07/19 04:03	vqv/ggbiplot	master
18/07/19 04:03	vqv/ggbiplot	master
18/07/19 04:02	vqv/ggbiplot	master
18/07/19 04:02	vqv/ggbiplot	master
18/07/19 03:53	vqv/ggbiplot	master
18/07/19 03:41	vqv/ggbiplot	master
18/07/19 03:41	vqv/ggbiplot	master
18/07/19 03:40	vqv/ggbiplot	master
18/07/19 03:40	vqv/ggbiplot	master
18/07/19 03:39	vqv/ggbiplot	master
18/07/19 03:38	vqv/ggbiplot	master
18/07/19 03:38	vqv/ggbiplot	master
18/07/19 03:37	vqv/ggbiplot	master
18/07/19 03:36	vqv/ggbiplot	master
18/07/19 03:35	vqv/ggbiplot	master
18/07/19 03:35	vqv/ggbiplot	master
18/07/19 02:44	gabrielhoc/Mapinguari	master
18/07/19 02:13	vqv/ggbiplot	master
18/07/19 02:02	vqv/ggbiplot	master
18/07/19 02:01	vqv/ggbiplot	master
18/07/19 02:01	vqv/ggbiplot	master
18/07/19 01:46	vqv/ggbiplot	master
18/07/19 01:43	wpeterman/ResistanceGA	julia_dev
18/07/19 01:13	vqv/ggbiplot	master
18/07/19 01:12	vqv/ggbiplot	master
