18/05/09 09:31	Tychobra/tychobratools	master
18/05/09 09:25	hoxo-m/magicfor	master
18/05/09 09:17	jalvesaq/colorout	master
18/05/09 08:57	ramnathv/rCharts	master
18/05/09 08:56	ramnathv/rCharts	master
18/05/09 07:36	rscharpf/VanillaICE	master
18/05/09 07:36	rscharpf/VanillaICE	master
18/05/09 07:34	rscharpf/VanillaICE	master
18/05/09 06:31	rBatt/facebook5	master
18/05/09 05:30	bmschmidt/wordVectors	master
18/05/09 05:29	bmschmidt/wordVectors	master
18/05/09 04:23	matthias-da/robCompositions	master
18/05/09 04:22	sinhrks/ggfortify	master
18/05/09 03:43	quantide/mapIT	master
18/05/09 03:42	quantide/mapIT	master
18/05/09 03:41	quantide/mapIT	master
18/05/09 03:41	cmap/cmapR	master
18/05/09 03:37	lutsik/MeDeCom	master
18/05/09 03:24	MarioniLab/DropletUtils	master
18/05/09 03:23	MarioniLab/DropletUtils	master
18/05/09 03:22	MarioniLab/DropletUtils	master
18/05/09 02:12	mskilab/JaBbA	xt_debug
18/05/09 02:11	mskilab/JaBbA	xt_debug
18/05/09 02:11	mskilab/JaBbA	dev
18/05/09 01:54	mskilab/JaBbA	xt_debug
18/05/06 00:51	mclements/rstpm2	master
18/05/06 00:19	rpradosiqueira/brazilmaps	master
18/05/06 00:15	lucasmation/microdadosBrasil	master
18/05/03 00:28	RomeroBarata/dcme	master
18/05/02 00:02	sinhrks/ggfortify	master
18/05/01 00:33	thlytras/rspiro	master
18/05/01 00:33	thlytras/rspiro	master
18/04/28 00:35	predict-r/rtika	master
18/04/28 00:24	dgrtwo/rparse	master
18/04/26 00:30	alfcrisci/rBiometeo	master
18/04/21 00:44	jbryer/timeline	master
18/04/18 00:54	hoxo-m/prophetExt	master
18/04/18 00:53	evanwang1990/FMwR	master
18/04/18 00:08	hoxo-m/pforeach	master
18/04/15 00:35	dkahle/ggmap	master
18/04/11 00:30	ShinsukeSakai0321/PSFCalc	master
18/04/11 00:19	CambridgeAssessmentResearch/POSAC	master
18/04/11 00:05	ujjwalkarn/xda	master
18/04/10 00:35	rstudio/leaflet	master
18/04/10 00:34	rstudio/leaflet	master
18/04/10 00:33	rstudio/leaflet	master
18/04/10 00:32	rstudio/leaflet	master
