18/02/28 12:59	UMCUGenetics/MutationalPatterns	master
18/02/28 12:45	brooksandrew/Rsenal	master
18/02/28 12:28	brooksandrew/Rsenal	master
18/02/28 12:25	brooksandrew/Rsenal	master
18/02/28 12:17	kcha193/simarioV2	master
18/02/28 12:06	UMCUGenetics/MutationalPatterns	master
18/02/28 12:05	ropensci/tabulizer	master
18/02/28 12:00	ropensci/tabulizerjars	master
18/02/28 11:59	ropensci/tabulizer	master
18/02/28 11:53	leeper/tabulizer	master
18/02/28 11:47	ropensci/tabulizer	master
18/02/28 11:14	kcha193/simarioV2	master
18/02/28 10:55	vqv/ggbiplot	master
18/02/28 10:48	vqv/ggbiplot	master
18/02/28 10:03	BIMSBbioinfo/netSmooth	v0.1.0
18/02/28 09:56	vqv/ggbiplot	master
18/02/28 09:48	ropensci/tabulizer	master
18/02/28 09:42	ropensci/tabulizer	master
18/02/28 09:41	ropensci/tabulizer	master
18/02/28 09:01	ggobi/mosaiq	master
18/02/28 08:54	yihui/tikzDevice	master
18/02/28 08:38	ujjwalkarn/xda	master
18/02/28 08:22	BIMSBbioinfo/netSmooth	v0.1.0
18/02/28 07:58	vqv/ggbiplot	master
18/02/28 07:56	melff/memisc	master
18/02/28 07:56	vqv/ggbiplot	master
18/02/28 07:56	jmarshallnz/lpSolve	master
18/02/28 07:55	tidyverse/tidyverse	master
18/02/28 07:53	vqv/ggbiplot	master
18/02/28 07:17	tidyverse/tidyverse	master
18/02/28 07:16	K-Meech/kcat	master
18/02/28 07:13	leeper/tabulizer	master
18/02/28 07:12	leeper/tabulizerjars	master
18/02/28 07:09	amurali2/cats	master
18/02/28 06:16	kassambara/factoextra	master
18/02/28 04:56	ijlyttle/shinypod	master
18/02/28 03:45	leeper/tabulizer	master
18/02/28 03:44	ropensci/tabulizerjars	master
18/02/28 03:34	devillemereuil/QGglmm	master
18/02/28 02:00	vqv/ggbiplot	master
18/02/28 01:39	jpmml/r2pmml	v0.15.0
18/02/28 01:36	jpmml/r2pmml	v0.8.0
18/02/28 01:35	jpmml/r2pmml	v0.8.1
18/02/28 00:58	ECO230/eco230r	master
18/02/28 00:41	kbroman/horizon	master
18/02/28 00:16	ECO230/eco230r	master
18/02/28 00:10	ECO230/eco230r	master
18/02/28 00:10	ECO230/eco230r	master
18/02/28 00:10	ECO230/eco230r	master
18/02/27 00:45	renozao/NMF	devel
18/02/27 00:39	tidyverse/haven	master
18/02/27 00:35	tidyverse/haven	master
18/02/27 00:00	ECO230/eco230r	master
18/02/26 00:55	James-Thorson/FishLife	master
18/02/24 00:41	briofons/R-Package-RJIRA	master
18/02/21 00:26	hoxo-m/prophetExt	master
18/02/20 00:29	pdrano/IKTrading	master
18/02/20 00:08	pdrano/IKTrading	master
18/02/18 00:21	yuanli22/RCUDA	master
18/02/18 00:07	duncantl/RCUDA	master
18/02/15 00:39	twitter/AnomalyDetection	master
18/02/15 00:38	pdrano/IKTrading	master
18/02/14 00:55	Bioconductor/IRanges	c5f1471
18/02/14 00:53	Bioconductor/S4Vectors	d93b89f
18/02/14 00:53	Bioconductor/S4Vectors	d39b89f
18/02/14 00:52	Bioconductor/S4Vectors	0b2b49f
18/02/14 00:51	Bioconductor/S4Vectors	8334847
18/02/14 00:49	Bioconductor/BiocGenerics	39d0af5
18/02/14 00:48	Bioconductor/BiocGenerics	0985ec9
18/02/14 00:46	Bioconductor/BiocGenerics	fcc22c8
18/02/14 00:45	Bioconductor/BiocGenerics	9383d85
18/02/14 00:45	Bioconductor/BiocGenerics	9389d85
18/02/14 00:42	Bioconductor/BiocGenerics	master
18/02/14 00:41	ropensci/tabulizer	master
18/02/14 00:36	ropensci/tabulizerjars	master
18/02/14 00:18	MorphoFun/kraken	master
18/02/12 00:26	lrutter/ggenealogy	master
18/02/08 00:31	green-striped-gecko/dartR	master
18/02/08 00:26	isglobal-brge/SNPassoc	master
18/02/08 00:24	zhengxwen/SNPRelate	master
18/02/08 00:23	edzer/hexbin	master
18/02/08 00:18	edzer/hexbin	master
18/02/08 00:08	edzer/hexbin	master
18/02/08 00:06	StoreyLab/qvalue	master
18/02/08 00:01	yihui/knitr	master
18/02/08 00:00	sinhrks/ggfortify	master
18/02/07 00:36	hadley/lubridate	master
18/02/07 00:35	tidyverse/lubridate	master
18/02/07 00:21	RGLab/opencytoCL	master
18/02/06 00:42	rpremraj/mailR	master
18/02/06 00:41	rpremraj/mailR	master
18/02/06 00:07	hoxo-m/pforeach	master
18/02/05 00:27	alyst/MotIV	master
18/02/05 00:10	rstats-db/RMySQL	master
18/02/03 00:40	mgledi/DiffLogo	master
18/01/30 00:16	mkearney/rtweet	master
