18/03/20 20:15	hoxo-m/magicfor	master
18/03/20 20:15	hoxo-m/magicfor	master
18/03/20 17:50	ao90/PRIM	master
18/03/20 17:30	phubers/erlang	master
18/03/20 17:30	ao90/PRIM	master
18/03/20 16:39	wbuchanan/concerto	master
18/03/20 16:13	rstudio/DT	master
18/03/20 16:12	tidyverse/tidyverse	master
18/03/20 16:08	tidyverse/tidyverse	master
18/03/20 15:56	LasseHjort/cuRe	develop
18/03/20 15:53	robjhyndman/forecast	master
18/03/20 15:46	ujjwalkarn/xda	master
18/03/20 15:40	ropenscilabs/jaod	master
18/03/20 15:36	DataSciBurgoon/aop	master
18/03/20 15:35	hbc/bcbioSinglecell	master
18/03/20 15:34	RcppCore/Rcpp	master
18/03/20 15:31	Lakens/TOSTER	master
18/03/20 15:31	hbc/bcbioSinglecell	master
18/03/20 15:30	DataSciBurgoon/aop	master
18/03/20 15:29	kasperdanielhansen/Rgraphviz	master
18/03/20 15:24	Bioconductor/graph	master
18/03/20 15:10	hbc/bcbioSinglecell	master
18/03/20 15:09	roryk/bcbioSinglecell	master
18/03/20 15:08	DataSciBurgoon/aop	master
18/03/20 15:05	nmecsys/nowcasting	master
18/03/20 15:02	nmecsys/nowcasting	master
18/03/20 13:51	explodecomputer/alspac	master
18/03/20 13:50	kassambara/datarium	master
18/03/20 13:30	explodecomputer/alspac	master
18/03/20 13:24	explodecomputer/alspac	master
18/03/20 13:15	explodecomputer/alspac	master
18/03/20 13:13	explodecomputer/alspac	master
18/03/20 13:08	explodecomputer/alspac	master
18/03/20 13:05	explodecomputer/alspac	master
18/03/20 13:02	explodecomputer/alspac	master
18/03/20 12:42	mobilizingcs/mobilizr	master
18/03/20 12:41	mrgsolve/openmodel	master
18/03/20 12:38	explodecomputer/alspac	master
18/03/20 12:35	explodecomputer/alspac	master
18/03/20 12:34	explodecomputer/alspac	master
18/03/20 09:37	mkearney/rtweet	master
18/03/20 08:31	LasseHjort/cuRe	develop
18/03/20 08:31	ymattu/rjumanpp	master
18/03/20 08:29	LasseHjort/cuRe	develop
18/03/20 08:27	LasseHjort/cuRe	develop
18/03/20 08:26	LasseHjort/cuRe	develop
18/03/20 08:25	LasseHjort/cuRe	develop
18/03/20 08:25	LasseHjort/cuRe	develop
18/03/20 08:24	LasseHjort/cuRe	develop
18/03/20 08:22	mclements/rstpm2	develop
18/03/20 06:54	hoxo-m/prophetExt	master
18/03/20 03:06	hbc/bcbioSinglecell	master
18/03/18 00:29	sinhrks/ggfortify	master
18/03/16 00:37	stnava/ITKR	master
18/03/15 00:38	JoshuaSlocum/kagglr	master
18/03/15 00:09	aminondo/iX-Rpackage	sc
18/03/14 00:40	BIMSBbioinfo/genomation	master
18/03/14 00:39	yihui/knitr	master
18/03/14 00:35	BIMSBbioinfo/genomation	master
18/03/12 00:08	mroberts/stmBrowser	master
18/03/12 00:07	methodds/stminsights	master
18/03/08 00:58	peterxeno/preprocessr	master
18/03/08 00:57	artichaud1/preprocessr	master
18/03/08 00:45	USGS-R/waterData	master
18/03/08 00:03	jdblischak/workflowr	master
18/03/08 00:01	jdblischak/workflowr	master
18/03/07 00:51	hadley/haven	master
18/03/07 00:20	ropensci/tabulizer	master
18/03/07 00:20	ropensci/tabulizerjars	master
18/03/07 00:13	sjmgarnier/viridis	master
18/03/06 00:08	GuangchuangYu/ggtree	master
18/03/05 00:38	gavinsimpson/tsgam	master
18/03/02 00:59	ECO230/eco230r	master
18/03/02 00:42	ropensci/ghql	master
18/03/02 00:08	ECO230/eco230r	master
18/03/02 00:04	ECO230/eco230r	master
18/03/02 00:04	ECO230/eco230r	master
18/03/02 00:04	ECO230/eco230r	master
18/03/02 00:03	ECO230/eco230r	master
18/02/28 00:58	ECO230/eco230r	master
18/02/28 00:41	kbroman/horizon	master
18/02/28 00:16	ECO230/eco230r	master
18/02/28 00:10	ECO230/eco230r	master
18/02/28 00:10	ECO230/eco230r	master
18/02/28 00:10	ECO230/eco230r	master
18/02/27 00:45	renozao/NMF	devel
18/02/27 00:39	tidyverse/haven	master
18/02/27 00:35	tidyverse/haven	master
18/02/27 00:00	ECO230/eco230r	master
18/02/26 00:55	James-Thorson/FishLife	master
18/02/24 00:41	briofons/R-Package-RJIRA	master
18/02/21 00:26	hoxo-m/prophetExt	master
18/02/20 00:29	pdrano/IKTrading	master
18/02/20 00:08	pdrano/IKTrading	master
18/02/18 00:21	yuanli22/RCUDA	master
18/02/18 00:07	duncantl/RCUDA	master
