18/07/26 15:19	dahtah/vecpack	master
18/07/26 15:18	asgr/simpack	master
18/07/26 13:51	hadley/ggplot2	49619b7
18/07/26 12:25	ujjwalkarn/xda	master
18/07/26 12:15	ujjwalkarn/xda	master
18/07/26 11:19	Habet/CSE270	master
18/07/26 09:53	czarrar/niftir	master
18/07/26 09:35	ropensci/plotly	d0384
18/07/26 09:32	Displayr/flipChoice	master
18/07/26 09:31	Displayr/flipMaxDiff	master
18/07/26 09:29	Displayr/flipMaxDiff	master
18/07/26 09:26	Displayr/flipMaxDiff	master
18/07/26 09:23	Displayr/flipMaxDiff	master
18/07/26 09:19	Displayr/flipMaxDiff	master
18/07/26 09:18	Displayr/flipStandardCharts	master
18/07/26 09:12	kwojdalski/rpm2	master
18/07/26 09:12	Displayr/flipStandardCharts	master
18/07/26 09:12	Displayr/flipStandardCharts	master
18/07/26 09:07	Displayr/flipMaxDiff	master
18/07/26 09:05	hadley/tidyverse	master
18/07/26 09:05	RcppCore/Rcpp	master
18/07/26 09:03	Displayr/flipTransformations	master
18/07/26 09:03	hadley/tidyverse	master
18/07/26 09:02	hadley/tidyverse	master
18/07/26 09:02	dgrtwo/broom	master
18/07/26 08:48	leeper/rite	master
18/07/26 08:18	Displayr/flipData	master
18/07/26 08:17	Displayr/flipTransformations	master
18/07/26 08:16	Displayr/flipData	master
18/07/26 07:55	twitter/AnomalyDetection	master
18/07/26 07:33	tidyverse/lubridate	master
18/07/26 07:21	bnosac/taskscheduleR	master
18/07/26 06:56	bnosac/taskscheduleR	master
18/07/26 06:33	Displayr/flipChoice	master
18/07/26 05:41	bgreenwell/mertree	master
18/07/26 04:57	braverock/blotter	master
18/07/26 04:32	braverock/blotter	master
18/07/26 04:31	braverock/quantstrat	master
18/07/26 04:28	braverock/quantstrat	master
18/07/26 04:25	braverock/blotter	master
18/07/26 04:23	braverock/FinancialInstrument	master
18/07/26 02:56	mrke/NicheMapR	master
18/07/26 02:55	mrke/NicheMapR	master
18/07/26 02:13	vqv/ggbiplot	master
18/07/26 01:49	vqv/ggbiplot	master
18/07/26 01:30	vqv/ggbiplot	master
18/07/26 01:23	vqv/ggbiplot	master
