18/09/09 14:39	cloudyr/Rmonkey	master
18/09/09 13:52	waldronlab/MultiAssayShiny	master
18/09/09 13:29	ujjwalkarn/xda	master
18/09/09 13:26	hoxo-m/magicfor	master
18/09/09 12:07	KNMI/knmiR	master
18/09/09 11:57	regbook/regbook	master
18/09/09 11:57	regbook/regbook	master
18/09/09 10:55	thomasp85/patchwork	master
18/09/09 10:11	statsmaths/genlasso	master
18/09/09 09:51	statsmaths/genlasso	master
18/09/09 05:47	DrylandEcology/rSOILWAT2	master
18/09/09 05:46	Burke-Lauenroth-Lab/rSOILWAT2	master
18/09/09 05:38	DrylandEcology/rSOILWAT2	master
18/09/09 05:22	DrylandEcology/rSFSW2	master
18/09/09 05:20	Burke-Lauenroth-Lab/rSOILWAT2	master
18/09/09 05:17	DrylandEcology/rSOILWAT2	master
18/09/09 05:15	DrylandEcology/rSOILWAT2	master
18/09/09 05:10	Burke-Lauenroth-Lab/rSOILWAT2	master
18/09/09 05:09	DrylandEcology/rSOILWAT2	master
18/09/09 05:03	vqv/ggbiplot	master
18/09/09 03:35	vqv/ggbiplot	master
18/09/09 02:04	RGLab/flowMerge	trunk
18/09/09 02:02	RGLab/flowMerge	trunk
18/09/09 02:02	RGLab/flowMerge	trunk
18/09/09 01:58	sinhrks/ggfortify	master
18/09/09 00:02	vqv/ggbiplot	master
18/09/08 00:46	att/rcloud.rmd	master
18/09/08 00:46	att/rcloud.rmd	master
18/09/08 00:43	att/rcloud.rmd	master
18/09/08 00:43	att/rcloud.rmd	master
18/09/08 00:42	att/rcloud.flexdashboard	master
18/09/08 00:42	att/rcloud.rmd	master
18/09/08 00:42	att/rcloud.flexdashboard	master
18/09/08 00:42	att/rcloud.shiny	master
18/09/08 00:41	att/rcloud.htmlwidgets	master
18/09/07 00:58	benjamin-merkel/probGLS	master
18/09/07 00:53	hadley/ggplot2	master
18/09/06 00:53	mrke/NicheMapR	master
18/09/06 00:34	mrke/NicheMapR	master
18/09/06 00:06	vegandevs/vegan	master
18/09/03 00:12	kassambara/easyGgplot2	master
18/08/30 00:53	ricardo-bion/ggradar	master
18/08/30 00:48	ricardo-bion/ggradar	master
18/08/29 00:47	rstudio/leaflet	master
18/08/29 00:42	rstudio/leaflet	master
18/08/28 00:09	jutako/Rtools	master
18/08/27 00:14	aoles/EBImage	master
18/08/24 00:06	ramnathv/rCharts	master
18/08/24 00:06	ramnathv/rCharts	master
18/08/24 00:03	taiyun/corrplot	master
18/08/24 00:03	taiyun/corrplot	master
18/08/23 00:37	ropensci/tabulizerjars	master
18/08/22 00:49	ymattu/rjumanpp	master
18/08/22 00:48	ymattu/rjumanpp	master
18/08/22 00:31	Triamus/mandat	Fix-Mac-fopenmp-Issue
18/08/21 00:50	bacollier/moveud	master
18/08/18 00:45	ewenme/fplR	master
18/08/18 00:18	neuroconductor/extrantsr	master
18/08/16 00:11	BruceKendall/PVA	master
18/08/11 00:30	ramnathv/slidify	master
18/08/11 00:30	ramnathv/rCharts	master
18/08/11 00:14	uribo/jpndistrict	add_light_rds
