18/09/04 19:50	SachaEpskamp/bootnet	master
18/09/04 19:47	metrumresearchgroup/TorstenHeaders	master
18/09/04 19:46	metrumresearchgroup/TorstenHeaders	master
18/09/04 19:45	SachaEpskamp/bootnet	master
18/09/04 19:37	SachaEpskamp/bootnet	master
18/09/04 19:36	SachaEpskamp/bootnet	master
18/09/04 19:33	SachaEpskamp/bootnet	master
18/09/04 19:33	SachaEpskamp/bootnet	master
18/09/04 18:55	metrumresearchgroup/TorstenHeaders	master
18/09/04 18:54	metrumresearchgroup/TorstenHeaders	master
18/09/04 18:28	osofr/gridisl	master
18/09/04 15:33	r-gris/tidyff	master
18/09/04 15:04	tidyverse/readr	master
18/09/04 14:37	dkahle/ggmap	%23202
18/09/04 14:36	lawremi/cairoDevice	master
18/09/04 14:35	dkahle/ggmap	%23202
18/09/04 14:35	omegahat/XML	master
18/09/04 14:26	mages/ChainLadder	master
18/09/04 14:16	richierocks/rebus	master
18/09/04 14:09	awalker89/openxlsx	master
18/09/04 14:09	joshuaulrich/TTR	master
18/09/04 14:08	rstats-db/RSQLite	master
18/09/04 14:07	rstats-db/RMySQL	master
18/09/04 14:05	melff/memisc	master
18/09/04 13:57	grayskripko/rattle	master
18/09/04 13:56	grayskripko/rattle	master
18/09/04 13:51	majkamichal/naivebayes	master
18/09/04 13:50	RcppCore/RcppArmadillo	master
18/09/04 13:48	hadley/tidyverse	master
18/09/04 13:46	hadley/lubridate	master
18/09/04 13:46	hadley/tidyverse	master
18/09/04 13:39	hadley/lubridate	master
18/09/04 13:37	ahvigil/randomForest	master
18/09/04 13:37	andeek/rpart	master
18/09/04 13:35	AdrienLeGuillou/descriptor	master
18/09/04 13:11	rstudio/shinythemes	master
18/09/04 13:11	trestletech/shinyAce	master
18/09/04 13:11	rstudio/shiny	master
18/09/04 13:08	jwijffels/ETLUtils	master
18/09/04 13:07	melff/memisc	master
18/09/04 13:05	edwindj/ffbase	master
18/09/04 11:53	grayskripko/rattle	master
18/09/04 11:52	andeek/rpart	master
18/09/04 10:57	gisma/uavRst	master
18/09/04 10:48	tidyverse/ggplot2	master
18/09/04 09:53	dgrtwo/rparse	master
18/09/04 09:52	dgrtwo/rparse	master
18/09/04 07:58	Dectech/DectechR	master
18/09/04 07:45	labressler/multts	master
18/09/04 07:27	hrbrmstr/waffle	master
18/09/04 07:16	yixuan/fontemoji	master
18/09/04 06:47	SMAC-Group/simts	master
18/09/04 06:40	SMAC-Group/simts	master
18/09/04 06:29	SMAC-Group/wv	master
18/09/04 06:27	SMAC-Group/simts	master
18/09/04 06:26	SMAC-Group/simts	master
18/09/04 06:03	ahvigil/randomForest	master
18/09/04 06:03	majkamichal/naivebayes	master
18/09/04 01:01	sinhrks/ggfortify	master
18/09/03 00:12	kassambara/easyGgplot2	master
18/08/30 00:53	ricardo-bion/ggradar	master
18/08/30 00:48	ricardo-bion/ggradar	master
18/08/29 00:47	rstudio/leaflet	master
18/08/29 00:42	rstudio/leaflet	master
18/08/28 00:09	jutako/Rtools	master
18/08/27 00:14	aoles/EBImage	master
18/08/24 00:06	ramnathv/rCharts	master
18/08/24 00:06	ramnathv/rCharts	master
18/08/24 00:03	taiyun/corrplot	master
18/08/24 00:03	taiyun/corrplot	master
18/08/23 00:37	ropensci/tabulizerjars	master
18/08/22 00:49	ymattu/rjumanpp	master
18/08/22 00:48	ymattu/rjumanpp	master
18/08/22 00:31	Triamus/mandat	Fix-Mac-fopenmp-Issue
18/08/21 00:50	bacollier/moveud	master
18/08/18 00:45	ewenme/fplR	master
18/08/18 00:18	neuroconductor/extrantsr	master
18/08/16 00:11	BruceKendall/PVA	master
18/08/11 00:30	ramnathv/slidify	master
18/08/11 00:30	ramnathv/rCharts	master
18/08/11 00:14	uribo/jpndistrict	add_light_rds
18/08/09 00:39	rstudio/blogdown	master
18/08/07 00:17	drsimonj/corrr	master
