18/09/06 15:53	hrbrmstr/albersusa	master
18/09/06 15:49	gavinsimpson/tsgam	master
18/09/06 15:47	gavinsimpson/tsgam	master
18/09/06 14:46	eliocamp/metR	master
18/09/06 14:06	RcppCore/RcppEigen	master
18/09/06 13:49	trestletech/shinyTree	master
18/09/06 13:39	trinker/pacman	master
18/09/06 12:50	gjuggler/ape	master
18/09/06 12:24	rstats-db/odbc	master
18/09/06 11:03	rstats-db/odbc	master
18/09/06 10:45	dashee87/footballR	master
18/09/06 09:26	rstats-db/odbc	master
18/09/06 09:15	rstats-db/odbc	master
18/09/06 09:08	tidyverse/ggplot2	d697622
18/09/06 09:06	tidyverse/ggplot2	d697622
18/09/06 09:04	rstats-db/odbc	master
18/09/06 09:00	jonathon-love/car	master
18/09/06 08:58	rstats-db/odbc	master
18/09/06 08:55	rstats-db/odbc	master
18/09/06 08:29	drizopoulos/JMbayes	master
18/09/06 08:29	rstats-db/odbc	master
18/09/06 08:26	drizopoulos/JMbayes	master
18/09/06 08:17	drizopoulos/JMbayes	master
18/09/06 08:15	drizopoulos/JMbayes	master
18/09/06 08:12	drizopoulos/JMbayes	master
18/09/06 08:10	drizopoulos/JMbayes	master
18/09/06 08:08	drizopoulos/JMbayes	master
18/09/06 08:01	drizopoulos/JMbayes	master
18/09/06 07:59	drizopoulos/JMbayes	master
18/09/06 07:57	drizopoulos/JMbayes	master
18/09/06 07:55	drizopoulos/JMbayes	master
18/09/06 07:54	drizopoulos/JMbayes	master
18/09/06 07:51	drizopoulos/JMbayes	master
18/09/06 07:25	rstats-db/odbc	master
18/09/06 07:16	hadley/sloop	master
18/09/06 07:11	rstats-db/odbc	master
18/09/06 07:03	rstats-db/odbc	master
18/09/06 06:42	rstats-db/odbc	master
18/09/06 06:32	rstats-db/odbc	master
18/09/06 06:13	rstats-db/odbc	master
18/09/06 06:03	rstats-db/odbc	master
18/09/06 05:52	rstats-db/odbc	master
18/09/06 05:47	rstats-db/odbc	master
18/09/06 05:42	rstats-db/odbc	master
18/09/06 02:00	baptiste/gridextra	master
