18/03/24 22:06	IlyaKipnis/DSTrading	master
18/03/24 21:52	IlyaKipnis/DSTrading	master
18/03/24 20:47	mlr-org/mlr	forecasting
18/03/24 17:50	braverock/quantstrat	master
18/03/24 17:49	braverock/blotter	master
18/03/24 17:37	Chicago/RSocrata	master
18/03/24 17:15	pdrano/IKTrading	master
18/03/24 17:10	braverock/quantstrat	master
18/03/24 17:06	R-Finance/quantstrat	master
18/03/24 16:17	tidyverse/purrr	master
18/03/24 15:22	timelyportfolio/d3treeR	master
18/03/24 10:24	VermeirJellen/PoloniexR	master
18/03/24 10:20	Rb-Engineering/PoloniexR	master
18/03/24 08:53	kthohr/BMR	master
18/03/24 03:01	JEFworks/canvasXpressR	master
18/03/24 01:40	njtierney/broomstick	master
18/03/24 00:43	SachaEpskamp/semPlot	master
18/03/23 00:07	r-lib/rlang	master
18/03/23 00:06	tidyverse/rlang	master
18/03/22 00:12	gabrielrvsc/HDeconometrics	master
18/03/21 00:54	cbw1243/marginalfit	master
18/03/21 00:45	umerijaz/microbiomeSeq	master
18/03/18 00:29	sinhrks/ggfortify	master
18/03/16 00:37	stnava/ITKR	master
18/03/15 00:38	JoshuaSlocum/kagglr	master
18/03/15 00:09	aminondo/iX-Rpackage	sc
18/03/14 00:40	BIMSBbioinfo/genomation	master
18/03/14 00:39	yihui/knitr	master
18/03/14 00:35	BIMSBbioinfo/genomation	master
18/03/12 00:08	mroberts/stmBrowser	master
18/03/12 00:07	methodds/stminsights	master
18/03/08 00:58	peterxeno/preprocessr	master
18/03/08 00:57	artichaud1/preprocessr	master
18/03/08 00:45	USGS-R/waterData	master
18/03/08 00:03	jdblischak/workflowr	master
18/03/08 00:01	jdblischak/workflowr	master
18/03/07 00:51	hadley/haven	master
18/03/07 00:20	ropensci/tabulizer	master
18/03/07 00:20	ropensci/tabulizerjars	master
18/03/07 00:13	sjmgarnier/viridis	master
18/03/06 00:08	GuangchuangYu/ggtree	master
18/03/05 00:38	gavinsimpson/tsgam	master
18/03/02 00:59	ECO230/eco230r	master
18/03/02 00:42	ropensci/ghql	master
18/03/02 00:08	ECO230/eco230r	master
18/03/02 00:04	ECO230/eco230r	master
18/03/02 00:04	ECO230/eco230r	master
18/03/02 00:04	ECO230/eco230r	master
18/03/02 00:03	ECO230/eco230r	master
18/02/28 00:58	ECO230/eco230r	master
18/02/28 00:41	kbroman/horizon	master
18/02/28 00:16	ECO230/eco230r	master
18/02/28 00:10	ECO230/eco230r	master
18/02/28 00:10	ECO230/eco230r	master
18/02/28 00:10	ECO230/eco230r	master
18/02/27 00:45	renozao/NMF	devel
18/02/27 00:39	tidyverse/haven	master
18/02/27 00:35	tidyverse/haven	master
18/02/27 00:00	ECO230/eco230r	master
18/02/26 00:55	James-Thorson/FishLife	master
18/02/24 00:41	briofons/R-Package-RJIRA	master
