18/12/12 13:59	rstudio/shiny	master
18/12/12 13:01	chiefmurph/mondate	master
18/12/12 11:59	talgalili/installr	master
18/12/12 11:38	Trackage/rgos	master
18/12/12 11:38	Trackage/rgos	master
18/12/12 09:44	hfgolino/EGA	master
18/12/12 08:48	strengejacke/sjPlot	master
18/12/12 08:37	Pooja-Rajkumar/rectools	master
18/12/12 08:22	cdiener/dycone	master
18/12/12 08:16	cdiener/dycone	master
18/12/12 07:59	jmarshallnz/lpSolve	master
18/12/12 07:59	cdiener/dycone	master
18/12/12 07:55	MattjCamp/wicher	master
18/12/12 07:54	hdng/clonevol	master
18/12/12 07:50	ChrisMaherLab/ClonEvol	master
18/12/12 05:07	hrbrmstr/albersusa	master
18/12/12 04:31	alexsanjoseph/compareDF	master
18/12/12 02:18	IlyaKipnis/DSTrading	master
18/12/12 02:16	pdrano/IKTrading	master
18/12/12 02:13	eddelbuettel/inline	master
18/12/12 02:12	johnmchambers/roxygen2	master
