18/07/02 10:56	dleutnant/influxdbr	master
18/07/02 10:56	dleutnant/influxdbr	master
18/07/02 10:45	dleutnant/influxdbr	master
18/07/02 10:42	tidyverse/dplyr	master
18/07/02 10:38	rlbarter/superheat	master
18/07/02 10:09	MadsAlbertsen/ampvis2	master
18/07/02 10:04	Rdatatable/data.table	master
18/07/02 10:03	Rdatatable/data.table	master
18/07/02 10:02	Rdatatable/data.table	master
18/07/02 10:01	MadsAlbertsen/ampvis2	master
18/07/02 09:57	umerijaz/microbiomeSeq	master
18/07/02 09:55	umerijaz/microbiomeSeq	master
18/07/02 09:54	umerijaz/microbiomeSeq	master
18/07/02 09:15	lch14forever/microbiomeViz	master
18/07/02 09:13	lch14forever/microbiomeViz	master
18/07/02 09:12	joey711/phyloseq	master
18/07/02 09:10	lch14forever/microbiomeViz	master
18/07/02 09:09	GuangchuangYu/ggtree	e183e7d14f90a799a69f8298751dbde2600caf93
18/07/02 09:06	GuangchuangYu/ggtree	1.11.4
18/07/02 08:15	IRkernel/IRkernel	master
18/07/02 05:10	IRkernel/IRkernel	master
18/07/02 05:09	duncantl/RGoogleStorage	master
18/07/02 05:08	LudvigOlsen/splitChunk	master
18/07/02 05:07	ColinFay/aside	master
18/07/02 04:04	hoxo-m/prophetExt	master
18/07/02 03:33	vinhtantran/monoClust	master
18/07/02 03:03	nicebread/RSA	master
18/07/02 00:44	maRce10/warbleR	master
18/07/02 00:43	maRce10/warbleR	master
18/07/01 00:43	AndrewLJackson/siar	v4.2.3
18/07/01 00:36	AndrewLJackson/siar	v4.2.3
18/07/01 00:33	AndrewLJackson/siar	v4.2.3
18/07/01 00:33	AndrewLJackson/siar	v4.2.3
18/07/01 00:07	AndrewLJackson/siar	v4.2.3
18/07/01 00:05	AndrewLJackson/siar	v4.2.3
18/06/30 00:36	kevjohnson/healthdata	master
18/06/28 00:37	PeteHaitch/Aclust	master
18/06/28 00:25	benmoran11/rubias	master
18/06/27 00:04	RGLab/flowWorkspaceData	master
18/06/23 00:25	ddionrails/r2ddi	master
18/06/22 00:10	slfan2013/SERRFweb	master
18/06/21 00:46	aliceyiwang/mvabund	master
18/06/21 00:34	aliceyiwang/mvabund	master
18/06/21 00:17	aliceyiwang/mvabund	master
18/06/20 00:25	vqv/ggbiplot	master
18/06/19 00:53	mdavis29/Rcode	master
18/06/19 00:29	pachterlab/sleuth	master
18/06/18 00:33	sinhrks/ggfortify	master
18/06/16 00:02	kciomek/rorutadis	master
18/06/15 00:59	fernandabruno/musixmatchR	master
18/06/15 00:58	Gibbsdavidl/ConsensusClusterParallelPlus	master
18/06/15 00:54	tidyverse/tidyr	master
18/06/15 00:49	Arthurhe/Lightbulb	master
18/06/15 00:35	sgibb/benchgit	master
18/06/15 00:35	braverock/PortfolioAnalytics	master
18/06/15 00:32	R-Finance/RTAQ	master
18/06/15 00:31	R-Finance/FactorAnalytics	master
18/06/15 00:30	R-Finance/MPO	master
18/06/15 00:27	R-Finance/PApages	master
18/06/15 00:25	R-Finance/PortfolioAttribution	master
18/06/15 00:24	R-Finance/PortfolioAttribution	master
18/06/15 00:22	R-Finance/xtime	master
18/06/15 00:20	R-Finance/blotter	master
18/06/15 00:18	romainfrancois/nothing	master
18/06/15 00:18	joshuaulrich/TTR	master
18/06/15 00:16	joshuaulrich/xts	master
18/06/15 00:12	R-Finance/Meucci	master
18/06/12 00:31	mountainMath/cmhc	master
18/06/12 00:30	mountainMath/cancensus	master
18/06/12 00:30	patperry/rhdf5	master
18/06/12 00:26	patperry/rhdf5	master
18/06/12 00:21	patperry/rhdf5	master
18/06/07 00:34	tidyverse/ggplot2	master
18/06/07 00:32	LarsRichter82/larspack	master
18/06/07 00:31	cwickham/munsell	master
18/06/07 00:29	MichaelMalick/r-chroma	master
18/06/07 00:27	hadley/scales	master
18/06/07 00:26	hadley/scales	master
18/06/07 00:24	hadley/gtable	master
18/06/06 00:51	drizopoulos/JMbayes	master
18/06/06 00:28	hrbrmstr/taucharts	master
18/06/05 00:32	jrlockwood/eivtools	master
18/06/05 00:28	palmer0914/ML_for_Hackers	master
18/06/05 00:28	palmer0914/ML_for_Hackers	master
18/06/05 00:00	ujjwalkarn/xda	master
