18/01/04 19:44	trnnick/TStools	master
18/01/04 19:43	ropenscilabs/tabulizer	master
18/01/04 19:42	trnnick/TStools	master
18/01/04 19:39	ropensci/tabulizerjars	master
18/01/04 19:38	leeper/tabulizer	master
18/01/04 19:37	Logiwo/tabulizer	master
18/01/04 19:37	ropenscilabs/tabulizer	master
18/01/04 19:35	ropensci/tabulizer	master
18/01/04 19:25	dgrtwo/gganimate	26ec501
18/01/04 19:24	dgrtwo/gganimate	26ec501
18/01/04 18:53	BavoDC/CalibrationCurves	master
18/01/04 16:57	ujjwalkarn/xda	master
18/01/04 13:03	ujjwalkarn/xda	master
18/01/04 13:00	ujjwalkarn/xda	master
18/01/04 13:00	ujjwalkarn/xda	master
18/01/04 12:54	twitter/AnomalyDetection	master
18/01/04 12:17	hadley/precis	master
18/01/04 12:15	hadley/ggplot2	master
18/01/04 11:41	vqv/ggbiplot	master
18/01/04 09:22	gavinsimpson/ggvegan	master
18/01/04 09:12	mikemeredith/makeJAGSmask	master
18/01/04 07:13	christophergandrud/networkD3	master
18/01/04 06:12	jonkatz2/rmongodb	master
18/01/04 06:10	jonkatz2/rmongodb	master
18/01/04 06:02	jonkatz2/rmongodb	master
18/01/04 05:57	SMAPPNYU/smappR	master
18/01/04 02:11	stnava/ANTsR	master
18/01/04 02:07	stnava/ITKR	master
18/01/04 01:48	ndphillips/VisualResume	master
18/01/03 00:17	Bioconductor/GSEABase	master
18/01/03 00:17	Bioconductor/GSEABase	master
18/01/03 00:16	Bioconductor/GSEABase	master
18/01/02 00:50	hoxo-m/prophetExt	master
18/01/02 00:13	alstat/rface	master
18/01/02 00:10	alstat/rface	master
17/12/31 00:30	hrbrmstr/ggalt	master
17/12/31 00:28	Bioconductor/BiocGenerics	master
17/12/31 00:10	gustavobio/semeco	master
17/12/31 00:05	gustavobio/semeco	master
17/12/31 00:04	gustavobio/semeco	master
17/12/31 00:01	gustavobio/semeco	master
17/12/28 00:25	IQSS/Zelig	master
17/12/27 00:02	tomvar/bundling	master
17/12/17 00:55	ujjwalkarn/xda	master
17/12/16 00:24	ColtoCaro/compMS	master
17/12/15 00:59	crsh/papaja	master
17/12/15 00:57	crsh/papaja	master
17/12/15 00:56	crsh/papaja	master
17/12/14 00:22	tlafarge/alphashape3d	master
17/12/14 00:11	tlafarge/alphashape3d	master
17/12/13 00:38	hrbrmstr/nominatim	master
17/12/12 00:54	BioStatMatt/sas7bdat.parso	master
17/12/12 00:53	BioStatMatt/sas7bdat.parso	master
17/12/12 00:50	BioStatMatt/sas7bdat.parso	master
17/12/12 00:45	BioStatMatt/sas7bdat.parso	master
17/12/07 00:29	gvegayon/twitterreport	master
17/12/07 00:27	gvegayon/twitterreport	master
17/12/07 00:20	seanchrismurphy/twtools	master
17/12/07 00:16	seanchrismurphy/twtools	master
17/12/07 00:15	seanchrismurphy/twtools	master
