18/10/26 19:55	statsmaths/genlasso	master
18/10/26 19:55	statsmaths/genlasso	master
18/10/26 19:53	lhmet/inmetr	master
18/10/26 19:31	gustavobio/inmet	master
18/10/26 19:30	renkun-ken/pipeR	master
18/10/26 18:30	brandmaier/onyx	master
18/10/26 17:45	dbarneche/envPred	master
18/10/26 17:41	dbarneche/envPred	master
18/10/26 17:39	dbarneche/envPred	master
18/10/26 17:36	dbarneche/envPred	master
18/10/26 14:51	gyang274/ygdashboard	master
18/10/26 13:26	vqv/ggbiplot	master
18/10/26 12:37	gastonstat/arcdiagram	master
18/10/26 11:37	vqv/ggbiplot	master
18/10/26 11:30	vqv/ggbiplot	master
18/10/26 11:30	vqv/ggbiplot	master
18/10/26 11:30	jutako/Rtools	master
18/10/26 11:29	vqv/ggbiplot	master
18/10/26 11:24	jutako/Rtools	master
18/10/26 11:19	amurali2/cats	master
18/10/26 11:19	vqv/ggbiplot	master
18/10/26 10:05	stmueller/pathmapping	master
18/10/26 07:54	twitter/AnomalyDetection	master
18/10/26 04:57	okugami79/sentiment140	master
18/10/23 00:53	drizopoulos/JMbayes	master
18/10/23 00:49	drizopoulos/JMbayes	master
18/10/23 00:19	slowkow/ggrepel	master
18/10/21 00:24	belasi01/RspectroAbs	master
18/10/21 00:12	nclark-lab/RERconverge	master
18/10/18 00:36	dkahle/ggmap	master
18/10/11 00:33	sbfnk/fitR	master
18/10/05 00:48	Albluca/ElPiGraph.R	master
18/10/05 00:47	alexgenin/miscutils	master
18/10/05 00:46	alexgenin/miscutils	master
18/10/05 00:23	jbryer/likert	master
18/10/05 00:21	dgrtwo/snippr	master
18/10/03 00:54	gavinsimpson/ggvegan	master
18/10/03 00:53	amberalpha/toypkg	master
