18/04/17 17:57	jolars/eulerr	master
18/04/17 17:49	rstudio/DT	66a54c7
18/04/17 17:46	lixiangchun/lxctk	master
18/04/17 17:18	gbm-developers/gbm3	master
18/04/17 17:13	pbreheny/visreg	master
18/04/17 17:07	mclements/rstpm2	develop
18/04/17 16:55	functionaldata/tPACE	trajectCvg
18/04/17 16:44	gbm-developers/gbm3	master
18/04/17 16:37	seantuck12/MODISTools	master
18/04/17 16:36	seantuck12/MODISTools	master
18/04/17 16:35	seantuck12/MODISTools	master
18/04/17 16:30	mlr-org/mlr	forecasting
18/04/17 15:38	ropensci/tabulizerjars	master
18/04/17 15:34	ropensci/tabulizer	master
18/04/17 15:16	twitter/AnomalyDetection	master
18/04/17 15:12	twitter/AnomalyDetection	master
18/04/17 15:02	davidADSP/xgboostExplainer	master
18/04/17 14:56	AppliedDataSciencePartners/xgboostExplainer	master
18/04/17 14:14	yangjl/imputeR	master
18/04/17 14:07	jonesor/Rcompadre	master
18/04/17 14:02	jwbannister/Rowens	master
18/04/17 14:00	jonesor/Rcompadre	master
18/04/17 13:59	jonesor/Rcompadre	master
18/04/17 13:55	ujjwalkarn/xda	master
18/04/17 13:47	twitter/AnomalyDetection	master
18/04/17 13:25	twitter/AnomalyDetection	master
18/04/17 13:15	robinspollak/R.openFEC	master
18/04/17 13:10	kassambara/factoextra	master
18/04/17 13:08	kassambara/factoextra	master
18/04/17 11:47	AppliedDataSciencePartners/xgboostExplainer	master
18/04/17 11:47	AppliedDataSciencePartners/xgboostExplainer	master
18/04/17 11:35	ujjwalkarn/xda	master
18/04/17 09:27	hoxo-m/prophetExt	master
18/04/17 09:03	satijalab/seurat	master
18/04/17 08:55	satijalab/seurat	master
18/04/17 08:39	dkrozelle/s3r	master
18/04/17 08:39	dkrozelle/s3r	master
18/04/17 08:38	dkrozelle/s3r	master
18/04/17 08:37	dkrozelle/s3r	master
18/04/17 08:36	dkrozelle/s3r	master
18/04/17 08:36	dkrozelle/s3r	master
18/04/17 08:35	dkrozelle/s3r	master
18/04/17 08:34	dkrozelle/s3r	master
18/04/17 08:33	dkrozelle/s3r	master
18/04/17 08:30	dkrozelle/s3r	master
18/04/17 08:17	mjockers/syuzhet	master
18/04/17 08:13	MarioniLab/DropletUtils	master
18/04/17 07:53	twitter/AnomalyDetection	master
18/04/17 07:50	twitter/AnomalyDetection	master
18/04/17 07:49	svanbelle/multiagree	master
18/04/17 07:45	davnn/stopwords	master
18/04/17 07:44	koheiw/stopwords	master
18/04/17 07:29	hoxo-m/prophetExt	master
18/04/17 07:22	hoxo-m/prophetExt	master
18/04/17 07:20	hoxo-m/prophetExt	master
18/04/17 06:58	therneau/survival	master
18/04/17 06:57	therneau/survival	master
18/04/17 05:53	mlr-org/mlr	forecasting
18/04/17 05:02	ricardo-bion/ggradar	master
18/04/17 04:57	mskilab/JaBbA	addBrackets
18/04/17 03:51	ropensci/tabulizer	master
18/04/17 03:50	ropensci/tabulizerjars	master
18/04/17 03:41	leeper/tabulizer	master
18/04/17 03:40	leeper/tabulizer	master
18/04/17 03:40	leeper/tabulizerjars	master
18/04/17 03:39	leeper/tabulizerjars	master
18/04/17 03:38	leeper/tabulizer	master
18/04/17 03:38	leeper/tabulizerjars	master
18/04/17 03:37	leeper/tabulizer	master
18/04/17 03:37	leeper/tabulizerjars	master
18/04/17 03:23	ujjwalkarn/xda	master
18/04/17 03:03	ropensci/tabulizer	master
18/04/17 03:00	ropensci/tabulizer	master
18/04/17 03:00	ropensci/tabulizerjars	master
18/04/17 02:59	leeper/tabulizer	master
18/04/17 02:59	leeper/tabulizerjars	master
18/04/17 02:35	leeper/tabulizer	master
18/04/17 02:34	ropensci/tabulizerjars	master
18/04/17 02:13	kosukeimai/fastLink	master
18/04/15 00:35	dkahle/ggmap	master
18/04/11 00:30	ShinsukeSakai0321/PSFCalc	master
18/04/11 00:19	CambridgeAssessmentResearch/POSAC	master
18/04/11 00:05	ujjwalkarn/xda	master
18/04/10 00:35	rstudio/leaflet	master
18/04/10 00:34	rstudio/leaflet	master
18/04/10 00:33	rstudio/leaflet	master
18/04/10 00:32	rstudio/leaflet	master
18/04/06 00:34	kazutan/zousan	master
18/04/05 00:58	ropensci/bikedata	master
18/04/05 00:47	ropensci/bikedata	master
18/04/05 00:33	jennybc/googlesheets	master
18/04/05 00:31	jennybc/googlesheets	master
18/04/05 00:30	jennybc/googlesheets	master
18/04/05 00:26	jennybc/googlesheets	master
18/04/05 00:04	ao90/PRIM	master
18/03/30 00:39	mikemeredith/MMmisc	master
18/03/30 00:30	ECO230/eco230r	master
18/03/30 00:30	ECO230/eco230r	master
18/03/30 00:29	ECO230/eco230r	master
18/03/30 00:19	ropenscilabs/eechidna	master
18/03/30 00:13	ECO230/eco230r	master
18/03/30 00:10	ECO230/eco230r	master
18/03/30 00:10	ECO230/eco230r	master
18/03/29 00:33	ECO230/eco230r	master
18/03/28 00:52	ropensci/plotly	master
18/03/28 00:45	tidyverse/ggplot2	49619b7
18/03/28 00:36	ECO230/eco230r	master
18/03/28 00:35	ECO230/eco230r	master
18/03/24 00:43	SachaEpskamp/semPlot	master
18/03/23 00:07	r-lib/rlang	master
18/03/23 00:06	tidyverse/rlang	master
18/03/22 00:12	gabrielrvsc/HDeconometrics	master
18/03/21 00:54	cbw1243/marginalfit	master
18/03/21 00:45	umerijaz/microbiomeSeq	master
18/03/18 00:29	sinhrks/ggfortify	master
