18/03/08 15:52	bwlewis/doRedis	master
18/03/08 15:28	vqv/ggbiplot	master
18/03/08 14:18	trutscheld/samplingData	master
18/03/08 14:17	FeTaka/sampling	master
18/03/08 13:43	ndphillips/FFTrees	master
18/03/08 10:44	hrbrmstr/crafter	master
18/03/08 10:40	hrbrmstr/crafter	master
18/03/08 10:31	hrbrmstr/crafter	master
18/03/08 10:28	mclements/rstpm2	develop
18/03/08 09:50	hrbrmstr/crafter	master
18/03/08 07:22	sinhrks/ggfortify	master
18/03/08 07:10	hoxo-m/prophetExt	master
18/03/08 07:07	mikemeredith/makeJAGSmask	master
18/03/08 07:01	mikemeredith/makeJAGSmask	master
18/03/08 07:00	mikemeredith/makeJAGSmask	master
18/03/08 06:37	hoxo-m/prophetExt	master
18/03/08 06:35	hoxo-m/prophetExt	master
18/03/08 06:34	hoxo-m/prophetExt	master
18/03/08 06:34	hoxo-m/prophetExt	master
18/03/08 06:18	jankcorn/stockPortfolio	master
18/03/08 05:58	cszang/squadron	master
18/03/08 05:53	cszang/squadron	master
18/03/08 05:53	cszang/squadron	master
18/03/08 05:23	kosukeimai/CBPS	master
18/03/08 03:01	rstudio/shiny	async
18/03/08 02:45	ropensci/plotly	master
18/03/08 01:59	jdblischak/workflowr	master
18/03/08 01:11	thelinkan/tsl	master
18/03/08 01:08	USGS-R/waterData	master
18/03/08 00:58	peterxeno/preprocessr	master
18/03/08 00:57	artichaud1/preprocessr	master
18/03/08 00:45	USGS-R/waterData	master
18/03/08 00:03	jdblischak/workflowr	master
18/03/08 00:01	jdblischak/workflowr	master
18/03/07 00:51	hadley/haven	master
18/03/07 00:20	ropensci/tabulizer	master
18/03/07 00:20	ropensci/tabulizerjars	master
18/03/07 00:13	sjmgarnier/viridis	master
18/03/06 00:08	GuangchuangYu/ggtree	master
18/03/05 00:38	gavinsimpson/tsgam	master
18/03/02 00:59	ECO230/eco230r	master
18/03/02 00:42	ropensci/ghql	master
18/03/02 00:08	ECO230/eco230r	master
18/03/02 00:04	ECO230/eco230r	master
18/03/02 00:04	ECO230/eco230r	master
18/03/02 00:04	ECO230/eco230r	master
18/03/02 00:03	ECO230/eco230r	master
18/02/28 00:58	ECO230/eco230r	master
18/02/28 00:41	kbroman/horizon	master
18/02/28 00:16	ECO230/eco230r	master
18/02/28 00:10	ECO230/eco230r	master
18/02/28 00:10	ECO230/eco230r	master
18/02/28 00:10	ECO230/eco230r	master
18/02/27 00:45	renozao/NMF	devel
18/02/27 00:39	tidyverse/haven	master
18/02/27 00:35	tidyverse/haven	master
18/02/27 00:00	ECO230/eco230r	master
18/02/26 00:55	James-Thorson/FishLife	master
18/02/24 00:41	briofons/R-Package-RJIRA	master
18/02/21 00:26	hoxo-m/prophetExt	master
18/02/20 00:29	pdrano/IKTrading	master
18/02/20 00:08	pdrano/IKTrading	master
18/02/18 00:21	yuanli22/RCUDA	master
18/02/18 00:07	duncantl/RCUDA	master
18/02/15 00:39	twitter/AnomalyDetection	master
18/02/15 00:38	pdrano/IKTrading	master
18/02/14 00:55	Bioconductor/IRanges	c5f1471
18/02/14 00:53	Bioconductor/S4Vectors	d93b89f
18/02/14 00:53	Bioconductor/S4Vectors	d39b89f
18/02/14 00:52	Bioconductor/S4Vectors	0b2b49f
18/02/14 00:51	Bioconductor/S4Vectors	8334847
18/02/14 00:49	Bioconductor/BiocGenerics	39d0af5
18/02/14 00:48	Bioconductor/BiocGenerics	0985ec9
18/02/14 00:46	Bioconductor/BiocGenerics	fcc22c8
18/02/14 00:45	Bioconductor/BiocGenerics	9383d85
18/02/14 00:45	Bioconductor/BiocGenerics	9389d85
18/02/14 00:42	Bioconductor/BiocGenerics	master
18/02/14 00:41	ropensci/tabulizer	master
18/02/14 00:36	ropensci/tabulizerjars	master
18/02/14 00:18	MorphoFun/kraken	master
18/02/12 00:26	lrutter/ggenealogy	master
18/02/08 00:31	green-striped-gecko/dartR	master
18/02/08 00:26	isglobal-brge/SNPassoc	master
18/02/08 00:24	zhengxwen/SNPRelate	master
18/02/08 00:23	edzer/hexbin	master
18/02/08 00:18	edzer/hexbin	master
18/02/08 00:08	edzer/hexbin	master
18/02/08 00:06	StoreyLab/qvalue	master
18/02/08 00:01	yihui/knitr	master
18/02/08 00:00	sinhrks/ggfortify	master
18/02/07 00:36	hadley/lubridate	master
18/02/07 00:35	tidyverse/lubridate	master
18/02/07 00:21	RGLab/opencytoCL	master
18/02/06 00:42	rpremraj/mailR	master
18/02/06 00:41	rpremraj/mailR	master
18/02/06 00:07	hoxo-m/pforeach	master
