18/02/19 18:22	robjhyndman/forecast	master
18/02/19 17:28	Gibbsdavidl/CatterPlots	master
18/02/19 15:25	MigueBeneito/Final	master
18/02/19 14:20	antiphon/rcox	master
18/02/19 13:53	OpenMx/OpenMx	master
18/02/19 11:17	Ather-Energy/ggTimeSeries	master
18/02/19 11:16	Ather-Energy/ggTimeSeries	master
18/02/19 10:05	tarakc02/getcdw	master
18/02/19 10:04	langendorfr/netcom	master
18/02/19 09:52	boxuancui/DataExplorer	master
18/02/19 08:40	mrke/NicheMapR	master
18/02/19 08:39	mrke/NicheMapR	v1.1.3
18/02/19 08:38	mrke/NicheMapR	v1.1.2
18/02/19 08:38	mrke/NicheMapR	v1.1.2
18/02/19 08:36	mrke/NicheMapR	v1.1.1
18/02/19 08:25	mrke/NicheMapR	master
18/02/19 08:13	mrke/NicheMapR	master
18/02/19 07:45	mrke/NicheMapR	master
18/02/19 07:15	mrke/NicheMapR	master
18/02/19 07:15	mrke/NicheMapR	master
18/02/19 07:14	mrke/NicheMapR	master
18/02/19 07:02	mrke/NicheMapR	master
18/02/19 06:46	mrke/NicheMapR	master
18/02/18 00:21	yuanli22/RCUDA	master
18/02/18 00:07	duncantl/RCUDA	master
18/02/15 00:39	twitter/AnomalyDetection	master
18/02/15 00:38	pdrano/IKTrading	master
18/02/14 00:55	Bioconductor/IRanges	c5f1471
18/02/14 00:53	Bioconductor/S4Vectors	d93b89f
18/02/14 00:53	Bioconductor/S4Vectors	d39b89f
18/02/14 00:52	Bioconductor/S4Vectors	0b2b49f
18/02/14 00:51	Bioconductor/S4Vectors	8334847
18/02/14 00:49	Bioconductor/BiocGenerics	39d0af5
18/02/14 00:48	Bioconductor/BiocGenerics	0985ec9
18/02/14 00:46	Bioconductor/BiocGenerics	fcc22c8
18/02/14 00:45	Bioconductor/BiocGenerics	9383d85
18/02/14 00:45	Bioconductor/BiocGenerics	9389d85
18/02/14 00:42	Bioconductor/BiocGenerics	master
18/02/14 00:41	ropensci/tabulizer	master
18/02/14 00:36	ropensci/tabulizerjars	master
18/02/14 00:18	MorphoFun/kraken	master
18/02/12 00:26	lrutter/ggenealogy	master
18/02/08 00:31	green-striped-gecko/dartR	master
18/02/08 00:26	isglobal-brge/SNPassoc	master
18/02/08 00:24	zhengxwen/SNPRelate	master
18/02/08 00:23	edzer/hexbin	master
18/02/08 00:18	edzer/hexbin	master
18/02/08 00:08	edzer/hexbin	master
18/02/08 00:06	StoreyLab/qvalue	master
18/02/08 00:01	yihui/knitr	master
18/02/08 00:00	sinhrks/ggfortify	master
18/02/07 00:36	hadley/lubridate	master
18/02/07 00:35	tidyverse/lubridate	master
18/02/07 00:21	RGLab/opencytoCL	master
18/02/06 00:42	rpremraj/mailR	master
18/02/06 00:41	rpremraj/mailR	master
18/02/06 00:07	hoxo-m/pforeach	master
18/02/05 00:27	alyst/MotIV	master
18/02/05 00:10	rstats-db/RMySQL	master
18/02/03 00:40	mgledi/DiffLogo	master
18/01/30 00:16	mkearney/rtweet	master
18/01/28 00:08	rstudio/addinexamples	master
18/01/28 00:07	awhstin/awtools	master
18/01/21 00:14	IRkernel/IRkernel	master
