18/06/01 20:54	jojo-/mipfp	master
18/06/01 20:52	murodzhon/PCSF	master
18/06/01 20:51	IOR-Bioinformatics/PCSF	master
18/06/01 20:48	zhouzilu/iCNV	master
18/06/01 20:48	chengvt/EEM	master
18/06/01 20:47	CenterForStatistics-UGent/RCM	master
18/06/01 20:24	winnenbr/GEA	master
18/06/01 20:15	dviraran/xCell	master
18/06/01 20:13	dviraran/xCell	master
18/06/01 20:13	dviraran/xCell	master
18/06/01 19:18	JEFworks/liger	master
18/06/01 18:59	hadley/purrr	master
18/06/01 18:57	tidyverse/purrr	master
18/06/01 17:33	hoxo-m/densratio	0.7-2
18/06/01 17:33	hoxo-m/densratio	0.7-2
18/06/01 17:25	mfasiolo/mgcViz	master
18/06/01 17:24	mfasiolo/qgam	master
18/06/01 17:23	ujjwalkarn/xda	master
18/06/01 16:44	jm3594/crtpower	master
18/06/01 16:44	jm3594/crtpower	master
18/06/01 15:54	dselivanov/r-sparsepp	v0.3.0.3
18/06/01 15:47	satijalab/seurat	master
18/06/01 14:04	scientific-computing-solutions/RMST	master
18/06/01 14:03	scientific-computing-solutions/RMST	master
18/06/01 14:03	scientific-computing-solutions/RMST	master
18/06/01 13:56	scientific-computing-solutions/RMST	master
18/06/01 13:52	scientific-computing-solutions/RMST	master
18/06/01 13:40	scientific-computing-solutions/RMST	master
18/06/01 13:35	scientific-computing-solutions/RMST	master
18/06/01 12:31	christophergandrud/networkD3	master
18/06/01 12:24	abhy/sentiment	master
18/06/01 12:15	alexpavlakis/maxdiff	master
18/06/01 12:14	Liuy12/MBDDiff	master
18/06/01 11:44	eldarrak/FLightR	master
18/06/01 11:23	ujjwalkarn/xda	master
18/06/01 11:22	ujjwalkarn/xda	master
18/06/01 11:18	ujjwalkarn/xda	master
18/06/01 11:04	ujjwalkarn/xda	master
18/06/01 10:47	Displayr/flipMaxDiff	master
18/06/01 10:43	abarbour/sibson	master
18/06/01 10:31	Displayr/flipMaxDiff	master
18/06/01 09:39	ujjwalkarn/xda	master
18/06/01 09:30	LasseHjort/cuRe	master
18/06/01 09:29	LasseHjort/cuRe	master
18/06/01 09:22	LasseHjort/cuRe	master
18/06/01 08:45	Bioconductor/BiocParallel	master
18/06/01 08:42	jonclayden/multicore	master
18/06/01 08:33	microbiome/microbiome	master
18/06/01 08:22	ujjwalkarn/xda	master
18/06/01 08:21	ujjwalkarn/xda	master
18/06/01 08:18	ujjwalkarn/xda	master
18/06/01 07:31	leeper/tabulizer	master
18/06/01 07:31	ropensci/tabulizerjars	master
18/06/01 07:26	YosefLab/ImpulseDE2	master
18/06/01 07:23	leeper/tabulizer	master
18/06/01 07:23	ropensci/tabulizerjars	master
18/06/01 07:20	leeper/tabulizer	master
18/06/01 07:20	ropensci/tabulizerjars	master
18/06/01 06:50	bmschmidt/wordVectors	master
18/06/01 06:25	leeper/tabulizer	master
18/06/01 06:25	ropensci/tabulizerjars	master
18/06/01 06:21	leeper/tabulizer	master
18/06/01 06:21	leeper/tabulizerjars	master
18/06/01 06:00	ujjwalkarn/xda	master
18/06/01 05:57	ujjwalkarn/xda	master
18/06/01 04:43	R-Finance/quantmod	225_getsymbols_oanda
18/06/01 04:40	ujjwalkarn/xda	master
18/06/01 04:40	ujjwalkarn/xda	master
18/06/01 04:36	ujjwalkarn/xda	master
18/06/01 04:30	ujjwalkarn/xda	master
18/06/01 04:30	ujjwalkarn/xda	master
18/06/01 04:26	ujjwalkarn/xda	master
18/06/01 03:23	RcppCore/RcppArmadillo	master
18/06/01 03:13	vqv/ggbiplot	master
18/06/01 02:58	rcqls/VAM	master
18/06/01 02:07	michaelwitting/swathR	master
18/06/01 01:13	greta-dev/greta	master
18/06/01 00:52	johndharrison/wdman	master
18/06/01 00:51	johndharrison/binman	master
18/06/01 00:51	johndharrison/wdman	master
18/06/01 00:50	johndharrison/binman	master
18/06/01 00:50	johndharrison/wdman	master
18/06/01 00:18	tidyverse/purrr	master
18/06/01 00:16	OHDSI/bit	master
18/06/01 00:06	greta-dev/greta	master
18/05/31 00:07	jm3594/crtpower	master
18/05/30 00:19	rstudio/shiny-incubator	master
18/05/30 00:05	hadley/devtools	master
18/05/30 00:03	rstudio/httpuv	master
18/05/30 00:03	rstudio/shiny	master
18/05/29 00:47	zdk123/SpiecEasi	master
18/05/29 00:46	reptalex/phylofactor	master
18/05/28 00:21	OscarBrock/gCrisprTools	master
18/05/28 00:14	OscarBrock/gCrisprTools	master
18/05/25 00:49	hoxo-m/prophetExt	master
18/05/25 00:40	hoxo-m/prophetExt	master
18/05/25 00:38	bgreenwell/mertree	master
18/05/25 00:37	hoxo-m/prophetExt	master
18/05/25 00:24	gbm-developers/gbm3	master
18/05/25 00:23	hoxo-m/prophetExt	master
18/05/25 00:19	hoxo-m/densratio	v0.0.3
18/05/25 00:18	swish-climate-impact-assessment/awaptools	develop
18/05/25 00:17	Luddo94/Package	master
18/05/24 00:53	rstudio/httpuv	master
18/05/24 00:50	rstudio/httpuv	master
18/05/24 00:46	rstudio/shiny	master
18/05/24 00:31	leeper/tabulizerjars	master
18/05/24 00:25	leeper/tabulizer	master
18/05/24 00:23	leeper/tabulizerjars	master
18/05/23 00:55	mfasiolo/mgcViz	master
18/05/23 00:54	mfasiolo/qgam	master
18/05/23 00:39	mfasiolo/mgcViz	master
18/05/23 00:30	mfasiolo/mgcViz	master
18/05/23 00:29	mfasiolo/qgam	master
18/05/23 00:29	mfasiolo/qgam	master
18/05/23 00:24	mfasiolo/mgcViz	master
18/05/19 00:15	ropensci/tabulizer	master
18/05/18 00:28	OscarBrock/gCrisprTools	master
18/05/18 00:14	OscarBrock/gCrisprTools	master
18/05/15 00:38	andrewpbray/oilabs	master
18/05/15 00:30	andrewpbray/oilabs	master
18/05/15 00:18	andrewpbray/oilabs	master
18/05/15 00:17	andrewpbray/oilabs	master
18/05/12 00:45	kassambara/ggpubr	master
18/05/12 00:44	kassambara/ggpubr	master
18/05/12 00:37	kassambara/factoextra	master
18/05/11 00:53	uribo/jpndistrict	add_light_rds
18/05/11 00:52	jm3594/crtpower	master
18/05/11 00:52	uribo/jpndistrict	add_light_rds
18/05/06 00:51	mclements/rstpm2	master
18/05/06 00:19	rpradosiqueira/brazilmaps	master
18/05/06 00:15	lucasmation/microdadosBrasil	master
18/05/03 00:28	RomeroBarata/dcme	master
18/05/02 00:02	sinhrks/ggfortify	master
