18/10/18 19:23	tidyverse/ggplot2	49619b7
18/10/18 19:16	esmucler/mmlasso	master
18/10/18 19:14	esmucler/mmlasso	master
18/10/18 19:07	esmucler/mmlasso	master
18/10/18 19:04	esmucler/mmlasso	master
18/10/18 18:55	esmucler/mmlasso	master
18/10/18 18:21	pzhaonet/mindr	master
18/10/18 14:57	mukul13/rword2vec	master
18/10/18 14:39	mukul13/rword2vec	master
18/10/18 14:31	mukul13/rword2vec	master
18/10/18 14:23	thlytras/rspiro	master
18/10/18 14:20	mukul13/rword2vec	master
18/10/18 13:54	thlytras/rspiro	master
18/10/18 13:48	thlytras/rspiro	master
18/10/18 13:37	YTLogos/shiny	master
18/10/18 13:34	rstudio/shiny	master
18/10/18 12:58	galuardi/vmstools	master
18/10/18 12:18	vqv/ggbiplot	master
18/10/18 12:12	vqv/ggbiplot	master
18/10/18 12:08	vqv/ggbiplot	master
18/10/18 12:08	vqv/ggbiplot	master
18/10/18 12:06	cz-ye/DECENT	master
18/10/18 10:16	hadley/ggplot2	49619b7
18/10/18 09:06	jimhester/lookup	master
18/10/18 09:01	joey711/phyloseq	master
18/10/18 08:40	liesb/BIITE	master
18/10/18 07:26	ymd526442121/spark	master
18/10/18 05:58	hoxo-m/prophetExt	master
18/10/18 02:08	bgreenwell/partial	master
18/10/18 02:06	alicebalard/Rparasite	master
18/10/18 01:41	dkahle/ggmap	master
18/10/18 01:25	dkahle/ggmap	master
18/10/18 01:07	dkahle/ggmap	master
