18/01/03 18:58	trinker/qdapTools	master
18/01/03 18:58	trinker/qdap	master
18/01/03 18:58	rOpenGov/psData	master
18/01/03 18:58	zaj13/proxi	master
18/01/03 18:58	CenterForStatistics-UGent/pim	master
18/01/03 18:57	SachaEpskamp/polyCov	master
18/01/03 18:57	gvarunkumar/plotly	master
18/01/03 18:57	duncantl/R2GoogleMaps	master
18/01/03 18:57	s-u/PKI	master
18/01/03 18:57	ropensci/pdftools	master
18/01/03 18:57	abielr/pdfetch	master
18/01/03 18:57	AustralianAntarcticDivision/palr	master
18/01/03 18:57	hojsgaard/pbkrtest	master
18/01/03 18:55	talgalili/partykit	master
18/01/03 18:55	trinker/pacman	master
18/01/03 18:55	gergness/osmar2	master
18/01/03 18:54	awalker89/openxlsx	master
18/01/03 18:54	carolinecolijn/treetop	master
18/01/03 18:52	mrgsolve/openmodel	master
18/01/03 18:52	hansthompson/pdfHarvester	master
18/01/03 18:52	google/NLSdata	master
18/01/03 18:52	jyypma/nloptr	master
18/01/03 18:50	seancarmody/ngramr	master
18/01/03 18:50	christophergandrud/networkD3	master
18/01/03 18:50	BigelowLab/ndfd	master
18/01/03 18:50	BigelowLab/ndfd	master
18/01/03 18:50	diegovalle/mxmortalitydb	master
18/01/03 18:49	FelippeRoza/outlier	master
18/01/03 18:49	heike/vinference	master
18/01/03 18:49	jeroenooms/mongolite	master
18/01/03 18:49	DexGroves/glmnet	master
18/01/03 18:48	ColtoCaro/missMS	master
18/01/03 18:47	RevolutionAnalytics/miniCRAN	master
18/01/03 18:47	HelenKettle/microPop	master
18/01/03 18:47	IQSS/ei	master
18/01/03 18:47	jechave/mfp	master
18/01/03 18:47	kkholst/mets	master
18/01/03 18:45	ekstroem/MESS	master
18/01/03 18:45	melff/memisc	master
18/01/03 18:45	mewo2/medley	master
18/01/03 18:45	ekstroem/MESS	master
18/01/03 18:43	johnbaums/rmaxent	master
18/01/03 18:42	environmentalinformatics-marburg/mapview	master
18/01/03 18:42	jeroenooms/magick	master
18/01/03 18:42	skranz/EconJournalData	master
18/01/03 18:42	DerekYves/gcoder	master
18/01/03 18:42	alku86/lmerTest	master
18/01/03 18:41	lme4/lme4	master
18/01/03 18:41	faulconbridge/lintr	master
18/01/03 18:41	DexGroves/listcomp	master
18/01/03 18:41	cpsievert/LDAvis	master
18/01/03 18:41	kkholst/lava.tobit	master
18/01/03 18:41	Akshaysg/aks	master
18/01/03 18:41	cboettig/knitcitations	master
18/01/03 18:40	jeroenooms/jose	master
18/01/03 18:40	armstrtw/its	master
18/01/03 18:40	toledobastos/iterateNetwork	master
18/01/03 18:40	ropensci/internetarchive	master
18/01/03 18:40	mbojan/intergraph	master
18/01/03 18:40	MangoTheCat/install	master
18/01/03 18:40	talgalili/installr	master
18/01/03 18:40	USGS-R/inlmisc	master
18/01/03 18:39	rcc-uchicago/influenceR	master
18/01/03 18:39	jeffwong/imputation	master
18/01/03 18:39	Bioconductor/graph	master
18/01/03 18:39	AFIT-R/sure	master
18/01/03 18:39	palmer0914/hive	master
18/01/03 18:39	timelyportfolio/exportwidget	master
18/01/03 18:39	friendly/heplots	master
18/01/03 18:39	talgalili/heatmaply	master
18/01/03 18:38	robjhyndman/hdrcde	master
18/01/03 18:38	jverzani/gWidgets2tcltk	master
18/01/03 18:38	jverzani/gWidgets2RGtk2	master
18/01/03 18:38	toledobastos/GuardianR	master
18/01/03 18:37	PMassicotte/gtrendsR	master
18/01/03 18:37	ecbrown/gsl	master
18/01/03 18:37	maxconway/gsheet	master
18/01/03 18:37	Bioconductor/graph	master
18/01/03 18:37	SymbolixAU/googleway	master
18/01/03 18:37	jennybc/googlesheets	master
18/01/03 18:37	baddstats/goftest	master
18/01/03 18:37	Stan125/ghp	master
18/01/03 18:37	chrisbrunsdon/GISTools	master
18/01/03 18:37	cloudyr/ghit	master
18/01/03 18:37	YTLogos/ggraph	master
18/01/03 18:36	environmentalinformatics-marburg/gpm	master
18/01/03 18:36	davidgohel/ggiraph	master
18/01/03 18:34	YTLogos/ggforce	master
18/01/03 18:33	matthewjdenny/GERGM	master
18/01/03 18:32	jcapelladesto/geoRge	master
18/01/03 18:32	etiennebr/geom	master
18/01/03 18:31	jkruppa/gemPlot	master
18/01/03 18:31	corynissen/geocodeHERE	master
18/01/03 18:31	ropensci/gender	master
18/01/03 18:31	davidgohel/gdtools	master
18/01/03 18:31	tmcd82070/Rdistance	master
18/01/03 18:31	GuillemSalazar/EcolUtils	master
18/01/03 18:31	Ironholds/jammr	master
18/01/03 18:31	TaddyLab/gamlr	master
18/01/03 18:30	robjhyndman/fpp	master
18/01/03 18:30	arjunkakkar8/fac	master
18/01/03 18:30	pli2016/forecast	master
18/01/03 18:28	robjhyndman/fma	master
18/01/03 18:28	sgibb/flexmap	master
18/01/03 18:28	R-Finance/FinancialInstrument	master
18/01/03 18:28	olafmersmann/fftw	master
18/01/03 18:28	sebastiz/EndoMineR	master
18/01/03 18:27	robjhyndman/expsmooth	master
18/01/03 18:25	christophergandrud/ExpAgenda	master
18/01/03 18:25	GuangchuangYu/emojifont	master
18/01/03 18:24	ropensci/elastic	master
18/01/03 18:24	jknowles/ggeffects	master
18/01/03 18:24	docsteveharris/ccfun	master
18/01/03 18:24	CC-HIC/ccdata	master
18/01/03 18:24	christophergandrud/dynsim	master
18/01/03 18:24	WIAS-BERLIN/dti	master
18/01/03 18:22	skranz/dplyrExtras	master
18/01/03 18:22	JARS3N/door	master
18/01/03 18:22	chgrl/diezeit	master
18/01/03 18:22	rich-iannone/DiagrammeRsvg	master
18/01/03 18:22	rich-iannone/DiagrammeR	master
18/01/03 18:21	caleblareau/scTools	master
18/01/03 18:21	ropensci/gender	master
18/01/03 18:21	talgalili/dendextendRcpp	master
18/01/03 18:20	talgalili/dendextend	master
18/01/03 18:20	dfalbel/densenet	master
18/01/03 18:19	MarkSelby1992/RCluster	master
18/01/03 18:19	EricMarcon/dbmss	master
18/01/03 18:19	rstudio/d3heatmap	master
18/01/03 18:19	metacran/cranlogs	master
18/01/03 18:19	jimhester/covr	master
18/01/03 18:19	kwstat/corrgram	master
18/01/03 18:18	lbelzile/lcopula	master
18/01/03 18:18	EuracBiomedicalResearch/CompoundDb	master
18/01/03 18:17	rvidgen/clr	master
18/01/03 18:16	nachocab/clickme	master
18/01/03 18:16	Rexamine/CITAN	master
18/01/03 18:16	arilamstein/choroplethrZip	master
18/01/03 18:16	arilamstein/choroplethr	master
18/01/03 18:15	DanBoyB/cba	master
18/01/03 18:15	jonathon-love/car	master
18/01/03 18:14	friendly/candisc	master
18/01/03 18:14	lawremi/cairoDevice	master
18/01/03 18:14	s-u/Cairo	master
18/01/03 18:14	leifeld/btergm	master
18/01/03 18:13	hturner/BradleyTerry2	master
18/01/03 18:13	georgeberry/blaunet	master
18/01/03 18:13	alicebalard/Rparasite	master
18/01/03 18:13	psolaimani/BiocInstaller	master
18/01/03 18:13	Bioconductor/BiocGenerics	master
18/01/03 18:12	BayerSe/esreg	master
18/01/03 18:11	Albluca/rpgraph	master
18/01/03 18:09	jeroenooms/base64	master
18/01/03 18:09	mhahsler/arulesViz	master
18/01/03 18:09	mhahsler/arules	master
18/01/03 18:08	suyusung/arm	master
18/01/03 18:08	gastonstat/arcdiagram	master
18/01/03 18:04	twitter/AnomalyDetection	master
18/01/03 18:04	pli2016/anomalous	master
18/01/03 18:03	AustralianAntarcticDivision/palr	master
18/01/03 18:03	AustralianAntarcticDivision/palr	master
18/01/03 18:03	hrbrmstr/albersusa	master
18/01/03 18:03	Rexamine/agop	master
18/01/03 18:03	stefvanbuuren/AGD	master
18/01/03 18:03	cardcorp/AWR	master
18/01/03 18:02	ClementCalenge/adehabitat	master
18/01/03 18:02	aursiber/ade4TkGUI	master
18/01/03 18:02	nealrichardson/acs	master
18/01/03 16:49	twitter/AnomalyDetection	master
18/01/03 16:44	nbgallery/rpki	master
18/01/03 16:37	twitter/AnomalyDetection	master
18/01/03 16:33	nbgallery/rpki	master
18/01/03 16:29	nbgallery/rpki	master
18/01/03 16:00	ebailey78/shinyBS	shinyBS3
18/01/03 15:28	Bioconductor/GSEABase	master
18/01/03 11:46	osmdatar/osmdata	master
18/01/03 11:45	mpadge/osmplotr	master
18/01/03 11:44	deepankardatta/blandr	master
18/01/03 11:43	deepankardatta/blandr	master
18/01/03 11:42	mpadge/osmplotr	master
18/01/03 11:40	osmdatar/osmdata	master
18/01/03 11:34	osmdatar/osmdata	master
18/01/03 11:34	deepankardatta/blandr	master
18/01/03 11:14	deepankardatta/blandr	master
18/01/03 11:11	deepankardatta/blandr	master
18/01/03 11:05	deepankardatta/blandr	master
18/01/03 10:44	xavierdidelot/TransPhylo	master
18/01/03 09:19	wasquith-usgs/MGBT	master
18/01/03 08:52	xavierdidelot/TransPhylo	master
18/01/03 08:35	BavoDC/CalibrationCurves	master
18/01/03 08:34	BavoDC/CalibrationCurves	master
18/01/03 07:46	dselivanov/reco	master
18/01/03 07:09	topepo/caret	master
18/01/03 07:07	topepo/caret	master
18/01/03 07:07	topepo/caret	master
18/01/03 06:47	hoxo-m/prophetExt	master
18/01/03 06:38	hoxo-m/prophetExt	master
18/01/03 06:35	bmschmidt/wordVectors	master
18/01/03 03:47	twitter/AnomalyDetection	master
18/01/03 03:38	bwlewis/irlba	master
18/01/03 03:37	bwlewis/irlba	master
18/01/03 03:36	bwlewis/irlba	master
18/01/03 00:17	Bioconductor/GSEABase	master
18/01/03 00:17	Bioconductor/GSEABase	master
18/01/03 00:16	Bioconductor/GSEABase	master
18/01/02 00:50	hoxo-m/prophetExt	master
18/01/02 00:13	alstat/rface	master
18/01/02 00:10	alstat/rface	master
17/12/31 00:30	hrbrmstr/ggalt	master
17/12/31 00:28	Bioconductor/BiocGenerics	master
17/12/31 00:10	gustavobio/semeco	master
17/12/31 00:05	gustavobio/semeco	master
17/12/31 00:04	gustavobio/semeco	master
17/12/31 00:01	gustavobio/semeco	master
17/12/28 00:25	IQSS/Zelig	master
17/12/27 00:02	tomvar/bundling	master
17/12/17 00:55	ujjwalkarn/xda	master
17/12/16 00:24	ColtoCaro/compMS	master
17/12/15 00:59	crsh/papaja	master
17/12/15 00:57	crsh/papaja	master
17/12/15 00:56	crsh/papaja	master
17/12/14 00:22	tlafarge/alphashape3d	master
17/12/14 00:11	tlafarge/alphashape3d	master
17/12/13 00:38	hrbrmstr/nominatim	master
17/12/12 00:54	BioStatMatt/sas7bdat.parso	master
17/12/12 00:53	BioStatMatt/sas7bdat.parso	master
17/12/12 00:50	BioStatMatt/sas7bdat.parso	master
17/12/12 00:45	BioStatMatt/sas7bdat.parso	master
17/12/07 00:29	gvegayon/twitterreport	master
17/12/07 00:27	gvegayon/twitterreport	master
17/12/07 00:20	seanchrismurphy/twtools	master
17/12/07 00:16	seanchrismurphy/twtools	master
17/12/07 00:15	seanchrismurphy/twtools	master
