18/09/10 09:58	rstats-db/odbc	master
18/09/10 09:11	rstats-db/odbc	master
18/09/10 06:47	rstats-db/odbc	master
18/09/10 05:50	soodoku/abbyyR	master
18/09/10 05:47	soodoku/abbyyR	master
18/09/10 05:31	meghapadi/ALPACA	master
18/09/10 01:42	SMAC-Group/imudata	master
18/09/09 00:02	vqv/ggbiplot	master
18/09/08 00:46	att/rcloud.rmd	master
18/09/08 00:46	att/rcloud.rmd	master
18/09/08 00:43	att/rcloud.rmd	master
18/09/08 00:43	att/rcloud.rmd	master
18/09/08 00:42	att/rcloud.flexdashboard	master
18/09/08 00:42	att/rcloud.rmd	master
18/09/08 00:42	att/rcloud.flexdashboard	master
18/09/08 00:42	att/rcloud.shiny	master
18/09/08 00:41	att/rcloud.htmlwidgets	master
18/09/07 00:58	benjamin-merkel/probGLS	master
18/09/07 00:53	hadley/ggplot2	master
18/09/06 00:53	mrke/NicheMapR	master
18/09/06 00:34	mrke/NicheMapR	master
18/09/06 00:06	vegandevs/vegan	master
18/09/03 00:12	kassambara/easyGgplot2	master
18/08/30 00:53	ricardo-bion/ggradar	master
18/08/30 00:48	ricardo-bion/ggradar	master
18/08/29 00:47	rstudio/leaflet	master
18/08/29 00:42	rstudio/leaflet	master
18/08/28 00:09	jutako/Rtools	master
18/08/27 00:14	aoles/EBImage	master
18/08/24 00:06	ramnathv/rCharts	master
18/08/24 00:06	ramnathv/rCharts	master
18/08/24 00:03	taiyun/corrplot	master
18/08/24 00:03	taiyun/corrplot	master
18/08/23 00:37	ropensci/tabulizerjars	master
18/08/22 00:49	ymattu/rjumanpp	master
18/08/22 00:48	ymattu/rjumanpp	master
18/08/22 00:31	Triamus/mandat	Fix-Mac-fopenmp-Issue
18/08/21 00:50	bacollier/moveud	master
18/08/18 00:45	ewenme/fplR	master
18/08/18 00:18	neuroconductor/extrantsr	master
18/08/16 00:11	BruceKendall/PVA	master
18/08/11 00:30	ramnathv/slidify	master
18/08/11 00:30	ramnathv/rCharts	master
18/08/11 00:14	uribo/jpndistrict	add_light_rds
