18/03/07 15:53	ujjwalkarn/xda	master
18/03/07 15:43	mosscoder/crustCover	master
18/03/07 15:43	ujjwalkarn/xda	master
18/03/07 15:42	ujjwalkarn/xda	master
18/03/07 15:26	ujjwalkarn/xda	master
18/03/07 15:13	ujjwalkarn/xda	master
18/03/07 14:06	bradleyboehmke/gonogo	master
18/03/07 13:33	camult/DRP	master
18/03/07 13:31	rBatt/facebook5	master
18/03/07 13:25	rstats-db/odbc	master
18/03/07 13:23	lbelzile/mev	master
18/03/07 13:18	lbelzile/mev	master
18/03/07 11:52	karthikl6/d3bubbles2	master
18/03/07 11:48	karthikl6/d3bubbles2	master
18/03/07 11:46	karthikl6/d3bubbles2	master
18/03/07 11:45	pcheng84/TCGAbrowser	master
18/03/07 11:26	karthikl6/d3bubbles2	master
18/03/07 11:25	karthikl6/d3bubbles2	master
18/03/07 11:24	karthikl6/d3bubbles2	master
18/03/07 11:24	karthikl6/d3bubbles2	master
18/03/07 11:23	jcheng5/bubbles	master
18/03/07 11:23	karthikl6/d3bubbles2	master
18/03/07 11:22	timelyportfolio/d3treeR	master
18/03/07 11:21	johnbaums/hues	master
18/03/07 11:09	rich-iannone/DiagrammeR	master
18/03/07 11:08	rich-iannone/DiagrammeR	master
18/03/07 10:54	durtal/calheatmapR	master
18/03/07 10:53	ramnathv/rChartsCalendar	master
18/03/07 10:52	ramnathv/rCharts	master
18/03/07 10:52	AkhilNairAmey/CQLConnect	master
18/03/07 10:15	mariavica/mircomb	master
18/03/07 06:51	mkearney/rtweet	master
18/03/07 05:24	btmonier/vidger	master
18/03/07 05:06	btmonier/vidger	master
18/03/07 05:02	btmonier/vidger	master
18/03/07 04:58	btmonier/vidger	master
18/03/07 04:48	btmonier/vidger	master
18/03/07 03:58	leeper/tabulizer	master
18/03/07 03:57	ropenscilabs/tabulizer	master
18/03/07 03:57	Logiwo/tabulizer	master
18/03/07 03:56	leeper/tabulizerjars	master
18/03/07 03:55	ropensci/tabulizer	master
18/03/07 03:55	ropensci/tabulizerjars	master
18/03/07 02:17	mccallm/miRcomp	master
18/03/07 02:15	mccallm/miRcomp	master
18/03/07 02:14	mccallm/miRcomp	master
18/03/07 02:13	mariavica/mircomb	master
18/03/07 02:12	mccallm/miRcomp	master
18/03/07 02:12	mariavica/mircomb	master
18/03/07 01:17	jimhester/lookup	master
18/03/07 01:05	hadley/haven	master
18/03/07 00:51	hadley/haven	master
18/03/07 00:20	ropensci/tabulizer	master
18/03/07 00:20	ropensci/tabulizerjars	master
18/03/07 00:13	sjmgarnier/viridis	master
18/03/06 00:08	GuangchuangYu/ggtree	master
18/03/05 00:38	gavinsimpson/tsgam	master
18/03/02 00:59	ECO230/eco230r	master
18/03/02 00:42	ropensci/ghql	master
18/03/02 00:08	ECO230/eco230r	master
18/03/02 00:04	ECO230/eco230r	master
18/03/02 00:04	ECO230/eco230r	master
18/03/02 00:04	ECO230/eco230r	master
18/03/02 00:03	ECO230/eco230r	master
18/02/28 00:58	ECO230/eco230r	master
18/02/28 00:41	kbroman/horizon	master
18/02/28 00:16	ECO230/eco230r	master
18/02/28 00:10	ECO230/eco230r	master
18/02/28 00:10	ECO230/eco230r	master
18/02/28 00:10	ECO230/eco230r	master
18/02/27 00:45	renozao/NMF	devel
18/02/27 00:39	tidyverse/haven	master
18/02/27 00:35	tidyverse/haven	master
18/02/27 00:00	ECO230/eco230r	master
18/02/26 00:55	James-Thorson/FishLife	master
18/02/24 00:41	briofons/R-Package-RJIRA	master
18/02/21 00:26	hoxo-m/prophetExt	master
18/02/20 00:29	pdrano/IKTrading	master
18/02/20 00:08	pdrano/IKTrading	master
18/02/18 00:21	yuanli22/RCUDA	master
18/02/18 00:07	duncantl/RCUDA	master
18/02/15 00:39	twitter/AnomalyDetection	master
18/02/15 00:38	pdrano/IKTrading	master
18/02/14 00:55	Bioconductor/IRanges	c5f1471
18/02/14 00:53	Bioconductor/S4Vectors	d93b89f
18/02/14 00:53	Bioconductor/S4Vectors	d39b89f
18/02/14 00:52	Bioconductor/S4Vectors	0b2b49f
18/02/14 00:51	Bioconductor/S4Vectors	8334847
18/02/14 00:49	Bioconductor/BiocGenerics	39d0af5
18/02/14 00:48	Bioconductor/BiocGenerics	0985ec9
18/02/14 00:46	Bioconductor/BiocGenerics	fcc22c8
18/02/14 00:45	Bioconductor/BiocGenerics	9383d85
18/02/14 00:45	Bioconductor/BiocGenerics	9389d85
18/02/14 00:42	Bioconductor/BiocGenerics	master
18/02/14 00:41	ropensci/tabulizer	master
18/02/14 00:36	ropensci/tabulizerjars	master
18/02/14 00:18	MorphoFun/kraken	master
18/02/12 00:26	lrutter/ggenealogy	master
18/02/08 00:31	green-striped-gecko/dartR	master
18/02/08 00:26	isglobal-brge/SNPassoc	master
18/02/08 00:24	zhengxwen/SNPRelate	master
18/02/08 00:23	edzer/hexbin	master
18/02/08 00:18	edzer/hexbin	master
18/02/08 00:08	edzer/hexbin	master
18/02/08 00:06	StoreyLab/qvalue	master
18/02/08 00:01	yihui/knitr	master
18/02/08 00:00	sinhrks/ggfortify	master
18/02/07 00:36	hadley/lubridate	master
18/02/07 00:35	tidyverse/lubridate	master
18/02/07 00:21	RGLab/opencytoCL	master
18/02/06 00:42	rpremraj/mailR	master
18/02/06 00:41	rpremraj/mailR	master
18/02/06 00:07	hoxo-m/pforeach	master
18/02/05 00:27	alyst/MotIV	master
18/02/05 00:10	rstats-db/RMySQL	master
