18/09/25 21:55	veseshan/seqDNAcopy	master
18/09/25 21:54	veseshan/pctGCdata	master
18/09/25 21:51	veseshan/seqDNAcopy	master
18/09/25 21:50	veseshan/seqDNAcopy	master
18/09/25 21:41	veseshan/seqDNAcopy	master
18/09/25 15:59	annakat/spectrolab	master
18/09/25 15:51	thlytras/rspiro	master
18/09/25 15:02	annakat/spectrolab	master
18/09/25 14:47	dbottomly/HitWalker	master
18/09/25 14:17	annakat/spectrolab	master
18/09/25 14:16	annakat/spectrolab	master
18/09/25 14:13	annakat/spectrolab	master
18/09/25 14:11	ehrlinger/randomForestSRC	master
18/09/25 14:01	majkamichal/naivebayes	master
18/09/25 14:00	annakat/spectrolab	master
18/09/25 13:36	hkasahar/normalregMix	aac532e
18/09/25 13:35	dynverse/StemID	master
18/09/25 12:54	hadley/ggplot2	49619b7
18/09/25 12:53	tidyverse/ggplot2	49619b7
18/09/25 12:25	YTLogos/easyGgplot2	master
18/09/25 12:22	kassambara/easyGgplot2	master
18/09/25 12:17	mannau/tm.plugin.sentiment	master
18/09/25 12:14	hadley/ggplot2	49619b7
18/09/25 11:58	mannau/tm.plugin.sentiment	master
18/09/25 11:43	mannau/tm.plugin.sentiment	master
18/09/25 11:42	mannau/tm.plugin.sentiment	master
18/09/25 08:37	chiefBiiko/octostep	master
18/09/25 08:33	mannau/tm.plugin.sentiment	master
18/09/25 08:16	jbkunst/highcharter	master
18/09/25 07:36	tidyverse/ggplot2	d697622
18/09/25 06:12	business-science/tibbletime	master
18/09/25 06:11	business-science/tibbletime	master
18/09/25 05:51	bnosac/RDRPOSTagger	master
18/09/25 05:13	mrke/NicheMapR	master
18/09/25 04:43	jimhester/lookup	master
18/09/25 04:17	tidyverse/ggplot2	d697622
18/09/25 04:14	tidyverse/ggplot2	d697622
18/09/25 04:01	PredictiveEcology/SpaDES	master
18/09/25 03:42	oscarperpinan/rastervis	master
18/09/25 02:16	imanuelcostigan/iex	master
