18/06/13 14:56	dkahle/ggmap	master
18/06/13 14:47	ujjwalkarn/xda	master
18/06/13 14:44	Displayr/flipMaxDiff	master
18/06/13 14:43	runehaubo/lmerTestR	master
18/06/13 14:40	runehaubo/lmerTest	master
18/06/13 13:51	ujjwalkarn/xda	master
18/06/13 13:38	vqv/ggbiplot	master
18/06/13 13:28	aultsch/DataIO	master
18/06/13 13:21	ujjwalkarn/xda	master
18/06/13 13:20	ujjwalkarn/xda	master
18/06/13 13:14	ujjwalkarn/xda	master
18/06/13 12:56	aultsch/DataIO	master
18/06/13 12:55	aultsch/DataIO	master
18/06/13 12:14	aultsch/DataIO	master
18/06/13 09:59	cbaumbach/Readabel	master
18/06/13 09:52	SolomonMg/ImageMetrics	master
18/06/13 09:19	dgrtwo/gganimate	master
18/06/13 08:59	ataudt/methimpute	master
18/06/13 08:38	jennybc/repurrrsive	master
18/06/13 08:37	jennybc/repurrrsive	master
18/06/13 08:37	jennybc/repurrrsive	master
18/06/13 08:30	Displayr/flipTime	master
18/06/13 07:30	thlytras/rspiro	master
18/06/13 05:10	jcheng5/bubbles	master
18/06/13 05:06	hadley/shinySignals	master
18/06/13 05:04	jimhester/lookup	master
18/06/13 04:05	kevinushey/addinexamples	master
18/06/13 04:03	kevinushey/addinexamples	master
