18/02/21 12:57	bleutner/RStoolbox	master
18/02/21 12:26	leeper/margins	master
18/02/21 12:18	leeper/margins	master
18/02/21 12:17	leeper/margins	master
18/02/21 11:17	bleutner/RStoolbox	master
18/02/21 10:55	AEBilgrau/DLBCLdata	master
18/02/21 10:54	AEBilgrau/DLBCLdata	master
18/02/21 10:50	AEBilgrau/DLBCLdata	master
18/02/21 09:25	twitter/AnomalyDetection	master
18/02/21 04:09	mlr-org/mlr	master
18/02/21 01:58	sildeag/essentia2R	master
18/02/21 01:51	ECO230/eco230r	master
18/02/21 01:34	ECO230/eco230r	master
18/02/21 01:30	ECO230/eco230r	master
18/02/21 01:29	ECO230/eco230r	master
18/02/21 01:28	ECO230/eco230r	master
18/02/21 01:27	ECO230/eco230r	master
18/02/21 01:22	ECO230/eco230r	master
18/02/21 01:20	ramnathv/rMaps	master
18/02/21 01:19	ramnathv/rCharts	master
18/02/21 01:15	ECO230/eco230r	master
18/02/21 01:13	ECO230/eco230r	master
18/02/21 01:13	ECO230/eco230r	master
18/02/21 01:13	ECO230/eco230r	master
18/02/21 01:13	ECO230/eco230r	master
18/02/21 01:13	ECO230/eco230r	master
18/02/21 01:13	ECO230/eco230r	master
18/02/21 01:13	ECO230/eco230r	master
18/02/21 01:13	ECO230/eco230r	master
18/02/21 01:12	ECO230/eco230r	master
18/02/21 01:12	ECO230/eco230r	master
18/02/21 01:12	ECO230/eco230r	master
18/02/21 01:12	ECO230/eco230r	master
18/02/21 01:12	ECO230/eco230r	master
18/02/21 01:12	ECO230/eco230r	master
18/02/21 01:12	ECO230/eco230r	master
18/02/21 01:12	ECO230/eco230r	master
18/02/21 01:12	ECO230/eco230r	master
18/02/21 01:12	ECO230/eco230r	master
18/02/21 01:12	ECO230/eco230r	master
18/02/21 01:12	ECO230/eco230r	master
18/02/21 01:12	ECO230/eco230r	master
18/02/21 01:12	ECO230/eco230r	master
18/02/21 01:12	ECO230/eco230r	master
18/02/21 01:08	vst/rkvo	master
18/02/21 01:06	vst/rkvo	master
18/02/21 00:26	hoxo-m/prophetExt	master
18/02/20 00:29	pdrano/IKTrading	master
18/02/20 00:08	pdrano/IKTrading	master
18/02/18 00:21	yuanli22/RCUDA	master
18/02/18 00:07	duncantl/RCUDA	master
18/02/15 00:39	twitter/AnomalyDetection	master
18/02/15 00:38	pdrano/IKTrading	master
18/02/14 00:55	Bioconductor/IRanges	c5f1471
18/02/14 00:53	Bioconductor/S4Vectors	d93b89f
18/02/14 00:53	Bioconductor/S4Vectors	d39b89f
18/02/14 00:52	Bioconductor/S4Vectors	0b2b49f
18/02/14 00:51	Bioconductor/S4Vectors	8334847
18/02/14 00:49	Bioconductor/BiocGenerics	39d0af5
18/02/14 00:48	Bioconductor/BiocGenerics	0985ec9
18/02/14 00:46	Bioconductor/BiocGenerics	fcc22c8
18/02/14 00:45	Bioconductor/BiocGenerics	9383d85
18/02/14 00:45	Bioconductor/BiocGenerics	9389d85
18/02/14 00:42	Bioconductor/BiocGenerics	master
18/02/14 00:41	ropensci/tabulizer	master
18/02/14 00:36	ropensci/tabulizerjars	master
18/02/14 00:18	MorphoFun/kraken	master
18/02/12 00:26	lrutter/ggenealogy	master
18/02/08 00:31	green-striped-gecko/dartR	master
18/02/08 00:26	isglobal-brge/SNPassoc	master
18/02/08 00:24	zhengxwen/SNPRelate	master
18/02/08 00:23	edzer/hexbin	master
18/02/08 00:18	edzer/hexbin	master
18/02/08 00:08	edzer/hexbin	master
18/02/08 00:06	StoreyLab/qvalue	master
18/02/08 00:01	yihui/knitr	master
18/02/08 00:00	sinhrks/ggfortify	master
18/02/07 00:36	hadley/lubridate	master
18/02/07 00:35	tidyverse/lubridate	master
18/02/07 00:21	RGLab/opencytoCL	master
18/02/06 00:42	rpremraj/mailR	master
18/02/06 00:41	rpremraj/mailR	master
18/02/06 00:07	hoxo-m/pforeach	master
18/02/05 00:27	alyst/MotIV	master
18/02/05 00:10	rstats-db/RMySQL	master
18/02/03 00:40	mgledi/DiffLogo	master
18/01/30 00:16	mkearney/rtweet	master
18/01/28 00:08	rstudio/addinexamples	master
18/01/28 00:07	awhstin/awtools	master
