18/05/16 22:23	hrbrmstr/taucharts	master
18/05/16 22:16	hrbrmstr/taucharts	master
18/05/16 21:50	ccolonescu/PoEdata	master
18/05/16 21:43	ccolonescu/PoEdata	master
18/05/16 21:33	ccolonescu/PoEdata	master
18/05/16 21:22	ccolonescu/PoEdata	master
18/05/16 20:21	hrbrmstr/taucharts	master
18/05/16 19:49	tidyverse/ggplot2	49619b7
18/05/16 19:10	hrbrmstr/metricsgraphics	master
18/05/16 17:14	JohnCoene/echarts3	master
18/05/16 17:11	JohnCoene/echarts	master
18/05/16 17:09	drisso/EDASeq	master
18/05/16 17:07	drisso/EDASeq	master
18/05/16 16:32	ewenharrison/summarizer	master
18/05/16 16:30	cbw1243/marginalfit	master
18/05/16 15:13	SilentSpringInstitute/springr	master
18/05/16 15:01	joshuaulrich/quantmod	225_getsymbols_oanda
18/05/16 14:18	tidyverse/stringr	master
18/05/16 14:17	tidyverse/stringr	master
18/05/16 13:19	hrbrmstr/hrbrthemes	master
18/05/16 13:17	brandmaier/onyxR	master
18/05/16 13:03	brandmaier/onyxR	master
18/05/16 12:58	brandmaier/onyxR	master
18/05/16 11:57	rwehrens/metaMS	master
18/05/16 11:12	jeroenooms/stringi	master
18/05/16 10:16	cbg-ethz/TiMEx	master
18/05/16 07:12	rstudio/tensorflow	master
18/05/16 06:58	earowang/icon	master
18/05/16 06:43	duncantl/RWordPress	master
18/05/16 06:42	duncantl/XMLRPC	master
18/05/16 05:28	barryrowlingson/trmm	master
18/05/15 00:38	andrewpbray/oilabs	master
18/05/15 00:30	andrewpbray/oilabs	master
18/05/15 00:18	andrewpbray/oilabs	master
18/05/15 00:17	andrewpbray/oilabs	master
18/05/12 00:45	kassambara/ggpubr	master
18/05/12 00:44	kassambara/ggpubr	master
18/05/12 00:37	kassambara/factoextra	master
18/05/11 00:53	uribo/jpndistrict	add_light_rds
18/05/11 00:52	jm3594/crtpower	master
18/05/11 00:52	uribo/jpndistrict	add_light_rds
18/05/06 00:51	mclements/rstpm2	master
18/05/06 00:19	rpradosiqueira/brazilmaps	master
18/05/06 00:15	lucasmation/microdadosBrasil	master
18/05/03 00:28	RomeroBarata/dcme	master
18/05/02 00:02	sinhrks/ggfortify	master
18/05/01 00:33	thlytras/rspiro	master
18/05/01 00:33	thlytras/rspiro	master
18/04/28 00:35	predict-r/rtika	master
18/04/28 00:24	dgrtwo/rparse	master
18/04/26 00:30	alfcrisci/rBiometeo	master
18/04/21 00:44	jbryer/timeline	master
18/04/18 00:54	hoxo-m/prophetExt	master
18/04/18 00:53	evanwang1990/FMwR	master
18/04/18 00:08	hoxo-m/pforeach	master
