18/03/27 15:59	dgrtwo/drlib	master
18/03/27 15:52	Bioconductor/IRanges	c5f1471
18/03/27 15:52	Bioconductor/S4Vectors	d93b89f
18/03/27 15:51	Bioconductor/BiocGenerics	39d0af5
18/03/27 15:43	StatsWithR/statsr	master
18/03/27 15:16	leeper/slopegraph	master
18/03/27 15:12	leeper/slopegraph	master
18/03/27 15:11	leeper/slopegraph	master
18/03/27 14:41	kassambara/factoextra	master
18/03/27 14:40	kassambara/ggpubr	master
18/03/27 14:33	raerose01/deconstructSigs	master
18/03/27 14:30	raerose01/deconstructSigs	master
18/03/27 13:35	Przemol/BSgenome.Hsapiens.UCSC.hg19	master
18/03/27 13:10	bergant/finstr	master
18/03/27 13:08	bergant/finstr	master
18/03/27 11:18	jennybc/gapminder	master
18/03/27 10:40	timelyportfolio/d3treeR	master
18/03/27 09:17	mosscoder/crustCover	master
18/03/27 08:32	vqv/ggbiplot	master
18/03/27 04:21	vqv/ggbiplot	master
18/03/27 04:20	mjsteinbaugh/devtools	master
18/03/27 04:14	vqv/ggbiplot	master
18/03/27 04:11	hadley/devtools	master
18/03/27 03:23	ttraboue/FrissSwitch	master
18/03/27 03:22	ttraboue/FrissC3	master
18/03/27 03:22	ttraboue/FrissMsgBox	master
18/03/27 03:22	ttraboue/FrissNotie	master
18/03/27 03:21	ttraboue/frissIntro	master
18/03/27 03:21	ttraboue/frissbutton	master
18/03/27 02:02	hadley/lubridate	master
18/03/27 01:58	tidyverse/lubridate	master
18/03/27 01:28	ha0ye/rEDM	master
18/03/27 01:07	bbolker/broom.mixed	master
18/03/27 01:01	bbolker/broom.mixed	master
18/03/27 01:00	bbolker/broom.mixed	master
18/03/24 00:43	SachaEpskamp/semPlot	master
18/03/23 00:07	r-lib/rlang	master
18/03/23 00:06	tidyverse/rlang	master
18/03/22 00:12	gabrielrvsc/HDeconometrics	master
18/03/21 00:54	cbw1243/marginalfit	master
18/03/21 00:45	umerijaz/microbiomeSeq	master
18/03/18 00:29	sinhrks/ggfortify	master
18/03/16 00:37	stnava/ITKR	master
18/03/15 00:38	JoshuaSlocum/kagglr	master
18/03/15 00:09	aminondo/iX-Rpackage	sc
18/03/14 00:40	BIMSBbioinfo/genomation	master
18/03/14 00:39	yihui/knitr	master
18/03/14 00:35	BIMSBbioinfo/genomation	master
18/03/12 00:08	mroberts/stmBrowser	master
18/03/12 00:07	methodds/stminsights	master
18/03/08 00:58	peterxeno/preprocessr	master
18/03/08 00:57	artichaud1/preprocessr	master
18/03/08 00:45	USGS-R/waterData	master
18/03/08 00:03	jdblischak/workflowr	master
18/03/08 00:01	jdblischak/workflowr	master
18/03/07 00:51	hadley/haven	master
18/03/07 00:20	ropensci/tabulizer	master
18/03/07 00:20	ropensci/tabulizerjars	master
18/03/07 00:13	sjmgarnier/viridis	master
18/03/06 00:08	GuangchuangYu/ggtree	master
18/03/05 00:38	gavinsimpson/tsgam	master
18/03/02 00:59	ECO230/eco230r	master
18/03/02 00:42	ropensci/ghql	master
18/03/02 00:08	ECO230/eco230r	master
18/03/02 00:04	ECO230/eco230r	master
18/03/02 00:04	ECO230/eco230r	master
18/03/02 00:04	ECO230/eco230r	master
18/03/02 00:03	ECO230/eco230r	master
18/02/28 00:58	ECO230/eco230r	master
18/02/28 00:41	kbroman/horizon	master
18/02/28 00:16	ECO230/eco230r	master
18/02/28 00:10	ECO230/eco230r	master
18/02/28 00:10	ECO230/eco230r	master
18/02/28 00:10	ECO230/eco230r	master
18/02/27 00:45	renozao/NMF	devel
18/02/27 00:39	tidyverse/haven	master
18/02/27 00:35	tidyverse/haven	master
18/02/27 00:00	ECO230/eco230r	master
18/02/26 00:55	James-Thorson/FishLife	master
