18/06/29 19:34	ropensci/osmplotr	master
18/06/29 19:33	ropensci/osmplotr	v0.0.0.7
18/06/29 19:32	osmdatar/osmdata	master
18/06/29 19:32	osmdatar/osmdata	v0.0.0.7
18/06/29 18:51	thlytras/rspiro	master
18/06/29 18:45	thlytras/rspiro	master
18/06/29 18:40	thlytras/rspiro	master
18/06/29 18:24	wpeterman/ResistanceGA	julia_dev
18/06/29 18:06	thlytras/rspiro	master
18/06/29 17:58	RGLab/flowClust	master
18/06/29 17:55	thlytras/rspiro	master
18/06/29 17:42	CoGAPS/CoGAPS	master
18/06/29 15:16	LucyMcGowan/sgpvalue	master
18/06/29 15:07	vqv/ggbiplot	master
18/06/29 14:32	hrbrmstr/taucharts	master
18/06/29 13:56	dill/msg	master
18/06/29 13:47	thlytras/rspiro	master
18/06/29 13:46	thlytras/rspiro	master
18/06/29 13:42	dill/msg	master
18/06/29 12:57	google/GeoexperimentsResearch	master
18/06/29 12:57	google/GeoexperimentsResearch	master
18/06/29 12:57	google/GeoexperimentsResearch	master
18/06/29 12:54	google/GeoexperimentsResearch	master
18/06/29 12:53	google/GeoexperimentsResearch	master
18/06/29 12:51	google/GeoexperimentsResearch	master
18/06/29 12:50	kassambara/factoextra	master
18/06/29 12:47	timelyportfolio/d3treeR	master
18/06/29 12:47	timelyportfolio/d3treeR	master
18/06/29 12:46	gavinsimpson/ggvegan	master
18/06/29 12:29	dill/msg	master
18/06/29 12:22	dill/msg	master
18/06/29 12:14	dill/msg	master
18/06/29 12:09	ebailey78/shinyBS	master
18/06/29 12:01	rstudio/httpuv	master
18/06/29 12:01	kainhofer/r-mortality-tables	master
18/06/29 11:46	ebailey78/shinyBS	master
18/06/29 10:46	timelyportfolio/d3treeR	master
18/06/29 10:46	timelyportfolio/d3treeR	master
18/06/29 08:08	Yang-Tang/shinyjqui	master
18/06/29 07:46	johanez/probaV	master
18/06/29 07:30	joshuaulrich/TTR	master
18/06/29 07:28	melff/memisc	master
18/06/29 07:28	jwijffels/ETLUtils	master
18/06/29 07:27	melff/memisc	master
18/06/29 07:27	melff/memisc	master
18/06/29 07:06	ujjwalkarn/xda	master
18/06/29 06:56	melff/memisc	master
18/06/29 06:56	jwijffels/ETLUtils	master
18/06/29 06:55	joshuaulrich/TTR	master
18/06/29 06:55	joshuaulrich/TTR	master
18/06/29 06:55	joshuaulrich/TTR	master
18/06/29 04:56	mwillumz/iris	master
18/06/29 04:55	mwillumz/iris	master
18/06/29 04:36	wpeterman/ResistanceGA	julia_dev
18/06/29 04:11	benjamin-merkel/probGLS	master
18/06/29 02:11	joey711/phyloseq	master
18/06/28 00:37	PeteHaitch/Aclust	master
18/06/28 00:25	benmoran11/rubias	master
18/06/27 00:04	RGLab/flowWorkspaceData	master
18/06/23 00:25	ddionrails/r2ddi	master
18/06/22 00:10	slfan2013/SERRFweb	master
18/06/21 00:46	aliceyiwang/mvabund	master
18/06/21 00:34	aliceyiwang/mvabund	master
18/06/21 00:17	aliceyiwang/mvabund	master
18/06/20 00:25	vqv/ggbiplot	master
18/06/19 00:53	mdavis29/Rcode	master
18/06/19 00:29	pachterlab/sleuth	master
18/06/18 00:33	sinhrks/ggfortify	master
18/06/16 00:02	kciomek/rorutadis	master
18/06/15 00:59	fernandabruno/musixmatchR	master
18/06/15 00:58	Gibbsdavidl/ConsensusClusterParallelPlus	master
18/06/15 00:54	tidyverse/tidyr	master
18/06/15 00:49	Arthurhe/Lightbulb	master
18/06/15 00:35	sgibb/benchgit	master
18/06/15 00:35	braverock/PortfolioAnalytics	master
18/06/15 00:32	R-Finance/RTAQ	master
18/06/15 00:31	R-Finance/FactorAnalytics	master
18/06/15 00:30	R-Finance/MPO	master
18/06/15 00:27	R-Finance/PApages	master
18/06/15 00:25	R-Finance/PortfolioAttribution	master
18/06/15 00:24	R-Finance/PortfolioAttribution	master
18/06/15 00:22	R-Finance/xtime	master
18/06/15 00:20	R-Finance/blotter	master
18/06/15 00:18	romainfrancois/nothing	master
18/06/15 00:18	joshuaulrich/TTR	master
18/06/15 00:16	joshuaulrich/xts	master
18/06/15 00:12	R-Finance/Meucci	master
18/06/12 00:31	mountainMath/cmhc	master
18/06/12 00:30	mountainMath/cancensus	master
18/06/12 00:30	patperry/rhdf5	master
18/06/12 00:26	patperry/rhdf5	master
18/06/12 00:21	patperry/rhdf5	master
18/06/07 00:34	tidyverse/ggplot2	master
18/06/07 00:32	LarsRichter82/larspack	master
18/06/07 00:31	cwickham/munsell	master
18/06/07 00:29	MichaelMalick/r-chroma	master
18/06/07 00:27	hadley/scales	master
18/06/07 00:26	hadley/scales	master
18/06/07 00:24	hadley/gtable	master
18/06/06 00:51	drizopoulos/JMbayes	master
18/06/06 00:28	hrbrmstr/taucharts	master
18/06/05 00:32	jrlockwood/eivtools	master
18/06/05 00:28	palmer0914/ML_for_Hackers	master
18/06/05 00:28	palmer0914/ML_for_Hackers	master
18/06/05 00:00	ujjwalkarn/xda	master
18/06/01 00:52	johndharrison/wdman	master
18/06/01 00:51	johndharrison/binman	master
18/06/01 00:51	johndharrison/wdman	master
18/06/01 00:50	johndharrison/binman	master
18/06/01 00:50	johndharrison/wdman	master
18/06/01 00:18	tidyverse/purrr	master
18/06/01 00:16	OHDSI/bit	master
18/06/01 00:06	greta-dev/greta	master
18/05/31 00:07	jm3594/crtpower	master
18/05/30 00:19	rstudio/shiny-incubator	master
18/05/30 00:05	hadley/devtools	master
18/05/30 00:03	rstudio/httpuv	master
18/05/30 00:03	rstudio/shiny	master
