18/07/12 17:58	Hackout2/mapData	master
18/07/12 17:51	Hackout2/mapData	master
18/07/12 17:45	Hackout2/mapData	master
18/07/12 17:43	Hackout2/mapData	master
18/07/12 17:37	Hackout2/mapData	master
18/07/12 17:25	Hackout2/mapData	master
18/07/12 17:25	Hackout2/mapData	master
18/07/12 17:22	vqv/ggbiplot	master
18/07/12 16:15	jonathancornelissen/highfrequency	master
18/07/12 16:05	dmwelgus/MapChi	master
18/07/12 15:56	vqv/ggbiplot	master
18/07/12 15:43	vqv/ggbiplot	master
18/07/12 15:42	vqv/ggbiplot	master
18/07/12 15:41	vqv/ggbiplot	master
18/07/12 15:41	vqv/ggbiplot	master
18/07/12 15:41	vqv/ggbiplot	master
18/07/12 15:36	vqv/ggbiplot	master
18/07/12 15:35	vqv/ggbiplot	master
18/07/12 15:35	vqv/ggbiplot	master
18/07/12 15:33	vqv/ggbiplot	master
18/07/12 15:32	vqv/ggbiplot	master
18/07/12 15:32	vqv/ggbiplot	master
18/07/12 15:31	vqv/ggbiplot	master
18/07/12 15:31	vqv/ggbiplot	master
18/07/12 15:21	vqv/ggbiplot	master
18/07/12 15:20	vqv/ggbiplot	master
18/07/12 15:20	vqv/ggbiplot	master
18/07/12 15:15	jonathancornelissen/highfrequency	master
18/07/12 15:13	vqv/ggbiplot	master
18/07/12 13:21	dragua/xlsx	master
18/07/12 13:18	topepo/caret	master
18/07/12 11:17	garrettgman/DSR	master
18/07/12 10:30	ropensci/plotly	master
18/07/12 10:08	ujjwalkarn/xda	master
18/07/12 10:05	ujjwalkarn/xda	master
18/07/12 09:28	hadley/usdanutrients	master
18/07/12 09:17	kfeng123/randomizationTest	master
18/07/12 09:01	hadley/usdanutrients	master
18/07/12 08:41	gilinson/hillmakeR	master
18/07/12 08:41	garrettgman/ggsubplot	master
18/07/12 08:37	Rapporter/pander	06c2f65797
18/07/12 08:16	dill/beyonce	master
18/07/12 07:47	s-u/rpython	master
18/07/12 07:47	cscheid/rpython	master
18/07/12 06:58	jutako/Rtools	master
18/07/12 05:03	ujjwalkarn/xda	master
18/07/12 04:09	leeper/tabulizer	master
18/07/12 04:08	leeper/tabulizerjars	master
18/07/12 04:04	ropensci/tabulizer	master
18/07/12 04:04	ropensci/tabulizerjars	master
18/07/12 03:58	hadley/ggplot2	master
18/07/12 03:18	dgrtwo/rparse	master
18/07/12 01:30	vqv/ggbiplot	master
