18/07/09 20:57	yihui/xfun	master
18/07/09 20:48	selva86/woe	master
18/07/09 20:48	tomasgreif/woe	master
18/07/09 20:41	vinhtantran/monoClust	master
18/07/09 20:31	vinhtantran/monoClust	master
18/07/09 20:25	R-Finance/quantmod	225_getsymbols_oanda
18/07/09 20:25	joshuaulrich/quantmod	225_getsymbols_oanda
18/07/09 20:20	vinhtantran/monoClust	master
18/07/09 20:13	hoxo-m/magicfor	master
18/07/09 18:45	NumbersInternational/rhtmlSankeyTree	master
18/07/09 18:39	vinhtantran/monoClust	master
18/07/09 18:38	vinhtantran/monoClust	master
18/07/09 18:32	NumbersInternational/rhtmlSankeyTree	master
18/07/09 18:16	hadley/lineprof	master
18/07/09 17:45	mebaran/rsalesforce	master
18/07/09 17:39	vinhtantran/monoClust	master
18/07/09 17:39	vinhtantran/monoClust	master
18/07/09 16:45	R-Finance/quantmod	225_getsymbols_oanda
18/07/09 16:26	jalvesaq/colorout	master
18/07/09 16:21	AndrewLJackson/siar	v4.2.3
18/07/09 15:55	AndrewLJackson/siar	v4.2.3
18/07/09 15:53	AndrewLJackson/siar	v4.2.3
18/07/09 15:47	AndrewLJackson/siar	v4.2.3
18/07/09 15:39	AndrewLJackson/siar	v4.2.3
18/07/09 15:34	trinker/textmod	master
18/07/09 15:32	ramnathv/slidifyLibraries	master
18/07/09 15:27	ramnathv/slidify	master
18/07/09 15:22	yixuan/prettydoc	master
18/07/09 15:16	AndrewLJackson/siar	v4.2.3
18/07/09 15:05	AndrewLJackson/siar	v4.2.3
18/07/09 15:02	AndrewLJackson/siar	v4.2.3
18/07/09 14:57	jbkunst/highcharter	master
18/07/09 14:20	benjjneb/dada2	master
18/07/09 12:49	NCAR/notifications	master
18/07/09 12:28	liamrevell/phytools	master
18/07/09 11:11	ropensci/RSelenium	master
18/07/09 11:09	skoval/deuce	master
18/07/09 10:21	rstudio/keras	master
18/07/09 10:20	rstudio/tensorflow	master
18/07/09 10:20	hrbrmstr/taucharts	master
18/07/09 10:01	rstudio/keras	master
18/07/09 10:01	rstudio/tensorflow	master
18/07/09 08:48	RGLab/cytoUtils	master
18/07/09 08:36	trnnick/TStools	master
18/07/09 07:56	gvarunkumar/plotly	master
18/07/09 07:47	ropensci/RSelenium	master
18/07/09 07:46	ropensci/RSelenium	master
18/07/09 07:38	jdreyf/sybilxf	master
18/07/09 07:38	jdreyf/sybilxf	master
18/07/09 07:38	jdreyf/sybilxf	master
18/07/09 07:37	jdreyf/sybilxf	master
18/07/09 07:37	jdreyf/sybilxf	master
18/07/09 07:36	ropensci/plotly	master
18/07/09 07:35	jdreyf/sybilxf	master
18/07/09 07:05	hadley/reshape	master
18/07/09 04:31	matloff/regtools	master
18/07/09 04:30	kassambara/easyGgplot2	master
18/07/09 04:30	kassambara/easyGgplot2	master
18/07/09 04:23	kassambara/easyGgplot2	master
18/07/09 02:42	joey711/biom	master
18/07/07 00:55	Bioconductor/GenomicRanges	master
18/07/07 00:34	jianhong/ATACseqQC	master
18/07/07 00:34	vinhtantran/monoClust	master
18/07/07 00:26	vinhtantran/monoClust	master
18/07/06 00:20	jianhong/ATACseqQC	master
18/07/06 00:02	vqv/ggbiplot	master
18/07/06 00:02	vqv/ggbiplot	master
18/07/06 00:02	vqv/ggbiplot	master
18/07/06 00:02	vqv/ggbiplot	master
18/07/06 00:01	vqv/ggbiplot	master
18/07/05 00:26	ropenscilabs/rnaturalearthhires	master
18/07/03 00:58	kloke/npsmReg2	master
18/07/03 00:57	kloke/hbrfit	master
18/07/03 00:55	rstudio/markdown	master
18/07/02 00:44	maRce10/warbleR	master
18/07/02 00:43	maRce10/warbleR	master
18/07/01 00:43	AndrewLJackson/siar	v4.2.3
18/07/01 00:36	AndrewLJackson/siar	v4.2.3
18/07/01 00:33	AndrewLJackson/siar	v4.2.3
18/07/01 00:33	AndrewLJackson/siar	v4.2.3
18/07/01 00:07	AndrewLJackson/siar	v4.2.3
18/07/01 00:05	AndrewLJackson/siar	v4.2.3
18/06/30 00:36	kevjohnson/healthdata	master
18/06/28 00:37	PeteHaitch/Aclust	master
18/06/28 00:25	benmoran11/rubias	master
18/06/27 00:04	RGLab/flowWorkspaceData	master
18/06/23 00:25	ddionrails/r2ddi	master
18/06/22 00:10	slfan2013/SERRFweb	master
18/06/21 00:46	aliceyiwang/mvabund	master
18/06/21 00:34	aliceyiwang/mvabund	master
18/06/21 00:17	aliceyiwang/mvabund	master
18/06/20 00:25	vqv/ggbiplot	master
18/06/19 00:53	mdavis29/Rcode	master
18/06/19 00:29	pachterlab/sleuth	master
18/06/18 00:33	sinhrks/ggfortify	master
18/06/16 00:02	kciomek/rorutadis	master
18/06/15 00:59	fernandabruno/musixmatchR	master
18/06/15 00:58	Gibbsdavidl/ConsensusClusterParallelPlus	master
18/06/15 00:54	tidyverse/tidyr	master
18/06/15 00:49	Arthurhe/Lightbulb	master
18/06/15 00:35	sgibb/benchgit	master
18/06/15 00:35	braverock/PortfolioAnalytics	master
18/06/15 00:32	R-Finance/RTAQ	master
18/06/15 00:31	R-Finance/FactorAnalytics	master
18/06/15 00:30	R-Finance/MPO	master
18/06/15 00:27	R-Finance/PApages	master
18/06/15 00:25	R-Finance/PortfolioAttribution	master
18/06/15 00:24	R-Finance/PortfolioAttribution	master
18/06/15 00:22	R-Finance/xtime	master
18/06/15 00:20	R-Finance/blotter	master
18/06/15 00:18	romainfrancois/nothing	master
18/06/15 00:18	joshuaulrich/TTR	master
18/06/15 00:16	joshuaulrich/xts	master
18/06/15 00:12	R-Finance/Meucci	master
18/06/12 00:31	mountainMath/cmhc	master
18/06/12 00:30	mountainMath/cancensus	master
18/06/12 00:30	patperry/rhdf5	master
18/06/12 00:26	patperry/rhdf5	master
18/06/12 00:21	patperry/rhdf5	master
