18/08/23 12:31	zoonproject/zoon	master
18/08/23 12:28	vbonhomme/coo	master
18/08/23 12:27	dlebauer/foo	master
18/08/23 12:27	HenrikBengtsson/foo	master
18/08/23 12:09	ropensci/rfigshare	master
18/08/23 12:05	zoonproject/zoon	master
18/08/23 12:00	ropensci/rfigshare	master
18/08/23 11:55	zoonproject/zoon	master
18/08/23 11:52	skoval/RISmed	master
18/08/23 11:50	skoval/RISmed	master
18/08/23 11:43	mikemayer67/RCoverTree	master
18/08/23 11:41	rstudio/shinydashboard	master
18/08/23 11:34	rstudio/shiny	master
18/08/23 11:29	rstats-db/odbc	master
18/08/23 11:25	Zelazny7/isofor	master
18/08/23 11:24	Zelazny7/isofor	master
18/08/23 11:07	hadley/plyr	master
18/08/23 11:04	rstudio/htmltools	master
18/08/23 11:03	rstudio/DT	master
18/08/23 11:01	Zelazny7/isofor	master
18/08/23 11:00	Zelazny7/isofor	master
18/08/23 10:58	Zelazny7/isofor	master
18/08/23 10:55	Zelazny7/isofor	master
18/08/23 10:54	Zelazny7/isofor	master
18/08/23 10:54	Zelazny7/isofor	master
18/08/23 10:52	USGS-R/gsplot	master
18/08/23 10:37	Zelazny7/isofor	master
18/08/23 10:31	Zelazny7/isofor	master
18/08/23 10:15	Zelazny7/isofor	master
18/08/23 10:13	Zelazny7/isofor	master
18/08/23 10:13	Zelazny7/isofor	master
18/08/23 10:13	Zelazny7/isofor	master
18/08/23 10:13	Zelazny7/isofor	master
18/08/23 10:04	ropensci/plotly	master
18/08/23 09:36	ProjectMOSAIC/fetch	master
18/08/23 08:58	hoxo-m/prophetExt	master
18/08/23 08:58	hoxo-m/prophetExt	master
18/08/23 08:12	cole-trapnell-lab/monocle-release	monocle3_alpha
18/08/23 08:05	cole-trapnell-lab/monocle-release	monocle3_alpha
18/08/23 07:49	swarm-lab/videoplayR	master
18/08/23 06:49	jm3594/crtpower	master
18/08/23 06:18	vqv/ggbiplot	master
18/08/23 06:16	vqv/ggbiplot	master
18/08/23 04:44	jm3594/crtpower	master
18/08/23 04:43	jm3594/crtpower	master
18/08/23 02:51	jeroenooms/stringi	master
18/08/23 01:58	Zelazny7/isofor	master
18/08/23 01:57	mariavica/mircomb	master
18/08/23 01:49	mariavica/mircomb	master
18/08/23 00:37	ropensci/tabulizerjars	master
18/08/22 00:49	ymattu/rjumanpp	master
18/08/22 00:48	ymattu/rjumanpp	master
18/08/22 00:31	Triamus/mandat	Fix-Mac-fopenmp-Issue
18/08/21 00:50	bacollier/moveud	master
18/08/18 00:45	ewenme/fplR	master
18/08/18 00:18	neuroconductor/extrantsr	master
18/08/16 00:11	BruceKendall/PVA	master
18/08/11 00:30	ramnathv/slidify	master
18/08/11 00:30	ramnathv/rCharts	master
18/08/11 00:14	uribo/jpndistrict	add_light_rds
18/08/09 00:39	rstudio/blogdown	master
18/08/07 00:17	drsimonj/corrr	master
18/08/03 00:59	mukul13/rword2vec	master
18/08/03 00:56	mukul13/rword2vec	master
18/08/03 00:15	mukul13/rword2vec	master
18/08/03 00:05	ricardo-bion/ggradar	master
18/08/01 00:58	leeper/tabulizer	master
18/08/01 00:58	leeper/tabulizerjars	master
18/08/01 00:57	KNMI/knmiR	3678061
18/07/30 00:03	smartinsightsfromdata/rpivotTable	master
18/07/29 00:56	AndrewLJackson/siar	master
18/07/29 00:55	AndrewLJackson/siar	master
18/07/29 00:51	SPATIAL-Lab/isorig	master
18/07/27 00:47	rmcelreath/rethinking	master
18/07/27 00:44	bayesball/BayesTestStreak	master
18/07/27 00:20	enriquea/feseR	master
18/07/26 00:56	hadley/devtools	master
18/07/26 00:23	thomasp85/patchwork	master
18/07/26 00:15	thomasp85/patchwork	master
18/07/24 00:59	rstudio/shinythemes	master
18/07/24 00:58	rstudio/DT	master
18/07/24 00:58	hadley/readxl	master
18/07/24 00:57	ropensci/plotly	master
18/07/24 00:56	hadley/scales	master
18/07/24 00:56	heike/rotations	master
18/07/24 00:55	frenchja/psych	master
18/07/24 00:55	jkrijthe/Rtsne	master
18/07/24 00:55	pimentel/cluster	master
18/07/24 00:55	hadley/tidyverse	master
18/07/24 00:10	SimonDedman/gbm.auto	master
18/07/24 00:03	bayesball/BayesTestStreak	master
