18/07/05 14:41	wokai/rbamtools	master
18/07/05 14:38	baweiher/Rcd	master
18/07/05 14:37	YTLogos/dplyr	master
18/07/05 14:36	hadley/nycflights13	master
18/07/05 14:17	thlytras/rspiro	master
18/07/05 14:00	mebaran/rsalesforce	master
18/07/05 12:16	hasbiscoring/LimitBoosting	master
18/07/05 10:14	microbiome/microbiome	master
18/07/05 09:36	jMotif/jmotif-R	master
18/07/05 09:00	andersgs/irelr	master
18/07/05 08:55	andersgs/irelr	master
18/07/05 08:41	rstudio/blogdown	master
18/07/05 08:40	yihui/xfun	master
18/07/05 08:40	yihui/xfun	master
18/07/05 08:39	rstudio/blogdown	master
18/07/05 08:37	hoxo-m/magicfor	master
18/07/05 08:24	heibl/megaptera	master
18/07/05 07:52	IlyaKipnis/DSTrading	master
18/07/05 07:21	IlyaKipnis/DSTrading	master
18/07/05 06:56	mfasiolo/mgcViz	master
18/07/05 06:53	mfasiolo/qgam	master
18/07/05 05:08	hoxo-m/prophetExt	master
18/07/05 05:08	hoxo-m/prophetExt	master
18/07/05 03:48	hrbrmstr/taucharts	master
18/07/05 02:37	LorenzoRimella/RGeode	master
18/07/05 02:24	LorenzoRimella/RGeode	master
18/07/05 02:12	eeholmes/MARSS	master
18/07/05 00:26	ropenscilabs/rnaturalearthhires	master
18/07/03 00:58	kloke/npsmReg2	master
18/07/03 00:57	kloke/hbrfit	master
18/07/03 00:55	rstudio/markdown	master
18/07/02 00:44	maRce10/warbleR	master
18/07/02 00:43	maRce10/warbleR	master
18/07/01 00:43	AndrewLJackson/siar	v4.2.3
18/07/01 00:36	AndrewLJackson/siar	v4.2.3
18/07/01 00:33	AndrewLJackson/siar	v4.2.3
18/07/01 00:33	AndrewLJackson/siar	v4.2.3
18/07/01 00:07	AndrewLJackson/siar	v4.2.3
18/07/01 00:05	AndrewLJackson/siar	v4.2.3
18/06/30 00:36	kevjohnson/healthdata	master
18/06/28 00:37	PeteHaitch/Aclust	master
18/06/28 00:25	benmoran11/rubias	master
18/06/27 00:04	RGLab/flowWorkspaceData	master
18/06/23 00:25	ddionrails/r2ddi	master
18/06/22 00:10	slfan2013/SERRFweb	master
18/06/21 00:46	aliceyiwang/mvabund	master
18/06/21 00:34	aliceyiwang/mvabund	master
18/06/21 00:17	aliceyiwang/mvabund	master
18/06/20 00:25	vqv/ggbiplot	master
18/06/19 00:53	mdavis29/Rcode	master
18/06/19 00:29	pachterlab/sleuth	master
18/06/18 00:33	sinhrks/ggfortify	master
18/06/16 00:02	kciomek/rorutadis	master
18/06/15 00:59	fernandabruno/musixmatchR	master
18/06/15 00:58	Gibbsdavidl/ConsensusClusterParallelPlus	master
18/06/15 00:54	tidyverse/tidyr	master
18/06/15 00:49	Arthurhe/Lightbulb	master
18/06/15 00:35	sgibb/benchgit	master
18/06/15 00:35	braverock/PortfolioAnalytics	master
18/06/15 00:32	R-Finance/RTAQ	master
18/06/15 00:31	R-Finance/FactorAnalytics	master
18/06/15 00:30	R-Finance/MPO	master
18/06/15 00:27	R-Finance/PApages	master
18/06/15 00:25	R-Finance/PortfolioAttribution	master
18/06/15 00:24	R-Finance/PortfolioAttribution	master
18/06/15 00:22	R-Finance/xtime	master
18/06/15 00:20	R-Finance/blotter	master
18/06/15 00:18	romainfrancois/nothing	master
18/06/15 00:18	joshuaulrich/TTR	master
18/06/15 00:16	joshuaulrich/xts	master
18/06/15 00:12	R-Finance/Meucci	master
18/06/12 00:31	mountainMath/cmhc	master
18/06/12 00:30	mountainMath/cancensus	master
18/06/12 00:30	patperry/rhdf5	master
18/06/12 00:26	patperry/rhdf5	master
18/06/12 00:21	patperry/rhdf5	master
18/06/07 00:34	tidyverse/ggplot2	master
18/06/07 00:32	LarsRichter82/larspack	master
18/06/07 00:31	cwickham/munsell	master
18/06/07 00:29	MichaelMalick/r-chroma	master
18/06/07 00:27	hadley/scales	master
18/06/07 00:26	hadley/scales	master
18/06/07 00:24	hadley/gtable	master
18/06/06 00:51	drizopoulos/JMbayes	master
18/06/06 00:28	hrbrmstr/taucharts	master
18/06/05 00:32	jrlockwood/eivtools	master
18/06/05 00:28	palmer0914/ML_for_Hackers	master
18/06/05 00:28	palmer0914/ML_for_Hackers	master
18/06/05 00:00	ujjwalkarn/xda	master
