18/09/16 20:18	rmcd1024/derivmkts	master
18/09/16 20:12	att/graphviz	master
18/09/16 20:12	kasperdanielhansen/Rgraphviz	master
18/09/16 20:11	att/graphviz	master
18/09/16 20:10	att/graphviz	master
18/09/16 20:09	att/graphviz	master
18/09/16 20:09	att/graphviz	master
18/09/16 20:08	att/graphviz	master
18/09/16 20:07	att/graphviz	master
18/09/16 20:07	att/graphviz	master
18/09/16 20:05	att/graphviz	master
18/09/16 20:03	att/graphviz	master
18/09/16 20:02	lme4/lme4	master
18/09/16 18:36	IlyaKipnis/DSTrading	master
18/09/16 18:28	IlyaKipnis/DSTrading	master
18/09/16 18:28	IlyaKipnis/DSTrading	master
18/09/16 18:19	IlyaKipnis/DSTrading	master
18/09/16 15:32	IRkernel/IRkernel	master
18/09/16 15:26	jeroenooms/stringi	master
18/09/16 15:09	dkahle/ggmap	master
18/09/16 14:01	joshuaulrich/quantmod	225_getsymbols_oanda
18/09/16 13:30	IlyaKipnis/DSTrading	master
18/09/16 13:30	IRkernel/IRkernel	master
18/09/16 13:21	IlyaKipnis/DSTrading	master
18/09/16 13:00	JoshuaSlocum/kagglr	master
18/09/16 10:33	hoxo-m/magicfor	master
18/09/16 10:28	hoxo-m/magicfor	master
18/09/16 10:26	hoxo-m/magicfor	master
18/09/16 10:24	hoxo-m/magicfor	master
18/09/16 10:24	hoxo-m/magicfor	master
18/09/16 10:23	hoxo-m/magicfor	master
18/09/16 10:22	hoxo-m/magicfor	master
18/09/16 10:20	hoxo-m/magicfor	master
18/09/16 10:18	hoxo-m/magicfor	master
18/09/16 10:17	hoxo-m/magicfor	master
18/09/16 10:17	hoxo-m/magicfor	master
18/09/16 10:17	hoxo-m/magicfor	master
18/09/16 09:41	hoxo-m/magicfor	master
18/09/16 09:28	IRkernel/IRkernel	master
18/09/16 08:38	maryclare/LANOVA	master
18/09/16 06:44	rstats-db/odbc	master
18/09/16 06:32	rstats-db/odbc	master
18/09/16 03:46	tidyverse/dplyr	master
18/09/16 03:36	tidyverse/dplyr	master
18/09/16 03:36	norbertbin/rCASC	master
18/09/16 03:35	norbertbin/rCASC	master
18/09/16 03:32	norbertbin/rCASC	master
18/09/16 03:17	tidyverse/dplyr	master
18/09/15 00:47	hrbrmstr/hrbrthemes	master
18/09/13 00:52	CentreForHydrology/CRHMr	master
18/09/11 00:15	yihui/tinytex	master
18/09/11 00:14	rstudio/rmarkdown	master
18/09/09 00:02	vqv/ggbiplot	master
18/09/08 00:46	att/rcloud.rmd	master
18/09/08 00:46	att/rcloud.rmd	master
18/09/08 00:43	att/rcloud.rmd	master
18/09/08 00:43	att/rcloud.rmd	master
18/09/08 00:42	att/rcloud.flexdashboard	master
18/09/08 00:42	att/rcloud.rmd	master
18/09/08 00:42	att/rcloud.flexdashboard	master
18/09/08 00:42	att/rcloud.shiny	master
18/09/08 00:41	att/rcloud.htmlwidgets	master
18/09/07 00:58	benjamin-merkel/probGLS	master
18/09/07 00:53	hadley/ggplot2	master
18/09/06 00:53	mrke/NicheMapR	master
18/09/06 00:34	mrke/NicheMapR	master
18/09/06 00:06	vegandevs/vegan	master
18/09/03 00:12	kassambara/easyGgplot2	master
18/08/30 00:53	ricardo-bion/ggradar	master
18/08/30 00:48	ricardo-bion/ggradar	master
18/08/29 00:47	rstudio/leaflet	master
18/08/29 00:42	rstudio/leaflet	master
18/08/28 00:09	jutako/Rtools	master
18/08/27 00:14	aoles/EBImage	master
18/08/24 00:06	ramnathv/rCharts	master
18/08/24 00:06	ramnathv/rCharts	master
18/08/24 00:03	taiyun/corrplot	master
18/08/24 00:03	taiyun/corrplot	master
18/08/23 00:37	ropensci/tabulizerjars	master
18/08/22 00:49	ymattu/rjumanpp	master
18/08/22 00:48	ymattu/rjumanpp	master
18/08/22 00:31	Triamus/mandat	Fix-Mac-fopenmp-Issue
18/08/21 00:50	bacollier/moveud	master
18/08/18 00:45	ewenme/fplR	master
18/08/18 00:18	neuroconductor/extrantsr	master
