18/03/28 20:58	ECO230/eco230r	master
18/03/28 20:57	ECO230/eco230r	master
18/03/28 20:54	ECO230/eco230r	master
18/03/28 20:19	schmolze/saps-devel	master
18/03/28 20:18	jtleek/sva-devel	master
18/03/28 20:15	jtleek/sva-devel	master
18/03/28 20:13	dtkaplan/DCF-devel	master
18/03/28 19:25	genomicsclass/ph525x	master
18/03/28 19:18	genomicsclass/ph525x	master
18/03/28 19:17	genomicsclass/ph525x	master
18/03/28 19:08	hemberg-lab/scmap	master
18/03/28 18:48	davidADSP/xgboostExplainer	master
18/03/28 18:47	AppliedDataSciencePartners/xgboostExplainer	master
18/03/28 18:26	ECO230/eco230r	master
18/03/28 17:53	docopt/docopt.R	master
18/03/28 17:35	bnosac/RDRPOSTagger	master
18/03/28 16:24	jlvia1191/lsm	master
18/03/28 15:49	mrgsolve/openmodel	master
18/03/28 15:45	ECO230/eco230r	master
18/03/28 15:21	BenBarnard/pdfposter	master
18/03/28 15:12	KanduriC/GenRank	master
18/03/28 15:02	hansthompson/Genepop2SPAM	master
18/03/28 14:57	tshmak/General	master
18/03/28 14:56	lucymli/GenBank	master
18/03/28 14:55	hrbrmstr/pluralize	master
18/03/28 14:40	mrgsolve/openmodel	master
18/03/28 14:10	cmartin/ggConvexHull	master
18/03/28 13:57	metno/esd	master
18/03/28 13:55	arives/rr2	master
18/03/28 13:35	ECO230/eco230r	master
18/03/28 13:27	ECO230/eco230r	master
18/03/28 13:15	gforge/forestplot	master
18/03/28 13:10	gforge/forestplot	master
18/03/28 13:00	gforge/forestplot	master
18/03/28 12:49	mclements/rstpm2	b320dc6
18/03/28 12:08	LasseHjort/cuRe	develop
18/03/28 12:07	mclements/rstpm2	develop
18/03/28 11:37	vqv/ggbiplot	master
18/03/28 11:08	mariavica/mircomb	master
18/03/28 09:41	jbiesanz/fabs	master
18/03/28 09:22	mosscoder/crustCover	master
18/03/28 09:20	MG-RAST/matR	master
18/03/28 08:43	mhahsler/arules	master
18/03/28 08:39	mhahsler/arules	master
18/03/28 08:38	mhahsler/arules	master
18/03/28 08:29	Lchiffon/wordcloud2	master
18/03/28 07:45	rstudio/sparklyr	080a4c6
18/03/28 07:43	rstudio/sparklyr	080a4c6
18/03/28 07:03	bvieth/powsimR	master
18/03/28 06:12	James-Thorson/VAST	master
18/03/28 05:34	gertjanssenswillen/edeaR	master
18/03/28 05:31	gertjanssenswillen/edeaR	3.20.6
18/03/28 05:31	tdeenes/eegR	v3.20.6
18/03/28 05:31	jsta/edenR	v3.20.6
18/03/28 05:30	gertjanssenswillen/edeaR	v3.20.6
18/03/28 05:11	James-Thorson/VAST	master
18/03/28 05:05	James-Thorson/VAST	master
18/03/28 04:57	James-Thorson/VAST	master
18/03/28 04:56	James-Thorson/VAST	master
18/03/28 04:56	James-Thorson/VAST	master
18/03/28 04:54	James-Thorson/VAST	master
18/03/28 04:50	dill/beyonce	master
18/03/28 04:49	jonclayden/multicore	master
18/03/28 04:49	James-Thorson/VAST	master
18/03/28 04:49	s-u/multicore	master
18/03/28 04:33	ujjwalkarn/xda	master
18/03/28 04:29	ao90/PRIM	master
18/03/28 03:14	ao90/PRIM	master
18/03/28 02:10	ECO230/eco230r	master
18/03/28 02:06	yutannihilation/gghighlight	master
18/03/28 01:49	leeper/slopegraph	master
18/03/28 00:52	ropensci/plotly	master
18/03/28 00:45	tidyverse/ggplot2	49619b7
18/03/28 00:36	ECO230/eco230r	master
18/03/28 00:35	ECO230/eco230r	master
18/03/24 00:43	SachaEpskamp/semPlot	master
18/03/23 00:07	r-lib/rlang	master
18/03/23 00:06	tidyverse/rlang	master
18/03/22 00:12	gabrielrvsc/HDeconometrics	master
18/03/21 00:54	cbw1243/marginalfit	master
18/03/21 00:45	umerijaz/microbiomeSeq	master
18/03/18 00:29	sinhrks/ggfortify	master
18/03/16 00:37	stnava/ITKR	master
18/03/15 00:38	JoshuaSlocum/kagglr	master
18/03/15 00:09	aminondo/iX-Rpackage	sc
18/03/14 00:40	BIMSBbioinfo/genomation	master
18/03/14 00:39	yihui/knitr	master
18/03/14 00:35	BIMSBbioinfo/genomation	master
18/03/12 00:08	mroberts/stmBrowser	master
18/03/12 00:07	methodds/stminsights	master
18/03/08 00:58	peterxeno/preprocessr	master
18/03/08 00:57	artichaud1/preprocessr	master
18/03/08 00:45	USGS-R/waterData	master
18/03/08 00:03	jdblischak/workflowr	master
18/03/08 00:01	jdblischak/workflowr	master
18/03/07 00:51	hadley/haven	master
18/03/07 00:20	ropensci/tabulizer	master
18/03/07 00:20	ropensci/tabulizerjars	master
18/03/07 00:13	sjmgarnier/viridis	master
18/03/06 00:08	GuangchuangYu/ggtree	master
18/03/05 00:38	gavinsimpson/tsgam	master
18/03/02 00:59	ECO230/eco230r	master
18/03/02 00:42	ropensci/ghql	master
18/03/02 00:08	ECO230/eco230r	master
18/03/02 00:04	ECO230/eco230r	master
18/03/02 00:04	ECO230/eco230r	master
18/03/02 00:04	ECO230/eco230r	master
18/03/02 00:03	ECO230/eco230r	master
18/02/28 00:58	ECO230/eco230r	master
18/02/28 00:41	kbroman/horizon	master
18/02/28 00:16	ECO230/eco230r	master
18/02/28 00:10	ECO230/eco230r	master
18/02/28 00:10	ECO230/eco230r	master
18/02/28 00:10	ECO230/eco230r	master
18/02/27 00:45	renozao/NMF	devel
18/02/27 00:39	tidyverse/haven	master
18/02/27 00:35	tidyverse/haven	master
18/02/27 00:00	ECO230/eco230r	master
18/02/26 00:55	James-Thorson/FishLife	master
