18/08/20 13:49	andrewpbray/oilabs	master
18/08/20 13:16	rstats-db/odbc	master
18/08/20 11:32	clbustos/dominanceAnalysis	master
18/08/20 10:55	rstats-db/odbc	master
18/08/20 10:53	hoxo-m/prophetExt	master
18/08/20 10:50	harrelfe/Hmisc	master
18/08/20 10:28	rstats-db/odbc	master
18/08/20 10:21	vqv/ggbiplot	master
18/08/20 10:18	rstats-db/odbc	master
18/08/20 09:35	rstats-db/odbc	master
18/08/20 09:34	rstats-db/odbc	master
18/08/20 08:58	fawda123/ggord	master
18/08/20 08:57	thomasp85/patchwork	master
18/08/20 08:54	thomasp85/patchwork	master
18/08/20 08:22	hrbrmstr/taucharts	master
18/08/20 08:15	tidyverse/ggplot2	49619b7
18/08/20 05:38	rstats-db/odbc	master
18/08/20 04:24	toledobastos/SocialMediaMineR	master
18/08/18 00:45	ewenme/fplR	master
18/08/18 00:18	neuroconductor/extrantsr	master
18/08/16 00:11	BruceKendall/PVA	master
18/08/11 00:30	ramnathv/slidify	master
18/08/11 00:30	ramnathv/rCharts	master
18/08/11 00:14	uribo/jpndistrict	add_light_rds
18/08/09 00:39	rstudio/blogdown	master
18/08/07 00:17	drsimonj/corrr	master
18/08/03 00:59	mukul13/rword2vec	master
18/08/03 00:56	mukul13/rword2vec	master
18/08/03 00:15	mukul13/rword2vec	master
18/08/03 00:05	ricardo-bion/ggradar	master
18/08/01 00:58	leeper/tabulizer	master
18/08/01 00:58	leeper/tabulizerjars	master
18/08/01 00:57	KNMI/knmiR	3678061
18/07/30 00:03	smartinsightsfromdata/rpivotTable	master
18/07/29 00:56	AndrewLJackson/siar	master
18/07/29 00:55	AndrewLJackson/siar	master
18/07/29 00:51	SPATIAL-Lab/isorig	master
18/07/27 00:47	rmcelreath/rethinking	master
18/07/27 00:44	bayesball/BayesTestStreak	master
18/07/27 00:20	enriquea/feseR	master
18/07/26 00:56	hadley/devtools	master
18/07/26 00:23	thomasp85/patchwork	master
18/07/26 00:15	thomasp85/patchwork	master
18/07/24 00:59	rstudio/shinythemes	master
18/07/24 00:58	rstudio/DT	master
18/07/24 00:58	hadley/readxl	master
18/07/24 00:57	ropensci/plotly	master
18/07/24 00:56	hadley/scales	master
18/07/24 00:56	heike/rotations	master
18/07/24 00:55	frenchja/psych	master
18/07/24 00:55	jkrijthe/Rtsne	master
18/07/24 00:55	pimentel/cluster	master
18/07/24 00:55	hadley/tidyverse	master
18/07/24 00:10	SimonDedman/gbm.auto	master
18/07/24 00:03	bayesball/BayesTestStreak	master
18/07/21 00:03	wpeterman/ResistanceGA	julia_dev
