18/09/27 14:49	jonathon-love/car	master
18/09/27 14:13	LasseHjort/cuRe	master
18/09/27 14:12	rstats-db/odbc	master
18/09/27 14:11	genomicsclass/ph525x	master
18/09/27 14:10	genomicsclass/ph525x	master
18/09/27 14:04	mlux86/flowLearn	master
18/09/27 13:20	genomicsclass/ph525x	master
18/09/27 13:20	genomicsclass/ph525x	master
18/09/27 13:19	genomicsclass/ph525x	master
18/09/27 13:09	dgrtwo/gganimate	master
18/09/27 13:06	maRce10/warbleR	master
18/09/27 12:52	omegahat/Rcompression	master
18/09/27 12:51	henryrscharf/compressK	master
18/09/27 12:33	rstats-db/odbc	master
18/09/27 11:25	hadley/lobstr	master
18/09/27 09:27	henfiber/later	master
18/09/27 09:27	henfiber/cronr	master
18/09/27 09:26	henfiber/later	master
18/09/27 09:09	rstudio/httpuv	master
18/09/27 09:07	rstudio/shiny	master
18/09/27 09:06	rstudio/promises	master
18/09/27 09:06	rstudio/shiny	master
18/09/27 08:58	vqv/ggbiplot	master
18/09/27 08:40	variani/lme4qtl	master
18/09/27 07:39	rOpenGov/gisfin	master
18/09/27 03:24	larmarange/JLutils	master
18/09/27 03:23	mattdneal/GPLVM	master
18/09/27 03:22	mattdneal/GPLVM	master
18/09/27 03:21	mattdneal/GPLVM	master
18/09/27 03:11	joshuaulrich/TTR	master
18/09/27 02:09	fawda123/ggord	master
18/09/27 01:15	jennybc/googlesheets	master
