18/09/07 16:58	platypus1989/PathMatch	master
18/09/07 16:48	hrbrmstr/albersusa	master
18/09/07 16:28	cnaumzik/caffeR	master
18/09/07 15:37	rmcelreath/rethinking	master
18/09/07 15:37	ropensci/RSelenium	master
18/09/07 15:31	rstats-db/odbc	master
18/09/07 15:27	andrewpbray/oilabs	master
18/09/07 15:25	andrewpbray/oilabs	master
18/09/07 15:24	andrewpbray/oilabs	master
18/09/07 15:23	andrewpbray/oilabs	master
18/09/07 15:20	rstats-db/odbc	master
18/09/07 15:14	rstats-db/odbc	master
18/09/07 14:54	rstats-db/odbc	master
18/09/07 13:33	r-hub/rhub	master
18/09/07 13:19	rstats-db/odbc	master
18/09/07 11:37	mrke/NicheMapR	master
18/09/07 10:48	hoxo-m/magicfor	master
18/09/07 10:45	RandiLGarcia/dyadr	master
18/09/07 10:44	RandiLGarcia/dyadr	master
18/09/07 10:37	vincentarelbundock/countrycode	master
18/09/07 10:37	vincentarelbundock/countrycode	master
18/09/07 09:41	topepo/caret	master
18/09/07 09:33	topepo/recipes	master
18/09/07 09:21	topepo/caret	master
18/09/07 09:21	JackStat/ModelMetrics	master
18/09/07 09:01	ymattu/MlBayesOpt	master
18/09/07 09:00	ymattu/MlBayesOpt	master
18/09/07 09:00	ymattu/MlBayesOpt	master
18/09/07 08:07	rstats-db/odbc	master
18/09/07 07:49	AkhilNairAmey/crassy	master
18/09/07 07:14	rstats-db/odbc	master
18/09/07 07:13	rstats-db/odbc	master
18/09/07 07:13	rstats-db/odbc	master
18/09/07 06:05	mrke/NicheMapR	master
18/09/07 05:48	mrke/NicheMapR	master
18/09/07 05:45	mrke/NicheMapR	master
18/09/07 05:42	mrke/NicheMapR	master
18/09/07 05:39	mrke/NicheMapR	master
18/09/07 05:32	mrke/NicheMapR	master
18/09/07 05:26	mrke/NicheMapR	master
18/09/07 03:41	cloudyr/Rmonkey	%2327
18/09/07 03:38	cloudyr/Rmonkey	v.5
18/09/07 03:03	mrke/NicheMapR	master
18/09/07 01:02	neurodata/mgc	master
18/09/07 00:58	benjamin-merkel/probGLS	master
18/09/07 00:53	hadley/ggplot2	master
18/09/06 00:53	mrke/NicheMapR	master
18/09/06 00:34	mrke/NicheMapR	master
18/09/06 00:06	vegandevs/vegan	master
18/09/03 00:12	kassambara/easyGgplot2	master
18/08/30 00:53	ricardo-bion/ggradar	master
18/08/30 00:48	ricardo-bion/ggradar	master
18/08/29 00:47	rstudio/leaflet	master
18/08/29 00:42	rstudio/leaflet	master
18/08/28 00:09	jutako/Rtools	master
18/08/27 00:14	aoles/EBImage	master
18/08/24 00:06	ramnathv/rCharts	master
18/08/24 00:06	ramnathv/rCharts	master
18/08/24 00:03	taiyun/corrplot	master
18/08/24 00:03	taiyun/corrplot	master
18/08/23 00:37	ropensci/tabulizerjars	master
18/08/22 00:49	ymattu/rjumanpp	master
18/08/22 00:48	ymattu/rjumanpp	master
18/08/22 00:31	Triamus/mandat	Fix-Mac-fopenmp-Issue
18/08/21 00:50	bacollier/moveud	master
18/08/18 00:45	ewenme/fplR	master
18/08/18 00:18	neuroconductor/extrantsr	master
18/08/16 00:11	BruceKendall/PVA	master
18/08/11 00:30	ramnathv/slidify	master
18/08/11 00:30	ramnathv/rCharts	master
18/08/11 00:14	uribo/jpndistrict	add_light_rds
18/08/09 00:39	rstudio/blogdown	master
