18/05/05 20:22	jyypma/nloptr	master
18/05/05 20:21	jyypma/nloptr	R-3.0.3
18/05/05 20:21	jyypma/nloptr	R-3.0.2
18/05/05 19:30	cbielow/PTXQC	QC2018
18/05/05 19:29	cbielow/PTXQC	QC2018
18/05/05 19:26	thej022214/hisse	higeosse_postsub
18/05/05 19:25	thej022214/hisse	higeosse_postsub
18/05/05 19:14	cbielow/PTXQC	QC2018
18/05/05 19:11	cbielow/PTXQC	QC2018
18/05/05 19:10	cbielow/PTXQC	QC2018
18/05/05 18:34	arbuzovv/rusquant	master
18/05/05 18:14	swager/balanceHD	master
18/05/05 18:13	swager/balanceHD	master
18/05/05 16:32	braverock/blotter	master
18/05/05 16:27	braverock/blotter	master
18/05/05 16:19	braverock/blotter	master
18/05/05 15:41	hadley/dplyr	master
18/05/05 15:32	Displayr/flipStandardCharts	master
18/05/05 10:53	R-Finance/blotter	master
18/05/05 10:52	braverock/blotter	master
18/05/05 10:10	brownianEmotion/catDist	master
18/05/05 09:28	msaidf/robusta	master
18/05/05 09:23	IQSS/RobustSE	master
18/05/05 07:50	Japal/zCompositions	master
18/05/05 06:45	DanielBonnery/SweaveLst	master
18/05/05 06:36	daattali/ezknitr	master
18/05/05 06:30	DanielBonnery/SweaveLst	master
18/05/05 05:31	dgrtwo/gganimate	master
18/05/05 02:23	aoles/EBImage	master
18/05/05 02:21	mskilab/gTrack	dev
18/05/05 02:20	mskilab/gTrack	dev
18/05/05 02:09	mskilab/gTrack	dev
18/05/05 01:53	hrbrmstr/hrbrthemes	master
18/05/05 01:23	ujjwalkarn/xda	master
18/05/05 01:22	johndharrison/wdman	master
18/05/05 01:22	mannau/tm.plugin.sentiment	master
18/05/05 01:21	jeremystan/tidyjson	master
18/05/05 01:21	trinker/rnltk	master
18/05/05 01:21	paulponcet/stats2	master
18/05/05 01:21	wenjie2wang/splines2	master
18/05/05 01:21	sfr/snippets-addin	master
18/05/05 01:21	bbTomas/slidifyLibraries	master
18/05/05 01:21	ramnathv/slidify	master
18/05/05 01:21	ropensci/RSelenium	master
18/05/05 01:20	ThinkR-open/remedy	master
18/05/05 01:20	klaukh/reactor	master
18/05/05 01:20	ramnathv/rCharts	master
18/05/05 01:20	AndreaCirilloAC/ramazon	master
18/05/05 01:20	aiorazabala/qmethod	master
18/05/05 01:20	hrbrmstr/markdowntemplates	master
18/05/05 01:20	LudvigOlsen/insertImage	master
18/05/05 01:20	floswald/gridR	master
18/05/05 01:20	HenrikBengtsson/R.devices	master
18/05/05 01:19	HenrikBengtsson/R.graphics	master
18/05/05 01:19	ricardo-bion/ggradar	master
18/05/05 01:19	dgrtwo/gganimate	master
18/05/05 01:19	abresler/forbesListR	master
18/05/05 01:19	dill/emoGG	master
18/05/05 01:19	aoles/EBImage	master
18/05/05 01:18	datashield/dsTutorial	master
18/05/05 01:18	jpmarindiaz/d3plus	master
18/05/05 01:17	CollinErickson/comparer	master
18/05/05 01:17	sarupurisailalith/commonUtilAddins	master
18/05/05 01:17	marsha5813/botcheck	master
18/05/05 01:17	Bioconductor/BiocInstaller	master
18/05/05 01:17	Bioconductor/BiocGenerics	master
18/05/05 01:16	johndharrison/binman	master
18/05/05 01:16	coatless/balamuta	master
18/05/05 01:13	sdcTools/sdcMicro	master
18/05/05 01:08	hrbrmstr/hrbraddins	master
18/05/03 00:28	RomeroBarata/dcme	master
18/05/02 00:02	sinhrks/ggfortify	master
18/05/01 00:33	thlytras/rspiro	master
18/05/01 00:33	thlytras/rspiro	master
18/04/28 00:35	predict-r/rtika	master
18/04/28 00:24	dgrtwo/rparse	master
18/04/26 00:30	alfcrisci/rBiometeo	master
18/04/21 00:44	jbryer/timeline	master
18/04/18 00:54	hoxo-m/prophetExt	master
18/04/18 00:53	evanwang1990/FMwR	master
18/04/18 00:08	hoxo-m/pforeach	master
18/04/15 00:35	dkahle/ggmap	master
18/04/11 00:30	ShinsukeSakai0321/PSFCalc	master
18/04/11 00:19	CambridgeAssessmentResearch/POSAC	master
18/04/11 00:05	ujjwalkarn/xda	master
18/04/10 00:35	rstudio/leaflet	master
18/04/10 00:34	rstudio/leaflet	master
18/04/10 00:33	rstudio/leaflet	master
18/04/10 00:32	rstudio/leaflet	master
18/04/06 00:34	kazutan/zousan	master
18/04/05 00:58	ropensci/bikedata	master
18/04/05 00:47	ropensci/bikedata	master
18/04/05 00:33	jennybc/googlesheets	master
18/04/05 00:31	jennybc/googlesheets	master
18/04/05 00:30	jennybc/googlesheets	master
18/04/05 00:26	jennybc/googlesheets	master
18/04/05 00:04	ao90/PRIM	master
