18/12/03 20:37	YTLogos/patchwork	master
18/12/03 20:25	satijalab/seurat	master
18/12/03 20:23	kassambara/fastqcr	master
18/12/03 17:01	gsk3/taRifx	master
18/12/03 17:00	kassambara/easyGgplot2	master
18/12/03 16:15	LasseHjort/cuRe	master
18/12/03 16:05	hoxo-m/magicfor	master
18/12/03 15:15	strengejacke/ggeffects	master
18/12/03 09:08	patr1ckm/mvtboost	master
18/12/03 08:59	behuang/mpMap	master
18/12/03 08:55	ramnathv/rCharts	master
18/12/03 08:35	twitter/AnomalyDetection	master
18/12/03 05:22	hoxo-m/magicfor	master
18/12/03 05:17	hoxo-m/magicfor	master
18/12/03 05:10	tidyverse/ggplot2	49619b7
18/12/03 05:08	tidyverse/ggplot2	49619b7
18/12/03 05:07	hadley/ggplot2	49619b7
18/12/03 01:47	philchalmers/SimDesign	master
18/12/03 01:46	max-graham/metrics	master
18/12/03 01:11	datadotworld/data.world-r	master
18/12/03 01:08	datadotworld/data.world-r	master
