18/05/03 19:55	grimbough/biomaRt	master
18/05/03 19:51	jennybc/repurrrsive	master
18/05/03 19:31	ujjwalkarn/xda	master
18/05/03 19:29	ujjwalkarn/xda	master
18/05/03 19:09	labbcb/GA4GHshiny	master
18/05/03 19:05	labbcb/GA4GHshiny	master
18/05/03 17:31	s-u/rJava	master
18/05/03 17:28	s-u/rJava	master
18/05/03 17:27	s-u/rJava	master
18/05/03 17:26	s-u/rJava	master
18/05/03 17:25	s-u/rJava	master
18/05/03 17:22	dragua/xlsx	master
18/05/03 17:21	hojsgaard/pbkrtest	master
18/05/03 17:05	rvlenth/emmeans	master
18/05/03 17:04	lme4/lme4	master
18/05/03 17:01	yihui/printr	master
18/05/03 17:00	haozhu233/kableExtra	master
18/05/03 16:59	baptiste/gridextra	master
18/05/03 16:59	baptiste/gridextra	master
18/05/03 16:59	jrnold/ggthemes	master
18/05/03 16:55	tidyverse/tidyverse	master
18/05/03 16:55	tidyverse/tidyverse	master
18/05/03 16:44	aroneklund/bias	master
18/05/03 16:41	HughParsonage/heims	master
18/05/03 16:40	grimbough/biomaRt	master
18/05/03 16:36	bmschmidt/wordVectors	master
18/05/03 15:12	OuhscBbmc/REDCapR	master
18/05/03 15:09	hoxo-m/magicfor	master
18/05/03 15:08	HughParsonage/heims	master
18/05/03 14:52	hoxo-m/magicfor	master
18/05/03 14:45	bmschmidt/wordVectors	master
18/05/03 14:38	bmschmidt/wordVectors	master
18/05/03 14:33	bmschmidt/wordVectors	master
18/05/03 14:31	bmschmidt/wordVectors	master
18/05/03 13:41	bmschmidt/wordVectors	master
18/05/03 12:52	bnosac/BelgiumMaps.StatBel	master
18/05/03 12:30	bmschmidt/wordVectors	master
18/05/03 12:16	bmschmidt/wordVectors	master
18/05/03 12:02	bmschmidt/wordVectors	master
18/05/03 11:57	bmschmidt/wordVectors	master
18/05/03 11:57	bmschmidt/wordVectors	master
18/05/03 11:47	bmschmidt/wordVectors	master
18/05/03 10:31	mannau/tm.plugin.sentiment	master
18/05/03 10:30	mannau/tm.plugin.sentiment	master
18/05/03 10:29	mannau/tm.plugin.sentiment	master
18/05/03 09:54	cbielow/PTXQC	QC2018
18/05/03 08:35	gforge/htmlTable	develop
18/05/03 07:57	topepo/caret	0.9.4.2
18/05/03 07:56	hoxo-m/densratio	0.9.4.2
18/05/03 05:15	meghapadi/ALPACA	master
18/05/03 05:15	jplatig/condor	master
18/05/03 02:47	DheerajAgarwal/rgdax	master
18/05/03 02:41	thibautjombart/adegenet	master
18/05/03 02:08	jeroenooms/stringi	master
18/05/03 01:04	asmith26/leafletplugins	master
18/05/03 00:28	RomeroBarata/dcme	master
18/05/02 00:02	sinhrks/ggfortify	master
18/05/01 00:33	thlytras/rspiro	master
18/05/01 00:33	thlytras/rspiro	master
18/04/28 00:35	predict-r/rtika	master
18/04/28 00:24	dgrtwo/rparse	master
18/04/26 00:30	alfcrisci/rBiometeo	master
18/04/21 00:44	jbryer/timeline	master
18/04/18 00:54	hoxo-m/prophetExt	master
18/04/18 00:53	evanwang1990/FMwR	master
18/04/18 00:08	hoxo-m/pforeach	master
18/04/15 00:35	dkahle/ggmap	master
18/04/11 00:30	ShinsukeSakai0321/PSFCalc	master
18/04/11 00:19	CambridgeAssessmentResearch/POSAC	master
18/04/11 00:05	ujjwalkarn/xda	master
18/04/10 00:35	rstudio/leaflet	master
18/04/10 00:34	rstudio/leaflet	master
18/04/10 00:33	rstudio/leaflet	master
18/04/10 00:32	rstudio/leaflet	master
18/04/06 00:34	kazutan/zousan	master
18/04/05 00:58	ropensci/bikedata	master
18/04/05 00:47	ropensci/bikedata	master
18/04/05 00:33	jennybc/googlesheets	master
18/04/05 00:31	jennybc/googlesheets	master
18/04/05 00:30	jennybc/googlesheets	master
18/04/05 00:26	jennybc/googlesheets	master
18/04/05 00:04	ao90/PRIM	master
