18/10/22 22:38	timelyportfolio/parcoords	master
18/10/22 20:24	dbarneche/envPred	master
18/10/22 20:23	dbarneche/envPred	master
18/10/22 20:23	dbarneche/envPred	master
18/10/22 20:17	vqv/ggbiplot	master
18/10/22 20:02	dbarneche/envPred	master
18/10/22 17:21	eddelbuettel/littler	master
18/10/22 17:17	sartorlab/methylSig	master
18/10/22 16:59	maRce10/warbleR	master
18/10/22 16:54	maRce10/warbleR	master
18/10/22 16:44	maRce10/warbleR	master
18/10/22 16:32	ShengLi/edmr	master
18/10/22 16:20	ShengLi/edmr	master
18/10/22 15:03	SofieVG/FlowSOM	master
18/10/22 13:18	cantonfe/sitree	master
18/10/22 11:37	maRce10/warbleR	master
18/10/22 09:05	liesb/BIITE	master
18/10/22 08:40	IRkernel/IRkernel	master
18/10/22 07:40	Bioconductor/Biostrings	master
18/10/22 07:32	Bioconductor/Biostrings	master
18/10/22 07:18	vqv/ggbiplot	master
18/10/22 02:45	ujjwalkarn/xda	master
