18/10/17 13:53	bomeara/datelife	master
18/10/17 13:52	bomeara/datelife	master
18/10/17 13:50	bomeara/datelife	master
18/10/17 13:48	bomeara/datelife	master
18/10/17 12:41	joey711/phyloseq	master
18/10/17 12:30	aliceyiwang/mvabund	master
18/10/17 11:54	azvoleff/teamlucc	master
18/10/17 11:44	azvoleff/teamlucc	master
18/10/17 11:41	azvoleff/teamlucc	master
18/10/17 11:39	azvoleff/teamlucc	master
18/10/17 11:37	azvoleff/teamlucc	master
18/10/17 11:31	azvoleff/teamlucc	master
18/10/17 11:30	azvoleff/teamlucc	master
18/10/17 09:51	hadley/forcats	master
18/10/17 09:49	robjhyndman/forecast	master
18/10/17 09:38	regbook/regbook	master
18/10/17 09:36	geanders/futureheatwaves	master
18/10/17 07:45	ujjwalkarn/xda	master
18/10/17 05:20	ujjwalkarn/xda	master
18/10/17 04:49	COMHIS/bibliographica	master
18/10/17 04:47	unDocUMeantIt/tm.plugin.koRpus	master
18/10/17 04:46	lmullen/gender-data-pkg	master
18/10/17 04:44	angeloari/register	master
18/10/17 04:42	COMHIS/bibliographica	master
18/10/17 04:41	COMHIS/bibliographica	master
18/10/17 04:41	COMHIS/bibliographica	master
18/10/17 04:39	unDocUMeantIt/tm.plugin.koRpus	master
18/10/17 04:29	unDocUMeantIt/tm.plugin.koRpus	master
18/10/17 03:56	unDocUMeantIt/tm.plugin.koRpus	master
18/10/17 03:54	unDocUMeantIt/tm.plugin.koRpus	master
18/10/17 03:53	unDocUMeantIt/tm.plugin.koRpus	master
18/10/11 00:33	sbfnk/fitR	master
18/10/05 00:48	Albluca/ElPiGraph.R	master
18/10/05 00:47	alexgenin/miscutils	master
18/10/05 00:46	alexgenin/miscutils	master
18/10/05 00:23	jbryer/likert	master
18/10/05 00:21	dgrtwo/snippr	master
18/10/03 00:54	gavinsimpson/ggvegan	master
18/10/03 00:53	amberalpha/toypkg	master
18/09/25 00:25	rstudio/config	master
18/09/25 00:24	rstudio/config	master
18/09/25 00:23	rstudio/config	master
18/09/24 00:01	rstats-db/odbc	master
18/09/20 00:52	hadley/precis	master
18/09/20 00:48	RickPack/FBadstats	master
18/09/20 00:08	selesnow/rvkstat	master
18/09/18 00:27	yihui/knitr	master
18/09/18 00:25	rstudio/rmarkdown	master
18/09/18 00:25	yihui/tinytex	master
