18/04/23 09:33	rstudio/shiny	master
18/04/23 08:28	tidyverse/tidyverse	master
18/04/23 08:13	kassambara/factoextra	master
18/04/23 06:44	rstats-db/bigrquery	master
18/04/23 06:41	GuangchuangYu/ReactomePA	master
18/04/23 06:40	GuangchuangYu/enrichplot	master
18/04/23 06:40	OHDSI/DatabaseConnector	master
18/04/23 06:06	ujjwalkarn/xda	master
18/04/23 05:28	hoxo-m/dplyr.teradata	master
18/04/23 05:17	twitter/AnomalyDetection	master
18/04/23 05:16	twitter/AnomalyDetection	master
18/04/23 04:33	s-u/unixtools	master
18/04/23 04:32	s-u/unixtools	master
18/04/23 04:16	mukul13/rword2vec	master
18/04/23 04:12	ropensci/tabulizerjars	master
18/04/23 04:11	redmode/word2vecr	master
18/04/23 04:10	ropensci/tabulizerjars	master
18/04/23 04:06	redmode/word2vecr	master
18/04/23 04:05	bmschmidt/wordVectors	master
18/04/23 04:01	bmschmidt/wordVectors	master
18/04/23 03:51	NamyounKim/NLP4kec	master
18/04/23 03:41	s-u/unixtools	master
18/04/23 03:41	s-u/unixtools	master
18/04/21 00:44	jbryer/timeline	master
18/04/18 00:54	hoxo-m/prophetExt	master
18/04/18 00:53	evanwang1990/FMwR	master
18/04/18 00:08	hoxo-m/pforeach	master
18/04/15 00:35	dkahle/ggmap	master
18/04/11 00:30	ShinsukeSakai0321/PSFCalc	master
18/04/11 00:19	CambridgeAssessmentResearch/POSAC	master
18/04/11 00:05	ujjwalkarn/xda	master
18/04/10 00:35	rstudio/leaflet	master
18/04/10 00:34	rstudio/leaflet	master
18/04/10 00:33	rstudio/leaflet	master
18/04/10 00:32	rstudio/leaflet	master
18/04/06 00:34	kazutan/zousan	master
18/04/05 00:58	ropensci/bikedata	master
18/04/05 00:47	ropensci/bikedata	master
18/04/05 00:33	jennybc/googlesheets	master
18/04/05 00:31	jennybc/googlesheets	master
18/04/05 00:30	jennybc/googlesheets	master
18/04/05 00:26	jennybc/googlesheets	master
18/04/05 00:04	ao90/PRIM	master
18/03/30 00:39	mikemeredith/MMmisc	master
18/03/30 00:30	ECO230/eco230r	master
18/03/30 00:30	ECO230/eco230r	master
18/03/30 00:29	ECO230/eco230r	master
18/03/30 00:19	ropenscilabs/eechidna	master
18/03/30 00:13	ECO230/eco230r	master
18/03/30 00:10	ECO230/eco230r	master
18/03/30 00:10	ECO230/eco230r	master
18/03/29 00:33	ECO230/eco230r	master
18/03/28 00:52	ropensci/plotly	master
18/03/28 00:45	tidyverse/ggplot2	49619b7
18/03/28 00:36	ECO230/eco230r	master
18/03/28 00:35	ECO230/eco230r	master
18/03/24 00:43	SachaEpskamp/semPlot	master
