18/11/01 22:37	ropensci/tabulizer	master
18/11/01 22:37	ropensci/tabulizerjars	master
18/11/01 22:22	ncss-tech/aqp	master
18/11/01 22:21	ncss-tech/soilDB	master
18/11/01 21:21	r-dbi/DBI	master
18/11/01 21:03	ropensci/tabulizer	master
18/11/01 21:02	ropensci/tabulizerjars	master
18/11/01 17:43	AnalytixWare/gosocket	master
18/11/01 17:33	ropensci/tabulizer	bc195cb
18/11/01 17:33	ropensci/tabulizerjars	60b7cec
18/11/01 17:32	ropensci/tabulizer	bc195cb
18/11/01 17:32	ropensci/tabulizerjars	d1924e0
18/11/01 16:58	SimonDedman/gbm.auto	master
18/11/01 16:54	eddelbuettel/rbenchmark	master
18/11/01 16:46	Bioconductor/BiocCheck	master
18/11/01 16:44	mjsteinbaugh/devtools	master
18/11/01 16:42	hadley/devtools	master
18/11/01 16:42	hadley/devtools	master
18/11/01 15:33	schmidtfederico/glmwgen	master
18/11/01 15:33	schmidtfederico/glmwgen	master
18/11/01 13:41	ropensci/tabulizer	bc195cb
18/11/01 13:40	ropensci/tabulizer	bc195cb
18/11/01 12:59	ropensci/tabulizer	a38d957
18/11/01 12:59	ropensci/tabulizerjars	d1924e0
18/11/01 12:49	ropensci/tabulizer	a38d957
18/11/01 12:49	ropensci/tabulizerjars	d1924e0
18/11/01 11:48	okamumu/Rsrat	master
18/11/01 10:00	topepo/caret	master
18/11/01 09:36	topepo/caret	master
18/11/01 09:01	thomasp85/patchwork	master
18/11/01 09:00	hadley/ggplot2	master
18/11/01 08:56	hadley/ggplot2	master
18/11/01 07:44	esmucler/mmlasso	master
18/11/01 02:25	SrivastavaLab/bwgdata	master
18/11/01 01:44	biobakery/sparseDOSSA	varyLibSize
18/11/01 01:44	biobakery/sparseDOSSA	varyLibSize
