18/05/31 13:46	swarm-lab/videoplayR	master
18/05/31 13:45	tpepler/cpc	master
18/05/31 11:58	tidyverse/lubridate	v1.6.0
18/05/31 11:57	tidyverse/lubridate	1.6.0
18/05/31 11:22	LasseHjort/cuRe	master
18/05/31 11:01	tidyverse/reprex	master
18/05/31 10:27	bmschmidt/wordVectors	master
18/05/31 10:22	ujjwalkarn/xda	master
18/05/31 10:11	ujjwalkarn/xda	master
18/05/31 10:10	ujjwalkarn/xda	master
18/05/31 10:04	ujjwalkarn/xda	master
18/05/31 10:04	ujjwalkarn/xda	master
18/05/31 09:52	ujjwalkarn/xda	master
18/05/31 09:48	ujjwalkarn/xda	master
18/05/31 09:46	drizopoulos/JMbayes	master
18/05/31 08:56	joergrieger/bvar	master
18/05/31 08:53	michaelway/ggkm	master
18/05/31 08:27	joergrieger/bvar	master
18/05/31 07:44	joergrieger/bvar	master
18/05/31 07:38	joergrieger/bvar	master
18/05/31 07:34	ujjwalkarn/xda	master
18/05/31 07:25	joergrieger/bvar	master
18/05/31 03:08	adamhsparks/nasapower	master
18/05/31 03:01	adamhsparks/nasapower	master
18/05/31 00:07	jm3594/crtpower	master
18/05/30 00:19	rstudio/shiny-incubator	master
18/05/30 00:05	hadley/devtools	master
18/05/30 00:03	rstudio/httpuv	master
18/05/30 00:03	rstudio/shiny	master
18/05/29 00:47	zdk123/SpiecEasi	master
18/05/29 00:46	reptalex/phylofactor	master
18/05/28 00:21	OscarBrock/gCrisprTools	master
18/05/28 00:14	OscarBrock/gCrisprTools	master
18/05/25 00:49	hoxo-m/prophetExt	master
18/05/25 00:40	hoxo-m/prophetExt	master
18/05/25 00:38	bgreenwell/mertree	master
18/05/25 00:37	hoxo-m/prophetExt	master
18/05/25 00:24	gbm-developers/gbm3	master
18/05/25 00:23	hoxo-m/prophetExt	master
18/05/25 00:19	hoxo-m/densratio	v0.0.3
18/05/25 00:18	swish-climate-impact-assessment/awaptools	develop
18/05/25 00:17	Luddo94/Package	master
18/05/24 00:53	rstudio/httpuv	master
18/05/24 00:50	rstudio/httpuv	master
18/05/24 00:46	rstudio/shiny	master
18/05/24 00:31	leeper/tabulizerjars	master
18/05/24 00:25	leeper/tabulizer	master
18/05/24 00:23	leeper/tabulizerjars	master
18/05/23 00:55	mfasiolo/mgcViz	master
18/05/23 00:54	mfasiolo/qgam	master
18/05/23 00:39	mfasiolo/mgcViz	master
18/05/23 00:30	mfasiolo/mgcViz	master
18/05/23 00:29	mfasiolo/qgam	master
18/05/23 00:29	mfasiolo/qgam	master
18/05/23 00:24	mfasiolo/mgcViz	master
18/05/19 00:15	ropensci/tabulizer	master
18/05/18 00:28	OscarBrock/gCrisprTools	master
18/05/18 00:14	OscarBrock/gCrisprTools	master
18/05/15 00:38	andrewpbray/oilabs	master
18/05/15 00:30	andrewpbray/oilabs	master
18/05/15 00:18	andrewpbray/oilabs	master
18/05/15 00:17	andrewpbray/oilabs	master
18/05/12 00:45	kassambara/ggpubr	master
18/05/12 00:44	kassambara/ggpubr	master
18/05/12 00:37	kassambara/factoextra	master
18/05/11 00:53	uribo/jpndistrict	add_light_rds
18/05/11 00:52	jm3594/crtpower	master
18/05/11 00:52	uribo/jpndistrict	add_light_rds
18/05/06 00:51	mclements/rstpm2	master
18/05/06 00:19	rpradosiqueira/brazilmaps	master
18/05/06 00:15	lucasmation/microdadosBrasil	master
18/05/03 00:28	RomeroBarata/dcme	master
18/05/02 00:02	sinhrks/ggfortify	master
18/05/01 00:33	thlytras/rspiro	master
18/05/01 00:33	thlytras/rspiro	master
