18/11/22 13:23	guido-s/meta	master
18/11/22 13:05	plantarum/binner	master
18/11/22 11:52	acartauchenius/rhue	master
18/11/22 11:08	tagteam/heaven	master
18/11/22 10:43	r-dbi/RSQLite	master
18/11/22 10:41	jwijffels/ETLUtils	master
18/11/22 10:35	sailthru/tidyjson	master
18/11/22 10:35	joshuaulrich/TTR	master
18/11/22 10:33	joshuaulrich/TTR	master
18/11/22 10:31	RcppCore/RcppArmadillo	master
18/11/22 10:30	RcppCore/Rcpp	master
18/11/22 10:29	gbm-developers/gbm	master
18/11/22 10:20	tidyverse/magrittr	master
18/11/22 10:19	sailthru/tidyjson	master
18/11/22 10:19	mages/ChainLadder	master
18/11/22 10:14	sfirke/janitor	master
18/11/22 10:14	ropenscilabs/skimr	master
18/11/22 10:13	max-graham/metrics	master
18/11/22 10:12	talgalili/dendextend	master
18/11/22 10:07	moderndive/moderndive	master
18/11/22 10:06	topepo/rsample	master
18/11/22 10:05	hadley/lubridate	master
18/11/22 10:04	hadley/tidyverse	master
18/11/22 09:18	hadley/lubridate	master
18/11/22 09:16	hadley/tidyverse	master
18/11/22 09:06	HenrikBengtsson/fake-GLAD	master
18/11/22 07:54	gbm-developers/gbm	master
18/11/22 07:53	topepo/rsample	master
18/11/22 03:39	jbkunst/highcharter	master
18/11/22 01:05	strengejacke/sjPlot	master
18/11/22 01:05	strengejacke/ggeffects	master
18/11/22 01:04	strengejacke/sjstats	master
18/11/22 01:04	strengejacke/sjmisc	master
18/11/22 01:02	strengejacke/sjlabelled	master
18/11/22 00:42	cdcrabtree/varo	master
18/11/21 00:50	hadley/dtplyr	master
18/11/17 00:22	zauster/RComtrade	master
18/11/14 00:39	hoxo-m/densratio	e8233e6
18/11/14 00:39	hoxo-m/densratio	v0.0.3
18/11/14 00:39	swish-climate-impact-assessment/awaptools	develop
18/11/14 00:37	twitter/AnomalyDetection	master
18/11/12 00:54	matloff/rectools	master
18/11/08 00:57	benaug/Mbmisscap	master
18/11/08 00:56	JohnCoene/youTubeDataR	master
18/11/07 00:36	ECO230/eco230r	master
18/11/07 00:35	ECO230/eco230r	master
18/11/07 00:21	ECO230/eco230r	master
18/11/06 00:34	loicdtx/bfastSpatial	master
18/11/06 00:34	loicdtx/bfastSpatial	master
18/11/06 00:01	zdk123/SpiecEasi	master
18/11/05 00:44	rstudio/DT	master
18/11/05 00:39	rstudio/DT	master
18/11/05 00:10	zdk123/SpiecEasi	master
18/11/05 00:08	hadley/devtools	master
18/11/03 00:08	zdk123/SpiecEasi	master
18/11/03 00:05	loicdtx/bfastSpatial	master
18/11/02 00:56	ECO230/eco230r	master
18/11/02 00:18	dkahle/ggmap	master
18/11/01 00:40	genesofeve/projectR	useME
18/11/01 00:24	dgrtwo/drlib	master
18/11/01 00:09	biobakery/sparseDOSSA	varyLibSize
18/11/01 00:04	biobakery/sparseDOSSA	varyLibSize
18/11/01 00:00	biobakery/sparseDOSSA	varyLibSize
18/10/31 00:30	AnalytixWare/gosocket	master
18/10/31 00:29	ropenscilabs/webmockr	master
18/10/31 00:28	AnalytixWare/gosocket	master
18/10/31 00:23	vqv/ggbiplot	master
18/10/31 00:21	ropensci/webmockr	master
18/10/31 00:20	ropensci/webmockr	master
18/10/30 00:20	ropenscilabs/cored	master
18/10/29 00:29	rdpeng/gpclib	master
18/10/29 00:26	rdpeng/gpclib	master
18/10/29 00:16	ujjwalkarn/xda	master
18/10/23 00:53	drizopoulos/JMbayes	master
18/10/23 00:49	drizopoulos/JMbayes	master
18/10/23 00:19	slowkow/ggrepel	master
