18/01/23 17:28	jmarca/spTimer	master
18/01/23 17:28	jmarca/spTimer	master
18/01/23 16:43	satijalab/seurat	master
18/01/23 16:42	satijalab/seurat	master
18/01/23 16:39	aflaherty13/prob	master
18/01/23 16:32	PABalland/EconGeo	master
18/01/23 16:10	laderast/flowDashboard	master
18/01/23 12:12	mariavica/mircomb	patch-devel
18/01/23 12:07	mariavica/mircomb	master
18/01/23 06:59	Jean-Romain/lidR	master
18/01/23 04:41	tidyverse/dplyr	master
18/01/23 04:34	dyerlab/popgraph	master
18/01/23 04:32	dyerlab/popgraph	master
18/01/23 04:30	vertica/vertica.dplyr	master
18/01/23 04:20	tidyverse/dplyr	master
18/01/23 04:18	tidyverse/dplyr	master
18/01/23 04:14	uzhao/vertica.dplyr	master
18/01/23 04:14	vertica/vertica.dplyr	master
18/01/23 04:08	tidyverse/dplyr	master
18/01/23 04:03	dyerlab/gstudio	master
18/01/23 03:53	vertica/vertica.dplyr	master
18/01/23 01:07	IRkernel/IRkernel	7075989621fc1a4dabf0e7330ceaa96d672f7ef4
18/01/21 00:14	IRkernel/IRkernel	master
18/01/14 00:03	jr-packages/jrModelling	master
18/01/03 00:17	Bioconductor/GSEABase	master
18/01/03 00:17	Bioconductor/GSEABase	master
18/01/03 00:16	Bioconductor/GSEABase	master
18/01/02 00:50	hoxo-m/prophetExt	master
18/01/02 00:13	alstat/rface	master
18/01/02 00:10	alstat/rface	master
17/12/31 00:30	hrbrmstr/ggalt	master
17/12/31 00:28	Bioconductor/BiocGenerics	master
17/12/31 00:10	gustavobio/semeco	master
17/12/31 00:05	gustavobio/semeco	master
17/12/31 00:04	gustavobio/semeco	master
17/12/31 00:01	gustavobio/semeco	master
17/12/28 00:25	IQSS/Zelig	master
17/12/27 00:02	tomvar/bundling	master
