18/11/29 18:50	craddm/eegUtils	master
18/11/29 18:38	rstudio/htmltools	master
18/11/29 18:33	SantanderMetGroup/transformeR	master
18/11/29 18:29	vqv/ggbiplot	master
18/11/29 18:29	vqv/ggbiplot	master
18/11/29 18:17	vqv/ggbiplot	master
18/11/29 18:12	vqv/ggbiplot	master
18/11/29 18:11	vqv/ggbiplot	master
18/11/29 18:08	vqv/ggbiplot	master
18/11/29 18:08	vqv/ggbiplot	master
18/11/29 18:07	vqv/ggbiplot	master
18/11/29 18:06	vqv/ggbiplot	master
18/11/29 17:27	strengejacke/sjPlot	master
18/11/29 17:15	dankelley/imagedata	master
18/11/29 17:13	dankelley/imagedata	master
18/11/29 17:09	dankelley/imagedata	master
18/11/29 17:09	dankelley/imagedata	master
18/11/29 16:58	dankelley/imagedata	master
18/11/29 16:49	dankelley/imagedata	master
18/11/29 15:28	vqv/ggbiplot	master
18/11/29 13:17	vqv/ggbiplot	master
18/11/29 10:27	JBrenn/SMCcalibration	master
18/11/29 10:02	dgrtwo/gganimate	master
18/11/29 10:01	dgrtwo/gganimate	master
18/11/29 07:42	ymattu/rjumanpp	master
18/11/29 07:42	ymattu/rjumanpp	master
18/11/29 07:40	ymattu/rjumanpp	master
18/11/29 06:18	strengejacke/sjstats	master
18/11/29 06:15	sjPlot/sjstats	master
18/11/29 06:13	ianjonsen/ssmTMB	master
18/11/29 06:08	strengejacke/sjstats	master
18/11/29 06:06	strengejacke/sjPlot	master
18/11/29 06:06	strengejacke/ggeffects	master
18/11/29 05:59	hadley/scales	master
18/11/29 05:53	cwickham/munsell	master
18/11/29 05:45	strengejacke/ggeffects	master
18/11/29 05:42	strengejacke/sjlabelled	master
18/11/29 05:41	strengejacke/ggeffects	master
18/11/29 05:36	strengejacke/ggeffects	master
18/11/29 05:34	sjPlot/sjmisc	master
18/11/29 05:33	sjPlot/sjmisc	master
18/11/29 04:49	sjPlot/sjmisc	master
18/11/29 04:44	sjPlot/sjmisc	master
18/11/29 04:39	sjPlot/sjmisc	master
18/11/29 02:04	davismcc/scater	master
18/11/29 01:26	rstudio/leaflet	master
