18/03/21 08:15	asancpt/caffsim	master
18/03/21 08:10	USCbiostats/aphylo	master
18/03/21 08:09	bozenne/butils	master
18/03/21 08:02	eblondel/geometa	423c04b
18/03/21 08:02	bsaul/geex	master
18/03/21 08:01	gjuggler/ape	master
18/03/21 07:57	GuangchuangYu/tidytree	master
18/03/21 07:55	GuangchuangYu/tidytree	master
18/03/21 07:53	GuangchuangYu/tidytree	master
18/03/21 07:52	GuangchuangYu/ggtree	master
18/03/21 07:52	dgrtwo/gganimate	master
18/03/21 07:38	USCbiostats/aphylo	master
18/03/21 07:31	Bioconductor/Biobase	master
18/03/21 07:26	harrelfe/Hmisc	master
18/03/21 07:24	GuangchuangYu/treeio	master
18/03/21 07:23	GuangchuangYu/tidytree	master
18/03/21 07:23	GuangchuangYu/rvcheck	master
18/03/21 07:22	GuangchuangYu/ggtree	master
18/03/21 07:21	LasseHjort/cuRe	develop
18/03/21 07:20	USCbiostats/amcmc	master
18/03/21 07:19	GuangchuangYu/ggtree	master
18/03/21 07:18	fmichonneau/rncl	master
18/03/21 07:15	USCbiostats/aphylo	master
18/03/21 07:12	appfigures/afapi	master
18/03/21 07:09	USCbiostats/aphylo	master
18/03/21 06:50	Bioconductor/BiocGenerics	master
18/03/21 06:42	Bioconductor/BiocGenerics	master
18/03/21 04:25	ujjwalkarn/xda	master
18/03/21 01:20	cbw1243/marginalfit	master
18/03/21 00:54	cbw1243/marginalfit	master
18/03/21 00:45	umerijaz/microbiomeSeq	master
18/03/18 00:29	sinhrks/ggfortify	master
18/03/16 00:37	stnava/ITKR	master
18/03/15 00:38	JoshuaSlocum/kagglr	master
18/03/15 00:09	aminondo/iX-Rpackage	sc
18/03/14 00:40	BIMSBbioinfo/genomation	master
18/03/14 00:39	yihui/knitr	master
18/03/14 00:35	BIMSBbioinfo/genomation	master
18/03/12 00:08	mroberts/stmBrowser	master
18/03/12 00:07	methodds/stminsights	master
18/03/08 00:58	peterxeno/preprocessr	master
18/03/08 00:57	artichaud1/preprocessr	master
18/03/08 00:45	USGS-R/waterData	master
18/03/08 00:03	jdblischak/workflowr	master
18/03/08 00:01	jdblischak/workflowr	master
18/03/07 00:51	hadley/haven	master
18/03/07 00:20	ropensci/tabulizer	master
18/03/07 00:20	ropensci/tabulizerjars	master
18/03/07 00:13	sjmgarnier/viridis	master
18/03/06 00:08	GuangchuangYu/ggtree	master
18/03/05 00:38	gavinsimpson/tsgam	master
18/03/02 00:59	ECO230/eco230r	master
18/03/02 00:42	ropensci/ghql	master
18/03/02 00:08	ECO230/eco230r	master
18/03/02 00:04	ECO230/eco230r	master
18/03/02 00:04	ECO230/eco230r	master
18/03/02 00:04	ECO230/eco230r	master
18/03/02 00:03	ECO230/eco230r	master
18/02/28 00:58	ECO230/eco230r	master
18/02/28 00:41	kbroman/horizon	master
18/02/28 00:16	ECO230/eco230r	master
18/02/28 00:10	ECO230/eco230r	master
18/02/28 00:10	ECO230/eco230r	master
18/02/28 00:10	ECO230/eco230r	master
18/02/27 00:45	renozao/NMF	devel
18/02/27 00:39	tidyverse/haven	master
18/02/27 00:35	tidyverse/haven	master
18/02/27 00:00	ECO230/eco230r	master
18/02/26 00:55	James-Thorson/FishLife	master
18/02/24 00:41	briofons/R-Package-RJIRA	master
18/02/21 00:26	hoxo-m/prophetExt	master
18/02/20 00:29	pdrano/IKTrading	master
18/02/20 00:08	pdrano/IKTrading	master
