18/05/17 20:56	CarlBoneri/cloud3	master
18/05/17 20:56	corybrunson/cloud	master
18/05/17 20:56	nebulae-co/clouds	master
18/05/17 20:55	ytoren/blendML	master
18/05/17 20:54	rstudio/cloudml	master
18/05/17 20:48	rstudio/cloudml	master
18/05/17 20:34	shamsaraj/ezqsar	master
18/05/17 20:25	rstudio/tfestimators	master
18/05/17 20:17	nathaniel-mahieu/warpgroup	master
18/05/17 19:53	hrbrmstr/taucharts	master
18/05/17 19:43	rmcelreath/parasiticbehaviorsim	master
18/05/17 19:41	rmcelreath/glmer2stan	master
18/05/17 19:31	mjskay/tidybayes	master
18/05/17 19:30	rmcelreath/rethinking	master
18/05/17 19:02	ujjwalkarn/xda	master
18/05/17 16:43	cddesja/profileR	master
18/05/17 16:42	hrbrmstr/taucharts	master
18/05/17 14:23	bgreenwell/mertree	master
18/05/17 14:21	bgreenwell/mertree	master
18/05/17 14:21	bgreenwell/mertree	master
18/05/17 14:01	EdwinGraham/EdNet	master
18/05/17 13:51	lebebr01/SPSStoR	master
18/05/17 13:26	braverock/PortfolioAnalytics	master
18/05/17 13:21	R-Finance/PortfolioAnalytics	master
18/05/17 13:17	R-Finance/PortfolioAnalytics	master
18/05/17 12:30	brandmaier/onyxR	master
18/05/17 11:17	hadley/ggplot2	49619b7
18/05/17 11:16	hadley/ggplot2	49619b7
18/05/17 10:51	tridentasf/attributeImportance	master
18/05/17 10:51	skardhamar/rga	master
18/05/17 09:11	Rapporter/pander	06c2f65797
18/05/17 09:02	Rapporter/pander	06c2f65797
18/05/17 08:59	Rapporter/pander	06c2f65797
18/05/17 08:59	Rapporter/pander	06c2f65797
18/05/17 08:57	Rapporter/pander	06c2f65797
18/05/17 08:23	sneumann/MetShot	master
18/05/17 02:26	hrbrmstr/taucharts	master
18/05/17 02:25	hrbrmstr/taucharts	master
18/05/17 01:27	swarm-lab/videoplayR	master
18/05/15 00:38	andrewpbray/oilabs	master
18/05/15 00:30	andrewpbray/oilabs	master
18/05/15 00:18	andrewpbray/oilabs	master
18/05/15 00:17	andrewpbray/oilabs	master
18/05/12 00:45	kassambara/ggpubr	master
18/05/12 00:44	kassambara/ggpubr	master
18/05/12 00:37	kassambara/factoextra	master
18/05/11 00:53	uribo/jpndistrict	add_light_rds
18/05/11 00:52	jm3594/crtpower	master
18/05/11 00:52	uribo/jpndistrict	add_light_rds
18/05/06 00:51	mclements/rstpm2	master
18/05/06 00:19	rpradosiqueira/brazilmaps	master
18/05/06 00:15	lucasmation/microdadosBrasil	master
18/05/03 00:28	RomeroBarata/dcme	master
18/05/02 00:02	sinhrks/ggfortify	master
18/05/01 00:33	thlytras/rspiro	master
18/05/01 00:33	thlytras/rspiro	master
18/04/28 00:35	predict-r/rtika	master
18/04/28 00:24	dgrtwo/rparse	master
18/04/26 00:30	alfcrisci/rBiometeo	master
18/04/21 00:44	jbryer/timeline	master
18/04/18 00:54	hoxo-m/prophetExt	master
18/04/18 00:53	evanwang1990/FMwR	master
18/04/18 00:08	hoxo-m/pforeach	master
