18/12/14 02:58	hadley/scales	v0.4.1
18/12/14 02:54	hadley/scales	v0.4.1
18/12/14 02:44	hadley/scales	v0.4.1
18/12/14 02:42	hadley/ggplot2	v2.2.1
18/12/14 02:38	jutako/Rtools	v3.5.0.3
18/12/14 02:37	jutako/Rtools	v3.5.0.4
18/12/14 02:35	hadley/scales	v0.4.1
18/12/14 02:30	hadley/scales	v0.4.1
18/12/14 01:09	joey711/biom	master
18/12/13 00:35	ebuhle/salmonIPM	master
18/12/10 00:30	hrbrmstr/albersusa	master
18/12/09 00:37	hoxo-m/prophetExt	master
18/12/07 00:45	metacran/crandb	master
18/12/05 00:24	braverock/PerformanceAnalytics	master
18/12/03 00:44	ramnathv/slidifyLibraries	master
18/12/03 00:35	ramnathv/slidify	master
18/12/02 00:17	Laurae2/lgbdl	master
18/12/02 00:15	SPATIAL-Lab/isorig	master
18/12/02 00:14	SPATIAL-Lab/isorig	master
18/12/02 00:09	SPATIAL-Lab/isorig	master
18/12/01 00:50	business-science/tidyquant	master
18/12/01 00:14	strengejacke/sjPlot	master
18/12/01 00:12	strengejacke/ggeffects	master
18/12/01 00:11	strengejacke/sjstats	master
18/12/01 00:02	strengejacke/sjmisc	master
18/11/29 00:25	vqv/ggbiplot	master
18/11/28 00:52	hunzikp/pgrid	master
18/11/28 00:50	tjmahr/textgrid	master
18/11/28 00:50	vwmaus/geoScidb	master
18/11/28 00:42	EricEdwardBryant/biogridr	master
18/11/26 00:29	edonnachie/ICD	master
18/11/26 00:21	vqv/ggbiplot	master
18/11/22 00:42	cdcrabtree/varo	master
18/11/21 00:50	hadley/dtplyr	master
18/11/17 00:22	zauster/RComtrade	master
18/11/14 00:39	hoxo-m/densratio	e8233e6
18/11/14 00:39	hoxo-m/densratio	v0.0.3
18/11/14 00:39	swish-climate-impact-assessment/awaptools	develop
18/11/14 00:37	twitter/AnomalyDetection	master
