18/10/04 07:32	rstats-db/odbc	master
18/10/04 06:26	reidt03/RadOnc	master
18/10/04 04:54	ujjwalkarn/xda	master
18/10/04 04:32	RamiKrispin/TSstudio	master
18/10/04 04:17	RamiKrispin/TSstudio	master
18/10/04 03:15	ymattu/rjumanpp	master
18/10/04 01:50	privefl/bigsnpr	master
18/10/03 00:54	gavinsimpson/ggvegan	master
18/10/03 00:53	amberalpha/toypkg	master
18/09/25 00:25	rstudio/config	master
18/09/25 00:24	rstudio/config	master
18/09/25 00:23	rstudio/config	master
18/09/24 00:01	rstats-db/odbc	master
18/09/20 00:52	hadley/precis	master
18/09/20 00:48	RickPack/FBadstats	master
18/09/20 00:08	selesnow/rvkstat	master
18/09/18 00:27	yihui/knitr	master
18/09/18 00:25	rstudio/rmarkdown	master
18/09/18 00:25	yihui/tinytex	master
18/09/15 00:47	hrbrmstr/hrbrthemes	master
18/09/13 00:52	CentreForHydrology/CRHMr	master
18/09/11 00:15	yihui/tinytex	master
18/09/11 00:14	rstudio/rmarkdown	master
18/09/09 00:02	vqv/ggbiplot	master
18/09/08 00:46	att/rcloud.rmd	master
18/09/08 00:46	att/rcloud.rmd	master
18/09/08 00:43	att/rcloud.rmd	master
18/09/08 00:43	att/rcloud.rmd	master
18/09/08 00:42	att/rcloud.flexdashboard	master
18/09/08 00:42	att/rcloud.rmd	master
18/09/08 00:42	att/rcloud.flexdashboard	master
18/09/08 00:42	att/rcloud.shiny	master
18/09/08 00:41	att/rcloud.htmlwidgets	master
18/09/07 00:58	benjamin-merkel/probGLS	master
18/09/07 00:53	hadley/ggplot2	master
18/09/06 00:53	mrke/NicheMapR	master
18/09/06 00:34	mrke/NicheMapR	master
18/09/06 00:06	vegandevs/vegan	master
