18/05/18 16:26	rvlenth/emmeans	master
18/05/18 16:23	hadley/lineprof	master
18/05/18 16:06	lme4/lme4	master
18/05/18 16:01	haozhu233/kableExtra	master
18/05/18 15:52	rstudio/bookdown	master
18/05/18 15:46	timelyportfolio/d3treeR	master
18/05/18 15:43	GRousselet/rogme	master
18/05/18 14:50	hrbrmstr/hrbrthemes	master
18/05/18 14:43	hrbrmstr/taucharts	master
18/05/18 14:06	arcaravaggi/remBoot	master
18/05/18 13:37	arcaravaggi/remBoot	master
18/05/18 11:54	gabrielrega/xlsb	master
18/05/18 11:29	azampvd/DrugDiseaseNet	master
18/05/18 11:15	gabrielrega/xlsb	master
18/05/18 10:56	azampvd/DrugDiseaseNet	master
18/05/18 10:52	azampvd/DrugDiseaseNet	master
18/05/18 10:46	azampvd/DrugDiseaseNet	master
18/05/18 10:41	ropensci/plotly	a35a817765cec3e8230c00121057f3e8e666ff24
18/05/18 10:33	ropensci/plotly	a35a817765cec3e8230c00121057f3e8e666ff24
18/05/18 10:26	ropensci/plotly	a35a817765cec3e8230c00121057f3e8e666ff24
18/05/18 10:26	ropensci/plotly	a35a817765cec3e8230c00121057f3e8e666ff24
18/05/18 09:51	isglobal-brge/CTDquerier	master
18/05/18 08:59	omegahat/RDCOMClient	master
18/05/18 08:59	omegahat/RDCOMClient	master
18/05/18 07:54	mlr-org/mlr	forecasting
18/05/18 07:34	bgreenwell/mertree	master
18/05/18 06:31	crsh/papaja	master
18/05/18 04:24	ropensci/tabulizer	master
18/05/18 02:15	tidyverse/tidyverse	master
18/05/18 02:11	OscarBrock/gCrisprTools	master
18/05/18 02:10	OscarBrock/gCrisprTools	master
18/05/18 01:59	OscarBrock/gCrisprTools	master
18/05/18 01:58	OscarBrock/gCrisprTools	master
18/05/18 01:44	OscarBrock/gCrisprTools	master
18/05/18 01:43	OscarBrock/gCrisprTools	master
18/05/18 01:35	OscarBrock/gCrisprTools	master
18/05/18 01:19	duncantl/RWordPress	master
18/05/18 01:16	duncantl/XMLRPC	master
18/05/18 01:15	ropensci/tabulizer	master
18/05/18 01:15	duncantl/RWordPress	master
18/05/18 01:14	duncantl/RWordPress	master
18/05/18 01:14	ropensci/tabulizer	master
18/05/18 01:11	ropensci/tabulizer	master
18/05/18 00:28	OscarBrock/gCrisprTools	master
18/05/18 00:14	OscarBrock/gCrisprTools	master
18/05/15 00:38	andrewpbray/oilabs	master
18/05/15 00:30	andrewpbray/oilabs	master
18/05/15 00:18	andrewpbray/oilabs	master
18/05/15 00:17	andrewpbray/oilabs	master
18/05/12 00:45	kassambara/ggpubr	master
18/05/12 00:44	kassambara/ggpubr	master
18/05/12 00:37	kassambara/factoextra	master
18/05/11 00:53	uribo/jpndistrict	add_light_rds
18/05/11 00:52	jm3594/crtpower	master
18/05/11 00:52	uribo/jpndistrict	add_light_rds
18/05/06 00:51	mclements/rstpm2	master
18/05/06 00:19	rpradosiqueira/brazilmaps	master
18/05/06 00:15	lucasmation/microdadosBrasil	master
18/05/03 00:28	RomeroBarata/dcme	master
18/05/02 00:02	sinhrks/ggfortify	master
18/05/01 00:33	thlytras/rspiro	master
18/05/01 00:33	thlytras/rspiro	master
18/04/28 00:35	predict-r/rtika	master
18/04/28 00:24	dgrtwo/rparse	master
18/04/26 00:30	alfcrisci/rBiometeo	master
18/04/21 00:44	jbryer/timeline	master
18/04/18 00:54	hoxo-m/prophetExt	master
18/04/18 00:53	evanwang1990/FMwR	master
18/04/18 00:08	hoxo-m/pforeach	master
