18/04/20 10:53	jimhester/lookup	master
18/04/20 10:52	twitter/AnomalyDetection	master
18/04/20 10:49	jimhester/lookup	master
18/04/20 08:59	OHDSI/SqlRender	master
18/04/20 08:47	bmschmidt/wordVectors	master
18/04/20 08:12	ao90/PRIM	master
18/04/20 08:12	tidyverse/lubridate	master
18/04/20 08:11	tidyverse/haven	master
18/04/20 08:02	SMAPPNYU/smappR	master
18/04/20 08:00	SMAPPNYU/smappR	master
18/04/20 07:55	SPIDDOR/SPIDDOR	master
18/04/20 07:49	SPIDDOR/SPIDDOR	master
18/04/20 07:26	dkahle/ggmap	master
18/04/20 07:18	mehrnoushmalek/flowDensity	master
18/04/20 07:17	RGLab/flowDensity	master
18/04/20 06:01	mariavica/mircomb	master
18/04/20 04:40	ujjwalkarn/xda	master
18/04/20 04:30	wilkox/treemapify	master
18/04/20 04:19	jrnold/ggthemes	master
18/04/20 03:16	cbw1243/marginal	master
18/04/20 03:15	cbw1243/marginal	master
18/04/20 03:08	dgrtwo/gganimate	master
18/04/20 02:45	barryrowlingson/changer	SFAmix_nogsl
18/04/18 00:54	hoxo-m/prophetExt	master
18/04/18 00:53	evanwang1990/FMwR	master
18/04/18 00:08	hoxo-m/pforeach	master
18/04/15 00:35	dkahle/ggmap	master
18/04/11 00:30	ShinsukeSakai0321/PSFCalc	master
18/04/11 00:19	CambridgeAssessmentResearch/POSAC	master
18/04/11 00:05	ujjwalkarn/xda	master
18/04/10 00:35	rstudio/leaflet	master
18/04/10 00:34	rstudio/leaflet	master
18/04/10 00:33	rstudio/leaflet	master
18/04/10 00:32	rstudio/leaflet	master
18/04/06 00:34	kazutan/zousan	master
18/04/05 00:58	ropensci/bikedata	master
18/04/05 00:47	ropensci/bikedata	master
18/04/05 00:33	jennybc/googlesheets	master
18/04/05 00:31	jennybc/googlesheets	master
18/04/05 00:30	jennybc/googlesheets	master
18/04/05 00:26	jennybc/googlesheets	master
18/04/05 00:04	ao90/PRIM	master
18/03/30 00:39	mikemeredith/MMmisc	master
18/03/30 00:30	ECO230/eco230r	master
18/03/30 00:30	ECO230/eco230r	master
18/03/30 00:29	ECO230/eco230r	master
18/03/30 00:19	ropenscilabs/eechidna	master
18/03/30 00:13	ECO230/eco230r	master
18/03/30 00:10	ECO230/eco230r	master
18/03/30 00:10	ECO230/eco230r	master
18/03/29 00:33	ECO230/eco230r	master
18/03/28 00:52	ropensci/plotly	master
18/03/28 00:45	tidyverse/ggplot2	49619b7
18/03/28 00:36	ECO230/eco230r	master
18/03/28 00:35	ECO230/eco230r	master
18/03/24 00:43	SachaEpskamp/semPlot	master
18/03/23 00:07	r-lib/rlang	master
18/03/23 00:06	tidyverse/rlang	master
18/03/22 00:12	gabrielrvsc/HDeconometrics	master
18/03/21 00:54	cbw1243/marginalfit	master
18/03/21 00:45	umerijaz/microbiomeSeq	master
