18/08/14 13:50	rstats-db/odbc	master
18/08/14 13:49	wurst-theke/bratwurst	master
18/08/14 13:49	wurst-theke/bratwurst	master
18/08/14 13:48	wurst-theke/bratwurst	master
18/08/14 13:48	wurst-theke/bratwurst	master
18/08/14 13:40	wurst-theke/bratwurst	master
18/08/14 13:40	wurst-theke/bratwurst	master
18/08/14 13:39	wurst-theke/bratwurst	master
18/08/14 13:29	hdng/clonevol	master
18/08/14 12:50	rstats-db/odbc	master
18/08/14 12:45	rstats-db/odbc	master
18/08/14 12:41	rstats-db/odbc	master
18/08/14 12:38	rstats-db/odbc	master
18/08/14 12:25	hrbrmstr/xmlview	master
18/08/14 12:23	rstats-db/odbc	master
18/08/14 12:08	rstats-db/odbc	master
18/08/14 12:03	rstats-db/odbc	master
18/08/14 12:02	rstats-db/odbc	master
18/08/14 12:00	rstats-db/odbc	master
18/08/14 11:56	rstats-db/odbc	master
18/08/14 11:55	rstats-db/odbc	master
18/08/14 11:32	rstats-db/odbc	master
18/08/14 09:34	sailthru/tidyjson	master
18/08/14 08:54	HenrikBengtsson/foo	master
18/08/14 08:50	dragua/xlsx	master
18/08/14 06:22	rstats-db/odbc	master
18/08/14 02:35	ABindoff/TwilightFree	master
18/08/14 02:31	ABindoff/TwilightFree	master
18/08/14 01:18	ABindoff/TwilightFree	master
18/08/14 01:04	ABindoff/TwilightFree	master
18/08/14 01:01	ABindoff/TwilightFree	master
