18/06/24 22:56	DongyueXie/scca	master
18/06/24 22:56	ChingChuan-Chen/rpace	master
18/06/24 22:56	kasperdanielhansen/Rgraphviz	master
18/06/24 22:55	wrbrooks/SGL	master
18/06/24 22:54	peterxeno/preprocessr	master
18/06/24 22:54	mountainMath/dotdensity	master
18/06/24 22:54	labressler/multts	master
18/06/24 22:54	bdemeshev/msbvar	master
18/06/24 22:54	kbroman/miner	master
18/06/24 22:54	jackiemauro/hurdleIV	master
18/06/24 22:54	metaOmics/MetaDE	master
18/06/24 22:54	bsouhaib/M4comp	master
18/06/24 22:54	brry/shapeInteractive	master
18/06/24 22:53	bentaylor1/lgcp	master
18/06/24 22:53	elbamos/largeVis	master
18/06/24 22:52	yangjl/imputeR	master
18/06/24 22:52	davidavdav/ROC	master
18/06/24 22:52	gibonet/decr	master
18/06/24 22:52	izhbannikov/haploR	master
18/06/24 22:52	Bioconductor/GSEABase	master
18/06/24 22:51	Bioconductor/graph	master
18/06/24 22:51	pbiecek/ggplotit	master
18/06/24 22:51	vqv/ggbiplot	master
18/06/24 22:51	omegahat/GeoIP	master
18/06/24 22:51	seandavi/GEOquery	master
18/06/24 22:51	seandavi/GEOmetadb	master
18/06/24 22:50	Bioconductor/genefilter	master
18/06/24 22:50	Jfortin1/RAVEL_data	master
18/06/24 22:50	neuroconductor/RAVEL	master
18/06/24 22:49	ge11232002/TKF	master
18/06/24 22:49	slarge/fisheryO	master
18/06/24 22:48	Maritimes/FGP	master
18/06/24 22:48	mccallm/frma	master
18/06/24 22:46	aoles/EBImage	master
18/06/24 22:46	bfatemi/easydata	master
18/06/24 22:46	mattmills49/modeler	master
18/06/24 22:46	holstius/holstius	master
18/06/24 22:46	krisrs1128/bayesMult	master
18/06/24 22:46	Bioconductor/annotate	master
18/06/24 17:11	hrbrmstr/taucharts	master
18/06/24 14:45	hrbrmstr/taucharts	master
18/06/24 13:59	tdhock/ggplotly	master
18/06/24 13:58	sunstat/cats	master
18/06/24 13:16	Bioconductor/Biostrings	master
18/06/24 12:19	andrie/version.compare	master
18/06/24 11:23	bwlewis/doRedis	master
18/06/24 08:05	RcppCore/Rcpp	master
18/06/24 06:10	sebastianueckert/assemblerr	master
18/06/24 05:25	johndharrison/binman	master
18/06/24 05:24	twitter/AnomalyDetection	master
18/06/24 05:24	ropensci/RSelenium	master
18/06/24 03:16	thomasp85/PanVizGenerator	master
18/06/24 01:18	mfasiolo/mgcViz	master
18/06/24 01:16	mfasiolo/qgam	master
