18/11/20 15:42	vqv/ggbiplot	master
18/11/20 14:31	yixuan/fontemoji	master
18/11/20 14:29	yixuan/fontemoji	master
18/11/20 14:12	environmentalinformatics-marburg/chirps	master
18/11/20 14:11	environmentalinformatics-marburg/chirps	master
18/11/20 14:09	decisionpatterns/r-dummies	master
18/11/20 14:03	BfRstats/rriskDistributions	master
18/11/20 11:40	hadley/tidyverse	master
18/11/20 11:34	tidyverse/dplyr	master
18/11/20 11:32	krlmlr/plogr	master
18/11/20 11:29	tidyverse/dplyr	master
18/11/20 11:27	tidyverse/lubridate	master
18/11/20 11:11	max-graham/metrics	master
18/11/20 11:09	tidyverse/haven	master
18/11/20 11:07	tidyverse/tidyverse	master
18/11/20 11:07	jbkunst/highcharter	master
18/11/20 11:06	tidyverse/forcats	master
18/11/20 11:05	tidyverse/tidyverse	master
18/11/20 11:04	jbkunst/highcharter	master
18/11/20 11:03	tidyverse/tidyverse	master
18/11/20 11:02	tidyverse/broom	master
18/11/20 11:01	jbkunst/highcharter	master
18/11/20 11:01	tidyverse/tidyverse	master
18/11/20 10:55	hadley/tidyverse	master
18/11/20 09:50	andeek/rpart	master
18/11/20 09:39	velocyto-team/velocyto.R	%2343
18/11/20 08:57	topepo/rsample	master
18/11/20 08:40	andeek/rpart	master
18/11/20 08:40	andeek/rpart	master
18/11/20 08:40	andeek/rpart	master
18/11/20 06:26	philchalmers/mirt	master
18/11/20 05:13	cvarrichio/rowr	master
18/11/17 00:22	zauster/RComtrade	master
18/11/14 00:39	hoxo-m/densratio	e8233e6
18/11/14 00:39	hoxo-m/densratio	v0.0.3
18/11/14 00:39	swish-climate-impact-assessment/awaptools	develop
18/11/14 00:37	twitter/AnomalyDetection	master
18/11/12 00:54	matloff/rectools	master
18/11/08 00:57	benaug/Mbmisscap	master
18/11/08 00:56	JohnCoene/youTubeDataR	master
18/11/07 00:36	ECO230/eco230r	master
18/11/07 00:35	ECO230/eco230r	master
18/11/07 00:21	ECO230/eco230r	master
18/11/06 00:34	loicdtx/bfastSpatial	master
18/11/06 00:34	loicdtx/bfastSpatial	master
18/11/06 00:01	zdk123/SpiecEasi	master
18/11/05 00:44	rstudio/DT	master
18/11/05 00:39	rstudio/DT	master
18/11/05 00:10	zdk123/SpiecEasi	master
18/11/05 00:08	hadley/devtools	master
18/11/03 00:08	zdk123/SpiecEasi	master
18/11/03 00:05	loicdtx/bfastSpatial	master
18/11/02 00:56	ECO230/eco230r	master
18/11/02 00:18	dkahle/ggmap	master
18/11/01 00:40	genesofeve/projectR	useME
18/11/01 00:24	dgrtwo/drlib	master
18/11/01 00:09	biobakery/sparseDOSSA	varyLibSize
18/11/01 00:04	biobakery/sparseDOSSA	varyLibSize
18/11/01 00:00	biobakery/sparseDOSSA	varyLibSize
18/10/31 00:30	AnalytixWare/gosocket	master
18/10/31 00:29	ropenscilabs/webmockr	master
18/10/31 00:28	AnalytixWare/gosocket	master
18/10/31 00:23	vqv/ggbiplot	master
18/10/31 00:21	ropensci/webmockr	master
18/10/31 00:20	ropensci/webmockr	master
18/10/30 00:20	ropenscilabs/cored	master
18/10/29 00:29	rdpeng/gpclib	master
18/10/29 00:26	rdpeng/gpclib	master
18/10/29 00:16	ujjwalkarn/xda	master
18/10/23 00:53	drizopoulos/JMbayes	master
18/10/23 00:49	drizopoulos/JMbayes	master
18/10/23 00:19	slowkow/ggrepel	master
18/10/21 00:24	belasi01/RspectroAbs	master
18/10/21 00:12	nclark-lab/RERconverge	master
