18/01/18 04:45	timelyportfolio/d3treeR	master
18/01/18 04:43	timelyportfolio/d3treeR	master
18/01/18 04:43	gluc/data.tree	master
18/01/18 04:42	timelyportfolio/d3treeR	master
18/01/18 04:38	timelyportfolio/d3treeR	master
18/01/18 04:17	asieira/SnakeCharmR	master
18/01/18 04:08	dgrtwo/gganimate	master
18/01/18 04:05	dgrtwo/gganimate	master
18/01/18 03:12	Bioconductor/BSgenome	master
18/01/18 03:11	wrightrc/flowTime	master
18/01/14 00:03	jr-packages/jrModelling	master
18/01/03 00:17	Bioconductor/GSEABase	master
18/01/03 00:17	Bioconductor/GSEABase	master
18/01/03 00:16	Bioconductor/GSEABase	master
18/01/02 00:50	hoxo-m/prophetExt	master
18/01/02 00:13	alstat/rface	master
18/01/02 00:10	alstat/rface	master
17/12/31 00:30	hrbrmstr/ggalt	master
17/12/31 00:28	Bioconductor/BiocGenerics	master
17/12/31 00:10	gustavobio/semeco	master
17/12/31 00:05	gustavobio/semeco	master
17/12/31 00:04	gustavobio/semeco	master
17/12/31 00:01	gustavobio/semeco	master
17/12/28 00:25	IQSS/Zelig	master
17/12/27 00:02	tomvar/bundling	master
