18/02/01 22:54	Achab94/mplex	master
18/02/01 19:40	hadley/ggplot2	v2.0.0
18/02/01 19:40	duthedd/ggplot2	v2.0.0
18/02/01 19:37	hadley/ggplot2	v2.1.0
18/02/01 19:28	hadley/ggplot2	v2.2.0
18/02/01 19:05	trnnick/TStools	master
18/02/01 17:51	yihui/xaringan	master
18/02/01 17:03	hadley/ggplot2	v2.2.1
18/02/01 17:02	tidyverse/ggplot2	v2.2.0
18/02/01 17:00	hadley/ggplot2	v2.1.0
18/02/01 17:00	tidyverse/ggplot2	v2.1.0
18/02/01 16:54	tidyverse/ggplot2	v2.0.0
18/02/01 16:52	tidyverse/ggplot2	v0.9.1
18/02/01 16:49	duthedd/ggplot2	v1.0.0
18/02/01 16:47	hadley/ggplot2	v1.0.1
18/02/01 16:45	hadley/ggplot2	v2.0.0
18/02/01 16:44	hadley/ggplot2	v2.1.0
18/02/01 16:40	hadley/ggplot2	v2.2.0
18/02/01 16:38	hadley/ggplot2	v2.1.0
18/02/01 16:37	hadley/ggplot2	v2.0.0
18/02/01 16:32	IM-APHP/pmeasyr	master
18/02/01 16:31	tidyverse/ggplot2	v1.0.1
18/02/01 16:26	sojourningNorth/JAGST	master
18/02/01 16:23	isglobal-brge/SNPassoc	master
18/02/01 16:18	tidyverse/ggplot2	v1.0.0
18/02/01 15:08	leeper/tabulizer	master
18/02/01 15:08	ropensci/tabulizerjars	master
18/02/01 15:06	ropensci/tabulizer	master
18/02/01 15:06	ropensci/tabulizerjars	master
18/02/01 14:25	yihui/xaringan	master
18/02/01 12:57	ropensci/tabulizer	master
18/02/01 12:55	mm-shah/MetaNeighbor	master
18/02/01 12:50	ropensci/tabulizerjars	master
18/02/01 12:50	boettiger-lab/gpmanagement	master
18/02/01 12:38	dtharvey/titrationCurves	master
18/02/01 11:57	cloudyr/aws.s3	master
18/02/01 11:51	cloudyr/aws.s3	master
18/02/01 11:35	hoxo-m/prophetExt	master
18/02/01 11:02	Functional-Genomics/atlas_gsa	master
18/02/01 10:55	Functional-Genomics/atlas_gsa	master
18/02/01 10:47	LiNk-NY/GenomicRanges	master
18/02/01 10:03	trnnick/TStools	master
18/02/01 09:26	svannoy/lsr-package	master
18/02/01 09:25	svannoy/lsr-package	master
18/02/01 09:13	IM-APHP/pmeasyr	master
18/02/01 08:34	IM-APHP/pmeasyr	master
18/02/01 08:34	IM-APHP/pmeasyr	master
18/02/01 07:40	robjhyndman/forecast	master
18/02/01 07:39	pli2016/forecast	master
18/02/01 06:17	thierrygosselin/radiator	master
18/02/01 02:57	rstudio/dygraphs	b1834d8608c011d210e79cfedcd259e27efcec20
18/02/01 02:45	bdwilliamson/nova	master
18/02/01 02:04	rstudio/sparklyr	master
18/01/30 00:16	mkearney/rtweet	master
18/01/28 00:08	rstudio/addinexamples	master
18/01/28 00:07	awhstin/awtools	master
18/01/21 00:14	IRkernel/IRkernel	master
18/01/14 00:03	jr-packages/jrModelling	master
18/01/03 00:17	Bioconductor/GSEABase	master
18/01/03 00:17	Bioconductor/GSEABase	master
18/01/03 00:16	Bioconductor/GSEABase	master
18/01/02 00:50	hoxo-m/prophetExt	master
18/01/02 00:13	alstat/rface	master
18/01/02 00:10	alstat/rface	master
