18/01/24 15:08	uebvhir/anaStatsUEB	master
18/01/24 14:55	kthohr/BMR	master
18/01/24 14:49	miriamMota/mmotaF	master
18/01/24 14:48	miriamMota/mmotaF	master
18/01/24 14:47	kthohr/BMR	master
18/01/24 14:47	miriamMota/mmotaF	master
18/01/24 14:45	miriamMota/mmotaF	master
18/01/24 14:00	ramhiser/activelearning	master
18/01/24 13:59	ramhiser/activelearning	master
18/01/24 13:59	ramhiser/activelearning	master
18/01/24 13:55	ujjwalkarn/xda	master
18/01/24 13:21	hadley/lineprof	master
18/01/24 13:07	josephmure/GibbsPosterior	master
18/01/24 13:06	josephmure/GibbsPosterior	master
18/01/24 13:05	LuyiTian/scPipe	master
18/01/24 11:50	Chris1221/pRs	master
18/01/24 10:47	rachelwarnock/fbdR	master
18/01/24 10:00	thierrygosselin/radiator	master
18/01/24 09:57	thierrygosselin/radiator	master
18/01/24 08:43	timriffe/DemoTools	%233
18/01/24 05:11	ricardo-bion/ggradar	master
18/01/24 03:58	shuodata/mlr-master	master
18/01/24 02:58	pablobarbera/scholarnetwork	master
18/01/24 02:54	pablobarbera/scholarnetwork	master
18/01/24 02:51	pablobarbera/scholarnetwork	master
18/01/24 02:50	leerichardson/sdsmR	master
18/01/21 00:14	IRkernel/IRkernel	master
18/01/14 00:03	jr-packages/jrModelling	master
18/01/03 00:17	Bioconductor/GSEABase	master
18/01/03 00:17	Bioconductor/GSEABase	master
18/01/03 00:16	Bioconductor/GSEABase	master
18/01/02 00:50	hoxo-m/prophetExt	master
18/01/02 00:13	alstat/rface	master
18/01/02 00:10	alstat/rface	master
17/12/31 00:30	hrbrmstr/ggalt	master
17/12/31 00:28	Bioconductor/BiocGenerics	master
17/12/31 00:10	gustavobio/semeco	master
17/12/31 00:05	gustavobio/semeco	master
17/12/31 00:04	gustavobio/semeco	master
17/12/31 00:01	gustavobio/semeco	master
17/12/28 00:25	IQSS/Zelig	master
17/12/27 00:02	tomvar/bundling	master
