18/03/09 22:52	wiaidp/MDFA	master
18/03/09 21:59	robjhyndman/forecast	master
18/03/09 21:39	hzambran/hydroGOF	master
18/03/09 21:30	brendan-R/brocks	master
18/03/09 21:27	brendan-R/brocks	master
18/03/09 21:03	RGLab/flowMerge	master
18/03/09 20:56	vijaybarve/ENMGadgets	master
18/03/09 20:55	vijaybarve/ENMGadgets	master
18/03/09 20:49	vijaybarve/ENMGadgets	master
18/03/09 20:45	vijaybarve/ENMGadgets	master
18/03/09 20:42	vijaybarve/ENMGadgets	master
18/03/09 20:41	vijaybarve/ENMGadgets	master
18/03/09 20:34	ajdamico/lodown	master
18/03/09 20:18	ajdamico/lodown	master
18/03/09 20:17	ajdamico/lodown	master
18/03/09 20:16	ajdamico/lodown	master
18/03/09 18:23	mskilab/gTrack	dev
18/03/09 17:51	AnalytixWare/gosocket	master
18/03/09 17:06	luismurao/nichetoolbox	master
18/03/09 15:43	arilamstein/choroplethrZip	master
18/03/09 15:34	hoxo-m/prophetExt	master
18/03/09 15:32	hoxo-m/prophetExt	master
18/03/09 15:31	hoxo-m/prophetExt	master
18/03/09 15:29	hoxo-m/prophetExt	master
18/03/09 15:24	arilamstein/choroplethrZip	master
18/03/09 14:43	keaven/nphsim	master
18/03/09 14:25	imadmali/NBAapi	master
18/03/09 14:19	dselivanov/reco	master
18/03/09 14:13	flagroth/j1071	master
18/03/09 14:09	bwlewis/R4P	master
18/03/09 14:08	Alexander-Morin/HW09	master
18/03/09 14:08	stan-dev/shinystan	master
18/03/09 13:52	gabrielbouleau/mangal.package	master
18/03/09 13:35	mariavica/mircomb	master
18/03/09 13:18	dselivanov/reco	master
18/03/09 12:29	bomeara/phybase	master
18/03/09 12:25	bomeara/phybase	master
18/03/09 12:21	rstudio/shinytest	master
18/03/09 11:50	Rapporter/pander	06c2f65797
18/03/09 11:36	rstudio/DT	master
18/03/09 08:42	Rapporter/pander	06c2f65797
18/03/09 08:39	OHDSI/DatabaseConnector	master
18/03/09 08:34	Rapporter/pander	06c2f65797
18/03/09 08:30	Rapporter/pander	06c2f65797
18/03/09 08:08	vqv/ggbiplot	master
18/03/09 06:09	ujjwalkarn/xda	master
18/03/09 04:00	davismcc/scater	master
18/03/09 01:57	andrie/sentiment	master
18/03/08 00:58	peterxeno/preprocessr	master
18/03/08 00:57	artichaud1/preprocessr	master
18/03/08 00:45	USGS-R/waterData	master
18/03/08 00:03	jdblischak/workflowr	master
18/03/08 00:01	jdblischak/workflowr	master
18/03/07 00:51	hadley/haven	master
18/03/07 00:20	ropensci/tabulizer	master
18/03/07 00:20	ropensci/tabulizerjars	master
18/03/07 00:13	sjmgarnier/viridis	master
18/03/06 00:08	GuangchuangYu/ggtree	master
18/03/05 00:38	gavinsimpson/tsgam	master
18/03/02 00:59	ECO230/eco230r	master
18/03/02 00:42	ropensci/ghql	master
18/03/02 00:08	ECO230/eco230r	master
18/03/02 00:04	ECO230/eco230r	master
18/03/02 00:04	ECO230/eco230r	master
18/03/02 00:04	ECO230/eco230r	master
18/03/02 00:03	ECO230/eco230r	master
18/02/28 00:58	ECO230/eco230r	master
18/02/28 00:41	kbroman/horizon	master
18/02/28 00:16	ECO230/eco230r	master
18/02/28 00:10	ECO230/eco230r	master
18/02/28 00:10	ECO230/eco230r	master
18/02/28 00:10	ECO230/eco230r	master
18/02/27 00:45	renozao/NMF	devel
18/02/27 00:39	tidyverse/haven	master
18/02/27 00:35	tidyverse/haven	master
18/02/27 00:00	ECO230/eco230r	master
18/02/26 00:55	James-Thorson/FishLife	master
18/02/24 00:41	briofons/R-Package-RJIRA	master
18/02/21 00:26	hoxo-m/prophetExt	master
18/02/20 00:29	pdrano/IKTrading	master
18/02/20 00:08	pdrano/IKTrading	master
18/02/18 00:21	yuanli22/RCUDA	master
18/02/18 00:07	duncantl/RCUDA	master
18/02/15 00:39	twitter/AnomalyDetection	master
18/02/15 00:38	pdrano/IKTrading	master
18/02/14 00:55	Bioconductor/IRanges	c5f1471
18/02/14 00:53	Bioconductor/S4Vectors	d93b89f
18/02/14 00:53	Bioconductor/S4Vectors	d39b89f
18/02/14 00:52	Bioconductor/S4Vectors	0b2b49f
18/02/14 00:51	Bioconductor/S4Vectors	8334847
18/02/14 00:49	Bioconductor/BiocGenerics	39d0af5
18/02/14 00:48	Bioconductor/BiocGenerics	0985ec9
18/02/14 00:46	Bioconductor/BiocGenerics	fcc22c8
18/02/14 00:45	Bioconductor/BiocGenerics	9383d85
18/02/14 00:45	Bioconductor/BiocGenerics	9389d85
18/02/14 00:42	Bioconductor/BiocGenerics	master
18/02/14 00:41	ropensci/tabulizer	master
18/02/14 00:36	ropensci/tabulizerjars	master
18/02/14 00:18	MorphoFun/kraken	master
18/02/12 00:26	lrutter/ggenealogy	master
18/02/08 00:31	green-striped-gecko/dartR	master
18/02/08 00:26	isglobal-brge/SNPassoc	master
18/02/08 00:24	zhengxwen/SNPRelate	master
18/02/08 00:23	edzer/hexbin	master
18/02/08 00:18	edzer/hexbin	master
18/02/08 00:08	edzer/hexbin	master
18/02/08 00:06	StoreyLab/qvalue	master
18/02/08 00:01	yihui/knitr	master
18/02/08 00:00	sinhrks/ggfortify	master
18/02/07 00:36	hadley/lubridate	master
18/02/07 00:35	tidyverse/lubridate	master
18/02/07 00:21	RGLab/opencytoCL	master
