18/04/16 15:20	Zelazny7/isofor	master
18/04/16 15:17	dkahle/ggmap	master
18/04/16 15:17	Zelazny7/isofor	master
18/04/16 15:08	Zelazny7/isofor	master
18/04/16 15:06	Zelazny7/isofor	master
18/04/16 14:42	dkahle/ggmap	master
18/04/16 14:40	tidyverse/ggplot2	master
18/04/16 14:08	IOR-Bioinformatics/PCSF	master
18/04/16 13:29	mrdwab/koboloadeR	master
18/04/16 13:12	dkahle/ggmap	master
18/04/16 13:08	dkahle/ggmap	master
18/04/16 11:47	velocyto-team/velocyto.R	master
18/04/16 11:28	s-u/fasttime	master
18/04/16 11:15	dkahle/ggmap	master
18/04/16 11:00	dkahle/ggmap	master
18/04/16 10:37	hoxo-m/dplyr.teradata	master
18/04/16 10:21	mlr-org/mlr	forecasting
18/04/16 09:52	MangoTheCat/rmdshower	master
18/04/16 09:37	Tomhigg/TamsatTools	master
18/04/16 09:35	Tomhigg/TamsatTools	master
18/04/16 08:49	dkahle/ggmap	master
18/04/16 08:46	dkahle/ggmap	master
18/04/16 08:11	dkahle/ggmap	master
18/04/16 08:08	dkahle/ggmap	master
18/04/16 07:50	timelyportfolio/rcdimple	master
18/04/16 07:00	dkahle/ggmap	master
18/04/16 06:31	dkahle/ggmap	master
18/04/16 04:56	ao90/PRIM	master
18/04/16 04:56	hadley/readxl	master
18/04/16 04:54	tidyverse/lubridate	master
18/04/16 04:54	tidyverse/haven	master
18/04/15 00:35	dkahle/ggmap	master
18/04/11 00:30	ShinsukeSakai0321/PSFCalc	master
18/04/11 00:19	CambridgeAssessmentResearch/POSAC	master
18/04/11 00:05	ujjwalkarn/xda	master
18/04/10 00:35	rstudio/leaflet	master
18/04/10 00:34	rstudio/leaflet	master
18/04/10 00:33	rstudio/leaflet	master
18/04/10 00:32	rstudio/leaflet	master
18/04/06 00:34	kazutan/zousan	master
18/04/05 00:58	ropensci/bikedata	master
18/04/05 00:47	ropensci/bikedata	master
18/04/05 00:33	jennybc/googlesheets	master
18/04/05 00:31	jennybc/googlesheets	master
18/04/05 00:30	jennybc/googlesheets	master
18/04/05 00:26	jennybc/googlesheets	master
18/04/05 00:04	ao90/PRIM	master
18/03/30 00:39	mikemeredith/MMmisc	master
18/03/30 00:30	ECO230/eco230r	master
18/03/30 00:30	ECO230/eco230r	master
18/03/30 00:29	ECO230/eco230r	master
18/03/30 00:19	ropenscilabs/eechidna	master
18/03/30 00:13	ECO230/eco230r	master
18/03/30 00:10	ECO230/eco230r	master
18/03/30 00:10	ECO230/eco230r	master
18/03/29 00:33	ECO230/eco230r	master
18/03/28 00:52	ropensci/plotly	master
18/03/28 00:45	tidyverse/ggplot2	49619b7
18/03/28 00:36	ECO230/eco230r	master
18/03/28 00:35	ECO230/eco230r	master
18/03/24 00:43	SachaEpskamp/semPlot	master
18/03/23 00:07	r-lib/rlang	master
18/03/23 00:06	tidyverse/rlang	master
18/03/22 00:12	gabrielrvsc/HDeconometrics	master
18/03/21 00:54	cbw1243/marginalfit	master
18/03/21 00:45	umerijaz/microbiomeSeq	master
18/03/18 00:29	sinhrks/ggfortify	master
