18/09/03 13:01	Jfortin1/ANTsR	master
18/09/03 12:27	hoxo-m/prophetExt	master
18/09/03 12:26	bbolker/glmmadmb	master
18/09/03 12:23	brownianEmotion/catDist	master
18/09/03 12:19	hoxo-m/prophetExt	master
18/09/03 10:53	davidADSP/xgboostExplainer	master
18/09/03 09:36	christophergandrud/networkD3	master
18/09/03 09:33	davidADSP/xgboostExplainer	master
18/09/03 08:20	Microsoft/AzureSMR	master
18/09/03 07:58	ujjwalkarn/xda	master
18/09/03 07:58	ujjwalkarn/xda	master
18/09/03 06:56	esmucler/mmlasso	master
18/09/03 06:36	r-lib/roxygen2md	master
18/09/03 03:36	kassambara/factoextra	master
18/09/03 00:12	kassambara/easyGgplot2	master
18/08/30 00:53	ricardo-bion/ggradar	master
18/08/30 00:48	ricardo-bion/ggradar	master
18/08/29 00:47	rstudio/leaflet	master
18/08/29 00:42	rstudio/leaflet	master
18/08/28 00:09	jutako/Rtools	master
18/08/27 00:14	aoles/EBImage	master
18/08/24 00:06	ramnathv/rCharts	master
18/08/24 00:06	ramnathv/rCharts	master
18/08/24 00:03	taiyun/corrplot	master
18/08/24 00:03	taiyun/corrplot	master
18/08/23 00:37	ropensci/tabulizerjars	master
18/08/22 00:49	ymattu/rjumanpp	master
18/08/22 00:48	ymattu/rjumanpp	master
18/08/22 00:31	Triamus/mandat	Fix-Mac-fopenmp-Issue
18/08/21 00:50	bacollier/moveud	master
18/08/18 00:45	ewenme/fplR	master
18/08/18 00:18	neuroconductor/extrantsr	master
18/08/16 00:11	BruceKendall/PVA	master
18/08/11 00:30	ramnathv/slidify	master
18/08/11 00:30	ramnathv/rCharts	master
18/08/11 00:14	uribo/jpndistrict	add_light_rds
18/08/09 00:39	rstudio/blogdown	master
18/08/07 00:17	drsimonj/corrr	master
