18/02/26 20:20	satijalab/seurat	develop
18/02/26 19:59	dkahle/ggmap	master
18/02/26 19:54	hadley/ggplot2	master
18/02/26 19:51	leeper/tabulizer	master
18/02/26 19:51	leeper/tabulizerjars	master
18/02/26 19:49	ropensci/tabulizer	master
18/02/26 19:25	dkahle/ggmap	master
18/02/26 18:26	cloudyr/aws.s3	master
18/02/26 18:24	cloudyr/aws.s3	master
18/02/26 18:23	cloudyr/aws.s3	master
18/02/26 18:13	flinder/NetworkInference	master
18/02/26 18:12	desmarais-lab/NetworkInference	master
18/02/26 17:15	benaug/OpenPopSCR	master
18/02/26 17:12	benaug/OpenPopSCR	master
18/02/26 16:29	richierocks/rebus	master
18/02/26 16:11	hadley/neiss	master
18/02/26 15:36	davidADSP/xgboostExplainer	master
18/02/26 15:06	vqv/ggbiplot	master
18/02/26 14:57	PoisotLab/betalink	master
18/02/26 14:56	rappster/references-setoldclass	master
18/02/26 14:52	twitter/AnomalyDetection	master
18/02/26 12:52	rstudio/tfestimators	master
18/02/26 12:44	hoxo-m/magicfor	master
18/02/26 10:47	rstudio/tfestimators	master
18/02/26 09:20	thomasp85/patchwork	master
18/02/26 08:24	ymattu/rjumanpp	master
18/02/26 08:11	leighseverson/rnoaa	master
18/02/26 07:57	tidyverse/ggplot2	master
18/02/26 07:57	tidyverse/ggplot2	master
18/02/26 07:52	tidyverse/tidyverse	master
18/02/26 07:52	tidyverse/ggplot2	master
18/02/26 07:50	USGS-R/gsplot	master
18/02/26 07:49	aaronolsen/linkR	master
18/02/26 07:49	aaronolsen/linkR	master
18/02/26 07:49	aaronolsen/linkR	master
18/02/26 07:44	RcppCore/Rcpp	master
18/02/26 07:42	hadley/ggplot2	master
18/02/26 07:38	s-u/rcgal	master
18/02/26 07:37	hadley/devtools	master
18/02/26 07:32	twitter/AnomalyDetection	master
18/02/26 07:30	aaronolsen/linkR	master
18/02/26 07:30	aaronolsen/linkR	master
18/02/26 07:14	mrke/NicheMapR	master
18/02/26 06:17	ymattu/rjumanpp	master
18/02/26 06:16	ymattu/rjumanpp	master
18/02/26 04:36	matloff/revisit	master
18/02/26 03:53	bvieth/powsimR	master
18/02/26 03:49	bvieth/powsimR	master
18/02/26 03:39	James-Thorson/FishLife	master
18/02/26 03:32	James-Thorson/FishLife	master
18/02/26 03:32	James-Thorson/FishLife	master
18/02/26 03:30	James-Thorson/FishLife	master
18/02/26 03:29	James-Thorson/FishLife	master
18/02/26 03:26	James-Thorson/FishLife	master
18/02/26 02:46	ropensci/tabulizer	master
18/02/26 02:44	ropensci/tabulizerjars	master
18/02/26 02:42	ropensci/tabulizer	master
18/02/26 02:40	ropensci/tabulizerjars	master
18/02/26 02:22	James-Thorson/FishLife	master
18/02/26 02:16	hoxo-m/prophetExt	master
18/02/26 02:15	hoxo-m/prophetExt	master
18/02/26 02:12	hoxo-m/prophetExt	master
18/02/26 02:09	SICSresearch/LatentREGpp	master
18/02/26 01:34	ramnathv/rCharts	master
18/02/26 00:55	James-Thorson/FishLife	master
18/02/24 00:41	briofons/R-Package-RJIRA	master
18/02/21 00:26	hoxo-m/prophetExt	master
18/02/20 00:29	pdrano/IKTrading	master
18/02/20 00:08	pdrano/IKTrading	master
18/02/18 00:21	yuanli22/RCUDA	master
18/02/18 00:07	duncantl/RCUDA	master
18/02/15 00:39	twitter/AnomalyDetection	master
18/02/15 00:38	pdrano/IKTrading	master
18/02/14 00:55	Bioconductor/IRanges	c5f1471
18/02/14 00:53	Bioconductor/S4Vectors	d93b89f
18/02/14 00:53	Bioconductor/S4Vectors	d39b89f
18/02/14 00:52	Bioconductor/S4Vectors	0b2b49f
18/02/14 00:51	Bioconductor/S4Vectors	8334847
18/02/14 00:49	Bioconductor/BiocGenerics	39d0af5
18/02/14 00:48	Bioconductor/BiocGenerics	0985ec9
18/02/14 00:46	Bioconductor/BiocGenerics	fcc22c8
18/02/14 00:45	Bioconductor/BiocGenerics	9383d85
18/02/14 00:45	Bioconductor/BiocGenerics	9389d85
18/02/14 00:42	Bioconductor/BiocGenerics	master
18/02/14 00:41	ropensci/tabulizer	master
18/02/14 00:36	ropensci/tabulizerjars	master
18/02/14 00:18	MorphoFun/kraken	master
18/02/12 00:26	lrutter/ggenealogy	master
18/02/08 00:31	green-striped-gecko/dartR	master
18/02/08 00:26	isglobal-brge/SNPassoc	master
18/02/08 00:24	zhengxwen/SNPRelate	master
18/02/08 00:23	edzer/hexbin	master
18/02/08 00:18	edzer/hexbin	master
18/02/08 00:08	edzer/hexbin	master
18/02/08 00:06	StoreyLab/qvalue	master
18/02/08 00:01	yihui/knitr	master
18/02/08 00:00	sinhrks/ggfortify	master
18/02/07 00:36	hadley/lubridate	master
18/02/07 00:35	tidyverse/lubridate	master
18/02/07 00:21	RGLab/opencytoCL	master
18/02/06 00:42	rpremraj/mailR	master
18/02/06 00:41	rpremraj/mailR	master
18/02/06 00:07	hoxo-m/pforeach	master
18/02/05 00:27	alyst/MotIV	master
18/02/05 00:10	rstats-db/RMySQL	master
18/02/03 00:40	mgledi/DiffLogo	master
18/01/30 00:16	mkearney/rtweet	master
18/01/28 00:08	rstudio/addinexamples	master
18/01/28 00:07	awhstin/awtools	master
