18/09/19 19:50	edzer/sp	master
18/09/19 19:49	wlandau-lilly/drake	master
18/09/19 19:49	tidyverse/ggplot2	master
18/09/19 17:48	xuyiqing/gsynth	master
18/09/19 14:47	NathanSkene/EWCE	master
18/09/19 14:35	EcoNum/econum	master
18/09/19 14:29	NathanSkene/EWCE	master
18/09/19 13:49	perllb/deseqAbstraction	master
18/09/19 13:47	perllb/deseqAbstraction	master
18/09/19 13:44	perllb/deseqAbstraction	master
18/09/19 12:37	cuche27/project	master
18/09/19 12:36	FrancoisGuillem/project	master
18/09/19 12:36	rstats-db/odbc	master
18/09/19 12:35	thk686/rgdal2	master
18/09/19 12:32	DheerajAgarwal/rgdax	master
18/09/19 12:27	rstats-db/odbc	master
18/09/19 10:54	rstats-db/odbc	master
18/09/19 10:44	rstats-db/odbc	master
18/09/19 10:40	rstats-db/odbc	master
18/09/19 10:37	rstats-db/odbc	master
18/09/19 08:01	rstats-db/odbc	master
18/09/19 07:35	YTLogos/shinyjs	master
18/09/19 07:35	daattali/shinyjs	master
18/09/19 05:46	esmucler/mmlasso	master
18/09/19 03:00	rstudio/config	master
