18/07/25 08:36	HaidYi/DASC	master
18/07/25 08:25	hoxo-m/prophetExt	master
18/07/25 08:12	Rapporter/pander	06c2f65797
18/07/25 08:12	hoxo-m/prophetExt	master
18/07/25 08:11	vqv/ggbiplot	master
18/07/25 08:11	kassambara/survminer	master
18/07/25 08:04	Rapporter/pander	06c2f65797
18/07/25 08:02	Rapporter/pander	06c2f65797
18/07/25 08:02	mpadge/tnorm	master
18/07/25 07:59	jeroenooms/stringi	master
18/07/25 07:59	tidyverse/rlang	master
18/07/25 07:59	tidyverse/purrr	master
18/07/25 07:58	mpadge/tnorm	master
18/07/25 07:56	jeroenooms/stringi	master
18/07/25 07:56	tidyverse/rlang	master
18/07/25 07:56	tidyverse/purrr	master
18/07/25 07:53	mpadge/tnorm	master
18/07/25 06:58	rstudio/shiny	master
18/07/25 03:16	jeroenooms/mongolite	master
18/07/25 01:26	tombishop1/itraxR	master
18/07/25 01:25	tombishop1/itraxR	master
