18/11/28 20:58	strengejacke/ggeffects	master
18/11/28 20:06	strengejacke/ggeffects	master
18/11/28 20:06	vqv/ggbiplot	master
18/11/28 20:03	strengejacke/ggeffects	master
18/11/28 18:15	julia-wrobel/registr	master
18/11/28 18:14	julia-wrobel/registr	master
18/11/28 18:12	julia-wrobel/registr	master
18/11/28 17:56	david-salgado/RepoUtils	master
18/11/28 17:56	david-salgado/RepoReadWrite	master
18/11/28 17:54	david-salgado/StQ	master
18/11/28 17:53	david-salgado/RepoTime	master
18/11/28 17:37	sorhawell/rgl	master
18/11/28 17:34	Bioconductor/genefilter	master
18/11/28 17:18	strengejacke/ggeffects	master
18/11/28 17:18	estebanlp/GoogleDataSearch	master
18/11/28 17:13	ilapros/DoubleRobGam	master
18/11/28 17:03	cvarrichio/rowr	master
18/11/28 17:03	eddelbuettel/anytime	master
18/11/28 16:57	julia-wrobel/registr	master
18/11/28 16:56	julia-wrobel/registr	master
18/11/28 16:55	julia-wrobel/registr	master
18/11/28 16:52	kmiddleton/binning	master
18/11/28 16:48	business-science/timetk	master
18/11/28 16:47	julia-wrobel/registr	master
18/11/28 16:47	business-science/timekit	master
18/11/28 16:46	ltorgo/DMwR2	master
18/11/28 16:45	rstudio/dygraphs	master
18/11/28 16:45	julia-wrobel/registr	master
18/11/28 16:45	CIAssetManagement/QuantTools	master
18/11/28 16:43	business-science/timekit	master
18/11/28 16:43	eddelbuettel/anytime	master
18/11/28 16:42	cloudcell/foreach	master
18/11/28 16:41	cvarrichio/rowr	master
18/11/28 16:40	business-science/tidyquant	master
18/11/28 16:36	hadley/tidyverse	master
18/11/28 15:53	strengejacke/ggeffects	master
18/11/28 15:37	strengejacke/ggeffects	master
18/11/28 15:18	vqv/ggbiplot	master
18/11/28 15:09	strengejacke/ggeffects	master
18/11/28 15:01	strengejacke/ggeffects	master
18/11/28 14:32	sjPlot/sjmisc	master
18/11/28 14:32	strengejacke/sjmisc	master
18/11/28 14:24	republicwireless-open/foregen	master
18/11/28 14:21	Displayr/flipData	master
18/11/28 13:38	hoxo-m/magicfor	master
18/11/28 13:37	marcoblume/odds.converter	master
18/11/28 12:34	jakob-r/mlrHyperopt	master
18/11/28 12:15	hoxo-m/prophetExt	master
18/11/28 12:13	hoxo-m/prophetExt	master
18/11/28 12:11	hoxo-m/prophetExt	master
18/11/28 12:06	hoxo-m/prophetExt	master
18/11/28 11:13	SteffenMoritz/imputeTS	master
18/11/28 11:08	strengejacke/sjstats	master
18/11/28 09:58	jkrijthe/Rtsne	master
18/11/28 09:14	strengejacke/sjstats	master
18/11/28 09:13	strengejacke/sjstats	master
18/11/28 09:11	sjPlot/sjstats	master
18/11/28 08:16	jimhester/lookup	master
18/11/28 05:23	oscarperpinan/pkgMethods	master
18/11/28 05:23	oscarperpinan/pkgMethods	master
18/11/28 05:22	oscarperpinan/pkgMethods	master
18/11/28 02:01	tidyverse/ggplot2	49619b7
18/11/28 01:01	thibautjombart/geograph	master
18/11/28 00:52	hunzikp/pgrid	master
18/11/28 00:50	tjmahr/textgrid	master
18/11/28 00:50	vwmaus/geoScidb	master
18/11/28 00:42	EricEdwardBryant/biogridr	master
18/11/26 00:29	edonnachie/ICD	master
18/11/26 00:21	vqv/ggbiplot	master
18/11/22 00:42	cdcrabtree/varo	master
18/11/21 00:50	hadley/dtplyr	master
18/11/17 00:22	zauster/RComtrade	master
18/11/14 00:39	hoxo-m/densratio	e8233e6
18/11/14 00:39	hoxo-m/densratio	v0.0.3
18/11/14 00:39	swish-climate-impact-assessment/awaptools	develop
18/11/14 00:37	twitter/AnomalyDetection	master
18/11/12 00:54	matloff/rectools	master
18/11/08 00:57	benaug/Mbmisscap	master
18/11/08 00:56	JohnCoene/youTubeDataR	master
18/11/07 00:36	ECO230/eco230r	master
18/11/07 00:35	ECO230/eco230r	master
18/11/07 00:21	ECO230/eco230r	master
18/11/06 00:34	loicdtx/bfastSpatial	master
18/11/06 00:34	loicdtx/bfastSpatial	master
18/11/06 00:01	zdk123/SpiecEasi	master
18/11/05 00:44	rstudio/DT	master
18/11/05 00:39	rstudio/DT	master
18/11/05 00:10	zdk123/SpiecEasi	master
18/11/05 00:08	hadley/devtools	master
18/11/03 00:08	zdk123/SpiecEasi	master
18/11/03 00:05	loicdtx/bfastSpatial	master
18/11/02 00:56	ECO230/eco230r	master
18/11/02 00:18	dkahle/ggmap	master
18/11/01 00:40	genesofeve/projectR	useME
18/11/01 00:24	dgrtwo/drlib	master
18/11/01 00:09	biobakery/sparseDOSSA	varyLibSize
18/11/01 00:04	biobakery/sparseDOSSA	varyLibSize
18/11/01 00:00	biobakery/sparseDOSSA	varyLibSize
18/10/31 00:30	AnalytixWare/gosocket	master
18/10/31 00:29	ropenscilabs/webmockr	master
18/10/31 00:28	AnalytixWare/gosocket	master
18/10/31 00:23	vqv/ggbiplot	master
18/10/31 00:21	ropensci/webmockr	master
18/10/31 00:20	ropensci/webmockr	master
18/10/30 00:20	ropenscilabs/cored	master
18/10/29 00:29	rdpeng/gpclib	master
18/10/29 00:26	rdpeng/gpclib	master
18/10/29 00:16	ujjwalkarn/xda	master
