18/08/17 17:41	jutako/Rtools	master
18/08/17 17:38	liamrevell/phytools	master
18/08/17 17:28	CentreForHydrology/CRHMr	master
18/08/17 17:25	liamrevell/phytools	master
18/08/17 17:24	liamrevell/phytools	master
18/08/17 16:32	j1wan/ietkit	master
18/08/17 16:29	CentreForHydrology/CRHMr	master
18/08/17 16:17	j1wan/ietkit	master
18/08/17 16:12	dylandaniels/ars	master
18/08/17 16:07	mikemayer67/RCoverTree	master
18/08/17 15:47	hdng/clonevol	master
18/08/17 15:46	hdng/clonevol	master
18/08/17 15:46	hdng/clonevol	master
18/08/17 15:44	hdng/clonevol	master
18/08/17 15:29	CentreForHydrology/CRHMr	master
18/08/17 15:16	tidyverse/ggplot2	49619b7
18/08/17 15:05	kardinal-eros/vegit	master
18/08/17 15:05	j1wan/ietkit	master
18/08/17 15:03	j1wan/ietkit	master
18/08/17 14:38	dgrtwo/gganimate	master
18/08/17 13:11	rstudio/httpuv	master
18/08/17 13:11	rstudio/httpuv	master
18/08/17 13:07	rstudio/httpuv	master
18/08/17 13:05	rstudio/shiny	master
18/08/17 12:13	Chainomics/rCoinInterface	master
502: Failure
