18/12/08 21:40	davidADSP/xgboostExplainer	master
18/12/08 20:07	hoxo-m/magicfor	master
18/12/08 17:09	GegznaV/hyperSpec2	master
18/12/08 14:24	green-striped-gecko/dartR	master
18/12/08 10:36	maRce10/warbleR	master
18/12/08 10:29	maRce10/warbleR	master
18/12/08 09:51	maRce10/warbleR	master
18/12/08 07:58	strengejacke/sjPlot	master
18/12/08 02:36	kassambara/easyGgplot2	master
18/12/07 00:45	metacran/crandb	master
18/12/05 00:24	braverock/PerformanceAnalytics	master
18/12/03 00:44	ramnathv/slidifyLibraries	master
18/12/03 00:35	ramnathv/slidify	master
18/12/02 00:17	Laurae2/lgbdl	master
18/12/02 00:15	SPATIAL-Lab/isorig	master
18/12/02 00:14	SPATIAL-Lab/isorig	master
18/12/02 00:09	SPATIAL-Lab/isorig	master
18/12/01 00:50	business-science/tidyquant	master
18/12/01 00:14	strengejacke/sjPlot	master
18/12/01 00:12	strengejacke/ggeffects	master
18/12/01 00:11	strengejacke/sjstats	master
18/12/01 00:02	strengejacke/sjmisc	master
18/11/29 00:25	vqv/ggbiplot	master
18/11/28 00:52	hunzikp/pgrid	master
18/11/28 00:50	tjmahr/textgrid	master
18/11/28 00:50	vwmaus/geoScidb	master
18/11/28 00:42	EricEdwardBryant/biogridr	master
18/11/26 00:29	edonnachie/ICD	master
18/11/26 00:21	vqv/ggbiplot	master
18/11/22 00:42	cdcrabtree/varo	master
18/11/21 00:50	hadley/dtplyr	master
18/11/17 00:22	zauster/RComtrade	master
18/11/14 00:39	hoxo-m/densratio	e8233e6
18/11/14 00:39	hoxo-m/densratio	v0.0.3
18/11/14 00:39	swish-climate-impact-assessment/awaptools	develop
18/11/14 00:37	twitter/AnomalyDetection	master
18/11/12 00:54	matloff/rectools	master
18/11/08 00:57	benaug/Mbmisscap	master
18/11/08 00:56	JohnCoene/youTubeDataR	master
