18/09/14 06:58	statsmaths/genlasso	master
18/09/14 06:25	att/rcloud.jupyter.notebooks	master
18/09/14 06:24	att/rcloud.jupyter.notebooks	master
18/09/14 06:07	statsmaths/genlasso	master
18/09/14 06:03	statsmaths/genlasso	master
18/09/14 06:01	statsmaths/genlasso	master
18/09/14 04:27	att/rcloud.solr	master
18/09/14 04:26	att/rcloud.solr	master
18/09/14 03:46	vqv/ggbiplot	master
18/09/14 03:43	vqv/ggbiplot	master
18/09/14 03:41	fmichonneau/phyloch	master
18/09/14 01:47	dadrivr/ffanalytics	master
18/09/14 01:01	att/rcloud.dcplot	master
18/09/14 01:01	att/rcloud.dcplot	master
18/09/14 01:01	att/rcloud.flexdashboard	master
18/09/14 01:01	att/rcloud.flexdashboard	master
18/09/14 01:00	att/rcloud.shiny	master
18/09/14 01:00	att/rcloud.shiny	master
18/09/14 01:00	att/rcloud.rmd	master
18/09/14 01:00	att/rcloud.rmd	master
