18/01/02 22:40	unDocUMeantIt/koRpus	master
18/01/02 22:38	mlr-org/mlr	forecasting
18/01/02 19:56	jimhester/lookup	master
18/01/02 16:58	USGS-R/WREG	master
18/01/02 15:32	xavierdidelot/TransPhylo	master
18/01/02 15:31	emvolz/treedater	master
18/01/02 15:26	Lchiffon/REmap	master
18/01/02 14:56	maehler/nmbuBIN	master
18/01/02 12:53	Bioconductor/GOstats	master
18/01/02 12:50	Bioconductor/GOstats	master
18/01/02 10:29	twitter/AnomalyDetection	master
18/01/02 10:27	twitter/AnomalyDetection	master
18/01/02 09:07	mslegrand/svgR	master
18/01/02 07:50	twitter/AnomalyDetection	%2392
18/01/02 07:48	twitter/AnomalyDetection	%2392
18/01/02 07:46	twitter/AnomalyDetection	b9ed3438
18/01/02 06:20	walkerke/tidycensus	master
18/01/02 05:09	hadley/sloop	master
18/01/02 01:53	hadley/devtools	master
18/01/02 00:50	hoxo-m/prophetExt	master
18/01/02 00:13	alstat/rface	master
18/01/02 00:10	alstat/rface	master
17/12/31 00:30	hrbrmstr/ggalt	master
17/12/31 00:28	Bioconductor/BiocGenerics	master
17/12/31 00:10	gustavobio/semeco	master
17/12/31 00:05	gustavobio/semeco	master
17/12/31 00:04	gustavobio/semeco	master
17/12/31 00:01	gustavobio/semeco	master
17/12/28 00:25	IQSS/Zelig	master
17/12/27 00:02	tomvar/bundling	master
17/12/17 00:55	ujjwalkarn/xda	master
17/12/16 00:24	ColtoCaro/compMS	master
17/12/15 00:59	crsh/papaja	master
17/12/15 00:57	crsh/papaja	master
17/12/15 00:56	crsh/papaja	master
17/12/14 00:22	tlafarge/alphashape3d	master
17/12/14 00:11	tlafarge/alphashape3d	master
17/12/13 00:38	hrbrmstr/nominatim	master
17/12/12 00:54	BioStatMatt/sas7bdat.parso	master
17/12/12 00:53	BioStatMatt/sas7bdat.parso	master
17/12/12 00:50	BioStatMatt/sas7bdat.parso	master
17/12/12 00:45	BioStatMatt/sas7bdat.parso	master
17/12/07 00:29	gvegayon/twitterreport	master
17/12/07 00:27	gvegayon/twitterreport	master
17/12/07 00:20	seanchrismurphy/twtools	master
17/12/07 00:16	seanchrismurphy/twtools	master
17/12/07 00:15	seanchrismurphy/twtools	master
