18/02/04 19:40	leeper/margins	master
18/02/04 19:39	phubers/erlang	master
18/02/04 19:28	phubers/erlang	master
18/02/04 19:27	deanmarchiori/qPlanR	master
18/02/04 19:27	dmarchiori/qPlanR	master
18/02/04 19:26	deanmarchiori/qPlanR	master
18/02/04 19:16	Defenders-ESC/threatdemog	master
18/02/04 18:38	Ancamar/BootValidation	master
18/02/04 18:26	andrewpbray/oilabs	master
18/02/04 17:48	okugami79/sentiment140	master
18/02/04 14:12	hadley/bigvis	master
18/02/04 14:09	twitter/AnomalyDetection	master
18/02/04 13:26	Logiwo/tabulizer	master
18/02/04 13:26	ropensci/tabulizerjars	master
18/02/04 12:52	SensitiveQuestions/list	master
18/02/04 12:50	rmcelreath/rethinking	master
18/02/04 11:54	antonio-pgarcia/RRepast	master
18/02/04 11:50	antonio-pgarcia/RRepast	master
18/02/04 11:41	antonio-pgarcia/RRepast	master
18/02/04 11:24	antonio-pgarcia/RRepast	master
18/02/04 11:22	antonio-pgarcia/RRepast	master
18/02/04 10:20	clbustos/dominanceAnalysis	master
18/02/04 08:04	Bioconductor/GenomicRanges	v1.14.4
18/02/04 08:03	Bioconductor/GenomicRanges	1.14.4
18/02/04 05:05	yixuan/fontemoji	master
18/02/03 00:40	mgledi/DiffLogo	master
18/01/30 00:16	mkearney/rtweet	master
18/01/28 00:08	rstudio/addinexamples	master
18/01/28 00:07	awhstin/awtools	master
18/01/21 00:14	IRkernel/IRkernel	master
18/01/14 00:03	jr-packages/jrModelling	master
