18/08/09 22:50	thomasp85/patchwork	master
18/08/09 22:44	jeroenooms/stringi	master
18/08/09 19:19	thomasp85/patchwork	master
18/08/09 19:18	thomasp85/patchwork	master
18/08/09 19:04	thomasp85/patchwork	master
18/08/09 18:42	rstudio/leaflet	master
18/08/09 17:45	thomasp85/patchwork	master
18/08/09 17:39	thomasp85/patchwork	master
18/08/09 17:31	kstreet13/slingshot	master
18/08/09 17:30	thomasp85/patchwork	master
18/08/09 17:29	thomasp85/patchwork	master
18/08/09 17:26	kstreet13/slingshot	master
18/08/09 15:26	jrminter/rPeaks	master
18/08/09 15:26	jrminter/rPeaks	master
18/08/09 15:22	jrminter/rPeaks	master
18/08/09 15:17	hrbrmstr/albersusa	master
18/08/09 15:15	crsh/papaja	master
18/08/09 14:42	ujjwalkarn/xda	master
18/08/09 14:40	leeper/tabulizer	master
18/08/09 14:40	leeper/tabulizerjars	master
18/08/09 14:25	mrke/NicheMapR	master
18/08/09 13:58	kstreet13/slingshot	master
18/08/09 13:02	malcolmbarrett/mable	master
18/08/09 12:20	dkahle/ggmap	master
18/08/09 12:11	ujjwalkarn/xda	master
18/08/09 12:10	ujjwalkarn/xda	master
18/08/09 12:03	ujjwalkarn/xda	master
18/08/09 11:37	ujjwalkarn/xda	master
18/08/09 11:34	CCS-Lab/hBayesDM	master
18/08/09 11:33	CCS-Lab/hBayesDM	master
18/08/09 11:33	fcbarbi/ardl	master
18/08/09 11:30	tidyverse/ggplot2	master
18/08/09 11:13	hadley/ggplot2	49619b7
18/08/09 10:44	crsh/papaja	master
18/08/09 09:45	mrke/NicheMapR	master
18/08/09 09:28	mrke/NicheMapR	master
18/08/09 09:04	AppliedDataSciencePartners/xgboostExplainer	master
18/08/09 08:08	hoxo-m/prophetExt	master
18/08/09 07:56	hoxo-m/prophetExt	master
18/08/09 07:34	hoxo-m/prophetExt	master
18/08/09 07:26	hoxo-m/prophetExt	master
18/08/09 07:25	hoxo-m/prophetExt	master
18/08/09 07:01	mrke/NicheMapR	master
18/08/09 06:54	mrke/NicheMapR	master
18/08/09 06:41	hoxo-m/magicfor	master
18/08/09 06:16	hoxo-m/prophetExt	master
18/08/09 04:52	ja-thomas/MoCap	master
18/08/09 04:49	hoxo-m/magicfor	master
18/08/09 04:43	hoxo-m/magicfor	master
18/08/09 03:57	twitter/AnomalyDetection	master
