18/04/11 20:58	evanwang1990/FMwR	master
18/04/11 20:55	bgreenwell/mertree	master
18/04/11 20:52	bgreenwell/mertree	master
18/04/11 20:51	bgreenwell/mertree	master
18/04/11 20:50	bgreenwell/treemisc	master
18/04/11 20:49	tagteam/prodlim	master
18/04/11 20:47	bgreenwell/mertree	master
18/04/11 20:46	bgreenwell/mertree	master
18/04/11 20:46	bgreenwell/mertree	master
18/04/11 20:45	jutako/Rtools	master
18/04/11 20:45	rstats-db/blob	master
18/04/11 20:44	jutako/Rtools	master
18/04/11 20:37	tagteam/prodlim	master
18/04/11 20:36	bgreenwell/treemisc	master
18/04/11 20:35	bgreenwell/mertree	master
18/04/11 20:35	bgreenwell/mertree	master
18/04/11 20:33	jutako/Rtools	master
18/04/11 20:33	jutako/Rtools	master
18/04/11 20:25	tagteam/prodlim	master
18/04/11 20:23	bgreenwell/treemisc	master
18/04/11 20:23	bgreenwell/mertree	master
18/04/11 20:22	bgreenwell/mertree	master
18/04/11 20:20	bgreenwell/mertree	master
18/04/11 20:19	bgreenwell/mertree	master
18/04/11 20:18	bgreenwell/mertree	master
18/04/11 19:34	grimbough/biomaRt	master
18/04/11 18:56	cole-trapnell-lab/monocle-release	master
18/04/11 18:43	rpatin/pdfbookmarks	master
18/04/11 18:27	hxin/idbox	master
18/04/11 17:51	christophergandrud/NewPackage	master
18/04/11 17:50	deepankardatta/blandr	master
18/04/11 17:30	jalapic/engsoccerdata	master
18/04/11 16:01	ropensci/opencage	master
18/04/11 15:52	jianhong/ATACseqQC	master
18/04/11 15:50	rcc-uchicago/influenceR	master
18/04/11 15:46	ropensci/opencage	master
18/04/11 15:29	gregorbj/SimHouseholds	master
18/04/11 14:22	mcbeem/ZPDGrowthTrajectories	master
18/04/11 14:01	ropensci/opencage	master
18/04/11 13:32	devanshagr/CrossValidation	master
18/04/11 13:24	devanshagr/CrossValidation	master
18/04/11 12:49	gepuro/addin4githubinstall	master
18/04/11 12:41	ropensci/opencage	master
18/04/11 11:32	garrettgman/DSR	master
18/04/11 10:19	vqv/ggbiplot	master
18/04/11 09:51	lazappi/clustree	master
18/04/11 09:42	susanathey/MCPanel	master
18/04/11 07:39	NumbersInternational/rhtmlSankeyTree	master
18/04/11 07:14	ymattu/rjumanpp	master
18/04/11 06:08	hadley/tidyverse	master
18/04/11 01:49	awalker89/openxlsx	master
18/04/11 01:46	walshc/nightlights	master
18/04/11 01:28	walshc/nightlights	master
18/04/11 01:26	ropensci/plotly	master
18/04/11 00:30	ShinsukeSakai0321/PSFCalc	master
18/04/11 00:19	CambridgeAssessmentResearch/POSAC	master
18/04/11 00:05	ujjwalkarn/xda	master
18/04/10 00:35	rstudio/leaflet	master
18/04/10 00:34	rstudio/leaflet	master
18/04/10 00:33	rstudio/leaflet	master
18/04/10 00:32	rstudio/leaflet	master
18/04/06 00:34	kazutan/zousan	master
18/04/05 00:58	ropensci/bikedata	master
18/04/05 00:47	ropensci/bikedata	master
18/04/05 00:33	jennybc/googlesheets	master
18/04/05 00:31	jennybc/googlesheets	master
18/04/05 00:30	jennybc/googlesheets	master
18/04/05 00:26	jennybc/googlesheets	master
18/04/05 00:04	ao90/PRIM	master
18/03/30 00:39	mikemeredith/MMmisc	master
18/03/30 00:30	ECO230/eco230r	master
18/03/30 00:30	ECO230/eco230r	master
18/03/30 00:29	ECO230/eco230r	master
18/03/30 00:19	ropenscilabs/eechidna	master
18/03/30 00:13	ECO230/eco230r	master
18/03/30 00:10	ECO230/eco230r	master
18/03/30 00:10	ECO230/eco230r	master
18/03/29 00:33	ECO230/eco230r	master
18/03/28 00:52	ropensci/plotly	master
18/03/28 00:45	tidyverse/ggplot2	49619b7
18/03/28 00:36	ECO230/eco230r	master
18/03/28 00:35	ECO230/eco230r	master
18/03/24 00:43	SachaEpskamp/semPlot	master
18/03/23 00:07	r-lib/rlang	master
18/03/23 00:06	tidyverse/rlang	master
18/03/22 00:12	gabrielrvsc/HDeconometrics	master
18/03/21 00:54	cbw1243/marginalfit	master
18/03/21 00:45	umerijaz/microbiomeSeq	master
18/03/18 00:29	sinhrks/ggfortify	master
18/03/16 00:37	stnava/ITKR	master
18/03/15 00:38	JoshuaSlocum/kagglr	master
18/03/15 00:09	aminondo/iX-Rpackage	sc
18/03/14 00:40	BIMSBbioinfo/genomation	master
18/03/14 00:39	yihui/knitr	master
18/03/14 00:35	BIMSBbioinfo/genomation	master
18/03/12 00:08	mroberts/stmBrowser	master
18/03/12 00:07	methodds/stminsights	master
