18/06/06 09:20	aasrinivasan/hleaps	master
18/06/06 08:41	mariavica/mircomb	master
18/06/06 08:15	mariavica/mircomb	master
18/06/06 08:05	mariavica/mircomb	master
18/06/06 07:12	topepo/caret	master
18/06/06 06:44	aasrinivasan/hleaps	master
18/06/06 06:43	topepo/caret	master
18/06/06 06:43	topepo/caret	master
18/06/06 06:41	topepo/caret	master
18/06/06 06:40	topepo/caret	master
18/06/06 06:38	hadley/tidyverse	master
18/06/06 06:30	topepo/caret	master
18/06/06 06:27	ropensci/tabulizerjars	master
18/06/06 06:24	karthikl6/d3bubbles2	master
18/06/06 06:23	karthikl6/d3bubbles2	master
18/06/06 06:22	karthikl6/d3bubbles2	master
18/06/06 06:21	ropensci/tabulizerjars	master
18/06/06 06:15	karthikl6/d3bubbles2	master
18/06/06 06:12	karthikl6/d3bubbles2	master
18/06/06 06:12	jcheng5/bubbles	master
18/06/06 06:11	karthikl6/d3bubbles2	master
18/06/06 06:11	timelyportfolio/d3treeR	master
18/06/06 06:11	johnbaums/hues	master
18/06/06 05:59	kassambara/easyGgplot2	master
18/06/06 05:42	hadley/precis	master
18/06/06 05:38	hadley/precis	master
18/06/06 05:14	jcheng5/bubbles	master
18/06/06 05:13	karthikl6/d3bubbles2	master
18/06/06 05:13	timelyportfolio/d3treeR	master
18/06/06 05:11	jcheng5/bubbles	master
18/06/06 05:11	ropensci/tabulizer	master
18/06/06 05:11	ropensci/tabulizerjars	master
18/06/06 05:11	karthikl6/d3bubbles2	master
18/06/06 05:11	timelyportfolio/d3treeR	master
18/06/06 05:06	ropenscilabs/tabulizer	master
18/06/06 05:06	ropensci/tabulizerjars	master
18/06/06 04:47	jrowen/rhandsontable	v0.3.1
18/06/06 04:45	jrowen/rhandsontable	v0.3.3
18/06/06 04:43	jrowen/rhandsontable	v0.3.4
18/06/06 04:14	vqv/ggbiplot	master
18/06/06 03:58	vqv/ggbiplot	master
18/06/06 02:47	jrowen/rhandsontable	v0.3.4
18/06/06 01:46	jimhester/lookup	master
18/06/06 01:44	jimhester/lookup	master
18/06/06 01:36	dgrtwo/gganimate	master
18/06/06 01:32	dgrtwo/gganimate	master
18/06/06 00:51	drizopoulos/JMbayes	master
18/06/06 00:28	hrbrmstr/taucharts	master
18/06/05 00:32	jrlockwood/eivtools	master
18/06/05 00:28	palmer0914/ML_for_Hackers	master
18/06/05 00:28	palmer0914/ML_for_Hackers	master
18/06/05 00:00	ujjwalkarn/xda	master
18/06/01 00:52	johndharrison/wdman	master
18/06/01 00:51	johndharrison/binman	master
18/06/01 00:51	johndharrison/wdman	master
18/06/01 00:50	johndharrison/binman	master
18/06/01 00:50	johndharrison/wdman	master
18/06/01 00:18	tidyverse/purrr	master
18/06/01 00:16	OHDSI/bit	master
18/06/01 00:06	greta-dev/greta	master
18/05/31 00:07	jm3594/crtpower	master
18/05/30 00:19	rstudio/shiny-incubator	master
18/05/30 00:05	hadley/devtools	master
18/05/30 00:03	rstudio/httpuv	master
18/05/30 00:03	rstudio/shiny	master
18/05/29 00:47	zdk123/SpiecEasi	master
18/05/29 00:46	reptalex/phylofactor	master
18/05/28 00:21	OscarBrock/gCrisprTools	master
18/05/28 00:14	OscarBrock/gCrisprTools	master
18/05/25 00:49	hoxo-m/prophetExt	master
18/05/25 00:40	hoxo-m/prophetExt	master
18/05/25 00:38	bgreenwell/mertree	master
18/05/25 00:37	hoxo-m/prophetExt	master
18/05/25 00:24	gbm-developers/gbm3	master
18/05/25 00:23	hoxo-m/prophetExt	master
18/05/25 00:19	hoxo-m/densratio	v0.0.3
18/05/25 00:18	swish-climate-impact-assessment/awaptools	develop
18/05/25 00:17	Luddo94/Package	master
18/05/24 00:53	rstudio/httpuv	master
18/05/24 00:50	rstudio/httpuv	master
18/05/24 00:46	rstudio/shiny	master
18/05/24 00:31	leeper/tabulizerjars	master
18/05/24 00:25	leeper/tabulizer	master
18/05/24 00:23	leeper/tabulizerjars	master
18/05/23 00:55	mfasiolo/mgcViz	master
18/05/23 00:54	mfasiolo/qgam	master
18/05/23 00:39	mfasiolo/mgcViz	master
18/05/23 00:30	mfasiolo/mgcViz	master
18/05/23 00:29	mfasiolo/qgam	master
18/05/23 00:29	mfasiolo/qgam	master
18/05/23 00:24	mfasiolo/mgcViz	master
18/05/19 00:15	ropensci/tabulizer	master
18/05/18 00:28	OscarBrock/gCrisprTools	master
18/05/18 00:14	OscarBrock/gCrisprTools	master
18/05/15 00:38	andrewpbray/oilabs	master
18/05/15 00:30	andrewpbray/oilabs	master
18/05/15 00:18	andrewpbray/oilabs	master
18/05/15 00:17	andrewpbray/oilabs	master
18/05/12 00:45	kassambara/ggpubr	master
18/05/12 00:44	kassambara/ggpubr	master
18/05/12 00:37	kassambara/factoextra	master
18/05/11 00:53	uribo/jpndistrict	add_light_rds
18/05/11 00:52	jm3594/crtpower	master
18/05/11 00:52	uribo/jpndistrict	add_light_rds
