18/07/17 14:48	RGLab/Import2ImmPort	master
18/07/17 14:48	dgrtwo/rparse	master
18/07/17 14:48	dgrtwo/rparse	master
18/07/17 14:47	RGLab/Import2ImmPort	master
18/07/17 14:42	RGLab/Import2ImmPort	master
18/07/17 13:30	IRkernel/IRkernel	master
18/07/17 13:15	mskcc/facets	master
18/07/17 13:15	mskcc/facets	master
18/07/17 11:52	ggobi/ggobi.github.io	master
18/07/17 11:29	matthias-da/robCompositions	master
18/07/17 11:23	matthias-da/robCompositions	master
18/07/17 11:21	hrbrmstr/taucharts	master
18/07/17 11:15	matthias-da/robCompositions	master
18/07/17 11:05	wch/harbor	master
18/07/17 10:28	pnnl/glmnetLRC	master
18/07/17 10:14	hrbrmstr/splashr	master
18/07/17 10:13	hrbrmstr/splashr	master
18/07/17 09:50	yixuan/showtext	master
18/07/17 08:27	seankross/warppipe	master
18/07/17 08:26	sckott/httping	master
18/07/17 08:26	sckott/httpcode	master
18/07/17 08:25	richfitz/stevedore	master
18/07/17 06:32	haozhu233/kableExtra	master
18/07/17 05:43	aaronolsen/linkR	master
18/07/17 05:26	cmap/cmapR	master
18/07/17 03:43	ox-it/oidnChaRts	master
18/07/17 03:42	ox-it/oidnChaRts	master
18/07/17 03:42	ox-it/oidnChaRts	master
18/07/17 03:41	martinjhnhadley/oidnChaRts	master
18/07/17 02:38	andrie/version.compare	master
18/07/17 02:37	andrie/version.compare	master
18/07/17 02:36	andrie/version.compare	master
18/07/17 02:02	luca-scr/qcc	master
18/07/17 00:31	uribo/jpndistrict	add_light_rds
18/07/17 00:15	mskcc/facets	master
18/07/17 00:12	mskcc/facets	master
18/07/16 00:46	tidyverse/ggplot2	49619b7
18/07/13 00:51	ramnathv/rCharts	master
18/07/13 00:47	ropenscilabs/tabulizer	master
18/07/13 00:47	ropensci/tabulizerjars	master
18/07/13 00:38	hrbrmstr/shodan	master
18/07/13 00:34	karpfen/stkde	master
18/07/13 00:31	jtrecenti/stj	master
18/07/13 00:30	PolMine/ctk	master
18/07/13 00:29	PolMine/ctk	master
18/07/12 00:17	vqv/ggbiplot	master
18/07/12 00:15	vqv/ggbiplot	master
18/07/12 00:15	vqv/ggbiplot	master
18/07/12 00:14	vqv/ggbiplot	master
18/07/12 00:13	vqv/ggbiplot	master
18/07/12 00:13	vqv/ggbiplot	master
18/07/12 00:12	vqv/ggbiplot	master
18/07/12 00:12	vqv/ggbiplot	master
18/07/12 00:11	vqv/ggbiplot	master
18/07/12 00:10	vqv/ggbiplot	master
18/07/12 00:10	vqv/ggbiplot	master
18/07/12 00:09	vqv/ggbiplot	master
18/07/12 00:09	vqv/ggbiplot	master
18/07/12 00:06	vqv/ggbiplot	master
18/07/12 00:05	vqv/ggbiplot	master
18/07/12 00:03	vqv/ggbiplot	master
18/07/12 00:02	vqv/ggbiplot	master
18/07/12 00:02	vqv/ggbiplot	master
18/07/12 00:02	vqv/ggbiplot	master
18/07/12 00:01	vqv/ggbiplot	master
18/07/12 00:01	vqv/ggbiplot	master
18/07/12 00:00	vqv/ggbiplot	master
18/07/12 00:00	vqv/ggbiplot	master
18/07/11 00:31	pmoulos/recover	master
18/07/11 00:17	noamross/rnodejs	master
18/07/11 00:15	ilapros/GOFmeas	master
18/07/11 00:15	bamonroe/ctools	master
18/07/07 00:55	Bioconductor/GenomicRanges	master
18/07/07 00:34	jianhong/ATACseqQC	master
18/07/07 00:34	vinhtantran/monoClust	master
18/07/07 00:26	vinhtantran/monoClust	master
18/07/06 00:20	jianhong/ATACseqQC	master
18/07/06 00:02	vqv/ggbiplot	master
18/07/06 00:02	vqv/ggbiplot	master
18/07/06 00:02	vqv/ggbiplot	master
18/07/06 00:02	vqv/ggbiplot	master
18/07/06 00:01	vqv/ggbiplot	master
18/07/05 00:26	ropenscilabs/rnaturalearthhires	master
18/07/03 00:58	kloke/npsmReg2	master
18/07/03 00:57	kloke/hbrfit	master
18/07/03 00:55	rstudio/markdown	master
18/07/02 00:44	maRce10/warbleR	master
18/07/02 00:43	maRce10/warbleR	master
18/07/01 00:43	AndrewLJackson/siar	v4.2.3
18/07/01 00:36	AndrewLJackson/siar	v4.2.3
18/07/01 00:33	AndrewLJackson/siar	v4.2.3
18/07/01 00:33	AndrewLJackson/siar	v4.2.3
18/07/01 00:07	AndrewLJackson/siar	v4.2.3
18/07/01 00:05	AndrewLJackson/siar	v4.2.3
18/06/30 00:36	kevjohnson/healthdata	master
18/06/28 00:37	PeteHaitch/Aclust	master
18/06/28 00:25	benmoran11/rubias	master
18/06/27 00:04	RGLab/flowWorkspaceData	master
18/06/23 00:25	ddionrails/r2ddi	master
18/06/22 00:10	slfan2013/SERRFweb	master
18/06/21 00:46	aliceyiwang/mvabund	master
18/06/21 00:34	aliceyiwang/mvabund	master
18/06/21 00:17	aliceyiwang/mvabund	master
18/06/20 00:25	vqv/ggbiplot	master
18/06/19 00:53	mdavis29/Rcode	master
18/06/19 00:29	pachterlab/sleuth	master
18/06/18 00:33	sinhrks/ggfortify	master
