18/11/21 15:05	ClementCalenge/adehabitat	master
18/11/21 14:57	maRce10/warbleR	master
18/11/21 14:57	maRce10/warbleR	master
18/11/21 14:46	philchalmers/mirt	master
18/11/21 14:45	maRce10/warbleR	master
18/11/21 14:00	ianjonsen/ssmTMB	master
18/11/21 13:35	OHDSI/DatabaseConnector	master
18/11/21 13:29	kassambara/ggpubr	master
18/11/21 12:48	duthedd/ggplot2	master
18/11/21 12:33	juliasilge/tidytext	master
18/11/21 12:32	strengejacke/sjPlot	master
18/11/21 12:07	tidyverse/ggplot2	master
18/11/21 12:07	tidyverse/ggplot2	master
18/11/21 12:07	hadley/ggplot2	master
18/11/21 12:06	YTLogos/ggraph	master
18/11/21 12:04	b-klaus/concaveFDR	master
18/11/21 12:02	edzer/units	master
18/11/21 11:58	edzer/units	master
18/11/21 11:56	YTLogos/ggforce	master
18/11/21 11:54	thomasp85/ggraph	master
18/11/21 11:34	strengejacke/sjstats	master
18/11/21 11:33	strengejacke/sjstats	master
18/11/21 11:05	OHDSI/PatientLevelPrediction	master
18/11/21 11:04	andeek/rpart	master
18/11/21 11:04	andeek/rpart	master
18/11/21 10:40	OHDSI/CohortMethod	master
18/11/21 10:40	jimhester/flickrr	master
18/11/21 10:36	OHDSI/FeatureExtraction	master
18/11/21 10:32	OHDSI/FeatureExtraction	master
18/11/21 10:24	kassambara/navdata	master
18/11/21 10:08	OHDSI/FeatureExtraction	master
18/11/21 10:03	OHDSI/CohortMethod	master
18/11/21 09:59	OHDSI/CohortMethod	master
18/11/21 09:45	OHDSI/CohortMethod	master
18/11/21 08:39	philchalmers/mirt	master
18/11/21 03:29	hoxo-m/magicfor	master
18/11/21 03:16	SWotherspoon/QPress	master
18/11/21 01:58	sinhrks/ggfortify	master
18/11/21 00:50	hadley/dtplyr	master
18/11/17 00:22	zauster/RComtrade	master
18/11/14 00:39	hoxo-m/densratio	e8233e6
18/11/14 00:39	hoxo-m/densratio	v0.0.3
18/11/14 00:39	swish-climate-impact-assessment/awaptools	develop
18/11/14 00:37	twitter/AnomalyDetection	master
18/11/12 00:54	matloff/rectools	master
18/11/08 00:57	benaug/Mbmisscap	master
18/11/08 00:56	JohnCoene/youTubeDataR	master
18/11/07 00:36	ECO230/eco230r	master
18/11/07 00:35	ECO230/eco230r	master
18/11/07 00:21	ECO230/eco230r	master
18/11/06 00:34	loicdtx/bfastSpatial	master
18/11/06 00:34	loicdtx/bfastSpatial	master
18/11/06 00:01	zdk123/SpiecEasi	master
18/11/05 00:44	rstudio/DT	master
18/11/05 00:39	rstudio/DT	master
18/11/05 00:10	zdk123/SpiecEasi	master
18/11/05 00:08	hadley/devtools	master
18/11/03 00:08	zdk123/SpiecEasi	master
18/11/03 00:05	loicdtx/bfastSpatial	master
18/11/02 00:56	ECO230/eco230r	master
18/11/02 00:18	dkahle/ggmap	master
18/11/01 00:40	genesofeve/projectR	useME
18/11/01 00:24	dgrtwo/drlib	master
18/11/01 00:09	biobakery/sparseDOSSA	varyLibSize
18/11/01 00:04	biobakery/sparseDOSSA	varyLibSize
18/11/01 00:00	biobakery/sparseDOSSA	varyLibSize
18/10/31 00:30	AnalytixWare/gosocket	master
18/10/31 00:29	ropenscilabs/webmockr	master
18/10/31 00:28	AnalytixWare/gosocket	master
18/10/31 00:23	vqv/ggbiplot	master
18/10/31 00:21	ropensci/webmockr	master
18/10/31 00:20	ropensci/webmockr	master
18/10/30 00:20	ropenscilabs/cored	master
18/10/29 00:29	rdpeng/gpclib	master
18/10/29 00:26	rdpeng/gpclib	master
18/10/29 00:16	ujjwalkarn/xda	master
18/10/23 00:53	drizopoulos/JMbayes	master
18/10/23 00:49	drizopoulos/JMbayes	master
18/10/23 00:19	slowkow/ggrepel	master
