18/12/02 22:40	Bioconductor/genefilter	master
18/12/02 21:29	marcusvolz/strava	master
18/12/02 21:18	mihaiconstantin/ina	master
18/12/02 21:04	ramnathv/rCharts	master
18/12/02 21:00	ramnathv/rCharts	master
18/12/02 21:00	hadley/l1tf	master
18/12/02 20:59	vqv/ggbiplot	master
18/12/02 20:59	vqv/ggbiplot	master
18/12/02 18:50	vqv/ggbiplot	master
18/12/02 18:16	ramnathv/rCharts	master
18/12/02 18:08	hadley/l1tf	master
18/12/02 17:29	vqv/ggbiplot	master
18/12/02 16:14	YTLogos/ggmap	master
18/12/02 16:07	dkahle/ggmap	master
18/12/02 15:16	behuang/mpMap	master
18/12/02 13:45	lin-lab/coxKM	master
18/12/02 12:28	jchiquet/spring	master
18/12/02 12:18	SPATIAL-Lab/isorig	master
18/12/02 12:14	SPATIAL-Lab/isorig	master
18/12/02 12:04	raim/platexpress	master
18/12/02 10:10	vqv/ggbiplot	master
18/12/02 09:28	jbkunst/highcharter	master
18/12/02 03:56	twitter/AnomalyDetection	master
18/12/02 03:47	mnel/rmdTemplate	master
18/12/02 03:40	hoxo-m/magicfor	master
18/12/02 03:40	hoxo-m/magicfor	master
18/12/02 03:28	strengejacke/sjPlot	master
18/12/02 03:25	strengejacke/sjPlot	master
18/12/02 03:13	hoxo-m/magicfor	master
18/12/02 01:23	Ironholds/geohash	master
18/12/02 01:04	hoxo-m/magicfor	master
