18/01/09 15:12	mfasiolo/mgcViz	master
18/01/09 14:59	mfasiolo/mgcViz	master
18/01/09 14:58	mfasiolo/mgcViz	master
18/01/09 14:56	ropensci/tabulizer	master
18/01/09 14:56	ropensci/tabulizerjars	master
18/01/09 14:53	mfasiolo/mgcViz	master
18/01/09 14:52	mfasiolo/mgcViz	master
18/01/09 14:51	ropensci/tabulizer	master
18/01/09 14:51	ropensci/tabulizerjars	master
18/01/09 14:48	mfasiolo/mgcViz	master
18/01/09 14:48	ropensci/tabulizer	master
18/01/09 14:48	ropensci/tabulizerjars	master
18/01/09 14:46	mfasiolo/mgcViz	master
18/01/09 14:41	mfasiolo/mgcViz	master
18/01/09 13:23	rstudio/DT	master
18/01/09 13:22	rstudio/DT	master
18/01/09 11:21	r-spatial/sf	master
18/01/09 11:21	edzer/sf	master
18/01/09 11:12	igraph/rigraph	master
18/01/09 10:18	nolanlab/spade	master
18/01/09 10:17	nolanlab/Rclusterpp	master
18/01/09 10:00	mariavica/mircomb	master
18/01/09 06:45	hoxo-m/magicfor	master
18/01/09 02:43	ccolonescu/PoEdata	master
