18/05/24 17:22	gabrielrvsc/HDeconometrics	master
18/05/24 17:19	gabrielrvsc/HDeconometrics	master
18/05/24 16:37	hadley/dplyr	master
18/05/24 16:25	rstudio/keras	master
18/05/24 16:20	rstudio/keras	master
18/05/24 15:52	hadley/rlang	master
18/05/24 14:46	jalvesaq/colorout	master
18/05/24 14:45	jalvesaq/colorout	master
18/05/24 14:33	twitter/BreakoutDetection	master
18/05/24 13:59	bmihaljevic/bnclassify	master
18/05/24 13:34	maRce10/warbleR	master
18/05/24 13:32	rubenarslan/codebook	master
18/05/24 13:16	rmcelreath/rethinking	master
18/05/24 12:40	rubenarslan/codebook	master
18/05/24 11:55	cashoes/sear	master
18/05/24 10:20	bnosac/taskscheduleR	master
18/05/24 10:19	bnosac/taskscheduleR	master
18/05/24 10:18	jwijffels/taskscheduleR	master
18/05/24 09:56	bnosac/taskscheduleR	master
18/05/24 09:42	ujjwalkarn/xda	master
18/05/24 09:11	leeper/tabulizer	master
18/05/24 09:10	ropensci/tabulizerjars	master
18/05/24 08:33	ElizabethAB/utils	master
18/05/24 08:31	hoxo-m/prophetExt	master
18/05/24 08:18	hoxo-m/prophetExt	master
18/05/24 08:17	thomasp85/ggforce	master
18/05/24 08:16	hoxo-m/prophetExt	master
18/05/24 08:05	thomasp85/ggforce	master
18/05/24 05:49	pdrano/IKTrading	master
18/05/24 05:47	twitter/AnomalyDetection	master
18/05/24 04:45	mannau/tm.plugin.sentiment	master
18/05/24 04:33	hoxo-m/prophetExt	master
18/05/24 04:11	thierrygosselin/radiator	f9b6399
18/05/24 03:32	omegahat/RHTMLForms	master
18/05/24 03:30	omegahat/RHTMLForms	master
18/05/24 03:25	Logiwo/tabulizer	master
18/05/24 03:23	tombishop1/itraxR	master
18/05/24 03:23	ropensci/tabulizerjars	master
18/05/24 03:20	hoxo-m/magicfor	master
18/05/24 02:30	ropensci/tabulizerjars	master
18/05/24 02:04	Logiwo/tabulizer	master
18/05/24 02:02	ropensci/tabulizerjars	master
18/05/24 01:29	leeper/tabulizer	master
18/05/24 01:18	omegahat/RHTMLForms	master
18/05/24 01:17	omegahat/RHTMLForms	master
18/05/24 01:16	omegahat/RHTMLForms	master
18/05/24 01:02	mfasiolo/mgcViz	master
18/05/24 01:01	mfasiolo/qgam	master
18/05/24 00:53	rstudio/httpuv	master
18/05/24 00:50	rstudio/httpuv	master
18/05/24 00:46	rstudio/shiny	master
18/05/24 00:31	leeper/tabulizerjars	master
18/05/24 00:25	leeper/tabulizer	master
18/05/24 00:23	leeper/tabulizerjars	master
18/05/23 00:55	mfasiolo/mgcViz	master
18/05/23 00:54	mfasiolo/qgam	master
18/05/23 00:39	mfasiolo/mgcViz	master
18/05/23 00:30	mfasiolo/mgcViz	master
18/05/23 00:29	mfasiolo/qgam	master
18/05/23 00:29	mfasiolo/qgam	master
18/05/23 00:24	mfasiolo/mgcViz	master
18/05/19 00:15	ropensci/tabulizer	master
18/05/18 00:28	OscarBrock/gCrisprTools	master
18/05/18 00:14	OscarBrock/gCrisprTools	master
18/05/15 00:38	andrewpbray/oilabs	master
18/05/15 00:30	andrewpbray/oilabs	master
18/05/15 00:18	andrewpbray/oilabs	master
18/05/15 00:17	andrewpbray/oilabs	master
18/05/12 00:45	kassambara/ggpubr	master
18/05/12 00:44	kassambara/ggpubr	master
18/05/12 00:37	kassambara/factoextra	master
18/05/11 00:53	uribo/jpndistrict	add_light_rds
18/05/11 00:52	jm3594/crtpower	master
18/05/11 00:52	uribo/jpndistrict	add_light_rds
18/05/06 00:51	mclements/rstpm2	master
18/05/06 00:19	rpradosiqueira/brazilmaps	master
18/05/06 00:15	lucasmation/microdadosBrasil	master
18/05/03 00:28	RomeroBarata/dcme	master
18/05/02 00:02	sinhrks/ggfortify	master
18/05/01 00:33	thlytras/rspiro	master
18/05/01 00:33	thlytras/rspiro	master
18/04/28 00:35	predict-r/rtika	master
18/04/28 00:24	dgrtwo/rparse	master
18/04/26 00:30	alfcrisci/rBiometeo	master
