18/03/06 15:35	hoxo-m/magicfor	master
18/03/06 14:16	s-u/rJava	master
18/03/06 14:15	s-u/rJava	master
18/03/06 13:55	peterxeno/sabermetrics-package	master
18/03/06 13:55	PSMD-Psychometrics/psychometricsPSMD	master
18/03/06 13:55	DustinMoriarty/PsychrometricChart	master
18/03/06 13:33	amrei-stammann/alpaca	master
18/03/06 13:29	amrei-stammann/alpaca	master
18/03/06 13:20	mariavica/mircomb	master
18/03/06 12:45	choisy/cutoff	master
18/03/06 12:42	rstudio/keras	master
18/03/06 12:23	tidyverse/purrr	master
18/03/06 12:22	tidyverse/rlang	master
18/03/06 11:48	trinker/pacman	master
18/03/06 10:27	Swarthmore-Statistics/mase	master
18/03/06 10:19	Bioconductor/annotate	master
18/03/06 10:18	Bioconductor/genefilter	master
18/03/06 10:17	mikelove/DESeq2	master
18/03/06 10:13	Bioconductor/graph	master
18/03/06 09:52	jimhester/lookup	master
18/03/06 09:36	chipoglesby/RGA	master
18/03/06 09:35	twitter/AnomalyDetection	master
18/03/06 09:34	ropensci/tabulizerjars	master
18/03/06 09:30	ropensci/tabulizer	master
18/03/06 09:29	ropensci/tabulizerjars	master
18/03/06 09:17	phillipf/GNAFAPI	master
18/03/06 04:18	twitter/AnomalyDetection	master
18/03/06 04:18	ProvTools/cleanR	master
18/03/06 04:13	ProvTools/cleanR	master
18/03/06 04:13	ProvTools/provR	master
18/03/06 04:12	ProvTools/cleanR	master
18/03/06 03:55	hoxo-m/pforeach	master
18/03/06 02:05	ymattu/MlBayesOpt	master
18/03/06 01:56	ymattu/MlBayesOpt	master
18/03/06 00:08	GuangchuangYu/ggtree	master
18/03/05 00:38	gavinsimpson/tsgam	master
18/03/02 00:59	ECO230/eco230r	master
18/03/02 00:42	ropensci/ghql	master
18/03/02 00:08	ECO230/eco230r	master
18/03/02 00:04	ECO230/eco230r	master
18/03/02 00:04	ECO230/eco230r	master
18/03/02 00:04	ECO230/eco230r	master
18/03/02 00:03	ECO230/eco230r	master
18/02/28 00:58	ECO230/eco230r	master
18/02/28 00:41	kbroman/horizon	master
18/02/28 00:16	ECO230/eco230r	master
18/02/28 00:10	ECO230/eco230r	master
18/02/28 00:10	ECO230/eco230r	master
18/02/28 00:10	ECO230/eco230r	master
18/02/27 00:45	renozao/NMF	devel
18/02/27 00:39	tidyverse/haven	master
18/02/27 00:35	tidyverse/haven	master
18/02/27 00:00	ECO230/eco230r	master
18/02/26 00:55	James-Thorson/FishLife	master
18/02/24 00:41	briofons/R-Package-RJIRA	master
18/02/21 00:26	hoxo-m/prophetExt	master
18/02/20 00:29	pdrano/IKTrading	master
18/02/20 00:08	pdrano/IKTrading	master
18/02/18 00:21	yuanli22/RCUDA	master
18/02/18 00:07	duncantl/RCUDA	master
18/02/15 00:39	twitter/AnomalyDetection	master
18/02/15 00:38	pdrano/IKTrading	master
18/02/14 00:55	Bioconductor/IRanges	c5f1471
18/02/14 00:53	Bioconductor/S4Vectors	d93b89f
18/02/14 00:53	Bioconductor/S4Vectors	d39b89f
18/02/14 00:52	Bioconductor/S4Vectors	0b2b49f
18/02/14 00:51	Bioconductor/S4Vectors	8334847
18/02/14 00:49	Bioconductor/BiocGenerics	39d0af5
18/02/14 00:48	Bioconductor/BiocGenerics	0985ec9
18/02/14 00:46	Bioconductor/BiocGenerics	fcc22c8
18/02/14 00:45	Bioconductor/BiocGenerics	9383d85
18/02/14 00:45	Bioconductor/BiocGenerics	9389d85
18/02/14 00:42	Bioconductor/BiocGenerics	master
18/02/14 00:41	ropensci/tabulizer	master
18/02/14 00:36	ropensci/tabulizerjars	master
18/02/14 00:18	MorphoFun/kraken	master
18/02/12 00:26	lrutter/ggenealogy	master
18/02/08 00:31	green-striped-gecko/dartR	master
18/02/08 00:26	isglobal-brge/SNPassoc	master
18/02/08 00:24	zhengxwen/SNPRelate	master
18/02/08 00:23	edzer/hexbin	master
18/02/08 00:18	edzer/hexbin	master
18/02/08 00:08	edzer/hexbin	master
18/02/08 00:06	StoreyLab/qvalue	master
18/02/08 00:01	yihui/knitr	master
18/02/08 00:00	sinhrks/ggfortify	master
18/02/07 00:36	hadley/lubridate	master
18/02/07 00:35	tidyverse/lubridate	master
18/02/07 00:21	RGLab/opencytoCL	master
18/02/06 00:42	rpremraj/mailR	master
18/02/06 00:41	rpremraj/mailR	master
18/02/06 00:07	hoxo-m/pforeach	master
18/02/05 00:27	alyst/MotIV	master
18/02/05 00:10	rstats-db/RMySQL	master
