18/07/01 21:37	seandavi/VCFWrenchR	master
18/07/01 21:37	seandavi/VCFWrenchR	master
18/07/01 21:37	seandavi/VCFWrenchR	master
18/07/01 21:19	rtsho/preprocessr	master
18/07/01 21:18	artichaud1/preprocessr	master
18/07/01 21:17	peterxeno/preprocessr	master
18/07/01 21:05	vqv/ggbiplot	master
18/07/01 21:05	vqv/ggbiplot	master
18/07/01 20:44	StatsWithR/statsr	master
18/07/01 20:33	quanteda/quanteda	master
18/07/01 20:22	quanteda/quanteda	master
18/07/01 19:10	vqv/ggbiplot	master
18/07/01 19:09	vqv/ggbiplot	master
18/07/01 17:04	maRce10/warbleR	master
18/07/01 17:04	maRce10/warbleR	master
18/07/01 15:36	duthedd/ggplot2	master
18/07/01 11:15	microbiome/microbiome	master
18/07/01 10:44	andrie/version.compare	master
18/07/01 09:28	bnosac/RDRPOSTagger	master
18/07/01 08:11	andrie/version.compare	master
18/07/01 04:22	dougmet/unsumnet	master
18/07/01 03:58	green-striped-gecko/dartR	master
18/07/01 01:23	maRce10/warbleR	master
