18/06/28 19:56	michelk/template.R	master
18/06/28 19:45	wpeterman/ResistanceGA	julia_dev
18/06/28 19:44	wpeterman/ResistanceGA	julia_dev
18/06/28 19:44	wpeterman/ResistanceGA	julia_dev
18/06/28 18:37	ramnathv/justGage	master
18/06/28 16:26	wpeterman/ResistanceGA	julia_dev
18/06/28 16:07	hadley/ggplot2	master
18/06/28 15:17	cttobin/ggthemr	master
18/06/28 14:56	ymattu/MlBayesOpt	master
18/06/28 14:19	mtorchiano/lmPerm	master
18/06/28 14:15	mtorchiano/lmPerm	master
18/06/28 14:15	mtorchiano/lmPerm	master
18/06/28 14:12	mtorchiano/lmPerm	master
18/06/28 14:09	mtorchiano/lmPerm	master
18/06/28 14:07	c06n/helpers	master
18/06/28 14:07	vqv/ggbiplot	master
18/06/28 14:06	c06n/helpers	master
18/06/28 13:54	boost-R/FDboost	master
18/06/28 13:09	hrbrmstr/hrbrmisc	master
18/06/28 13:08	hrbrmstr/hrbrmisc	master
18/06/28 13:07	hrbrmstr/hrbrmisc	master
18/06/28 13:05	hrbrmstr/hrbrmisc	master
18/06/28 13:04	hrbrmstr/hrbrmisc	master
18/06/28 12:48	hrbrmstr/ggalt	master
18/06/28 12:32	MadsAlbertsen/ampvis2	master
18/06/28 12:27	wpeterman/ResistanceGA	julia_dev
18/06/28 12:23	wpeterman/ResistanceGA	julia_dev
18/06/28 12:22	tidyverse/readr	master
18/06/28 12:05	wpeterman/ResistanceGA	julia_dev
18/06/28 12:00	hadley/readr	master
18/06/28 11:48	jacobkap/fastDummies	master
18/06/28 11:34	hoxo-m/magicfor	master
18/06/28 11:16	wpeterman/ResistanceGA	julia_dev
18/06/28 10:36	RamiKrispin/MLstudio	master
18/06/28 10:13	sailthru/tidyjson	master
18/06/28 09:38	gmbecker/RCacheSuite	master
18/06/28 09:26	hadley/lubridate	master
18/06/28 09:19	richierocks/rebus	master
18/06/28 09:13	csgillespie/efficientR	master
18/06/28 09:02	awalker89/openxlsx	master
18/06/28 09:00	r-dbi/RSQLite	master
18/06/28 08:55	rstats-db/RMySQL	master
18/06/28 08:53	melff/memisc	master
18/06/28 08:45	RcppCore/RcppArmadillo	master
18/06/28 08:43	RcppCore/Rcpp	master
18/06/28 08:41	RcppCore/Rcpp	master
18/06/28 08:37	RcppCore/Rcpp	master
18/06/28 08:22	kindlychung/ff	master
18/06/28 08:13	kindlychung/ff	master
18/06/28 08:13	kindlychung/ff	master
18/06/28 07:56	kindlychung/ff	master
18/06/28 07:56	melff/memisc	master
18/06/28 07:44	hadley/lubridate	master
18/06/28 07:43	royfrancis/pophelper	master
18/06/28 07:43	r-lib/pkgbuild	master
18/06/28 07:37	david-borchers/secrgam	master
18/06/28 07:34	hadley/lubridate	master
18/06/28 07:33	hadley/lubridate	master
18/06/28 07:31	hrbrmstr/cloc	master
18/06/28 05:27	rgmantovani/MfeatExtractor	master
18/06/28 05:04	jennybc/gapminder	master
18/06/28 03:55	leeper/tabulizer	master
18/06/28 03:55	leeper/tabulizerjars	master
18/06/28 03:31	m-Py/minDiff	master
18/06/28 03:09	okugami79/sentiment140	master
18/06/28 03:06	okugami79/sentiment140	master
18/06/28 03:05	bergsmat/origami	master
18/06/28 03:04	okugami79/sentiment140	master
18/06/28 02:32	wpeterman/ResistanceGA	julia_dev
18/06/28 02:30	wpeterman/ResistanceGA	julia_dev
18/06/28 02:24	wpeterman/ResistanceGA	julia_dev
18/06/28 01:36	bgreenwell/mertree	master
18/06/28 01:33	bgreenwell/mertree	master
18/06/28 01:27	Mthrun/ProjectionBasedClustering	master
