18/09/12 15:56	vqv/ggbiplot	master
18/09/12 15:45	rstats-db/odbc	master
18/09/12 15:37	Displayr/flipMaxDiff	master
18/09/12 15:27	rstats-db/odbc	master
18/09/12 14:29	rstats-db/odbc	master
18/09/12 14:25	hrbrmstr/taucharts	master
18/09/12 14:14	gabrielhoc/Mapinguari	master
18/09/12 14:07	rstats-db/odbc	master
18/09/12 14:03	vqv/ggbiplot	master
18/09/12 14:02	vqv/ggbiplot	master
18/09/12 13:56	vqv/ggbiplot	master
18/09/12 13:55	rstats-db/odbc	master
18/09/12 13:17	BioStatMatt/sas7bdat.parso	master
18/09/12 13:08	Displayr/flipMaxDiff	master
18/09/12 12:51	moreno-betancur/survMCOD	master
18/09/12 12:45	wilkelab/cowplot	master
18/09/12 12:26	rpremraj/mailR	master
18/09/12 12:21	rpremraj/mailR	master
18/09/12 12:13	LasseHjort/cuRe	develop
18/09/12 12:13	LasseHjort/cuRe	develop
18/09/12 12:12	LasseHjort/cuRe	develop
18/09/12 12:10	drizopoulos/JMbayes	master
18/09/12 12:06	drizopoulos/JMbayes	master
18/09/12 12:02	hoxo-m/fixer	master
18/09/12 11:57	drizopoulos/JMbayes	master
18/09/12 11:56	LasseHjort/cuRe	develop
18/09/12 11:55	mclements/rstpm2	develop
18/09/12 11:11	drizopoulos/JMbayes	master
18/09/12 11:06	drizopoulos/JMbayes	master
18/09/12 11:01	drizopoulos/JMbayes	master
18/09/12 10:51	drizopoulos/JMbayes	master
18/09/12 10:50	drizopoulos/JMbayes	master
18/09/12 10:48	drizopoulos/JMbayes	master
18/09/12 10:45	warnes/SII	master
18/09/12 10:14	mrke/NicheMapR	master
18/09/12 10:10	mrke/NicheMapR	master
18/09/12 10:06	mrke/NicheMapR	master
18/09/12 09:56	mrke/NicheMapR	master
18/09/12 09:52	mrke/NicheMapR	master
18/09/12 09:34	dkahle/ggmap	master
18/09/12 09:33	mrke/NicheMapR	master
18/09/12 09:32	dkahle/ggmap	master
18/09/12 09:02	mrke/NicheMapR	master
18/09/12 08:56	twitter/AnomalyDetection	master
18/09/12 08:38	mrke/NicheMapR	master
18/09/12 08:35	mrke/NicheMapR	master
18/09/12 08:30	rstats-db/odbc	master
18/09/12 08:05	rstats-db/odbc	master
18/09/12 08:01	mrke/NicheMapR	master
18/09/12 07:54	ropensci/tabulizer	master
18/09/12 07:54	ropensci/tabulizerjars	master
18/09/12 07:36	rstats-db/odbc	master
18/09/12 07:01	mrke/NicheMapR	master
18/09/12 06:57	mrke/NicheMapR	master
18/09/12 06:53	mrke/NicheMapR	master
18/09/12 06:42	mrke/NicheMapR	master
18/09/12 06:09	mrke/NicheMapR	master
18/09/12 05:51	mrke/NicheMapR	master
18/09/12 05:36	GeoinformationSystems/xtruso_R	master
18/09/12 05:29	gmonette/spida	master
18/09/12 03:50	PolicyAnalysisInc/heRoMod	master
18/09/12 02:30	andrewpbray/oilabs	master
