18/07/10 12:58	drizopoulos/JMbayes	master
18/07/10 12:55	ricardo-bion/ggradar	master
18/07/10 12:46	Rapporter/pander	06c2f65797
18/07/10 12:41	Rapporter/pander	06c2f65797
18/07/10 12:25	hoxo-m/magicfor	master
18/07/10 11:43	Rapporter/pander	06c2f65797
18/07/10 11:41	Rapporter/pander	06c2f65797
18/07/10 11:39	Rapporter/pander	06c2f65797
18/07/10 11:37	Rapporter/pander	06c2f65797
18/07/10 11:37	Rapporter/pander	06c2f65797
18/07/10 11:29	Rapporter/pander	06c2f65797
18/07/10 11:25	Rapporter/pander	06c2f65797
18/07/10 11:11	dleutnant/influxdbr	master
18/07/10 11:11	dleutnant/influxdbr	master
18/07/10 11:11	SachaEpskamp/lisrelToR	master
18/07/10 11:10	SachaEpskamp/semPlot	master
18/07/10 11:09	statnet/statnet.common	master
18/07/10 11:08	gforge/htmlTable	master
18/07/10 11:08	mllg/backports	master
18/07/10 11:07	jonathon-love/car	master
18/07/10 10:28	ajdamico/lodown	master
18/07/10 10:27	ajdamico/lodown	master
18/07/10 10:27	ajdamico/lodown	master
18/07/10 09:48	ujjwalkarn/xda	master
18/07/10 08:38	kassambara/easyGgplot2	master
18/07/10 08:38	kassambara/easyGgplot2	master
18/07/10 05:34	leeper/tabulizer	master
18/07/10 05:34	ropensci/tabulizerjars	master
18/07/10 05:34	Torvaney/ggsoccer	master
18/07/10 05:25	Torvaney/ggsoccer	master
18/07/10 05:21	leeper/tabulizer	master
18/07/10 05:21	ropensci/tabulizerjars	master
18/07/10 05:17	Torvaney/ggsoccer	master
18/07/10 05:17	leeper/tabulizer	master
18/07/10 05:17	ropensci/tabulizerjars	master
18/07/10 05:16	Logiwo/tabulizer	master
18/07/10 05:16	ropensci/tabulizerjars	master
18/07/10 05:02	leeper/tabulizer	master
18/07/10 05:02	ropensci/tabulizerjars	master
18/07/10 05:02	ropenscilabs/tabulizer	master
18/07/10 05:02	ropensci/tabulizerjars	master
18/07/10 05:00	ropensci/tabulizer	master
18/07/10 05:00	ropensci/tabulizerjars	master
18/07/10 04:59	Logiwo/tabulizer	master
18/07/10 04:59	ropensci/tabulizerjars	master
18/07/10 04:38	nurandi/katadasaR	master
18/07/10 04:15	rgriff23/btw	master
18/07/10 03:35	ropensci/RSelenium	master
18/07/10 03:35	johndharrison/wdman	master
18/07/10 03:35	johndharrison/binman	master
18/07/10 03:34	johndharrison/wdman	master
18/07/10 03:33	ropensci/RSelenium	master
18/07/07 00:55	Bioconductor/GenomicRanges	master
18/07/07 00:34	jianhong/ATACseqQC	master
18/07/07 00:34	vinhtantran/monoClust	master
18/07/07 00:26	vinhtantran/monoClust	master
18/07/06 00:20	jianhong/ATACseqQC	master
18/07/06 00:02	vqv/ggbiplot	master
18/07/06 00:02	vqv/ggbiplot	master
18/07/06 00:02	vqv/ggbiplot	master
18/07/06 00:02	vqv/ggbiplot	master
18/07/06 00:01	vqv/ggbiplot	master
18/07/05 00:26	ropenscilabs/rnaturalearthhires	master
18/07/03 00:58	kloke/npsmReg2	master
18/07/03 00:57	kloke/hbrfit	master
18/07/03 00:55	rstudio/markdown	master
18/07/02 00:44	maRce10/warbleR	master
18/07/02 00:43	maRce10/warbleR	master
18/07/01 00:43	AndrewLJackson/siar	v4.2.3
18/07/01 00:36	AndrewLJackson/siar	v4.2.3
18/07/01 00:33	AndrewLJackson/siar	v4.2.3
18/07/01 00:33	AndrewLJackson/siar	v4.2.3
18/07/01 00:07	AndrewLJackson/siar	v4.2.3
18/07/01 00:05	AndrewLJackson/siar	v4.2.3
18/06/30 00:36	kevjohnson/healthdata	master
18/06/28 00:37	PeteHaitch/Aclust	master
18/06/28 00:25	benmoran11/rubias	master
18/06/27 00:04	RGLab/flowWorkspaceData	master
18/06/23 00:25	ddionrails/r2ddi	master
18/06/22 00:10	slfan2013/SERRFweb	master
18/06/21 00:46	aliceyiwang/mvabund	master
18/06/21 00:34	aliceyiwang/mvabund	master
18/06/21 00:17	aliceyiwang/mvabund	master
18/06/20 00:25	vqv/ggbiplot	master
18/06/19 00:53	mdavis29/Rcode	master
18/06/19 00:29	pachterlab/sleuth	master
18/06/18 00:33	sinhrks/ggfortify	master
18/06/16 00:02	kciomek/rorutadis	master
18/06/15 00:59	fernandabruno/musixmatchR	master
18/06/15 00:58	Gibbsdavidl/ConsensusClusterParallelPlus	master
18/06/15 00:54	tidyverse/tidyr	master
18/06/15 00:49	Arthurhe/Lightbulb	master
18/06/15 00:35	sgibb/benchgit	master
18/06/15 00:35	braverock/PortfolioAnalytics	master
18/06/15 00:32	R-Finance/RTAQ	master
18/06/15 00:31	R-Finance/FactorAnalytics	master
18/06/15 00:30	R-Finance/MPO	master
18/06/15 00:27	R-Finance/PApages	master
18/06/15 00:25	R-Finance/PortfolioAttribution	master
18/06/15 00:24	R-Finance/PortfolioAttribution	master
18/06/15 00:22	R-Finance/xtime	master
18/06/15 00:20	R-Finance/blotter	master
18/06/15 00:18	romainfrancois/nothing	master
18/06/15 00:18	joshuaulrich/TTR	master
18/06/15 00:16	joshuaulrich/xts	master
18/06/15 00:12	R-Finance/Meucci	master
18/06/12 00:31	mountainMath/cmhc	master
18/06/12 00:30	mountainMath/cancensus	master
18/06/12 00:30	patperry/rhdf5	master
18/06/12 00:26	patperry/rhdf5	master
18/06/12 00:21	patperry/rhdf5	master
