18/07/07 14:31	leeper/tabulizer	master
18/07/07 14:31	leeper/tabulizerjars	master
18/07/07 14:30	kouroshz/creNet	master
18/07/07 14:29	kouroshz/creNet	master
18/07/07 14:24	kouroshz/creNet	master
18/07/07 12:14	crsh/papaja	master
18/07/07 11:54	kirchkamp/zTree	master
18/07/07 11:36	ymattu/MlBayesOpt	master
18/07/07 10:15	kouroshz/creNet	master
18/07/07 10:09	dougmet/unsumnet	master
18/07/07 10:03	kirchkamp/zTree	master
18/07/07 10:01	dougmet/unsumnet	master
18/07/07 09:57	dougmet/unsumnet	master
18/07/07 09:56	kouroshz/creNet	master
18/07/07 09:54	dougmet/unsumnet	master
18/07/07 09:54	dougmet/unsumnet	master
18/07/07 09:50	dougmet/unsumnet	master
18/07/07 09:50	dougmet/unsumnet	master
18/07/07 09:48	dougmet/unsumnet	master
18/07/07 09:48	dougmet/unsumnet	master
18/07/07 09:48	dougmet/unsumnet	master
18/07/07 09:47	dougmet/unsumnet	master
18/07/07 09:45	dougmet/unsumnet	master
18/07/07 09:44	dougmet/unsumnet	master
18/07/07 09:44	dougmet/unsumnet	master
18/07/07 09:44	dougmet/unsumnet	master
18/07/07 09:43	dougmet/unsumnet	master
18/07/07 09:42	dougmet/unsumnet	master
18/07/07 09:41	dougmet/unsumnet	master
18/07/07 09:40	dougmet/unsumnet	master
18/07/07 09:39	dougmet/unsumnet	master
18/07/07 09:39	kouroshz/creNet	master
18/07/07 09:39	vjcitn/useret	master
18/07/07 09:37	dougmet/unsumnet	master
18/07/07 09:36	dougmet/unsumnet	master
18/07/07 09:32	ropengov/eurostat	master
18/07/07 09:32	dougmet/unsumnet	master
18/07/07 09:31	dougmet/unsumnet	master
18/07/07 09:31	dougmet/unsumnet	master
18/07/07 09:31	kouroshz/creNet	master
18/07/07 09:31	dougmet/unsumnet	master
18/07/07 09:30	dougmet/unsumnet	master
18/07/07 09:29	dougmet/unsumnet	master
18/07/07 09:29	kouroshz/creNet	master
18/07/07 09:29	kouroshz/creNet	master
18/07/07 09:27	dougmet/unsumnet	master
18/07/07 09:27	dougmet/unsumnet	master
18/07/07 09:26	kouroshz/creNet	master
18/07/07 09:26	dougmet/unsumnet	master
18/07/07 09:26	kouroshz/creNet	master
18/07/07 09:25	dougmet/unsumnet	master
18/07/07 09:25	dougmet/unsumnet	master
18/07/07 09:24	dougmet/unsumnet	master
18/07/07 09:24	dougmet/unsumnet	master
18/07/07 09:24	kouroshz/creNet	master
18/07/07 09:24	dougmet/unsumnet	master
18/07/07 09:23	dougmet/unsumnet	master
18/07/07 09:23	dougmet/unsumnet	master
18/07/07 09:22	dougmet/unsumnet	master
18/07/07 09:22	dougmet/unsumnet	master
18/07/07 09:22	dougmet/unsumnet	master
18/07/07 09:20	dougmet/unsumnet	master
18/07/07 09:20	dougmet/unsumnet	master
18/07/07 09:20	dougmet/unsumnet	master
18/07/07 09:20	dougmet/unsumnet	master
18/07/07 09:20	dougmet/unsumnet	master
18/07/07 09:18	dougmet/unsumnet	master
18/07/07 09:18	dougmet/unsumnet	master
18/07/07 09:17	dougmet/unsumnet	master
18/07/07 09:10	kouroshz/creNet	master
18/07/07 09:08	dougmet/unsumnet	master
18/07/07 09:08	dougmet/unsumnet	master
18/07/07 06:08	jianhong/ATACseqQC	master
18/07/07 01:58	IREA-CNR-MI/sprawl	master
18/07/07 01:54	jianhong/ATACseqQC	master
18/07/07 01:29	lme4/lme4	master
18/07/07 00:55	Bioconductor/GenomicRanges	master
18/07/07 00:34	jianhong/ATACseqQC	master
18/07/07 00:34	vinhtantran/monoClust	master
18/07/07 00:26	vinhtantran/monoClust	master
18/07/06 00:20	jianhong/ATACseqQC	master
18/07/06 00:02	vqv/ggbiplot	master
18/07/06 00:02	vqv/ggbiplot	master
18/07/06 00:02	vqv/ggbiplot	master
18/07/06 00:02	vqv/ggbiplot	master
18/07/06 00:01	vqv/ggbiplot	master
18/07/05 00:26	ropenscilabs/rnaturalearthhires	master
18/07/03 00:58	kloke/npsmReg2	master
18/07/03 00:57	kloke/hbrfit	master
18/07/03 00:55	rstudio/markdown	master
18/07/02 00:44	maRce10/warbleR	master
18/07/02 00:43	maRce10/warbleR	master
18/07/01 00:43	AndrewLJackson/siar	v4.2.3
18/07/01 00:36	AndrewLJackson/siar	v4.2.3
18/07/01 00:33	AndrewLJackson/siar	v4.2.3
18/07/01 00:33	AndrewLJackson/siar	v4.2.3
18/07/01 00:07	AndrewLJackson/siar	v4.2.3
18/07/01 00:05	AndrewLJackson/siar	v4.2.3
18/06/30 00:36	kevjohnson/healthdata	master
18/06/28 00:37	PeteHaitch/Aclust	master
18/06/28 00:25	benmoran11/rubias	master
18/06/27 00:04	RGLab/flowWorkspaceData	master
18/06/23 00:25	ddionrails/r2ddi	master
18/06/22 00:10	slfan2013/SERRFweb	master
18/06/21 00:46	aliceyiwang/mvabund	master
18/06/21 00:34	aliceyiwang/mvabund	master
18/06/21 00:17	aliceyiwang/mvabund	master
18/06/20 00:25	vqv/ggbiplot	master
18/06/19 00:53	mdavis29/Rcode	master
18/06/19 00:29	pachterlab/sleuth	master
18/06/18 00:33	sinhrks/ggfortify	master
18/06/16 00:02	kciomek/rorutadis	master
18/06/15 00:59	fernandabruno/musixmatchR	master
18/06/15 00:58	Gibbsdavidl/ConsensusClusterParallelPlus	master
18/06/15 00:54	tidyverse/tidyr	master
18/06/15 00:49	Arthurhe/Lightbulb	master
18/06/15 00:35	sgibb/benchgit	master
18/06/15 00:35	braverock/PortfolioAnalytics	master
18/06/15 00:32	R-Finance/RTAQ	master
18/06/15 00:31	R-Finance/FactorAnalytics	master
18/06/15 00:30	R-Finance/MPO	master
18/06/15 00:27	R-Finance/PApages	master
18/06/15 00:25	R-Finance/PortfolioAttribution	master
18/06/15 00:24	R-Finance/PortfolioAttribution	master
18/06/15 00:22	R-Finance/xtime	master
18/06/15 00:20	R-Finance/blotter	master
18/06/15 00:18	romainfrancois/nothing	master
18/06/15 00:18	joshuaulrich/TTR	master
18/06/15 00:16	joshuaulrich/xts	master
18/06/15 00:12	R-Finance/Meucci	master
18/06/12 00:31	mountainMath/cmhc	master
18/06/12 00:30	mountainMath/cancensus	master
18/06/12 00:30	patperry/rhdf5	master
18/06/12 00:26	patperry/rhdf5	master
18/06/12 00:21	patperry/rhdf5	master
18/06/07 00:34	tidyverse/ggplot2	master
18/06/07 00:32	LarsRichter82/larspack	master
18/06/07 00:31	cwickham/munsell	master
18/06/07 00:29	MichaelMalick/r-chroma	master
18/06/07 00:27	hadley/scales	master
18/06/07 00:26	hadley/scales	master
18/06/07 00:24	hadley/gtable	master
