18/05/29 08:20	hoxo-m/prophetExt	master
18/05/29 08:07	danlwarren/ENMTools	master
18/05/29 08:03	danlwarren/ENMTools	master
18/05/29 07:58	ropensci/dependencies	master
18/05/29 07:55	ERGZ/gdistance	master
18/05/29 05:58	danlwarren/ENMTools	master
18/05/29 05:57	danlwarren/ENMTools	master
18/05/29 05:46	danlwarren/ENMTools	master
18/05/29 05:40	danlwarren/ENMTools	master
18/05/29 05:35	danlwarren/ENMTools	master
18/05/29 05:34	danlwarren/ENMTools	master
18/05/29 05:34	danlwarren/ENMTools	master
18/05/29 05:31	danlwarren/ENMTools	master
18/05/29 05:23	danlwarren/ENMTools	master
18/05/29 05:03	ujjwalkarn/xda	master
18/05/29 02:27	hrbrmstr/taucharts	master
18/05/29 02:16	jeroenooms/stringi	master
18/05/29 02:11	topepo/caret	master
18/05/29 02:06	Rdatatable/data.table	master
18/05/29 01:19	danlwarren/ENMTools	master
