18/07/30 11:47	hoxo-m/prophetExt	master
18/07/30 11:28	hoxo-m/prophetExt	master
18/07/30 11:24	hoxo-m/prophetExt	master
18/07/30 11:12	Zelazny7/isofor	master
18/07/30 11:11	hrbrmstr/taucharts	master
18/07/30 10:57	hrbrmstr/taucharts	master
18/07/30 10:50	hoxo-m/prophetExt	master
18/07/30 10:20	rte-antares-rpackage/flowBasedClustering	master
18/07/30 10:17	tlamadon/mopt	master
18/07/30 09:15	hoxo-m/magicfor	master
18/07/30 08:54	sinhrks/ggfortify	master
18/07/30 08:48	zdk123/SpiecEasi	master
18/07/30 06:51	hoxo-m/prophetExt	master
18/07/30 05:54	tidyverse/ggplot2	bd7d9d6
18/07/30 05:37	dreamRs/esquisse	master
18/07/30 05:36	dreamRs/esquisse	master
18/07/30 05:35	dreamRs/esquisse	master
18/07/30 02:37	USCbiostats/partition	142ec56
18/07/30 02:33	USCbiostats/partition	142ec56
18/07/30 02:31	leeper/tabulizer	master
18/07/30 02:31	ropensci/tabulizerjars	master
18/07/30 02:14	USCbiostats/partition	142ec56
18/07/30 02:11	kaz-yos/tableone	master
