18/06/22 22:21	theislab/destiny	master
18/06/22 22:20	theislab/destiny	master
18/06/22 22:20	zaj13/proxi	master
18/06/22 22:16	theislab/destiny	master
18/06/22 21:30	bergant/finstr	master
18/06/22 19:57	genesofeve/projectR	VGAM
18/06/22 19:32	ddionrails/r2ddi	master
18/06/22 19:31	ddionrails/r2ddi	master
18/06/22 19:28	ddionrails/r2ddi	master
18/06/22 19:27	ddionrails/r2ddi	master
18/06/22 19:08	ddionrails/r2ddi	master
18/06/22 19:05	ddionrails/r2ddi	master
18/06/22 18:54	ddionrails/r2ddi	master
18/06/22 18:50	ddionrails/r2ddi	master
18/06/22 18:49	ddionrails/r2ddi	master
18/06/22 18:11	wpeterman/ResistanceGA	julia_dev
18/06/22 18:05	ddionrails/r2ddi	master
18/06/22 17:55	ddionrails/r2ddi	master
18/06/22 17:54	ddionrails/r2ddi	master
18/06/22 17:51	ddionrails/r2ddi	master
18/06/22 16:44	ddionrails/r2ddi	master
18/06/22 16:40	hfgolino/EGA	master
18/06/22 16:38	hfgolino/EGA	master
18/06/22 16:37	hfgolino/EGA	master
18/06/22 16:35	ddionrails/r2ddi	master
18/06/22 16:26	ddionrails/r2ddi	master
18/06/22 12:40	drizopoulos/JMbayes	master
18/06/22 12:27	drizopoulos/JMbayes	master
18/06/22 11:19	jm3594/crtpower	master
18/06/22 10:53	omegahat/XML	master
18/06/22 10:50	omegahat/XML	master
18/06/22 10:49	omegahat/XML	master
18/06/22 10:47	jm3594/crtpower	master
18/06/22 10:12	ropensci/tabulizer	master
18/06/22 10:12	ropensci/tabulizerjars	master
18/06/22 10:02	Logiwo/tabulizer	master
18/06/22 10:02	ropensci/tabulizerjars	master
18/06/22 10:01	leeper/tabulizer	master
18/06/22 10:01	ropensci/tabulizerjars	master
18/06/22 09:58	leeper/tabulizer	master
18/06/22 09:58	ropensci/tabulizerjars	master
18/06/22 09:57	leeper/tabulizer	master
18/06/22 09:57	leeper/tabulizerjars	master
18/06/22 09:54	jm3594/crtpower	master
18/06/22 09:52	jm3594/crtpower	master
18/06/22 09:49	brian-bot/xmlstats	master
18/06/22 09:45	jm3594/crtpower	master
18/06/22 09:18	hoxo-m/dplyr.teradata	master
18/06/22 09:11	hoxo-m/dplyr.teradata	master
18/06/22 09:01	google/GeoexperimentsResearch	master
18/06/22 08:56	hoxo-m/magicfor	master
18/06/22 08:49	rstudio/shinydashboard	master
18/06/22 08:45	rstudio/shinydashboard	master
18/06/22 08:31	jm3594/crtpower	master
18/06/22 08:29	jm3594/crtpower	master
18/06/22 08:23	jm3594/crtpower	master
18/06/22 07:28	ropensci/tabulizer	master
18/06/22 07:28	ropensci/tabulizerjars	master
18/06/22 06:49	brentonk/polywog	master
18/06/22 06:45	MartinRoth/potreg	master
18/06/22 06:45	brentonk/polywog	master
18/06/22 06:43	matloff/des	master
18/06/22 05:45	tidyverse/ggplot2	master
18/06/22 05:26	ropensci/tabulizer	master
18/06/22 05:26	leeper/tabulizerjars	master
18/06/22 01:35	s-u/rJava	master
18/06/22 01:06	dragua/xlsx	master
18/06/22 01:05	dragua/xlsx	master
18/06/22 00:10	slfan2013/SERRFweb	master
18/06/21 00:46	aliceyiwang/mvabund	master
18/06/21 00:34	aliceyiwang/mvabund	master
18/06/21 00:17	aliceyiwang/mvabund	master
18/06/20 00:25	vqv/ggbiplot	master
18/06/19 00:53	mdavis29/Rcode	master
18/06/19 00:29	pachterlab/sleuth	master
18/06/18 00:33	sinhrks/ggfortify	master
18/06/16 00:02	kciomek/rorutadis	master
18/06/15 00:59	fernandabruno/musixmatchR	master
18/06/15 00:58	Gibbsdavidl/ConsensusClusterParallelPlus	master
18/06/15 00:54	tidyverse/tidyr	master
18/06/15 00:49	Arthurhe/Lightbulb	master
18/06/15 00:35	sgibb/benchgit	master
18/06/15 00:35	braverock/PortfolioAnalytics	master
18/06/15 00:32	R-Finance/RTAQ	master
18/06/15 00:31	R-Finance/FactorAnalytics	master
18/06/15 00:30	R-Finance/MPO	master
18/06/15 00:27	R-Finance/PApages	master
18/06/15 00:25	R-Finance/PortfolioAttribution	master
18/06/15 00:24	R-Finance/PortfolioAttribution	master
18/06/15 00:22	R-Finance/xtime	master
18/06/15 00:20	R-Finance/blotter	master
18/06/15 00:18	romainfrancois/nothing	master
18/06/15 00:18	joshuaulrich/TTR	master
18/06/15 00:16	joshuaulrich/xts	master
18/06/15 00:12	R-Finance/Meucci	master
18/06/12 00:31	mountainMath/cmhc	master
18/06/12 00:30	mountainMath/cancensus	master
18/06/12 00:30	patperry/rhdf5	master
18/06/12 00:26	patperry/rhdf5	master
18/06/12 00:21	patperry/rhdf5	master
18/06/07 00:34	tidyverse/ggplot2	master
18/06/07 00:32	LarsRichter82/larspack	master
18/06/07 00:31	cwickham/munsell	master
18/06/07 00:29	MichaelMalick/r-chroma	master
18/06/07 00:27	hadley/scales	master
18/06/07 00:26	hadley/scales	master
18/06/07 00:24	hadley/gtable	master
18/06/06 00:51	drizopoulos/JMbayes	master
18/06/06 00:28	hrbrmstr/taucharts	master
18/06/05 00:32	jrlockwood/eivtools	master
18/06/05 00:28	palmer0914/ML_for_Hackers	master
18/06/05 00:28	palmer0914/ML_for_Hackers	master
18/06/05 00:00	ujjwalkarn/xda	master
18/06/01 00:52	johndharrison/wdman	master
18/06/01 00:51	johndharrison/binman	master
18/06/01 00:51	johndharrison/wdman	master
18/06/01 00:50	johndharrison/binman	master
18/06/01 00:50	johndharrison/wdman	master
18/06/01 00:18	tidyverse/purrr	master
18/06/01 00:16	OHDSI/bit	master
18/06/01 00:06	greta-dev/greta	master
18/05/31 00:07	jm3594/crtpower	master
18/05/30 00:19	rstudio/shiny-incubator	master
18/05/30 00:05	hadley/devtools	master
18/05/30 00:03	rstudio/httpuv	master
18/05/30 00:03	rstudio/shiny	master
18/05/29 00:47	zdk123/SpiecEasi	master
18/05/29 00:46	reptalex/phylofactor	master
18/05/28 00:21	OscarBrock/gCrisprTools	master
18/05/28 00:14	OscarBrock/gCrisprTools	master
18/05/25 00:49	hoxo-m/prophetExt	master
18/05/25 00:40	hoxo-m/prophetExt	master
18/05/25 00:38	bgreenwell/mertree	master
18/05/25 00:37	hoxo-m/prophetExt	master
18/05/25 00:24	gbm-developers/gbm3	master
18/05/25 00:23	hoxo-m/prophetExt	master
18/05/25 00:19	hoxo-m/densratio	v0.0.3
18/05/25 00:18	swish-climate-impact-assessment/awaptools	develop
18/05/25 00:17	Luddo94/Package	master
18/05/24 00:53	rstudio/httpuv	master
18/05/24 00:50	rstudio/httpuv	master
18/05/24 00:46	rstudio/shiny	master
18/05/24 00:31	leeper/tabulizerjars	master
18/05/24 00:25	leeper/tabulizer	master
18/05/24 00:23	leeper/tabulizerjars	master
18/05/23 00:55	mfasiolo/mgcViz	master
18/05/23 00:54	mfasiolo/qgam	master
18/05/23 00:39	mfasiolo/mgcViz	master
18/05/23 00:30	mfasiolo/mgcViz	master
18/05/23 00:29	mfasiolo/qgam	master
18/05/23 00:29	mfasiolo/qgam	master
18/05/23 00:24	mfasiolo/mgcViz	master
