18/10/09 16:18	hadley/dplyr	master
18/10/09 16:17	sandrews5/FlowSorted.CordBlood.450k	master
18/10/09 15:34	hadley/dplyr	master
18/10/09 14:42	snandi/Registration	master
18/10/09 14:27	kbroman/qtlcharts	master
18/10/09 14:25	kbroman/qtlcharts	master
18/10/09 14:23	kbroman/qtlcharts	master
18/10/09 14:23	kbroman/qtlcharts	master
18/10/09 14:19	gbm-developers/gbm	master
18/10/09 14:12	gbm-developers/gbm	master
18/10/09 13:50	maRce10/warbleR	master
18/10/09 13:35	jlepird/raml	master
18/10/09 13:11	GuangchuangYu/ChIPseeker	master
18/10/09 13:03	Gibbsdavidl/CatterPlots	master
18/10/09 13:02	timriffe/TR1	master
18/10/09 11:33	leeper/tabulizer	master
18/10/09 11:33	leeper/tabulizerjars	master
18/10/09 11:31	leeper/tabulizer	master
18/10/09 11:31	leeper/tabulizerjars	master
18/10/09 10:47	ujjwalkarn/xda	master
18/10/09 09:56	GuangchuangYu/ChIPseeker	master
18/10/09 09:43	mfasiolo/mgcViz	master
18/10/09 09:43	mfasiolo/qgam	master
18/10/09 08:25	nathaneastwood/nlstimedist	master
18/10/09 06:20	IRkernel/IRkernel	master
18/10/09 04:10	Logiwo/tabulizer	master
18/10/09 04:10	leeper/tabulizerjars	master
18/10/05 00:48	Albluca/ElPiGraph.R	master
18/10/05 00:47	alexgenin/miscutils	master
18/10/05 00:46	alexgenin/miscutils	master
18/10/05 00:23	jbryer/likert	master
18/10/05 00:21	dgrtwo/snippr	master
18/10/03 00:54	gavinsimpson/ggvegan	master
18/10/03 00:53	amberalpha/toypkg	master
18/09/25 00:25	rstudio/config	master
18/09/25 00:24	rstudio/config	master
18/09/25 00:23	rstudio/config	master
18/09/24 00:01	rstats-db/odbc	master
18/09/20 00:52	hadley/precis	master
18/09/20 00:48	RickPack/FBadstats	master
18/09/20 00:08	selesnow/rvkstat	master
18/09/18 00:27	yihui/knitr	master
18/09/18 00:25	rstudio/rmarkdown	master
18/09/18 00:25	yihui/tinytex	master
18/09/15 00:47	hrbrmstr/hrbrthemes	master
18/09/13 00:52	CentreForHydrology/CRHMr	master
18/09/11 00:15	yihui/tinytex	master
18/09/11 00:14	rstudio/rmarkdown	master
18/09/09 00:02	vqv/ggbiplot	master
