18/01/31 19:56	hadley/S3	master
18/01/31 19:50	lme4/lme4pureR	master
18/01/31 19:28	mm-shah/MetaNeighbor	master
18/01/31 18:50	twitter/AnomalyDetection	master
18/01/31 18:50	twitter/AnomalyDetection	master
18/01/31 18:50	twitter/AnomalyDetection	master
18/01/31 18:46	twitter/AnomalyDetection	master
18/01/31 18:46	twitter/AnomalyDetection	master
18/01/31 18:09	mm-shah/MetaNeighbor	master
18/01/31 18:09	mm-shah/MetaNeighbor	master
18/01/31 17:55	rstudio/leaflet	master
18/01/31 17:30	brooksandrew/Rsenal	master
18/01/31 16:44	cloudyr/aws.s3	master
18/01/31 16:05	mm-shah/MetaNeighbor	master
18/01/31 16:05	gluc/datalicenseR	master
18/01/31 15:44	mm-shah/MetaNeighbor	master
18/01/31 13:49	InnovationValueInitiative/IVI-RA	master
18/01/31 11:13	datastorm-open/DependenciesGraphs	master
18/01/31 10:25	mariavica/mircomb	master
18/01/31 10:24	dgrtwo/drlib	master
18/01/31 10:19	mariavica/mircomb	master
18/01/31 09:44	Logiwo/tabulizer	master
18/01/31 09:43	ropensci/tabulizerjars	master
18/01/31 09:39	ropensci/tabulizer	master
18/01/31 09:39	leeper/tabulizerjars	master
18/01/31 09:38	dgrtwo/drlib	master
18/01/31 09:37	dgrtwo/drlib	master
18/01/31 03:06	tidyverse/ggplot2	master
18/01/31 02:48	dmgatti/DOQTL	master
18/01/31 02:18	andrewparkermorgan/genodb	master
18/01/31 01:26	clauswilke/ggjoy	master
18/01/31 01:25	clauswilke/ggjoy	master
18/01/30 00:16	mkearney/rtweet	master
18/01/28 00:08	rstudio/addinexamples	master
18/01/28 00:07	awhstin/awtools	master
18/01/21 00:14	IRkernel/IRkernel	master
18/01/14 00:03	jr-packages/jrModelling	master
18/01/03 00:17	Bioconductor/GSEABase	master
18/01/03 00:17	Bioconductor/GSEABase	master
18/01/03 00:16	Bioconductor/GSEABase	master
18/01/02 00:50	hoxo-m/prophetExt	master
18/01/02 00:13	alstat/rface	master
18/01/02 00:10	alstat/rface	master
