18/05/22 10:33	hadley/ggplot2	master
18/05/22 10:14	zdealveindy/weimea	master
18/05/22 10:14	rforge/weimea	master
18/05/22 09:47	zdealveindy/weimea	master
18/05/22 09:44	zdealveindy/weimea	master
18/05/22 09:24	azampvd/DrugDiseaseNet	master
18/05/22 09:21	azampvd/DrugDiseaseNet	master
18/05/22 09:05	suyusung/arm	master
18/05/22 08:59	azampvd/DrugDiseaseNet	master
18/05/22 08:24	azampvd/DrugDiseaseNet	master
18/05/22 08:23	azampvd/DrugDiseaseNet	master
18/05/22 08:03	vqv/ggbiplot	master
18/05/22 07:50	slowkow/ggrepel	master
18/05/22 05:33	trestletech/shinyTree	master
18/05/22 03:58	cloudyr/ghit	master
18/05/22 03:54	gragusa/lyapunov	master
18/05/22 03:49	ropenscilabs/tabulizer	master
18/05/22 03:47	ropensci/tabulizer	master
18/05/22 02:17	hrbrmstr/taucharts	master
18/05/22 01:56	thierrygosselin/radiator	f9b6399
18/05/22 01:54	thierrygosselin/radiator	f9b6339
18/05/22 01:17	thierrygosselin/radiator	f1da5cf
18/05/22 01:13	thierrygosselin/radiator	c446077
18/05/19 00:15	ropensci/tabulizer	master
18/05/18 00:28	OscarBrock/gCrisprTools	master
18/05/18 00:14	OscarBrock/gCrisprTools	master
18/05/15 00:38	andrewpbray/oilabs	master
18/05/15 00:30	andrewpbray/oilabs	master
18/05/15 00:18	andrewpbray/oilabs	master
18/05/15 00:17	andrewpbray/oilabs	master
18/05/12 00:45	kassambara/ggpubr	master
18/05/12 00:44	kassambara/ggpubr	master
18/05/12 00:37	kassambara/factoextra	master
18/05/11 00:53	uribo/jpndistrict	add_light_rds
18/05/11 00:52	jm3594/crtpower	master
18/05/11 00:52	uribo/jpndistrict	add_light_rds
18/05/06 00:51	mclements/rstpm2	master
18/05/06 00:19	rpradosiqueira/brazilmaps	master
18/05/06 00:15	lucasmation/microdadosBrasil	master
18/05/03 00:28	RomeroBarata/dcme	master
18/05/02 00:02	sinhrks/ggfortify	master
18/05/01 00:33	thlytras/rspiro	master
18/05/01 00:33	thlytras/rspiro	master
18/04/28 00:35	predict-r/rtika	master
18/04/28 00:24	dgrtwo/rparse	master
18/04/26 00:30	alfcrisci/rBiometeo	master
