18/06/12 09:56	jfq3/RDPutils	master
18/06/12 09:47	sneumann/MetShot	master
18/06/12 09:46	sneumann/MetShot	master
18/06/12 09:40	sneumann/MetShot	master
18/06/12 09:36	sneumann/MetShot	master
18/06/12 09:32	sneumann/MetShot	master
18/06/12 07:43	kassambara/easyGgplot2	master
18/06/12 07:43	kassambara/easyGgplot2	master
18/06/12 07:43	kassambara/easyGgplot2	master
18/06/12 07:15	uribo/jpndistrict	master
18/06/12 07:15	uribo/jpndistrict	add_light_rds
18/06/12 07:14	mike-lawrence/ez	master
18/06/12 07:07	mike-lawrence/ez	master
18/06/12 07:03	mike-lawrence/ez	master
18/06/12 06:55	mike-lawrence/ez	master
18/06/12 06:53	mike-lawrence/ez	master
18/06/12 06:46	ujjwalkarn/xda	master
18/06/12 06:34	jfq3/RDPutils	master
18/06/12 06:30	hoxo-m/magicfor	master
18/06/12 06:10	jutako/Rtools	master
18/06/12 06:08	jutako/Rtools	master
18/06/12 06:07	jutako/Rtools	master
18/06/12 05:52	uribo/jpndistrict	master
18/06/12 05:50	uribo/jpndistrict	add_light_rds
18/06/12 05:35	uribo/jpndistrict	add_light_rds
18/06/12 05:28	bgreenwell/mertree	master
18/06/12 05:19	alstat/rface	master
18/06/12 05:02	uribo/jpndistrict	add_light_rds
18/06/12 04:57	wdtinc/SkyWiseDataTransferR	master
18/06/12 04:55	uribo/jpndistrict	master
18/06/12 04:54	uribo/jpndistrict	add_light_rds
18/06/12 04:47	ropensci/tabulizer	master
18/06/12 04:47	ropensci/tabulizerjars	master
18/06/12 04:41	ropensci/tabulizerjars	master
18/06/12 03:28	cmottet/GLP	master
18/06/12 03:26	IFIproteomics/E2Predictor	master
18/06/12 03:25	IFIproteomics/E2Predictor	master
18/06/12 03:23	twitter/AnomalyDetection	master
18/06/12 02:10	ropensci/tabulizer	master
18/06/12 02:10	ropensci/tabulizerjars	master
18/06/12 00:31	mountainMath/cmhc	master
18/06/12 00:30	mountainMath/cancensus	master
18/06/12 00:30	patperry/rhdf5	master
18/06/12 00:26	patperry/rhdf5	master
18/06/12 00:21	patperry/rhdf5	master
18/06/07 00:34	tidyverse/ggplot2	master
18/06/07 00:32	LarsRichter82/larspack	master
18/06/07 00:31	cwickham/munsell	master
18/06/07 00:29	MichaelMalick/r-chroma	master
18/06/07 00:27	hadley/scales	master
18/06/07 00:26	hadley/scales	master
18/06/07 00:24	hadley/gtable	master
18/06/06 00:51	drizopoulos/JMbayes	master
18/06/06 00:28	hrbrmstr/taucharts	master
18/06/05 00:32	jrlockwood/eivtools	master
18/06/05 00:28	palmer0914/ML_for_Hackers	master
18/06/05 00:28	palmer0914/ML_for_Hackers	master
18/06/05 00:00	ujjwalkarn/xda	master
18/06/01 00:52	johndharrison/wdman	master
18/06/01 00:51	johndharrison/binman	master
18/06/01 00:51	johndharrison/wdman	master
18/06/01 00:50	johndharrison/binman	master
18/06/01 00:50	johndharrison/wdman	master
18/06/01 00:18	tidyverse/purrr	master
18/06/01 00:16	OHDSI/bit	master
18/06/01 00:06	greta-dev/greta	master
18/05/31 00:07	jm3594/crtpower	master
18/05/30 00:19	rstudio/shiny-incubator	master
18/05/30 00:05	hadley/devtools	master
18/05/30 00:03	rstudio/httpuv	master
18/05/30 00:03	rstudio/shiny	master
18/05/29 00:47	zdk123/SpiecEasi	master
18/05/29 00:46	reptalex/phylofactor	master
18/05/28 00:21	OscarBrock/gCrisprTools	master
18/05/28 00:14	OscarBrock/gCrisprTools	master
18/05/25 00:49	hoxo-m/prophetExt	master
18/05/25 00:40	hoxo-m/prophetExt	master
18/05/25 00:38	bgreenwell/mertree	master
18/05/25 00:37	hoxo-m/prophetExt	master
18/05/25 00:24	gbm-developers/gbm3	master
18/05/25 00:23	hoxo-m/prophetExt	master
18/05/25 00:19	hoxo-m/densratio	v0.0.3
18/05/25 00:18	swish-climate-impact-assessment/awaptools	develop
18/05/25 00:17	Luddo94/Package	master
18/05/24 00:53	rstudio/httpuv	master
18/05/24 00:50	rstudio/httpuv	master
18/05/24 00:46	rstudio/shiny	master
18/05/24 00:31	leeper/tabulizerjars	master
18/05/24 00:25	leeper/tabulizer	master
18/05/24 00:23	leeper/tabulizerjars	master
18/05/23 00:55	mfasiolo/mgcViz	master
18/05/23 00:54	mfasiolo/qgam	master
18/05/23 00:39	mfasiolo/mgcViz	master
18/05/23 00:30	mfasiolo/mgcViz	master
18/05/23 00:29	mfasiolo/qgam	master
18/05/23 00:29	mfasiolo/qgam	master
18/05/23 00:24	mfasiolo/mgcViz	master
18/05/19 00:15	ropensci/tabulizer	master
18/05/18 00:28	OscarBrock/gCrisprTools	master
18/05/18 00:14	OscarBrock/gCrisprTools	master
18/05/15 00:38	andrewpbray/oilabs	master
18/05/15 00:30	andrewpbray/oilabs	master
18/05/15 00:18	andrewpbray/oilabs	master
18/05/15 00:17	andrewpbray/oilabs	master
