18/10/07 17:56	dgrtwo/gganimate	master
18/10/07 17:54	kassambara/ggpubr	master
18/10/07 17:05	hoxo-m/magicfor	master
18/10/07 16:08	ropensci/plotly	master
18/10/07 15:56	davidgohel/rvg	master
18/10/07 15:53	davidgohel/officer	master
18/10/07 14:37	biobakery/sparseDOSSA	varyLibSize
18/10/07 14:24	biobakery/sparseDOSSA	varyLibSize
18/10/07 12:12	InfrastructureAnalytics/portfolio	master
18/10/07 12:11	armstrtw/its	master
18/10/07 12:09	databrew/portfoliodash	master
18/10/07 12:08	athompson1991/PortfolioMakeR	master
18/10/07 11:52	hrbrmstr/pluralize	master
18/10/07 07:34	thomasp85/lime	master
18/10/07 01:03	biobakery/sparseDOSSA	varyLibSize
18/10/05 00:48	Albluca/ElPiGraph.R	master
18/10/05 00:47	alexgenin/miscutils	master
18/10/05 00:46	alexgenin/miscutils	master
18/10/05 00:23	jbryer/likert	master
18/10/05 00:21	dgrtwo/snippr	master
18/10/03 00:54	gavinsimpson/ggvegan	master
18/10/03 00:53	amberalpha/toypkg	master
18/09/25 00:25	rstudio/config	master
18/09/25 00:24	rstudio/config	master
18/09/25 00:23	rstudio/config	master
18/09/24 00:01	rstats-db/odbc	master
18/09/20 00:52	hadley/precis	master
18/09/20 00:48	RickPack/FBadstats	master
18/09/20 00:08	selesnow/rvkstat	master
18/09/18 00:27	yihui/knitr	master
18/09/18 00:25	rstudio/rmarkdown	master
18/09/18 00:25	yihui/tinytex	master
18/09/15 00:47	hrbrmstr/hrbrthemes	master
18/09/13 00:52	CentreForHydrology/CRHMr	master
18/09/11 00:15	yihui/tinytex	master
18/09/11 00:14	rstudio/rmarkdown	master
18/09/09 00:02	vqv/ggbiplot	master
18/09/08 00:46	att/rcloud.rmd	master
18/09/08 00:46	att/rcloud.rmd	master
18/09/08 00:43	att/rcloud.rmd	master
18/09/08 00:43	att/rcloud.rmd	master
18/09/08 00:42	att/rcloud.flexdashboard	master
18/09/08 00:42	att/rcloud.rmd	master
18/09/08 00:42	att/rcloud.flexdashboard	master
18/09/08 00:42	att/rcloud.shiny	master
18/09/08 00:41	att/rcloud.htmlwidgets	master
18/09/07 00:58	benjamin-merkel/probGLS	master
18/09/07 00:53	hadley/ggplot2	master
