18/10/01 17:32	jm3594/crtpower	master
18/10/01 15:48	nclark-lab/RERconverge	MatchingTrees
18/10/01 15:31	Bioconductor/Biostrings	master
18/10/01 15:01	PoisonAlien/maftools	master
18/10/01 14:59	AlteryxLabs/aso	master
18/10/01 13:53	abshah/RADseqR	master
18/10/01 13:50	jrdnmdhl/reconIPD	master
18/10/01 13:50	ankargren/mfbvar	master
18/10/01 13:48	ankargren/mfbvar	master
18/10/01 13:35	hoxo-m/CSAD	master
18/10/01 13:35	hoxo-m/CSAD	master
18/10/01 13:11	ankargren/mfbvar	master
18/10/01 12:43	kvasilopoulos/exdyn	tidy
18/10/01 12:26	Rapporter/pander	06c2f65797
18/10/01 12:24	rfaelens/tdmore	master
18/10/01 12:23	rfaelens/tdmore	master
18/10/01 12:21	rfaelens/tdmore	master
18/10/01 12:18	rfaelens/tdmore	master
18/10/01 12:16	rfaelens/tdmore	master
18/10/01 12:16	Rapporter/pander	06c2f65797
18/10/01 12:08	Rapporter/pander	06c2f65797
18/10/01 12:03	Rapporter/pander	06c2f65797
18/10/01 11:54	hrbrmstr/albersusa	master
18/10/01 09:02	majkamichal/naivebayes	master
18/10/01 08:37	tidyverse/ggplot2	49619b7
18/10/01 08:05	ujjwalkarn/xda	master
18/10/01 07:52	dgrtwo/gganimate	master
18/10/01 07:46	dgrtwo/gganimate	master
18/10/01 07:41	dgrtwo/gganimate	master
18/10/01 05:14	SachaEpskamp/qgraph	master
18/10/01 05:12	jyypma/nloptr	master
18/10/01 05:11	SachaEpskamp/qgraph	master
18/09/25 00:25	rstudio/config	master
18/09/25 00:24	rstudio/config	master
18/09/25 00:23	rstudio/config	master
18/09/24 00:01	rstats-db/odbc	master
18/09/20 00:52	hadley/precis	master
18/09/20 00:48	RickPack/FBadstats	master
18/09/20 00:08	selesnow/rvkstat	master
18/09/18 00:27	yihui/knitr	master
18/09/18 00:25	rstudio/rmarkdown	master
18/09/18 00:25	yihui/tinytex	master
18/09/15 00:47	hrbrmstr/hrbrthemes	master
18/09/13 00:52	CentreForHydrology/CRHMr	master
18/09/11 00:15	yihui/tinytex	master
18/09/11 00:14	rstudio/rmarkdown	master
18/09/09 00:02	vqv/ggbiplot	master
18/09/08 00:46	att/rcloud.rmd	master
18/09/08 00:46	att/rcloud.rmd	master
18/09/08 00:43	att/rcloud.rmd	master
18/09/08 00:43	att/rcloud.rmd	master
18/09/08 00:42	att/rcloud.flexdashboard	master
18/09/08 00:42	att/rcloud.rmd	master
18/09/08 00:42	att/rcloud.flexdashboard	master
18/09/08 00:42	att/rcloud.shiny	master
18/09/08 00:41	att/rcloud.htmlwidgets	master
18/09/07 00:58	benjamin-merkel/probGLS	master
18/09/07 00:53	hadley/ggplot2	master
18/09/06 00:53	mrke/NicheMapR	master
18/09/06 00:34	mrke/NicheMapR	master
18/09/06 00:06	vegandevs/vegan	master
18/09/03 00:12	kassambara/easyGgplot2	master
