18/12/18 21:16	zdk123/SpiecEasi	master
18/12/18 20:31	mtennekes/tmaptools	master
18/12/18 20:31	mtennekes/tmap	master
18/12/18 20:22	ropensci/gender	master
18/12/18 20:17	decision-sciences/cds_dospert_package	master
18/12/18 20:15	decision-sciences/cds_dospert_package	master
18/12/18 19:45	strengejacke/sjPlot	master
18/12/18 19:44	strengejacke/sjPlot	master
18/12/18 19:43	strengejacke/sjPlot	master
18/12/18 19:31	strengejacke/sjPlot	master
18/12/18 19:30	strengejacke/sjPlot	master
18/12/18 19:28	strengejacke/sjPlot	master
18/12/18 19:27	strengejacke/sjPlot	master
18/12/18 16:48	USGS-R/dataRetrieval	master
18/12/18 16:33	USGS-R/dataRetrieval	master
18/12/18 13:29	smach/rmiscutils	master
18/12/18 11:24	omegahat/RDCOMClient	master
18/12/18 11:24	omegahat/RDCOMClient	master
18/12/18 11:24	omegahat/RDCOMClient	master
18/12/18 11:01	JianhuaHuang/streamlineR	master
18/12/18 10:56	Thell/ccloutline	master
18/12/18 10:48	skranz/loginPart	master
18/12/18 10:45	StanfordBioinformatics/loomengine-portal	master
18/12/18 09:40	atusy/qntmap	master
18/12/18 09:38	atusy/qntmap	master
18/12/18 09:38	atusy/qntmap	master
18/12/18 09:37	xueligao/oneway	master
18/12/18 09:37	rCarto/linemap	master
18/12/18 09:33	atusy/qntmap	master
18/12/18 09:11	rbensua/afmToolkit	master
18/12/18 09:10	rbensua/afmToolkit	master
18/12/18 09:09	rbensua/afmToolkit	master
18/12/18 09:07	rbensua/afmToolkit	master
18/12/18 09:06	rbensua/afmToolkit	master
18/12/18 09:04	rbensua/afmToolkit	master
18/12/18 08:59	rbensua/afmToolkit	master
18/12/18 08:37	rstudio/bookdown	master
18/12/18 07:34	systematicinvestor/SIT.date	master
18/12/18 04:46	zamorarr/msf	master
18/12/18 04:07	bnosac/taskscheduleR	master
18/12/18 04:07	bnosac/taskscheduleR	master
18/12/18 04:06	bnosac/taskscheduleR	master
18/12/18 04:05	zamorarr/nhlapi	master
18/12/18 03:15	strengejacke/sjPlot	master
18/12/18 03:14	sjPlot/sjstats	master
18/12/18 03:12	sjPlot/sjmisc	master
18/12/18 03:11	strengejacke/sjlabelled	master
18/12/18 03:08	strengejacke/sjPlot	master
18/12/17 00:13	hadley/readxl	master
18/12/13 00:35	ebuhle/salmonIPM	master
18/12/10 00:30	hrbrmstr/albersusa	master
18/12/09 00:37	hoxo-m/prophetExt	master
18/12/07 00:45	metacran/crandb	master
18/12/05 00:24	braverock/PerformanceAnalytics	master
18/12/03 00:44	ramnathv/slidifyLibraries	master
18/12/03 00:35	ramnathv/slidify	master
18/12/02 00:17	Laurae2/lgbdl	master
18/12/02 00:15	SPATIAL-Lab/isorig	master
18/12/02 00:14	SPATIAL-Lab/isorig	master
18/12/02 00:09	SPATIAL-Lab/isorig	master
18/12/01 00:50	business-science/tidyquant	master
18/12/01 00:14	strengejacke/sjPlot	master
18/12/01 00:12	strengejacke/ggeffects	master
18/12/01 00:11	strengejacke/sjstats	master
18/12/01 00:02	strengejacke/sjmisc	master
18/11/29 00:25	vqv/ggbiplot	master
18/11/28 00:52	hunzikp/pgrid	master
18/11/28 00:50	tjmahr/textgrid	master
18/11/28 00:50	vwmaus/geoScidb	master
18/11/28 00:42	EricEdwardBryant/biogridr	master
18/11/26 00:29	edonnachie/ICD	master
18/11/26 00:21	vqv/ggbiplot	master
18/11/22 00:42	cdcrabtree/varo	master
18/11/21 00:50	hadley/dtplyr	master
