18/08/05 10:51	Bioconductor/BiocGenerics	master
18/08/05 10:50	schifferl/BiocGenerics	master
18/08/05 10:49	Bioconductor/BiocGenerics	master
18/08/05 09:11	jimhester/lookup	master
18/08/05 06:52	jeroenooms/stringi	master
18/08/05 06:52	jutako/Rtools	master
18/08/05 06:42	Bioconductor/DelayedArray	master
18/08/05 06:38	jeroenooms/stringi	master
18/08/05 06:36	jeroenooms/stringi	master
18/08/05 06:35	jeroenooms/stringi	master
18/08/05 06:32	jutako/Rtools	master
18/08/05 06:28	Bioconductor/DelayedArray	master
18/08/05 06:12	lbusett/MODIStsp	master
18/08/05 05:50	dgrtwo/gganimate	master
18/08/05 04:57	robjhyndman/tsfeatures	master
18/08/05 04:40	paul-buerkner/brms	master
18/08/05 04:40	stan-dev/shinystan	master
18/08/05 04:39	rstudio/markdown	master
18/08/05 04:39	stan-dev/shinystan	master
18/08/05 04:39	avantcredit/base64enc	master
18/08/05 04:38	stan-dev/shinystan	master
18/08/05 04:35	paul-buerkner/brms	master
18/08/05 04:33	bowerth/stan	master
18/08/05 04:32	yjalbert/htmltools	master
18/08/05 04:31	GLEON/GLMr	master
18/08/05 04:30	USGS-R/glmtools	master
18/08/05 04:23	paul-buerkner/brms	master
18/08/05 04:10	bowerth/stan	master
18/08/05 04:04	twitter/AnomalyDetection	master
18/08/05 01:05	dragua/xlsx	master
