18/12/04 22:48	strengejacke/ggeffects	master
18/12/04 22:15	ryentes/careless	master
18/12/04 22:12	ramnathv/rCharts	master
18/12/04 21:56	hrbrmstr/streamgraph	master
18/12/04 21:15	fawda123/ggord	master
18/12/04 21:02	fawda123/ggord	master
18/12/04 20:09	strengejacke/sjmisc	master
18/12/04 20:06	strengejacke/sjlabelled	master
18/12/04 20:05	DongmeiLi2017/ComSeq	master
18/12/04 18:57	ricardo-bion/ggradar	master
18/12/04 15:40	twitter/AnomalyDetection	master
18/12/04 15:35	strengejacke/ggeffects	master
18/12/04 13:49	strengejacke/sjlabelled	master
18/12/04 12:51	andrie/version.compare	master
18/12/04 12:41	strengejacke/sjPlot	master
18/12/04 11:24	strengejacke/ggeffects	master
18/12/04 11:23	strengejacke/ggeffects	master
18/12/04 10:16	fawda123/ggord	master
18/12/04 09:24	hoxo-m/pforeach	master
18/12/04 08:44	dkahle/ggmap	master
18/12/04 08:33	strengejacke/ggeffects	master
18/12/04 07:49	strengejacke/ggeffects	master
18/12/04 07:12	asgr/simpack	master
18/12/04 06:52	hadley/l1tf	master
18/12/04 04:30	IlyaKipnis/DSTrading	master
18/12/04 04:27	IlyaKipnis/DSTrading	master
18/12/04 03:15	hoxo-m/magicfor	master
18/12/04 01:54	IQSS/Zelig	master
18/12/04 01:38	grunwaldlab/effectR	master
