18/04/02 19:35	gschofl/ncbi	master
18/04/02 19:26	diegogarcilazo/Rbio	master
18/04/02 19:22	USGS-R/EflowStats	master
18/04/02 17:12	tidyverse/ggplot2	49619b7
18/04/02 17:12	tidyverse/ggplot2	49619b7
18/04/02 16:45	andrewpbray/oilabs	master
18/04/02 14:11	hadley/ggplot2	49619b7
18/04/02 13:54	nathanesau/MSM	master
18/04/02 13:14	mosscoder/crustCover	master
18/04/02 09:44	jm3594/crtpower	master
18/04/02 09:36	vqv/ggbiplot	master
18/04/02 09:26	yamano357/rTinySegmenter	master
18/04/02 09:24	yamano357/rTinySegmenter	master
18/04/02 09:23	surh/RosetteDetector	master
18/04/02 09:14	sathishsrinivasank/pinerrordetector	master
18/04/02 08:49	dkahle/ggmap	master
18/04/02 08:08	tidyverse/magrittr	master
18/04/02 07:49	rstudio/config	master
18/04/02 06:59	Jean-Romain/rlas	master
18/04/02 04:46	hoxo-m/pforeach	master
18/04/02 04:08	hrbrmstr/newsflash	%2315
18/04/02 04:05	hrbrmstr/newsflash	%2315
18/04/02 03:23	paul-buerkner/brms	master
18/04/02 03:19	sinhrks/ggfortify	master
18/04/02 02:50	hrbrmstr/newsflash	%2315
18/04/02 02:19	NamyounKim/NLP4kec	master
18/04/02 01:30	hrbrmstr/newsflash	%2315
18/03/30 00:39	mikemeredith/MMmisc	master
18/03/30 00:30	ECO230/eco230r	master
18/03/30 00:30	ECO230/eco230r	master
18/03/30 00:29	ECO230/eco230r	master
18/03/30 00:19	ropenscilabs/eechidna	master
18/03/30 00:13	ECO230/eco230r	master
18/03/30 00:10	ECO230/eco230r	master
18/03/30 00:10	ECO230/eco230r	master
18/03/29 00:33	ECO230/eco230r	master
18/03/28 00:52	ropensci/plotly	master
18/03/28 00:45	tidyverse/ggplot2	49619b7
18/03/28 00:36	ECO230/eco230r	master
18/03/28 00:35	ECO230/eco230r	master
18/03/24 00:43	SachaEpskamp/semPlot	master
18/03/23 00:07	r-lib/rlang	master
18/03/23 00:06	tidyverse/rlang	master
18/03/22 00:12	gabrielrvsc/HDeconometrics	master
18/03/21 00:54	cbw1243/marginalfit	master
18/03/21 00:45	umerijaz/microbiomeSeq	master
18/03/18 00:29	sinhrks/ggfortify	master
18/03/16 00:37	stnava/ITKR	master
18/03/15 00:38	JoshuaSlocum/kagglr	master
18/03/15 00:09	aminondo/iX-Rpackage	sc
18/03/14 00:40	BIMSBbioinfo/genomation	master
18/03/14 00:39	yihui/knitr	master
18/03/14 00:35	BIMSBbioinfo/genomation	master
18/03/12 00:08	mroberts/stmBrowser	master
18/03/12 00:07	methodds/stminsights	master
18/03/08 00:58	peterxeno/preprocessr	master
18/03/08 00:57	artichaud1/preprocessr	master
18/03/08 00:45	USGS-R/waterData	master
18/03/08 00:03	jdblischak/workflowr	master
18/03/08 00:01	jdblischak/workflowr	master
18/03/07 00:51	hadley/haven	master
18/03/07 00:20	ropensci/tabulizer	master
18/03/07 00:20	ropensci/tabulizerjars	master
18/03/07 00:13	sjmgarnier/viridis	master
18/03/06 00:08	GuangchuangYu/ggtree	master
18/03/05 00:38	gavinsimpson/tsgam	master
