18/05/28 14:52	ccolonescu/PoEdata	master
18/05/28 14:31	kvittingseerup/IsoformSwitchAnalyzeR	master
18/05/28 14:20	MarkEdmondson1234/googleAnalyticsR	master
18/05/28 13:50	jimhester/lookup	master
18/05/28 13:40	danlwarren/ENMTools	develop
18/05/28 13:22	ggobi/qtbase	master
18/05/28 13:08	ggobi/rggobi	master
18/05/28 13:07	analyticalmonk/Rperform	master
18/05/28 13:07	ggobi/rggobi	master
18/05/28 13:05	att/GGobi	master
18/05/28 12:21	bmschmidt/wordVectors	master
18/05/28 10:25	thomasp85/patchwork	master
18/05/28 10:23	thomasp85/patchwork	master
18/05/28 10:04	hoxo-m/magicfor	master
18/05/28 09:37	michaelway/ggkm	master
18/05/28 08:56	kassambara/easyGgplot2	master
18/05/28 08:42	hadley/precis	master
18/05/28 08:40	hadley/precis	master
18/05/28 08:40	hadley/precis	master
18/05/28 08:39	hadley/precis	master
18/05/28 08:25	twitter/AnomalyDetection	master
18/05/28 08:24	twitter/AnomalyDetection	master
18/05/28 08:22	twitter/AnomalyDetection	master
18/05/28 08:22	hadley/precis	master
18/05/28 06:24	vqv/ggbiplot	master
18/05/28 06:24	christophergandrud/NewPackage	master
18/05/28 05:21	bmschmidt/wordVectors	master
18/05/28 05:12	bmschmidt/wordVectors	master
18/05/28 05:07	bmschmidt/wordVectors	master
18/05/28 04:58	bmschmidt/wordVectors	master
18/05/28 04:12	ropensci/tabulizer	master
18/05/28 04:12	ropensci/tabulizerjars	master
18/05/28 02:35	alyssafrazee/ballgown	master
18/05/28 02:32	alyssafrazee/ballgown	master
18/05/28 00:21	OscarBrock/gCrisprTools	master
18/05/28 00:14	OscarBrock/gCrisprTools	master
18/05/25 00:49	hoxo-m/prophetExt	master
18/05/25 00:40	hoxo-m/prophetExt	master
18/05/25 00:38	bgreenwell/mertree	master
18/05/25 00:37	hoxo-m/prophetExt	master
18/05/25 00:24	gbm-developers/gbm3	master
18/05/25 00:23	hoxo-m/prophetExt	master
18/05/25 00:19	hoxo-m/densratio	v0.0.3
18/05/25 00:18	swish-climate-impact-assessment/awaptools	develop
18/05/25 00:17	Luddo94/Package	master
18/05/24 00:53	rstudio/httpuv	master
18/05/24 00:50	rstudio/httpuv	master
18/05/24 00:46	rstudio/shiny	master
18/05/24 00:31	leeper/tabulizerjars	master
18/05/24 00:25	leeper/tabulizer	master
18/05/24 00:23	leeper/tabulizerjars	master
18/05/23 00:55	mfasiolo/mgcViz	master
18/05/23 00:54	mfasiolo/qgam	master
18/05/23 00:39	mfasiolo/mgcViz	master
18/05/23 00:30	mfasiolo/mgcViz	master
18/05/23 00:29	mfasiolo/qgam	master
18/05/23 00:29	mfasiolo/qgam	master
18/05/23 00:24	mfasiolo/mgcViz	master
18/05/19 00:15	ropensci/tabulizer	master
18/05/18 00:28	OscarBrock/gCrisprTools	master
18/05/18 00:14	OscarBrock/gCrisprTools	master
18/05/15 00:38	andrewpbray/oilabs	master
18/05/15 00:30	andrewpbray/oilabs	master
18/05/15 00:18	andrewpbray/oilabs	master
18/05/15 00:17	andrewpbray/oilabs	master
18/05/12 00:45	kassambara/ggpubr	master
18/05/12 00:44	kassambara/ggpubr	master
18/05/12 00:37	kassambara/factoextra	master
18/05/11 00:53	uribo/jpndistrict	add_light_rds
18/05/11 00:52	jm3594/crtpower	master
18/05/11 00:52	uribo/jpndistrict	add_light_rds
18/05/06 00:51	mclements/rstpm2	master
18/05/06 00:19	rpradosiqueira/brazilmaps	master
18/05/06 00:15	lucasmation/microdadosBrasil	master
18/05/03 00:28	RomeroBarata/dcme	master
18/05/02 00:02	sinhrks/ggfortify	master
18/05/01 00:33	thlytras/rspiro	master
18/05/01 00:33	thlytras/rspiro	master
18/04/28 00:35	predict-r/rtika	master
18/04/28 00:24	dgrtwo/rparse	master
