18/08/16 22:50	rstats-db/odbc	master
18/08/16 21:49	rstats-db/odbc	master
18/08/16 21:36	rstats-db/odbc	master
18/08/16 20:46	rstats-db/odbc	master
18/08/16 19:39	rstats-db/odbc	master
18/08/16 18:44	rstats-db/odbc	master
18/08/16 18:28	wpeterman/ResistanceGA	julia_dev
18/08/16 18:19	wpeterman/ResistanceGA	julia_dev
18/08/16 16:19	IVFL-BOKU/sentinel2	master
18/08/16 15:53	mlr-org/mlr	forecasting
18/08/16 14:27	AllenInstitute/hbadata	master
18/08/16 14:21	jenniferfranks/FSQN	master
18/08/16 14:19	bfgray3/bigo	master
18/08/16 14:17	ChanningWong/ggecharts	master
18/08/16 14:14	RCura/webmaps	master
18/08/16 14:13	RCura/webmaps	master
18/08/16 13:18	daattali/shinyjs	master
18/08/16 13:12	daattali/shinyjs	master
18/08/16 12:45	kvasilopoulos/exdyn	panel
18/08/16 12:43	kvasilopoulos/exdyn	panel
18/08/16 12:18	tz-lom/eyelinkReader	master
18/08/16 12:17	jacob-long/jtools	master
18/08/16 12:15	rcastelo/VariantFiltering	master
18/08/16 12:10	tz-lom/eyelinkReader	master
18/08/16 10:57	kvasilopoulos/exdyn	panel
18/08/16 10:47	tavareshugo/windowscanr	master
18/08/16 10:47	tavareshugo/windowscanr	master
18/08/16 10:44	tavareshugo/windowscanr	master
18/08/16 10:35	RevolutionAnalytics/checkpoint	master
18/08/16 10:34	tidyverse/ggplot2	49619b7
18/08/16 10:29	krlmlr/plogr	master
18/08/16 10:28	tidyverse/tidyselect	master
18/08/16 10:27	tidyverse/glue	master
18/08/16 10:27	krlmlr/bindrcpp	master
18/08/16 10:23	RcppCore/Rcpp	master
18/08/16 10:20	RcppCore/Rcpp	master
18/08/16 10:18	krlmlr/bindr	master
18/08/16 09:51	jimhester/lookup	master
18/08/16 09:35	hadley/precis	master
18/08/16 09:15	hojsgaard/gRain	master
18/08/16 09:11	hojsgaard/gRain	master
18/08/16 09:11	hojsgaard/gRbase	master
18/08/16 09:02	BioShock38/abc	master
18/08/16 09:01	AustralianAntarcticDivision/palr	master
18/08/16 09:01	AustralianAntarcticDivision/rbgm	master
18/08/16 09:00	jbkunst/highcharter	f79c58e
18/08/16 08:58	gaborcsardi/gitty	master
18/08/16 08:58	Cesar-Urteaga/rfars	master
18/08/16 08:53	tidyverse/ggplot2	49619b7
18/08/16 08:51	tidyverse/ggplot2	49619b7
18/08/16 08:48	s-u/Cairo	master
18/08/16 07:23	samWieczorek/DAPAR	master
18/08/16 06:50	patr1ckm/mvtboost	master
18/08/16 06:48	rstats-db/odbc	master
