18/05/08 05:37	Lchiffon/APItools	master
18/05/08 05:19	mlampros/OpenImageR	master
18/05/08 03:39	susanathey/MCPanel	master
18/05/08 02:51	galanisl/LinkPrediction	master
18/05/08 02:35	hoxo-m/githubinst	master
18/05/08 02:22	hoxo-m/githubinst	master
18/05/08 02:22	hoxo-m/githubinst	master
18/05/08 02:18	Dasonk/githubSearch	master
18/05/08 02:14	kassambara/r2excel	master
18/05/08 02:05	R-Finance/quantmod	225_getsymbols_oanda
18/05/08 02:03	joshuaulrich/quantmod	225_getsymbols_oanda
18/05/08 01:08	BeautyOfWeb/ANF	master
18/05/06 00:51	mclements/rstpm2	master
18/05/06 00:19	rpradosiqueira/brazilmaps	master
18/05/06 00:15	lucasmation/microdadosBrasil	master
18/05/03 00:28	RomeroBarata/dcme	master
18/05/02 00:02	sinhrks/ggfortify	master
18/05/01 00:33	thlytras/rspiro	master
18/05/01 00:33	thlytras/rspiro	master
18/04/28 00:35	predict-r/rtika	master
18/04/28 00:24	dgrtwo/rparse	master
18/04/26 00:30	alfcrisci/rBiometeo	master
18/04/21 00:44	jbryer/timeline	master
18/04/18 00:54	hoxo-m/prophetExt	master
18/04/18 00:53	evanwang1990/FMwR	master
18/04/18 00:08	hoxo-m/pforeach	master
18/04/15 00:35	dkahle/ggmap	master
18/04/11 00:30	ShinsukeSakai0321/PSFCalc	master
18/04/11 00:19	CambridgeAssessmentResearch/POSAC	master
18/04/11 00:05	ujjwalkarn/xda	master
18/04/10 00:35	rstudio/leaflet	master
18/04/10 00:34	rstudio/leaflet	master
18/04/10 00:33	rstudio/leaflet	master
18/04/10 00:32	rstudio/leaflet	master
