18/09/11 08:48	omegahat/RDCOMClient	master
18/09/11 08:45	omegahat/RDCOMClient	master
18/09/11 08:44	omegahat/RDCOMClient	master
18/09/11 08:42	omegahat/RDCOMClient	master
18/09/11 08:41	omegahat/RDCOMClient	master
18/09/11 08:39	omegahat/RDCOMClient	master
18/09/11 08:31	rstats-db/odbc	master
18/09/11 08:25	benaug/SPIM	master
18/09/11 08:09	BenjaminPetry/RUtilLibrary	master
18/09/11 07:50	rstats-db/odbc	master
18/09/11 07:45	rstats-db/odbc	master
18/09/11 07:35	omegahat/RDCOMClient	master
18/09/11 07:32	nicolewhite/RNeo4j	master
18/09/11 07:32	nicolewhite/RNeo4j	master
18/09/11 07:27	rstats-db/odbc	master
18/09/11 07:19	rstats-db/odbc	master
18/09/11 07:08	rstats-db/odbc	master
18/09/11 06:58	rstats-db/odbc	master
18/09/11 06:57	rstats-db/odbc	master
18/09/11 06:42	rstats-db/odbc	master
18/09/11 06:10	rstats-db/odbc	master
18/09/11 04:52	dkaschek/blotIt2	master
18/09/11 04:50	dkaschek/blotIt2	master
18/09/11 02:03	swager/causalForest	master
18/09/11 02:00	Bohdan-Khomtchouk/gtf	master
18/09/11 01:56	andeek/forestr	master
18/09/11 01:54	ahvigil/randomForest	master
18/09/11 01:15	justinmooney/ecefR	master
18/09/11 01:13	hrbrmstr/hrbraddins	master
18/09/11 00:15	yihui/tinytex	master
18/09/11 00:14	rstudio/rmarkdown	master
18/09/09 00:02	vqv/ggbiplot	master
18/09/08 00:46	att/rcloud.rmd	master
18/09/08 00:46	att/rcloud.rmd	master
18/09/08 00:43	att/rcloud.rmd	master
18/09/08 00:43	att/rcloud.rmd	master
18/09/08 00:42	att/rcloud.flexdashboard	master
18/09/08 00:42	att/rcloud.rmd	master
18/09/08 00:42	att/rcloud.flexdashboard	master
18/09/08 00:42	att/rcloud.shiny	master
18/09/08 00:41	att/rcloud.htmlwidgets	master
18/09/07 00:58	benjamin-merkel/probGLS	master
18/09/07 00:53	hadley/ggplot2	master
18/09/06 00:53	mrke/NicheMapR	master
18/09/06 00:34	mrke/NicheMapR	master
18/09/06 00:06	vegandevs/vegan	master
18/09/03 00:12	kassambara/easyGgplot2	master
18/08/30 00:53	ricardo-bion/ggradar	master
18/08/30 00:48	ricardo-bion/ggradar	master
18/08/29 00:47	rstudio/leaflet	master
18/08/29 00:42	rstudio/leaflet	master
18/08/28 00:09	jutako/Rtools	master
18/08/27 00:14	aoles/EBImage	master
18/08/24 00:06	ramnathv/rCharts	master
18/08/24 00:06	ramnathv/rCharts	master
18/08/24 00:03	taiyun/corrplot	master
18/08/24 00:03	taiyun/corrplot	master
18/08/23 00:37	ropensci/tabulizerjars	master
18/08/22 00:49	ymattu/rjumanpp	master
18/08/22 00:48	ymattu/rjumanpp	master
18/08/22 00:31	Triamus/mandat	Fix-Mac-fopenmp-Issue
18/08/21 00:50	bacollier/moveud	master
18/08/18 00:45	ewenme/fplR	master
18/08/18 00:18	neuroconductor/extrantsr	master
18/08/16 00:11	BruceKendall/PVA	master
