18/02/18 20:59	tweed1e/matchtools	master
18/02/18 19:55	hunzikp/pgrid	master
18/02/18 19:22	hunzikp/pgrid	master
18/02/18 15:07	ropenscilabs/tabulizer	master
18/02/18 15:06	ropensci/tabulizerjars	master
18/02/18 12:48	ropenscilabs/skimr	master
18/02/18 09:55	StatsWithR/statsr	master
18/02/18 09:50	twitter/AnomalyDetection	master
18/02/18 09:48	twitter/AnomalyDetection	master
18/02/18 09:47	twitter/AnomalyDetection	master
18/02/18 09:44	twitter/AnomalyDetection	master
18/02/18 09:41	crsh/citr	master
18/02/18 09:40	gepuro/addin4githubinstall	master
18/02/18 09:40	MangoTheCat/tidyshiny	master
18/02/18 09:39	tidyverse/reprex	master
18/02/18 09:39	calligross/ggthemeassist	master
18/02/18 09:39	daattali/colourpicker	master
18/02/18 09:38	HoustonUseRs/pipefittr	master
18/02/18 09:38	rstudio/addinexamples	master
18/02/18 09:38	stan-dev/bayesplot	master
18/02/18 09:37	twitter/AnomalyDetection	master
18/02/18 09:36	wch/webshot	master
18/02/18 09:36	sjmgarnier/viridis	master
18/02/18 09:34	ropensci/plotly	master
18/02/18 09:33	timelyportfolio/listviewer	master
18/02/18 09:32	rstudio/leaflet	master
18/02/18 09:29	rich-iannone/DiagrammeR	master
18/02/18 09:28	rstudio/DT	master
18/02/18 09:27	rstudio/htmltools	master
18/02/18 09:16	rstudio/crosstalk	master
18/02/18 09:14	rstudio/shiny	master
18/02/18 09:13	twitter/AnomalyDetection	master
18/02/18 09:10	twitter/AnomalyDetection	master
18/02/18 09:04	yihui/xaringan	master
18/02/18 09:04	rstudio/revealjs	master
18/02/18 09:04	rstudio/blogdown	master
18/02/18 09:04	rstudio/bookdown	master
18/02/18 09:03	rstudio/rmarkdown	master
18/02/18 09:02	kassambara/factoextra	master
18/02/18 08:59	frenchja/psych	master
18/02/18 08:59	heliosdrm/pwr	master
18/02/18 08:58	wch/extrafont	master
18/02/18 08:58	wilkelab/cowplot	master
18/02/18 08:58	const-ae/ggsignif	master
18/02/18 08:58	twitter/AnomalyDetection	master
18/02/18 08:57	road2stat/ggsci	master
18/02/18 08:56	ggobi/ggally	master
18/02/18 08:55	kassambara/ggpubr	master
18/02/18 08:55	kaz-yos/tableone	master
18/02/18 08:54	hadley/forcats	master
18/02/18 08:54	hadley/tidyverse	master
18/02/18 08:52	twitter/AnomalyDetection	master
18/02/18 08:51	twitter/AnomalyDetection	master
18/02/18 08:39	twitter/AnomalyDetection	master
18/02/18 08:14	twitter/AnomalyDetection	master
18/02/18 01:58	twitter/AnomalyDetection	master
18/02/18 01:58	ajdamico/lodown	master
18/02/18 01:54	ajdamico/lodown	master
18/02/18 00:21	yuanli22/RCUDA	master
18/02/18 00:07	duncantl/RCUDA	master
18/02/15 00:39	twitter/AnomalyDetection	master
18/02/15 00:38	pdrano/IKTrading	master
18/02/14 00:55	Bioconductor/IRanges	c5f1471
18/02/14 00:53	Bioconductor/S4Vectors	d93b89f
18/02/14 00:53	Bioconductor/S4Vectors	d39b89f
18/02/14 00:52	Bioconductor/S4Vectors	0b2b49f
18/02/14 00:51	Bioconductor/S4Vectors	8334847
18/02/14 00:49	Bioconductor/BiocGenerics	39d0af5
18/02/14 00:48	Bioconductor/BiocGenerics	0985ec9
18/02/14 00:46	Bioconductor/BiocGenerics	fcc22c8
18/02/14 00:45	Bioconductor/BiocGenerics	9383d85
18/02/14 00:45	Bioconductor/BiocGenerics	9389d85
18/02/14 00:42	Bioconductor/BiocGenerics	master
18/02/14 00:41	ropensci/tabulizer	master
18/02/14 00:36	ropensci/tabulizerjars	master
18/02/14 00:18	MorphoFun/kraken	master
18/02/12 00:26	lrutter/ggenealogy	master
18/02/08 00:31	green-striped-gecko/dartR	master
18/02/08 00:26	isglobal-brge/SNPassoc	master
18/02/08 00:24	zhengxwen/SNPRelate	master
18/02/08 00:23	edzer/hexbin	master
18/02/08 00:18	edzer/hexbin	master
18/02/08 00:08	edzer/hexbin	master
18/02/08 00:06	StoreyLab/qvalue	master
18/02/08 00:01	yihui/knitr	master
18/02/08 00:00	sinhrks/ggfortify	master
18/02/07 00:36	hadley/lubridate	master
18/02/07 00:35	tidyverse/lubridate	master
18/02/07 00:21	RGLab/opencytoCL	master
18/02/06 00:42	rpremraj/mailR	master
18/02/06 00:41	rpremraj/mailR	master
18/02/06 00:07	hoxo-m/pforeach	master
18/02/05 00:27	alyst/MotIV	master
18/02/05 00:10	rstats-db/RMySQL	master
18/02/03 00:40	mgledi/DiffLogo	master
18/01/30 00:16	mkearney/rtweet	master
18/01/28 00:08	rstudio/addinexamples	master
18/01/28 00:07	awhstin/awtools	master
18/01/21 00:14	IRkernel/IRkernel	master
