18/09/05 18:56	SMAC-Group/simts	master
18/09/05 18:04	satijalab/seurat	master
18/09/05 16:49	gyang274/ygdashboard	master
18/09/05 16:30	metrumresearchgroup/TorstenHeaders	master
18/09/05 16:06	metrumresearchgroup/TorstenHeaders	master
18/09/05 15:18	hadley/ggplot2	master
18/09/05 14:47	Displayr/flipPlots	master
18/09/05 11:51	arbuzovv/rusquant	master
18/09/05 11:49	GuangchuangYu/clusterProfiler	master
18/09/05 11:49	GuangchuangYu/clusterProfiler	master
18/09/05 11:48	GuangchuangYu/clusterProfiler	master
18/09/05 11:34	GuangchuangYu/clusterProfiler	v3.0.4
18/09/05 11:28	GuangchuangYu/clusterProfiler	master
18/09/05 11:27	jonathon-love/car	master
18/09/05 11:26	rvlenth/lsmeans	master
18/09/05 11:25	rvlenth/emmeans	master
18/09/05 10:48	vincentarelbundock/countrycode	master
18/09/05 10:38	gisma/uavRst	master
18/09/05 08:55	hadley/tidyverse	master
18/09/05 08:12	hadley/ggplot2	master
18/09/05 06:44	tidyverse/ggplot2	d697622
18/09/05 06:39	tidyverse/ggplot2	d697622
18/09/05 05:48	cloudyr/Rmonkey	master
18/09/05 03:50	bozenne/lavaReduce	master
18/09/05 03:45	bozenne/lavaReduce	master
18/09/05 03:30	bozenne/lavaReduce	master
18/09/05 03:25	hemberg-lab/SC3	master
18/09/05 03:25	bozenne/lavaReduce	master
18/09/05 03:24	cannin/pheatmap	master
18/09/05 03:21	LTLA/SingleCellExperiment	master
18/09/05 02:58	942kid/lclust	master
18/09/05 02:57	raivokolde/pheatmap	master
18/09/05 02:56	hemberg-lab/SC3	master
18/09/05 02:55	bozenne/lavaReduce	master
18/09/05 02:16	hoxo-m/prophetExt	master
18/09/05 02:14	hoxo-m/prophetExt	master
18/09/05 02:14	hoxo-m/prophetExt	master
18/09/05 02:13	hoxo-m/prophetExt	master
18/09/05 01:00	hadley/precis	master
18/09/03 00:12	kassambara/easyGgplot2	master
18/08/30 00:53	ricardo-bion/ggradar	master
18/08/30 00:48	ricardo-bion/ggradar	master
18/08/29 00:47	rstudio/leaflet	master
18/08/29 00:42	rstudio/leaflet	master
18/08/28 00:09	jutako/Rtools	master
18/08/27 00:14	aoles/EBImage	master
18/08/24 00:06	ramnathv/rCharts	master
18/08/24 00:06	ramnathv/rCharts	master
18/08/24 00:03	taiyun/corrplot	master
18/08/24 00:03	taiyun/corrplot	master
18/08/23 00:37	ropensci/tabulizerjars	master
18/08/22 00:49	ymattu/rjumanpp	master
18/08/22 00:48	ymattu/rjumanpp	master
18/08/22 00:31	Triamus/mandat	Fix-Mac-fopenmp-Issue
18/08/21 00:50	bacollier/moveud	master
18/08/18 00:45	ewenme/fplR	master
18/08/18 00:18	neuroconductor/extrantsr	master
18/08/16 00:11	BruceKendall/PVA	master
18/08/11 00:30	ramnathv/slidify	master
18/08/11 00:30	ramnathv/rCharts	master
18/08/11 00:14	uribo/jpndistrict	add_light_rds
18/08/09 00:39	rstudio/blogdown	master
18/08/07 00:17	drsimonj/corrr	master
