18/03/23 16:19	hfgolino/EGA	master
18/03/23 16:16	hfgolino/EGA	master
18/03/23 15:49	Geidelberg/cotonou	master
18/03/23 15:46	hoxo-m/magicfor	master
18/03/23 15:45	hoxo-m/magicfor	master
18/03/23 14:51	arilamstein/choroplethrZip	master
18/03/23 14:27	kollerma/robustlmm	rcpp
18/03/23 12:01	mlr-org/mlr	forecasting
18/03/23 11:56	benjjneb/decontam	master
18/03/23 08:33	DLMtool/DLMextra	master
18/03/23 08:32	rstudio/sparklyr	v0.7.0
18/03/23 08:26	rstudio/sparklyr	v0.7.0
18/03/23 07:31	tobiasgf/lulu	master
18/03/23 06:41	rstudio/sparklyr	master
18/03/23 06:12	thackl/cats	master
18/03/23 06:05	thackl/cats	master
18/03/23 06:04	twitter/AnomalyDetection	master
18/03/23 06:01	edzer/hexbin	master
18/03/23 05:53	edzer/hexbin	master
18/03/23 05:32	c-langille/psubsets	master
18/03/23 03:21	jutako/Rtools	master
18/03/23 03:19	c-langille/psubsets	master
18/03/23 03:08	jutako/Rtools	master
18/03/23 03:08	jutako/Rtools	master
18/03/23 03:03	jutako/Rtools	master
18/03/23 03:01	jutako/Rtools	master
18/03/23 02:45	c-langille/psubsets	master
18/03/23 02:28	johndharrison/Rsoup	master
18/03/23 02:26	johndharrison/Rsoup	master
18/03/23 00:07	r-lib/rlang	master
18/03/23 00:06	tidyverse/rlang	master
18/03/22 00:12	gabrielrvsc/HDeconometrics	master
18/03/21 00:54	cbw1243/marginalfit	master
18/03/21 00:45	umerijaz/microbiomeSeq	master
18/03/18 00:29	sinhrks/ggfortify	master
18/03/16 00:37	stnava/ITKR	master
18/03/15 00:38	JoshuaSlocum/kagglr	master
18/03/15 00:09	aminondo/iX-Rpackage	sc
18/03/14 00:40	BIMSBbioinfo/genomation	master
18/03/14 00:39	yihui/knitr	master
18/03/14 00:35	BIMSBbioinfo/genomation	master
18/03/12 00:08	mroberts/stmBrowser	master
18/03/12 00:07	methodds/stminsights	master
18/03/08 00:58	peterxeno/preprocessr	master
18/03/08 00:57	artichaud1/preprocessr	master
18/03/08 00:45	USGS-R/waterData	master
18/03/08 00:03	jdblischak/workflowr	master
18/03/08 00:01	jdblischak/workflowr	master
18/03/07 00:51	hadley/haven	master
18/03/07 00:20	ropensci/tabulizer	master
18/03/07 00:20	ropensci/tabulizerjars	master
18/03/07 00:13	sjmgarnier/viridis	master
18/03/06 00:08	GuangchuangYu/ggtree	master
18/03/05 00:38	gavinsimpson/tsgam	master
18/03/02 00:59	ECO230/eco230r	master
18/03/02 00:42	ropensci/ghql	master
18/03/02 00:08	ECO230/eco230r	master
18/03/02 00:04	ECO230/eco230r	master
18/03/02 00:04	ECO230/eco230r	master
18/03/02 00:04	ECO230/eco230r	master
18/03/02 00:03	ECO230/eco230r	master
18/02/28 00:58	ECO230/eco230r	master
18/02/28 00:41	kbroman/horizon	master
18/02/28 00:16	ECO230/eco230r	master
18/02/28 00:10	ECO230/eco230r	master
18/02/28 00:10	ECO230/eco230r	master
18/02/28 00:10	ECO230/eco230r	master
18/02/27 00:45	renozao/NMF	devel
18/02/27 00:39	tidyverse/haven	master
18/02/27 00:35	tidyverse/haven	master
18/02/27 00:00	ECO230/eco230r	master
18/02/26 00:55	James-Thorson/FishLife	master
18/02/24 00:41	briofons/R-Package-RJIRA	master
18/02/21 00:26	hoxo-m/prophetExt	master
