18/03/19 16:44	Azure/doAzureParallel	master
18/03/19 16:37	Azure/rAzureBatch	master
18/03/19 16:36	Azure/rAzureBatch	master
18/03/19 16:28	sinhrks/ggfortify	master
18/03/19 16:24	rasmusab/bayesian_first_aid	master
18/03/19 15:56	asa-github/asaBacktesting	master
18/03/19 15:44	Bioconductor/GenomicRanges	master
18/03/19 15:44	Bioconductor/GenomicRanges	master
18/03/19 15:40	rasmusab/bayesian_first_aid	master
18/03/19 15:34	mjskay/tidybayes	master
18/03/19 15:33	mjskay/tidybayes	master
18/03/19 15:26	syounkin/Trioconductor	master
18/03/19 15:24	syounkin/Trioconductor	master
18/03/19 15:17	syounkin/Trioconductor	master
18/03/19 15:15	syounkin/Trioconductor	master
18/03/19 15:11	LiNk-NY/GenomicRanges	master
18/03/19 15:10	vqv/ggbiplot	master
18/03/19 15:10	Bioconductor/GenomicRanges	master
18/03/19 15:06	Bioconductor/GenomicRanges	master
18/03/19 15:03	Bioconductor/GenomicRanges	master
18/03/19 14:57	r-dbi/DBI	master
18/03/19 14:57	r-dbi/DBI	master
18/03/19 14:34	Lchiffon/REmap	master
18/03/19 14:25	statnmap/SDMSelect	master
18/03/19 14:22	vqv/ggbiplot	master
18/03/19 14:21	statnmap/SDMSelect	master
18/03/19 13:43	rasmusab/bayesian_first_aid	master
18/03/19 13:41	rasmusab/bayesian_first_aid	master
18/03/19 13:38	rasmusab/bayesian_first_aid	master
18/03/19 13:37	IQSS/Amelia	master
18/03/19 13:36	IQSS/Amelia	master
18/03/19 13:35	rasmusab/bayesian_first_aid	master
18/03/19 13:32	IQSS/Amelia	master
18/03/19 12:59	eblondel/cleangeo	master
18/03/19 12:53	ujjwalkarn/xda	master
18/03/19 12:15	gertjanssenswillen/processmapR	master
18/03/19 11:03	mjskay/tidybayes	master
18/03/19 11:02	uribo/jpndistrict	add_light_rds
18/03/19 11:01	uribo/jpndistrict	add_light_rds
18/03/19 09:22	BavoDC/CalibrationCurves	master
18/03/19 08:17	ropensci/tabulizer	master
18/03/19 08:14	ropensci/tabulizerjars	master
18/03/19 08:12	ropensci/tabulizer	master
18/03/19 08:08	ropensci/tabulizerjars	master
18/03/19 07:51	ropensci/tabulizerjars	master
18/03/19 07:41	ropensci/tabulizer	master
18/03/19 07:40	ropensci/tabulizerjars	master
18/03/19 07:31	ropensci/tabulizer	master
18/03/19 07:31	Logiwo/tabulizer	master
18/03/19 07:30	leeper/tabulizer	master
18/03/19 07:24	leeper/tabulizerjars	master
18/03/19 07:22	ropensci/tabulizerjars	master
18/03/19 07:14	ropensci/tabulizerjars	master
18/03/19 07:13	ropensci/tabulizerjars	master
18/03/19 07:10	ropensci/tabulizer	master
18/03/19 07:10	ropensci/tabulizerjars	master
18/03/19 07:09	ropenscilabs/tabulizer	master
18/03/19 07:09	ropensci/tabulizerjars	master
18/03/19 06:44	Logiwo/tabulizer	master
18/03/19 06:44	leeper/tabulizerjars	master
18/03/19 06:42	ropensci/tabulizer	master
18/03/19 06:42	ropensci/tabulizerjars	master
18/03/19 06:42	leeper/tabulizer	master
18/03/19 06:41	leeper/tabulizerjars	master
18/03/19 06:39	ropensci/tabulizer	master
18/03/19 06:39	ropensci/tabulizerjars	master
18/03/19 06:39	Logiwo/tabulizer	master
18/03/19 06:38	ropensci/tabulizerjars	master
18/03/19 06:38	ropenscilabs/tabulizer	master
18/03/19 06:37	ropensci/tabulizerjars	master
18/03/19 06:36	leeper/tabulizer	master
18/03/19 06:35	leeper/tabulizerjars	master
18/03/19 06:33	hzambran/SWAT2R	master
18/03/19 05:06	benaug/SPIM	master
18/03/19 05:05	ramnathv/rCharts	master
18/03/19 04:39	benaug/SPIM	master
18/03/19 04:02	benaug/SPIM	master
18/03/19 02:52	mllg/backports	master
18/03/19 01:31	liamrevell/phytools	master
18/03/18 00:29	sinhrks/ggfortify	master
18/03/16 00:37	stnava/ITKR	master
18/03/15 00:38	JoshuaSlocum/kagglr	master
18/03/15 00:09	aminondo/iX-Rpackage	sc
18/03/14 00:40	BIMSBbioinfo/genomation	master
18/03/14 00:39	yihui/knitr	master
18/03/14 00:35	BIMSBbioinfo/genomation	master
18/03/12 00:08	mroberts/stmBrowser	master
18/03/12 00:07	methodds/stminsights	master
18/03/08 00:58	peterxeno/preprocessr	master
18/03/08 00:57	artichaud1/preprocessr	master
18/03/08 00:45	USGS-R/waterData	master
18/03/08 00:03	jdblischak/workflowr	master
18/03/08 00:01	jdblischak/workflowr	master
18/03/07 00:51	hadley/haven	master
18/03/07 00:20	ropensci/tabulizer	master
18/03/07 00:20	ropensci/tabulizerjars	master
18/03/07 00:13	sjmgarnier/viridis	master
18/03/06 00:08	GuangchuangYu/ggtree	master
18/03/05 00:38	gavinsimpson/tsgam	master
18/03/02 00:59	ECO230/eco230r	master
18/03/02 00:42	ropensci/ghql	master
18/03/02 00:08	ECO230/eco230r	master
18/03/02 00:04	ECO230/eco230r	master
18/03/02 00:04	ECO230/eco230r	master
18/03/02 00:04	ECO230/eco230r	master
18/03/02 00:03	ECO230/eco230r	master
18/02/28 00:58	ECO230/eco230r	master
18/02/28 00:41	kbroman/horizon	master
18/02/28 00:16	ECO230/eco230r	master
18/02/28 00:10	ECO230/eco230r	master
18/02/28 00:10	ECO230/eco230r	master
18/02/28 00:10	ECO230/eco230r	master
18/02/27 00:45	renozao/NMF	devel
18/02/27 00:39	tidyverse/haven	master
18/02/27 00:35	tidyverse/haven	master
18/02/27 00:00	ECO230/eco230r	master
18/02/26 00:55	James-Thorson/FishLife	master
18/02/24 00:41	briofons/R-Package-RJIRA	master
18/02/21 00:26	hoxo-m/prophetExt	master
18/02/20 00:29	pdrano/IKTrading	master
18/02/20 00:08	pdrano/IKTrading	master
18/02/18 00:21	yuanli22/RCUDA	master
18/02/18 00:07	duncantl/RCUDA	master
