18/07/18 22:23	mrcreel/soccer_data	https://github.roche.com/Rpackages/RocheTeradata.git
18/07/18 22:23	mrcreel/soccer_data	https://github.roche.com/Rpackages/RocheTeradata.git
18/07/18 20:48	ropensci/ghql	master
18/07/18 20:36	philchalmers/mirt	master
18/07/18 20:35	philchalmers/mirt	master
18/07/18 20:28	fadiphi/cats	master
18/07/18 20:14	OuhscBbmc/REDCapR	master
18/07/18 19:56	cytoscape/r2cytoscape	master
18/07/18 19:29	OuhscBbmc/REDCapR	master
18/07/18 19:23	OuhscBbmc/REDCapR	master
18/07/18 16:20	timelyportfolio/parcoords	feature/dimensions
18/07/18 15:53	genomicsclass/ph525x	master
18/07/18 15:44	kbenoit/quanteda	master
18/07/18 14:37	loicdtx/bfastSpatial	master
18/07/18 14:13	variani/wlm	master
18/07/18 14:10	jreiche/bayts	master
18/07/18 13:54	pli2016/forecast	master
18/07/18 12:45	MarioniLab/DropletUtils	master
18/07/18 12:00	NikNakk/snpStats	master
18/07/18 11:59	wpeterman/ResistanceGA	julia_dev
18/07/18 11:54	wpeterman/ResistanceGA	julia_dev
18/07/18 11:02	Sage-Bionetworks/knit2synapse	master
18/07/18 11:02	Sage-Bionetworks/knit2synapse	master
18/07/18 11:00	brian-bot/githubr	master
18/07/18 10:59	th1vairam/CovariateAnalysis	dev
18/07/18 08:20	dfalbel/keras	master
18/07/18 08:00	raim/platexpress	master
18/07/18 06:01	rstudio/keras	master
18/07/18 05:28	dfalbel/keras	master
18/07/18 05:26	rstudio/keras	master
18/07/18 05:17	rstudio/keras	master
18/07/18 03:39	KeachMurakami/kagari	master
18/07/18 03:06	twitter/AnomalyDetection	master
18/07/18 03:06	GIS-SP-Group/RCA	master
18/07/18 03:00	RossiLorenzo/trendR	master
18/07/18 02:55	mfasiolo/mgcFam	master
18/07/18 01:34	mfasiolo/mgcFam	master
18/07/18 01:33	tidyverse/glue	master
18/07/18 01:27	gschofl/blastr	master
18/07/18 01:25	gschofl/blastr	master
18/07/18 01:23	gschofl/blastr	master
18/07/18 01:22	gschofl/blastr	master
18/07/18 01:13	gschofl/blastr	master
