18/05/14 09:54	MarkEdmondson1234/googleID	master
18/05/14 09:25	28pro92/packages-GMeta	master
18/05/14 08:43	rstudio/sparklyr	d3073f3
18/05/14 08:42	rstudio/sparklyr	d3073f3
18/05/14 06:58	NicolasJBM/grpcomp	master
18/05/14 05:01	cmap/cmapR	master
18/05/14 04:57	cmap/cmapR	master
18/05/14 01:27	hadley/precis	master
18/05/12 00:45	kassambara/ggpubr	master
18/05/12 00:44	kassambara/ggpubr	master
18/05/12 00:37	kassambara/factoextra	master
18/05/11 00:53	uribo/jpndistrict	add_light_rds
18/05/11 00:52	jm3594/crtpower	master
18/05/11 00:52	uribo/jpndistrict	add_light_rds
18/05/06 00:51	mclements/rstpm2	master
18/05/06 00:19	rpradosiqueira/brazilmaps	master
18/05/06 00:15	lucasmation/microdadosBrasil	master
18/05/03 00:28	RomeroBarata/dcme	master
18/05/02 00:02	sinhrks/ggfortify	master
18/05/01 00:33	thlytras/rspiro	master
18/05/01 00:33	thlytras/rspiro	master
18/04/28 00:35	predict-r/rtika	master
18/04/28 00:24	dgrtwo/rparse	master
18/04/26 00:30	alfcrisci/rBiometeo	master
18/04/21 00:44	jbryer/timeline	master
18/04/18 00:54	hoxo-m/prophetExt	master
18/04/18 00:53	evanwang1990/FMwR	master
18/04/18 00:08	hoxo-m/pforeach	master
18/04/15 00:35	dkahle/ggmap	master
