18/04/12 08:56	mikemeredith/wiqid	master
18/04/12 08:45	joshuaulrich/quantmod	3c07421d5f20bb0cbc7e43877b06752b2ca01350
18/04/12 08:38	joshuaulrich/quantmod	3c07421d5f20bb0cbc7e43877b06752b2ca01350
18/04/12 08:35	joshuaulrich/quantmod	225_getsymbols_oanda
18/04/12 08:34	joshuaulrich/quantmod	225_getsymbols_oanda
18/04/12 08:33	R-Finance/quantmod	225_getsymbols_oanda
18/04/12 08:11	joshuaulrich/quantmod	225_getsymbols_oanda
18/04/12 07:36	jonkatz2/rmongodb	master
18/04/12 07:34	jonkatz2/rmongodb	master
18/04/12 07:33	SMAPPNYU/smappR	master
18/04/12 07:33	SMAPPNYU/smappR	master
18/04/12 07:16	Helmut01/replicateBE	master
18/04/12 07:01	John-R-Wallace/TMB-debug	master
18/04/12 06:24	jimhester/lookup	master
18/04/12 05:48	R-Finance/quantmod	225_get_symbols_oanda
18/04/12 03:33	ropensci/tabulizer	master
18/04/12 03:33	ropensci/tabulizerjars	master
18/04/12 03:31	twitter/AnomalyDetection	master
18/04/12 03:24	ropensci/tabulizer	master
18/04/12 03:24	ropensci/tabulizerjars	master
18/04/12 03:22	ropensci/tabulizer	master
18/04/12 03:22	ropensci/tabulizerjars	master
18/04/12 03:20	kcucchi/rPrior	sqlite
18/04/12 03:20	ropensci/tabulizer	master
18/04/12 03:20	ropensci/tabulizerjars	master
18/04/12 03:12	ropensci/tabulizer	master
18/04/12 03:12	ropensci/tabulizerjars	master
18/04/12 03:03	ropensci/tabulizer	master
18/04/12 03:03	ropensci/tabulizerjars	master
18/04/12 02:57	rstudio/DT	master
18/04/12 02:53	ropensci/tabulizer	master
18/04/12 02:52	ropensci/tabulizerjars	master
18/04/12 02:43	ropensci/tabulizer	master
18/04/12 02:43	ropensci/tabulizerjars	master
18/04/12 02:35	ropensci/tabulizer	master
18/04/12 02:35	ropensci/tabulizerjars	master
18/04/12 02:13	bnosac/taskscheduleR	master
18/04/12 01:49	ropensci/tabulizer	master
18/04/12 01:49	ropensci/tabulizerjars	master
18/04/12 01:26	bhaskarvk/colormap	master
18/04/11 00:30	ShinsukeSakai0321/PSFCalc	master
18/04/11 00:19	CambridgeAssessmentResearch/POSAC	master
18/04/11 00:05	ujjwalkarn/xda	master
18/04/10 00:35	rstudio/leaflet	master
18/04/10 00:34	rstudio/leaflet	master
18/04/10 00:33	rstudio/leaflet	master
18/04/10 00:32	rstudio/leaflet	master
18/04/06 00:34	kazutan/zousan	master
18/04/05 00:58	ropensci/bikedata	master
18/04/05 00:47	ropensci/bikedata	master
18/04/05 00:33	jennybc/googlesheets	master
18/04/05 00:31	jennybc/googlesheets	master
18/04/05 00:30	jennybc/googlesheets	master
18/04/05 00:26	jennybc/googlesheets	master
18/04/05 00:04	ao90/PRIM	master
18/03/30 00:39	mikemeredith/MMmisc	master
18/03/30 00:30	ECO230/eco230r	master
18/03/30 00:30	ECO230/eco230r	master
18/03/30 00:29	ECO230/eco230r	master
18/03/30 00:19	ropenscilabs/eechidna	master
18/03/30 00:13	ECO230/eco230r	master
18/03/30 00:10	ECO230/eco230r	master
18/03/30 00:10	ECO230/eco230r	master
18/03/29 00:33	ECO230/eco230r	master
18/03/28 00:52	ropensci/plotly	master
18/03/28 00:45	tidyverse/ggplot2	49619b7
18/03/28 00:36	ECO230/eco230r	master
18/03/28 00:35	ECO230/eco230r	master
18/03/24 00:43	SachaEpskamp/semPlot	master
18/03/23 00:07	r-lib/rlang	master
18/03/23 00:06	tidyverse/rlang	master
18/03/22 00:12	gabrielrvsc/HDeconometrics	master
18/03/21 00:54	cbw1243/marginalfit	master
18/03/21 00:45	umerijaz/microbiomeSeq	master
18/03/18 00:29	sinhrks/ggfortify	master
18/03/16 00:37	stnava/ITKR	master
18/03/15 00:38	JoshuaSlocum/kagglr	master
18/03/15 00:09	aminondo/iX-Rpackage	sc
18/03/14 00:40	BIMSBbioinfo/genomation	master
18/03/14 00:39	yihui/knitr	master
18/03/14 00:35	BIMSBbioinfo/genomation	master
