18/05/02 22:43	marcusvolz/steiner	master
18/05/02 22:41	ccolonescu/PoEdata	master
18/05/02 22:40	ccolonescu/PoEdata	master
18/05/02 22:34	ccolonescu/PoEdata	master
18/05/02 22:33	ccolonescu/PoEdata	master
18/05/02 22:33	ccolonescu/PoEdata	master
18/05/02 22:32	ccolonescu/PoEdata	master
18/05/02 22:30	Rdatatable/data.table	master
18/05/02 22:25	ccolonescu/PoEdata	master
18/05/02 21:18	kassambara/ggpubr	master
18/05/02 21:09	kassambara/ggpubr	master
18/05/02 21:08	kassambara/ggpubr	master
18/05/02 21:00	timelyportfolio/d3treeR	master
18/05/02 20:49	nolanlab/spade	master
18/05/02 20:48	nolanlab/Rclusterpp	master
18/05/02 20:32	dragua/xlsx	master
18/05/02 20:05	USCCANA/readnet	master
18/05/02 18:46	R-Finance/quantstrat	master
18/05/02 18:46	hoxo-m/magicfor	master
18/05/02 17:22	rstudio/shiny	master
18/05/02 17:21	sinhrks/ggfortify	master
18/05/02 17:20	rstudio/DT	master
18/05/02 14:47	leeper/tabulizer	master
18/05/02 14:45	ropensci/tabulizerjars	master
18/05/02 14:26	leeper/tabulizer	master
18/05/02 14:24	ropensci/tabulizerjars	master
18/05/02 14:15	ropensci/tabulizer	master
18/05/02 13:59	hadley/pkgdown	v0.1.0.9000
18/05/02 13:27	leeper/tabulizer	master
18/05/02 13:25	ropensci/tabulizerjars	master
18/05/02 13:21	Logiwo/tabulizer	master
18/05/02 13:19	leeper/tabulizerjars	master
18/05/02 12:35	swarm-lab/videoplayR	master
18/05/02 12:18	statnet/statnet.common	master
18/05/02 12:17	gforge/htmlTable	master
18/05/02 12:17	mllg/backports	master
18/05/02 12:15	jonathon-love/car	master
18/05/02 12:12	richfitz/cat	master
18/05/02 11:54	cole-trapnell-lab/monocle-release	master
18/05/02 11:25	topepo/caret	master
18/05/02 11:24	hpchoi/hpchoi.github.io	master
18/05/02 11:24	topepo/caret	master
18/05/02 10:10	thlytras/rspiro	master
18/05/02 09:58	sinhrks/ggfortify	master
18/05/02 08:31	GIS-SP-Group/RCA	master
18/05/02 07:39	MarcoDVisser/choosecolor	master
18/05/02 07:09	ujjwalkarn/xda	master
18/05/02 07:08	ujjwalkarn/xda	master
18/05/02 06:52	benmarwick/wordcountaddin	master
18/05/02 06:50	trinker/plotflow	master
18/05/02 06:45	hoxo-m/pforeach	master
18/05/02 06:43	dkahle/dirichlet	master
18/05/02 06:30	jkeirstead/scholar	master
18/05/02 06:23	jkeirstead/scholar	master
18/05/02 06:07	twitter/AnomalyDetection	master
18/05/02 05:41	kstreet13/slingshot	master
18/05/02 05:37	alfcrisci/rBiometeo	master
18/05/02 05:31	jkeirstead/scholar	master
18/05/02 05:23	jkeirstead/scholar	master
18/05/02 05:23	meghapadi/ALPACA	master
18/05/02 05:22	meghapadi/ALPACA	master
18/05/02 05:21	jplatig/condor	master
18/05/02 05:17	meghapadi/ALPACA	master
18/05/02 05:09	jjallaire/TBB	master
18/05/02 05:06	jjallaire/TBB	master
18/05/02 05:03	meghapadi/ALPACA	master
18/05/02 05:00	jjallaire/TBB	master
18/05/02 03:51	meghapadi/ALPACA	master
18/05/02 03:40	Japal/zCompositions	master
18/05/02 02:32	dgrtwo/gganimate	master
18/05/02 02:23	IRkernel/IRkernel	master
18/05/02 02:20	IRkernel/IRkernel	master
18/05/02 01:32	woobe/rPlotter	master
18/05/02 01:29	woobe/rPlotter	master
18/05/02 00:02	sinhrks/ggfortify	master
18/05/01 00:33	thlytras/rspiro	master
18/05/01 00:33	thlytras/rspiro	master
18/04/28 00:35	predict-r/rtika	master
18/04/28 00:24	dgrtwo/rparse	master
18/04/26 00:30	alfcrisci/rBiometeo	master
18/04/21 00:44	jbryer/timeline	master
18/04/18 00:54	hoxo-m/prophetExt	master
18/04/18 00:53	evanwang1990/FMwR	master
18/04/18 00:08	hoxo-m/pforeach	master
18/04/15 00:35	dkahle/ggmap	master
18/04/11 00:30	ShinsukeSakai0321/PSFCalc	master
18/04/11 00:19	CambridgeAssessmentResearch/POSAC	master
18/04/11 00:05	ujjwalkarn/xda	master
18/04/10 00:35	rstudio/leaflet	master
18/04/10 00:34	rstudio/leaflet	master
18/04/10 00:33	rstudio/leaflet	master
18/04/10 00:32	rstudio/leaflet	master
18/04/06 00:34	kazutan/zousan	master
18/04/05 00:58	ropensci/bikedata	master
18/04/05 00:47	ropensci/bikedata	master
18/04/05 00:33	jennybc/googlesheets	master
18/04/05 00:31	jennybc/googlesheets	master
18/04/05 00:30	jennybc/googlesheets	master
18/04/05 00:26	jennybc/googlesheets	master
18/04/05 00:04	ao90/PRIM	master
