18/04/27 20:20	drveera/ggman	master
18/04/27 20:14	ropensci/USAboundariesData	master
18/04/27 20:11	r-spatial/sf	master
18/04/27 20:11	rmcelreath/rethinking	master
18/04/27 20:11	kirillseva/explain	master
18/04/27 20:10	thomasp85/patchwork	master
18/04/27 20:09	hadley/lobstr	master
18/04/27 20:09	MilesMcBain/gistfo	master
18/04/27 20:09	ricardo-bion/ggradar	master
18/04/27 20:09	dgrtwo/gganimate	master
18/04/27 20:09	krlmlr/fstplyr	master
18/04/27 20:09	brandmaier/deconstructR	master
18/04/27 19:27	stephens999/ashr	master
18/04/27 19:25	azhu513/apeglm	master
18/04/27 19:00	rforge/weimea	master
18/04/27 19:00	rforge/march	master
18/04/27 18:59	rstudio/tensorflow	master
18/04/27 18:55	rstudio/ggvis	master
18/04/27 18:55	rstudio/ggvis	master
18/04/27 18:54	rforge/weimea	master
18/04/27 18:53	rforge/march	master
18/04/27 18:50	rstudio/shiny	master
18/04/27 18:45	ArdiaD/RiskPortfolios	master
18/04/27 18:41	R-Finance/quantstrat	master
18/04/27 18:41	braverock/blotter	master
18/04/27 18:40	braverock/PerformanceAnalytics	master
18/04/27 18:38	R-Finance/quantstrat	master
18/04/27 18:37	R-Finance/quantstrat	master
18/04/27 18:37	joshuaulrich/quantmod	master
18/04/27 17:59	JesseVent/crypto	master
18/04/27 17:57	amrrs/coinmarketcapr	master
18/04/27 17:54	tidyverse/tidyverse	master
18/04/27 17:47	tidyverse/tidyverse	master
18/04/27 17:33	kevinushey/Kmisc	master
18/04/27 16:44	kevinushey/Kmisc	master
18/04/27 16:40	kevinushey/Kmisc	master
18/04/27 16:08	renozao/RcppOctave	master
18/04/27 15:59	kbroman/broman	master
18/04/27 15:37	stela2502/BioData	master
18/04/27 15:35	NathanEpstein/finData	master
18/04/27 15:33	Hackout2/mapData	master
18/04/27 15:28	mlr-org/mlr	master
18/04/27 15:20	ChrisMuir/comtradr	master
18/04/27 15:03	USGS-R/gsplot	master
18/04/27 14:59	kevinushey/Kmisc	master
18/04/27 14:50	kevinushey/Kmisc	master
18/04/27 14:48	kevinushey/Kmisc	master
18/04/27 14:43	NetDem-USC/netdemR	master
18/04/27 14:14	mlr-org/mlr	master
18/04/27 13:12	leeshawn/iECAT	master
18/04/27 13:11	fasterius/seqCAT	master
18/04/27 13:11	teasdalm/rPCA	master
18/04/27 13:11	Karel-Kroeze/MCAT	master
18/04/27 13:09	Benli11/rPCA	master
18/04/27 11:52	tidyverse/dplyr	master
18/04/27 11:06	jenniferfranks/FSQN	master
18/04/27 11:03	ajdamico/lodown	master
18/04/27 10:33	vqv/ggbiplot	master
18/04/27 10:15	ZeroStack/neuralnet	master
18/04/27 10:05	kalimu/LimeRick	master
18/04/27 09:59	cloudyr/limer	master
18/04/27 08:38	ciaran8065/PackageInstallation	master
18/04/27 08:32	jtilly/statascraper	master
18/04/27 07:27	Japal/zCompositions	master
18/04/27 07:26	ccolonescu/PoEdata	master
18/04/27 07:19	Japal/zCompositions	master
18/04/27 07:04	Chen-Chaozong/extraTechInds	master
18/04/27 07:03	IlyaKipnis/DSTrading	master
18/04/27 07:02	braverock/quantstrat	master
18/04/27 07:01	braverock/blotter	master
18/04/27 06:07	mannau/tm.plugin.sentiment	master
18/04/27 06:06	kassambara/ggcorrplot	master
18/04/27 05:55	dgrtwo/gganimate	master
18/04/27 05:54	dgrtwo/gganimate	master
18/04/27 05:53	dgrtwo/gganimate	master
18/04/27 05:12	mannau/tm.plugin.sentiment	master
18/04/27 05:12	mannau/tm.plugin.sentiment	master
18/04/27 05:11	mannau/tm.plugin.sentiment	master
18/04/27 05:11	mannau/tm.plugin.sentiment	master
18/04/27 05:11	mannau/tm.plugin.sentiment	master
18/04/27 05:09	mannau/tm.plugin.sentiment	master
18/04/27 05:09	wikimedia/search	master
18/04/27 05:09	mannau/tm.plugin.sentiment	master
18/04/27 05:08	mannau/tm.plugin.sentiment	master
18/04/27 05:07	mannau/tm.plugin.sentiment	master
18/04/27 05:07	mannau/tm.plugin.sentiment	master
18/04/27 05:07	mannau/tm.plugin.sentiment	master
18/04/27 05:07	mannau/tm.plugin.sentiment	master
18/04/27 05:07	mannau/tm.plugin.sentiment	master
18/04/27 05:07	mannau/tm.plugin.sentiment	master
18/04/27 05:07	mannau/tm.plugin.sentiment	master
18/04/27 05:07	mannau/tm.plugin.sentiment	master
18/04/27 05:06	mannau/tm.plugin.sentiment	master
18/04/27 05:06	mannau/tm.plugin.sentiment	master
18/04/27 05:05	alfcrisci/rBiometeo	master
18/04/27 05:02	mannau/tm.plugin.sentiment	master
18/04/27 04:52	mannau/tm.plugin.sentiment	master
18/04/27 04:45	wikimedia/search	master
18/04/27 04:44	wikimedia/search	master
18/04/27 04:44	mannau/tm.plugin.sentiment	master
18/04/27 04:33	mannau/tm.plugin.sentiment	master
18/04/27 04:30	mannau/tm.plugin.sentiment	master
18/04/27 04:29	mannau/tm.plugin.sentiment	master
18/04/27 04:29	mannau/tm.plugin.sentiment	master
18/04/27 04:28	mannau/tm.plugin.sentiment	master
18/04/27 04:26	mannau/tm.plugin.sentiment	master
18/04/27 04:25	mannau/tm.plugin.sentiment	master
18/04/27 04:23	mannau/tm.plugin.sentiment	master
18/04/27 04:22	mannau/tm.plugin.sentiment	master
18/04/27 04:22	mannau/tm.plugin.sentiment	master
18/04/27 04:21	mannau/tm.plugin.sentiment	master
18/04/27 04:21	mannau/tm.plugin.sentiment	master
18/04/27 04:21	mannau/tm.plugin.sentiment	master
18/04/27 04:20	mannau/tm.plugin.sentiment	master
18/04/27 04:20	mannau/tm.plugin.sentiment	master
18/04/27 04:19	mannau/tm.plugin.sentiment	master
18/04/27 04:18	mannau/tm.plugin.sentiment	master
18/04/27 04:17	mannau/tm.plugin.sentiment	master
18/04/27 04:16	mannau/tm.plugin.sentiment	master
18/04/27 04:15	mannau/tm.plugin.sentiment	master
18/04/27 04:14	mannau/tm.plugin.sentiment	master
18/04/27 04:13	mannau/tm.plugin.sentiment	master
18/04/27 04:13	mannau/tm.plugin.sentiment	master
18/04/27 04:13	mannau/tm.plugin.sentiment	master
18/04/27 04:12	mannau/tm.plugin.sentiment	master
18/04/27 04:12	mannau/tm.plugin.sentiment	master
18/04/27 04:12	mannau/tm.plugin.sentiment	master
18/04/27 04:12	mannau/tm.plugin.sentiment	master
18/04/27 04:10	mannau/tm.plugin.sentiment	master
18/04/27 04:10	mannau/tm.plugin.sentiment	master
18/04/27 04:08	mannau/tm.plugin.sentiment	master
18/04/27 04:08	mannau/tm.plugin.sentiment	master
18/04/27 04:07	mannau/tm.plugin.sentiment	master
18/04/27 04:07	mannau/tm.plugin.sentiment	master
18/04/27 04:07	mannau/tm.plugin.sentiment	master
18/04/27 04:06	mannau/tm.plugin.sentiment	master
18/04/27 04:05	mannau/tm.plugin.sentiment	master
18/04/27 04:05	mannau/tm.plugin.sentiment	master
18/04/27 04:05	mannau/tm.plugin.sentiment	master
18/04/27 04:05	mannau/tm.plugin.sentiment	master
18/04/27 04:04	Japal/zCompositions	master
18/04/27 03:59	yihui/knitr	v1.18
18/04/27 03:48	Rdatatable/data.table	master
18/04/27 03:40	jimhester/lookup	master
18/04/27 03:39	matthias-da/robCompositions	master
18/04/27 03:30	jimhester/lookup	master
18/04/27 03:18	Bioconductor/Biobase	master
18/04/27 03:11	Japal/zCompositions	master
18/04/27 02:32	jennybc/googlesheets	master
18/04/27 02:32	jennybc/googlesheets	master
18/04/27 02:32	sillasgonzaga/lexiconPT	master
18/04/27 02:26	jennybc/googlesheets	master
18/04/27 02:20	jennybc/googlesheets	master
18/04/27 02:19	jennybc/googlesheets	master
18/04/27 02:15	jennybc/googlesheets	master
18/04/27 02:14	jennybc/googlesheets	master
18/04/27 02:13	jennybc/googlesheets	master
18/04/27 02:13	jennybc/googlesheets	master
18/04/27 02:12	jennybc/googlesheets	master
18/04/27 02:03	ramnathv/rCharts	master
18/04/27 01:23	joshuaulrich/quantmod	225_getsymbols_oanda
18/04/27 01:03	trinker/textshape	master
18/04/26 00:30	alfcrisci/rBiometeo	master
18/04/21 00:44	jbryer/timeline	master
18/04/18 00:54	hoxo-m/prophetExt	master
18/04/18 00:53	evanwang1990/FMwR	master
18/04/18 00:08	hoxo-m/pforeach	master
18/04/15 00:35	dkahle/ggmap	master
18/04/11 00:30	ShinsukeSakai0321/PSFCalc	master
18/04/11 00:19	CambridgeAssessmentResearch/POSAC	master
18/04/11 00:05	ujjwalkarn/xda	master
18/04/10 00:35	rstudio/leaflet	master
18/04/10 00:34	rstudio/leaflet	master
18/04/10 00:33	rstudio/leaflet	master
18/04/10 00:32	rstudio/leaflet	master
18/04/06 00:34	kazutan/zousan	master
18/04/05 00:58	ropensci/bikedata	master
18/04/05 00:47	ropensci/bikedata	master
18/04/05 00:33	jennybc/googlesheets	master
18/04/05 00:31	jennybc/googlesheets	master
18/04/05 00:30	jennybc/googlesheets	master
18/04/05 00:26	jennybc/googlesheets	master
18/04/05 00:04	ao90/PRIM	master
18/03/30 00:39	mikemeredith/MMmisc	master
18/03/30 00:30	ECO230/eco230r	master
18/03/30 00:30	ECO230/eco230r	master
18/03/30 00:29	ECO230/eco230r	master
18/03/30 00:19	ropenscilabs/eechidna	master
18/03/30 00:13	ECO230/eco230r	master
18/03/30 00:10	ECO230/eco230r	master
18/03/30 00:10	ECO230/eco230r	master
18/03/29 00:33	ECO230/eco230r	master
18/03/28 00:52	ropensci/plotly	master
18/03/28 00:45	tidyverse/ggplot2	49619b7
18/03/28 00:36	ECO230/eco230r	master
18/03/28 00:35	ECO230/eco230r	master
