18/12/06 11:45	twitter/AnomalyDetection	master
18/12/06 10:58	ricardo-bion/ggradar	master
18/12/06 10:42	kassambara/easyGgplot2	master
18/12/06 10:29	vqv/ggbiplot	master
18/12/06 09:51	hadley/gtable	master
18/12/06 09:25	twitter/AnomalyDetection	master
18/12/06 08:42	YTLogos/gganimate	master
18/12/06 08:34	ricardo-bion/ggradar	master
18/12/06 08:18	twitter/AnomalyDetection	master
18/12/06 08:02	geoffjentry/twitteR	master
18/12/06 07:52	twitter/AnomalyDetection	master
18/12/06 06:58	brry/installB	master
18/12/06 06:56	brry/installB	master
18/12/06 05:31	GuangchuangYu/dlstats	master
18/12/06 02:13	ymattu/MlBayesOpt	master
18/12/05 00:24	braverock/PerformanceAnalytics	master
18/12/03 00:44	ramnathv/slidifyLibraries	master
18/12/03 00:35	ramnathv/slidify	master
18/12/02 00:17	Laurae2/lgbdl	master
18/12/02 00:15	SPATIAL-Lab/isorig	master
18/12/02 00:14	SPATIAL-Lab/isorig	master
18/12/02 00:09	SPATIAL-Lab/isorig	master
18/12/01 00:50	business-science/tidyquant	master
18/12/01 00:14	strengejacke/sjPlot	master
18/12/01 00:12	strengejacke/ggeffects	master
18/12/01 00:11	strengejacke/sjstats	master
18/12/01 00:02	strengejacke/sjmisc	master
18/11/29 00:25	vqv/ggbiplot	master
18/11/28 00:52	hunzikp/pgrid	master
18/11/28 00:50	tjmahr/textgrid	master
18/11/28 00:50	vwmaus/geoScidb	master
18/11/28 00:42	EricEdwardBryant/biogridr	master
18/11/26 00:29	edonnachie/ICD	master
18/11/26 00:21	vqv/ggbiplot	master
18/11/22 00:42	cdcrabtree/varo	master
18/11/21 00:50	hadley/dtplyr	master
18/11/17 00:22	zauster/RComtrade	master
18/11/14 00:39	hoxo-m/densratio	e8233e6
18/11/14 00:39	hoxo-m/densratio	v0.0.3
18/11/14 00:39	swish-climate-impact-assessment/awaptools	develop
18/11/14 00:37	twitter/AnomalyDetection	master
18/11/12 00:54	matloff/rectools	master
18/11/08 00:57	benaug/Mbmisscap	master
18/11/08 00:56	JohnCoene/youTubeDataR	master
18/11/07 00:36	ECO230/eco230r	master
18/11/07 00:35	ECO230/eco230r	master
18/11/07 00:21	ECO230/eco230r	master
18/11/06 00:34	loicdtx/bfastSpatial	master
18/11/06 00:34	loicdtx/bfastSpatial	master
18/11/06 00:01	zdk123/SpiecEasi	master
