18/10/03 19:25	nolanlab/Rclusterpp	master
18/10/03 19:24	nolanlab/Rclusterpp	master
18/10/03 18:52	ankargren/mfbvar	master
18/10/03 18:50	loicdtx/bfastSpatial	master
18/10/03 18:50	nolanlab/spade	master
18/10/03 18:49	nolanlab/spade	master
18/10/03 18:31	jeroenooms/curl	master
18/10/03 18:17	jeroenooms/curl	master
18/10/03 18:01	brunomssmelo/RcextTools	master
18/10/03 17:36	ilcapone/RPackage	master
18/10/03 16:26	danmalter/censusR	master
18/10/03 16:23	danmalter/censusR	master
18/10/03 16:09	jeroenooms/curl	master
18/10/03 16:00	hadley/r2d3	master
18/10/03 15:58	rudeboybert/resampledata	master
18/10/03 14:23	uribo/jpndistrict	add_light_rds
18/10/03 13:35	ujjwalkarn/xda	master
18/10/03 13:33	ujjwalkarn/xda	master
18/10/03 13:17	jjchern/census.stat	master
18/10/03 13:14	thlytras/rspiro	master
18/10/03 12:57	ujjwalkarn/xda	master
18/10/03 12:37	mariavica/mircomb	patch
18/10/03 10:46	hadley/ggplot2	49619b7
18/10/03 10:44	dkahle/ggmap	master
18/10/03 10:40	dirkschumacher/geopattern	master
18/10/03 10:26	hadar2703/ibrokers	master
18/10/03 10:25	rstudio/R-Websockets	master
18/10/03 10:23	ropenscilabs/webmockr	master
18/10/03 10:20	rstudio/R-Websockets	master
18/10/03 10:01	TaddyLab/textir	da05a89
18/10/03 09:56	TaddyLab/textir	v1.8.8
18/10/03 09:56	TaddyLab/textir	v1.8-8
18/10/03 09:52	andrie/version.compare	master
18/10/03 09:17	jeroenooms/xpdf	master
18/10/03 09:07	jeroenooms/xpdf	master
18/10/03 08:59	adamreimer/preseason	master
18/10/03 08:59	adamreimer/preseason	master
18/10/03 08:56	jeroenooms/xpdf	master
18/10/03 08:46	WinVector/vtreat	master
18/10/03 08:46	WinVector/vtreat	master
18/10/03 08:36	WinVector/vtreat	master
18/10/03 08:20	jeroenooms/xpdf	master
18/10/03 07:56	vqv/ggbiplot	master
18/10/03 07:41	ricardo-bion/ggradar	master
18/10/03 06:08	sinhrks/ggfortify	master
18/10/03 05:23	hadley/ggplot2	49619b7
18/10/03 05:11	ck37/varimpact	master
18/10/03 05:09	hoxo-m/pforeach	master
18/10/03 02:47	leeper/tabulizer	master
18/10/03 02:47	leeper/tabulizerjars	master
18/10/03 01:30	vh-d/SFAt	master
18/10/03 01:03	PaulPyl/h5array	master
18/10/03 01:01	PaulPyl/h5array	master
18/10/03 00:54	gavinsimpson/ggvegan	master
18/10/03 00:53	amberalpha/toypkg	master
18/09/25 00:25	rstudio/config	master
18/09/25 00:24	rstudio/config	master
18/09/25 00:23	rstudio/config	master
18/09/24 00:01	rstats-db/odbc	master
18/09/20 00:52	hadley/precis	master
18/09/20 00:48	RickPack/FBadstats	master
18/09/20 00:08	selesnow/rvkstat	master
18/09/18 00:27	yihui/knitr	master
18/09/18 00:25	rstudio/rmarkdown	master
18/09/18 00:25	yihui/tinytex	master
18/09/15 00:47	hrbrmstr/hrbrthemes	master
18/09/13 00:52	CentreForHydrology/CRHMr	master
18/09/11 00:15	yihui/tinytex	master
18/09/11 00:14	rstudio/rmarkdown	master
18/09/09 00:02	vqv/ggbiplot	master
18/09/08 00:46	att/rcloud.rmd	master
18/09/08 00:46	att/rcloud.rmd	master
18/09/08 00:43	att/rcloud.rmd	master
18/09/08 00:43	att/rcloud.rmd	master
18/09/08 00:42	att/rcloud.flexdashboard	master
18/09/08 00:42	att/rcloud.rmd	master
18/09/08 00:42	att/rcloud.flexdashboard	master
18/09/08 00:42	att/rcloud.shiny	master
18/09/08 00:41	att/rcloud.htmlwidgets	master
18/09/07 00:58	benjamin-merkel/probGLS	master
18/09/07 00:53	hadley/ggplot2	master
18/09/06 00:53	mrke/NicheMapR	master
18/09/06 00:34	mrke/NicheMapR	master
18/09/06 00:06	vegandevs/vegan	master
18/09/03 00:12	kassambara/easyGgplot2	master
