18/08/21 22:58	vjcitn/parody	Fix-Mac-fopenmp-Issue
18/08/21 22:57	singha53/pandaR	Fix-Mac-fopenmp-Issue
18/08/21 22:56	QuackenbushLab/pandaR	Fix-Mac-fopenmp-Issue
18/08/21 21:23	pcahan1/CellNet	master
18/08/21 20:53	jokergoo/GTF	master
18/08/21 20:41	SKKU-SKT/ggplot2.SparkR	master
18/08/21 20:41	SKKU-SKT/ggplot2.SparkR	master
18/08/21 20:40	SKKU-SKT/ggplot2.SparkR	master
18/08/21 20:39	SKKU-SKT/ggplot2.SparkR	master
18/08/21 20:38	SKKU-SKT/ggplot2.SparkR	master
18/08/21 20:36	SKKU-SKT/ggplot2.SparkR	master
18/08/21 20:36	SKKU-SKT/ggplot2.SparkR	master
18/08/21 19:03	tidyverse/ggplot2	49619b7
18/08/21 17:31	julianfaraway/brinla	master
18/08/21 16:50	hrbrmstr/hrbraddins	master
18/08/21 15:52	ropensci/plotly	master
18/08/21 15:39	tidyverse/ggplot2	master
18/08/21 15:32	hadley/plyr	master
18/08/21 15:31	yihui/mime	master
18/08/21 15:30	rstudio/httpuv	master
18/08/21 15:27	rstudio/htmltools	master
18/08/21 15:25	yjalbert/htmltools	master
18/08/21 14:11	sbegueria/disdRo	master
18/08/21 12:26	rstats-db/odbc	master
18/08/21 12:21	rstats-db/odbc	master
18/08/21 12:02	rstats-db/odbc	master
18/08/21 11:59	rstats-db/odbc	master
18/08/21 11:46	jeroenooms/stringi	master
18/08/21 11:04	tidyverse/ggplot2	49619b7
18/08/21 09:50	harvard-P01/causalMediation	master
18/08/21 09:29	OVVO-Financial/NNS	master
18/08/21 09:24	stnava/RKRNS	master
18/08/21 08:52	rprops/Phenoflow_package	master
18/08/21 08:24	hrbrmstr/taucharts	master
18/08/21 08:24	rstats-db/odbc	master
18/08/21 08:23	rstats-db/odbc	master
18/08/21 06:58	QuackenbushLab/pandaR	master
18/08/21 06:46	hadley/ggplot2	49619b7
18/08/21 05:17	oscarperpinan/pkgMethods	master
18/08/21 03:47	riatelab/cartography	master
18/08/21 03:47	Groupe-ElementR/cartography	master
18/08/21 03:40	riatelab/cartography	master
18/08/21 03:38	Groupe-ElementR/cartography	master
18/08/21 02:19	hrbrmstr/hrbrthemes	master
18/08/21 02:18	hrbrmstr/hrbrthemes	master
18/08/21 01:46	davidavdav/ROC	master
18/08/21 00:50	bacollier/moveud	master
18/08/18 00:45	ewenme/fplR	master
18/08/18 00:18	neuroconductor/extrantsr	master
18/08/16 00:11	BruceKendall/PVA	master
18/08/11 00:30	ramnathv/slidify	master
18/08/11 00:30	ramnathv/rCharts	master
18/08/11 00:14	uribo/jpndistrict	add_light_rds
18/08/09 00:39	rstudio/blogdown	master
18/08/07 00:17	drsimonj/corrr	master
18/08/03 00:59	mukul13/rword2vec	master
18/08/03 00:56	mukul13/rword2vec	master
18/08/03 00:15	mukul13/rword2vec	master
18/08/03 00:05	ricardo-bion/ggradar	master
18/08/01 00:58	leeper/tabulizer	master
18/08/01 00:58	leeper/tabulizerjars	master
18/08/01 00:57	KNMI/knmiR	3678061
18/07/30 00:03	smartinsightsfromdata/rpivotTable	master
18/07/29 00:56	AndrewLJackson/siar	master
18/07/29 00:55	AndrewLJackson/siar	master
18/07/29 00:51	SPATIAL-Lab/isorig	master
18/07/27 00:47	rmcelreath/rethinking	master
18/07/27 00:44	bayesball/BayesTestStreak	master
18/07/27 00:20	enriquea/feseR	master
18/07/26 00:56	hadley/devtools	master
18/07/26 00:23	thomasp85/patchwork	master
18/07/26 00:15	thomasp85/patchwork	master
18/07/24 00:59	rstudio/shinythemes	master
18/07/24 00:58	rstudio/DT	master
18/07/24 00:58	hadley/readxl	master
18/07/24 00:57	ropensci/plotly	master
18/07/24 00:56	hadley/scales	master
18/07/24 00:56	heike/rotations	master
18/07/24 00:55	frenchja/psych	master
18/07/24 00:55	jkrijthe/Rtsne	master
18/07/24 00:55	pimentel/cluster	master
18/07/24 00:55	hadley/tidyverse	master
18/07/24 00:10	SimonDedman/gbm.auto	master
18/07/24 00:03	bayesball/BayesTestStreak	master
