18/04/19 20:26	sinhrks/ggfortify	master
18/04/19 20:25	sinhrks/ggfortify	master
18/04/19 20:04	ujjwalkarn/xda	master
18/04/19 20:03	ujjwalkarn/xda	master
18/04/19 20:02	hrbrmstr/msgxtractr	master
18/04/19 19:40	Viant-Metabolomics/msPurity	master
18/04/19 19:40	Viant-Metabolomics/msPurity	master
18/04/19 19:25	cmartin/ggConvexHull	master
18/04/19 18:25	nathaneastwood/waterflow	master
18/04/19 18:24	mps9506/watertools	master
18/04/19 18:22	btupper/catecolors	master
18/04/19 17:43	Esra-K/Stats	master
18/04/19 17:42	vqv/ggbiplot	master
18/04/19 17:41	vqv/ggbiplot	master
18/04/19 17:41	vqv/ggbiplot	master
18/04/19 17:40	vqv/ggbiplot	master
18/04/19 17:39	vqv/ggbiplot	master
18/04/19 17:38	vqv/ggbiplot	master
18/04/19 17:37	jcizel/scatterMatrixD3	master
18/04/19 17:35	vqv/ggbiplot	master
18/04/19 17:35	vqv/ggbiplot	master
18/04/19 15:33	dkahle/ggmap	master
18/04/19 14:41	nolanlab/Rclusterpp	master
18/04/19 13:04	xuyiqing/gsynth	master
18/04/19 12:56	smartinsightsfromdata/rpivotTable	master
18/04/19 11:48	twitter/AnomalyDetection	master
18/04/19 11:15	mlr-org/mlr	forecasting
18/04/19 11:14	s-u/proj4	master
18/04/19 11:14	s-u/proj4	master
18/04/19 11:10	kbroman/xoi	master
18/04/19 10:17	camroach87/gefcom2017	master
18/04/19 10:12	camroach87/gefcom2017	master
18/04/19 07:54	andrewpbray/oilabs	master
18/04/19 06:31	stefanocoretta/rticulate	master
18/04/19 06:06	stefanocoretta/rticulate	master
18/04/19 06:03	stefanocoretta/rticulate	master
18/04/19 06:01	stefanocoretta/rticulate	master
18/04/19 05:59	stefanocoretta/rticulate	master
18/04/19 05:31	tidyverse/ggplot2	master
18/04/19 05:05	Zelazny7/rosetta	master
18/04/19 05:03	ahvigil/randomForest	master
18/04/19 04:56	hadley/bigrquery	master
18/04/19 04:49	stefanocoretta/rticulate	master
18/04/19 04:46	stefanocoretta/rticulate	master
18/04/18 00:54	hoxo-m/prophetExt	master
18/04/18 00:53	evanwang1990/FMwR	master
18/04/18 00:08	hoxo-m/pforeach	master
18/04/15 00:35	dkahle/ggmap	master
18/04/11 00:30	ShinsukeSakai0321/PSFCalc	master
18/04/11 00:19	CambridgeAssessmentResearch/POSAC	master
18/04/11 00:05	ujjwalkarn/xda	master
18/04/10 00:35	rstudio/leaflet	master
18/04/10 00:34	rstudio/leaflet	master
18/04/10 00:33	rstudio/leaflet	master
18/04/10 00:32	rstudio/leaflet	master
18/04/06 00:34	kazutan/zousan	master
18/04/05 00:58	ropensci/bikedata	master
18/04/05 00:47	ropensci/bikedata	master
18/04/05 00:33	jennybc/googlesheets	master
18/04/05 00:31	jennybc/googlesheets	master
18/04/05 00:30	jennybc/googlesheets	master
18/04/05 00:26	jennybc/googlesheets	master
18/04/05 00:04	ao90/PRIM	master
18/03/30 00:39	mikemeredith/MMmisc	master
18/03/30 00:30	ECO230/eco230r	master
18/03/30 00:30	ECO230/eco230r	master
18/03/30 00:29	ECO230/eco230r	master
18/03/30 00:19	ropenscilabs/eechidna	master
18/03/30 00:13	ECO230/eco230r	master
18/03/30 00:10	ECO230/eco230r	master
18/03/30 00:10	ECO230/eco230r	master
18/03/29 00:33	ECO230/eco230r	master
18/03/28 00:52	ropensci/plotly	master
18/03/28 00:45	tidyverse/ggplot2	49619b7
18/03/28 00:36	ECO230/eco230r	master
18/03/28 00:35	ECO230/eco230r	master
18/03/24 00:43	SachaEpskamp/semPlot	master
18/03/23 00:07	r-lib/rlang	master
18/03/23 00:06	tidyverse/rlang	master
18/03/22 00:12	gabrielrvsc/HDeconometrics	master
18/03/21 00:54	cbw1243/marginalfit	master
18/03/21 00:45	umerijaz/microbiomeSeq	master
