18/07/06 20:56	vqv/ggbiplot	master
18/07/06 20:56	vqv/ggbiplot	master
18/07/06 20:55	vqv/ggbiplot	master
18/07/06 20:43	vqv/ggbiplot	master
18/07/06 20:43	vqv/ggbiplot	master
18/07/06 20:21	vqv/ggbiplot	master
18/07/06 20:21	vqv/ggbiplot	master
18/07/06 20:20	vqv/ggbiplot	master
18/07/06 20:20	vqv/ggbiplot	master
18/07/06 20:20	vqv/ggbiplot	master
18/07/06 20:20	vqv/ggbiplot	master
18/07/06 20:20	vqv/ggbiplot	master
18/07/06 20:19	vqv/ggbiplot	master
18/07/06 20:19	vqv/ggbiplot	master
18/07/06 20:19	vqv/ggbiplot	master
18/07/06 20:19	vqv/ggbiplot	master
18/07/06 20:19	vqv/ggbiplot	master
18/07/06 20:18	vqv/ggbiplot	master
18/07/06 20:18	vqv/ggbiplot	master
18/07/06 20:18	vqv/ggbiplot	master
18/07/06 20:18	dougmet/unsumnet	master
18/07/06 20:18	vqv/ggbiplot	master
18/07/06 20:17	vqv/ggbiplot	master
18/07/06 20:16	vqv/ggbiplot	master
18/07/06 20:16	jianhong/ATACseqQC	master
18/07/06 20:15	vqv/ggbiplot	master
18/07/06 20:14	vqv/ggbiplot	master
18/07/06 20:13	vqv/ggbiplot	master
18/07/06 20:13	vqv/ggbiplot	master
18/07/06 20:13	vqv/ggbiplot	master
18/07/06 20:13	vqv/ggbiplot	master
18/07/06 20:13	vqv/ggbiplot	master
18/07/06 20:10	vqv/ggbiplot	master
18/07/06 20:10	vqv/ggbiplot	master
18/07/06 20:09	vqv/ggbiplot	master
18/07/06 20:09	vqv/ggbiplot	master
18/07/06 20:07	vqv/ggbiplot	master
18/07/06 20:06	vqv/ggbiplot	master
18/07/06 20:06	vqv/ggbiplot	master
18/07/06 20:05	vqv/ggbiplot	master
18/07/06 20:02	vqv/ggbiplot	master
18/07/06 19:44	vqv/ggbiplot	master
18/07/06 19:44	vqv/ggbiplot	master
18/07/06 19:43	vqv/ggbiplot	master
18/07/06 19:40	vqv/ggbiplot	master
18/07/06 19:38	vqv/ggbiplot	master
18/07/06 19:37	vqv/ggbiplot	master
18/07/06 19:37	vqv/ggbiplot	master
18/07/06 19:36	vqv/ggbiplot	master
18/07/06 19:35	vqv/ggbiplot	master
18/07/06 19:32	vqv/ggbiplot	master
18/07/06 19:31	vqv/ggbiplot	master
18/07/06 19:25	vqv/ggbiplot	master
18/07/06 19:25	vqv/ggbiplot	master
18/07/06 19:22	vqv/ggbiplot	master
18/07/06 19:22	vqv/ggbiplot	master
18/07/06 19:20	vqv/ggbiplot	master
18/07/06 19:20	vqv/ggbiplot	master
18/07/06 19:17	vqv/ggbiplot	master
18/07/06 19:16	vqv/ggbiplot	master
18/07/06 19:15	vqv/ggbiplot	master
18/07/06 19:07	vqv/ggbiplot	master
18/07/06 19:06	vqv/ggbiplot	master
18/07/06 19:06	vqv/ggbiplot	master
18/07/06 18:38	jianhong/ATACseqQC	master
18/07/06 18:02	vqv/ggbiplot	master
18/07/06 18:02	vqv/ggbiplot	master
18/07/06 17:59	vqv/ggbiplot	master
18/07/06 17:52	trinker/textmod	master
18/07/06 17:48	trinker/textmod	master
18/07/06 15:56	trinker/textmod	master
18/07/06 15:55	trinker/textmod	master
18/07/06 15:49	trinker/textmod	master
18/07/06 15:27	trinker/textmod	master
18/07/06 12:18	paul-buerkner/brms	master
18/07/06 12:09	hadley/dplyr	master
18/07/06 11:34	adchSTATS/icpp	master
18/07/06 11:31	jjallaire/Rcpp	master
18/07/06 11:30	wokai/rbamtools	master
18/07/06 11:30	wokai/rbamtools	master
18/07/06 11:29	RcppCore/Rcpp	master
18/07/06 11:28	wokai/rbamtools	master
18/07/06 11:18	hadley/plyr	master
18/07/06 11:12	hadley/plyr	master
18/07/06 11:11	wokai/rbamtools	master
18/07/06 11:08	ses109/RLdata	master
18/07/06 11:06	RyanHope/Rmisc	master
18/07/06 10:58	matthewjdenny/SpeedReader	master
18/07/06 10:56	hfgolino/EGA	master
18/07/06 10:49	asa-github/asaBacktesting	master
18/07/06 10:04	dougmet/unsumnet	master
18/07/06 09:16	ge11232002/latticeExtra	master
18/07/06 07:29	adeckmyn/maps	master
18/07/06 06:32	jianhong/ATACseqQC	master
18/07/06 06:31	jianhong/ATACseqQC	master
18/07/06 01:31	dougmet/unsumnet	master
18/07/06 01:20	jianhong/ATACseqQC	master
18/07/06 00:20	jianhong/ATACseqQC	master
18/07/06 00:02	vqv/ggbiplot	master
18/07/06 00:02	vqv/ggbiplot	master
18/07/06 00:02	vqv/ggbiplot	master
18/07/06 00:02	vqv/ggbiplot	master
18/07/06 00:01	vqv/ggbiplot	master
18/07/05 00:26	ropenscilabs/rnaturalearthhires	master
18/07/03 00:58	kloke/npsmReg2	master
18/07/03 00:57	kloke/hbrfit	master
18/07/03 00:55	rstudio/markdown	master
18/07/02 00:44	maRce10/warbleR	master
18/07/02 00:43	maRce10/warbleR	master
18/07/01 00:43	AndrewLJackson/siar	v4.2.3
18/07/01 00:36	AndrewLJackson/siar	v4.2.3
18/07/01 00:33	AndrewLJackson/siar	v4.2.3
18/07/01 00:33	AndrewLJackson/siar	v4.2.3
18/07/01 00:07	AndrewLJackson/siar	v4.2.3
18/07/01 00:05	AndrewLJackson/siar	v4.2.3
18/06/30 00:36	kevjohnson/healthdata	master
18/06/28 00:37	PeteHaitch/Aclust	master
18/06/28 00:25	benmoran11/rubias	master
18/06/27 00:04	RGLab/flowWorkspaceData	master
18/06/23 00:25	ddionrails/r2ddi	master
18/06/22 00:10	slfan2013/SERRFweb	master
18/06/21 00:46	aliceyiwang/mvabund	master
18/06/21 00:34	aliceyiwang/mvabund	master
18/06/21 00:17	aliceyiwang/mvabund	master
18/06/20 00:25	vqv/ggbiplot	master
18/06/19 00:53	mdavis29/Rcode	master
18/06/19 00:29	pachterlab/sleuth	master
18/06/18 00:33	sinhrks/ggfortify	master
18/06/16 00:02	kciomek/rorutadis	master
18/06/15 00:59	fernandabruno/musixmatchR	master
18/06/15 00:58	Gibbsdavidl/ConsensusClusterParallelPlus	master
18/06/15 00:54	tidyverse/tidyr	master
18/06/15 00:49	Arthurhe/Lightbulb	master
18/06/15 00:35	sgibb/benchgit	master
18/06/15 00:35	braverock/PortfolioAnalytics	master
18/06/15 00:32	R-Finance/RTAQ	master
18/06/15 00:31	R-Finance/FactorAnalytics	master
18/06/15 00:30	R-Finance/MPO	master
18/06/15 00:27	R-Finance/PApages	master
18/06/15 00:25	R-Finance/PortfolioAttribution	master
18/06/15 00:24	R-Finance/PortfolioAttribution	master
18/06/15 00:22	R-Finance/xtime	master
18/06/15 00:20	R-Finance/blotter	master
18/06/15 00:18	romainfrancois/nothing	master
18/06/15 00:18	joshuaulrich/TTR	master
18/06/15 00:16	joshuaulrich/xts	master
18/06/15 00:12	R-Finance/Meucci	master
18/06/12 00:31	mountainMath/cmhc	master
18/06/12 00:30	mountainMath/cancensus	master
18/06/12 00:30	patperry/rhdf5	master
18/06/12 00:26	patperry/rhdf5	master
18/06/12 00:21	patperry/rhdf5	master
18/06/07 00:34	tidyverse/ggplot2	master
18/06/07 00:32	LarsRichter82/larspack	master
18/06/07 00:31	cwickham/munsell	master
18/06/07 00:29	MichaelMalick/r-chroma	master
18/06/07 00:27	hadley/scales	master
18/06/07 00:26	hadley/scales	master
18/06/07 00:24	hadley/gtable	master
18/06/06 00:51	drizopoulos/JMbayes	master
18/06/06 00:28	hrbrmstr/taucharts	master
