18/11/14 19:57	strengejacke/sjPlot	master
18/11/14 19:55	strengejacke/sjPlot	master
18/11/14 19:39	google/glassbox	master
18/11/14 19:32	JeroenSmaers/evomap	master
18/11/14 18:53	kassambara/survminer	%23347
18/11/14 18:47	kassambara/survminer	7d0b808
18/11/14 18:43	kassambara/survminer	7d0b808
18/11/14 18:22	OuhscBbmc/REDCapR	master
18/11/14 17:46	hoxo-m/magicfor	master
18/11/14 16:53	MarkusLoew/ReadAxfBOM	master
18/11/14 16:53	MarkusLoew/ReadAxfBOM	master
18/11/14 16:52	MarkusLoew/ReadAxfBOM	master
18/11/14 15:52	fcbarbi/ardl	master
18/11/14 15:48	fcbarbi/ardl	master
18/11/14 15:41	protViz/prozor	master
18/11/14 15:40	protViz/prozor	master
18/11/14 15:39	protViz/prozor	master
18/11/14 10:24	igidrfrg/ifrogs	master
18/11/14 08:32	rstudio/manipulate	master
18/11/14 06:24	hoxo-m/prophetExt	master
18/11/14 06:23	hoxo-m/prophetExt	master
18/11/14 06:23	hoxo-m/prophetExt	master
18/11/14 06:18	jimhester/lookup	master
18/11/14 06:12	stan-dev/rstanarm	master
18/11/14 03:49	hadley/precis	master
18/11/14 03:49	hadley/precis	master
18/11/14 03:48	hadley/precis	master
18/11/14 00:39	hoxo-m/densratio	e8233e6
18/11/14 00:39	hoxo-m/densratio	v0.0.3
18/11/14 00:39	swish-climate-impact-assessment/awaptools	develop
18/11/14 00:37	twitter/AnomalyDetection	master
18/11/12 00:54	matloff/rectools	master
18/11/08 00:57	benaug/Mbmisscap	master
18/11/08 00:56	JohnCoene/youTubeDataR	master
18/11/07 00:36	ECO230/eco230r	master
18/11/07 00:35	ECO230/eco230r	master
18/11/07 00:21	ECO230/eco230r	master
18/11/06 00:34	loicdtx/bfastSpatial	master
18/11/06 00:34	loicdtx/bfastSpatial	master
18/11/06 00:01	zdk123/SpiecEasi	master
18/11/05 00:44	rstudio/DT	master
18/11/05 00:39	rstudio/DT	master
18/11/05 00:10	zdk123/SpiecEasi	master
18/11/05 00:08	hadley/devtools	master
18/11/03 00:08	zdk123/SpiecEasi	master
18/11/03 00:05	loicdtx/bfastSpatial	master
18/11/02 00:56	ECO230/eco230r	master
18/11/02 00:18	dkahle/ggmap	master
18/11/01 00:40	genesofeve/projectR	useME
18/11/01 00:24	dgrtwo/drlib	master
18/11/01 00:09	biobakery/sparseDOSSA	varyLibSize
18/11/01 00:04	biobakery/sparseDOSSA	varyLibSize
18/11/01 00:00	biobakery/sparseDOSSA	varyLibSize
18/10/31 00:30	AnalytixWare/gosocket	master
18/10/31 00:29	ropenscilabs/webmockr	master
18/10/31 00:28	AnalytixWare/gosocket	master
18/10/31 00:23	vqv/ggbiplot	master
18/10/31 00:21	ropensci/webmockr	master
18/10/31 00:20	ropensci/webmockr	master
18/10/30 00:20	ropenscilabs/cored	master
18/10/29 00:29	rdpeng/gpclib	master
18/10/29 00:26	rdpeng/gpclib	master
18/10/29 00:16	ujjwalkarn/xda	master
18/10/23 00:53	drizopoulos/JMbayes	master
18/10/23 00:49	drizopoulos/JMbayes	master
18/10/23 00:19	slowkow/ggrepel	master
18/10/21 00:24	belasi01/RspectroAbs	master
18/10/21 00:12	nclark-lab/RERconverge	master
18/10/18 00:36	dkahle/ggmap	master
