18/07/04 15:57	Bioconductor/graph	master
18/07/04 15:56	dengkuistat/MSVA	master
18/07/04 15:37	hadley/tidyverse	master
18/07/04 15:37	stevencarlislewalker/lme4ord	master
18/07/04 15:30	StatisticalServicesCentre/ClimateObject	master
18/07/04 15:29	markheckmann/OpenRepGrid	master
18/07/04 15:18	Zelazny7/isofor	master
18/07/04 15:07	stevencarlislewalker/lme4ord	master
18/07/04 15:03	stevencarlislewalker/lme4ord	master
18/07/04 14:56	stevencarlislewalker/lme4ord	master
18/07/04 14:53	hoxo-m/pforeach	master
18/07/04 14:33	maRce10/warbleR	master
18/07/04 14:28	duju211/elor	master
18/07/04 14:25	stevencarlislewalker/lme4ord	master
18/07/04 14:20	duju211/elor	master
18/07/04 14:17	stevencarlislewalker/lme4ord	master
18/07/04 14:01	stevencarlislewalker/lme4ord	master
18/07/04 13:37	mages/googleVis	master
18/07/04 13:37	mages/googleVis	master
18/07/04 13:22	royfrancis/pophelper	master
18/07/04 13:18	thierrygosselin/grur	master
18/07/04 12:54	tidyverse/ggplot2	master
18/07/04 12:49	RandiLGarcia/dyadr	master
18/07/04 12:47	RandiLGarcia/dyadr	master
18/07/04 12:46	andersgs/irelr	master
18/07/04 12:38	andersgs/irelr	master
18/07/04 12:38	andersgs/irelr	master
18/07/04 12:29	andersgs/irelr	master
18/07/04 12:22	andersgs/irelr	master
18/07/04 12:20	andersgs/irelr	master
18/07/04 12:00	krlmlr/here	master
18/07/04 11:55	jrnold/ggthemes	master
18/07/04 11:42	rstudio/shiny	master
18/07/04 11:40	rstudio/shiny	master
18/07/04 11:15	rstudio/httpuv	master
18/07/04 11:13	tidyverse/ggplot2	49619b7
18/07/04 11:13	duthedd/ggplot2	49619b7
18/07/04 11:13	hadley/ggplot2	49619b7
18/07/04 11:10	bgbrink/dropClust	master
18/07/04 11:08	rstudio/httpuv	master
18/07/04 10:07	thlytras/rspiro	master
18/07/04 09:54	sdray/adespatial	master
18/07/04 09:50	blosloos/nontarget	master
18/07/04 09:49	omegahat/XML	master
18/07/04 09:47	sdray/adespatial	master
18/07/04 09:47	blosloos/nontarget	master
18/07/04 09:46	blosloos/nontarget	master
18/07/04 09:42	gavinsimpson/ggvegan	master
18/07/04 09:41	kassambara/factoextra	master
18/07/04 09:05	privefl/bigstatsr	master
18/07/04 08:41	gkeele/miqtl	master
18/07/04 07:48	leeper/tabulizer	master
18/07/04 07:46	leeper/tabulizer	master
18/07/04 07:45	ropensci/tabulizerjars	master
18/07/04 06:19	hadley/ggplot2	49619b7
18/07/04 06:18	tidyverse/ggplot2	49619b7
18/07/04 04:46	thierrygosselin/radiator	master
18/07/04 04:43	green-striped-gecko/dartR	master
18/07/03 00:58	kloke/npsmReg2	master
18/07/03 00:57	kloke/hbrfit	master
18/07/03 00:55	rstudio/markdown	master
18/07/02 00:44	maRce10/warbleR	master
18/07/02 00:43	maRce10/warbleR	master
18/07/01 00:43	AndrewLJackson/siar	v4.2.3
18/07/01 00:36	AndrewLJackson/siar	v4.2.3
18/07/01 00:33	AndrewLJackson/siar	v4.2.3
18/07/01 00:33	AndrewLJackson/siar	v4.2.3
18/07/01 00:07	AndrewLJackson/siar	v4.2.3
18/07/01 00:05	AndrewLJackson/siar	v4.2.3
18/06/30 00:36	kevjohnson/healthdata	master
18/06/28 00:37	PeteHaitch/Aclust	master
18/06/28 00:25	benmoran11/rubias	master
18/06/27 00:04	RGLab/flowWorkspaceData	master
18/06/23 00:25	ddionrails/r2ddi	master
18/06/22 00:10	slfan2013/SERRFweb	master
18/06/21 00:46	aliceyiwang/mvabund	master
18/06/21 00:34	aliceyiwang/mvabund	master
18/06/21 00:17	aliceyiwang/mvabund	master
18/06/20 00:25	vqv/ggbiplot	master
18/06/19 00:53	mdavis29/Rcode	master
18/06/19 00:29	pachterlab/sleuth	master
18/06/18 00:33	sinhrks/ggfortify	master
18/06/16 00:02	kciomek/rorutadis	master
18/06/15 00:59	fernandabruno/musixmatchR	master
18/06/15 00:58	Gibbsdavidl/ConsensusClusterParallelPlus	master
18/06/15 00:54	tidyverse/tidyr	master
18/06/15 00:49	Arthurhe/Lightbulb	master
18/06/15 00:35	sgibb/benchgit	master
18/06/15 00:35	braverock/PortfolioAnalytics	master
18/06/15 00:32	R-Finance/RTAQ	master
18/06/15 00:31	R-Finance/FactorAnalytics	master
18/06/15 00:30	R-Finance/MPO	master
18/06/15 00:27	R-Finance/PApages	master
18/06/15 00:25	R-Finance/PortfolioAttribution	master
18/06/15 00:24	R-Finance/PortfolioAttribution	master
18/06/15 00:22	R-Finance/xtime	master
18/06/15 00:20	R-Finance/blotter	master
18/06/15 00:18	romainfrancois/nothing	master
18/06/15 00:18	joshuaulrich/TTR	master
18/06/15 00:16	joshuaulrich/xts	master
18/06/15 00:12	R-Finance/Meucci	master
18/06/12 00:31	mountainMath/cmhc	master
18/06/12 00:30	mountainMath/cancensus	master
18/06/12 00:30	patperry/rhdf5	master
18/06/12 00:26	patperry/rhdf5	master
18/06/12 00:21	patperry/rhdf5	master
18/06/07 00:34	tidyverse/ggplot2	master
18/06/07 00:32	LarsRichter82/larspack	master
18/06/07 00:31	cwickham/munsell	master
18/06/07 00:29	MichaelMalick/r-chroma	master
18/06/07 00:27	hadley/scales	master
18/06/07 00:26	hadley/scales	master
18/06/07 00:24	hadley/gtable	master
18/06/06 00:51	drizopoulos/JMbayes	master
18/06/06 00:28	hrbrmstr/taucharts	master
18/06/05 00:32	jrlockwood/eivtools	master
18/06/05 00:28	palmer0914/ML_for_Hackers	master
18/06/05 00:28	palmer0914/ML_for_Hackers	master
18/06/05 00:00	ujjwalkarn/xda	master
