18/05/10 22:27	hrbrmstr/taucharts	master
18/05/10 22:11	braverock/quantstrat	master
18/05/10 22:09	braverock/blotter	master
18/05/10 22:09	braverock/quantstrat	master
18/05/10 21:45	Rdatatable/data.table	master
18/05/10 20:02	geoffjentry/twitteR	master
18/05/10 18:57	NREL/repra	master
18/05/10 18:33	Zhiqiangcao/sim	master
18/05/10 18:33	Zhiqiangcao/iapvbs	master
18/05/10 18:33	Zhiqiangcao/gmusim	master
18/05/10 18:33	Zhiqiangcao/fdr	master
18/05/10 18:27	jackpalmer/LotameR	master
18/05/10 18:11	jackpalmer/LotameR	master
18/05/10 17:44	ropensci/cyphr	master
18/05/10 17:41	s-u/Cairo	master
18/05/10 17:41	s-u/Cairo	master
18/05/10 17:08	environmentalinformatics-marburg/mapview	master
18/05/10 17:08	r-spatial/mapview	master
18/05/10 16:39	mskilab/JaBbA	xt_debug
18/05/10 16:26	matthewjdenny/preText	master
18/05/10 13:08	hoxo-m/magicfor	master
18/05/10 12:18	Displayr/flipRegression	master
18/05/10 11:44	hfgolino/EGA	master
18/05/10 10:24	WinVector/QSurvival	master
18/05/10 09:19	Logiwo/tabulizer	master
18/05/10 09:18	abresler/fundManageR	master
18/05/10 09:14	ropensci/RSelenium	master
18/05/10 08:42	mcrucifix/gp	master
18/05/10 08:26	jonathon-love/car	master
18/05/10 08:26	hadley/dplyr	master
18/05/10 08:24	tidyverse/dplyr	master
18/05/10 08:19	dominikpeter/rsenal	master
18/05/10 08:09	rstudio/markdown	master
18/05/10 07:25	ajdamico/lodown	master
18/05/10 06:40	twitter/AnomalyDetection	master
18/05/10 06:15	vqv/ggbiplot	master
18/05/10 05:44	ogru/DGSA	master
18/05/10 03:36	bpfaff/mcrp	master
