18/10/28 10:03	gastonstat/arcdiagram	master
18/10/28 09:29	fcbarbi/ardl	master
18/10/28 09:19	gastonstat/arcdiagram	master
18/10/28 08:32	rpremraj/mailR	master
18/10/28 08:07	gastonstat/arcdiagram	master
18/10/28 07:04	arilamstein/choroplethrZip	%238
18/10/28 07:03	arilamstein/choroplethrZip	%238
18/10/28 07:02	arilamstein/choroplethrZip	%238
18/10/28 06:57	gastonstat/arcdiagram	master
18/10/28 01:20	jfq3/RDPutils	master
18/10/23 00:53	drizopoulos/JMbayes	master
18/10/23 00:49	drizopoulos/JMbayes	master
18/10/23 00:19	slowkow/ggrepel	master
18/10/21 00:24	belasi01/RspectroAbs	master
18/10/21 00:12	nclark-lab/RERconverge	master
18/10/18 00:36	dkahle/ggmap	master
18/10/11 00:33	sbfnk/fitR	master
18/10/05 00:48	Albluca/ElPiGraph.R	master
18/10/05 00:47	alexgenin/miscutils	master
18/10/05 00:46	alexgenin/miscutils	master
18/10/05 00:23	jbryer/likert	master
18/10/05 00:21	dgrtwo/snippr	master
18/10/03 00:54	gavinsimpson/ggvegan	master
18/10/03 00:53	amberalpha/toypkg	master
