18/08/24 07:46	ropensci/RSelenium	master
18/08/24 07:41	ropensci/RSelenium	master
18/08/24 07:38	ropensci/RSelenium	master
18/08/24 07:33	ropensci/RSelenium	master
18/08/24 07:33	ropensci/RSelenium	master
18/08/24 07:29	ropensci/RSelenium	master
18/08/24 07:25	ropensci/RSelenium	master
18/08/24 07:10	robjhyndman/forecast	master
18/08/24 06:48	robjhyndman/forecast	master
18/08/24 06:44	robjhyndman/forecast	master
18/08/24 06:38	robjhyndman/forecast	master
18/08/24 06:18	MarkEdmondson1234/googleID	master
18/08/24 05:16	hoxo-m/prophetExt	master
18/08/24 03:52	mikemeredith/makeJAGSmask	master
18/08/24 03:38	mikemeredith/makeJAGSmask	master
18/08/24 02:25	jfq3/ggordiplots	master
18/08/24 02:19	jfq3/ggordiplots	master
18/08/24 00:06	ramnathv/rCharts	master
18/08/24 00:06	ramnathv/rCharts	master
18/08/24 00:03	taiyun/corrplot	master
18/08/24 00:03	taiyun/corrplot	master
18/08/23 00:37	ropensci/tabulizerjars	master
18/08/22 00:49	ymattu/rjumanpp	master
18/08/22 00:48	ymattu/rjumanpp	master
18/08/22 00:31	Triamus/mandat	Fix-Mac-fopenmp-Issue
18/08/21 00:50	bacollier/moveud	master
18/08/18 00:45	ewenme/fplR	master
18/08/18 00:18	neuroconductor/extrantsr	master
18/08/16 00:11	BruceKendall/PVA	master
18/08/11 00:30	ramnathv/slidify	master
18/08/11 00:30	ramnathv/rCharts	master
18/08/11 00:14	uribo/jpndistrict	add_light_rds
18/08/09 00:39	rstudio/blogdown	master
18/08/07 00:17	drsimonj/corrr	master
18/08/03 00:59	mukul13/rword2vec	master
18/08/03 00:56	mukul13/rword2vec	master
18/08/03 00:15	mukul13/rword2vec	master
18/08/03 00:05	ricardo-bion/ggradar	master
18/08/01 00:58	leeper/tabulizer	master
18/08/01 00:58	leeper/tabulizerjars	master
18/08/01 00:57	KNMI/knmiR	3678061
18/07/30 00:03	smartinsightsfromdata/rpivotTable	master
18/07/29 00:56	AndrewLJackson/siar	master
18/07/29 00:55	AndrewLJackson/siar	master
18/07/29 00:51	SPATIAL-Lab/isorig	master
18/07/27 00:47	rmcelreath/rethinking	master
18/07/27 00:44	bayesball/BayesTestStreak	master
18/07/27 00:20	enriquea/feseR	master
18/07/26 00:56	hadley/devtools	master
18/07/26 00:23	thomasp85/patchwork	master
18/07/26 00:15	thomasp85/patchwork	master
