18/05/15 18:58	SilentSpringInstitute/springr	master
18/05/15 18:57	SilentSpringInstitute/springr	master
18/05/15 18:56	SilentSpringInstitute/springr	master
18/05/15 18:52	SilentSpringInstitute/springr	master
18/05/15 18:49	SilentSpringInstitute/springr	master
18/05/15 18:45	SilentSpringInstitute/springr	master
18/05/15 18:35	SilentSpringInstitute/springr	master
18/05/15 17:35	42n4/fUnitRoots	master
18/05/15 17:35	igidrfrg/ifrogs	master
18/05/15 17:34	42n4/fUnitRoots	master
18/05/15 17:28	grayclhn/oosanalysis-R-library	master
18/05/15 17:21	42n4/fUnitRoots	master
18/05/15 17:20	igidrfrg/ifrogs	master
18/05/15 17:11	jalvesaq/colorout	master
18/05/15 17:07	SilentSpringInstitute/springr	master
18/05/15 17:07	SilentSpringInstitute/springr	master
18/05/15 16:54	SilentSpringInstitute/springr	master
18/05/15 16:54	SilentSpringInstitute/springr	master
18/05/15 16:48	SilentSpringInstitute/springr	master
18/05/15 16:47	SilentSpringInstitute/springr	master
18/05/15 16:41	SilentSpringInstitute/springr	master
18/05/15 16:41	SilentSpringInstitute/springr	master
18/05/15 16:27	aliceyiwang/mvabund	master
18/05/15 15:46	SilentSpringInstitute/springr	master
18/05/15 15:45	SilentSpringInstitute/springr	master
18/05/15 15:45	SilentSpringInstitute/springr	master
18/05/15 15:44	SilentSpringInstitute/springr	master
18/05/15 15:42	hadley/lineprof	master
18/05/15 15:40	SilentSpringInstitute/springr	master
18/05/15 15:39	SilentSpringInstitute/springr	master
18/05/15 15:37	SilentSpringInstitute/springr	master
18/05/15 15:04	jacob-long/jtools	master
18/05/15 15:01	hoxo-m/densratio	0.1-37
18/05/15 15:01	hoxo-m/densratio	0.1-37
18/05/15 15:00	rstudio/tfdeploy	master
18/05/15 14:45	SilentSpringInstitute/springr	master
18/05/15 14:42	cjgb/rPython-win	master
18/05/15 14:41	cjgb/rPython-win	master
18/05/15 14:40	sooheang/PythonR	master
18/05/15 14:39	s-u/rpython	master
18/05/15 14:20	rstats-db/RMariaDB	master
18/05/15 14:02	ujjwalkarn/xda	master
18/05/15 13:59	kuppal2/xmsPANDA	master
18/05/15 13:54	skardhamar/rga	master
18/05/15 13:49	CharlesJB/bioc	master
18/05/15 13:49	anasrana/spector	master
18/05/15 13:49	gabrielrega/xlsb	master
18/05/15 13:49	johndharrison/wdman	master
18/05/15 13:49	EdwinTh/tidytools	master
18/05/15 13:49	hrbrmstr/taucharts	master
18/05/15 13:49	pkvreddy/shinypkv	master
18/05/15 13:49	Bioconductor/S4Vectors	master
18/05/15 13:49	ropensci/RSelenium	master
18/05/15 13:49	kasperdanielhansen/Rgraphviz	master
18/05/15 13:49	NateByers/region5air	master
18/05/15 13:49	r-lib/pkgload	master
18/05/15 13:49	r-lib/pkgbuild	master
18/05/15 13:49	timelyportfolio/parcoords	master
18/05/15 13:49	hrbrmstr/nominatim	master
18/05/15 13:49	hadley/lobstr	master
18/05/15 13:48	Bioconductor/IRanges	master
18/05/15 13:48	callumgwtaylor/hdxr	master
18/05/15 13:48	wch/harbor	master
18/05/15 13:48	Bioconductor/graph	master
18/05/15 13:48	ricardo-bion/ggradar	master
18/05/15 13:48	vqv/ggbiplot	master
18/05/15 13:48	dgrtwo/gganimate	master
18/05/15 13:48	erikbjohn/geocode	master
18/05/15 13:48	Bioconductor/GenomicRanges	master
18/05/15 13:47	Bioconductor/GenomeInfoDb	master
18/05/15 13:47	Bioconductor/GenomeInfoDb	master
18/05/15 13:47	JosiahParry/geniusR	master
18/05/15 13:47	zzawadz/fileCacheR	master
18/05/15 13:47	Bioconductor/BiocInstaller	master
18/05/15 13:47	Bioconductor/BiocGenerics	master
18/05/15 13:46	johndharrison/binman	master
18/05/15 13:46	rasmusab/bayesian_first_aid	master
18/05/15 13:46	twitter/AnomalyDetection	master
18/05/15 13:03	skiptoniam/bbgdm	master
18/05/15 12:39	perishky/meffil	master
18/05/15 12:28	awblocker/fastGHQuad	master
18/05/15 12:26	awblocker/fastGHQuad	master
18/05/15 11:42	perishky/meffil	master
18/05/15 10:43	vst/mgarch	master
18/05/15 10:28	vst/mgarch	master
18/05/15 10:21	cbielow/PTXQC	QC2018_debug
18/05/15 10:09	abresler/gdeltr2	master
18/05/15 10:08	abresler/gdeltr2	master
18/05/15 10:08	hafen/trelliscopejs	master
18/05/15 10:07	hafen/trelliscopejs	master
18/05/15 10:06	hafen/trelliscopejs	master
18/05/15 09:58	hafen/trelliscopejs	master
18/05/15 09:55	abresler/gdeltr2	master
18/05/15 09:55	thlytras/rspiro	master
18/05/15 09:41	StoreyLab/qvalue	master
18/05/15 09:28	CharlesJB/bioc	master
18/05/15 09:27	anasrana/spector	master
18/05/15 09:27	gabrielrega/xlsb	master
18/05/15 09:27	johndharrison/wdman	master
18/05/15 09:27	EdwinTh/tidytools	master
18/05/15 09:26	hrbrmstr/taucharts	master
18/05/15 09:26	pkvreddy/shinypkv	master
18/05/15 09:26	Bioconductor/S4Vectors	master
18/05/15 09:24	ropensci/RSelenium	master
18/05/15 09:23	kasperdanielhansen/Rgraphviz	master
18/05/15 09:22	NateByers/region5air	master
18/05/15 09:21	zhengxwen/SNPRelate	master
18/05/15 09:21	r-pkgs/pkgload	master
18/05/15 09:20	r-pkgs/pkgbuild	master
18/05/15 09:20	timelyportfolio/parcoords	master
18/05/15 09:20	hrbrmstr/nominatim	master
18/05/15 09:20	hadley/lobstr	master
18/05/15 09:18	Bioconductor/IRanges	master
18/05/15 09:13	callumgwtaylor/hdxr	master
18/05/15 09:13	wch/harbor	master
18/05/15 09:13	Bioconductor/graph	master
18/05/15 09:11	ricardo-bion/ggradar	master
18/05/15 09:11	vqv/ggbiplot	master
18/05/15 09:11	dgrtwo/gganimate	master
18/05/15 09:10	scottcame/geocode	master
18/05/15 09:10	Bioconductor/GenomicRanges	master
18/05/15 09:09	Bioconductor/GenomeInfoDb	master
18/05/15 09:09	Bioconductor/GenomeInfoDb	master
18/05/15 09:08	JosiahParry/geniusR	master
18/05/15 09:08	zzawadz/fileCacheR	master
18/05/15 09:08	Bioconductor/BiocInstaller	master
18/05/15 09:07	schifferl/BiocGenerics	master
18/05/15 09:03	johndharrison/binman	master
18/05/15 09:03	rasmusab/bayesian_first_aid	master
18/05/15 09:03	twitter/AnomalyDetection	master
18/05/15 08:58	hfgolino/EGA	master
18/05/15 07:29	ymattu/MlBayesOpt	master
18/05/15 06:58	ujjwalkarn/xda	master
18/05/15 06:57	ujjwalkarn/xda	master
18/05/15 06:20	braverock/blotter	master
18/05/15 04:19	nacnudus/unpivotr	master
18/05/15 03:44	Albluca/rpgraph	master
18/05/15 03:44	AldoCompagnoni/popler	master
18/05/15 03:43	jeroen/unix	master
18/05/15 03:43	JARS3N/door	master
18/05/15 03:43	sjkiss/tm.lexicodeR	master
18/05/15 03:43	durtal/RcappeR	master
18/05/15 03:43	Nowosad/spDataLarge	master
18/05/15 03:43	AndySouth/rnaturalearthhires	master
18/05/15 03:43	omegahat/SWinTypeLibs	master
18/05/15 03:43	omegahat/Rcompression	master
18/05/15 03:43	allr/rcov	master
18/05/15 03:43	ropensci/RSelenium	master
18/05/15 03:43	JasonHackney/ReportingTools	master
18/05/15 03:42	Bioconductor/Biostrings	master
18/05/15 03:07	HenrikBengtsson/globals	master
18/05/15 03:07	Shians/Glimma	master
18/05/15 03:06	OHDSI/ff	master
18/05/15 03:06	mschubert/narray	master
18/05/15 03:06	PeteHaitch/Aclust	master
18/05/15 03:05	Bioconductor/BiocInstaller	master
18/05/15 03:05	eilslabs/ComplexHeatmap	master
18/05/15 03:05	hrbrmstr/sanders	master
18/05/15 03:05	pmarchand1/waver	master
18/05/15 03:05	rdpeng/cachesweave	master
18/05/15 03:05	kasperdanielhansen/Rgraphviz	master
18/05/15 03:01	Bioconductor/graph	master
18/05/15 03:01	Bioconductor/Biobase	master
18/05/15 03:01	grimbough/biomaRt	master
18/05/15 03:01	Albluca/rpgraph	master
18/05/15 03:00	AldoCompagnoni/popler	master
18/05/15 03:00	jeroen/unix	master
18/05/15 03:00	JARS3N/door	master
18/05/15 03:00	sjkiss/tm.lexicodeR	master
18/05/15 03:00	AldoCompagnoni/popler	master
18/05/15 03:00	durtal/RcappeR	master
18/05/15 02:59	jeroen/unix	master
18/05/15 02:59	Nowosad/spDataLarge	master
18/05/15 02:58	AndySouth/rnaturalearthhires	master
18/05/15 02:57	jokergoo/ComplexHeatmap	master
18/05/15 02:57	omegahat/SWinTypeLibs	master
18/05/15 02:57	omegahat/Rcompression	master
18/05/15 02:56	allr/rcov	master
18/05/15 02:56	ropensci/RSelenium	master
18/05/15 02:56	JasonHackney/ReportingTools	master
18/05/15 02:56	Bioconductor/Biostrings	master
18/05/15 02:55	HenrikBengtsson/globals	master
18/05/15 02:55	Shians/Glimma	master
18/05/15 02:55	OHDSI/ff	master
18/05/15 02:55	mschubert/narray	master
18/05/15 02:54	PeteHaitch/Aclust	master
18/05/15 02:54	Bioconductor/BiocInstaller	master
18/05/15 02:54	eilslabs/ComplexHeatmap	master
18/05/15 02:53	hrbrmstr/sanders	master
18/05/15 02:53	JARS3N/door	master
18/05/15 02:53	pmarchand1/waver	master
18/05/15 02:53	rdpeng/cachesweave	master
18/05/15 02:53	kasperdanielhansen/Rgraphviz	master
18/05/15 02:52	Bioconductor/graph	master
18/05/15 02:52	Bioconductor/Biobase	master
18/05/15 02:51	grimbough/biomaRt	master
18/05/15 02:50	Albluca/rpgraph	master
18/05/15 01:10	andrewpbray/oilabs	master
18/05/15 00:38	andrewpbray/oilabs	master
18/05/15 00:30	andrewpbray/oilabs	master
18/05/15 00:18	andrewpbray/oilabs	master
18/05/15 00:17	andrewpbray/oilabs	master
18/05/12 00:45	kassambara/ggpubr	master
18/05/12 00:44	kassambara/ggpubr	master
18/05/12 00:37	kassambara/factoextra	master
18/05/11 00:53	uribo/jpndistrict	add_light_rds
18/05/11 00:52	jm3594/crtpower	master
18/05/11 00:52	uribo/jpndistrict	add_light_rds
18/05/06 00:51	mclements/rstpm2	master
18/05/06 00:19	rpradosiqueira/brazilmaps	master
18/05/06 00:15	lucasmation/microdadosBrasil	master
18/05/03 00:28	RomeroBarata/dcme	master
18/05/02 00:02	sinhrks/ggfortify	master
18/05/01 00:33	thlytras/rspiro	master
18/05/01 00:33	thlytras/rspiro	master
18/04/28 00:35	predict-r/rtika	master
18/04/28 00:24	dgrtwo/rparse	master
18/04/26 00:30	alfcrisci/rBiometeo	master
18/04/21 00:44	jbryer/timeline	master
18/04/18 00:54	hoxo-m/prophetExt	master
18/04/18 00:53	evanwang1990/FMwR	master
18/04/18 00:08	hoxo-m/pforeach	master
18/04/15 00:35	dkahle/ggmap	master
