18/06/27 17:51	kthohr/BMR	master
18/06/27 17:15	braverock/PerformanceAnalytics	master
18/06/27 17:11	braverock/PerformanceAnalytics	master
18/06/27 17:10	braverock/PerformanceAnalytics	master
18/06/27 17:08	braverock/PerformanceAnalytics	master
18/06/27 16:52	cpsievert/pitchRx	master
18/06/27 16:46	Ironholds/pageviews	master
18/06/27 16:09	vinhtantran/monoClust	master
18/06/27 16:09	vinhtantran/monoClust	master
18/06/27 16:09	vinhtantran/monoClust	master
18/06/27 16:01	freestone-lab/TSExperiment	master
18/06/27 15:28	edwindj/ffbase	master
18/06/27 15:26	labressler/multts	master
18/06/27 15:24	labressler/multts	master
18/06/27 15:21	labressler/multts	master
18/06/27 15:19	kindlychung/ff	master
18/06/27 15:18	edwindj/ffbase	master
18/06/27 13:28	hoxo-m/prophetExt	master
18/06/27 13:17	ujjwalkarn/xda	master
18/06/27 12:52	rstats-db/RSQLite	master
18/06/27 12:51	rstats-db/RMySQL	master
18/06/27 12:50	rstats-db/RMySQL	master
18/06/27 12:45	hoxo-m/prophetExt	master
18/06/27 12:12	awalker89/openxlsx	master
18/06/27 12:11	RcppCore/RcppArmadillo	master
18/06/27 12:10	RcppCore/Rcpp	master
18/06/27 12:09	melff/memisc	master
18/06/27 12:08	hadley/lubridate	master
18/06/27 12:07	richierocks/rebus	master
18/06/27 12:07	csgillespie/efficientR	master
18/06/27 12:06	csgillespie/efficientR	master
18/06/27 11:59	hadley/tidyverse	master
18/06/27 11:49	hadley/tidyverse	master
18/06/27 11:33	ricardo-bion/ggradar	master
18/06/27 11:27	ricardo-bion/ggradar	master
18/06/27 11:21	ricardo-bion/ggradar	master
18/06/27 11:16	ricardo-bion/ggradar	master
18/06/27 11:11	zdealveindy/weimea	master
18/06/27 11:06	zdealveindy/weimea	master
18/06/27 11:04	zdealveindy/weimea	master
18/06/27 11:02	ricardo-bion/ggradar	master
18/06/27 10:49	zdealveindy/weimea	master
18/06/27 10:41	zdealveindy/weimea	master
18/06/27 10:40	zdealveindy/weimea	master
18/06/27 10:26	metno/esd	master
18/06/27 10:11	sw1/themetagenomics	master
18/06/27 10:05	csgillespie/efficientR	master
18/06/27 10:00	csgillespie/efficientR	master
18/06/27 09:54	hadley/tidyverse	master
18/06/27 09:53	hadley/tidyverse	master
18/06/27 09:51	hadley/tidyverse	master
18/06/27 08:46	cloudyr/bigQueryR	master
18/06/27 08:34	MarkEdmondson1234/bigQueryR	master
18/06/27 08:33	johndharrison/wdman	master
18/06/27 08:33	johndharrison/binman	master
18/06/27 08:31	skoval/deuce	master
18/06/27 08:24	ropensci/RSelenium	master
18/06/27 04:20	rgmantovani/MfeatExtractor	master
18/06/27 03:53	twitter/AnomalyDetection	master
18/06/27 03:34	ahvigil/randomForest	master
18/06/27 03:33	ahvigil/randomForest	master
18/06/27 03:32	hadley/plyr	master
18/06/27 03:31	ropensci/plotly	master
18/06/27 03:31	ropensci/plotly	master
18/06/27 03:31	ropensci/plotly	master
18/06/27 02:45	jimhester/lookup	master
18/06/27 02:22	twitter/AnomalyDetection	master
18/06/27 02:21	twitter/AnomalyDetection	master
18/06/27 02:11	twitter/AnomalyDetection	master
18/06/27 02:10	twitter/AnomalyDetection	master
18/06/27 01:46	twitter/AnomalyDetection	master
18/06/27 01:40	twitter/AnomalyDetection	master
18/06/27 01:39	twitter/AnomalyDetection	master
18/06/27 01:37	twitter/AnomalyDetection	master
