18/01/08 17:57	ropensci/tabulizerjars	v0.8.0
18/01/08 17:53	ropensci/tabulizer	master
18/01/08 17:53	ropensci/tabulizerjars	master
18/01/08 16:54	baweiher/bloom	master
18/01/08 16:17	leeper/tabulizer	master
18/01/08 16:17	ropensci/tabulizerjars	master
18/01/08 16:12	grafab/gsrc	master
18/01/08 16:11	grafab/gsrc	master
18/01/08 16:11	leeper/tabulizer	master
18/01/08 16:11	ropensci/tabulizerjars	master
18/01/08 16:10	grafab/gsrc	master
18/01/08 16:10	tarakc02/preprocessr	master
18/01/08 16:09	grafab/gsrc	master
18/01/08 16:09	veseshan/DNAcopy	master
18/01/08 16:09	ropenscilabs/tabulizer	master
18/01/08 16:08	rtsho/preprocessr	master
18/01/08 16:08	ropensci/tabulizerjars	master
18/01/08 16:08	peterxeno/preprocessr	master
18/01/08 16:08	artichaud1/preprocessr	master
18/01/08 16:07	Shians/Glimma	master
18/01/08 16:06	HenrikBengtsson/illuminaio	master
18/01/08 16:00	HenrikBengtsson/illuminaio	master
18/01/08 15:55	ropenscilabs/tabulizer	master
18/01/08 15:54	ropensci/tabulizerjars	master
18/01/08 15:21	jimhester/bloom	master
18/01/08 15:10	grafab/gsrc	master
18/01/08 15:09	grafab/gsrc	master
18/01/08 14:43	krlmlr/MultiLevelIPF	master
18/01/08 14:17	jimhester/bloom	master
18/01/08 14:13	R-Finance/quantstrat	master
18/01/08 14:12	R-Finance/quantstrat	master
18/01/08 14:12	braverock/quantstrat	master
18/01/08 14:12	R-Finance/quantstrat	master
18/01/08 14:11	braverock/quantstrat	master
18/01/08 12:53	jimhester/bloom	master
18/01/08 11:33	tidyverse/ggplot2	master
18/01/08 11:26	tidyverse/ggplot2	master
18/01/08 11:26	hadley/ggplot2	master
18/01/08 11:10	rstudio/DT	master
18/01/08 11:07	rstudio/DT	master
18/01/08 11:05	rstudio/DT	master
18/01/08 10:48	MarkEdmondson1234/youtubeAnalyticsR	master
18/01/08 09:50	soodoku/tuber	master
18/01/08 08:57	matthewwolak/ICC	master
18/01/08 06:52	artemklevtsov/prof.tree	master
18/01/03 00:17	Bioconductor/GSEABase	master
18/01/03 00:17	Bioconductor/GSEABase	master
18/01/03 00:16	Bioconductor/GSEABase	master
18/01/02 00:50	hoxo-m/prophetExt	master
18/01/02 00:13	alstat/rface	master
18/01/02 00:10	alstat/rface	master
17/12/31 00:30	hrbrmstr/ggalt	master
17/12/31 00:28	Bioconductor/BiocGenerics	master
17/12/31 00:10	gustavobio/semeco	master
17/12/31 00:05	gustavobio/semeco	master
17/12/31 00:04	gustavobio/semeco	master
17/12/31 00:01	gustavobio/semeco	master
17/12/28 00:25	IQSS/Zelig	master
17/12/27 00:02	tomvar/bundling	master
17/12/17 00:55	ujjwalkarn/xda	master
17/12/16 00:24	ColtoCaro/compMS	master
17/12/15 00:59	crsh/papaja	master
17/12/15 00:57	crsh/papaja	master
17/12/15 00:56	crsh/papaja	master
17/12/14 00:22	tlafarge/alphashape3d	master
17/12/14 00:11	tlafarge/alphashape3d	master
17/12/13 00:38	hrbrmstr/nominatim	master
17/12/12 00:54	BioStatMatt/sas7bdat.parso	master
17/12/12 00:53	BioStatMatt/sas7bdat.parso	master
17/12/12 00:50	BioStatMatt/sas7bdat.parso	master
17/12/12 00:45	BioStatMatt/sas7bdat.parso	master
