18/03/26 22:43	edzer/hexbin	master
18/03/26 22:14	rich-iannone/DiagrammeR	master
18/03/26 22:14	hoxo-m/magicfor	master
18/03/26 22:04	tidyverse/dplyr	master
18/03/26 22:03	rich-iannone/DiagrammeR	master
18/03/26 21:38	tidyverse/ggplot2	49619b7
18/03/26 21:25	raerose01/deconstructSigs	master
18/03/26 20:14	ujjwalkarn/xda	master
18/03/26 19:57	ramnathv/slidify	master
18/03/26 19:56	ramnathv/slidify	master
18/03/26 19:21	ao90/PRIM	master
18/03/26 19:15	OHDSI/DDLgeneratr	master
18/03/26 18:31	pacificclimate/Rudunits2	master
18/03/26 18:26	Bioconductor/Icens	master
18/03/26 17:06	jrboyd/seqsetvis	master
18/03/26 16:56	jrboyd/seqsetvis	master
18/03/26 16:31	sjmgarnier/viridis	master
18/03/26 16:29	marcosci/cividis	master
18/03/26 15:23	ifellows/TestingHistoryIncidence	master
18/03/26 15:23	ifellows/TestingHistoryIncidence	master
18/03/26 14:25	hadley/httr	master
18/03/26 14:24	jackpalmer/LotameR	master
18/03/26 14:06	twitter/AnomalyDetection	master
18/03/26 14:04	twitter/AnomalyDetection	master
18/03/26 14:03	ifellows/TestingHistoryIncidence	master
18/03/26 13:51	msuefishlab/tdmsviewer	master
18/03/26 13:46	patr1ckm/mvtboost	master
18/03/26 13:44	patr1ckm/mvtboost	master
18/03/26 13:43	patr1ckm/mvtboost	master
18/03/26 13:37	patr1ckm/mvtboost	master
18/03/26 13:23	patr1ckm/mvtboost	master
18/03/26 13:06	paul-buerkner/brms	master
18/03/26 13:05	paul-buerkner/brms	master
18/03/26 12:20	NumbersInternational/flipRegression	master
18/03/26 12:17	Displayr/flipRegression	master
18/03/26 10:26	paul-buerkner/brms	master
18/03/26 10:25	paul-buerkner/brms	master
18/03/26 10:20	vqv/ggbiplot	master
18/03/26 09:55	paul-buerkner/brms	master
18/03/26 09:38	vqv/ggbiplot	master
18/03/26 09:28	vqv/ggbiplot	master
18/03/26 09:26	ricardo-bion/ggradar	master
18/03/26 09:19	vqv/ggbiplot	master
18/03/26 09:05	joey711/biom	master
18/03/26 09:03	joey711/biom	master
18/03/26 09:02	joey711/biom	master
18/03/26 07:04	leeper/tabulizer	master
18/03/26 07:03	ropensci/tabulizerjars	master
18/03/26 06:36	bgreenwell/mertree	master
18/03/26 06:25	mikemeredith/makeJAGSmask	master
18/03/26 01:25	ujjwalkarn/xda	master
18/03/26 01:23	twitter/AnomalyDetection	master
18/03/26 01:22	swirldev/swirl	master
18/03/24 00:43	SachaEpskamp/semPlot	master
18/03/23 00:07	r-lib/rlang	master
18/03/23 00:06	tidyverse/rlang	master
18/03/22 00:12	gabrielrvsc/HDeconometrics	master
18/03/21 00:54	cbw1243/marginalfit	master
18/03/21 00:45	umerijaz/microbiomeSeq	master
18/03/18 00:29	sinhrks/ggfortify	master
18/03/16 00:37	stnava/ITKR	master
18/03/15 00:38	JoshuaSlocum/kagglr	master
18/03/15 00:09	aminondo/iX-Rpackage	sc
18/03/14 00:40	BIMSBbioinfo/genomation	master
18/03/14 00:39	yihui/knitr	master
18/03/14 00:35	BIMSBbioinfo/genomation	master
18/03/12 00:08	mroberts/stmBrowser	master
18/03/12 00:07	methodds/stminsights	master
18/03/08 00:58	peterxeno/preprocessr	master
18/03/08 00:57	artichaud1/preprocessr	master
18/03/08 00:45	USGS-R/waterData	master
18/03/08 00:03	jdblischak/workflowr	master
18/03/08 00:01	jdblischak/workflowr	master
18/03/07 00:51	hadley/haven	master
18/03/07 00:20	ropensci/tabulizer	master
18/03/07 00:20	ropensci/tabulizerjars	master
18/03/07 00:13	sjmgarnier/viridis	master
18/03/06 00:08	GuangchuangYu/ggtree	master
18/03/05 00:38	gavinsimpson/tsgam	master
18/03/02 00:59	ECO230/eco230r	master
18/03/02 00:42	ropensci/ghql	master
18/03/02 00:08	ECO230/eco230r	master
18/03/02 00:04	ECO230/eco230r	master
18/03/02 00:04	ECO230/eco230r	master
18/03/02 00:04	ECO230/eco230r	master
18/03/02 00:03	ECO230/eco230r	master
18/02/28 00:58	ECO230/eco230r	master
18/02/28 00:41	kbroman/horizon	master
18/02/28 00:16	ECO230/eco230r	master
18/02/28 00:10	ECO230/eco230r	master
18/02/28 00:10	ECO230/eco230r	master
18/02/28 00:10	ECO230/eco230r	master
18/02/27 00:45	renozao/NMF	devel
18/02/27 00:39	tidyverse/haven	master
18/02/27 00:35	tidyverse/haven	master
18/02/27 00:00	ECO230/eco230r	master
18/02/26 00:55	James-Thorson/FishLife	master
18/02/24 00:41	briofons/R-Package-RJIRA	master
