18/01/27 21:52	wjones127/tidystan	master
18/01/27 21:52	rstudio/tflearn	master
18/01/27 21:51	JasonGregory/dlearn	master
18/01/27 18:29	hoxo-m/magicfor	master
18/01/27 13:14	dkahle/ggmap	b1c002d
18/01/27 13:10	dkahle/ggmap	b1c002d
18/01/27 13:07	dkahle/ggmap	b1c002d
18/01/27 09:56	SMBC-NZP/MigConnectivity	develop
18/01/27 03:59	rhochreiter/scenarios	master
18/01/21 00:14	IRkernel/IRkernel	master
18/01/14 00:03	jr-packages/jrModelling	master
18/01/03 00:17	Bioconductor/GSEABase	master
18/01/03 00:17	Bioconductor/GSEABase	master
18/01/03 00:16	Bioconductor/GSEABase	master
18/01/02 00:50	hoxo-m/prophetExt	master
18/01/02 00:13	alstat/rface	master
18/01/02 00:10	alstat/rface	master
17/12/31 00:30	hrbrmstr/ggalt	master
17/12/31 00:28	Bioconductor/BiocGenerics	master
17/12/31 00:10	gustavobio/semeco	master
17/12/31 00:05	gustavobio/semeco	master
17/12/31 00:04	gustavobio/semeco	master
17/12/31 00:01	gustavobio/semeco	master
17/12/28 00:25	IQSS/Zelig	master
