18/08/31 12:36	al2na/methylKit	master
18/08/31 12:30	al2na/methylKit	master
18/08/31 12:24	dinmatias/reconproGS	master
18/08/31 11:58	kassambara/easyGgplot2	master
18/08/31 11:24	tidyverse/tidyverse	master
18/08/31 11:24	hadley/tidyverse	master
18/08/31 11:24	hadley/tidyverse	master
18/08/31 11:04	neuropsychology/psycho.R	master
18/08/31 10:50	pzhaonet/bookdownplus	master
18/08/31 10:49	pzhaonet/bookdownplus	master
18/08/31 10:49	rstudio/bookdown	master
18/08/31 10:47	pzhaonet/bookdownplus	master
18/08/31 08:04	zaj13/proxi	master
18/08/31 08:03	zaj13/proxi	master
18/08/31 07:01	paulhendricks/titanic	master
18/08/31 06:44	tidyverse/ggplot2	d697622
18/08/31 06:40	tidyverse/ggplot2	d697622
18/08/31 06:31	twitter/AnomalyDetection	master
18/08/31 06:28	tidyverse/ggplot2	d697622
18/08/31 06:27	hoxo-m/densratio	d697622
18/08/31 06:20	tidyverse/ggplot2	3c9c504
18/08/31 06:17	hadley/ggplot2	3c9c504
18/08/31 06:13	tidyverse/ggplot2	4ee6c94
18/08/31 06:12	duthedd/ggplot2	4ee6c94
18/08/31 06:12	hadley/ggplot2	4ee6c94
18/08/31 06:10	topepo/rsample	master
18/08/31 06:10	uc-cfss/rcfss	master
18/08/31 06:09	hadley/ggplot2	49619b7
18/08/31 06:06	dantonnoriega/xmltools	master
18/08/31 06:05	dantonnoriega/xmltools	master
18/08/31 06:03	dantonnoriega/xmltools	master
18/08/31 04:11	hoxo-m/prophetExt	master
18/08/31 02:10	colinr23/spatialcompare	master
18/08/30 00:53	ricardo-bion/ggradar	master
18/08/30 00:48	ricardo-bion/ggradar	master
18/08/29 00:47	rstudio/leaflet	master
18/08/29 00:42	rstudio/leaflet	master
18/08/28 00:09	jutako/Rtools	master
18/08/27 00:14	aoles/EBImage	master
18/08/24 00:06	ramnathv/rCharts	master
18/08/24 00:06	ramnathv/rCharts	master
18/08/24 00:03	taiyun/corrplot	master
18/08/24 00:03	taiyun/corrplot	master
18/08/23 00:37	ropensci/tabulizerjars	master
18/08/22 00:49	ymattu/rjumanpp	master
18/08/22 00:48	ymattu/rjumanpp	master
18/08/22 00:31	Triamus/mandat	Fix-Mac-fopenmp-Issue
18/08/21 00:50	bacollier/moveud	master
18/08/18 00:45	ewenme/fplR	master
18/08/18 00:18	neuroconductor/extrantsr	master
18/08/16 00:11	BruceKendall/PVA	master
18/08/11 00:30	ramnathv/slidify	master
18/08/11 00:30	ramnathv/rCharts	master
18/08/11 00:14	uribo/jpndistrict	add_light_rds
18/08/09 00:39	rstudio/blogdown	master
18/08/07 00:17	drsimonj/corrr	master
18/08/03 00:59	mukul13/rword2vec	master
18/08/03 00:56	mukul13/rword2vec	master
18/08/03 00:15	mukul13/rword2vec	master
18/08/03 00:05	ricardo-bion/ggradar	master
18/08/01 00:58	leeper/tabulizer	master
18/08/01 00:58	leeper/tabulizerjars	master
18/08/01 00:57	KNMI/knmiR	3678061
