18/07/11 20:50	johnbaums/jagstools	master
18/07/11 20:05	twitter/AnomalyDetection	master
18/07/11 19:36	jeffwong/imputation	master
18/07/11 19:36	jeffwong/imputation	master
18/07/11 19:34	noamross/juicer	master
18/07/11 19:30	hfgolino/EGA	master
18/07/11 19:08	mebaran/rsalesforce	master
18/07/11 19:04	mebaran/rsalesforce	master
18/07/11 18:40	gbm-developers/gbm3	master
18/07/11 17:30	philchalmers/mirt	master
18/07/11 17:09	ngloe/olpsR	master
18/07/11 16:59	philchalmers/mirt	master
18/07/11 16:43	philchalmers/mirt	master
18/07/11 15:48	ccolonescu/PoEdata	master
18/07/11 14:17	hadley/ggplot2	49619b7
18/07/11 14:14	vqv/ggbiplot	master
18/07/11 13:51	gbm-developers/gbm3	master
18/07/11 13:43	gbm-developers/gbm3	master
18/07/11 13:39	gbm-developers/gbm3	master
18/07/11 13:38	gbm-developers/gbm3	master
18/07/11 13:24	hadley/ggplot2	49619b7
18/07/11 13:18	MRCIEU/MRInstruments	master
18/07/11 13:15	MRCIEU/TwoSampleMR	master
18/07/11 11:26	LasseHjort/cuRe	master
18/07/11 11:20	mclements/rstpm2	develop
18/07/11 11:16	LasseHjort/cuRe	master
18/07/11 11:01	mclements/rstpm2	develop
18/07/11 09:57	ropensci/tabulizer	master
18/07/11 09:57	ropensci/tabulizerjars	master
18/07/11 09:31	wokai/rbamtools	master
18/07/11 09:08	bwlewis/RSQLServer	master
18/07/11 09:07	imanuelcostigan/RSQLServer	master
18/07/11 09:06	imanuelcostigan/RSQLServer	master
18/07/11 09:05	imanuelcostigan/RSQLServer	master
18/07/11 09:02	garrettgman/DSR	master
18/07/11 09:00	imanuelcostigan/RSQLServer	master
18/07/11 08:46	hoxo-m/magicfor	master
18/07/11 08:42	insysbio/dbs-package	master
18/07/11 03:17	tinyheero/oncosnputils	master
18/07/11 02:24	ropenscilabs/tabulizer	master
18/07/11 02:24	leeper/tabulizerjars	master
18/07/11 00:31	pmoulos/recover	master
18/07/11 00:17	noamross/rnodejs	master
18/07/11 00:15	ilapros/GOFmeas	master
18/07/11 00:15	bamonroe/ctools	master
18/07/07 00:55	Bioconductor/GenomicRanges	master
18/07/07 00:34	jianhong/ATACseqQC	master
18/07/07 00:34	vinhtantran/monoClust	master
18/07/07 00:26	vinhtantran/monoClust	master
18/07/06 00:20	jianhong/ATACseqQC	master
18/07/06 00:02	vqv/ggbiplot	master
18/07/06 00:02	vqv/ggbiplot	master
18/07/06 00:02	vqv/ggbiplot	master
18/07/06 00:02	vqv/ggbiplot	master
18/07/06 00:01	vqv/ggbiplot	master
18/07/05 00:26	ropenscilabs/rnaturalearthhires	master
18/07/03 00:58	kloke/npsmReg2	master
18/07/03 00:57	kloke/hbrfit	master
18/07/03 00:55	rstudio/markdown	master
18/07/02 00:44	maRce10/warbleR	master
18/07/02 00:43	maRce10/warbleR	master
18/07/01 00:43	AndrewLJackson/siar	v4.2.3
18/07/01 00:36	AndrewLJackson/siar	v4.2.3
18/07/01 00:33	AndrewLJackson/siar	v4.2.3
18/07/01 00:33	AndrewLJackson/siar	v4.2.3
18/07/01 00:07	AndrewLJackson/siar	v4.2.3
18/07/01 00:05	AndrewLJackson/siar	v4.2.3
18/06/30 00:36	kevjohnson/healthdata	master
18/06/28 00:37	PeteHaitch/Aclust	master
18/06/28 00:25	benmoran11/rubias	master
18/06/27 00:04	RGLab/flowWorkspaceData	master
18/06/23 00:25	ddionrails/r2ddi	master
18/06/22 00:10	slfan2013/SERRFweb	master
18/06/21 00:46	aliceyiwang/mvabund	master
18/06/21 00:34	aliceyiwang/mvabund	master
18/06/21 00:17	aliceyiwang/mvabund	master
18/06/20 00:25	vqv/ggbiplot	master
18/06/19 00:53	mdavis29/Rcode	master
18/06/19 00:29	pachterlab/sleuth	master
18/06/18 00:33	sinhrks/ggfortify	master
18/06/16 00:02	kciomek/rorutadis	master
18/06/15 00:59	fernandabruno/musixmatchR	master
18/06/15 00:58	Gibbsdavidl/ConsensusClusterParallelPlus	master
18/06/15 00:54	tidyverse/tidyr	master
18/06/15 00:49	Arthurhe/Lightbulb	master
18/06/15 00:35	sgibb/benchgit	master
18/06/15 00:35	braverock/PortfolioAnalytics	master
18/06/15 00:32	R-Finance/RTAQ	master
18/06/15 00:31	R-Finance/FactorAnalytics	master
18/06/15 00:30	R-Finance/MPO	master
18/06/15 00:27	R-Finance/PApages	master
18/06/15 00:25	R-Finance/PortfolioAttribution	master
18/06/15 00:24	R-Finance/PortfolioAttribution	master
18/06/15 00:22	R-Finance/xtime	master
18/06/15 00:20	R-Finance/blotter	master
18/06/15 00:18	romainfrancois/nothing	master
18/06/15 00:18	joshuaulrich/TTR	master
18/06/15 00:16	joshuaulrich/xts	master
18/06/15 00:12	R-Finance/Meucci	master
18/06/12 00:31	mountainMath/cmhc	master
18/06/12 00:30	mountainMath/cancensus	master
18/06/12 00:30	patperry/rhdf5	master
18/06/12 00:26	patperry/rhdf5	master
18/06/12 00:21	patperry/rhdf5	master
