18/07/27 21:48	eliotmiller/networkTricks	master
18/07/27 21:13	jbkunst/highcharter	master
18/07/27 20:55	eliotmiller/networkTricks	master
18/07/27 20:15	ahvigil/randomForest	master
18/07/27 20:15	gbm-developers/gbm	master
18/07/27 20:15	topepo/caret	master
18/07/27 20:15	boost-R/mboost	master
18/07/27 20:13	agrueneberg/crochet	master
18/07/27 20:13	ahvigil/randomForest	master
18/07/27 20:13	gbm-developers/gbm	master
18/07/27 20:12	topepo/caret	master
18/07/27 20:12	boost-R/mboost	master
18/07/27 20:10	ramnathv/slidify	master
18/07/27 19:57	tidyverse/ggplot2	49619b7
18/07/27 19:54	romainfrancois/tie	master
18/07/27 19:22	eliotmiller/networkTricks	master
18/07/27 19:12	eliascis/plmNeviim	master
18/07/27 18:58	ramnathv/rCharts	master
18/07/27 17:41	IRkernel/IRkernel	master
18/07/27 17:10	hrbrmstr/albersusa	master
18/07/27 17:08	hrbrmstr/albersusa	master
18/07/27 15:47	wallaceEcoMod/wallace	master
18/07/27 15:42	danielfisherl/requiR	master
18/07/27 15:35	johnbaums/rmaxent	master
18/07/27 15:26	airoldilab/sgd	master
18/07/27 15:07	ropensci/tabulizerjars	master
18/07/27 15:03	gibonet/gibr	master
18/07/27 15:02	ropensci/tabulizerjars	master
18/07/27 14:49	r-dbi/DBI	master
18/07/27 14:29	leeper/tabulizer	master
18/07/27 14:28	ropensci/tabulizerjars	master
18/07/27 14:20	ropensci/tabulizerjars	master
18/07/27 14:17	ropensci/tabulizerjars	master
18/07/27 14:16	Logiwo/tabulizer	master
18/07/27 14:14	ropensci/tabulizer	master
18/07/27 14:13	Logiwo/tabulizer	master
18/07/27 14:12	gibonet/gibr	master
18/07/27 14:11	leeper/tabulizer	master
18/07/27 14:11	leeper/tabulizerjars	master
18/07/27 12:22	elong0527/scvxclustr	master
18/07/27 09:36	maRce10/warbleR	master
18/07/27 09:03	hoxo-m/prophetExt	master
18/07/27 09:02	hoxo-m/prophetExt	master
18/07/27 07:59	douglasgscofield/fastrank	master
18/07/27 07:59	douglasgscofield/fastrank	master
18/07/27 06:42	mannau/tm.plugin.sentiment	master
18/07/27 06:30	hallucigenia-sparsa/seqtime	master
18/07/27 06:29	reptalex/WrightFisher	master
18/07/27 06:28	reptalex/WrightFisher	master
18/07/27 05:22	mannau/tm.plugin.sentiment	master
18/07/27 04:57	mannau/tm.plugin.sentiment	master
18/07/27 04:56	mannau/tm.plugin.sentiment	master
18/07/27 04:48	mannau/tm.plugin.sentiment	master
18/07/27 04:45	mannau/tm.plugin.sentiment	master
18/07/27 04:44	mannau/tm.plugin.sentiment	master
18/07/27 04:44	mannau/tm.plugin.sentiment	master
18/07/27 04:44	mannau/tm.plugin.sentiment	master
18/07/27 04:44	mannau/tm.plugin.sentiment	master
18/07/27 04:44	mannau/tm.plugin.sentiment	master
18/07/27 04:44	mannau/tm.plugin.sentiment	master
18/07/27 04:44	mannau/tm.plugin.sentiment	master
18/07/27 04:43	mannau/tm.plugin.sentiment	master
18/07/27 04:43	mannau/tm.plugin.sentiment	master
18/07/27 04:43	mannau/tm.plugin.sentiment	master
18/07/27 04:43	mannau/tm.plugin.sentiment	master
18/07/27 04:43	mannau/tm.plugin.sentiment	master
18/07/27 04:43	mannau/tm.plugin.sentiment	master
18/07/27 04:43	mannau/tm.plugin.sentiment	master
18/07/27 04:43	mannau/tm.plugin.sentiment	master
18/07/27 04:43	mannau/tm.plugin.sentiment	master
18/07/27 04:43	mannau/tm.plugin.sentiment	master
18/07/27 04:41	mannau/tm.plugin.sentiment	master
18/07/27 04:40	mannau/tm.plugin.sentiment	master
18/07/27 04:40	mannau/tm.plugin.sentiment	master
18/07/27 04:39	mannau/tm.plugin.sentiment	master
18/07/27 04:39	mannau/tm.plugin.sentiment	master
18/07/27 04:39	mannau/tm.plugin.sentiment	master
18/07/27 04:39	mannau/tm.plugin.sentiment	master
18/07/27 04:39	mannau/tm.plugin.sentiment	master
18/07/27 04:38	mannau/tm.plugin.sentiment	master
18/07/27 04:38	mannau/tm.plugin.sentiment	master
18/07/27 04:38	mannau/tm.plugin.sentiment	master
18/07/27 04:38	mannau/tm.plugin.sentiment	master
18/07/27 04:38	mannau/tm.plugin.sentiment	master
18/07/27 04:38	mannau/tm.plugin.sentiment	master
18/07/27 04:38	mannau/tm.plugin.sentiment	master
18/07/27 04:38	mannau/tm.plugin.sentiment	master
18/07/27 04:38	mannau/tm.plugin.sentiment	master
18/07/27 04:37	mannau/tm.plugin.sentiment	master
18/07/27 04:37	mannau/tm.plugin.sentiment	master
18/07/27 04:37	mannau/tm.plugin.sentiment	master
18/07/27 04:37	mannau/tm.plugin.sentiment	master
18/07/27 04:37	mannau/tm.plugin.sentiment	master
18/07/27 04:37	mannau/tm.plugin.sentiment	master
18/07/27 04:37	mannau/tm.plugin.sentiment	master
18/07/27 04:37	mannau/tm.plugin.sentiment	master
18/07/27 04:37	mannau/tm.plugin.sentiment	master
18/07/27 04:37	mannau/tm.plugin.sentiment	master
18/07/27 04:37	mannau/tm.plugin.sentiment	master
18/07/27 04:37	mannau/tm.plugin.sentiment	master
18/07/27 04:37	mannau/tm.plugin.sentiment	master
18/07/27 04:37	mannau/tm.plugin.sentiment	master
18/07/27 04:37	mannau/tm.plugin.sentiment	master
18/07/27 04:37	mannau/tm.plugin.sentiment	master
18/07/27 04:36	mannau/tm.plugin.sentiment	master
18/07/27 04:36	mannau/tm.plugin.sentiment	master
18/07/27 04:36	mannau/tm.plugin.sentiment	master
18/07/27 04:36	mannau/tm.plugin.sentiment	master
18/07/27 04:36	mannau/tm.plugin.sentiment	master
18/07/27 04:36	mannau/tm.plugin.sentiment	master
18/07/27 04:36	mannau/tm.plugin.sentiment	master
18/07/27 04:36	mannau/tm.plugin.sentiment	master
18/07/27 04:36	mannau/tm.plugin.sentiment	master
18/07/27 04:36	mannau/tm.plugin.sentiment	master
18/07/27 04:25	mannau/tm.plugin.sentiment	master
18/07/27 04:22	mannau/tm.plugin.sentiment	master
18/07/27 04:18	mannau/tm.plugin.sentiment	master
18/07/27 04:17	mannau/tm.plugin.sentiment	master
18/07/27 04:17	mannau/tm.plugin.sentiment	master
18/07/27 04:15	mannau/tm.plugin.sentiment	master
18/07/27 04:12	mannau/tm.plugin.sentiment	master
18/07/27 04:09	mannau/tm.plugin.sentiment	master
18/07/27 04:08	mannau/tm.plugin.sentiment	master
18/07/27 04:08	mannau/tm.plugin.sentiment	master
18/07/27 04:07	mannau/tm.plugin.sentiment	master
18/07/27 04:07	mannau/tm.plugin.sentiment	master
18/07/27 04:07	mannau/tm.plugin.sentiment	master
18/07/27 04:06	mannau/tm.plugin.sentiment	master
18/07/27 04:06	mannau/tm.plugin.sentiment	master
18/07/27 04:04	mannau/tm.plugin.sentiment	master
18/07/27 04:03	mannau/tm.plugin.sentiment	master
18/07/27 04:03	mannau/tm.plugin.sentiment	master
18/07/27 04:03	mannau/tm.plugin.sentiment	master
18/07/27 04:02	mannau/tm.plugin.sentiment	master
18/07/27 02:55	AndyPL22/TileManager	master
18/07/27 02:53	Bioconductor/S4Vectors	master
18/07/27 02:53	Bioconductor/S4Vectors	master
18/07/27 02:08	Bioconductor/S4Vectors	master
18/07/27 00:47	rmcelreath/rethinking	master
18/07/27 00:44	bayesball/BayesTestStreak	master
18/07/27 00:20	enriquea/feseR	master
18/07/26 00:56	hadley/devtools	master
18/07/26 00:23	thomasp85/patchwork	master
18/07/26 00:15	thomasp85/patchwork	master
18/07/24 00:59	rstudio/shinythemes	master
18/07/24 00:58	rstudio/DT	master
18/07/24 00:58	hadley/readxl	master
18/07/24 00:57	ropensci/plotly	master
18/07/24 00:56	hadley/scales	master
18/07/24 00:56	heike/rotations	master
18/07/24 00:55	frenchja/psych	master
18/07/24 00:55	jkrijthe/Rtsne	master
18/07/24 00:55	pimentel/cluster	master
18/07/24 00:55	hadley/tidyverse	master
18/07/24 00:10	SimonDedman/gbm.auto	master
18/07/24 00:03	bayesball/BayesTestStreak	master
18/07/21 00:03	wpeterman/ResistanceGA	julia_dev
18/07/20 00:53	bayesball/BayesTestStreak	master
18/07/20 00:38	twitter/BreakoutDetection	master
18/07/20 00:12	ksmzn/ThankYouStars	master
18/07/17 00:31	uribo/jpndistrict	add_light_rds
18/07/17 00:15	mskcc/facets	master
18/07/17 00:12	mskcc/facets	master
18/07/16 00:46	tidyverse/ggplot2	49619b7
18/07/13 00:51	ramnathv/rCharts	master
18/07/13 00:47	ropenscilabs/tabulizer	master
18/07/13 00:47	ropensci/tabulizerjars	master
18/07/13 00:38	hrbrmstr/shodan	master
18/07/13 00:34	karpfen/stkde	master
18/07/13 00:31	jtrecenti/stj	master
18/07/13 00:30	PolMine/ctk	master
18/07/13 00:29	PolMine/ctk	master
18/07/12 00:17	vqv/ggbiplot	master
18/07/12 00:15	vqv/ggbiplot	master
18/07/12 00:15	vqv/ggbiplot	master
18/07/12 00:14	vqv/ggbiplot	master
18/07/12 00:13	vqv/ggbiplot	master
18/07/12 00:13	vqv/ggbiplot	master
18/07/12 00:12	vqv/ggbiplot	master
18/07/12 00:12	vqv/ggbiplot	master
18/07/12 00:11	vqv/ggbiplot	master
18/07/12 00:10	vqv/ggbiplot	master
18/07/12 00:10	vqv/ggbiplot	master
18/07/12 00:09	vqv/ggbiplot	master
18/07/12 00:09	vqv/ggbiplot	master
18/07/12 00:06	vqv/ggbiplot	master
18/07/12 00:05	vqv/ggbiplot	master
18/07/12 00:03	vqv/ggbiplot	master
18/07/12 00:02	vqv/ggbiplot	master
18/07/12 00:02	vqv/ggbiplot	master
18/07/12 00:02	vqv/ggbiplot	master
18/07/12 00:01	vqv/ggbiplot	master
18/07/12 00:01	vqv/ggbiplot	master
18/07/12 00:00	vqv/ggbiplot	master
18/07/12 00:00	vqv/ggbiplot	master
18/07/11 00:31	pmoulos/recover	master
18/07/11 00:17	noamross/rnodejs	master
18/07/11 00:15	ilapros/GOFmeas	master
18/07/11 00:15	bamonroe/ctools	master
18/07/07 00:55	Bioconductor/GenomicRanges	master
18/07/07 00:34	jianhong/ATACseqQC	master
18/07/07 00:34	vinhtantran/monoClust	master
18/07/07 00:26	vinhtantran/monoClust	master
18/07/06 00:20	jianhong/ATACseqQC	master
18/07/06 00:02	vqv/ggbiplot	master
18/07/06 00:02	vqv/ggbiplot	master
18/07/06 00:02	vqv/ggbiplot	master
18/07/06 00:02	vqv/ggbiplot	master
18/07/06 00:01	vqv/ggbiplot	master
18/07/05 00:26	ropenscilabs/rnaturalearthhires	master
18/07/03 00:58	kloke/npsmReg2	master
18/07/03 00:57	kloke/hbrfit	master
18/07/03 00:55	rstudio/markdown	master
18/07/02 00:44	maRce10/warbleR	master
18/07/02 00:43	maRce10/warbleR	master
18/07/01 00:43	AndrewLJackson/siar	v4.2.3
18/07/01 00:36	AndrewLJackson/siar	v4.2.3
18/07/01 00:33	AndrewLJackson/siar	v4.2.3
18/07/01 00:33	AndrewLJackson/siar	v4.2.3
18/07/01 00:07	AndrewLJackson/siar	v4.2.3
18/07/01 00:05	AndrewLJackson/siar	v4.2.3
18/06/30 00:36	kevjohnson/healthdata	master
18/06/28 00:37	PeteHaitch/Aclust	master
18/06/28 00:25	benmoran11/rubias	master
18/06/27 00:04	RGLab/flowWorkspaceData	master
