18/02/07 15:20	enviroCar/enviroCaR	master
18/02/07 14:42	hadley/ggplot2	develop
18/02/07 14:38	tidyverse/ggplot2	develop
18/02/07 14:30	hadley/ggplot2	master
18/02/07 14:29	PhilippPro/tuneRF	master
18/02/07 13:16	pacificclimate/Rudunits2	master
18/02/07 12:21	mingjerli/rWEO	master
18/02/07 12:19	mingjerli/rWEO	master
18/02/07 12:18	mingjerli/rWEO	master
18/02/07 12:18	mingjerli/rWEO	master
18/02/07 11:55	bradleyboehmke/anomalyDetection	master
18/02/07 11:54	robjhyndman/forecast	master
18/02/07 10:03	sinhrks/ggfortify	master
18/02/07 10:02	twitter/AnomalyDetection	master
18/02/07 08:54	ymattu/rjumanpp	master
18/02/07 05:44	ujjwalkarn/xda	master
18/02/07 02:12	hoxo-m/prophetExt	master
18/02/07 01:52	dkahle/ggmap	master
18/02/07 00:36	hadley/lubridate	master
18/02/07 00:35	tidyverse/lubridate	master
18/02/07 00:21	RGLab/opencytoCL	master
18/02/06 00:42	rpremraj/mailR	master
18/02/06 00:41	rpremraj/mailR	master
18/02/06 00:07	hoxo-m/pforeach	master
18/02/05 00:27	alyst/MotIV	master
18/02/05 00:10	rstats-db/RMySQL	master
18/02/03 00:40	mgledi/DiffLogo	master
18/01/30 00:16	mkearney/rtweet	master
18/01/28 00:08	rstudio/addinexamples	master
18/01/28 00:07	awhstin/awtools	master
18/01/21 00:14	IRkernel/IRkernel	master
18/01/14 00:03	jr-packages/jrModelling	master
