18/04/29 20:12	benaug/SPIM	master
18/04/29 19:19	ropenscilabs/tabulizer	master
18/04/29 19:16	ropenscilabs/tabulizer	master
18/04/29 18:26	ropenscilabs/tabulizer	master
18/04/29 18:22	ropenscilabs/tabulizer	master
18/04/29 17:04	harrelfe/Hmisc	master
18/04/29 17:04	harrelfe/Hmisc	master
18/04/29 17:03	hadley/reshape	master
18/04/29 16:35	hadley/reshape	master
18/04/29 16:12	tidyverse/tidyverse	master
18/04/29 16:11	vqv/ggbiplot	master
18/04/29 15:45	cbielow/PTXQC	QC2018
18/04/29 15:27	cbielow/PTXQC	QC2018
18/04/29 15:06	rstudio/httpuv	master
18/04/29 14:51	jonathon-love/car	master
18/04/29 14:44	Japal/zCompositions	master
18/04/29 10:53	cashoes/ggmixOmics	master
18/04/29 10:53	sorhawell/rgl	master
18/04/29 10:47	cashoes/ggmixOmics	master
18/04/29 10:16	MalathiSIDona/pathDESeq	master
18/04/29 09:25	Japal/zCompositions	master
18/04/29 08:54	kota7/tictactoe	master
18/04/29 07:11	Japal/zCompositions	master
18/04/28 00:35	predict-r/rtika	master
18/04/28 00:24	dgrtwo/rparse	master
18/04/26 00:30	alfcrisci/rBiometeo	master
18/04/21 00:44	jbryer/timeline	master
18/04/18 00:54	hoxo-m/prophetExt	master
18/04/18 00:53	evanwang1990/FMwR	master
18/04/18 00:08	hoxo-m/pforeach	master
18/04/15 00:35	dkahle/ggmap	master
18/04/11 00:30	ShinsukeSakai0321/PSFCalc	master
18/04/11 00:19	CambridgeAssessmentResearch/POSAC	master
18/04/11 00:05	ujjwalkarn/xda	master
18/04/10 00:35	rstudio/leaflet	master
18/04/10 00:34	rstudio/leaflet	master
18/04/10 00:33	rstudio/leaflet	master
18/04/10 00:32	rstudio/leaflet	master
18/04/06 00:34	kazutan/zousan	master
18/04/05 00:58	ropensci/bikedata	master
18/04/05 00:47	ropensci/bikedata	master
18/04/05 00:33	jennybc/googlesheets	master
18/04/05 00:31	jennybc/googlesheets	master
18/04/05 00:30	jennybc/googlesheets	master
18/04/05 00:26	jennybc/googlesheets	master
18/04/05 00:04	ao90/PRIM	master
18/03/30 00:39	mikemeredith/MMmisc	master
18/03/30 00:30	ECO230/eco230r	master
18/03/30 00:30	ECO230/eco230r	master
18/03/30 00:29	ECO230/eco230r	master
18/03/30 00:19	ropenscilabs/eechidna	master
18/03/30 00:13	ECO230/eco230r	master
18/03/30 00:10	ECO230/eco230r	master
18/03/30 00:10	ECO230/eco230r	master
