18/03/11 21:32	pdrano/IKTrading	master
18/03/11 21:11	pdrano/IKTrading	master
18/03/11 21:07	pdrano/IKTrading	master
18/03/11 20:59	Ronggui/RQDA	master
18/03/11 18:53	tgirke/systemPipeRdata	master
18/03/11 18:51	tgirke/systemPipeRdata	master
18/03/11 18:51	twitter/AnomalyDetection	master
18/03/11 18:13	stpp-GitHub-community/stpp	master
18/03/11 18:03	gastonstat/arcdiagram	master
18/03/11 18:00	gastonstat/arcdiagram	master
18/03/11 17:51	gastonstat/arcdiagram	master
18/03/11 17:49	gastonstat/arcdiagram	master
18/03/11 13:16	kouroshz/creNet	master
18/03/11 13:12	kouroshz/creNet	master
18/03/11 13:00	kouroshz/creNet	master
18/03/11 12:57	kouroshz/creNet	master
18/03/11 12:42	kouroshz/creNet	master
18/03/11 12:10	config-i1/CES	master
18/03/11 11:01	GuangchuangYu/enrichplot	master
18/03/11 10:17	julianfaraway/brinla	master
18/03/11 07:59	cloudyr/RoogleVision	master
18/03/11 07:47	mikemeredith/makeJAGSmask	master
18/03/11 07:44	cloudyr/RoogleVision	master
18/03/11 07:34	mikemeredith/makeJAGSmask	master
18/03/11 05:53	waissbluth/skewttest	master
18/03/11 05:52	waissbluth/skewttest	master
18/03/11 05:51	waissbluth/skewttest	master
18/03/11 05:43	waissbluth/skewttest	master
18/03/11 02:04	ropensci/tabulizerjars	master
18/03/11 02:03	leeper/tabulizerjars	master
18/03/11 02:02	ropensci/tabulizerjars	master
18/03/08 00:58	peterxeno/preprocessr	master
18/03/08 00:57	artichaud1/preprocessr	master
18/03/08 00:45	USGS-R/waterData	master
18/03/08 00:03	jdblischak/workflowr	master
18/03/08 00:01	jdblischak/workflowr	master
18/03/07 00:51	hadley/haven	master
18/03/07 00:20	ropensci/tabulizer	master
18/03/07 00:20	ropensci/tabulizerjars	master
18/03/07 00:13	sjmgarnier/viridis	master
18/03/06 00:08	GuangchuangYu/ggtree	master
18/03/05 00:38	gavinsimpson/tsgam	master
18/03/02 00:59	ECO230/eco230r	master
18/03/02 00:42	ropensci/ghql	master
18/03/02 00:08	ECO230/eco230r	master
18/03/02 00:04	ECO230/eco230r	master
18/03/02 00:04	ECO230/eco230r	master
18/03/02 00:04	ECO230/eco230r	master
18/03/02 00:03	ECO230/eco230r	master
18/02/28 00:58	ECO230/eco230r	master
18/02/28 00:41	kbroman/horizon	master
18/02/28 00:16	ECO230/eco230r	master
18/02/28 00:10	ECO230/eco230r	master
18/02/28 00:10	ECO230/eco230r	master
18/02/28 00:10	ECO230/eco230r	master
18/02/27 00:45	renozao/NMF	devel
18/02/27 00:39	tidyverse/haven	master
18/02/27 00:35	tidyverse/haven	master
18/02/27 00:00	ECO230/eco230r	master
18/02/26 00:55	James-Thorson/FishLife	master
18/02/24 00:41	briofons/R-Package-RJIRA	master
18/02/21 00:26	hoxo-m/prophetExt	master
18/02/20 00:29	pdrano/IKTrading	master
18/02/20 00:08	pdrano/IKTrading	master
18/02/18 00:21	yuanli22/RCUDA	master
18/02/18 00:07	duncantl/RCUDA	master
18/02/15 00:39	twitter/AnomalyDetection	master
18/02/15 00:38	pdrano/IKTrading	master
18/02/14 00:55	Bioconductor/IRanges	c5f1471
18/02/14 00:53	Bioconductor/S4Vectors	d93b89f
18/02/14 00:53	Bioconductor/S4Vectors	d39b89f
18/02/14 00:52	Bioconductor/S4Vectors	0b2b49f
18/02/14 00:51	Bioconductor/S4Vectors	8334847
18/02/14 00:49	Bioconductor/BiocGenerics	39d0af5
18/02/14 00:48	Bioconductor/BiocGenerics	0985ec9
18/02/14 00:46	Bioconductor/BiocGenerics	fcc22c8
18/02/14 00:45	Bioconductor/BiocGenerics	9383d85
18/02/14 00:45	Bioconductor/BiocGenerics	9389d85
18/02/14 00:42	Bioconductor/BiocGenerics	master
18/02/14 00:41	ropensci/tabulizer	master
18/02/14 00:36	ropensci/tabulizerjars	master
18/02/14 00:18	MorphoFun/kraken	master
18/02/12 00:26	lrutter/ggenealogy	master
