18/11/07 17:51	loicdtx/bfastSpatial	master
18/11/07 17:48	loicdtx/bfastSpatial	master
18/11/07 17:25	matloff/rectools	master
18/11/07 17:24	matloff/rectools	master
18/11/07 17:23	matloff/rectools	master
18/11/07 17:21	matloff/rectools	master
18/11/07 16:48	JinmiaoChenLab/cytofkit	master
18/11/07 16:47	JinmiaoChenLab/cytofkit	master
18/11/07 16:30	Emaasit/spatialjoin	master
18/11/07 16:14	JinmiaoChenLab/cytofkit	master
18/11/07 15:31	kassambara/factoextra	master
18/11/07 15:25	rstats-db/RPostgres	master
18/11/07 15:22	robjhyndman/demography	master
18/11/07 15:21	rstats-db/RPostgres	master
18/11/07 15:18	rstats-db/RPostgres	master
18/11/07 07:09	uribo/jpndistrict	add_light_rds
18/11/07 07:05	uribo/jpndistrict	add_light_rds
18/11/07 07:03	hoxo-m/prophetExt	master
18/11/07 06:05	loicdtx/bfastSpatial	master
18/11/07 04:32	tdhock/ggplotly	master
18/11/07 03:26	loicdtx/bfastSpatial	master
18/11/07 02:01	loicdtx/bfastSpatial	master
