18/10/08 22:31	stefvanbuuren/mice	master
18/10/08 22:28	ropensci/plotly	master
18/10/08 22:26	gvarunkumar/plotly	master
18/10/08 21:20	hrbrmstr/hrbraddins	master
18/10/08 21:20	hrbrmstr/hrbrthemes	master
18/10/08 21:00	hoxo-m/magicfor	master
18/10/08 20:46	thlytras/rspiro	master
18/10/08 20:05	ramnathv/rCharts	master
18/10/08 20:05	biobakery/sparseDOSSA	varyLibSize
18/10/08 20:03	biobakery/sparseDOSSA	varyLibSize
18/10/08 19:59	rstudio/DT	master
18/10/08 19:15	lixiangchun/lxctk	master
18/10/08 19:15	lixiangchun/lxctk	master
18/10/08 18:55	bgreenwell/mertree	master
18/10/08 18:24	bnosac/pattern.nlp	master
18/10/08 17:35	dbottomly/poplite	master
18/10/08 17:23	prodipta/techchart	master
18/10/08 17:22	sebastianduchene/ClockstaR	master
18/10/08 17:14	sebastianduchene/ClockstaR	master
18/10/08 15:22	jbkunst/highcharter	master
18/10/08 14:13	hoxo-m/magicfor	master
18/10/08 14:10	edwindj/ffbase	master
18/10/08 14:09	melff/memisc	master
18/10/08 14:09	melff/memisc	master
18/10/08 14:09	joshuaulrich/TTR	master
18/10/08 14:08	rstats-db/RMySQL	master
18/10/08 14:07	rstats-db/RMySQL	master
18/10/08 14:01	RcppCore/RcppArmadillo	master
18/10/08 14:00	awalker89/openxlsx	master
18/10/08 13:59	rstats-db/RSQLite	master
18/10/08 13:57	rstats-db/RMySQL	master
18/10/08 13:57	jwijffels/ETLUtils	master
18/10/08 13:51	tidyverse/tidyverse	master
18/10/08 13:25	tidyverse/tidyverse	master
18/10/08 13:21	andrie/version.compare	master
18/10/08 13:19	hafen/trelliscopejs	master
18/10/08 13:07	ymattu/MlBayesOpt	master
18/10/08 12:57	GuangchuangYu/ggtree	master
18/10/08 12:03	thlytras/rspiro	master
18/10/08 10:13	mtennekes/tmap	master
18/10/08 09:32	Spoted21/tt	master
18/10/08 09:32	Atulfortune/tt	master
18/10/08 09:31	gromag/wordcloud	master
18/10/08 09:28	Atulfortune/tt	master
18/10/08 09:27	gromag/wordcloud	master
18/10/08 09:08	fawda123/ggord	master
18/10/08 06:59	fawda123/ggord	master
18/10/08 06:33	Displayr/flipRegression	master
18/10/08 05:05	vinhtantran/monoClust	master
18/10/08 05:04	vinhtantran/monoClust	master
18/10/08 04:43	KevCaz/graphicsutils	master
18/10/08 04:42	KevCaz/graphicsutils	master
18/10/05 00:48	Albluca/ElPiGraph.R	master
18/10/05 00:47	alexgenin/miscutils	master
18/10/05 00:46	alexgenin/miscutils	master
18/10/05 00:23	jbryer/likert	master
18/10/05 00:21	dgrtwo/snippr	master
18/10/03 00:54	gavinsimpson/ggvegan	master
18/10/03 00:53	amberalpha/toypkg	master
18/09/25 00:25	rstudio/config	master
18/09/25 00:24	rstudio/config	master
18/09/25 00:23	rstudio/config	master
18/09/24 00:01	rstats-db/odbc	master
18/09/20 00:52	hadley/precis	master
18/09/20 00:48	RickPack/FBadstats	master
18/09/20 00:08	selesnow/rvkstat	master
18/09/18 00:27	yihui/knitr	master
18/09/18 00:25	rstudio/rmarkdown	master
18/09/18 00:25	yihui/tinytex	master
18/09/15 00:47	hrbrmstr/hrbrthemes	master
18/09/13 00:52	CentreForHydrology/CRHMr	master
18/09/11 00:15	yihui/tinytex	master
18/09/11 00:14	rstudio/rmarkdown	master
18/09/09 00:02	vqv/ggbiplot	master
18/09/08 00:46	att/rcloud.rmd	master
18/09/08 00:46	att/rcloud.rmd	master
18/09/08 00:43	att/rcloud.rmd	master
18/09/08 00:43	att/rcloud.rmd	master
18/09/08 00:42	att/rcloud.flexdashboard	master
18/09/08 00:42	att/rcloud.rmd	master
18/09/08 00:42	att/rcloud.flexdashboard	master
18/09/08 00:42	att/rcloud.shiny	master
18/09/08 00:41	att/rcloud.htmlwidgets	master
