18/07/22 22:30	twitter/AnomalyDetection	master
18/07/22 22:11	twitter/AnomalyDetection	master
18/07/22 18:39	eddelbuettel/rquantlib	master
18/07/22 15:52	wpeterman/ResistanceGA	julia_dev
18/07/22 15:44	rich-iannone/DiagrammeR	e7462e7
18/07/22 15:43	rich-iannone/DiagrammeR	8ce40c2
18/07/22 15:41	genesofeve/projectR	useME
18/07/22 15:40	genesofeve/projectR	useME
18/07/22 15:39	genesofeve/projectR	useME
18/07/22 14:55	vqv/ggbiplot	master
18/07/22 14:51	vqv/ggbiplot	master
18/07/22 14:02	gaborcsardi/gh	master
18/07/22 14:02	gaborcsardi/gh	master
18/07/22 12:57	crsh/papaja	master
18/07/22 11:55	abhy/sentiment	master
18/07/22 11:30	ropenscilabs/skimr	master
18/07/22 11:04	hoxo-m/pforeach	master
18/07/22 11:00	hadley/precis	master
18/07/22 04:56	bayesball/BayesTestStreak	master
18/07/22 01:39	vst/mgarch	master
