18/06/04 18:51	vqv/ggbiplot	master
18/06/04 16:42	hrbrmstr/taucharts	master
18/06/04 16:29	thlytras/rspiro	master
18/06/04 16:28	bergant/finstr	master
18/06/04 16:28	bergant/finstr	master
18/06/04 16:14	JeroenSmaers/evomap	master
18/06/04 14:15	nacnudus/tidyxl	master
18/06/04 14:04	vqv/ggbiplot	master
18/06/04 11:35	JeroenSmaers/evomap	master
18/06/04 11:33	JeroenSmaers/evomap	master
18/06/04 11:32	JeroenSmaers/evomap	master
18/06/04 11:31	JeroenSmaers/evomap	master
18/06/04 11:31	sunnyeesl/BigLD	master
18/06/04 11:30	JeroenSmaers/evomap	master
18/06/04 11:29	kassambara/factoextra	master
18/06/04 11:01	hoxo-m/prophetExt	master
18/06/04 10:54	hoxo-m/fixer	master
18/06/04 09:31	fcocquemas/rdatastream	master
18/06/04 09:18	Tomhigg/TamsatTools	master
18/06/04 08:50	sunnyeesl/BigLD	master
18/06/04 08:50	sunnyeesl/BigLD	master
18/06/04 08:33	rstudio/config	master
18/06/04 08:30	ujjwalkarn/xda	master
18/06/04 08:10	woobe/rPlotter	7b47b9ba0897a55a86d35760acf2edca3cc7da9d
18/06/04 08:03	woobe/rPlotter	7b47b9ba0897a55a86d35760acf2edca3cc7da9d
18/06/04 08:01	ramnathv/rblocks	a85e748390c17c752cc0ba961120d1e784fb1956
18/06/04 07:36	nolanlab/citrus	master
18/06/04 07:32	dselivanov/sparsepp	0.3.0.3
18/06/04 07:32	dselivanov/r-sparsepp	0.3.0.3
18/06/04 07:32	nolanlab/Rclusterpp	master
18/06/04 07:31	nolanlab/citrus	master
18/06/04 07:21	statsmaths/coreNLP	master
18/06/04 06:57	rstats-db/RPostgres	jsonb
18/06/04 06:57	rstats-db/RPostgres	jsonb
18/06/04 06:56	rstats-db/DBI	master
18/06/04 05:41	ujjwalkarn/xda	master
18/06/04 05:33	topepo/caret	master
18/06/04 05:25	rstats-db/odbc	master
18/06/04 05:13	harveyl888/queryBuilder	master
18/06/04 05:10	rstats-db/odbc	master
18/06/04 05:08	rstats-db/odbc	master
18/06/04 04:24	swager/causalForest	master
18/06/04 02:30	jonkatz2/rmongodb	master
18/06/04 02:29	jonkatz2/rmongodb	master
18/06/04 02:04	hadley/dplyr	master
18/06/01 00:52	johndharrison/wdman	master
18/06/01 00:51	johndharrison/binman	master
18/06/01 00:51	johndharrison/wdman	master
18/06/01 00:50	johndharrison/binman	master
18/06/01 00:50	johndharrison/wdman	master
18/06/01 00:18	tidyverse/purrr	master
18/06/01 00:16	OHDSI/bit	master
18/06/01 00:06	greta-dev/greta	master
18/05/31 00:07	jm3594/crtpower	master
18/05/30 00:19	rstudio/shiny-incubator	master
18/05/30 00:05	hadley/devtools	master
18/05/30 00:03	rstudio/httpuv	master
18/05/30 00:03	rstudio/shiny	master
18/05/29 00:47	zdk123/SpiecEasi	master
18/05/29 00:46	reptalex/phylofactor	master
18/05/28 00:21	OscarBrock/gCrisprTools	master
18/05/28 00:14	OscarBrock/gCrisprTools	master
18/05/25 00:49	hoxo-m/prophetExt	master
18/05/25 00:40	hoxo-m/prophetExt	master
18/05/25 00:38	bgreenwell/mertree	master
18/05/25 00:37	hoxo-m/prophetExt	master
18/05/25 00:24	gbm-developers/gbm3	master
18/05/25 00:23	hoxo-m/prophetExt	master
18/05/25 00:19	hoxo-m/densratio	v0.0.3
18/05/25 00:18	swish-climate-impact-assessment/awaptools	develop
18/05/25 00:17	Luddo94/Package	master
18/05/24 00:53	rstudio/httpuv	master
18/05/24 00:50	rstudio/httpuv	master
18/05/24 00:46	rstudio/shiny	master
18/05/24 00:31	leeper/tabulizerjars	master
18/05/24 00:25	leeper/tabulizer	master
18/05/24 00:23	leeper/tabulizerjars	master
18/05/23 00:55	mfasiolo/mgcViz	master
18/05/23 00:54	mfasiolo/qgam	master
18/05/23 00:39	mfasiolo/mgcViz	master
18/05/23 00:30	mfasiolo/mgcViz	master
18/05/23 00:29	mfasiolo/qgam	master
18/05/23 00:29	mfasiolo/qgam	master
18/05/23 00:24	mfasiolo/mgcViz	master
18/05/19 00:15	ropensci/tabulizer	master
18/05/18 00:28	OscarBrock/gCrisprTools	master
18/05/18 00:14	OscarBrock/gCrisprTools	master
18/05/15 00:38	andrewpbray/oilabs	master
18/05/15 00:30	andrewpbray/oilabs	master
18/05/15 00:18	andrewpbray/oilabs	master
18/05/15 00:17	andrewpbray/oilabs	master
18/05/12 00:45	kassambara/ggpubr	master
18/05/12 00:44	kassambara/ggpubr	master
18/05/12 00:37	kassambara/factoextra	master
18/05/11 00:53	uribo/jpndistrict	add_light_rds
18/05/11 00:52	jm3594/crtpower	master
18/05/11 00:52	uribo/jpndistrict	add_light_rds
18/05/06 00:51	mclements/rstpm2	master
18/05/06 00:19	rpradosiqueira/brazilmaps	master
18/05/06 00:15	lucasmation/microdadosBrasil	master
