18/04/28 21:51	statistikat/simPop	master
18/04/28 21:36	cttobin/ggthemr	master
18/04/28 20:35	ujjwalkarn/xda	master
18/04/28 20:14	cttobin/ggthemr	master
18/04/28 19:58	richierocks/rebus.base	master
18/04/28 19:54	awalker89/openxlsx	master
18/04/28 19:45	awalker89/openxlsx	master
18/04/28 19:44	Biostatistics4SocialImpact/dlm	master
18/04/28 15:54	hoxo-m/magicfor	master
18/04/28 13:41	davidavdav/ROC	master
18/04/28 12:44	mannau/tm.plugin.sentiment	master
18/04/28 10:36	rstudio/ggvis	master
18/04/28 10:34	joshuaulrich/quantmod	master
18/04/28 10:33	JesseVent/crypto	master
18/04/28 10:33	amrrs/coinmarketcapr	master
18/04/28 10:30	rstudio/shiny	master
18/04/28 09:05	jsanchez25h/RODBC	master
18/04/28 08:42	grunwaldlab/effectR	master
18/04/28 08:40	jonathon-love/car	master
18/04/28 07:20	xia-lab/MetaboAnalystR	master
18/04/28 07:20	xia-lab/MetaboAnalystR	master
18/04/28 06:48	metrumresearchgroup/TorstenHeaders	master
18/04/28 06:24	3wen/legendMap	master
18/04/28 06:04	xia-lab/MetaboAnalystR	master
18/04/28 04:59	JohnCoene/echarts	master
18/04/28 02:55	mannau/tm.plugin.sentiment	master
18/04/28 02:54	mannau/tm.plugin.sentiment	master
18/04/28 01:42	joshuaulrich/quantmod	master
18/04/28 01:39	tidyverse/tidyverse	master
18/04/28 01:06	mannau/tm.plugin.sentiment	master
18/04/28 00:35	predict-r/rtika	master
18/04/28 00:24	dgrtwo/rparse	master
18/04/26 00:30	alfcrisci/rBiometeo	master
18/04/21 00:44	jbryer/timeline	master
18/04/18 00:54	hoxo-m/prophetExt	master
18/04/18 00:53	evanwang1990/FMwR	master
18/04/18 00:08	hoxo-m/pforeach	master
18/04/15 00:35	dkahle/ggmap	master
18/04/11 00:30	ShinsukeSakai0321/PSFCalc	master
18/04/11 00:19	CambridgeAssessmentResearch/POSAC	master
18/04/11 00:05	ujjwalkarn/xda	master
18/04/10 00:35	rstudio/leaflet	master
18/04/10 00:34	rstudio/leaflet	master
18/04/10 00:33	rstudio/leaflet	master
18/04/10 00:32	rstudio/leaflet	master
18/04/06 00:34	kazutan/zousan	master
18/04/05 00:58	ropensci/bikedata	master
18/04/05 00:47	ropensci/bikedata	master
18/04/05 00:33	jennybc/googlesheets	master
18/04/05 00:31	jennybc/googlesheets	master
18/04/05 00:30	jennybc/googlesheets	master
18/04/05 00:26	jennybc/googlesheets	master
18/04/05 00:04	ao90/PRIM	master
18/03/30 00:39	mikemeredith/MMmisc	master
18/03/30 00:30	ECO230/eco230r	master
18/03/30 00:30	ECO230/eco230r	master
18/03/30 00:29	ECO230/eco230r	master
18/03/30 00:19	ropenscilabs/eechidna	master
18/03/30 00:13	ECO230/eco230r	master
18/03/30 00:10	ECO230/eco230r	master
18/03/30 00:10	ECO230/eco230r	master
18/03/29 00:33	ECO230/eco230r	master
