18/09/08 21:59	vqv/ggbiplot	master
18/09/08 21:59	vqv/ggbiplot	master
18/09/08 21:59	vqv/ggbiplot	master
18/09/08 21:59	vqv/ggbiplot	master
18/09/08 21:59	vqv/ggbiplot	master
18/09/08 19:07	att/rcloud.rmd	master
18/09/08 19:05	att/rcloud.dcplot	master
18/09/08 19:05	att/rcloud.dcplot	master
18/09/08 18:37	att/rcloud.dcplot	master
18/09/08 18:37	att/rcloud.dcplot	master
18/09/08 18:35	att/rcloud.jupyter.notebooks	master
18/09/08 18:35	att/rcloud.solr	master
18/09/08 18:34	att/rcloud.shiny	master
18/09/08 18:34	att/rcloud.flexdashboard	master
18/09/08 18:33	att/rcloud.rmd	master
18/09/08 18:33	att/rcloud.flexdashboard	master
18/09/08 18:33	att/rcloud.htmlwidgets	master
18/09/08 15:32	Gibbsdavidl/twine	master
18/09/08 15:26	hfgolino/EGA	master
18/09/08 15:23	hfgolino/EGA	master
18/09/08 15:21	xmarquez/vdem	master
18/09/08 14:52	tidyverse/ggplot2	d697622
18/09/08 10:32	Zelazny7/isofor	7feab78ac8
18/09/08 10:30	Zelazny7/isofor	7feab78ac8
18/09/08 10:12	skranz/RTutor	master
18/09/08 08:53	gabrielrega/xlsb	master
18/09/08 07:29	vbonhomme/Momocs	master
18/09/08 05:47	metrumresearchgroup/d3Tree	master
18/09/08 05:45	hadley/r2d3	master
18/09/08 05:45	christophergandrud/networkD3	master
18/09/08 05:43	timelyportfolio/sunburstR	master
18/09/08 05:43	timelyportfolio/d3treeR	master
18/09/08 05:38	Tutuchan/chartjs	master
18/09/08 05:28	ramnathv/rCharts	master
18/09/08 05:26	ramnathv/slidify	master
18/09/08 04:39	donaldmusgrove/copCS	master
18/09/08 04:37	donaldmusgrove/copCS	master
18/09/08 04:36	donaldmusgrove/copCS	master
18/09/08 00:46	att/rcloud.rmd	master
18/09/08 00:46	att/rcloud.rmd	master
18/09/08 00:43	att/rcloud.rmd	master
18/09/08 00:43	att/rcloud.rmd	master
18/09/08 00:42	att/rcloud.flexdashboard	master
18/09/08 00:42	att/rcloud.rmd	master
18/09/08 00:42	att/rcloud.flexdashboard	master
18/09/08 00:42	att/rcloud.shiny	master
18/09/08 00:41	att/rcloud.htmlwidgets	master
18/09/07 00:58	benjamin-merkel/probGLS	master
18/09/07 00:53	hadley/ggplot2	master
18/09/06 00:53	mrke/NicheMapR	master
18/09/06 00:34	mrke/NicheMapR	master
18/09/06 00:06	vegandevs/vegan	master
18/09/03 00:12	kassambara/easyGgplot2	master
18/08/30 00:53	ricardo-bion/ggradar	master
18/08/30 00:48	ricardo-bion/ggradar	master
18/08/29 00:47	rstudio/leaflet	master
18/08/29 00:42	rstudio/leaflet	master
18/08/28 00:09	jutako/Rtools	master
18/08/27 00:14	aoles/EBImage	master
18/08/24 00:06	ramnathv/rCharts	master
18/08/24 00:06	ramnathv/rCharts	master
18/08/24 00:03	taiyun/corrplot	master
18/08/24 00:03	taiyun/corrplot	master
18/08/23 00:37	ropensci/tabulizerjars	master
18/08/22 00:49	ymattu/rjumanpp	master
18/08/22 00:48	ymattu/rjumanpp	master
18/08/22 00:31	Triamus/mandat	Fix-Mac-fopenmp-Issue
18/08/21 00:50	bacollier/moveud	master
18/08/18 00:45	ewenme/fplR	master
18/08/18 00:18	neuroconductor/extrantsr	master
18/08/16 00:11	BruceKendall/PVA	master
18/08/11 00:30	ramnathv/slidify	master
18/08/11 00:30	ramnathv/rCharts	master
18/08/11 00:14	uribo/jpndistrict	add_light_rds
18/08/09 00:39	rstudio/blogdown	master
