18/04/21 09:10	rladies/meetupr	master
18/04/21 09:08	rladies/meetupr	master
18/04/21 06:55	mrmaxent/maxnet	master
18/04/21 06:52	JARS3N/instrument	master
18/04/21 06:43	ymattu/MlBayesOpt	master
18/04/21 06:20	jslefche/piecewiseSEM	master
18/04/21 05:27	hadley/xml2	master
18/04/21 01:42	vqv/ggbiplot	master
18/04/21 00:44	jbryer/timeline	master
18/04/18 00:54	hoxo-m/prophetExt	master
18/04/18 00:53	evanwang1990/FMwR	master
18/04/18 00:08	hoxo-m/pforeach	master
18/04/15 00:35	dkahle/ggmap	master
18/04/11 00:30	ShinsukeSakai0321/PSFCalc	master
18/04/11 00:19	CambridgeAssessmentResearch/POSAC	master
18/04/11 00:05	ujjwalkarn/xda	master
18/04/10 00:35	rstudio/leaflet	master
18/04/10 00:34	rstudio/leaflet	master
18/04/10 00:33	rstudio/leaflet	master
18/04/10 00:32	rstudio/leaflet	master
18/04/06 00:34	kazutan/zousan	master
18/04/05 00:58	ropensci/bikedata	master
18/04/05 00:47	ropensci/bikedata	master
18/04/05 00:33	jennybc/googlesheets	master
18/04/05 00:31	jennybc/googlesheets	master
18/04/05 00:30	jennybc/googlesheets	master
18/04/05 00:26	jennybc/googlesheets	master
18/04/05 00:04	ao90/PRIM	master
18/03/30 00:39	mikemeredith/MMmisc	master
18/03/30 00:30	ECO230/eco230r	master
18/03/30 00:30	ECO230/eco230r	master
18/03/30 00:29	ECO230/eco230r	master
18/03/30 00:19	ropenscilabs/eechidna	master
18/03/30 00:13	ECO230/eco230r	master
18/03/30 00:10	ECO230/eco230r	master
18/03/30 00:10	ECO230/eco230r	master
18/03/29 00:33	ECO230/eco230r	master
18/03/28 00:52	ropensci/plotly	master
18/03/28 00:45	tidyverse/ggplot2	49619b7
18/03/28 00:36	ECO230/eco230r	master
18/03/28 00:35	ECO230/eco230r	master
18/03/24 00:43	SachaEpskamp/semPlot	master
18/03/23 00:07	r-lib/rlang	master
18/03/23 00:06	tidyverse/rlang	master
18/03/22 00:12	gabrielrvsc/HDeconometrics	master
