18/10/16 21:41	thlytras/rspiro	master
18/10/16 21:21	kvasilopoulos/exdyn	tidy
18/10/16 21:21	kvasilopoulos/exdyn	tidy
18/10/16 20:24	dreamRs/esquisse	master
18/10/16 20:20	dreamRs/esquisse	master
18/10/16 20:14	koncina/unilur	master
18/10/16 20:13	koncina/unilur	master
18/10/16 19:37	kvasilopoulos/exdyn	tidy
18/10/16 19:30	rstudio/ggvis	master
18/10/16 19:16	markmfredrickson/RItools	master
18/10/16 18:54	tdhock/directlabels	master
18/10/16 18:45	kvasilopoulos/exdyn	tidy
18/10/16 18:33	jonathon-love/car	master
18/10/16 17:51	IRkernel/IRkernel	master
18/10/16 17:49	KateHyoung/UTDEventData	master
18/10/16 17:40	maRce10/Rraven	master
18/10/16 16:51	thlytras/rspiro	master
18/10/16 16:46	mikemeredith/makeJAGSmask	master
18/10/16 16:45	mikemeredith/makeJAGSmask	master
18/10/16 16:42	mikemeredith/makeJAGSmask	master
18/10/16 16:40	mikemeredith/makeJAGSmask	master
18/10/16 16:37	mikemeredith/makeJAGSmask	master
18/10/16 16:34	mikemeredith/makeJAGSmask	master
18/10/16 16:34	mikemeredith/makeJAGSmask	master
18/10/16 16:33	mikemeredith/makeJAGSmask	master
18/10/16 16:33	mikemeredith/makeJAGSmask	master
18/10/16 16:31	mikemeredith/makeJAGSmask	master
18/10/16 16:18	sfirke/janitor	master
18/10/16 16:03	lian0090/FW	master
18/10/16 16:00	lian0090/FW	master
18/10/16 15:27	lian0090/FW	master
18/10/16 14:18	sfirke/janitor	master
18/10/16 13:22	ropenscilabs/skimr	master
18/10/16 13:02	jrdnmdhl/reconIPD	master
18/10/16 11:40	annanormark/wherescroc	master
18/10/16 11:21	annanormark/wherescroc	master
18/10/16 10:53	Tatvic/RGoogleAnalytics	master
18/10/16 10:24	YTLogos/dplyr	master
18/10/16 10:15	WinVector/replyr	master
18/10/16 10:05	jtextor/MotilityLab	master
18/10/16 08:58	ricardo-bion/ggradar	master
18/10/16 08:57	ricardo-bion/ggradar	master
18/10/16 07:45	hrbrmstr/uaparserjs	master
18/10/16 07:45	ujjwalkarn/xda	master
18/10/16 07:07	thomasp85/tidygraph	master
18/10/16 07:01	ujjwalkarn/xda	master
18/10/16 06:20	BavoDC/CalibrationCurves	master
18/10/16 05:33	ujjwalkarn/xda	master
18/10/16 02:39	karolgileta/ShinyApp	master
18/10/16 02:31	IRkernel/IRkernel	master
18/10/16 02:31	IRkernel/IRkernel	master
18/10/16 01:46	rodazuero/gmapsdistance	master
