18/04/06 12:42	danheck/metaBMA	master
18/04/06 12:40	danheck/metaBMA	master
18/04/06 12:36	tnagler/vinereg	master
18/04/06 12:22	privefl/bigstatsr	master
18/04/06 12:10	privefl/bigstatsr	master
18/04/06 12:03	schaarschmidt/mixADA	master
18/04/06 12:01	schaarschmidt/mixADA	master
18/04/06 10:15	cscheid/rgithub	master
18/04/06 10:00	leeper/tabulizer	master
18/04/06 09:58	ropensci/tabulizerjars	master
18/04/06 09:50	jwijffels/taskscheduleR	master
18/04/06 09:49	bnosac/taskscheduleR	master
18/04/06 09:44	ao90/PRIM	master
18/04/06 09:44	bnosac/taskscheduleR	master
18/04/06 09:23	jwijffels/taskscheduleR	master
18/04/06 09:22	bnosac/taskscheduleR	master
18/04/06 09:16	ujjwalkarn/xda	master
18/04/06 07:55	vqv/ggbiplot	master
18/04/06 07:50	vqv/ggbiplot	master
18/04/06 07:42	livioivil/TextWiller	master
18/04/06 07:28	maxbiostat/timeTreeSim	master
18/04/06 06:05	bwlewis/fls	master
18/04/06 06:05	GediminasB/fls	master
18/04/06 06:02	GediminasB/fls	master
18/04/06 06:00	bwlewis/fls	master
18/04/06 05:52	GediminasB/fls	master
18/04/06 05:38	GediminasB/fls	master
18/04/06 05:14	Crunch-io/crunchtabs	Na-cat-error
18/04/06 05:07	ujjwalkarn/xda	master
18/04/06 03:26	drmjc/genomics	master
18/04/06 03:18	timelyportfolio/d3treeR	master
18/04/06 03:17	timelyportfolio/d3treeR	master
18/04/06 03:16	GediminasB/fls	master
18/04/06 03:16	timelyportfolio/d3treeR	master
18/04/06 03:16	timelyportfolio/d3treeR	master
18/04/06 03:15	timelyportfolio/d3treeR	master
18/04/06 02:47	kazutan/tubeplayR	master
18/04/06 02:20	r-lib/remotes	master
18/04/06 02:14	trevorld/optparse	master
18/04/06 00:34	kazutan/zousan	master
18/04/05 00:58	ropensci/bikedata	master
18/04/05 00:47	ropensci/bikedata	master
18/04/05 00:33	jennybc/googlesheets	master
18/04/05 00:31	jennybc/googlesheets	master
18/04/05 00:30	jennybc/googlesheets	master
18/04/05 00:26	jennybc/googlesheets	master
18/04/05 00:04	ao90/PRIM	master
18/03/30 00:39	mikemeredith/MMmisc	master
18/03/30 00:30	ECO230/eco230r	master
18/03/30 00:30	ECO230/eco230r	master
18/03/30 00:29	ECO230/eco230r	master
18/03/30 00:19	ropenscilabs/eechidna	master
18/03/30 00:13	ECO230/eco230r	master
18/03/30 00:10	ECO230/eco230r	master
18/03/30 00:10	ECO230/eco230r	master
18/03/29 00:33	ECO230/eco230r	master
18/03/28 00:52	ropensci/plotly	master
18/03/28 00:45	tidyverse/ggplot2	49619b7
18/03/28 00:36	ECO230/eco230r	master
18/03/28 00:35	ECO230/eco230r	master
18/03/24 00:43	SachaEpskamp/semPlot	master
18/03/23 00:07	r-lib/rlang	master
18/03/23 00:06	tidyverse/rlang	master
18/03/22 00:12	gabrielrvsc/HDeconometrics	master
18/03/21 00:54	cbw1243/marginalfit	master
18/03/21 00:45	umerijaz/microbiomeSeq	master
18/03/18 00:29	sinhrks/ggfortify	master
18/03/16 00:37	stnava/ITKR	master
18/03/15 00:38	JoshuaSlocum/kagglr	master
18/03/15 00:09	aminondo/iX-Rpackage	sc
18/03/14 00:40	BIMSBbioinfo/genomation	master
18/03/14 00:39	yihui/knitr	master
18/03/14 00:35	BIMSBbioinfo/genomation	master
18/03/12 00:08	mroberts/stmBrowser	master
18/03/12 00:07	methodds/stminsights	master
18/03/08 00:58	peterxeno/preprocessr	master
18/03/08 00:57	artichaud1/preprocessr	master
18/03/08 00:45	USGS-R/waterData	master
18/03/08 00:03	jdblischak/workflowr	master
18/03/08 00:01	jdblischak/workflowr	master
18/03/07 00:51	hadley/haven	master
18/03/07 00:20	ropensci/tabulizer	master
18/03/07 00:20	ropensci/tabulizerjars	master
18/03/07 00:13	sjmgarnier/viridis	master
