18/02/22 17:34	vlahm/MCMCwrap	master
18/02/22 17:33	MaryLvV/mvfars	master
18/02/22 17:32	ronkeizer/PFIMwrap	master
18/02/22 17:06	johndharrison/RBMproxy	master
18/02/22 17:05	armstrtw/its	master
18/02/22 17:05	nmah/hgu133plus2CellScore	master
18/02/22 17:05	talgalili/dendextendRcpp	master
18/02/22 17:05	jofre44/packentrega	master
18/02/22 17:04	dviraran/xCell	master
18/02/22 17:04	oganm/MSigDB	master
18/02/22 17:04	ryanscharf/goatcounter	master
18/02/22 17:02	meoyo/AIPS	master
18/02/22 15:31	braverock/quantstrat	master
18/02/22 15:30	braverock/blotter	master
18/02/22 15:24	braverock/blotter	master
18/02/22 15:04	mllg/backports	master
18/02/22 13:57	mhahsler/rBLAST	master
18/02/22 13:08	mundl/readhyd	master
18/02/22 12:49	Pooja-Rajkumar/rectools	master
18/02/22 12:36	ropensci/rredlist	master
18/02/22 12:35	ropensci/rredlist	master
18/02/22 12:32	vqv/ggbiplot	master
18/02/22 12:31	vqv/ggbiplot	master
18/02/22 12:30	vqv/ggbiplot	master
18/02/22 12:28	vqv/ggbiplot	master
18/02/22 12:27	vqv/ggbiplot	master
18/02/22 12:26	vqv/ggbiplot	master
18/02/22 12:25	vqv/ggbiplot	master
18/02/22 12:24	vqv/ggbiplot	master
18/02/22 12:23	vqv/ggbiplot	master
18/02/22 12:22	vqv/ggbiplot	master
18/02/22 12:18	vqv/ggbiplot	master
18/02/22 12:18	vqv/ggbiplot	master
18/02/22 12:17	vqv/ggbiplot	master
18/02/22 11:57	ropensci/rredlist	master
18/02/22 11:28	craddm/metaSDT	master
18/02/22 10:43	wwrechard/screening	master
18/02/22 10:29	bleutner/RStoolbox	master
18/02/22 10:29	bleutner/RStoolbox	master
18/02/22 09:33	ucl-cssb/autoGate	master
18/02/22 09:32	ucl-cssb/autoGate	master
18/02/22 09:16	poissonconsulting/juggler	master
18/02/22 09:16	gjuggler/ggphylo	master
18/02/22 09:12	poissonconsulting/juggler	master
18/02/22 09:12	gjuggler/ggphylo	master
18/02/22 09:00	poissonconsulting/juggler	master
18/02/22 09:00	gjuggler/ggphylo	master
18/02/22 08:58	mlux86/flowLearn	master
18/02/22 08:47	poissonconsulting/juggler	master
18/02/22 08:46	gjuggler/ggphylo	master
18/02/22 08:40	kassambara/factoextra	master
18/02/22 08:22	kassambara/factoextra	master
18/02/22 08:21	vqv/ggbiplot	master
18/02/22 08:05	vqv/ggbiplot	master
18/02/22 07:33	ujjwalkarn/xda	master
18/02/22 06:51	EdwinGraham/EdNet	master
18/02/22 06:49	EdwinGraham/EdNet	master
18/02/22 06:43	EdwinGraham/EdNet	master
18/02/22 06:43	EdwinGraham/EdNet	master
18/02/22 06:09	EdwinGraham/EdNet	master
18/02/22 05:04	kassambara/factoextra	master
18/02/22 04:10	leeper/tabulizer	master
18/02/22 04:10	leeper/tabulizerjars	master
18/02/22 03:26	mikemeredith/makeJAGSmask	master
18/02/22 02:35	Gibbsdavidl/CatterPlots	master
18/02/22 01:31	OpenGenderTracking/globalnamedata	master
18/02/22 01:28	wenshuoliu/nbaPlayerTracking	master
18/02/22 01:28	OpenGenderTracking/globalnamedata	master
18/02/21 00:26	hoxo-m/prophetExt	master
18/02/20 00:29	pdrano/IKTrading	master
18/02/20 00:08	pdrano/IKTrading	master
18/02/18 00:21	yuanli22/RCUDA	master
18/02/18 00:07	duncantl/RCUDA	master
18/02/15 00:39	twitter/AnomalyDetection	master
18/02/15 00:38	pdrano/IKTrading	master
18/02/14 00:55	Bioconductor/IRanges	c5f1471
18/02/14 00:53	Bioconductor/S4Vectors	d93b89f
18/02/14 00:53	Bioconductor/S4Vectors	d39b89f
18/02/14 00:52	Bioconductor/S4Vectors	0b2b49f
18/02/14 00:51	Bioconductor/S4Vectors	8334847
18/02/14 00:49	Bioconductor/BiocGenerics	39d0af5
18/02/14 00:48	Bioconductor/BiocGenerics	0985ec9
18/02/14 00:46	Bioconductor/BiocGenerics	fcc22c8
18/02/14 00:45	Bioconductor/BiocGenerics	9383d85
18/02/14 00:45	Bioconductor/BiocGenerics	9389d85
18/02/14 00:42	Bioconductor/BiocGenerics	master
18/02/14 00:41	ropensci/tabulizer	master
18/02/14 00:36	ropensci/tabulizerjars	master
18/02/14 00:18	MorphoFun/kraken	master
18/02/12 00:26	lrutter/ggenealogy	master
18/02/08 00:31	green-striped-gecko/dartR	master
18/02/08 00:26	isglobal-brge/SNPassoc	master
18/02/08 00:24	zhengxwen/SNPRelate	master
18/02/08 00:23	edzer/hexbin	master
18/02/08 00:18	edzer/hexbin	master
18/02/08 00:08	edzer/hexbin	master
18/02/08 00:06	StoreyLab/qvalue	master
18/02/08 00:01	yihui/knitr	master
18/02/08 00:00	sinhrks/ggfortify	master
18/02/07 00:36	hadley/lubridate	master
18/02/07 00:35	tidyverse/lubridate	master
18/02/07 00:21	RGLab/opencytoCL	master
18/02/06 00:42	rpremraj/mailR	master
18/02/06 00:41	rpremraj/mailR	master
18/02/06 00:07	hoxo-m/pforeach	master
18/02/05 00:27	alyst/MotIV	master
18/02/05 00:10	rstats-db/RMySQL	master
18/02/03 00:40	mgledi/DiffLogo	master
18/01/30 00:16	mkearney/rtweet	master
18/01/28 00:08	rstudio/addinexamples	master
18/01/28 00:07	awhstin/awtools	master
