18/09/21 13:52	rstats-db/odbc	master
18/09/21 13:48	Microsoft/AzureSMR	master
18/09/21 13:35	rstats-db/odbc	master
18/09/21 13:27	rstats-db/odbc	master
18/09/21 12:32	ropensci/rglobi	master
18/09/21 10:28	GuangchuangYu/seqmagick	master
18/09/21 10:28	GuangchuangYu/seqmagick	master
18/09/21 10:21	GuangchuangYu/seqmagick	master
18/09/21 09:47	hoxo-m/prophetExt	master
18/09/21 09:11	csgillespie/benchmarkme	master
18/09/21 09:03	r-quantities/units	master
18/09/21 08:49	r-quantities/units	master
18/09/21 08:47	hafen/geofacet	master
18/09/21 08:46	jlstiles/parallel	master
18/09/21 08:46	jlstiles/parallel	master
18/09/21 08:45	hafen/geofacet	master
18/09/21 08:31	Auburngrads/teachingApps	master
18/09/21 08:15	Auburngrads/teachingApps	master
18/09/21 08:14	rstats-db/odbc	master
18/09/21 07:57	Auburngrads/teachingApps	master
18/09/21 07:55	rstats-db/odbc	master
18/09/21 07:52	rstats-db/odbc	master
18/09/21 06:49	XinruLI/metacartv0.1.0	master
18/09/21 06:33	rstats-db/odbc	master
18/09/21 06:21	rstats-db/odbc	master
18/09/21 06:01	rstats-db/odbc	master
18/09/21 05:14	rstats-db/odbc	master
18/09/21 03:11	trestletech/ShinyDash	master
18/09/21 03:08	ramnathv/rCharts	master
