18/06/05 22:50	ecjbosu/PerformanceAnalytics	master
18/06/05 22:49	braverock/PerformanceAnalytics	master
18/06/05 21:31	jbkunst/riskr	master
18/06/05 21:13	meghapadi/ALPACA	master
18/06/05 20:56	jplatig/condor	master
18/06/05 20:49	kmiddleton/binning	master
18/06/05 20:46	talgalili/partykit	master
18/06/05 20:45	meghapadi/ALPACA	master
18/06/05 20:45	thlytras/rspiro	master
18/06/05 20:45	talgalili/partykit	master
18/06/05 20:40	briatte/tidykml	master
18/06/05 20:39	briatte/tidykml	master
18/06/05 20:24	mhahsler/dbscan	master
18/06/05 19:49	wenshuoliu/nbaPlayerTracking	master
18/06/05 19:47	wenshuoliu/nbaPlayerTracking	master
18/06/05 19:47	OpenGenderTracking/globalnamedata	master
18/06/05 19:28	pedrocostaferreira/BETS-package	master
18/06/05 19:25	arorar/covmat	master
18/06/05 19:23	renozao/RcppOctave	master
18/06/05 18:41	AppliedDataSciencePartners/xgboostExplainer	master
18/06/05 18:40	davidADSP/xgboostExplainer	master
18/06/05 18:40	AppliedDataSciencePartners/xgboostExplainer	master
18/06/05 17:09	raerose01/deconstructSigs	master
18/06/05 16:55	jm3594/crtpower	master
18/06/05 16:55	dreamRs/esquisse	master
18/06/05 16:14	acoppock/ri2	master
18/06/05 16:10	kevinushey/cronR	master
18/06/05 16:10	hadley/nycflights13	master
18/06/05 16:09	hadley/babynames	master
18/06/05 16:06	mariavica/mircomb	master
18/06/05 16:05	pbiecek/breakDown	master
18/06/05 16:04	pbiecek/bgmm	master
18/06/05 15:50	richierocks/rebus	master
18/06/05 15:48	mariavica/mircomb	master
18/06/05 15:19	perishky/meffil	master
18/06/05 15:01	jkrijthe/Rtsne	master
18/06/05 14:36	jeroen/unix	master
18/06/05 14:06	mariavica/mircomb	master
18/06/05 14:03	skranz/restorepoint	master
18/06/05 13:27	leeper/ghit	master
18/06/05 13:25	dahtah/imager	master
18/06/05 13:24	dahtah/imager	master
18/06/05 13:22	dahtah/imager	master
18/06/05 13:14	dahtah/imager	master
18/06/05 09:33	randy3k/iterpc	master
18/06/05 09:27	drizopoulos/JM	master
18/06/05 08:29	nicolewhite/RNeo4j	master
18/06/05 08:21	awalker89/openxlsx	master
18/06/05 08:15	krisrs1128/phyloseqExtend	master
18/06/05 08:14	zmzhang/baselineWavelet	master
18/06/05 08:14	krisrs1128/phyloseqExtend	master
18/06/05 08:14	zmzhang/baselineWavelet	master
18/06/05 08:13	krisrs1128/phyloseqExtend	master
18/06/05 08:13	sgibb/MALDIquant	master
18/06/05 08:10	sgibb/MALDIquant	master
18/06/05 08:10	krisrs1128/phyloseqExtend	master
18/06/05 08:07	jdstorey/qvalue	master
18/06/05 08:07	jdstorey/qvalue	master
18/06/05 08:00	krisrs1128/phyloseqExtend	master
18/06/05 07:55	xiangjiexue/tools	master
18/06/05 07:53	nicolewhite/RNeo4j	master
18/06/05 07:52	UCLSPP/datasets	master
18/06/05 07:38	JaredChung/forecastml	master
18/06/05 07:33	robjhyndman/thief	master
18/06/05 07:12	melff/memisc	master
18/06/05 06:56	ujjwalkarn/xda	master
18/06/05 05:44	ujjwalkarn/xda	master
18/06/05 05:00	vqv/ggbiplot	master
18/06/05 04:58	vqv/ggbiplot	master
18/06/05 04:58	vqv/ggbiplot	master
18/06/05 04:57	vqv/ggbiplot	master
18/06/05 04:57	vqv/ggbiplot	master
18/06/05 04:56	vqv/ggbiplot	master
18/06/05 04:56	vqv/ggbiplot	master
18/06/05 04:54	vqv/ggbiplot	master
18/06/05 04:54	vqv/ggbiplot	master
18/06/05 04:50	vqv/ggbiplot	master
18/06/05 04:49	vqv/ggbiplot	master
18/06/05 04:48	vqv/ggbiplot	master
18/06/05 04:47	vqv/ggbiplot	master
18/06/05 04:44	vqv/ggbiplot	master
18/06/05 04:39	vqv/ggbiplot	master
18/06/05 04:37	vqv/ggbiplot	master
18/06/05 04:35	vqv/ggbiplot	master
18/06/05 04:35	vqv/ggbiplot	master
18/06/05 04:35	vqv/ggbiplot	master
18/06/05 04:34	vqv/ggbiplot	master
18/06/05 04:34	vqv/ggbiplot	master
18/06/05 04:33	vqv/ggbiplot	master
18/06/05 04:33	vqv/ggbiplot	master
18/06/05 04:32	vqv/ggbiplot	master
18/06/05 04:31	vqv/ggbiplot	master
18/06/05 04:31	vqv/ggbiplot	master
18/06/05 04:25	vqv/ggbiplot	master
18/06/05 04:25	vqv/ggbiplot	master
18/06/05 04:24	vqv/ggbiplot	master
18/06/05 04:24	vqv/ggbiplot	master
18/06/05 04:22	ropensci/tabulizer	master
18/06/05 04:22	vqv/ggbiplot	master
18/06/05 04:22	ropensci/tabulizerjars	master
18/06/05 04:22	vqv/ggbiplot	master
18/06/05 04:22	vqv/ggbiplot	master
18/06/05 04:21	vqv/ggbiplot	master
18/06/05 04:21	vqv/ggbiplot	master
18/06/05 04:19	vqv/ggbiplot	master
18/06/05 04:19	vqv/ggbiplot	master
18/06/05 04:17	vqv/ggbiplot	master
18/06/05 04:17	vqv/ggbiplot	master
18/06/05 04:16	vqv/ggbiplot	master
18/06/05 04:14	vqv/ggbiplot	master
18/06/05 04:14	vqv/ggbiplot	master
18/06/05 04:14	vqv/ggbiplot	master
18/06/05 04:13	vqv/ggbiplot	master
18/06/05 04:13	vqv/ggbiplot	master
18/06/05 04:13	vqv/ggbiplot	master
18/06/05 04:06	vqv/ggbiplot	master
18/06/05 04:06	vqv/ggbiplot	master
18/06/05 04:06	vqv/ggbiplot	master
18/06/05 04:00	vqv/ggbiplot	master
18/06/05 04:00	vqv/ggbiplot	master
18/06/05 04:00	vqv/ggbiplot	master
18/06/05 03:59	vqv/ggbiplot	master
18/06/05 03:57	vqv/ggbiplot	master
18/06/05 03:56	vqv/ggbiplot	master
18/06/05 03:54	vqv/ggbiplot	master
18/06/05 03:50	vqv/ggbiplot	master
18/06/05 03:49	vqv/ggbiplot	master
18/06/05 03:49	vqv/ggbiplot	master
18/06/05 03:47	vqv/ggbiplot	master
18/06/05 03:47	vqv/ggbiplot	master
18/06/05 03:40	vqv/ggbiplot	master
18/06/05 03:39	vqv/ggbiplot	master
18/06/05 03:34	vqv/ggbiplot	master
18/06/05 03:34	vqv/ggbiplot	master
18/06/05 03:34	vqv/ggbiplot	master
18/06/05 03:33	vqv/ggbiplot	master
18/06/05 03:33	vqv/ggbiplot	master
18/06/05 03:32	vqv/ggbiplot	master
18/06/05 03:32	vqv/ggbiplot	master
18/06/05 03:31	vqv/ggbiplot	master
18/06/05 03:29	vqv/ggbiplot	master
18/06/05 03:28	vqv/ggbiplot	master
18/06/05 03:27	vqv/ggbiplot	master
18/06/05 03:27	vqv/ggbiplot	master
18/06/05 03:09	vqv/ggbiplot	master
18/06/05 03:01	vqv/ggbiplot	master
18/06/05 03:01	vqv/ggbiplot	master
18/06/05 02:37	vqv/ggbiplot	master
18/06/05 02:28	vqv/ggbiplot	master
18/06/05 02:26	vqv/ggbiplot	master
18/06/05 02:25	vqv/ggbiplot	master
18/06/05 02:25	vqv/ggbiplot	master
18/06/05 02:23	vqv/ggbiplot	master
18/06/05 02:08	hadley/tidyverse	master
18/06/05 01:53	hadley/tidyverse	master
18/06/05 01:52	tidyverse/tidyverse	master
18/06/05 00:32	jrlockwood/eivtools	master
18/06/05 00:28	palmer0914/ML_for_Hackers	master
18/06/05 00:28	palmer0914/ML_for_Hackers	master
18/06/05 00:00	ujjwalkarn/xda	master
18/06/01 00:52	johndharrison/wdman	master
18/06/01 00:51	johndharrison/binman	master
18/06/01 00:51	johndharrison/wdman	master
18/06/01 00:50	johndharrison/binman	master
18/06/01 00:50	johndharrison/wdman	master
18/06/01 00:18	tidyverse/purrr	master
18/06/01 00:16	OHDSI/bit	master
18/06/01 00:06	greta-dev/greta	master
18/05/31 00:07	jm3594/crtpower	master
18/05/30 00:19	rstudio/shiny-incubator	master
18/05/30 00:05	hadley/devtools	master
18/05/30 00:03	rstudio/httpuv	master
18/05/30 00:03	rstudio/shiny	master
18/05/29 00:47	zdk123/SpiecEasi	master
18/05/29 00:46	reptalex/phylofactor	master
18/05/28 00:21	OscarBrock/gCrisprTools	master
18/05/28 00:14	OscarBrock/gCrisprTools	master
18/05/25 00:49	hoxo-m/prophetExt	master
18/05/25 00:40	hoxo-m/prophetExt	master
18/05/25 00:38	bgreenwell/mertree	master
18/05/25 00:37	hoxo-m/prophetExt	master
18/05/25 00:24	gbm-developers/gbm3	master
18/05/25 00:23	hoxo-m/prophetExt	master
18/05/25 00:19	hoxo-m/densratio	v0.0.3
18/05/25 00:18	swish-climate-impact-assessment/awaptools	develop
18/05/25 00:17	Luddo94/Package	master
18/05/24 00:53	rstudio/httpuv	master
18/05/24 00:50	rstudio/httpuv	master
18/05/24 00:46	rstudio/shiny	master
18/05/24 00:31	leeper/tabulizerjars	master
18/05/24 00:25	leeper/tabulizer	master
18/05/24 00:23	leeper/tabulizerjars	master
18/05/23 00:55	mfasiolo/mgcViz	master
18/05/23 00:54	mfasiolo/qgam	master
18/05/23 00:39	mfasiolo/mgcViz	master
18/05/23 00:30	mfasiolo/mgcViz	master
18/05/23 00:29	mfasiolo/qgam	master
18/05/23 00:29	mfasiolo/qgam	master
18/05/23 00:24	mfasiolo/mgcViz	master
18/05/19 00:15	ropensci/tabulizer	master
18/05/18 00:28	OscarBrock/gCrisprTools	master
18/05/18 00:14	OscarBrock/gCrisprTools	master
18/05/15 00:38	andrewpbray/oilabs	master
18/05/15 00:30	andrewpbray/oilabs	master
18/05/15 00:18	andrewpbray/oilabs	master
18/05/15 00:17	andrewpbray/oilabs	master
18/05/12 00:45	kassambara/ggpubr	master
18/05/12 00:44	kassambara/ggpubr	master
18/05/12 00:37	kassambara/factoextra	master
18/05/11 00:53	uribo/jpndistrict	add_light_rds
18/05/11 00:52	jm3594/crtpower	master
18/05/11 00:52	uribo/jpndistrict	add_light_rds
18/05/06 00:51	mclements/rstpm2	master
18/05/06 00:19	rpradosiqueira/brazilmaps	master
18/05/06 00:15	lucasmation/microdadosBrasil	master
