18/03/02 21:08	mlr-org/mlr	forecasting
18/03/02 20:41	hoxo-m/magicfor	master
18/03/02 18:51	danlwarren/ENMTools	master
18/03/02 17:29	abresler/forbesListR	master
18/03/02 14:57	frenchja/psych	master
18/03/02 14:56	frenchja/psych	master
18/03/02 14:56	frenchja/psych	master
18/03/02 14:54	hadley/tidyverse	master
18/03/02 14:52	tidyverse/tidyverse	master
18/03/02 11:30	PoisotLab/betalink	master
18/03/02 11:27	mikemeredith/makeJAGSmask	master
18/03/02 11:25	PoisotLab/betalink	master
18/03/02 11:22	PoisotLab/betalink	master
18/03/02 11:21	PoisotLab/betalink	master
18/03/02 11:21	PoisotLab/betalink	master
18/03/02 11:19	PoisotLab/betalink	master
18/03/02 11:19	PoisotLab/betalink	master
18/03/02 11:18	PoisotLab/betalink	master
18/03/02 11:18	PoisotLab/betalink	master
18/03/02 11:18	PoisotLab/betalink	master
18/03/02 11:16	PoisotLab/betalink	master
18/03/02 11:15	PoisotLab/betalink	master
18/03/02 11:15	PoisotLab/betalink	master
18/03/02 11:15	PoisotLab/betalink	master
18/03/02 11:14	PoisotLab/betalink	master
18/03/02 11:14	PoisotLab/betalink	master
18/03/02 11:13	PoisotLab/betalink	master
18/03/02 11:11	PoisotLab/betalink	master
18/03/02 11:10	PoisotLab/betalink	master
18/03/02 10:59	ropensci/tabulizer	master
18/03/02 10:59	ropensci/tabulizerjars	master
18/03/02 10:29	ropensci/tabulizer	master
18/03/02 10:29	ropensci/tabulizerjars	master
18/03/02 10:23	leeper/tabulizer	master
18/03/02 10:22	ropensci/tabulizerjars	master
18/03/02 10:20	cloudyr/bigQueryR	master
18/03/02 09:20	LasseHjort/cuRe	develop
18/03/02 08:15	grunwaldlab/poppr	master
18/03/02 08:12	ivyleavedtoadflax/scrapeML	master
18/03/02 08:12	galotalp/gpMCMC	master
18/03/02 08:11	dincerti/learnMCMC	master
18/03/02 08:10	arnima-github/scape	master
18/03/02 07:55	cole-trapnell-lab/monocle-release	master
18/03/02 07:53	chvlyl/ZIBR	master
18/03/02 07:52	chvlyl/ZIBR	master
18/03/02 07:51	chvlyl/ZIBR	master
18/03/02 07:42	jimhester/lookup	master
18/03/02 07:33	jimhester/lookup	master
18/03/02 05:09	mikemeredith/makeJAGSmask	master
18/03/02 04:23	rstudio/cloudml	master
18/03/02 03:38	braverock/quantstrat	master
18/03/02 03:29	braverock/blotter	master
18/03/02 03:07	braverock/blotter	master
18/03/02 03:01	braverock/blotter	master
18/03/02 02:19	strengejacke/sjmisc	master
18/03/02 01:18	IRkernel/IRkernel	master
18/03/02 01:18	IRkernel/IRkernel	master
18/03/02 01:17	IRkernel/IRkernel	master
18/03/02 01:11	IRkernel/IRkernel	master
18/03/02 01:04	ECO230/eco230r	master
18/03/02 00:59	ECO230/eco230r	master
18/03/02 00:42	ropensci/ghql	master
18/03/02 00:08	ECO230/eco230r	master
18/03/02 00:04	ECO230/eco230r	master
18/03/02 00:04	ECO230/eco230r	master
18/03/02 00:04	ECO230/eco230r	master
18/03/02 00:03	ECO230/eco230r	master
18/02/28 00:58	ECO230/eco230r	master
18/02/28 00:41	kbroman/horizon	master
18/02/28 00:16	ECO230/eco230r	master
18/02/28 00:10	ECO230/eco230r	master
18/02/28 00:10	ECO230/eco230r	master
18/02/28 00:10	ECO230/eco230r	master
18/02/27 00:45	renozao/NMF	devel
18/02/27 00:39	tidyverse/haven	master
18/02/27 00:35	tidyverse/haven	master
18/02/27 00:00	ECO230/eco230r	master
18/02/26 00:55	James-Thorson/FishLife	master
18/02/24 00:41	briofons/R-Package-RJIRA	master
18/02/21 00:26	hoxo-m/prophetExt	master
18/02/20 00:29	pdrano/IKTrading	master
18/02/20 00:08	pdrano/IKTrading	master
18/02/18 00:21	yuanli22/RCUDA	master
18/02/18 00:07	duncantl/RCUDA	master
18/02/15 00:39	twitter/AnomalyDetection	master
18/02/15 00:38	pdrano/IKTrading	master
18/02/14 00:55	Bioconductor/IRanges	c5f1471
18/02/14 00:53	Bioconductor/S4Vectors	d93b89f
18/02/14 00:53	Bioconductor/S4Vectors	d39b89f
18/02/14 00:52	Bioconductor/S4Vectors	0b2b49f
18/02/14 00:51	Bioconductor/S4Vectors	8334847
18/02/14 00:49	Bioconductor/BiocGenerics	39d0af5
18/02/14 00:48	Bioconductor/BiocGenerics	0985ec9
18/02/14 00:46	Bioconductor/BiocGenerics	fcc22c8
18/02/14 00:45	Bioconductor/BiocGenerics	9383d85
18/02/14 00:45	Bioconductor/BiocGenerics	9389d85
18/02/14 00:42	Bioconductor/BiocGenerics	master
18/02/14 00:41	ropensci/tabulizer	master
18/02/14 00:36	ropensci/tabulizerjars	master
18/02/14 00:18	MorphoFun/kraken	master
18/02/12 00:26	lrutter/ggenealogy	master
18/02/08 00:31	green-striped-gecko/dartR	master
18/02/08 00:26	isglobal-brge/SNPassoc	master
18/02/08 00:24	zhengxwen/SNPRelate	master
18/02/08 00:23	edzer/hexbin	master
18/02/08 00:18	edzer/hexbin	master
18/02/08 00:08	edzer/hexbin	master
18/02/08 00:06	StoreyLab/qvalue	master
18/02/08 00:01	yihui/knitr	master
18/02/08 00:00	sinhrks/ggfortify	master
18/02/07 00:36	hadley/lubridate	master
18/02/07 00:35	tidyverse/lubridate	master
18/02/07 00:21	RGLab/opencytoCL	master
18/02/06 00:42	rpremraj/mailR	master
18/02/06 00:41	rpremraj/mailR	master
18/02/06 00:07	hoxo-m/pforeach	master
18/02/05 00:27	alyst/MotIV	master
18/02/05 00:10	rstats-db/RMySQL	master
18/02/03 00:40	mgledi/DiffLogo	master
