18/10/05 19:56	rstudio/R-Websockets	master
18/10/05 19:34	hadley/tidyverse	master
18/10/05 18:56	alyssafrazee/polyester	master
18/10/05 17:58	dgrtwo/rparse	master
18/10/05 15:40	hadley/ggplot2	49619b7
18/10/05 15:40	duthedd/ggplot2	49619b7
18/10/05 15:39	duthedd/ggplot2	49619b7
18/10/05 15:39	duthedd/ggplot2	49619b7
18/10/05 15:20	tsangyp/cat	master
18/10/05 15:18	richfitz/cat	master
18/10/05 12:09	vst/mgarch	master
18/10/05 12:03	azizka/speciesgeocodeR	master
18/10/05 11:45	vst/mgarch	master
18/10/05 11:24	hadley/precis	master
18/10/05 11:21	broadinstitute/ichorCNA	master
18/10/05 11:17	broadinstitute/ichorCNA	master
18/10/05 11:16	broadinstitute/ichorCNA	master
18/10/05 10:22	jbkunst/highcharter	master
18/10/05 09:36	rstudio/rsconnect	master
18/10/05 09:10	jbkunst/highcharter	master
18/10/05 08:49	thlytras/rspiro	master
18/10/05 08:28	hadley/ggplot2	49619b7
18/10/05 07:16	broadinstitute/ichorCNA	master
18/10/05 07:14	broadinstitute/ichorCNA	master
18/10/05 07:13	broadinstitute/ichorCNA	master
18/10/05 07:01	fozy81/NBN4R	master
18/10/05 02:46	awhstin/awtools	master
18/10/05 01:46	tidyverse/tidyverse	master
18/10/05 01:46	ropensci/plotly	master
18/10/05 01:46	rstudio/promises	master
18/10/05 01:45	ropensci/plotly	master
18/10/05 01:08	Albluca/ElPiGraph.R	master
18/10/05 01:06	edzer/units	master
18/10/05 00:48	Albluca/ElPiGraph.R	master
18/10/05 00:47	alexgenin/miscutils	master
18/10/05 00:46	alexgenin/miscutils	master
18/10/05 00:23	jbryer/likert	master
18/10/05 00:21	dgrtwo/snippr	master
18/10/03 00:54	gavinsimpson/ggvegan	master
18/10/03 00:53	amberalpha/toypkg	master
18/09/25 00:25	rstudio/config	master
18/09/25 00:24	rstudio/config	master
18/09/25 00:23	rstudio/config	master
18/09/24 00:01	rstats-db/odbc	master
18/09/20 00:52	hadley/precis	master
18/09/20 00:48	RickPack/FBadstats	master
18/09/20 00:08	selesnow/rvkstat	master
18/09/18 00:27	yihui/knitr	master
18/09/18 00:25	rstudio/rmarkdown	master
18/09/18 00:25	yihui/tinytex	master
18/09/15 00:47	hrbrmstr/hrbrthemes	master
18/09/13 00:52	CentreForHydrology/CRHMr	master
18/09/11 00:15	yihui/tinytex	master
18/09/11 00:14	rstudio/rmarkdown	master
18/09/09 00:02	vqv/ggbiplot	master
18/09/08 00:46	att/rcloud.rmd	master
18/09/08 00:46	att/rcloud.rmd	master
18/09/08 00:43	att/rcloud.rmd	master
18/09/08 00:43	att/rcloud.rmd	master
18/09/08 00:42	att/rcloud.flexdashboard	master
18/09/08 00:42	att/rcloud.rmd	master
18/09/08 00:42	att/rcloud.flexdashboard	master
18/09/08 00:42	att/rcloud.shiny	master
18/09/08 00:41	att/rcloud.htmlwidgets	master
18/09/07 00:58	benjamin-merkel/probGLS	master
18/09/07 00:53	hadley/ggplot2	master
18/09/06 00:53	mrke/NicheMapR	master
18/09/06 00:34	mrke/NicheMapR	master
18/09/06 00:06	vegandevs/vegan	master
