18/09/15 19:59	IlyaKipnis/DSTrading	master
18/09/15 19:53	IlyaKipnis/DSTrading	master
18/09/15 17:16	jennybc/googlesheets	master
18/09/15 17:10	vqv/ggbiplot	master
18/09/15 17:09	vqv/ggbiplot	master
18/09/15 16:54	hrbrmstr/hrbrthemes	master
18/09/15 16:42	jennybc/googlesheets	master
18/09/15 16:42	jennybc/googlesheets	master
18/09/15 16:39	jennybc/googlesheets	master
18/09/15 16:38	jennybc/googlesheets	master
18/09/15 16:38	jennybc/googlesheets	master
18/09/15 16:37	jennybc/googlesheets	master
18/09/15 16:37	jennybc/googlesheets	master
18/09/15 16:37	jennybc/googlesheets	master
18/09/15 16:37	jennybc/googlesheets	master
18/09/15 16:37	jennybc/googlesheets	master
18/09/15 16:37	jennybc/googlesheets	master
18/09/15 16:37	jennybc/googlesheets	master
18/09/15 16:37	jennybc/googlesheets	master
18/09/15 16:37	jennybc/googlesheets	master
18/09/15 16:37	jennybc/googlesheets	master
18/09/15 16:37	jennybc/googlesheets	master
18/09/15 16:37	jennybc/googlesheets	master
18/09/15 16:37	jennybc/googlesheets	master
18/09/15 16:37	jennybc/googlesheets	master
18/09/15 16:37	jennybc/googlesheets	master
18/09/15 16:34	jennybc/googlesheets	master
18/09/15 14:41	jennybc/googlesheets	master
18/09/15 13:53	vqv/ggbiplot	master
18/09/15 13:47	vqv/ggbiplot	master
18/09/15 13:30	vqv/ggbiplot	master
18/09/15 12:21	fauxneticien/anamR	master
18/09/15 12:07	fauxneticien/anamR	master
18/09/15 11:25	IlyaKipnis/DSTrading	master
18/09/15 10:00	strengejacke/strengejacke	master
18/09/15 09:58	hadley/tidyverse	master
18/09/15 09:57	Rdatatable/data.table	master
18/09/15 06:15	ujjwalkarn/xda	master
18/09/15 06:02	mannau/tm.plugin.sentiment	master
18/09/15 06:00	mannau/tm.plugin.sentiment	master
18/09/15 05:59	mannau/tm.plugin.sentiment	master
18/09/15 05:59	mannau/tm.plugin.sentiment	master
18/09/15 05:59	mannau/tm.plugin.sentiment	master
18/09/15 05:59	mannau/tm.plugin.sentiment	master
18/09/15 05:58	mannau/tm.plugin.sentiment	master
18/09/15 05:58	mannau/tm.plugin.sentiment	master
18/09/15 05:58	mannau/tm.plugin.sentiment	master
18/09/15 05:58	mannau/tm.plugin.sentiment	master
18/09/15 05:58	mannau/tm.plugin.sentiment	master
18/09/15 05:58	mannau/tm.plugin.sentiment	master
18/09/15 05:57	mannau/tm.plugin.sentiment	master
18/09/15 05:57	mannau/tm.plugin.sentiment	master
18/09/15 05:57	mannau/tm.plugin.sentiment	master
18/09/15 05:57	mannau/tm.plugin.sentiment	master
18/09/15 05:09	etheleon/reAssemble	master
18/09/15 05:08	sebastianueckert/assemblerr	master
18/09/15 04:10	andrie/version.compare	master
18/09/15 04:06	andrie/version.compare	master
18/09/15 04:04	andrie/version.compare	master
18/09/15 04:01	uribo/jpndistrict	add_light_rds
18/09/15 04:00	uribo/jpndistrict	add_light_rds
18/09/15 04:00	uribo/jpndistrict	add_light_rds
18/09/15 03:57	andrie/version.compare	master
18/09/15 03:50	andrie/version.compare	master
18/09/15 03:43	vqv/ggbiplot	master
18/09/15 03:15	vqv/ggbiplot	master
18/09/15 03:14	vqv/ggbiplot	master
18/09/15 03:12	vqv/ggbiplot	master
18/09/15 03:12	vqv/ggbiplot	master
18/09/15 03:07	vqv/ggbiplot	master
18/09/15 03:07	vqv/ggbiplot	master
18/09/15 03:07	vqv/ggbiplot	master
18/09/15 03:07	vqv/ggbiplot	master
18/09/15 03:06	vqv/ggbiplot	master
18/09/15 03:06	vqv/ggbiplot	master
18/09/15 03:05	vqv/ggbiplot	master
18/09/15 03:04	vqv/ggbiplot	master
18/09/15 03:04	vqv/ggbiplot	master
18/09/15 03:04	vqv/ggbiplot	master
18/09/15 03:04	vqv/ggbiplot	master
18/09/15 03:03	vqv/ggbiplot	master
18/09/15 03:03	vqv/ggbiplot	master
18/09/15 03:02	vqv/ggbiplot	master
18/09/15 03:02	vqv/ggbiplot	master
18/09/15 03:01	vqv/ggbiplot	master
18/09/15 02:56	vqv/ggbiplot	master
18/09/15 02:56	vqv/ggbiplot	master
18/09/15 02:56	vqv/ggbiplot	master
18/09/15 02:56	vqv/ggbiplot	master
18/09/15 02:55	vqv/ggbiplot	master
18/09/15 02:55	vqv/ggbiplot	master
18/09/15 02:33	vqv/ggbiplot	master
18/09/15 02:33	vqv/ggbiplot	master
18/09/15 02:24	vqv/ggbiplot	master
18/09/15 02:21	vqv/ggbiplot	master
18/09/15 01:46	genomicsclass/ph525x	master
18/09/15 00:47	hrbrmstr/hrbrthemes	master
18/09/13 00:52	CentreForHydrology/CRHMr	master
18/09/11 00:15	yihui/tinytex	master
18/09/11 00:14	rstudio/rmarkdown	master
18/09/09 00:02	vqv/ggbiplot	master
18/09/08 00:46	att/rcloud.rmd	master
18/09/08 00:46	att/rcloud.rmd	master
18/09/08 00:43	att/rcloud.rmd	master
18/09/08 00:43	att/rcloud.rmd	master
18/09/08 00:42	att/rcloud.flexdashboard	master
18/09/08 00:42	att/rcloud.rmd	master
18/09/08 00:42	att/rcloud.flexdashboard	master
18/09/08 00:42	att/rcloud.shiny	master
18/09/08 00:41	att/rcloud.htmlwidgets	master
18/09/07 00:58	benjamin-merkel/probGLS	master
18/09/07 00:53	hadley/ggplot2	master
18/09/06 00:53	mrke/NicheMapR	master
18/09/06 00:34	mrke/NicheMapR	master
18/09/06 00:06	vegandevs/vegan	master
18/09/03 00:12	kassambara/easyGgplot2	master
18/08/30 00:53	ricardo-bion/ggradar	master
18/08/30 00:48	ricardo-bion/ggradar	master
18/08/29 00:47	rstudio/leaflet	master
18/08/29 00:42	rstudio/leaflet	master
18/08/28 00:09	jutako/Rtools	master
18/08/27 00:14	aoles/EBImage	master
18/08/24 00:06	ramnathv/rCharts	master
18/08/24 00:06	ramnathv/rCharts	master
18/08/24 00:03	taiyun/corrplot	master
18/08/24 00:03	taiyun/corrplot	master
18/08/23 00:37	ropensci/tabulizerjars	master
18/08/22 00:49	ymattu/rjumanpp	master
18/08/22 00:48	ymattu/rjumanpp	master
18/08/22 00:31	Triamus/mandat	Fix-Mac-fopenmp-Issue
18/08/21 00:50	bacollier/moveud	master
18/08/18 00:45	ewenme/fplR	master
18/08/18 00:18	neuroconductor/extrantsr	master
18/08/16 00:11	BruceKendall/PVA	master
