18/10/15 20:28	bgreenwell/mertree	master
18/10/15 20:28	bgreenwell/mertree	master
18/10/15 20:22	bgreenwell/mertree	master
18/10/15 20:21	bgreenwell/mertree	master
18/10/15 20:20	bgreenwell/mertree	master
18/10/15 20:20	bgreenwell/mertree	master
18/10/15 15:57	mlr-org/mlr	forecasting
18/10/15 15:32	ricardo-bion/ggradar	master
18/10/15 15:31	ricardo-bion/ggradar	master
18/10/15 15:02	kevinushey/cronR	master
18/10/15 14:33	hadley/ggplot2	49619b7
18/10/15 13:11	sfirke/janitor	master
18/10/15 12:55	ujjwalkarn/xda	master
18/10/15 12:36	hadley/ggplot2	49619b7
18/10/15 11:16	hoxo-m/magicfor	master
18/10/15 10:28	mplex/multiplex	master
18/10/15 09:58	hoxo-m/lambdaR	master
18/10/15 09:48	jbkunst/highcharter	master
18/10/15 09:16	ujjwalkarn/xda	master
18/10/15 08:59	ujjwalkarn/xda	master
18/10/15 07:44	rstudio/rmarkdown	master
18/10/15 07:42	rstudio/rmarkdown	master
18/10/15 06:04	renozao/NMF	develop
18/10/11 00:33	sbfnk/fitR	master
18/10/05 00:48	Albluca/ElPiGraph.R	master
18/10/05 00:47	alexgenin/miscutils	master
18/10/05 00:46	alexgenin/miscutils	master
18/10/05 00:23	jbryer/likert	master
18/10/05 00:21	dgrtwo/snippr	master
18/10/03 00:54	gavinsimpson/ggvegan	master
18/10/03 00:53	amberalpha/toypkg	master
18/09/25 00:25	rstudio/config	master
18/09/25 00:24	rstudio/config	master
18/09/25 00:23	rstudio/config	master
18/09/24 00:01	rstats-db/odbc	master
18/09/20 00:52	hadley/precis	master
18/09/20 00:48	RickPack/FBadstats	master
18/09/20 00:08	selesnow/rvkstat	master
18/09/18 00:27	yihui/knitr	master
18/09/18 00:25	rstudio/rmarkdown	master
18/09/18 00:25	yihui/tinytex	master
18/09/15 00:47	hrbrmstr/hrbrthemes	master
