18/08/30 10:45	tidyverse/ggplot2	49619b7
18/08/30 10:41	tidyverse/ggplot2	49619b7
18/08/30 09:55	braverock/factorAnalytics	master
18/08/30 09:44	MarkSelby1992/RCluster	master
18/08/30 09:27	openml/r	master
18/08/30 09:26	JARS3N/0	master
18/08/30 09:23	ldepascalis/packages	master
18/08/30 09:23	plgrmr/packages	master
18/08/30 08:52	twitter/AnomalyDetection	master
18/08/30 08:43	badbye/baidumap	master
18/08/30 05:53	dgrtwo/gganimate	master
18/08/30 04:17	yixuan/showtext	master
18/08/30 03:54	yixuan/showtext	master
18/08/30 03:53	yixuan/showtext	master
18/08/30 02:43	bbolker/broom.mixed	master
18/08/30 01:11	ricardo-bion/ggradar	master
18/08/30 00:53	ricardo-bion/ggradar	master
18/08/30 00:48	ricardo-bion/ggradar	master
18/08/29 00:47	rstudio/leaflet	master
18/08/29 00:42	rstudio/leaflet	master
18/08/28 00:09	jutako/Rtools	master
18/08/27 00:14	aoles/EBImage	master
18/08/24 00:06	ramnathv/rCharts	master
18/08/24 00:06	ramnathv/rCharts	master
18/08/24 00:03	taiyun/corrplot	master
18/08/24 00:03	taiyun/corrplot	master
18/08/23 00:37	ropensci/tabulizerjars	master
18/08/22 00:49	ymattu/rjumanpp	master
18/08/22 00:48	ymattu/rjumanpp	master
18/08/22 00:31	Triamus/mandat	Fix-Mac-fopenmp-Issue
18/08/21 00:50	bacollier/moveud	master
18/08/18 00:45	ewenme/fplR	master
18/08/18 00:18	neuroconductor/extrantsr	master
18/08/16 00:11	BruceKendall/PVA	master
18/08/11 00:30	ramnathv/slidify	master
18/08/11 00:30	ramnathv/rCharts	master
18/08/11 00:14	uribo/jpndistrict	add_light_rds
18/08/09 00:39	rstudio/blogdown	master
18/08/07 00:17	drsimonj/corrr	master
18/08/03 00:59	mukul13/rword2vec	master
18/08/03 00:56	mukul13/rword2vec	master
18/08/03 00:15	mukul13/rword2vec	master
18/08/03 00:05	ricardo-bion/ggradar	master
18/08/01 00:58	leeper/tabulizer	master
18/08/01 00:58	leeper/tabulizerjars	master
18/08/01 00:57	KNMI/knmiR	3678061
