18/05/23 20:37	bmschmidt/wordVectors	master
18/05/23 20:14	mukul13/rword2vec	master
18/05/23 20:13	mukul13/rword2vec	master
18/05/23 20:13	mukul13/rword2vec	master
18/05/23 19:43	mdbrown/survNRI	master
18/05/23 19:40	DataWookie/myfxbook-for-R	master
18/05/23 19:37	bmschmidt/wordVectors	master
18/05/23 19:34	bmschmidt/wordVectors	master
18/05/23 19:19	bert9bert/ParallelForest	master
18/05/23 19:10	redmode/blotter	master
18/05/23 19:10	naturalsmen/blotter	master
18/05/23 19:10	cloudcello/blotter	master
18/05/23 19:10	cloudcell/blotter	master
18/05/23 19:09	R-Finance/blotter	master
18/05/23 19:09	braverock/blotter	master
18/05/23 18:51	ahvigil/randomForest	master
18/05/23 18:48	ahvigil/randomForest	master
18/05/23 16:59	kassambara/r2excel	master
18/05/23 16:58	kassambara/r2excel	master
18/05/23 16:52	aertslab/SCENIC	master
18/05/23 16:50	kassambara/r2excel	master
18/05/23 16:48	aertslab/SCENIC	master
18/05/23 16:45	aertslab/SCENIC	master
18/05/23 16:43	aertslab/SCENIC	master
18/05/23 16:41	aertslab/SCENIC	master
18/05/23 16:21	rstudio/DT	master
18/05/23 16:14	sunnyeesl/BigLD	master
18/05/23 16:14	sunnyeesl/BigLD	master
18/05/23 15:35	hrbrmstr/hrbraddins	master
18/05/23 15:34	hrbrmstr/hrbraddins	master
18/05/23 15:23	skardhamar/rga	master
18/05/23 14:45	rubenarslan/codebook	master
18/05/23 14:45	rubenarslan/codebook	master
18/05/23 14:44	rubenarslan/codebook	master
18/05/23 13:50	MichaelJMahometa/SDSRegressionR	master
18/05/23 12:48	dkahle/ggmap	master
18/05/23 12:01	GuangchuangYu/clusterProfiler	master
18/05/23 11:03	AndyPL22/ForestTools	0034866
18/05/23 10:37	dmenne/dlatex	master
18/05/23 10:36	RevolutionAnalytics/dplyrXdf	master
18/05/23 10:36	RevolutionAnalytics/webapi	master
18/05/23 10:35	RevolutionAnalytics/webapi	master
18/05/23 10:34	RevolutionAnalytics/webapi	master
18/05/23 10:32	dmenne/dlatex	master
18/05/23 10:26	stefano-meschiari/latex2exp	master
18/05/23 10:20	statsmaths/genlasso	master
18/05/23 10:16	statsmaths/genlasso	master
18/05/23 10:13	statsmaths/genlasso	master
18/05/23 10:11	statsmaths/genlasso	master
18/05/23 10:08	statsmaths/genlasso	master
18/05/23 10:08	statsmaths/genlasso	master
18/05/23 08:35	wlandau/appPackage	master
18/05/23 08:24	wlandau/appPackage	master
18/05/23 08:13	twitter/AnomalyDetection	master
18/05/23 07:51	jalvesaq/colorout	master
18/05/23 07:50	jalvesaq/colorout	master
18/05/23 06:33	Karel-Kroeze/MCAT	master
18/05/23 06:26	gkobeaga/opentraffic-r	master
18/05/23 05:58	richierocks/limma2	master
18/05/23 04:49	richierocks/limma2	master
18/05/23 04:47	richierocks/limma2	master
18/05/23 02:58	ujjwalkarn/xda	master
18/05/23 02:20	richierocks/limma2	master
18/05/23 01:19	mfasiolo/mgcViz	master
18/05/23 01:19	mfasiolo/qgam	master
18/05/23 01:03	mfasiolo/mgcViz	master
18/05/23 01:02	mfasiolo/mgcViz	master
18/05/23 00:55	mfasiolo/mgcViz	master
18/05/23 00:54	mfasiolo/qgam	master
18/05/23 00:39	mfasiolo/mgcViz	master
18/05/23 00:30	mfasiolo/mgcViz	master
18/05/23 00:29	mfasiolo/qgam	master
18/05/23 00:29	mfasiolo/qgam	master
18/05/23 00:24	mfasiolo/mgcViz	master
18/05/19 00:15	ropensci/tabulizer	master
18/05/18 00:28	OscarBrock/gCrisprTools	master
18/05/18 00:14	OscarBrock/gCrisprTools	master
18/05/15 00:38	andrewpbray/oilabs	master
18/05/15 00:30	andrewpbray/oilabs	master
18/05/15 00:18	andrewpbray/oilabs	master
18/05/15 00:17	andrewpbray/oilabs	master
18/05/12 00:45	kassambara/ggpubr	master
18/05/12 00:44	kassambara/ggpubr	master
18/05/12 00:37	kassambara/factoextra	master
18/05/11 00:53	uribo/jpndistrict	add_light_rds
18/05/11 00:52	jm3594/crtpower	master
18/05/11 00:52	uribo/jpndistrict	add_light_rds
18/05/06 00:51	mclements/rstpm2	master
18/05/06 00:19	rpradosiqueira/brazilmaps	master
18/05/06 00:15	lucasmation/microdadosBrasil	master
18/05/03 00:28	RomeroBarata/dcme	master
18/05/02 00:02	sinhrks/ggfortify	master
18/05/01 00:33	thlytras/rspiro	master
18/05/01 00:33	thlytras/rspiro	master
18/04/28 00:35	predict-r/rtika	master
18/04/28 00:24	dgrtwo/rparse	master
18/04/26 00:30	alfcrisci/rBiometeo	master
