18/10/30 19:26	zdk123/SpiecEasi	master
18/10/30 19:02	BoulderCodeHub/CRSSIO	master
18/10/30 19:00	BoulderCodeHub/CoRiverNF	master
18/10/30 18:49	thlytras/rspiro	master
18/10/30 18:40	leeper/tabulizer	master
18/10/30 18:40	ropensci/tabulizerjars	master
18/10/30 18:30	crsh/papaja	master
18/10/30 18:01	trinker/pacman	master
18/10/30 17:31	zdk123/SpiecEasi	master
18/10/30 16:45	mbojan/lspline	master
18/10/30 16:43	mbojan/lspline	master
18/10/30 15:40	vqv/ggbiplot	master
18/10/30 14:57	aultsch/DataIO	master
18/10/30 13:38	ujjwalkarn/xda	master
18/10/30 12:27	hrbrmstr/decapitated	master
18/10/30 11:07	kingaa/mpifarm	master
18/10/30 10:48	KKPMW/annMatrix	master
18/10/30 10:20	jghenry/square	master
18/10/30 06:00	mrchypark/proQuestionR	master
18/10/30 06:00	mrchypark/proQuestionR	master
18/10/30 06:00	mrchypark/proQuestionR	master
18/10/30 05:58	mrchypark/proQuestionR	master
18/10/30 04:51	timelyportfolio/timelineR	master
18/10/30 04:48	jbryer/timeline	master
18/10/30 04:47	daheelee/timelineS	master
18/10/30 04:36	daattali/timevis	master
18/10/30 02:30	ujjwalkarn/xda	master
18/10/30 01:49	ujjwalkarn/xda	master
18/10/30 00:20	ropenscilabs/cored	master
18/10/29 00:29	rdpeng/gpclib	master
18/10/29 00:26	rdpeng/gpclib	master
18/10/29 00:16	ujjwalkarn/xda	master
18/10/23 00:53	drizopoulos/JMbayes	master
18/10/23 00:49	drizopoulos/JMbayes	master
18/10/23 00:19	slowkow/ggrepel	master
18/10/21 00:24	belasi01/RspectroAbs	master
18/10/21 00:12	nclark-lab/RERconverge	master
18/10/18 00:36	dkahle/ggmap	master
18/10/11 00:33	sbfnk/fitR	master
18/10/05 00:48	Albluca/ElPiGraph.R	master
18/10/05 00:47	alexgenin/miscutils	master
18/10/05 00:46	alexgenin/miscutils	master
18/10/05 00:23	jbryer/likert	master
18/10/05 00:21	dgrtwo/snippr	master
18/10/03 00:54	gavinsimpson/ggvegan	master
18/10/03 00:53	amberalpha/toypkg	master
