18/01/17 15:37	ujjwalkarn/xda	master
18/01/17 14:15	leeper/tabulizer	master
18/01/17 14:15	leeper/tabulizerjars	master
18/01/17 14:10	ropenscilabs/tabulizer	master
18/01/17 14:10	ropensci/tabulizerjars	master
18/01/17 13:53	Ather-Energy/ggTimeSeries	master
18/01/17 13:15	ricardo-bion/ggradar	master
18/01/17 13:07	leeper/tabulizer	master
18/01/17 13:07	leeper/tabulizerjars	master
18/01/17 12:20	juliasilge/silgelib	master
18/01/17 11:08	leeper/rio	master
18/01/17 11:07	leeper/rio	master
18/01/17 10:52	swd-turner/reservoir	master
18/01/17 10:32	jedalong/PathInterpolatR	master
18/01/17 10:30	js229/Vennerable	master
18/01/17 10:24	leeper/tabulizer	master
18/01/17 10:24	leeper/tabulizerjars	master
18/01/17 10:22	leeper/tabulizer	master
18/01/17 10:21	leeper/tabulizerjars	master
18/01/17 10:21	leeper/tabulizer	master
18/01/17 10:20	leeper/tabulizerjars	master
18/01/17 10:18	leeper/tabulizer	master
18/01/17 10:17	leeper/tabulizerjars	master
18/01/17 10:13	vnminin/indorigin	master
18/01/17 10:06	ropensci/tabulizer	master
18/01/17 10:06	tadaadata/loldata	master
18/01/17 10:03	ropensci/tabulizer	master
18/01/17 07:02	hoxo-m/magicfor	master
18/01/17 04:56	sambrilleman/rstanjm	master
18/01/17 04:55	sambrilleman/rstanjm	master
18/01/17 04:20	Ather-Energy/ggTimeSeries	master
18/01/17 02:13	hoxo-m/dplyr.teradata	master
18/01/17 02:11	vqv/ggbiplot	master
18/01/14 00:03	jr-packages/jrModelling	master
18/01/03 00:17	Bioconductor/GSEABase	master
18/01/03 00:17	Bioconductor/GSEABase	master
18/01/03 00:16	Bioconductor/GSEABase	master
18/01/02 00:50	hoxo-m/prophetExt	master
18/01/02 00:13	alstat/rface	master
18/01/02 00:10	alstat/rface	master
17/12/31 00:30	hrbrmstr/ggalt	master
17/12/31 00:28	Bioconductor/BiocGenerics	master
17/12/31 00:10	gustavobio/semeco	master
17/12/31 00:05	gustavobio/semeco	master
17/12/31 00:04	gustavobio/semeco	master
17/12/31 00:01	gustavobio/semeco	master
17/12/28 00:25	IQSS/Zelig	master
17/12/27 00:02	tomvar/bundling	master
