18/02/12 16:00	wulingyun/CopTea	master
18/02/12 11:50	hallucigenia-sparsa/seqtime	master
18/02/12 11:49	hallucigenia-sparsa/seqtime	master
18/02/12 11:39	ropensci/tabulizer	master
18/02/12 11:39	ropensci/tabulizer	master
18/02/12 10:05	vqv/ggbiplot	master
18/02/12 08:49	taiyun/corrplot	master
18/02/12 08:48	taiyun/corrplot	master
18/02/12 08:45	hoxo-m/prophetExt	master
18/02/12 08:43	hoxo-m/prophetExt	master
18/02/12 08:31	hoxo-m/fixer	master
18/02/12 07:56	rstudio/blogdown	master
18/02/12 07:27	ropensci/tabulizer	master
18/02/12 07:26	ropensci/tabulizerjars	master
18/02/12 04:06	sinhrks/ggfortify	master
18/02/12 04:03	sinhrks/ggfortify	master
18/02/12 03:56	hoxo-m/prophetExt	master
18/02/12 00:26	lrutter/ggenealogy	master
18/02/08 00:31	green-striped-gecko/dartR	master
18/02/08 00:26	isglobal-brge/SNPassoc	master
18/02/08 00:24	zhengxwen/SNPRelate	master
18/02/08 00:23	edzer/hexbin	master
18/02/08 00:18	edzer/hexbin	master
18/02/08 00:08	edzer/hexbin	master
18/02/08 00:06	StoreyLab/qvalue	master
18/02/08 00:01	yihui/knitr	master
18/02/08 00:00	sinhrks/ggfortify	master
18/02/07 00:36	hadley/lubridate	master
18/02/07 00:35	tidyverse/lubridate	master
18/02/07 00:21	RGLab/opencytoCL	master
18/02/06 00:42	rpremraj/mailR	master
18/02/06 00:41	rpremraj/mailR	master
18/02/06 00:07	hoxo-m/pforeach	master
18/02/05 00:27	alyst/MotIV	master
18/02/05 00:10	rstats-db/RMySQL	master
18/02/03 00:40	mgledi/DiffLogo	master
18/01/30 00:16	mkearney/rtweet	master
18/01/28 00:08	rstudio/addinexamples	master
18/01/28 00:07	awhstin/awtools	master
18/01/21 00:14	IRkernel/IRkernel	master
18/01/14 00:03	jr-packages/jrModelling	master
