18/04/18 03:59	dkrozelle/s3r	master
18/04/18 03:59	dkrozelle/s3r	master
18/04/18 03:58	dkrozelle/s3r	master
18/04/18 03:58	dkrozelle/s3r	master
18/04/18 03:57	dkrozelle/s3r	master
18/04/18 03:56	dkrozelle/s3r	master
18/04/18 03:56	dkrozelle/s3r	master
18/04/18 03:55	dkrozelle/s3r	master
18/04/18 03:55	dkrozelle/s3r	master
18/04/18 03:54	dkrozelle/s3r	master
18/04/18 03:54	dkrozelle/s3r	master
18/04/18 03:53	dkrozelle/s3r	master
18/04/18 03:52	dkrozelle/s3r	master
18/04/18 03:52	dkrozelle/s3r	master
18/04/18 03:51	dkrozelle/s3r	master
18/04/18 03:50	dkrozelle/s3r	master
18/04/18 03:50	dkrozelle/s3r	master
18/04/18 03:49	dkrozelle/s3r	master
18/04/18 03:49	dkrozelle/s3r	master
18/04/18 03:48	dkrozelle/s3r	master
18/04/18 03:48	dkrozelle/s3r	master
18/04/18 03:47	dkrozelle/s3r	master
18/04/18 03:46	dkrozelle/s3r	master
18/04/18 03:46	dkrozelle/s3r	master
18/04/18 03:45	dkrozelle/s3r	master
18/04/18 03:45	dkrozelle/s3r	master
18/04/18 03:44	dkrozelle/s3r	master
18/04/18 03:44	dkrozelle/s3r	master
18/04/18 03:43	dkrozelle/s3r	master
18/04/18 03:43	dkrozelle/s3r	master
18/04/18 03:42	dkrozelle/s3r	master
18/04/18 03:42	dkrozelle/s3r	master
18/04/18 03:41	dkrozelle/s3r	master
18/04/18 03:41	dkrozelle/s3r	master
18/04/18 03:40	dkrozelle/s3r	master
18/04/18 03:40	dkrozelle/s3r	master
18/04/18 03:39	dkrozelle/s3r	master
18/04/18 03:39	dkrozelle/s3r	master
18/04/18 03:38	dkrozelle/s3r	master
18/04/18 03:38	dkrozelle/s3r	master
18/04/18 03:37	dkrozelle/s3r	master
18/04/18 03:36	dkrozelle/s3r	master
18/04/18 03:36	dkrozelle/s3r	master
18/04/18 03:36	dkrozelle/s3r	master
18/04/18 03:35	dkrozelle/s3r	master
18/04/18 03:34	dkrozelle/s3r	master
18/04/18 03:34	dkrozelle/s3r	master
18/04/18 03:33	dkrozelle/s3r	master
18/04/18 03:33	dkrozelle/s3r	master
18/04/18 03:32	dkrozelle/s3r	master
18/04/18 03:32	dkrozelle/s3r	master
18/04/18 03:31	dkrozelle/s3r	master
18/04/18 03:31	dkrozelle/s3r	master
18/04/18 03:31	dkrozelle/s3r	master
18/04/18 03:30	dkrozelle/s3r	master
18/04/18 03:30	dkrozelle/s3r	master
18/04/18 03:29	dkrozelle/s3r	master
18/04/18 03:29	dkrozelle/s3r	master
18/04/18 03:28	dkrozelle/s3r	master
18/04/18 03:27	dkrozelle/s3r	master
18/04/18 03:27	dkrozelle/s3r	master
18/04/18 03:26	dkrozelle/s3r	master
18/04/18 03:26	dkrozelle/s3r	master
18/04/18 03:25	dkrozelle/s3r	master
18/04/18 03:25	dkrozelle/s3r	master
18/04/18 03:24	dkrozelle/s3r	master
18/04/18 03:24	dkrozelle/s3r	master
18/04/18 03:23	dkrozelle/s3r	master
18/04/18 03:23	dkrozelle/s3r	master
18/04/18 03:22	dkrozelle/s3r	master
18/04/18 03:22	dkrozelle/s3r	master
18/04/18 03:21	dkrozelle/s3r	master
18/04/18 03:21	bokeh/rbokeh	master
18/04/18 03:21	dkrozelle/s3r	master
18/04/18 03:20	dkrozelle/s3r	master
18/04/18 03:19	dkrozelle/s3r	master
18/04/18 03:19	dkrozelle/s3r	master
18/04/18 03:19	dkrozelle/s3r	master
18/04/18 03:18	dkrozelle/s3r	master
18/04/18 03:18	dkrozelle/s3r	master
18/04/18 03:17	dkrozelle/s3r	master
18/04/18 03:17	dkrozelle/s3r	master
18/04/18 03:16	dkrozelle/s3r	master
18/04/18 03:16	ramnathv/rCharts	master
18/04/18 03:16	dkrozelle/s3r	master
18/04/18 03:15	dkrozelle/s3r	master
18/04/18 03:14	dkrozelle/s3r	master
18/04/18 03:14	dkrozelle/s3r	master
18/04/18 03:13	dkrozelle/s3r	master
18/04/18 03:13	dkrozelle/s3r	master
18/04/18 03:12	dkrozelle/s3r	master
18/04/18 03:12	dkrozelle/s3r	master
18/04/18 03:11	dkrozelle/s3r	master
18/04/18 03:11	dkrozelle/s3r	master
18/04/18 03:10	dkrozelle/s3r	master
18/04/18 03:10	dkrozelle/s3r	master
18/04/18 03:09	dkrozelle/s3r	master
18/04/18 03:09	dkrozelle/s3r	master
18/04/18 03:08	dkrozelle/s3r	master
18/04/18 03:08	dkrozelle/s3r	master
18/04/18 03:02	dkrozelle/s3r	master
18/04/18 03:02	dkrozelle/s3r	master
18/04/18 03:01	dkrozelle/s3r	master
18/04/18 03:01	dkrozelle/s3r	master
18/04/18 03:00	dkrozelle/s3r	master
18/04/18 03:00	dkrozelle/s3r	master
18/04/18 02:59	dkrozelle/s3r	master
18/04/18 02:59	dkrozelle/s3r	master
18/04/18 02:59	dkrozelle/s3r	master
18/04/18 02:58	dkrozelle/s3r	master
18/04/18 02:57	dkrozelle/s3r	master
18/04/18 02:57	dkrozelle/s3r	master
18/04/18 02:56	dkrozelle/s3r	master
18/04/18 02:56	dkrozelle/s3r	master
18/04/18 02:55	dkrozelle/s3r	master
18/04/18 02:55	dkrozelle/s3r	master
18/04/18 02:55	dkrozelle/s3r	master
18/04/18 02:54	dkrozelle/s3r	master
18/04/18 02:54	dkrozelle/s3r	master
18/04/18 02:52	dkrozelle/s3r	master
18/04/18 02:52	dkrozelle/s3r	master
18/04/18 02:51	dkrozelle/s3r	master
18/04/18 02:50	dkrozelle/s3r	master
18/04/18 02:50	dkrozelle/s3r	master
18/04/18 02:49	dkrozelle/s3r	master
18/04/18 02:49	dkrozelle/s3r	master
18/04/18 02:48	dkrozelle/s3r	master
18/04/18 02:48	dkrozelle/s3r	master
18/04/18 02:48	dkrozelle/s3r	master
18/04/18 02:47	dkrozelle/s3r	master
18/04/18 02:46	dkrozelle/s3r	master
18/04/18 02:46	dkrozelle/s3r	master
18/04/18 02:45	dkrozelle/s3r	master
18/04/18 02:45	dkrozelle/s3r	master
18/04/18 02:44	dkrozelle/s3r	master
18/04/18 02:44	dkrozelle/s3r	master
18/04/18 02:43	dkrozelle/s3r	master
18/04/18 02:43	dkrozelle/s3r	master
18/04/18 02:42	dkrozelle/s3r	master
18/04/18 02:42	dkrozelle/s3r	master
18/04/18 02:41	dkrozelle/s3r	master
18/04/18 02:41	dkrozelle/s3r	master
18/04/18 02:40	dkrozelle/s3r	master
18/04/18 02:39	dkrozelle/s3r	master
18/04/18 02:39	dkrozelle/s3r	master
18/04/18 02:38	dkrozelle/s3r	master
18/04/18 02:38	dkrozelle/s3r	master
18/04/18 02:37	dkrozelle/s3r	master
18/04/18 02:35	vdorie/npci	master
18/04/18 02:34	vdorie/npci	master
18/04/18 02:34	trinker/pacman	master
18/04/18 02:31	r-pkgs/remotes	master
18/04/18 00:54	hoxo-m/prophetExt	master
18/04/18 00:53	evanwang1990/FMwR	master
18/04/18 00:08	hoxo-m/pforeach	master
18/04/15 00:35	dkahle/ggmap	master
18/04/11 00:30	ShinsukeSakai0321/PSFCalc	master
18/04/11 00:19	CambridgeAssessmentResearch/POSAC	master
18/04/11 00:05	ujjwalkarn/xda	master
18/04/10 00:35	rstudio/leaflet	master
18/04/10 00:34	rstudio/leaflet	master
18/04/10 00:33	rstudio/leaflet	master
18/04/10 00:32	rstudio/leaflet	master
18/04/06 00:34	kazutan/zousan	master
18/04/05 00:58	ropensci/bikedata	master
18/04/05 00:47	ropensci/bikedata	master
18/04/05 00:33	jennybc/googlesheets	master
18/04/05 00:31	jennybc/googlesheets	master
18/04/05 00:30	jennybc/googlesheets	master
18/04/05 00:26	jennybc/googlesheets	master
18/04/05 00:04	ao90/PRIM	master
18/03/30 00:39	mikemeredith/MMmisc	master
18/03/30 00:30	ECO230/eco230r	master
18/03/30 00:30	ECO230/eco230r	master
18/03/30 00:29	ECO230/eco230r	master
18/03/30 00:19	ropenscilabs/eechidna	master
18/03/30 00:13	ECO230/eco230r	master
18/03/30 00:10	ECO230/eco230r	master
18/03/30 00:10	ECO230/eco230r	master
18/03/29 00:33	ECO230/eco230r	master
18/03/28 00:52	ropensci/plotly	master
18/03/28 00:45	tidyverse/ggplot2	49619b7
18/03/28 00:36	ECO230/eco230r	master
18/03/28 00:35	ECO230/eco230r	master
18/03/24 00:43	SachaEpskamp/semPlot	master
18/03/23 00:07	r-lib/rlang	master
18/03/23 00:06	tidyverse/rlang	master
18/03/22 00:12	gabrielrvsc/HDeconometrics	master
18/03/21 00:54	cbw1243/marginalfit	master
18/03/21 00:45	umerijaz/microbiomeSeq	master
