18/01/12 16:53	molepi/omicsPrint	R3.4
18/01/12 16:53	molepi/omicsPrint	R3.4
18/01/12 14:30	zhengxwen/SNPRelate	master
18/01/12 14:28	Thie1e/cutpointr	master
18/01/12 14:26	Thie1e/cutpointr	master
18/01/12 14:23	Thie1e/cutpointr	master
18/01/12 12:53	ujjwalkarn/xda	master
18/01/12 12:47	alexpenson/STAR.DEXSeq	master
18/01/12 12:34	mnel/heatwave	master
18/01/12 12:33	mnel/heatwave	master
18/01/12 12:20	kindlychung/ff	master
18/01/12 12:19	edwindj/ffbase	master
18/01/12 12:18	edwindj/ffbase	master
18/01/12 11:01	braverock/quantstrat	master
18/01/12 11:00	braverock/blotter	master
18/01/12 10:46	kloke/jrfit	master
18/01/12 10:30	zzawadz/CHARME	master
18/01/12 08:52	rstudio/httpuv	libuv-1.8.0
18/01/12 08:48	rstudio/httpuv	libuv-1.8.0
18/01/12 08:40	rstudio/httpuv	libuv-1.8.0
18/01/12 08:27	taiyun/corrplot	master
18/01/03 00:17	Bioconductor/GSEABase	master
18/01/03 00:17	Bioconductor/GSEABase	master
18/01/03 00:16	Bioconductor/GSEABase	master
18/01/02 00:50	hoxo-m/prophetExt	master
18/01/02 00:13	alstat/rface	master
18/01/02 00:10	alstat/rface	master
17/12/31 00:30	hrbrmstr/ggalt	master
17/12/31 00:28	Bioconductor/BiocGenerics	master
17/12/31 00:10	gustavobio/semeco	master
17/12/31 00:05	gustavobio/semeco	master
17/12/31 00:04	gustavobio/semeco	master
17/12/31 00:01	gustavobio/semeco	master
17/12/28 00:25	IQSS/Zelig	master
17/12/27 00:02	tomvar/bundling	master
17/12/17 00:55	ujjwalkarn/xda	master
17/12/16 00:24	ColtoCaro/compMS	master
17/12/15 00:59	crsh/papaja	master
17/12/15 00:57	crsh/papaja	master
17/12/15 00:56	crsh/papaja	master
17/12/14 00:22	tlafarge/alphashape3d	master
17/12/14 00:11	tlafarge/alphashape3d	master
17/12/13 00:38	hrbrmstr/nominatim	master
