19/09/28 18:22	vqv/ggbiplot	master
19/09/28 15:04	sylvainschmitt/SSDM	master
19/09/28 15:02	TarekHattab/iSDM	master
19/09/28 14:57	fresques/ggmap	master
19/09/28 14:55	pitakakariki/simr	master
19/09/28 14:49	vqv/ggbiplot	master
19/09/28 14:49	andrie/ggdendro	master
19/09/28 14:49	kassambara/ggpubr	master
19/09/28 14:47	fawda123/ggord	master
19/09/28 14:47	vqv/ggbiplot	master
19/09/28 14:30	diogosbr/spfilt	master
19/09/28 14:29	diogosbr/spfilt	master
19/09/28 14:23	diogosbr/spfilt	master
19/09/28 13:40	pitakakariki/simr	master
19/09/28 12:02	pitakakariki/simr	master
19/09/28 11:04	pitakakariki/simr	master
19/09/25 00:33	pjnewcombe/Pmisc	master
19/09/19 00:41	miraisolutions/xlconnect	master
19/09/19 00:41	miraisolutions/xlconnectjars	master
19/09/17 00:54	rvalavi/blockCV	master
19/09/17 00:02	shihikoo/AutoAnnotation	master
19/09/10 00:40	AChauvenet/ProtectEqual	master
19/09/10 00:13	tpepler/nonpar	master
19/08/31 00:05	krlmlr/ulimit	master
19/08/31 00:01	krlmlr/ulimit	master
19/08/30 00:22	merns/postgwas	master
