19/02/28 19:59	dkahle/ggmap	master
19/02/28 18:34	civisanalytics/civis-r	officer
19/02/28 15:59	jfukuyama/phyloseqGraphTest	master
19/02/28 13:29	hadley/tidyverse	master
19/02/28 13:06	hadley/lubridate	master
19/02/28 12:55	majkamichal/naivebayes	master
19/02/28 12:52	mages/ChainLadder	master
19/02/28 12:50	HenrikBengtsson/R.utils	master
19/02/28 12:46	ahvigil/randomForest	master
19/02/28 12:46	WinVector/vtreat	master
19/02/28 12:19	statapps/power.ctepd	master
19/02/28 12:17	slowkow/ggrepel	0.7.0
19/02/28 12:13	kindlychung/ff	master
19/02/28 12:10	rstats-db/RSQLite	master
19/02/28 12:07	rstats-db/RMySQL	master
19/02/28 12:07	joshuaulrich/TTR	master
19/02/28 12:06	RcppCore/RcppArmadillo	master
19/02/28 12:05	RcppCore/Rcpp	master
19/02/28 12:02	slowkow/ggrepel	0.7.3
19/02/28 11:59	moderndive/moderndive	master
19/02/28 11:59	topepo/parsnip	master
19/02/28 11:54	moderndive/moderndive	master
19/02/28 11:47	thomasp85/patchwork	master
19/02/28 11:44	twitter/AnomalyDetection	master
19/02/28 11:42	hoxo-m/githubinstall	master
19/02/28 08:12	slzhao/KEGGprofile	master
19/02/28 05:15	mananshah99/sentR	master
19/02/28 02:34	kassambara/factoextra	master
19/02/28 02:33	kassambara/factoextra	master
19/02/28 02:33	kassambara/factoextra	master
19/02/28 01:57	xslates/themex	master
19/02/28 01:07	Oshlack/splatter	master
