19/11/20 17:13	agaveplatform/r-sdk	master
19/11/20 16:12	ropensci/rWBclimate	master
19/11/20 15:53	ropensci/rWBclimate	master
19/11/20 15:41	ramnathv/slidify	master
19/11/20 15:40	ramnathv/slidify	master
19/11/20 10:24	italo-granato/BGGE	master
19/11/20 09:49	gavinsimpson/schoenberg	master
19/11/20 09:23	ropensci/plotly	master
19/11/20 08:37	badbye/baidumap	master
19/11/20 03:43	rstudio/htmltools	master
19/11/20 02:33	sckott/jqr	master
19/11/20 00:51	sjmgarnier/viridis	master
19/11/18 00:10	kassambara/ggpubr	master
19/11/15 00:56	att/rcloud.dcplot	master
19/11/15 00:27	TommyJones/textmineR	master
19/11/15 00:26	imadmali/stanode	master
19/11/15 00:25	dtkaplan/gitgrade	master
19/11/14 00:06	rstudio/shiny	master
19/11/14 00:03	leeshawn/SKAT	Sparse_Version
19/11/14 00:01	leeshawn/SKAT	Sparse_Version
19/10/31 00:36	yrosseel/lavaan	master
19/10/29 00:45	m-Py/minDiff	master
19/10/27 00:18	IRkernel/IRkernel	master
19/10/27 00:16	IRkernel/IRkernel	master
19/10/26 00:37	m-Py/minDiff	master
19/10/25 00:38	sjmgarnier/viridis	master
19/10/24 00:44	sjmgarnier/viridis	master
19/10/23 00:46	vqv/ggbiplot	master
