19/05/13 22:39	cttobin/ggthemr	master
19/05/13 22:15	yrosseel/lavaan	master
19/05/13 22:14	pachterlab/sleuth	master
19/05/13 22:06	pachterlab/sleuth	devel
19/05/13 22:04	pachterlab/sleuth	devel
19/05/13 21:03	ujjwalkarn/xda	master
19/05/13 21:03	ujjwalkarn/xda	master
19/05/13 21:02	ujjwalkarn/xda	master
19/05/13 20:22	davidgohel/officer	master
19/05/13 20:19	davidgohel/flextable	master
19/05/13 19:01	mhahsler/arulesViz	master
19/05/13 18:28	mhahsler/arulesViz	master
19/05/13 18:28	mhahsler/arulesViz	master
19/05/13 18:20	sachsmc/rclinicaltrials	master
19/05/13 18:16	susanathey/MCPanel	master
19/05/13 18:12	mhahsler/arulesViz	master
19/05/13 17:56	Chen-Chaozong/extraquantstrat	master
19/05/13 15:34	mikemeredith/makeJAGSmask	master
19/05/13 15:21	mikemeredith/makeJAGSmask	master
19/05/13 15:18	mikemeredith/makeJAGSmask	master
19/05/13 15:18	mikemeredith/makeJAGSmask	master
19/05/13 15:16	mikemeredith/wiqid	master
19/05/13 14:51	susanathey/MCPanel	master
19/05/13 14:31	duncantl/RWordPress	master
19/05/13 14:22	duncantl/XMLRPC	master
19/05/13 14:20	cjtexas/colourgen	master
19/05/13 13:55	ramnathv/slidifyLibraries	master
19/05/13 13:44	ramnathv/slidify	master
19/05/13 12:30	Appsilon/shiny.router	master
19/05/13 11:30	Appsilon/shiny.router	master
19/05/13 10:13	Appsilon/shiny.router	master
19/05/13 10:07	timelyportfolio/d3treeR	master
19/05/13 10:01	IntTreeR/IntTreeR	master
19/05/13 09:59	IntTreeR/IntTreeR	master
19/05/13 08:44	hadley/lazyeval	master
19/05/13 08:36	wstolte/DelwaqR	master
19/05/13 06:26	dcomtois/summarytools	master
19/05/13 06:11	phillc73/abettor	master
19/05/13 01:15	rlbarter/superheat	master
19/05/11 00:30	hyunyulhenry/HenryQuant	master
19/05/09 00:52	bayesball/BApredict	master
19/05/09 00:51	bayesball/BApredict	master
19/05/09 00:48	bquast/RDDtools	master
19/05/09 00:48	bquast/RDDtools	master
19/05/09 00:41	bquast/RDDtools	master
19/05/09 00:35	haleyeidem/integRATE	master
19/05/07 00:40	robjhyndman/MEFM-package	master
19/05/07 00:35	robjhyndman/MEFM-package	master
19/05/06 00:27	mpadge/tnorm	master
19/05/02 00:25	ujjwalkarn/xda	master
19/05/01 00:49	ropensci/tabulizer	master
19/05/01 00:49	ropensci/tabulizerjars	master
19/04/28 00:46	AybarCL/Dorado	master
19/04/27 00:42	strengejacke/sjmisc	master
19/04/27 00:40	strengejacke/sjlabelled	master
19/04/27 00:34	zzawadz/rawk	master
19/04/27 00:32	twitter/AnomalyDetection	master
19/04/27 00:07	vijaybarve/ENMGadgets	master
19/04/27 00:06	vijaybarve/ENMGadgets	master
19/04/27 00:06	vijaybarve/ENMGadgets	master
19/04/27 00:01	vijaybarve/ENMGadgets	master
19/04/26 00:50	jeroenooms/awk	master
19/04/26 00:47	kevinushey/Kmisc	master
19/04/26 00:47	kevinushey/Kmisc	master
19/04/26 00:47	kevinushey/Kmisc	master
19/04/26 00:42	kevinushey/Kmisc	master
19/04/26 00:00	maRce10/Rraven	master
19/04/25 00:26	vqv/ggbiplot	master
19/04/25 00:02	maRce10/Rraven	master
19/04/21 00:11	rstudio/rmdexamples	master
19/04/20 00:51	talgalili/installr	master
19/04/19 00:09	Shians/Glimma	master
19/04/16 00:39	hoxo-m/magicfor	master
19/04/14 00:56	hrbrmstr/taucharts	master
19/04/14 00:42	AFIT-R/vip	master
19/04/14 00:41	vqv/ggbiplot	master
