19/03/20 22:35	robjhyndman/MEFM-package	master
19/03/20 22:34	robjhyndman/MEFM-package	master
19/03/20 22:34	robjhyndman/MEFM-package	master
19/03/20 21:15	ccolonescu/PoEdata	master
19/03/20 19:26	vqv/ggbiplot	master
19/03/20 19:26	vqv/ggbiplot	master
19/03/20 17:45	avantcredit/validationplot	master
19/03/20 16:52	jjallaire/TBB	master
19/03/20 16:36	vqv/ggbiplot	master
19/03/20 16:03	sheng-liu/smt	master
19/03/20 16:03	sheng-liu/smt	master
19/03/20 16:01	sheng-liu/smt	master
19/03/20 15:59	sheng-liu/smt	master
19/03/20 15:16	GuangchuangYu/ggtree	master
19/03/20 14:43	danlwarren/ENMTools	develop
19/03/20 14:34	ccolonescu/PoEdata	master
19/03/20 12:42	gertjanssenswillen/petrinetR	master
19/03/20 12:42	gertjanssenswillen/processmonitR	master
19/03/20 12:41	gertjanssenswillen/xesreadR	master
19/03/20 12:41	gertjanssenswillen/processmapR	master
19/03/20 12:40	gertjanssenswillen/bupaR	master
19/03/20 12:39	gertjanssenswillen/bupaR	master
19/03/20 12:39	gertjanssenswillen/edeaR	master
19/03/20 12:33	gertjanssenswillen/bupaR	master
19/03/20 12:32	strengejacke/sjPlot	master
19/03/20 12:29	strengejacke/sjPlot	master
19/03/20 12:27	strengejacke/ggeffects	master
19/03/20 12:26	sjPlot/sjstats	master
19/03/20 12:25	sjPlot/sjmisc	master
19/03/20 12:23	strengejacke/sjlabelled	master
19/03/20 12:07	Appsilon/shiny.router	fix-url-hashchange-issue
19/03/20 10:07	rstats-db/RMariaDB	master
19/03/20 09:50	Appsilon/shiny.router	fix-url-hashchange-issue
19/03/20 07:37	kassambara/easyGgplot2	master
19/03/20 07:35	kassambara/easyGgplot2	master
19/03/19 00:23	aukkola/FluxnetLSM	master
19/03/16 00:19	keaven/nphsim	master
19/03/12 00:22	sjmgarnier/viridis	master
19/03/08 00:23	jutako/Rtools	master
19/03/07 00:09	bbolker/betararef	master
19/03/06 00:03	ECO230/eco230r	master
19/03/05 00:46	hadley/lineprof	master
19/03/05 00:37	kassambara/factoextra	master
19/03/04 00:40	kassambara/factoextra	master
19/03/04 00:33	kassambara/factoextra	master
19/03/04 00:19	kassambara/factoextra	master
19/02/28 00:17	hadley/l1tf	master
19/02/25 00:33	gastonstat/colortools	master
19/02/22 00:42	klarsen1/Information	master
19/02/22 00:38	rdisalv2/dismisc	master
19/02/22 00:21	hfgolino/EGA	master
19/02/20 00:14	jbisanz/MicrobeR	master
19/02/20 00:14	jbisanz/MicrobeR	master
19/02/20 00:04	yihui/tinytex	master
19/02/20 00:03	maRce10/warbleR	master
19/02/19 00:38	ymattu/MlBayesOpt	master
