19/01/25 19:19	vqv/ggbiplot	master
19/01/25 19:13	vqv/ggbiplot	master
19/01/25 18:53	lendle/hdps	master
19/01/25 18:41	lendle/hdps	master
19/01/25 18:25	lendle/hdps	master
19/01/25 18:20	jmzeng1314/humanid	master
19/01/25 18:01	PerkinElmer/phenoptr	master
19/01/25 17:33	hadley/forcats	master
19/01/25 16:54	simulatr/simrel	master
19/01/25 16:20	hoxo-m/magicfor	master
19/01/25 16:02	daattali/shinyjs	master
19/01/25 14:23	sjPlot/sjstats	master
19/01/25 11:56	dgrtwo/gganimate	master
19/01/25 10:23	twitter/AnomalyDetection	master
19/01/25 08:13	jbkunst/highcharter	master
19/01/25 07:37	hoxo-m/prophetExt	master
19/01/25 06:07	StatsWithR/statsr	master
19/01/25 06:05	StatsWithR/statsr	master
19/01/25 06:05	StatsWithR/statsr	master
19/01/25 05:43	hadley/dplyr	master
19/01/25 05:43	hadley/dplyr	master
19/01/25 05:42	hadley/dplyr	master
19/01/25 04:43	strengejacke/sjPlot	master
19/01/25 04:28	strengejacke/sjPlot	master
19/01/25 04:26	strengejacke/sjPlot	master
19/01/25 03:30	strengejacke/sjPlot	master
19/01/25 03:30	strengejacke/sjPlot	master
19/01/25 03:29	strengejacke/sjPlot	master
19/01/23 00:44	hadley/precis	master
19/01/23 00:43	hadley/precis	master
19/01/23 00:20	andrewpbray/oilabs	master
19/01/20 00:02	vqv/ggbiplot	master
19/01/17 00:06	zdk123/SpiecEasi	master
19/01/16 00:44	zdk123/SpiecEasi	master
19/01/15 00:38	claudia-codeco/AlertTools	master
19/01/15 00:36	romainfrancois/tie	master
19/01/12 00:44	hoxo-m/magicfor	master
19/01/11 00:44	vqv/ggbiplot	master
19/01/11 00:43	vqv/ggbiplot	master
19/01/10 00:56	hadley/precis	master
19/01/10 00:29	doomlab/MOTE	master
19/01/09 00:44	krlmlr/ulimit	master
19/01/09 00:44	Ossifragus/OSMAC	master
19/01/08 00:52	krlmlr/ulimit	master
19/01/08 00:49	Ossifragus/OSMAC	master
19/01/08 00:19	zdk123/SpiecEasi	master
19/01/06 00:36	hadley/precis	master
19/01/06 00:34	hadley/precis	master
19/01/03 00:14	google/GeoexperimentsResearch	master
