19/09/25 13:58	arnupretorius/RRotF	master
19/09/25 13:30	kendomaniac/docker4seq	master
19/09/25 13:26	Appsilon/shiny.router	master
19/09/25 12:17	dill/beyonce	master
19/09/25 12:16	dill/beyonce	master
19/09/25 12:15	dill/beyonce	master
19/09/25 12:02	Appsilon/shiny.router	master
19/09/25 12:01	dill/beyonce	master
19/09/25 11:39	dill/beyonce	master
19/09/25 11:14	rmflight/vRbalExpressions	master
19/09/25 10:36	Appsilon/shiny.router	master
19/09/25 08:47	shihikoo/AutoAnnotation	master
19/09/25 08:47	shihikoo/AutoAnnotation	master
19/09/25 07:37	Appsilon/shiny.router	master
19/09/25 00:33	pjnewcombe/Pmisc	master
19/09/19 00:41	miraisolutions/xlconnect	master
19/09/19 00:41	miraisolutions/xlconnectjars	master
19/09/17 00:54	rvalavi/blockCV	master
19/09/17 00:02	shihikoo/AutoAnnotation	master
19/09/10 00:40	AChauvenet/ProtectEqual	master
19/09/10 00:13	tpepler/nonpar	master
19/08/31 00:05	krlmlr/ulimit	master
19/08/31 00:01	krlmlr/ulimit	master
19/08/30 00:22	merns/postgwas	master
