19/02/07 15:43	aoles/EBImage	master
19/02/07 15:07	Ironholds/rfc	master
19/02/07 11:54	ujjwalkarn/xda	master
19/02/07 11:04	ropenscilabs/testrmd	master
19/02/07 11:02	ropenscilabs/testrmd	master
19/02/07 10:59	ropenscilabs/testrmd	master
19/02/07 10:57	ropenscilabs/testrmd	master
19/02/07 10:49	ropenscilabs/testrmd	master
19/02/07 10:03	twitter/AnomalyDetection	master
19/02/07 09:36	sinhrks/ggfortify	master
19/02/07 06:32	kassambara/factoextra	master
19/02/07 05:33	zhengxwen/SNPRelate	master
19/02/07 05:31	zhengxwen/gdsfmt	master
19/02/05 00:07	thlytras/rspiro	master
19/02/05 00:07	thlytras/rspiro	master
19/02/02 00:47	meysubb/collegeballR	master
19/02/02 00:10	domoinc-r/DomoR	master
19/02/01 00:15	smach/rmiscutils	master
19/02/01 00:14	smach/rmiscutils	master
19/01/31 00:09	jasongraf1/JGmisc	master
19/01/28 00:54	ropensci/tabulizer	master
19/01/28 00:54	ropensci/tabulizerjars	master
19/01/26 00:37	BMumphrey/TSE	master
19/01/26 00:37	BMumphrey/TSE	master
19/01/26 00:36	BMumphrey/TSE	master
19/01/26 00:36	leeper/tabulizer	master
19/01/26 00:35	BMumphrey/TSE	master
19/01/26 00:35	leeper/tabulizerjars	master
19/01/26 00:34	leeper/tabulizer	master
19/01/26 00:34	leeper/tabulizerjars	master
19/01/26 00:32	leeper/tabulizer	master
19/01/26 00:32	leeper/tabulizerjars	master
19/01/26 00:27	imanuelcostigan/aemo	master
19/01/26 00:15	hoxo-m/prophetExt	master
19/01/26 00:06	hoxo-m/prophetExt	master
19/01/23 00:44	hadley/precis	master
19/01/23 00:43	hadley/precis	master
19/01/23 00:20	andrewpbray/oilabs	master
19/01/20 00:02	vqv/ggbiplot	master
19/01/17 00:06	zdk123/SpiecEasi	master
19/01/16 00:44	zdk123/SpiecEasi	master
19/01/15 00:38	claudia-codeco/AlertTools	master
19/01/15 00:36	romainfrancois/tie	master
19/01/12 00:44	hoxo-m/magicfor	master
19/01/11 00:44	vqv/ggbiplot	master
19/01/11 00:43	vqv/ggbiplot	master
19/01/10 00:56	hadley/precis	master
19/01/10 00:29	doomlab/MOTE	master
19/01/09 00:44	krlmlr/ulimit	master
19/01/09 00:44	Ossifragus/OSMAC	master
19/01/08 00:52	krlmlr/ulimit	master
19/01/08 00:49	Ossifragus/OSMAC	master
19/01/08 00:19	zdk123/SpiecEasi	master
