19/06/17 22:57	Appsilon/shiny.router	master
19/06/17 22:29	Appsilon/shiny.router	master
19/06/17 21:59	Appsilon/shiny.router	master
19/06/17 20:02	robjhyndman/MEFM-package	master
19/06/17 19:58	robjhyndman/MEFM-package	master
19/06/17 19:55	gitronald/IPtoCountry	master
19/06/17 19:52	gitronald/ip2locationData	master
19/06/17 19:38	amandafaig/catchfunction	master
19/06/17 19:34	amandafaig/catchfunction	master
19/06/17 18:24	crsh/papaja	master
19/06/17 17:51	kfeng123/randomizationTest	master
19/06/17 17:03	aertslab/RcisTarget	master
19/06/17 17:02	aertslab/RcisTarget	master
19/06/17 16:35	Appsilon/shiny.router	master
19/06/17 16:14	wrathematics/kbhit	master
19/06/17 16:05	Appsilon/shiny.router	master
19/06/17 15:34	Appsilon/shiny.router	master
19/06/17 15:32	aertslab/RcisTarget	master
19/06/17 14:53	twitter/AnomalyDetection	master
19/06/17 14:53	twitter/AnomalyDetection	master
19/06/17 13:51	rwehrens/BatchCorrMetabolomics	master
19/06/17 12:44	nishithkumarpaul/Rvolcano	master
19/06/17 12:17	aoles/shinyURL	master
19/06/17 10:20	ChandlerLutz/starpolishr	master
19/06/17 09:13	davidgohel/ReporteRs	master
19/06/17 08:24	jortdevreeze/apaStyle	master
19/06/17 08:20	davidgohel/ReporteRs	master
19/06/17 08:15	davidgohel/ReporteRsjars	master
19/06/17 08:11	davidgohel/ReporteRsjars	master
19/06/17 05:40	hoxo-m/magicfor	master
19/06/17 03:07	jimhester/lookup	master
