19/07/18 14:57	wjrl/RBioFabric	master
19/07/18 14:28	drsimonj/corrr	master
19/07/18 10:47	csoneson/iSEE	master
19/07/18 10:13	hoxo-m/magicfor	master
19/07/18 10:13	hoxo-m/magicfor	master
19/07/18 10:12	hoxo-m/magicfor	master
19/07/18 07:02	vqv/ggbiplot	master
19/07/18 06:26	Rapporter/pander	06c2f65797
19/07/18 05:07	CenterForStatistics-UGent/pim	master
19/07/18 05:07	CenterForStatistics-UGent/pim	master
19/07/18 03:36	sinhrks/ggfortify	master
19/07/18 03:31	sinhrks/ggfortify	master
19/07/16 00:34	hadley/dplyr	master
19/07/16 00:15	hadley/dplyr	master
19/07/16 00:05	hadley/dplyr	master
19/07/14 00:29	timelyportfolio/d3treeR	master
19/07/13 00:30	strengejacke/sjPlot	master
19/07/09 00:25	drizopoulos/JMbayes	master
19/07/05 00:59	nlmixrdevelopment/RxODE	master
19/07/04 00:50	DerekYves/rsurveygizmo	master
19/07/04 00:11	ramhiser/datamicroarray	master
19/07/04 00:10	ramhiser/datamicroarray	master
19/07/04 00:08	ramhiser/datamicroarray	master
19/07/04 00:07	ramhiser/datamicroarray	master
19/07/03 00:07	tidyverse/googlesheets4	master
19/07/02 00:42	hrbrmstr/albersusa	master
19/06/28 00:06	AppliedDataSciencePartners/xgboostExplainer	master
19/06/28 00:06	AppliedDataSciencePartners/xgboostExplainer	master
