19/09/17 12:00	johnbaums/rmaxent	master
19/09/17 09:32	FunGeST/Palimpsest	v2_dev
19/09/17 09:17	CharlesCara/DatastreamDSWS2R	master
19/09/17 09:14	CharlesCara/DatastreamDSWS2R	master
19/09/17 09:12	thlytras/rspiro	master
19/09/17 09:10	thlytras/rspiro	master
19/09/17 09:10	twitter/AnomalyDetection	master
19/09/17 09:10	jbkunst/highcharter	master
19/09/17 09:03	CharlesCara/DatastreamDSWS2R	master
19/09/17 08:49	FunGeST/Palimpsest	v2_dev
19/09/17 07:52	AndreaCirilloAC/updateR	master
19/09/17 07:52	thomasp85/patchwork	master
19/09/17 07:52	hadley/multidplyr	master
19/09/17 07:51	LANL-Bioinformatics/MetaComp	master
19/09/17 07:51	jeff-goldsmith/kinematics	master
19/09/17 07:51	jeff-goldsmith/kinematics	master
19/09/17 07:51	Bart6114/artyfarty	master
19/09/17 07:42	dgrtwo/rparse	master
19/09/17 00:54	rvalavi/blockCV	master
19/09/17 00:02	shihikoo/AutoAnnotation	master
19/09/10 00:40	AChauvenet/ProtectEqual	master
19/09/10 00:13	tpepler/nonpar	master
19/08/31 00:05	krlmlr/ulimit	master
19/08/31 00:01	krlmlr/ulimit	master
19/08/30 00:22	merns/postgwas	master
19/08/22 00:40	jennybc/googlesheets	master
19/08/22 00:29	jennybc/googlesheets	master
19/08/22 00:28	jennybc/googlesheets	master
19/08/22 00:28	jennybc/googlesheets	master
19/08/22 00:28	jennybc/googlesheets	master
19/08/22 00:27	jennybc/googlesheets	master
19/08/22 00:27	jennybc/googlesheets	master
19/08/22 00:27	jennybc/googlesheets	master
