19/10/25 19:59	wgalvord/sla	master
19/10/25 19:59	wgalvord/sla	master
19/10/25 19:57	wgalvord/sla	master
19/10/25 19:57	wgalvord/sla	master
19/10/25 19:52	Bioconductor/annotate	master
19/10/25 19:48	arcaravaggi/remBoot	master
19/10/25 19:48	arcaravaggi/remBoot	master
19/10/25 19:46	arcaravaggi/remBoot	master
19/10/25 19:45	arcaravaggi/remBoot	master
19/10/25 19:45	arcaravaggi/remBoot	master
19/10/25 19:43	haleyjeppson/ggmosaic	master
19/10/25 19:38	hartmast/concordances	master
19/10/25 19:17	haleyjeppson/ggmosaic	master
19/10/25 19:17	hartmast/concordances	master
19/10/25 19:13	hartmast/concordances	master
19/10/25 19:11	leifeld/texreg	master
19/10/25 17:45	WSpiller/RadialMR	master
19/10/25 17:44	MRCIEU/MRInstruments	master
19/10/25 17:43	MRCIEU/TwoSampleMR	master
19/10/25 15:27	sebastiansauer/pradadata	master
19/10/25 15:09	sebastiansauer/pradadata	master
19/10/25 14:35	WSpiller/RadialMR	master
19/10/25 13:48	MRCIEU/MRInstruments	master
19/10/25 13:21	MRCIEU/TwoSampleMR	master
19/10/25 10:30	tidyverse/ggplot2	master
19/10/25 10:11	tidyverse/ggplot2	master
19/10/25 09:13	isglobal-brge/scoreInvHap	master
19/10/25 07:54	rstudio/EDAWR	master
19/10/25 04:20	jbkunst/highcharter	master
19/10/25 03:49	sjmgarnier/viridis	master
