19/11/14 20:59	ewenharrison/summarizer	master
19/11/14 20:59	hrbrmstr/hrbraddins	master
19/11/14 20:59	daattali/colourpicker	master
19/11/14 20:59	ThinkR-open/remedy	master
19/11/14 20:59	rstudio/shiny	master
19/11/14 20:57	ewenharrison/summarizer	master
19/11/14 20:57	hrbrmstr/hrbraddins	master
19/11/14 20:57	daattali/colourpicker	master
19/11/14 20:57	ThinkR-open/remedy	master
19/11/14 20:57	rstudio/shiny	master
19/11/14 20:53	immunogenomics/masc	master
19/11/14 20:47	brandmaier/textplot	master
19/11/14 20:40	ewenharrison/summarizer	master
19/11/14 20:40	hrbrmstr/hrbraddins	master
19/11/14 20:40	daattali/colourpicker	master
19/11/14 20:40	ThinkR-open/remedy	master
19/11/14 20:40	rstudio/shiny	master
19/11/14 20:36	ewenharrison/summarizer	master
19/11/14 20:35	hrbrmstr/hrbraddins	master
19/11/14 20:35	daattali/colourpicker	master
19/11/14 20:35	ThinkR-open/remedy	master
19/11/14 20:35	rstudio/shiny	master
19/11/14 20:35	hrbrmstr/hrbraddins	master
19/11/14 20:35	daattali/colourpicker	master
19/11/14 20:35	ThinkR-open/remedy	master
19/11/14 20:35	rstudio/shiny	master
19/11/14 20:34	daattali/colourpicker	master
19/11/14 20:34	ThinkR-open/remedy	master
19/11/14 20:34	rstudio/shiny	master
19/11/14 20:22	daattali/colourpicker	master
19/11/14 20:22	ThinkR-open/remedy	master
19/11/14 20:22	rstudio/shiny	master
19/11/14 20:16	wasquith-usgs/utc2nwislocal	master
19/11/14 20:06	wasquith-usgs/utc2nwislocal	master
19/11/14 20:01	wasquith-usgs/utc2nwislocal	master
19/11/14 18:21	DexGroves/glmnet	master
19/11/14 18:11	jeffwong/glmnet	master
19/11/14 17:00	vqv/ggbiplot	master
19/11/14 16:47	ricardo-bion/ggradar	master
19/11/14 15:26	thlytras/rspiro	master
19/11/14 15:25	leeshawn/SKAT	Sparse_Version
19/11/14 15:01	pmartinezarbizu/RFtools	master
19/11/14 15:01	pmartinezarbizu/RFtools	master
19/11/14 15:00	pmartinezarbizu/RFtools	master
19/11/14 14:59	pmartinezarbizu/RFtools	master
19/11/14 14:57	pmartinezarbizu/RFtools	master
19/11/14 14:56	pmartinezarbizu/RFtools	master
19/11/14 14:56	pmartinezarbizu/RFtools	master
19/11/14 14:54	pmartinezarbizu/RFtools	master
19/11/14 13:26	paulcbauer/deeplr	master
19/11/14 12:53	dipetkov/reemsplots2	master
19/11/14 12:11	azvoleff/wrspathrow	master
19/11/14 12:10	azvoleff/wrspathrowData	master
19/11/14 10:52	PhilipPallmann/toxbox	master
19/11/14 10:02	jbkunst/highcharter	master
19/11/14 02:27	ricardo-bion/ggradar	master
19/11/14 02:05	nurandi/katadasaR	master
19/11/14 00:06	rstudio/shiny	master
19/11/14 00:03	leeshawn/SKAT	Sparse_Version
19/11/14 00:01	leeshawn/SKAT	Sparse_Version
19/10/31 00:36	yrosseel/lavaan	master
19/10/29 00:45	m-Py/minDiff	master
19/10/27 00:18	IRkernel/IRkernel	master
19/10/27 00:16	IRkernel/IRkernel	master
19/10/26 00:37	m-Py/minDiff	master
19/10/25 00:38	sjmgarnier/viridis	master
19/10/24 00:44	sjmgarnier/viridis	master
19/10/23 00:46	vqv/ggbiplot	master
19/10/16 00:03	jmbh/mgm	master
