19/08/27 13:36	jeffreyevans/rfUtilities	master
19/08/27 13:34	jeffreyevans/rfUtilities	master
19/08/27 13:07	jeffreyevans/rfUtilities	master
19/08/27 13:06	jeffreyevans/rfUtilities	master
19/08/27 10:18	Ram-N/weatherData	master
19/08/27 09:38	ramnathv/slidify	master
19/08/27 08:52	andrie/version.compare	master
19/08/27 08:12	r-lib/rlang	master
19/08/27 06:11	bmschmidt/wordVectors	master
19/08/27 06:06	Rapporter/pander	06c2f65797
19/08/27 05:21	NamyounKim/NLP4kec	master
19/08/27 05:16	NamyounKim/NLP4kec	master
19/08/27 02:02	brunomssmelo/RcextTools	master
19/08/22 00:40	jennybc/googlesheets	master
19/08/22 00:29	jennybc/googlesheets	master
19/08/22 00:28	jennybc/googlesheets	master
19/08/22 00:28	jennybc/googlesheets	master
19/08/22 00:28	jennybc/googlesheets	master
19/08/22 00:27	jennybc/googlesheets	master
19/08/22 00:27	jennybc/googlesheets	master
19/08/22 00:27	jennybc/googlesheets	master
19/08/12 00:07	matthewwolak/ICC	master
19/08/10 00:39	robjhyndman/MEFM-package	master
19/08/10 00:21	robjhyndman/MEFM-package	master
19/08/09 00:08	mikemeredith/wiqid	master
19/08/09 00:07	mikemeredith/wiqid	master
19/08/08 00:20	haozhu233/kableExtra	master
19/08/08 00:18	wilkelab/cowplot	master
19/08/08 00:13	Rapporter/pander	master
19/08/08 00:12	hrbrmstr/hrbrthemes	master
19/08/08 00:11	sfirke/janitor	master
19/08/08 00:10	hadley/reshape	master
19/08/08 00:09	tidyverse/lubridate	master
19/08/08 00:08	karthik/wesanderson	master
19/08/08 00:07	tidyverse/tidyverse	master
19/08/05 00:22	sinhrks/ggfortify	master
19/08/03 00:57	KIT-IfGG/LandClimTools	master
