19/10/22 18:27	sebastiansauer/pradadata	master
19/10/22 17:32	ujjwalkarn/xda	master
19/10/22 12:26	diogosbr/spfilt	master
19/10/22 12:25	diogosbr/spfilt	master
19/10/22 11:19	isglobal-brge/scoreInvHap	master
19/10/22 06:05	jimhester/lookup	master
19/10/22 01:28	Farewe/virtualspecies	master
19/10/22 01:21	Farewe/virtualspecies	master
19/10/16 00:03	jmbh/mgm	master
19/10/14 00:56	adamlilith/omnibus	master
19/10/12 00:53	velocyto-team/velocyto.R	master
19/10/10 00:11	Ram-N/weatherData	master
19/10/10 00:09	mariavica/mircomb	master
19/10/10 00:02	mccallm/miRcomp	master
19/10/09 00:23	hadley/ggplot2	49619b7
19/10/05 00:47	ramnathv/rCharts	master
19/10/04 00:27	ECO230/eco230r	master
19/10/04 00:00	ECO230/eco230r	master
19/10/04 00:00	ECO230/eco230r	master
19/09/25 00:33	pjnewcombe/Pmisc	master
