19/10/08 17:47	flaviobarros/IQCC	master
19/10/08 16:41	mclements/rstpm2	develop
19/10/08 13:08	LudvigOlsen/cvms	master
19/10/08 11:29	LudvigOlsen/cvms	master
19/10/08 11:16	LudvigOlsen/cvms	master
19/10/08 11:00	LudvigOlsen/cvms	master
19/10/08 10:45	drizopoulos/JMbayes	master
19/10/08 10:45	LudvigOlsen/cvms	master
19/10/08 10:43	LudvigOlsen/cvms	master
19/10/08 10:30	LudvigOlsen/cvms	master
19/10/08 10:29	LudvigOlsen/cvms	master
19/10/08 10:04	LudvigOlsen/cvms	master
19/10/08 10:03	LudvigOlsen/cvms	master
19/10/08 10:02	LudvigOlsen/cvms	master
19/10/08 10:01	LudvigOlsen/cvms	master
19/10/08 10:01	LudvigOlsen/cvms	master
19/10/08 09:24	LudvigOlsen/cvms	master
19/10/08 08:57	pitakakariki/simr	master
19/10/08 08:41	thlytras/rspiro	master
19/10/08 08:32	pitakakariki/simr	master
19/10/08 08:28	rsheets/jailbreakr	master
19/10/08 08:28	rsheets/rexcel	master
19/10/08 08:26	rsheets/linen	master
19/10/08 07:30	johnbaums/rmaxent	master
19/10/08 02:34	santosneto/rbsmodels	master
19/10/05 00:47	ramnathv/rCharts	master
19/10/04 00:27	ECO230/eco230r	master
19/10/04 00:00	ECO230/eco230r	master
19/10/04 00:00	ECO230/eco230r	master
19/09/25 00:33	pjnewcombe/Pmisc	master
19/09/19 00:41	miraisolutions/xlconnect	master
19/09/19 00:41	miraisolutions/xlconnectjars	master
19/09/17 00:54	rvalavi/blockCV	master
19/09/17 00:02	shihikoo/AutoAnnotation	master
19/09/10 00:40	AChauvenet/ProtectEqual	master
19/09/10 00:13	tpepler/nonpar	master
