19/07/22 14:54	BillPetti/baseballr	master
19/07/22 14:34	vqv/ggbiplot	master
19/07/22 13:37	awalker89/openxlsx	master
19/07/22 13:33	joshuaulrich/TTR	master
19/07/22 13:33	RcppCore/RcppArmadillo	master
19/07/22 13:32	RcppCore/Rcpp	master
19/07/22 13:31	hadley/tidyverse	master
19/07/22 13:31	saurfang/shinyAceCodeInput	master
19/07/22 13:21	rstats-db/RMySQL	master
19/07/22 13:20	r-dbi/RSQLite	master
19/07/22 13:20	jwijffels/ETLUtils	master
19/07/22 13:18	r-dbi/RSQLite	master
19/07/22 13:16	jwijffels/ETLUtils	master
19/07/22 11:26	jaspershen/analysisReport	master
19/07/22 09:24	danlwarren/ENMTools	master
19/07/22 08:14	r-lib/evaluate	master
19/07/22 07:24	Rapporter/pander	06c2f65797
19/07/22 06:51	Rapporter/pander	06c2f65797
19/07/22 06:29	Rapporter/pander	06c2f65797
19/07/21 00:59	ropensci/tabulizer	master
19/07/21 00:59	ropensci/tabulizerjars	master
19/07/16 00:34	hadley/dplyr	master
19/07/16 00:15	hadley/dplyr	master
19/07/16 00:05	hadley/dplyr	master
19/07/14 00:29	timelyportfolio/d3treeR	master
19/07/13 00:30	strengejacke/sjPlot	master
19/07/09 00:25	drizopoulos/JMbayes	master
19/07/05 00:59	nlmixrdevelopment/RxODE	master
19/07/04 00:50	DerekYves/rsurveygizmo	master
19/07/04 00:11	ramhiser/datamicroarray	master
19/07/04 00:10	ramhiser/datamicroarray	master
19/07/04 00:08	ramhiser/datamicroarray	master
19/07/04 00:07	ramhiser/datamicroarray	master
19/07/03 00:07	tidyverse/googlesheets4	master
19/07/02 00:42	hrbrmstr/albersusa	master
19/06/28 00:06	AppliedDataSciencePartners/xgboostExplainer	master
19/06/28 00:06	AppliedDataSciencePartners/xgboostExplainer	master
