19/07/17 12:52	GuangchuangYu/treeio	master
19/07/17 12:26	tidyverse/tidyverse	master
19/07/17 11:36	s-u/fastshp	master
19/07/17 11:14	tagteam/heaven	master
19/07/17 10:19	tagteam/heaven	master
19/07/17 09:48	tagteam/heaven	master
19/07/17 09:37	tagteam/heaven	master
19/07/17 07:19	GuangchuangYu/clusterProfiler	master
19/07/17 07:18	thlytras/rspiro	master
19/07/17 07:14	WinVector/vtreat	master
19/07/17 07:14	GuangchuangYu/clusterProfiler	master
19/07/17 07:13	GuangchuangYu/clusterProfiler	master
19/07/17 07:13	talgalili/installr	master
19/07/17 07:13	GuangchuangYu/clusterProfiler	master
19/07/17 07:12	rstudio/shinythemes	master
19/07/17 07:11	rstudio/flexdashboard	master
19/07/17 07:09	rstudio/shinydashboard	master
19/07/17 07:09	trestletech/shinyAce	master
19/07/17 06:55	AkhilNairAmey/CQLConnect	master
19/07/17 06:53	hadley/tidyverse	master
19/07/17 06:12	hoxo-m/magicfor	master
19/07/17 06:08	Rapporter/pander	06c2f65797
19/07/17 04:34	dgrtwo/drlib	master
19/07/17 03:40	ChristopherLucas/translateR	master
19/07/17 03:39	ChristopherLucas/translateR	master
19/07/17 03:38	ChristopherLucas/translateR	master
19/07/17 03:37	angelalica/ASTranslation	master
19/07/17 03:36	NamyounKim/NLP4kec	master
19/07/17 03:36	mananshah99/rotationforest	master
19/07/17 03:35	LiYanStat/touch	master
19/07/17 03:35	bmschmidt/wordVectors	master
19/07/17 03:34	NamyounKim/NLP4kec	master
19/07/17 03:30	mananshah99/rotationforest	master
19/07/17 03:30	LiYanStat/touch	master
19/07/17 03:29	dgrtwo/drlib	master
19/07/17 03:00	google/GeoexperimentsResearch	master
