19/12/14 19:23	GuangchuangYu/ggimage	master
19/12/14 16:59	IRkernel/IRkernel	master
19/12/14 15:51	ClaraHapp/funData	master
19/12/14 12:41	hoxo-m/magicfor	master
19/12/14 08:38	davidavdav/ROC	master
19/12/14 05:53	strengejacke/sjlabelled	master
19/12/14 03:01	ECO230/eco230r	master
19/12/14 02:04	hoxo-m/magicfor	master
19/12/14 01:24	talbano/epmr	master
19/12/14 00:16	ewenharrison/summarizer	master
19/12/14 00:16	hrbrmstr/hrbraddins	master
19/12/14 00:16	daattali/colourpicker	master
19/12/14 00:16	ThinkR-open/remedy	master
19/12/14 00:16	rstudio/shiny	master
19/12/05 00:42	lucasmation/microdadosBrasil	master
19/12/03 00:08	ECO230/eco230r	master
19/11/28 00:17	ewenharrison/summarizer	master
19/11/28 00:17	hrbrmstr/hrbraddins	master
19/11/28 00:17	daattali/colourpicker	master
19/11/28 00:17	ThinkR-open/remedy	master
19/11/28 00:17	rstudio/shiny	master
19/11/27 00:40	ewenharrison/summarizer	master
19/11/27 00:40	hrbrmstr/hrbraddins	master
19/11/27 00:40	daattali/colourpicker	master
19/11/27 00:40	ThinkR-open/remedy	master
19/11/27 00:40	rstudio/shiny	master
19/11/27 00:13	ewenharrison/summarizer	master
19/11/27 00:13	hrbrmstr/hrbraddins	master
19/11/27 00:13	daattali/colourpicker	master
19/11/27 00:12	ThinkR-open/remedy	master
19/11/27 00:12	rstudio/shiny	master
19/11/26 00:07	ewenharrison/summarizer	master
19/11/26 00:07	hrbrmstr/hrbraddins	master
19/11/26 00:07	daattali/colourpicker	master
19/11/26 00:07	ThinkR-open/remedy	master
19/11/26 00:07	rstudio/shiny	master
19/11/22 00:51	maRce10/warbleR	master
19/11/21 00:44	ewenharrison/summarizer	master
19/11/21 00:44	hrbrmstr/hrbraddins	master
19/11/21 00:44	daattali/colourpicker	master
19/11/21 00:44	ThinkR-open/remedy	master
19/11/21 00:44	rstudio/shiny	master
19/11/21 00:41	pmartinezarbizu/RFtools	master
19/11/21 00:40	pmartinezarbizu/RFtools	master
19/11/20 00:51	sjmgarnier/viridis	master
19/11/18 00:10	kassambara/ggpubr	master
19/11/15 00:56	att/rcloud.dcplot	master
19/11/15 00:27	TommyJones/textmineR	master
19/11/15 00:26	imadmali/stanode	master
19/11/15 00:25	dtkaplan/gitgrade	master
19/11/14 00:06	rstudio/shiny	master
19/11/14 00:03	leeshawn/SKAT	Sparse_Version
19/11/14 00:01	leeshawn/SKAT	Sparse_Version
