19/04/22 11:06	twitter/AnomalyDetection	master
19/04/22 09:33	broadinstitute/ichorCNA	master
19/04/22 07:33	mkoohafkan/RAStestR	master
19/04/22 07:33	mkoohafkan/RAStestR	master
19/04/22 04:40	jbkunst/highcharter	master
19/04/22 04:37	sipemu/d3Dashboard	master
19/04/22 04:36	ramnathv/htmlwidgets	master
19/04/22 04:36	rstudio/htmltools	master
19/04/22 04:34	rstudio/htmltools	master
19/04/22 03:21	aymanabuelela/ogcc	master
19/04/22 03:19	aymanabuelela/ogcc	master
19/04/22 03:18	aymanabuelela/ogcc	master
19/04/22 03:12	aymanabuelela/ogcc	master
19/04/22 02:59	maRce10/Rraven	master
19/04/22 02:51	maRce10/warbleR	master
19/04/22 02:33	helixcn/phylotools	master
19/04/22 01:20	andrewpbray/oilabs	master
19/04/21 00:11	rstudio/rmdexamples	master
19/04/20 00:51	talgalili/installr	master
19/04/19 00:09	Shians/Glimma	master
19/04/16 00:39	hoxo-m/magicfor	master
19/04/14 00:56	hrbrmstr/taucharts	master
19/04/14 00:42	AFIT-R/vip	master
19/04/14 00:41	vqv/ggbiplot	master
19/04/12 00:55	ECO230/eco230r	master
19/04/12 00:54	ECO230/eco230r	master
19/04/12 00:15	ECO230/eco230r	master
19/04/12 00:12	xia-lab/MetaboAnalystR	master
19/04/11 00:39	youngstreetinitiative/paths	master
19/04/10 00:30	ECO230/eco230r	master
19/04/09 00:57	dschlauch/stego	master
19/04/09 00:54	gepuro/addin4githubinstall	master
19/04/03 00:29	ECO230/eco230r	master
19/03/31 00:05	GuillemSalazar/EcolUtils	master
