19/05/23 13:18	twitter/AnomalyDetection	master
19/05/23 13:17	twitter/AnomalyDetection	master
19/05/23 13:13	twitter/AnomalyDetection	master
19/05/23 13:12	twitter/AnomalyDetection	master
19/05/23 13:00	maRce10/Rraven	master
19/05/23 12:51	maRce10/warbleR	master
19/05/23 12:46	twitter/AnomalyDetection	master
19/05/23 12:44	twitter/AnomalyDetection	master
19/05/23 12:42	twitter/AnomalyDetection	master
19/05/23 12:40	twitter/AnomalyDetection	master
19/05/23 12:35	twitter/AnomalyDetection	master
19/05/23 12:27	twitter/AnomalyDetection	master
19/05/23 12:26	twitter/AnomalyDetection	master
19/05/23 12:18	twitter/AnomalyDetection	master
19/05/23 12:18	twitter/AnomalyDetection	master
19/05/23 12:18	twitter/AnomalyDetection	master
19/05/23 12:15	twitter/AnomalyDetection	master
19/05/23 12:11	twitter/AnomalyDetection	master
19/05/23 12:08	twitter/AnomalyDetection	master
19/05/23 12:08	twitter/AnomalyDetection	master
19/05/23 10:24	Rapporter/pander	06c2f65797
19/05/23 09:01	twitter/AnomalyDetection	master
19/05/23 08:56	twitter/AnomalyDetection	master
19/05/23 08:56	twitter/AnomalyDetection	master
19/05/23 08:50	twitter/AnomalyDetection	master
19/05/23 08:41	twitter/AnomalyDetection	master
19/05/23 08:31	twitter/AnomalyDetection	master
19/05/23 08:28	twitter/AnomalyDetection	master
19/05/23 08:23	twitter/AnomalyDetection	master
19/05/23 08:22	twitter/AnomalyDetection	master
19/05/23 08:11	twitter/AnomalyDetection	master
19/05/23 08:03	twitter/AnomalyDetection	master
19/05/23 07:39	twitter/AnomalyDetection	master
19/05/23 07:39	twitter/AnomalyDetection	master
19/05/23 06:44	twitter/AnomalyDetection	master
19/05/23 06:38	twitter/AnomalyDetection	master
19/05/23 03:37	twitter/AnomalyDetection	master
19/05/22 00:58	USGS-R/smwrData	master
19/05/21 00:35	strengejacke/sjPlot	master
19/05/18 00:51	thomasp85/patchwork	master
19/05/18 00:50	abresler/nbastatR	master
19/05/18 00:49	hrbrmstr/adobecolor	master
19/05/18 00:48	hrbrmstr/adobecolor	master
19/05/18 00:45	hadley/lobstr	master
19/05/18 00:44	swihart/aaroseplot	master
19/05/18 00:42	MilesMcBain/gistfo	master
19/05/18 00:42	ricardo-bion/ggradar	master
19/05/18 00:41	krlmlr/fstplyr	master
19/05/18 00:41	kirillseva/explain	master
19/05/18 00:41	hadley/emo	master
19/05/18 00:41	EdwinTh/dutchmasters	master
19/05/18 00:41	dgrtwo/drlib	master
19/05/18 00:40	brandmaier/deconstructR	master
19/05/17 00:33	ropensci/tabulizer	master
19/05/17 00:33	ropensci/tabulizerjars	master
19/05/11 00:30	hyunyulhenry/HenryQuant	master
19/05/09 00:52	bayesball/BApredict	master
19/05/09 00:51	bayesball/BApredict	master
19/05/09 00:48	bquast/RDDtools	master
19/05/09 00:48	bquast/RDDtools	master
19/05/09 00:41	bquast/RDDtools	master
19/05/09 00:35	haleyeidem/integRATE	master
19/05/07 00:40	robjhyndman/MEFM-package	master
19/05/07 00:35	robjhyndman/MEFM-package	master
19/05/06 00:27	mpadge/tnorm	master
19/05/02 00:25	ujjwalkarn/xda	master
19/05/01 00:49	ropensci/tabulizer	master
19/05/01 00:49	ropensci/tabulizerjars	master
19/04/28 00:46	AybarCL/Dorado	master
19/04/27 00:42	strengejacke/sjmisc	master
19/04/27 00:40	strengejacke/sjlabelled	master
19/04/27 00:34	zzawadz/rawk	master
19/04/27 00:32	twitter/AnomalyDetection	master
19/04/27 00:07	vijaybarve/ENMGadgets	master
19/04/27 00:06	vijaybarve/ENMGadgets	master
19/04/27 00:06	vijaybarve/ENMGadgets	master
19/04/27 00:01	vijaybarve/ENMGadgets	master
19/04/26 00:50	jeroenooms/awk	master
19/04/26 00:47	kevinushey/Kmisc	master
19/04/26 00:47	kevinushey/Kmisc	master
19/04/26 00:47	kevinushey/Kmisc	master
19/04/26 00:42	kevinushey/Kmisc	master
19/04/26 00:00	maRce10/Rraven	master
19/04/25 00:26	vqv/ggbiplot	master
19/04/25 00:02	maRce10/Rraven	master
