19/04/26 17:18	gisma/uavRst	master
19/04/26 17:17	vijaybarve/ENMGadgets	master
19/04/26 16:43	zji90/TSCAN	master
19/04/26 16:38	maRce10/Rraven	master
19/04/26 16:31	Nowosad/spDataLarge	master
19/04/26 14:45	rmendels/rerddapXtracto	master
19/04/26 13:55	hoxo-m/magicfor	master
19/04/26 13:18	ujjwalkarn/xda	master
19/04/26 13:09	hrbrmstr/taucharts	master
19/04/26 13:08	hrbrmstr/taucharts	master
19/04/26 13:06	hrbrmstr/taucharts	master
19/04/26 12:57	hrbrmstr/taucharts	master
19/04/26 12:21	maRce10/warbleR	master
19/04/26 11:57	lbraglia/RStata	master
19/04/26 11:29	maRce10/Rraven	master
19/04/26 11:11	isglobal-brge/gcmrec	master
19/04/26 11:11	isglobal-brge/survrec	master
19/04/26 11:02	isglobal-brge/gcmrec	master
19/04/26 11:01	isglobal-brge/survrec	master
19/04/26 10:41	twitter/AnomalyDetection	master
19/04/26 10:13	isglobal-brge/gcmrec	master
19/04/26 10:13	isglobal-brge/survrec	master
19/04/26 09:57	cgr-promising-solutions/lintrAddin	master
19/04/26 08:10	AndySardina/linear	master
19/04/26 03:49	maRce10/warbleR	master
19/04/26 02:38	lebebr01/pdfsearch	master
19/04/26 02:22	thlytras/rspiro	master
19/04/26 01:43	maRce10/warbleR	master
19/04/26 01:08	hadley/multidplyr	master
19/04/26 00:50	jeroenooms/awk	master
19/04/26 00:47	kevinushey/Kmisc	master
19/04/26 00:47	kevinushey/Kmisc	master
19/04/26 00:47	kevinushey/Kmisc	master
19/04/26 00:42	kevinushey/Kmisc	master
19/04/26 00:00	maRce10/Rraven	master
19/04/25 00:26	vqv/ggbiplot	master
19/04/25 00:02	maRce10/Rraven	master
19/04/21 00:11	rstudio/rmdexamples	master
19/04/20 00:51	talgalili/installr	master
19/04/19 00:09	Shians/Glimma	master
19/04/16 00:39	hoxo-m/magicfor	master
19/04/14 00:56	hrbrmstr/taucharts	master
19/04/14 00:42	AFIT-R/vip	master
19/04/14 00:41	vqv/ggbiplot	master
19/04/12 00:55	ECO230/eco230r	master
19/04/12 00:54	ECO230/eco230r	master
19/04/12 00:15	ECO230/eco230r	master
19/04/12 00:12	xia-lab/MetaboAnalystR	master
19/04/11 00:39	youngstreetinitiative/paths	master
19/04/10 00:30	ECO230/eco230r	master
19/04/09 00:57	dschlauch/stego	master
19/04/09 00:54	gepuro/addin4githubinstall	master
19/04/03 00:29	ECO230/eco230r	master
19/03/31 00:05	GuillemSalazar/EcolUtils	master
