19/10/18 16:24	RcppCore/Rcpp	master
19/10/18 15:53	mjwestgate/revtools	master
19/10/18 15:52	mjwestgate/revtools	master
19/10/18 15:46	MangoTheCat/webdriver	master
19/10/18 15:31	PheWAS/PheWAS	v1.0-dev
19/10/18 15:23	mjwestgate/revtools	master
19/10/18 15:19	mjwestgate/revtools	master
19/10/18 14:17	PheWAS/PheWAS	v1.0-dev
19/10/18 14:16	rich-iannone/stationaRy	master
19/10/18 13:58	ymattu/MlBayesOpt	master
19/10/18 13:36	PheWAS/PheWAS	v1.0-dev
19/10/18 11:39	mkearney/rtweet	5ef897e
19/10/18 10:20	Appsilon/shiny.router	master
19/10/18 09:36	hoxo-m/prophetExt	master
19/10/18 09:35	ujjwalkarn/xda	master
19/10/18 08:22	johnbaums/rmaxent	master
19/10/18 06:08	JohnNay/sa	master
19/10/18 06:08	hartmast/concordances	master
19/10/18 03:17	s-u/fasttime	master
19/10/18 03:06	PheWAS/PheWAS	v1.0-dev
19/10/18 02:13	s-u/fasttime	master
19/10/18 01:42	rmflight/vRbalExpressions	master
