19/12/16 18:29	renkun-ken/pipeR	master
19/12/16 17:34	ropensci/tabulizer	master
19/12/16 17:33	ropensci/tabulizerjars	master
19/12/16 16:47	kkholst/lava	master
19/12/16 15:57	whcsu/SurvELM	master
19/12/16 15:25	alastair-JL/StochasticCIB	master
19/12/16 15:15	alastair-JL/StochasticCIB	master
19/12/16 14:59	andrewheiss/reconPlots	master
19/12/16 14:58	andrewheiss/reconPlots	master
19/12/16 14:47	alastair-JL/StochasticCIB	master
19/12/16 14:47	alastair-JL/StochasticCIB	master
19/12/16 10:33	hoxo-m/prophetExt	master
19/12/16 10:22	hadley/multidplyr	3e65c2c9d5011fa34d18965308e5c52326a6d3c4
19/12/16 09:28	danwwilson/censaus	master
19/12/16 09:26	jranke/chemCal	master
19/12/16 09:25	quicklizard99/cheddar	master
19/12/16 09:25	quicklizard99/cheddar	master
19/12/16 09:24	jranke/chemCal	master
19/12/16 09:24	jlugarrancho/chessinr	master
19/12/16 09:20	danwwilson/censaus	master
19/12/16 07:23	davidavdav/ROC	master
19/12/16 07:07	Dasonk/findPackage	master
19/12/16 06:19	Lchiffon/wordcloud2	master
19/12/16 06:14	Lchiffon/wordcloud2	master
19/12/16 06:11	Lchiffon/wordcloud2	master
19/12/16 06:10	Lchiffon/wordcloud2	master
19/12/16 04:50	ropenscilabs/tabulizer	master
19/12/16 04:50	ropensci/tabulizerjars	master
19/12/16 04:38	jmcurran/ISBAR	master
19/12/16 03:23	daattali/ggExtra	master
19/12/16 01:01	fulvionedel/csapAIH	master
19/12/14 00:16	ewenharrison/summarizer	master
19/12/14 00:16	hrbrmstr/hrbraddins	master
19/12/14 00:16	daattali/colourpicker	master
19/12/14 00:16	ThinkR-open/remedy	master
19/12/14 00:16	rstudio/shiny	master
19/12/05 00:42	lucasmation/microdadosBrasil	master
19/12/03 00:08	ECO230/eco230r	master
19/11/28 00:17	ewenharrison/summarizer	master
19/11/28 00:17	hrbrmstr/hrbraddins	master
19/11/28 00:17	daattali/colourpicker	master
19/11/28 00:17	ThinkR-open/remedy	master
19/11/28 00:17	rstudio/shiny	master
19/11/27 00:40	ewenharrison/summarizer	master
19/11/27 00:40	hrbrmstr/hrbraddins	master
19/11/27 00:40	daattali/colourpicker	master
19/11/27 00:40	ThinkR-open/remedy	master
19/11/27 00:40	rstudio/shiny	master
19/11/27 00:13	ewenharrison/summarizer	master
19/11/27 00:13	hrbrmstr/hrbraddins	master
19/11/27 00:13	daattali/colourpicker	master
19/11/27 00:12	ThinkR-open/remedy	master
19/11/27 00:12	rstudio/shiny	master
19/11/26 00:07	ewenharrison/summarizer	master
19/11/26 00:07	hrbrmstr/hrbraddins	master
19/11/26 00:07	daattali/colourpicker	master
19/11/26 00:07	ThinkR-open/remedy	master
19/11/26 00:07	rstudio/shiny	master
19/11/22 00:51	maRce10/warbleR	master
19/11/21 00:44	ewenharrison/summarizer	master
19/11/21 00:44	hrbrmstr/hrbraddins	master
19/11/21 00:44	daattali/colourpicker	master
19/11/21 00:44	ThinkR-open/remedy	master
19/11/21 00:44	rstudio/shiny	master
19/11/21 00:41	pmartinezarbizu/RFtools	master
19/11/21 00:40	pmartinezarbizu/RFtools	master
19/11/20 00:51	sjmgarnier/viridis	master
19/11/18 00:10	kassambara/ggpubr	master
