19/10/19 19:45	StatsWithR/statsr	BayesFactor
19/10/19 19:38	StatsWithR/statsr	BayesFactor
19/10/19 19:35	StatsWithR/statsr	BayesFactor
19/10/19 18:59	sfirke/janitor	master
19/10/19 17:48	mhahsler/dbscan	master
19/10/19 17:45	njtierney/naniar	master
19/10/19 09:41	PhilipPallmann/toxbox	master
19/10/19 09:24	schaarschmidt/mixADA	master
19/10/16 00:03	jmbh/mgm	master
19/10/14 00:56	adamlilith/omnibus	master
19/10/12 00:53	velocyto-team/velocyto.R	master
19/10/10 00:11	Ram-N/weatherData	master
19/10/10 00:09	mariavica/mircomb	master
19/10/10 00:02	mccallm/miRcomp	master
19/10/09 00:23	hadley/ggplot2	49619b7
19/10/05 00:47	ramnathv/rCharts	master
19/10/04 00:27	ECO230/eco230r	master
19/10/04 00:00	ECO230/eco230r	master
19/10/04 00:00	ECO230/eco230r	master
19/09/25 00:33	pjnewcombe/Pmisc	master
19/09/19 00:41	miraisolutions/xlconnect	master
19/09/19 00:41	miraisolutions/xlconnectjars	master
