19/08/23 14:14	hrbrmstr/msgxtractr	master
19/08/23 08:58	metaOmics/MetaQC	master
19/08/23 08:55	metaOmics/MetaQC	master
19/08/23 08:54	metaOmics/preproc	master
19/08/23 08:53	metaOmics/preproc	master
19/08/23 08:19	metaOmics/MetaDE	master
19/08/23 08:18	metaOmics/MetaDE	master
19/08/23 08:02	metaOmics/MetaDE	master
19/08/23 08:01	metaOmics/MetaQC	master
19/08/23 08:01	metaOmics/preproc	master
19/08/23 07:45	mps9506/watertools	master
19/08/23 07:30	metaOmics/MetaDE	master
19/08/23 07:27	metaOmics/MetaQC	master
19/08/23 06:45	bmschmidt/wordVectors	master
19/08/23 06:14	NamyounKim/NLP4kec	master
19/08/23 06:03	Rapporter/pander	06c2f65797
19/08/23 05:20	mananshah99/rotationforest	master
19/08/23 02:50	juliasilge/tidytext	master
19/08/23 02:49	juliasilge/tidytext	master
19/08/23 02:49	juliasilge/tidytext	master
19/08/23 02:22	krlmlr/rextdata	master
19/08/23 02:21	juliasilge/tidytext	master
19/08/22 00:40	jennybc/googlesheets	master
19/08/22 00:29	jennybc/googlesheets	master
19/08/22 00:28	jennybc/googlesheets	master
19/08/22 00:28	jennybc/googlesheets	master
19/08/22 00:28	jennybc/googlesheets	master
19/08/22 00:27	jennybc/googlesheets	master
19/08/22 00:27	jennybc/googlesheets	master
19/08/22 00:27	jennybc/googlesheets	master
19/08/12 00:07	matthewwolak/ICC	master
19/08/10 00:39	robjhyndman/MEFM-package	master
19/08/10 00:21	robjhyndman/MEFM-package	master
19/08/09 00:08	mikemeredith/wiqid	master
19/08/09 00:07	mikemeredith/wiqid	master
19/08/08 00:20	haozhu233/kableExtra	master
19/08/08 00:18	wilkelab/cowplot	master
19/08/08 00:13	Rapporter/pander	master
19/08/08 00:12	hrbrmstr/hrbrthemes	master
19/08/08 00:11	sfirke/janitor	master
19/08/08 00:10	hadley/reshape	master
19/08/08 00:09	tidyverse/lubridate	master
19/08/08 00:08	karthik/wesanderson	master
19/08/08 00:07	tidyverse/tidyverse	master
19/08/05 00:22	sinhrks/ggfortify	master
19/08/03 00:57	KIT-IfGG/LandClimTools	master
19/07/27 00:12	vqv/ggbiplot	master
