19/10/17 22:38	vqv/ggbiplot	master
19/10/17 22:11	rmflight/vRbalExpressions	master
19/10/17 21:22	sjPlot/esc	master
19/10/17 20:14	mikemayer67/RCoverTree	master
19/10/17 12:18	mps9506/watertools	master
19/10/17 09:40	vqv/ggbiplot	master
19/10/16 00:03	jmbh/mgm	master
19/10/14 00:56	adamlilith/omnibus	master
19/10/12 00:53	velocyto-team/velocyto.R	master
19/10/10 00:11	Ram-N/weatherData	master
19/10/10 00:09	mariavica/mircomb	master
19/10/10 00:02	mccallm/miRcomp	master
19/10/09 00:23	hadley/ggplot2	49619b7
19/10/05 00:47	ramnathv/rCharts	master
19/10/04 00:27	ECO230/eco230r	master
19/10/04 00:00	ECO230/eco230r	master
19/10/04 00:00	ECO230/eco230r	master
19/09/25 00:33	pjnewcombe/Pmisc	master
19/09/19 00:41	miraisolutions/xlconnect	master
19/09/19 00:41	miraisolutions/xlconnectjars	master
19/09/17 00:54	rvalavi/blockCV	master
19/09/17 00:02	shihikoo/AutoAnnotation	master
