19/07/09 22:59	RhoInc/aeplot	master
19/07/09 17:45	hrbrmstr/hrbrthemes	master
19/07/09 17:44	davidgohel/gdtools	master
19/07/09 17:38	thomasp85/patchwork	master
19/07/09 15:38	ekstroem/socceR	master
19/07/09 15:16	gertstulp/ggplot.gui	master
19/07/09 15:12	vqv/ggbiplot	master
19/07/09 15:10	pbiecek/ggplotit	master
19/07/09 14:36	deepayan/lattice	master
19/07/09 12:31	Sage-Bionetworks/CMSclassifier	master
19/07/09 10:10	brunomssmelo/RcextTools	master
19/07/09 09:40	qenvio/dryhic	master
19/07/09 04:32	byandell/ewing	master
19/07/09 00:25	drizopoulos/JMbayes	master
19/07/05 00:59	nlmixrdevelopment/RxODE	master
19/07/04 00:50	DerekYves/rsurveygizmo	master
19/07/04 00:11	ramhiser/datamicroarray	master
19/07/04 00:10	ramhiser/datamicroarray	master
19/07/04 00:08	ramhiser/datamicroarray	master
19/07/04 00:07	ramhiser/datamicroarray	master
19/07/03 00:07	tidyverse/googlesheets4	master
19/07/02 00:42	hrbrmstr/albersusa	master
19/06/28 00:06	AppliedDataSciencePartners/xgboostExplainer	master
19/06/28 00:06	AppliedDataSciencePartners/xgboostExplainer	master
19/06/14 00:43	robjhyndman/MEFM-package	master
19/06/13 00:17	JinmiaoChenLab/cytofkit	master
