19/01/08 17:43	fawda123/ggord	master
19/01/08 17:43	haozhu233/kableExtra	master
19/01/08 16:56	miquelcaceres/vegclust	master
19/01/08 16:56	miquelcaceres/vegclust	master
19/01/08 16:44	tidyverse/tibble	master
19/01/08 16:15	mjockers/syuzhet	master
19/01/08 14:52	TimothyKBook/catcorr	master
19/01/08 12:38	idiazst/causalquantile	master
19/01/08 12:10	kthorstmann/horst	master
19/01/08 12:10	kthorstmann/padis	master
19/01/08 12:08	kthorstmann/consr	master
19/01/08 11:58	kthorstmann/horst	master
19/01/08 11:52	jrdnmdhl/reconIPD	master
19/01/08 11:51	jrdnmdhl/reconIPD	master
19/01/08 11:48	jrdnmdhl/reconIPD	master
19/01/08 11:39	LasseHjort/cuRe	master
19/01/08 11:30	rstudio/keras	master
19/01/08 10:44	vanderleidebastiani/PCPS	master
19/01/08 10:33	woobe/bib	master
19/01/08 10:27	ymattu/rjumanpp	master
19/01/08 10:15	ropensci/tabulizer	master
19/01/08 07:43	hoxo-m/prophetExt	master
19/01/08 07:32	hoxo-m/prophetExt	master
19/01/08 07:15	jrdnmdhl/reconIPD	master
19/01/08 07:15	hoxo-m/prophetExt	master
19/01/08 07:09	hoxo-m/prophetExt	master
19/01/08 07:07	idiazst/causalquantile	master
19/01/08 07:07	idiazst/causalquantile	master
19/01/08 07:04	hoxo-m/prophetExt	master
19/01/08 07:03	idiazst/causalquantile	master
19/01/08 07:02	idiazst/causalquantile	master
19/01/08 05:23	twitter/AnomalyDetection	master
19/01/08 01:07	krlmlr/ulimit	master
19/01/08 01:07	Ossifragus/OSMAC	master
19/01/08 00:52	krlmlr/ulimit	master
19/01/08 00:49	Ossifragus/OSMAC	master
19/01/08 00:19	zdk123/SpiecEasi	master
19/01/06 00:36	hadley/precis	master
19/01/06 00:34	hadley/precis	master
19/01/03 00:14	google/GeoexperimentsResearch	master
18/12/23 00:49	andreaskiermeier/AcceptanceSampling	master
18/12/23 00:48	emilopezcano/SixSigma	master
18/12/20 00:19	jeanmarielepioufle/rabarbRa	master
18/12/17 00:13	hadley/readxl	master
18/12/13 00:35	ebuhle/salmonIPM	master
18/12/10 00:30	hrbrmstr/albersusa	master
18/12/09 00:37	hoxo-m/prophetExt	master
