19/04/24 14:43	yrosseel/lavaan	master
19/04/24 13:54	UcarLab/IA-SVA	master
19/04/24 13:49	hadley/ggplot2	49619b7
19/04/24 13:36	hadley/tidyverse	master
19/04/24 13:27	hadley/lubridate	master
19/04/24 13:23	hadley/lubridate	master
19/04/24 13:22	HenrikBengtsson/affxparser	master
19/04/24 13:07	isglobal-brge/gcmrec	master
19/04/24 13:07	isglobal-brge/survrec	master
19/04/24 12:50	rmcelreath/glmer2stan	master
19/04/24 12:28	rmcelreath/glmer2stan	master
19/04/24 11:32	isglobal-brge/survrec	master
19/04/24 11:12	wilkox/treemapify	master
19/04/24 10:30	AFIT-R/vip	master
19/04/24 10:29	vqv/ggbiplot	master
19/04/24 09:59	UcarLab/IA-SVA	master
19/04/24 09:25	trestletech/shinyAce	master
19/04/24 08:27	maksimhorowitz/nflscrapR	master
19/04/24 07:07	r-lib/revdepcheck	master
19/04/24 07:07	r-lib/rcmdcheck	master
19/04/24 06:46	karthik/rdrop2	master
19/04/24 05:07	maRce10/Rraven	master
19/04/24 05:05	lantenangeli/Aniversario	master
19/04/24 05:04	alexplatasl/reverseGeo	master
19/04/24 04:42	maRce10/warbleR	master
19/04/24 04:25	statsmaths/genlasso	master
19/04/24 04:20	statsmaths/genlasso	master
19/04/24 04:02	jrnold/ggthemes	master
19/04/24 03:11	maRce10/Rraven	master
19/04/24 02:28	ropensci/tabulizer	master
19/04/24 02:28	ropensci/tabulizerjars	master
19/04/21 00:11	rstudio/rmdexamples	master
19/04/20 00:51	talgalili/installr	master
19/04/19 00:09	Shians/Glimma	master
19/04/16 00:39	hoxo-m/magicfor	master
19/04/14 00:56	hrbrmstr/taucharts	master
19/04/14 00:42	AFIT-R/vip	master
19/04/14 00:41	vqv/ggbiplot	master
19/04/12 00:55	ECO230/eco230r	master
19/04/12 00:54	ECO230/eco230r	master
19/04/12 00:15	ECO230/eco230r	master
19/04/12 00:12	xia-lab/MetaboAnalystR	master
19/04/11 00:39	youngstreetinitiative/paths	master
19/04/10 00:30	ECO230/eco230r	master
19/04/09 00:57	dschlauch/stego	master
19/04/09 00:54	gepuro/addin4githubinstall	master
19/04/03 00:29	ECO230/eco230r	master
19/03/31 00:05	GuillemSalazar/EcolUtils	master
