19/03/23 19:22	biobakery/sparseDOSSA	varyLibSize
19/03/23 08:57	talgalili/heatmaply	master
19/03/23 08:56	ropensci/plotly	master
19/03/23 08:16	talgalili/heatmaply	master
19/03/23 08:03	eddelbuettel/digest	master
19/03/23 08:02	ropensci/plotly	master
19/03/23 07:52	hadley/tidyr	master
19/03/23 07:49	sorhawell/rgl	master
19/03/23 07:48	sorhawell/rgl	master
19/03/23 07:39	antiphon/ellipsoid	master
19/03/23 07:39	sorhawell/rgl	master
19/03/23 07:38	antiphon/ellipsoid	master
19/03/23 07:37	hadley/tidyr	master
19/03/23 07:37	hadley/rlang	master
19/03/23 07:30	tidyverse/tidyr	master
19/03/23 07:29	hadley/tidyr	master
19/03/23 07:28	hadley/tidyverse	master
19/03/23 07:25	ropensci/plotly	master
19/03/23 05:48	erblast/oetteR	master
19/03/23 05:46	erblast/oetteR	master
19/03/23 05:43	mtennekes/tabplot	master
19/03/23 05:42	drsimonj/pipelearner	master
19/03/23 01:40	thirdwing/RcppMLPACK1	master
19/03/23 01:33	thirdwing/RcppMLPACK	master
19/03/22 00:44	maRce10/warbleR	master
19/03/22 00:38	maRce10/warbleR	master
19/03/19 00:23	aukkola/FluxnetLSM	master
19/03/16 00:19	keaven/nphsim	master
19/03/12 00:22	sjmgarnier/viridis	master
19/03/08 00:23	jutako/Rtools	master
19/03/07 00:09	bbolker/betararef	master
19/03/06 00:03	ECO230/eco230r	master
19/03/05 00:46	hadley/lineprof	master
19/03/05 00:37	kassambara/factoextra	master
19/03/04 00:40	kassambara/factoextra	master
19/03/04 00:33	kassambara/factoextra	master
19/03/04 00:19	kassambara/factoextra	master
19/02/28 00:17	hadley/l1tf	master
19/02/25 00:33	gastonstat/colortools	master
19/02/22 00:42	klarsen1/Information	master
19/02/22 00:38	rdisalv2/dismisc	master
19/02/22 00:21	hfgolino/EGA	master
