19/03/11 16:27	sipemu/d3Dashboard	master
19/03/11 15:49	shihikoo/AutoAnnotation	master
19/03/11 15:47	shihikoo/AutoAnnotation	master
19/03/11 14:32	shihikoo/AutoAnnotation	master
19/03/11 14:19	hoxo-m/magicfor	master
19/03/11 13:14	RichardBirnie/survtools	master
19/03/11 13:10	RichardBirnie/survtools	master
19/03/11 12:15	NathanEpstein/finData	master
19/03/11 12:15	NathanEpstein/finData	master
19/03/11 12:01	RichardBirnie/survtools	master
19/03/11 11:57	thlytras/rspiro	master
19/03/11 11:17	twitter/AnomalyDetection	master
19/03/11 10:27	RichardBirnie/survtools	master
19/03/11 10:24	hoxo-m/magicfor	master
19/03/11 10:17	rte-antares-rpackage/antaresDev	master
19/03/11 10:17	rte-antares-rpackage/antaresDev	master
19/03/11 09:48	RichardBirnie/survtools	master
19/03/11 09:46	HenrikBengtsson/doFuture	develop
19/03/11 09:46	HenrikBengtsson/doFuture	develop
19/03/11 09:43	dgrtwo/drlib	master
19/03/11 09:00	RichardBirnie/survtools	master
19/03/11 08:53	HenrikBengtsson/doFuture	develop
19/03/11 08:50	HenrikBengtsson/doFuture	develop
19/03/11 08:50	HenrikBengtsson/future	master
19/03/11 08:49	HenrikBengtsson/doFuture	develop
19/03/11 08:40	HenrikBengtsson/doFuture	develop
19/03/11 08:38	HenrikBengtsson/doFuture	develop
19/03/11 08:36	HenrikBengtsson/doFuture	develop
19/03/11 05:58	rstudio/config	master
19/03/11 05:27	hoxo-m/magicfor	master
19/03/11 01:43	hadley/devtools	master
19/03/11 01:05	hoxo-m/pforeach	master
19/03/11 01:05	hoxo-m/pforeach	master
19/03/08 00:23	jutako/Rtools	master
19/03/07 00:09	bbolker/betararef	master
19/03/06 00:03	ECO230/eco230r	master
19/03/05 00:46	hadley/lineprof	master
19/03/05 00:37	kassambara/factoextra	master
19/03/04 00:40	kassambara/factoextra	master
19/03/04 00:33	kassambara/factoextra	master
19/03/04 00:19	kassambara/factoextra	master
19/02/28 00:17	hadley/l1tf	master
19/02/25 00:33	gastonstat/colortools	master
19/02/22 00:42	klarsen1/Information	master
19/02/22 00:38	rdisalv2/dismisc	master
19/02/22 00:21	hfgolino/EGA	master
19/02/20 00:14	jbisanz/MicrobeR	master
19/02/20 00:14	jbisanz/MicrobeR	master
19/02/20 00:04	yihui/tinytex	master
19/02/20 00:03	maRce10/warbleR	master
19/02/19 00:38	ymattu/MlBayesOpt	master
19/02/16 00:46	kbroman/ricalc	master
19/02/15 00:38	ropensci/tabulizer	master
19/02/15 00:38	ropensci/tabulizerjars	master
19/02/15 00:29	ropensci/tabulizer	master
19/02/15 00:29	ropensci/tabulizerjars	master
19/02/15 00:16	Logiwo/tabulizer	master
19/02/15 00:16	leeper/tabulizerjars	master
19/02/15 00:15	ropenscilabs/tabulizer	master
19/02/15 00:15	ropensci/tabulizerjars	master
19/02/15 00:13	ropensci/tabulizer	master
19/02/15 00:13	ropensci/tabulizerjars	master
19/02/15 00:11	ropensci/tabulizerjars	master
19/02/15 00:05	ropensci/tabulizer	master
19/02/15 00:05	ropensci/tabulizerjars	master
19/02/15 00:04	Logiwo/tabulizer	master
19/02/15 00:04	ropensci/tabulizerjars	master
19/02/13 00:54	strengejacke/sjPlot	master
19/02/10 00:40	twitter/BreakoutDetection	master
19/02/09 00:16	jrdnmdhl/reconIPD	master
19/02/09 00:15	jrdnmdhl/reconIPD	master
