19/04/02 17:30	rmcelreath/rethinking	master
19/04/02 16:22	vqv/ggbiplot	master
19/04/02 15:27	spedygiorgio/markovchain	master
19/04/02 14:33	thlytras/rspiro	master
19/04/02 14:33	thlytras/rspiro	master
19/04/02 14:29	hrbrmstr/hrbrthemes	master
19/04/02 14:14	thlytras/rspiro	master
19/04/02 14:12	prestodb/RPresto	master
19/04/02 14:02	ropensci/tabulizer	master
19/04/02 14:01	ropensci/tabulizerjars	master
19/04/02 13:36	ropenscilabs/tabulizer	master
19/04/02 13:36	ropensci/tabulizerjars	master
19/04/02 12:34	JakeConway/ClinPlots	master
19/04/02 12:26	ropenscilabs/tabulizer	master
19/04/02 12:24	ropensci/tabulizerjars	master
19/04/02 12:16	rmcelreath/rethinking	master
19/04/02 12:09	rmcelreath/rethinking	master
19/04/02 11:50	rmcelreath/rethinking	master
19/04/02 10:44	ujjwalkarn/xda	master
19/04/02 10:38	ujjwalkarn/xda	master
19/04/02 10:37	ujjwalkarn/xda	master
19/04/02 10:37	ujjwalkarn/xda	master
19/04/02 09:09	strengejacke/sjPlot	master
19/04/02 08:57	zdealveindy/weimea	master
19/04/02 08:21	bmschmidt/wordVectors	master
19/04/02 08:02	ecpolley/SuperLearner	master
19/04/02 06:51	ujjwalkarn/xda	master
19/04/02 05:48	helixcn/phylotools	master
19/04/02 04:19	leeper/tabulizer	master
19/04/02 04:19	biobakery/sparseDOSSA	varyLibSize
19/04/02 04:19	ropensci/tabulizerjars	master
19/04/02 01:49	MangoTheCat/rmdshower	master
19/03/31 00:05	GuillemSalazar/EcolUtils	master
19/03/22 00:44	maRce10/warbleR	master
19/03/22 00:38	maRce10/warbleR	master
19/03/19 00:23	aukkola/FluxnetLSM	master
19/03/16 00:19	keaven/nphsim	master
19/03/12 00:22	sjmgarnier/viridis	master
19/03/08 00:23	jutako/Rtools	master
19/03/07 00:09	bbolker/betararef	master
19/03/06 00:03	ECO230/eco230r	master
19/03/05 00:46	hadley/lineprof	master
19/03/05 00:37	kassambara/factoextra	master
19/03/04 00:40	kassambara/factoextra	master
19/03/04 00:33	kassambara/factoextra	master
19/03/04 00:19	kassambara/factoextra	master
