19/04/27 17:16	clauswilke/ggjoy	master
19/04/27 17:15	clauswilke/ggjoy	master
19/04/27 16:28	maRce10/Rraven	master
19/04/27 16:27	maRce10/warbleR	master
19/04/27 16:24	tidyverse/ggplot2	master
19/04/27 16:22	rstudio/rmarkdown	master
19/04/27 16:17	kevinushey/Kmisc	master
19/04/27 16:16	kevinushey/Kmisc	master
19/04/27 16:07	kevinushey/Kmisc	master
19/04/27 15:48	clauswilke/ggjoy	master
19/04/27 15:47	clauswilke/ggjoy	master
19/04/27 15:46	clauswilke/ggjoy	master
19/04/27 15:45	jeroenooms/awk	master
19/04/27 15:14	rstudio/tensorflow	master
19/04/27 15:10	rstudio/keras	master
19/04/27 15:09	clauswilke/ggjoy	master
19/04/27 10:19	bmschmidt/wordVectors	master
19/04/27 08:07	bmschmidt/wordVectors	master
19/04/27 06:25	braverock/FinancialInstrument	master
19/04/27 06:22	sachserf/framework	master
19/04/27 01:05	strengejacke/sjPlot	master
19/04/27 01:03	strengejacke/ggeffects	master
19/04/27 01:02	strengejacke/sjstats	master
19/04/27 00:42	strengejacke/sjmisc	master
19/04/27 00:40	strengejacke/sjlabelled	master
19/04/27 00:34	zzawadz/rawk	master
19/04/27 00:32	twitter/AnomalyDetection	master
19/04/27 00:07	vijaybarve/ENMGadgets	master
19/04/27 00:06	vijaybarve/ENMGadgets	master
19/04/27 00:06	vijaybarve/ENMGadgets	master
19/04/27 00:01	vijaybarve/ENMGadgets	master
19/04/26 00:50	jeroenooms/awk	master
19/04/26 00:47	kevinushey/Kmisc	master
19/04/26 00:47	kevinushey/Kmisc	master
19/04/26 00:47	kevinushey/Kmisc	master
19/04/26 00:42	kevinushey/Kmisc	master
19/04/26 00:00	maRce10/Rraven	master
19/04/25 00:26	vqv/ggbiplot	master
19/04/25 00:02	maRce10/Rraven	master
19/04/21 00:11	rstudio/rmdexamples	master
19/04/20 00:51	talgalili/installr	master
19/04/19 00:09	Shians/Glimma	master
19/04/16 00:39	hoxo-m/magicfor	master
19/04/14 00:56	hrbrmstr/taucharts	master
19/04/14 00:42	AFIT-R/vip	master
19/04/14 00:41	vqv/ggbiplot	master
19/04/12 00:55	ECO230/eco230r	master
19/04/12 00:54	ECO230/eco230r	master
19/04/12 00:15	ECO230/eco230r	master
19/04/12 00:12	xia-lab/MetaboAnalystR	master
19/04/11 00:39	youngstreetinitiative/paths	master
19/04/10 00:30	ECO230/eco230r	master
19/04/09 00:57	dschlauch/stego	master
19/04/09 00:54	gepuro/addin4githubinstall	master
19/04/03 00:29	ECO230/eco230r	master
19/03/31 00:05	GuillemSalazar/EcolUtils	master
