19/11/15 21:53	ewenharrison/summarizer	master
19/11/15 21:53	hrbrmstr/hrbraddins	master
19/11/15 21:53	daattali/colourpicker	master
19/11/15 21:53	ThinkR-open/remedy	master
19/11/15 21:53	rstudio/shiny	master
19/11/15 21:42	davidgohel/gdtools	master
19/11/15 21:41	davidgohel/officer	master
19/11/15 21:41	davidgohel/officer	master
19/11/15 21:41	davidgohel/flextable	master
19/11/15 21:39	davidgohel/officer	master
19/11/15 21:39	davidgohel/rvg	master
19/11/15 21:36	davidgohel/ggiraph	master
19/11/15 21:35	davidgohel/gdtools	master
19/11/15 21:35	davidgohel/gdtools	master
19/11/15 21:34	davidgohel/flextable	master
19/11/15 21:32	davidgohel/officer	master
19/11/15 19:45	jcheng5/bubbles	master
19/11/15 17:36	ewenharrison/summarizer	master
19/11/15 17:36	hrbrmstr/hrbraddins	master
19/11/15 17:36	daattali/colourpicker	master
19/11/15 17:36	ThinkR-open/remedy	master
19/11/15 17:36	rstudio/shiny	master
19/11/15 17:22	ewenharrison/summarizer	master
19/11/15 17:22	hrbrmstr/hrbraddins	master
19/11/15 17:22	daattali/colourpicker	master
19/11/15 17:22	ThinkR-open/remedy	master
19/11/15 17:22	rstudio/shiny	master
19/11/15 15:44	kassambara/easyGgplot2	master
19/11/15 15:06	gertjanssenswillen/bupaR	master
19/11/15 15:06	gertjanssenswillen/bupaR	master
19/11/15 14:50	LasseHjort/cuRe	master
19/11/15 14:49	LasseHjort/cuRe	master
19/11/15 14:46	LasseHjort/cuRe	master
19/11/15 14:18	ewenharrison/summarizer	master
19/11/15 14:18	hrbrmstr/hrbraddins	master
19/11/15 14:18	daattali/colourpicker	master
19/11/15 14:18	ThinkR-open/remedy	master
19/11/15 14:18	rstudio/shiny	master
19/11/15 14:17	ewenharrison/summarizer	master
19/11/15 14:17	hrbrmstr/hrbraddins	master
19/11/15 14:17	daattali/colourpicker	master
19/11/15 14:17	ThinkR-open/remedy	master
19/11/15 14:16	rstudio/shiny	master
19/11/15 13:46	ewenharrison/summarizer	master
19/11/15 13:46	hrbrmstr/hrbraddins	master
19/11/15 13:46	daattali/colourpicker	master
19/11/15 13:46	ThinkR-open/remedy	master
19/11/15 13:46	rstudio/shiny	master
19/11/15 12:37	MobilePhoneESSnetBigData/pestim	master
19/11/15 09:14	ymattu/rjumanpp	master
19/11/15 09:13	ymattu/rjumanpp	master
19/11/15 09:02	ymattu/rjumanpp	master
19/11/15 09:01	ymattu/rjumanpp	master
19/11/15 08:53	ymattu/rjumanpp	master
19/11/15 08:43	thlytras/rspiro	master
19/11/15 00:56	att/rcloud.dcplot	master
19/11/15 00:27	TommyJones/textmineR	master
19/11/15 00:26	imadmali/stanode	master
19/11/15 00:25	dtkaplan/gitgrade	master
19/11/14 00:06	rstudio/shiny	master
19/11/14 00:03	leeshawn/SKAT	Sparse_Version
19/11/14 00:01	leeshawn/SKAT	Sparse_Version
19/10/31 00:36	yrosseel/lavaan	master
19/10/29 00:45	m-Py/minDiff	master
19/10/27 00:18	IRkernel/IRkernel	master
19/10/27 00:16	IRkernel/IRkernel	master
19/10/26 00:37	m-Py/minDiff	master
19/10/25 00:38	sjmgarnier/viridis	master
19/10/24 00:44	sjmgarnier/viridis	master
19/10/23 00:46	vqv/ggbiplot	master
19/10/16 00:03	jmbh/mgm	master
