19/09/05 13:29	Appsilon/shiny.router	master
19/09/05 13:11	twitter/AnomalyDetection	master
19/09/05 13:06	shihikoo/AutoAnnotation	master
19/09/05 12:58	berndbischl/mlr	master
19/09/05 12:20	Appsilon/shiny.router	master
19/09/05 11:51	krlmlr/ulimit	master
19/09/05 11:49	Appsilon/shiny.router	master
19/09/05 10:44	r-lib/pillar	master
19/09/05 09:25	LasseHjort/cuRe	master
19/09/05 09:22	mclements/rstpm2	develop
19/09/05 08:55	ChubingZeng/classo	master
19/09/05 08:54	StatsWithR/statsr	master
19/09/05 08:50	StatsWithR/statsr	master
19/09/05 07:15	Appsilon/shiny.router	master
19/09/05 06:26	hoxo-m/magicfor	master
19/09/05 06:11	Rapporter/pander	06c2f65797
19/09/05 04:23	ropenscilabs/tabulizer	master
19/09/05 04:23	ropensci/tabulizerjars	master
19/09/05 04:11	ropenscilabs/tabulizer	master
19/09/05 04:11	ropensci/tabulizerjars	master
19/09/05 03:45	MarkusLoew/ReadAxfBOM	master
19/09/05 03:04	OHDSI/DatabaseConnector	master
19/09/05 02:23	s-u/RJDBC	master
19/09/05 02:14	rstats-db/DBI	master
19/09/05 02:12	rstats-db/DBI	master
19/09/05 02:12	rstats-db/DBI	master
19/09/05 02:11	r-dbi/DBI	master
19/09/05 01:35	rstats-db/RMariaDB	master
19/09/05 01:28	r-dbi/DBI	master
19/08/31 00:05	krlmlr/ulimit	master
19/08/31 00:01	krlmlr/ulimit	master
19/08/30 00:22	merns/postgwas	master
19/08/22 00:40	jennybc/googlesheets	master
19/08/22 00:29	jennybc/googlesheets	master
19/08/22 00:28	jennybc/googlesheets	master
19/08/22 00:28	jennybc/googlesheets	master
19/08/22 00:28	jennybc/googlesheets	master
19/08/22 00:27	jennybc/googlesheets	master
19/08/22 00:27	jennybc/googlesheets	master
19/08/22 00:27	jennybc/googlesheets	master
19/08/12 00:07	matthewwolak/ICC	master
19/08/10 00:39	robjhyndman/MEFM-package	master
19/08/10 00:21	robjhyndman/MEFM-package	master
19/08/09 00:08	mikemeredith/wiqid	master
19/08/09 00:07	mikemeredith/wiqid	master
19/08/08 00:20	haozhu233/kableExtra	master
19/08/08 00:18	wilkelab/cowplot	master
19/08/08 00:13	Rapporter/pander	master
19/08/08 00:12	hrbrmstr/hrbrthemes	master
19/08/08 00:11	sfirke/janitor	master
19/08/08 00:10	hadley/reshape	master
19/08/08 00:09	tidyverse/lubridate	master
19/08/08 00:08	karthik/wesanderson	master
19/08/08 00:07	tidyverse/tidyverse	master
