19/06/10 11:41	vqv/ggbiplot	master
19/06/10 10:59	rstudio/shinydashboard	master
19/06/10 10:31	danheck/metaBMA	master
19/06/10 09:52	GuangchuangYu/ggtree	master
19/06/10 09:52	ropenscilabs/spplist	master
19/06/10 09:51	alecri/hetmeta	master
19/06/10 09:51	briatte/tidykml	master
19/06/10 09:50	GuangchuangYu/ggtree	master
19/06/10 09:50	kciomek/hasseDiagram	master
19/06/10 09:49	timcdlucas/INLAutils	master
19/06/10 09:49	muschellij2/dhs	master
19/06/10 09:48	dfeehan/dhstools	master
19/06/10 09:47	Artjom-Metro/tidygenomics	master
19/06/10 09:45	twitter/AnomalyDetection	master
19/06/10 05:31	benjamin-merkel/probGLS	master
19/06/10 02:06	ujjwalkarn/xda	master
19/06/06 00:17	mdjbru-R-packages/thermPerf	master
19/06/05 00:40	robjhyndman/MEFM-package	master
19/05/31 00:32	ewenharrison/summarizer	master
19/05/25 00:57	duthedd/ggplot2	master
19/05/22 00:58	USGS-R/smwrData	master
19/05/21 00:35	strengejacke/sjPlot	master
19/05/18 00:51	thomasp85/patchwork	master
19/05/18 00:50	abresler/nbastatR	master
19/05/18 00:49	hrbrmstr/adobecolor	master
19/05/18 00:48	hrbrmstr/adobecolor	master
19/05/18 00:45	hadley/lobstr	master
19/05/18 00:44	swihart/aaroseplot	master
19/05/18 00:42	MilesMcBain/gistfo	master
19/05/18 00:42	ricardo-bion/ggradar	master
19/05/18 00:41	krlmlr/fstplyr	master
19/05/18 00:41	kirillseva/explain	master
19/05/18 00:41	hadley/emo	master
19/05/18 00:41	EdwinTh/dutchmasters	master
19/05/18 00:41	dgrtwo/drlib	master
19/05/18 00:40	brandmaier/deconstructR	master
19/05/17 00:33	ropensci/tabulizer	master
19/05/17 00:33	ropensci/tabulizerjars	master
19/05/11 00:30	hyunyulhenry/HenryQuant	master
