19/01/12 15:46	RemkoDuursma/bootpredictlme4	master
19/01/12 15:20	gavinsimpson/ggvegan	master
19/01/12 15:20	jackwasey/icd	master
19/01/12 15:15	jackwasey/icd	master
19/01/12 13:52	ropensci/dashboard	master
19/01/12 13:12	craddm/eegUtils	master
19/01/12 13:06	craddm/eegUtils	master
19/01/12 12:35	tdeenes/eegR	master
19/01/12 05:12	google/GeoexperimentsResearch	master
19/01/12 01:03	hoxo-m/magicfor	master
19/01/12 00:44	hoxo-m/magicfor	master
19/01/11 00:44	vqv/ggbiplot	master
19/01/11 00:43	vqv/ggbiplot	master
19/01/10 00:56	hadley/precis	master
19/01/10 00:29	doomlab/MOTE	master
19/01/09 00:44	krlmlr/ulimit	master
19/01/09 00:44	Ossifragus/OSMAC	master
19/01/08 00:52	krlmlr/ulimit	master
19/01/08 00:49	Ossifragus/OSMAC	master
19/01/08 00:19	zdk123/SpiecEasi	master
19/01/06 00:36	hadley/precis	master
19/01/06 00:34	hadley/precis	master
19/01/03 00:14	google/GeoexperimentsResearch	master
18/12/23 00:49	andreaskiermeier/AcceptanceSampling	master
18/12/23 00:48	emilopezcano/SixSigma	master
18/12/20 00:19	jeanmarielepioufle/rabarbRa	master
18/12/17 00:13	hadley/readxl	master
18/12/13 00:35	ebuhle/salmonIPM	master
