19/10/24 12:34	sjmgarnier/viridis	master
19/10/24 12:12	davidgohel/rvg	master
19/10/24 12:10	davidgohel/ggiraph	master
19/10/24 12:08	davidgohel/gdtools	master
19/10/24 12:06	davidgohel/flextable	master
19/10/24 12:05	davidgohel/officer	master
19/10/24 10:30	microbiome/microbiome	master
19/10/24 10:09	JARS3N/git	master
19/10/24 07:58	sjmgarnier/viridis	master
19/10/24 05:39	sjmgarnier/viridis	master
19/10/24 01:53	sjmgarnier/viridis	master
19/10/24 01:11	jmzeng1314/humanid	master
19/10/24 00:44	sjmgarnier/viridis	master
19/10/23 00:46	vqv/ggbiplot	master
19/10/16 00:03	jmbh/mgm	master
19/10/14 00:56	adamlilith/omnibus	master
19/10/12 00:53	velocyto-team/velocyto.R	master
19/10/10 00:11	Ram-N/weatherData	master
19/10/10 00:09	mariavica/mircomb	master
19/10/10 00:02	mccallm/miRcomp	master
19/10/09 00:23	hadley/ggplot2	49619b7
19/10/05 00:47	ramnathv/rCharts	master
19/10/04 00:27	ECO230/eco230r	master
19/10/04 00:00	ECO230/eco230r	master
19/10/04 00:00	ECO230/eco230r	master
19/09/25 00:33	pjnewcombe/Pmisc	master
