19/04/03 21:28	sckott/analogsea	master
19/04/03 21:22	danlwarren/ENMTools	develop
19/04/03 19:56	hadley/devtools	master
19/04/03 19:25	sailthru/tidyjson	master
19/04/03 19:09	vqv/ggbiplot	master
19/04/03 18:47	SMAC-Group/imudata	master
19/04/03 18:47	vqv/ggbiplot	master
19/04/03 18:37	vqv/ggbiplot	master
19/04/03 18:11	rmcelreath/rethinking	master
19/04/03 18:07	zdealveindy/weimea	master
19/04/03 17:53	zdealveindy/weimea	master
19/04/03 17:30	dgrtwo/drlib	master
19/04/03 17:30	SMAC-Group/gmwm	master
19/04/03 17:24	tidyverse/tidyr	master
19/04/03 17:16	rmcelreath/rethinking	master
19/04/03 15:59	strengejacke/sjstats	master
19/04/03 15:58	strengejacke/sjPlot	master
19/04/03 15:51	strengejacke/sjPlot	master
19/04/03 15:36	strengejacke/sjPlot	master
19/04/03 15:27	strengejacke/sjPlot	master
19/04/03 14:46	talgalili/installr	master
19/04/03 14:25	leeper/rite	master
19/04/03 14:24	hadley/readxl	master
19/04/03 14:22	yrosseel/lavaan	master
19/04/03 14:22	frenchja/psych	master
19/04/03 14:21	gvarunkumar/plotly	master
19/04/03 14:19	rstudio/rmarkdown	master
19/04/03 14:18	yihui/knitr	master
19/04/03 14:18	haozhu233/kableExtra	master
19/04/03 14:17	twitter/AnomalyDetection	master
19/04/03 14:16	tidyverse/tidyverse	master
19/04/03 14:14	ECO230/eco230r	master
19/04/03 14:11	twitter/AnomalyDetection	master
19/04/03 14:09	tidyverse/tidyverse	master
19/04/03 14:09	ECO230/eco230r	master
19/04/03 14:04	ECO230/eco230r	master
19/04/03 14:02	ECO230/eco230r	master
19/04/03 14:00	ECO230/eco230r	master
19/04/03 13:56	ECO230/eco230r	master
19/04/03 13:53	ECO230/eco230r	master
19/04/03 13:49	ECO230/eco230r	master
19/04/03 13:43	ECO230/eco230r	master
19/04/03 13:37	ECO230/eco230r	master
19/04/03 13:20	ECO230/eco230r	master
19/04/03 13:16	ECO230/eco230r	master
19/04/03 11:28	cvborkulo/NetworkComparisonTest	master
19/04/03 10:44	twitter/AnomalyDetection	master
19/04/03 10:08	Microsoft/deployrUtils	master
19/04/03 10:07	ggrothendieck/gsubfn	master
19/04/03 08:36	gastonstat/arcdiagram	master
19/04/03 08:35	gastonstat/arcdiagram	master
19/04/03 07:17	SWotherspoon/BAStag	master
19/04/03 07:15	SWotherspoon/SGAT	master
19/04/03 06:20	gavinha/TitanCNA	master
19/04/03 04:24	vqv/ggbiplot	master
19/04/03 03:23	swager/randomForestCI	master
19/04/03 03:11	swager/causalForest	master
19/04/03 02:04	gavinha/TitanCNA	master
