19/06/02 15:48	sassoftware/R-swat	vb015
19/06/02 15:46	sassoftware/R-swat	15
19/06/02 15:25	r-lib/remotes	master
19/06/02 15:25	r-lib/remotes	master
19/06/02 15:19	sassoftware/R-swat	master
19/06/02 13:20	arcaravaggi/remBoot	master
19/06/02 12:37	sagargupta10/credit_metrics	master
19/06/02 12:28	fawda123/ggord	master
19/06/02 12:27	fawda123/ggord	master
19/06/02 11:10	rafalab/dslabs	master
19/06/02 10:05	benskov/humapr	master
19/06/02 09:57	YTLogos/ggmap	master
19/06/02 09:55	PhilippPro/vimp	master
19/06/02 09:50	Lchiffon/REmap	master
19/06/02 09:48	John-R-Wallace/Imap	master
19/06/02 09:47	Hackout2/epimap	master
19/06/02 07:13	sagargupta10/credit_metrics	master
19/06/02 06:59	sagargupta10/credit_metrics	master
19/06/02 05:52	robjhyndman/MEFM-package	master
19/06/02 05:49	robjhyndman/MEFM-package	master
19/06/02 05:48	robjhyndman/MEFM-package	master
19/06/02 05:13	robjhyndman/MEFM-package	master
19/06/02 04:08	liamrevell/phytools	master
19/06/02 02:14	edgararuiz/dbplot	master
19/06/02 01:44	MUSC-CGM/miRMapper	master
19/05/31 00:32	ewenharrison/summarizer	master
19/05/25 00:57	duthedd/ggplot2	master
19/05/22 00:58	USGS-R/smwrData	master
19/05/21 00:35	strengejacke/sjPlot	master
19/05/18 00:51	thomasp85/patchwork	master
19/05/18 00:50	abresler/nbastatR	master
19/05/18 00:49	hrbrmstr/adobecolor	master
19/05/18 00:48	hrbrmstr/adobecolor	master
19/05/18 00:45	hadley/lobstr	master
19/05/18 00:44	swihart/aaroseplot	master
19/05/18 00:42	MilesMcBain/gistfo	master
19/05/18 00:42	ricardo-bion/ggradar	master
19/05/18 00:41	krlmlr/fstplyr	master
19/05/18 00:41	kirillseva/explain	master
19/05/18 00:41	hadley/emo	master
19/05/18 00:41	EdwinTh/dutchmasters	master
19/05/18 00:41	dgrtwo/drlib	master
19/05/18 00:40	brandmaier/deconstructR	master
19/05/17 00:33	ropensci/tabulizer	master
19/05/17 00:33	ropensci/tabulizerjars	master
19/05/11 00:30	hyunyulhenry/HenryQuant	master
19/05/09 00:52	bayesball/BApredict	master
19/05/09 00:51	bayesball/BApredict	master
19/05/09 00:48	bquast/RDDtools	master
19/05/09 00:48	bquast/RDDtools	master
19/05/09 00:41	bquast/RDDtools	master
19/05/09 00:35	haleyeidem/integRATE	master
19/05/07 00:40	robjhyndman/MEFM-package	master
19/05/07 00:35	robjhyndman/MEFM-package	master
19/05/06 00:27	mpadge/tnorm	master
