19/07/03 16:28	raredd/cmprsk2	master
19/07/03 16:25	raredd/cmprsk2	master
19/07/03 15:42	metagraf/sparkle	master
19/07/03 15:24	raredd/cmprsk2	master
19/07/03 14:59	raredd/cmprsk2	master
19/07/03 14:50	bgreenwell/mertree	master
19/07/03 14:29	davidgohel/ReporteRs	master
19/07/03 14:26	raredd/cmprsk2	master
19/07/03 14:01	raredd/cmprsk2	master
19/07/03 13:33	hrbrmstr/waffle	master
19/07/03 13:29	hrbrmstr/waffle	master
19/07/03 09:56	thomasp85/lime	master
19/07/03 09:54	thomasp85/lime	master
19/07/03 07:05	vqv/ggbiplot	master
19/07/03 07:00	aravind-j/augmentedRCBD	master
19/07/03 06:59	aravind-j/augmentedRCBD	master
19/07/03 04:22	ngort01/fuzzyMM	master
19/07/03 01:43	hrbrmstr/uaparserjs	master
19/07/03 00:07	tidyverse/googlesheets4	master
19/07/02 00:42	hrbrmstr/albersusa	master
19/06/28 00:06	AppliedDataSciencePartners/xgboostExplainer	master
19/06/28 00:06	AppliedDataSciencePartners/xgboostExplainer	master
19/06/14 00:43	robjhyndman/MEFM-package	master
19/06/13 00:17	JinmiaoChenLab/cytofkit	master
19/06/06 00:17	mdjbru-R-packages/thermPerf	master
19/06/05 00:40	robjhyndman/MEFM-package	master
