19/02/12 19:33	mguevara/diverse	master
19/02/12 19:25	mguevara/diverse	master
19/02/12 19:09	maRce10/warbleR	master
19/02/12 18:34	vqv/ggbiplot	master
19/02/12 16:43	ccolonescu/PoEdata	master
19/02/12 16:42	ccolonescu/PoEdata	master
19/02/12 16:41	ccolonescu/PoEdata	master
19/02/12 14:54	fawda123/ggord	master
19/02/12 14:19	strengejacke/sjlabelled	master
19/02/12 14:07	hrbrmstr/taucharts	master
19/02/12 13:56	ToxStrategies/biteR	master
19/02/12 13:22	strengejacke/sjlabelled	master
19/02/12 12:21	ccolonescu/PoEdata	master
19/02/12 11:43	aertslab/SCENIC	2dc6b5f3530d82cd31cbd6d996e7628ed814031c
19/02/12 10:54	ccolonescu/PoEdata	master
19/02/12 10:31	ErasmusOIC/SMoLR	master
19/02/12 10:28	ErasmusOIC/SMoLR	master
19/02/12 10:27	ErasmusOIC/SMoLR	master
19/02/12 10:26	dirkschumacher/rcbc	master
19/02/12 10:24	ErasmusOIC/SMoLR	master
19/02/12 10:21	ErasmusOIC/SMoLR	master
19/02/12 10:18	ErasmusOIC/SMoLR	master
19/02/12 09:23	aertslab/SCENIC	2dc6b5f3530d82cd31cbd6d996e7628ed814031c
19/02/12 08:58	ccolonescu/PoEdata	master
19/02/12 06:32	topepo/parsnip	master
19/02/12 06:07	hadley/rlang	master
19/02/12 03:50	NCRN/npscv	master
19/02/12 03:41	prestevez/crimeineq	master
19/02/12 03:38	vqv/ggbiplot	master
19/02/12 02:52	jrosen48/tidyLPA	master
19/02/12 02:51	jrosen48/tidyLPA	master
19/02/12 02:51	jrosen48/tidyLPA	master
19/02/12 02:50	jrosen48/tidyLPA	master
