19/01/24 20:39	strengejacke/sjPlot	master
19/01/24 19:29	erlisR/iLaplace	master
19/01/24 17:30	waldronlab/curatedMetagenomicData	master
19/01/24 17:18	xuyiqing/gsynth	master
19/01/24 17:17	hrbrmstr/taucharts	master
19/01/24 17:05	skgrange/threadr	master
19/01/24 17:03	lbartnik/storage	master
19/01/24 17:02	skgrange/threadr	master
19/01/24 17:02	skgrange/threadr	master
19/01/24 17:01	skgrange/threadr	master
19/01/24 17:01	lbartnik/thread	master
19/01/24 16:57	lbartnik/thread	master
19/01/24 16:57	skgrange/threadr	master
19/01/24 16:56	skgrange/threadr	master
19/01/24 16:56	welovedatascience/stranger	master
19/01/24 16:54	hafen/trelliscopejs	master
19/01/24 15:39	AshwinAgrawal16/BiodiversityGSoC17	master
19/01/24 15:25	kenhanscombe/ukbtools	master
19/01/24 12:41	hrbrmstr/taucharts	master
19/01/24 10:47	hadley/devtools	master
19/01/24 10:38	braverock/PerformanceAnalytics	master
19/01/24 09:24	drizopoulos/JMbayes	master
19/01/24 09:21	daattali/shinyjs	master
19/01/24 07:37	vqv/ggbiplot	master
19/01/24 05:27	arunsrinivasan/flights	master
19/01/24 05:24	arunsrinivasan/flights	master
19/01/24 05:17	aaronwolen/biolink	master
19/01/24 03:12	hrbrmstr/markdowntemplates	master
19/01/24 03:10	robjhyndman/MEFM-package	master
