19/09/09 12:40	drizopoulos/JMbayes	master
19/09/09 11:44	StatsWithR/statsr	master
19/09/09 11:33	Appsilon/shiny.router	master
19/09/09 11:28	drizopoulos/JMbayes	master
19/09/09 11:01	Appsilon/shiny.router	master
19/09/09 10:49	mplex/multiplex	beta
19/09/09 10:30	Appsilon/shiny.router	master
19/09/09 07:46	Appsilon/shiny.router	master
19/09/09 07:14	Appsilon/shiny.router	master
19/09/09 06:42	Appsilon/shiny.router	master
19/09/09 06:07	Rapporter/pander	06c2f65797
19/09/09 06:00	Appsilon/shiny.router	master
19/09/09 06:00	StatsWithR/statsr	master
19/08/31 00:05	krlmlr/ulimit	master
19/08/31 00:01	krlmlr/ulimit	master
19/08/30 00:22	merns/postgwas	master
19/08/22 00:40	jennybc/googlesheets	master
19/08/22 00:29	jennybc/googlesheets	master
19/08/22 00:28	jennybc/googlesheets	master
19/08/22 00:28	jennybc/googlesheets	master
19/08/22 00:28	jennybc/googlesheets	master
19/08/22 00:27	jennybc/googlesheets	master
19/08/22 00:27	jennybc/googlesheets	master
19/08/22 00:27	jennybc/googlesheets	master
19/08/12 00:07	matthewwolak/ICC	master
19/08/10 00:39	robjhyndman/MEFM-package	master
19/08/10 00:21	robjhyndman/MEFM-package	master
