19/11/23 01:03	ThinkR-open/remedy	master
19/11/22 00:51	maRce10/warbleR	master
19/11/21 00:44	ewenharrison/summarizer	master
19/11/21 00:44	hrbrmstr/hrbraddins	master
19/11/21 00:44	daattali/colourpicker	master
19/11/21 00:44	ThinkR-open/remedy	master
19/11/21 00:44	rstudio/shiny	master
19/11/21 00:41	pmartinezarbizu/RFtools	master
19/11/21 00:40	pmartinezarbizu/RFtools	master
19/11/20 00:51	sjmgarnier/viridis	master
19/11/18 00:10	kassambara/ggpubr	master
19/11/15 00:56	att/rcloud.dcplot	master
19/11/15 00:27	TommyJones/textmineR	master
19/11/15 00:26	imadmali/stanode	master
19/11/15 00:25	dtkaplan/gitgrade	master
19/11/14 00:06	rstudio/shiny	master
19/11/14 00:03	leeshawn/SKAT	Sparse_Version
19/11/14 00:01	leeshawn/SKAT	Sparse_Version
19/10/31 00:36	yrosseel/lavaan	master
19/10/29 00:45	m-Py/minDiff	master
19/10/27 00:18	IRkernel/IRkernel	master
19/10/27 00:16	IRkernel/IRkernel	master
19/10/26 00:37	m-Py/minDiff	master
19/10/25 00:38	sjmgarnier/viridis	master
19/10/24 00:44	sjmgarnier/viridis	master
