19/03/08 21:23	vqv/ggbiplot	master
19/03/08 18:52	trestletech/shinyAce	master
19/03/08 18:47	hadley/tidyverse	master
19/03/08 18:46	topepo/parsnip	master
19/03/08 18:43	hoxo-m/githubinstall	master
19/03/08 18:42	hoxo-m/githubinstall	master
19/03/08 18:41	talgalili/installr	master
19/03/08 18:34	cole-brokamp/rize	master
19/03/08 18:29	HenrikBengtsson/R.utils	master
19/03/08 18:25	HenrikBengtsson/R.utils	master
19/03/08 18:21	jpmml/r2pmml	master
19/03/08 18:13	hadley/tidyverse	master
19/03/08 18:09	hoxo-m/githubinstall	master
19/03/08 18:04	ccolonescu/PoEdata	master
19/03/08 17:51	ccolonescu/PoEdata	master
19/03/08 17:49	ccolonescu/PoEdata	master
19/03/08 17:49	ccolonescu/PoEdata	master
19/03/08 17:48	ccolonescu/PoEdata	master
19/03/08 17:48	ccolonescu/PoEdata	master
19/03/08 17:48	ccolonescu/PoEdata	master
19/03/08 17:48	ccolonescu/PoEdata	master
19/03/08 17:48	ccolonescu/PoEdata	master
19/03/08 17:37	rstudio/shinythemes	master
19/03/08 17:37	trestletech/shinyAce	master
19/03/08 17:37	rstudio/shiny	master
19/03/08 17:31	hafen/trelliscopejs	master
19/03/08 16:40	ccolonescu/PoEdata	master
19/03/08 16:18	ccolonescu/PoEdata	master
19/03/08 16:14	ccolonescu/PoEdata	master
19/03/08 16:13	ccolonescu/PoEdata	master
19/03/08 16:12	ccolonescu/PoEdata	master
19/03/08 16:12	ccolonescu/PoEdata	master
19/03/08 16:12	ccolonescu/PoEdata	master
19/03/08 16:12	ccolonescu/PoEdata	master
19/03/08 16:11	ccolonescu/PoEdata	master
19/03/08 15:57	USGS-R/dataRetrieval	master
19/03/08 15:17	clauswilke/colorblindr	master
19/03/08 15:10	hoxo-m/magicfor	master
19/03/08 15:10	hoxo-m/magicfor	master
19/03/08 14:24	crsh/papaja	master
19/03/08 13:54	dgrtwo/rparse	master
19/03/08 13:36	dgrtwo/rparse	master
19/03/08 13:17	ccolonescu/PoEdata	master
19/03/08 13:15	ccolonescu/PoEdata	master
19/03/08 12:58	NicolasJBM/grpcomp	master
19/03/08 12:56	NicolasJBM/grpcomp	master
19/03/08 12:55	NicolasJBM/grpcomp	master
19/03/08 12:55	ccolonescu/PoEdata	master
19/03/08 12:54	ccolonescu/PoEdata	master
19/03/08 12:54	ccolonescu/PoEdata	master
19/03/08 12:47	ccolonescu/PoEdata	master
19/03/08 12:22	NicolasJBM/grpcomp	master
19/03/08 11:25	ccolonescu/PoEdata	master
19/03/08 10:59	twitter/AnomalyDetection	master
19/03/08 10:35	hoxo-m/magicfor	master
19/03/08 09:21	ccolonescu/PoEdata	master
19/03/08 08:20	thomasp85/ggraph	master
19/03/08 08:12	ccolonescu/PoEdata	master
19/03/08 07:48	ccolonescu/PoEdata	master
19/03/08 07:48	ccolonescu/PoEdata	master
19/03/08 04:33	vqv/ggbiplot	master
19/03/08 03:09	hadley/l1tf	master
19/03/08 03:07	road2stat/liftr	master
19/03/08 01:58	hrbrmstr/taucharts	master
19/03/08 00:23	jutako/Rtools	master
19/03/07 00:09	bbolker/betararef	master
19/03/06 00:03	ECO230/eco230r	master
19/03/05 00:46	hadley/lineprof	master
19/03/05 00:37	kassambara/factoextra	master
19/03/04 00:40	kassambara/factoextra	master
19/03/04 00:33	kassambara/factoextra	master
19/03/04 00:19	kassambara/factoextra	master
19/02/28 00:17	hadley/l1tf	master
19/02/25 00:33	gastonstat/colortools	master
19/02/22 00:42	klarsen1/Information	master
19/02/22 00:38	rdisalv2/dismisc	master
19/02/22 00:21	hfgolino/EGA	master
19/02/20 00:14	jbisanz/MicrobeR	master
19/02/20 00:14	jbisanz/MicrobeR	master
19/02/20 00:04	yihui/tinytex	master
19/02/20 00:03	maRce10/warbleR	master
19/02/19 00:38	ymattu/MlBayesOpt	master
19/02/16 00:46	kbroman/ricalc	master
19/02/15 00:38	ropensci/tabulizer	master
19/02/15 00:38	ropensci/tabulizerjars	master
19/02/15 00:29	ropensci/tabulizer	master
19/02/15 00:29	ropensci/tabulizerjars	master
19/02/15 00:16	Logiwo/tabulizer	master
19/02/15 00:16	leeper/tabulizerjars	master
19/02/15 00:15	ropenscilabs/tabulizer	master
19/02/15 00:15	ropensci/tabulizerjars	master
19/02/15 00:13	ropensci/tabulizer	master
19/02/15 00:13	ropensci/tabulizerjars	master
19/02/15 00:11	ropensci/tabulizerjars	master
19/02/15 00:05	ropensci/tabulizer	master
19/02/15 00:05	ropensci/tabulizerjars	master
19/02/15 00:04	Logiwo/tabulizer	master
19/02/15 00:04	ropensci/tabulizerjars	master
19/02/13 00:54	strengejacke/sjPlot	master
19/02/10 00:40	twitter/BreakoutDetection	master
19/02/09 00:16	jrdnmdhl/reconIPD	master
19/02/09 00:15	jrdnmdhl/reconIPD	master
