19/04/17 19:48	yrosseel/lavaan	master
19/04/17 18:24	yixuan/fontemoji	master
19/04/17 18:23	JahNorr/mortRecode	master
19/04/17 18:18	swish-climate-impact-assessment/rpostgrestools	master
19/04/17 17:37	rstudio/keras	master
19/04/17 17:36	rstudio/tensorflow	master
19/04/17 16:55	maRce10/Rraven	master
19/04/17 16:40	maRce10/warbleR	master
19/04/17 15:09	microbiome/microbiome	master
19/04/17 14:05	richfitz/approximate	master
19/04/17 13:31	swager/randomForestCI	master
19/04/17 13:13	swager/causalForest	master
19/04/17 12:22	talgalili/installr	master
19/04/17 12:21	talgalili/installr	master
19/04/17 12:20	talgalili/installr	master
19/04/17 11:00	ccolonescu/PoEdata	master
19/04/17 10:04	fcbarbi/ardl	master
19/04/17 09:54	cszang/bootRes	master
19/04/17 09:53	VitorAguiar/biostats	master
19/04/17 09:50	fjukstad/boots	master
19/04/17 09:49	cszang/bootRes	master
19/04/17 09:49	VitorAguiar/biostats	master
19/04/17 08:46	Appsilon/shiny.router	master
19/04/17 07:48	Appsilon/shiny.router	master
19/04/17 07:44	lozalojo/mem	master
19/04/17 07:18	Appsilon/shiny.router	master
19/04/17 06:47	Appsilon/shiny.router	master
19/04/17 06:21	maRce10/Rraven	master
19/04/17 06:16	twitter/AnomalyDetection	master
19/04/17 06:10	vqv/ggbiplot	master
19/04/17 04:11	mzager/R	master
19/04/17 02:32	jimhester/lookup	master
19/04/17 02:16	hrbrmstr/taucharts	master
19/04/16 00:39	hoxo-m/magicfor	master
19/04/14 00:56	hrbrmstr/taucharts	master
19/04/14 00:42	AFIT-R/vip	master
19/04/14 00:41	vqv/ggbiplot	master
19/04/12 00:55	ECO230/eco230r	master
19/04/12 00:54	ECO230/eco230r	master
19/04/12 00:15	ECO230/eco230r	master
19/04/12 00:12	xia-lab/MetaboAnalystR	master
19/04/11 00:39	youngstreetinitiative/paths	master
19/04/10 00:30	ECO230/eco230r	master
19/04/09 00:57	dschlauch/stego	master
19/04/09 00:54	gepuro/addin4githubinstall	master
19/04/03 00:29	ECO230/eco230r	master
19/03/31 00:05	GuillemSalazar/EcolUtils	master
19/03/22 00:44	maRce10/warbleR	master
19/03/22 00:38	maRce10/warbleR	master
19/03/19 00:23	aukkola/FluxnetLSM	master
