19/06/18 10:44	dgrtwo/drlib	master
19/06/18 10:42	peterhurford/handlr	master
19/06/18 10:24	vqv/ggbiplot	master
19/06/18 09:57	thierrygosselin/radiator	master
19/06/18 09:54	aertslab/RcisTarget	master
19/06/18 09:51	aertslab/RcisTarget	master
19/06/18 09:49	aertslab/RcisTarget	master
19/06/18 09:38	aertslab/RcisTarget	master
19/06/18 09:36	dreamRs/addinit	master
19/06/18 08:26	zji90/TSCAN	master
19/06/18 04:35	Appsilon/shiny.router	master
19/06/18 04:20	robjhyndman/MEFM-package	master
19/06/18 04:17	robjhyndman/MEFM-package	master
19/06/18 04:05	Appsilon/shiny.router	master
19/06/18 03:12	grady/evol-mc	master
19/06/18 03:05	rstudio/tfdeploy	master
19/06/18 02:57	yinscapital/echarts-shiny-reference	master
19/06/18 02:57	yinscapital/searchConsoleR-reference	master
19/06/18 02:55	zeehio/condformat	master
19/06/18 02:16	pschulam-attic/trajclust	master
19/06/18 02:07	mtennekes/tmap	master
19/06/18 01:47	XanderHorn/visualizeR	master
19/06/18 01:47	XanderHorn/visualizeR	master
19/06/14 00:43	robjhyndman/MEFM-package	master
19/06/13 00:17	JinmiaoChenLab/cytofkit	master
19/06/06 00:17	mdjbru-R-packages/thermPerf	master
19/06/05 00:40	robjhyndman/MEFM-package	master
19/05/31 00:32	ewenharrison/summarizer	master
19/05/25 00:57	duthedd/ggplot2	master
19/05/22 00:58	USGS-R/smwrData	master
19/05/21 00:35	strengejacke/sjPlot	master
