19/06/05 19:25	hadley/gtable	master
19/06/05 19:25	MadsAlbertsen/ampvis	master
19/06/05 19:21	joey711/phyloseq	master
19/06/05 19:00	ttnsdcn/forecast-package	master
19/06/05 18:35	hadley/gtable	master
19/06/05 18:35	MadsAlbertsen/ampvis	master
19/06/05 18:33	joey711/phyloseq	master
19/06/05 18:29	neurodata/lol	master
19/06/05 18:28	vqv/ggbiplot	master
19/06/05 18:26	hadley/gtable	master
19/06/05 18:25	MadsAlbertsen/ampvis	master
19/06/05 18:23	joey711/phyloseq	master
19/06/05 18:16	vqv/ggbiplot	master
19/06/05 18:13	joey711/phyloseq	master
19/06/05 18:09	joey711/phyloseq	master
19/06/05 18:02	joey711/phyloseq	master
19/06/05 18:00	joey711/phyloseq	master
19/06/05 17:58	joey711/phyloseq	master
19/06/05 17:37	gkobeaga/opentraffic-r	master
19/06/05 16:04	DataScienceUWL/DS705data	master
19/06/05 15:47	twitter/AnomalyDetection	master
19/06/05 12:57	thlytras/rspiro	master
19/06/05 12:51	jm3594/crtpower	master
19/06/05 09:31	hemberg-lab/scmap	master
19/06/05 08:19	strengejacke/sjPlot	master
19/06/05 08:17	prcwiek/pmetar	master
19/06/05 08:15	prcwiek/pmetar	master
19/06/05 08:14	prcwiek/pmetar	master
19/06/05 07:15	rstudio/config	master
19/06/05 07:01	vqv/ggbiplot	master
19/06/05 05:36	vqv/ggbiplot	master
19/06/05 03:06	ymattu/rjumanpp	master
19/06/05 00:40	robjhyndman/MEFM-package	master
19/05/31 00:32	ewenharrison/summarizer	master
19/05/25 00:57	duthedd/ggplot2	master
19/05/22 00:58	USGS-R/smwrData	master
19/05/21 00:35	strengejacke/sjPlot	master
19/05/18 00:51	thomasp85/patchwork	master
19/05/18 00:50	abresler/nbastatR	master
19/05/18 00:49	hrbrmstr/adobecolor	master
19/05/18 00:48	hrbrmstr/adobecolor	master
19/05/18 00:45	hadley/lobstr	master
19/05/18 00:44	swihart/aaroseplot	master
19/05/18 00:42	MilesMcBain/gistfo	master
19/05/18 00:42	ricardo-bion/ggradar	master
19/05/18 00:41	krlmlr/fstplyr	master
19/05/18 00:41	kirillseva/explain	master
19/05/18 00:41	hadley/emo	master
19/05/18 00:41	EdwinTh/dutchmasters	master
19/05/18 00:41	dgrtwo/drlib	master
19/05/18 00:40	brandmaier/deconstructR	master
19/05/17 00:33	ropensci/tabulizer	master
19/05/17 00:33	ropensci/tabulizerjars	master
19/05/11 00:30	hyunyulhenry/HenryQuant	master
19/05/09 00:52	bayesball/BApredict	master
19/05/09 00:51	bayesball/BApredict	master
19/05/09 00:48	bquast/RDDtools	master
19/05/09 00:48	bquast/RDDtools	master
19/05/09 00:41	bquast/RDDtools	master
19/05/09 00:35	haleyeidem/integRATE	master
19/05/07 00:40	robjhyndman/MEFM-package	master
19/05/07 00:35	robjhyndman/MEFM-package	master
19/05/06 00:27	mpadge/tnorm	master
