19/05/10 20:25	mkearney/nytimes	master
19/05/10 20:05	ahornero/rsensing	master
19/05/10 19:57	smccord/terradactyl	master
19/05/10 19:55	smccord/terradactyl	master
19/05/10 19:53	smccord/terradactyl	master
19/05/10 19:47	smccord/terradactyl	master
19/05/10 19:28	smccord/terradactyl	master
19/05/10 19:24	smccord/terradactyl	master
19/05/10 16:56	smccord/terradactyl	master
19/05/10 16:55	smccord/terradactyl	master
19/05/10 16:19	Frostarella/DSUR.noof	master
19/05/10 15:25	arilamstein/choroplethrZip	v1.3.0
19/05/10 14:37	USGS-R/smwrQW	master
19/05/10 14:35	USGS-R/smwrStats	master
19/05/10 13:05	jrdnmdhl/reconIPD	master
19/05/10 13:04	jrdnmdhl/reconIPD	master
19/05/10 11:16	michaelway/ggkm	master
19/05/10 10:35	vqv/ggbiplot	master
19/05/10 08:39	ujjwalkarn/xda	master
19/05/10 07:26	Appsilon/shiny.router	master
19/05/10 05:17	PranaGeo/Spectral	master
19/05/10 05:15	twitter/AnomalyDetection	master
19/05/10 02:42	vqv/ggbiplot	master
19/05/10 01:33	rstudio/tensorflow	master
19/05/10 01:33	aertslab/SCENIC	master
19/05/10 01:30	rstudio/keras	master
19/05/09 00:52	bayesball/BApredict	master
19/05/09 00:51	bayesball/BApredict	master
19/05/09 00:48	bquast/RDDtools	master
19/05/09 00:48	bquast/RDDtools	master
19/05/09 00:41	bquast/RDDtools	master
19/05/09 00:35	haleyeidem/integRATE	master
19/05/07 00:40	robjhyndman/MEFM-package	master
19/05/07 00:35	robjhyndman/MEFM-package	master
19/05/06 00:27	mpadge/tnorm	master
19/05/02 00:25	ujjwalkarn/xda	master
19/05/01 00:49	ropensci/tabulizer	master
19/05/01 00:49	ropensci/tabulizerjars	master
19/04/28 00:46	AybarCL/Dorado	master
19/04/27 00:42	strengejacke/sjmisc	master
19/04/27 00:40	strengejacke/sjlabelled	master
19/04/27 00:34	zzawadz/rawk	master
19/04/27 00:32	twitter/AnomalyDetection	master
19/04/27 00:07	vijaybarve/ENMGadgets	master
19/04/27 00:06	vijaybarve/ENMGadgets	master
19/04/27 00:06	vijaybarve/ENMGadgets	master
19/04/27 00:01	vijaybarve/ENMGadgets	master
19/04/26 00:50	jeroenooms/awk	master
19/04/26 00:47	kevinushey/Kmisc	master
19/04/26 00:47	kevinushey/Kmisc	master
19/04/26 00:47	kevinushey/Kmisc	master
19/04/26 00:42	kevinushey/Kmisc	master
19/04/26 00:00	maRce10/Rraven	master
19/04/25 00:26	vqv/ggbiplot	master
19/04/25 00:02	maRce10/Rraven	master
19/04/21 00:11	rstudio/rmdexamples	master
19/04/20 00:51	talgalili/installr	master
19/04/19 00:09	Shians/Glimma	master
19/04/16 00:39	hoxo-m/magicfor	master
19/04/14 00:56	hrbrmstr/taucharts	master
19/04/14 00:42	AFIT-R/vip	master
19/04/14 00:41	vqv/ggbiplot	master
19/04/12 00:55	ECO230/eco230r	master
19/04/12 00:54	ECO230/eco230r	master
19/04/12 00:15	ECO230/eco230r	master
19/04/12 00:12	xia-lab/MetaboAnalystR	master
19/04/11 00:39	youngstreetinitiative/paths	master
19/04/10 00:30	ECO230/eco230r	master
