19/06/08 15:27	AndreaCirilloAC/updateR	master
19/06/08 15:26	KCCG/TxDb.Hsapiens.UCSC.hg19.ccdsGene	master
19/06/08 15:25	ChengMengli/topic	master
19/06/08 14:45	LudvigOlsen/insertImage	master
19/06/08 14:44	LudvigOlsen/insertImage	master
19/06/08 14:18	biolabntua/moach	master
19/06/08 12:33	Lchiffon/wordcloud2	master
19/06/08 12:12	Lchiffon/wordcloud2	master
19/06/08 12:10	Lchiffon/wordcloud2	master
19/06/08 12:06	Lchiffon/wordcloud2	master
19/06/08 10:56	renozao/rngtools	master
19/06/08 08:35	rmcelreath/rethinking	master
19/06/08 06:56	benaug/SPIM	master
19/06/08 06:43	tcspears/neRtools	master
19/06/08 06:39	galanisl/FunEnrich	master
19/06/08 06:31	ramey/sparsediscrim	master
19/06/08 06:31	NikNakk/snpStats	master
19/06/08 06:31	noahhl/rpackager	master
19/06/08 06:30	kasperdanielhansen/Rgraphviz	master
19/06/08 06:28	cytoscape/RCy3	master
19/06/08 06:28	JarkoDubbeldam/RG	master
19/06/08 06:27	statnet/ergm.ego	master
19/06/08 06:27	FabianGrammes/Ssa.RefSeq.db	master
19/06/08 06:26	flor3652/myStuff	master
19/06/08 06:26	vapniks/mergeutils	master
19/06/08 06:26	Shians/Glimma	master
19/06/08 06:25	jeroenooms/interactivity	master
19/06/08 06:25	talgalili/installr	master
19/06/08 06:25	Flavjack/sapiens	master
19/06/08 06:24	spflanagan/gwscaR	master
19/06/08 06:24	RGLab/Pviz	master
19/06/08 06:22	Bioconductor/GSEABase	master
19/06/08 06:21	tengfei/ggbio	master
19/06/08 06:20	Bioconductor/GenomicFiles	master
19/06/08 06:19	carltonyfakhry/geneticsCRE	master
19/06/08 06:18	mccallm/frma	master
19/06/08 06:17	jotsetung/ensembldb	master
19/06/08 06:16	Bioconductor/BSgenome	master
19/06/08 06:15	AtlanticR/bio.base	master
19/06/08 06:15	grimbough/biomaRt	master
19/06/08 06:15	Bioconductor/BiocInstaller	master
19/06/08 06:14	Bioconductor/AnnotationHub	master
19/06/08 06:14	Bioconductor/AnnotationFilter	master
19/06/08 06:13	Bioconductor/AnnotationDbi	master
19/06/08 05:11	ymattu/rjumanpp	master
