19/05/15 22:39	eddelbuettel/rquantlib	master
19/05/15 22:28	eddelbuettel/rquantlib	master
19/05/15 21:38	stephenslab/mashr	master
19/05/15 21:37	twitter/AnomalyDetection	master
19/05/15 18:27	edzer/sp	master
19/05/15 18:00	HenrikBengtsson/expectile	master
19/05/15 17:57	HenrikBengtsson/expectile	master
19/05/15 17:15	obrl-soil/dsmartr	master
19/05/15 14:45	arrayfire/arrayfire-r	master
19/05/15 14:34	bmschmidt/wordVectors	master
19/05/15 14:30	PerkinElmer/phenoptr	master
19/05/15 14:01	arbuzovv/rusquant	master
19/05/15 13:38	ptaconet/rtunaatlas	master
19/05/15 13:23	bioimaginggroup/nucim	master
19/05/15 13:23	bioimaginggroup/dcemriSpatEnet	master
19/05/15 13:23	bioimaginggroup/cmr	master
19/05/15 13:23	bioimaginggroup/bioimagetools	master
19/05/15 13:23	bioimaginggroup/cmr	master
19/05/15 13:23	bioimaginggroup/bioimagetools	master
19/05/15 13:22	bioimaginggroup/cmr	master
19/05/15 13:22	bioimaginggroup/bioimagetools	master
19/05/15 13:21	bioimaginggroup/cmr	master
19/05/15 13:20	bioimaginggroup/nucim	master
19/05/15 12:32	bmschmidt/wordVectors	master
19/05/15 12:22	twitter/AnomalyDetection	master
19/05/15 12:21	Displayr/flipPlots	master
19/05/15 12:11	twitter/AnomalyDetection	master
19/05/15 11:40	twitter/AnomalyDetection	master
19/05/15 11:30	twitter/AnomalyDetection	master
19/05/15 11:06	twitter/AnomalyDetection	master
19/05/15 11:05	twitter/AnomalyDetection	master
19/05/15 11:03	twitter/AnomalyDetection	master
19/05/15 11:03	twitter/AnomalyDetection	master
19/05/15 11:02	twitter/AnomalyDetection	master
19/05/15 10:37	Appsilon/shiny.router	master
19/05/15 09:18	fcbarbi/ardl	master
19/05/15 09:07	ropensci/plotly	master
19/05/15 07:18	hrbrmstr/nominatim	5618b0f
19/05/15 07:15	hrbrmstr/nominatim	b73b44f
19/05/15 04:21	jrvarma/jrvFinance	master
19/05/15 04:06	ymattu/rjumanpp	master
19/05/15 03:26	bcgov/fasstr	master
