19/06/22 16:25	ddediu/AdhereR	master
19/06/22 12:13	ropensci/randgeo	master
19/06/22 09:35	hoxo-m/magicfor	master
19/06/22 09:35	hoxo-m/magicfor	master
19/06/22 09:34	hoxo-m/magicfor	master
19/06/22 08:47	rstudio/blogdown	master
19/06/22 07:30	guilbran/dynfactoR	master
19/06/22 06:06	jutako/Rtools	master
19/06/22 06:05	gobbios/EloRating	master
19/06/22 06:04	jutako/Rtools	master
19/06/22 06:04	gobbios/EloRating	master
19/06/22 05:59	gobbios/EloRating	master
19/06/22 05:57	jutako/Rtools	master
19/06/22 05:56	gdkrmr/coRanking	master
19/06/22 05:50	gdkrmr/coRanking	master
19/06/22 05:47	hadley/precis	master
19/06/22 03:17	hadley/devtools	master
19/06/14 00:43	robjhyndman/MEFM-package	master
19/06/13 00:17	JinmiaoChenLab/cytofkit	master
19/06/06 00:17	mdjbru-R-packages/thermPerf	master
19/06/05 00:40	robjhyndman/MEFM-package	master
19/05/31 00:32	ewenharrison/summarizer	master
19/05/25 00:57	duthedd/ggplot2	master
