19/11/26 21:33	MotusWTS/motusdata	master
19/11/26 21:30	MotusWTS/motusdata	master
19/11/26 21:30	MotusWTS/motusdata	master
19/11/26 21:23	ramnathv/rCharts	dev
19/11/26 21:21	MotusWTS/motusdata	master
19/11/26 20:40	ECO230/eco230r	master
19/11/26 19:47	ewenharrison/summarizer	master
19/11/26 19:47	hrbrmstr/hrbraddins	master
19/11/26 19:47	daattali/colourpicker	master
19/11/26 19:47	ThinkR-open/remedy	master
19/11/26 19:47	rstudio/shiny	master
19/11/26 18:34	tdsmith/HomebrewGA	master
19/11/26 18:33	tdsmith/HomebrewGA	master
19/11/26 18:32	sjackman/homebrewr	master
19/11/26 17:57	MotusWTS/motusdata	master
19/11/26 17:57	MotusWTS/motusdata	master
19/11/26 17:43	ABindoff/TwilightFree	master
19/11/26 17:43	slisovski/TwGeos	master
19/11/26 17:41	barryrowlingson/telemetr	master
19/11/26 17:40	jmsigner/rhr	master
19/11/26 17:38	bergant/depmodelr	master
19/11/26 17:23	bergant/depmodelr	master
19/11/26 17:23	diagdavenport/multicmp	master
19/11/26 15:15	ewenharrison/summarizer	master
19/11/26 15:15	hrbrmstr/hrbraddins	master
19/11/26 15:15	daattali/colourpicker	master
19/11/26 15:15	ThinkR-open/remedy	master
19/11/26 15:15	rstudio/shiny	master
19/11/26 13:10	ewenharrison/summarizer	master
19/11/26 13:10	hrbrmstr/hrbraddins	master
19/11/26 13:10	daattali/colourpicker	master
19/11/26 13:10	ThinkR-open/remedy	master
19/11/26 13:10	rstudio/shiny	master
19/11/26 13:08	wrbrooks/galogistic	master
19/11/26 12:29	vqv/ggbiplot	master
19/11/26 12:28	vqv/ggbiplot	master
19/11/26 11:23	ramnathv/rCharts	master
19/11/26 10:33	trinker/qdapDictionaries	master
19/11/26 10:32	trinker/qdapDictionaries	master
19/11/26 10:30	trinker/qdapDictionaries	master
19/11/26 09:38	twitter/BreakoutDetection	master
19/11/26 09:37	twitter/AnomalyDetection	master
19/11/26 03:14	rstudio/leaflet	master
19/11/26 03:13	rstudio/leaflet	master
19/11/26 03:07	braverock/quantstrat	master
19/11/26 03:06	braverock/blotter	master
19/11/26 02:57	SESman/rbl	master
19/11/26 02:57	benjamin-merkel/probGLS	master
19/11/26 02:56	BastilleRousseau/moveNT	master
19/11/26 02:55	BastilleRousseau/lsmnsd	master
19/11/26 02:52	animalnexus/feedr	master
19/11/26 02:51	hadley/emo	master
19/11/26 02:51	royfrancis/drtracker	master
19/11/26 02:50	Bioconductor/BiocInstaller	master
19/11/26 02:50	SWotherspoon/BAStag	master
19/11/26 02:49	Bioconductor/annotate	master
19/11/26 02:47	adsteen/lmstats	master
19/11/26 02:25	satijalab/seurat	775dab4
19/11/26 02:14	satijalab/seurat	775dab4
19/11/26 01:44	chmad/TestCov	master
