19/01/03 17:56	ekstroem/MESS	master
19/01/03 17:51	ekstroem/MESS	master
19/01/03 17:50	ekstroem/MESS	master
19/01/03 17:46	twitter/AnomalyDetection	master
19/01/03 17:41	ekstroem/MESS	b2bf6eac2fd25e7268b0ce84f607ebe8a6d6b40f
19/01/03 17:36	ekstroem/MESS	master
19/01/03 16:22	ekstroem/MESS	master
19/01/03 13:13	sinhrks/ggfortify	master
19/01/03 12:14	jrdnmdhl/reconIPD	master
19/01/03 10:42	LasseHjort/cuRe	master
19/01/03 08:54	hadley/tidyverse	master
19/01/03 04:11	mkearney/tfse	master
19/01/03 04:09	mkearney/tfse	master
19/01/03 00:14	google/GeoexperimentsResearch	master
18/12/23 00:49	andreaskiermeier/AcceptanceSampling	master
18/12/23 00:48	emilopezcano/SixSigma	master
18/12/20 00:19	jeanmarielepioufle/rabarbRa	master
18/12/17 00:13	hadley/readxl	master
18/12/13 00:35	ebuhle/salmonIPM	master
18/12/10 00:30	hrbrmstr/albersusa	master
18/12/09 00:37	hoxo-m/prophetExt	master
18/12/07 00:45	metacran/crandb	master
18/12/05 00:24	braverock/PerformanceAnalytics	master
