19/06/12 22:33	hoxo-m/magicfor	master
19/06/12 16:46	robjhyndman/MEFM-package	master
19/06/12 15:43	datashield/dsGeo	master
19/06/12 15:42	baptiste/egg	4aa944c
19/06/12 15:42	baptiste/egg	4aa944c
19/06/12 15:27	Bart6114/infuser	master
19/06/12 15:21	baptiste/egg	master
19/06/12 15:10	rmcelreath/rethinking	master
19/06/12 15:10	LasseHjort/cuRe	master
19/06/12 14:48	markdumke/reinforceR	master
19/06/12 14:14	Yunqiang12/rStroke	master
19/06/12 14:12	sainathadapa/personalFinanceR	master
19/06/12 14:11	sagargupta10/credit_metrics	master
19/06/12 14:11	leifeld/texreg	master
19/06/12 14:11	sagargupta10/credit_metrics	master
19/06/12 14:11	rafaeloliveiralima/RJabot	master
19/06/12 14:10	sagargupta10/credit_metrics	master
19/06/12 14:05	shraddhapai/dataExplore	master
19/06/12 13:05	shraddhapai/dataExplore	master
19/06/12 13:05	shraddhapai/dataExplore	master
19/06/12 13:04	shraddhapai/dataExplore	master
19/06/12 12:45	sainathadapa/personalFinanceR	master
19/06/12 12:44	shraddhapai/dataExplore	master
19/06/12 11:55	jokergoo/CePa	master
19/06/12 09:00	rafaeloliveiralima/RJabot	master
19/06/12 06:57	strengejacke/sjPlot	master
19/06/12 03:59	robjhyndman/MEFM-package	master
19/06/12 03:16	gusef/Iris	master
19/06/12 03:13	gusef/Iris	master
19/06/12 03:12	gusef/Iris	master
19/06/12 03:12	gusef/Iris	master
19/06/06 00:17	mdjbru-R-packages/thermPerf	master
19/06/05 00:40	robjhyndman/MEFM-package	master
19/05/31 00:32	ewenharrison/summarizer	master
19/05/25 00:57	duthedd/ggplot2	master
19/05/22 00:58	USGS-R/smwrData	master
19/05/21 00:35	strengejacke/sjPlot	master
19/05/18 00:51	thomasp85/patchwork	master
19/05/18 00:50	abresler/nbastatR	master
19/05/18 00:49	hrbrmstr/adobecolor	master
19/05/18 00:48	hrbrmstr/adobecolor	master
19/05/18 00:45	hadley/lobstr	master
19/05/18 00:44	swihart/aaroseplot	master
19/05/18 00:42	MilesMcBain/gistfo	master
19/05/18 00:42	ricardo-bion/ggradar	master
19/05/18 00:41	krlmlr/fstplyr	master
19/05/18 00:41	kirillseva/explain	master
19/05/18 00:41	hadley/emo	master
19/05/18 00:41	EdwinTh/dutchmasters	master
19/05/18 00:41	dgrtwo/drlib	master
19/05/18 00:40	brandmaier/deconstructR	master
19/05/17 00:33	ropensci/tabulizer	master
19/05/17 00:33	ropensci/tabulizerjars	master
