19/01/23 18:42	jjallaire/Rcpp	master
19/01/23 18:37	RcppCore/Rcpp	master
19/01/23 18:28	google/GeoexperimentsResearch	master
19/01/23 18:15	mugiro/elm	master
19/01/23 18:12	r-pkgs/pkgload	master
19/01/23 18:11	r-lib/pkgdown	master
19/01/23 18:04	r-lib/pkgload	master
19/01/23 17:59	r-lib/pkgload	master
19/01/23 17:32	rstudio/bookdown	master
19/01/23 17:01	doomlab/MOTE	master
19/01/23 17:00	topepo/caret	master
19/01/23 16:52	doomlab/MOTE	master
19/01/23 16:52	braverock/PerformanceAnalytics	master
19/01/23 16:47	doomlab/MOTE	master
19/01/23 15:46	adviso/RAdwordsPlus	master
19/01/23 15:44	adviso/RAdwordsPlus	master
19/01/23 15:44	datastorm-open/ROI.plugin.clp	master
19/01/23 15:32	adviso/RAdwordsPlus	master
19/01/23 15:31	adviso/RAdwordsPlus	master
19/01/23 15:29	adviso/RAdwordsPlus	master
19/01/23 14:15	hrbrmstr/taucharts	master
19/01/23 12:57	maRce10/warbleR	master
19/01/23 12:14	zdk123/SpiecEasi	master
19/01/23 11:59	RcppCore/Rcpp	master
19/01/23 11:56	tidyverse/dplyr	master
19/01/23 11:56	HenrikBengtsson/doFuture	master
19/01/23 11:56	yanyachen/rBayesianOptimization	master
19/01/23 11:55	davesteps/shinyFilters	master
19/01/23 11:52	joshuaulrich/TTR	master
19/01/23 11:50	joshuaulrich/TTR	master
19/01/23 11:49	joshuaulrich/TTR	master
19/01/23 11:13	mugiro/elm	master
19/01/23 11:12	kmiddleton/binning	master
19/01/23 11:11	kbroman/miner	master
19/01/23 11:11	cvarrichio/rowr	master
19/01/23 11:10	ahvigil/randomForest	master
19/01/23 11:10	psolymos/mefa	master
19/01/23 11:08	mugiro/elm	master
19/01/23 11:07	mugiro/elm	master
19/01/23 10:58	mugiro/elm	master
19/01/23 10:53	mugiro/elm	master
19/01/23 10:52	mugiro/elm	master
19/01/23 10:51	mugiro/elm	master
19/01/23 10:49	mugiro/elm	master
19/01/23 10:44	mugiro/elm	master
19/01/23 10:43	r-lib/pkgload	master
19/01/23 09:51	sylvainlebarillec/RSEO	master
19/01/23 09:34	tidyverse/ggplot2	49619b7
19/01/23 08:39	ropensci/tabulizerjars	master
19/01/23 08:36	ropensci/tabulizer	master
19/01/23 08:36	ropensci/tabulizerjars	master
19/01/23 08:33	robjhyndman/MEFM-package	master
19/01/23 08:30	robjhyndman/MEFM-package	master
19/01/23 08:29	robjhyndman/MEFM-package	master
19/01/23 08:29	leeper/tabulizer	master
19/01/23 08:28	ropensci/tabulizerjars	master
19/01/23 08:14	mrdwab/SOfun	master
19/01/23 07:13	doomlab/MOTE	master
19/01/23 07:12	doomlab/MOTE	master
19/01/23 06:44	doomlab/MOTE	master
19/01/23 04:02	MaryLvV/mvfars	master
19/01/23 03:45	andrewpbray/oilabs	master
19/01/23 03:36	andrewpbray/oilabs	master
19/01/23 03:31	doomlab/MOTE	master
19/01/23 03:31	doomlab/MOTE	master
19/01/23 03:30	doomlab/MOTE	master
19/01/23 03:27	doomlab/MOTE	master
19/01/23 03:26	doomlab/MOTE	master
19/01/23 03:22	doomlab/MOTE	master
19/01/23 03:21	doomlab/MOTE	master
19/01/23 03:19	doomlab/MOTE	master
19/01/23 03:11	doomlab/MOTE	master
19/01/23 02:03	doomlab/MOTE	master
19/01/23 01:04	functionaldata/tPACE	quantileregression
19/01/23 00:44	hadley/precis	master
19/01/23 00:43	hadley/precis	master
19/01/23 00:20	andrewpbray/oilabs	master
19/01/20 00:02	vqv/ggbiplot	master
19/01/17 00:06	zdk123/SpiecEasi	master
19/01/16 00:44	zdk123/SpiecEasi	master
19/01/15 00:38	claudia-codeco/AlertTools	master
19/01/15 00:36	romainfrancois/tie	master
19/01/12 00:44	hoxo-m/magicfor	master
19/01/11 00:44	vqv/ggbiplot	master
19/01/11 00:43	vqv/ggbiplot	master
19/01/10 00:56	hadley/precis	master
19/01/10 00:29	doomlab/MOTE	master
19/01/09 00:44	krlmlr/ulimit	master
19/01/09 00:44	Ossifragus/OSMAC	master
19/01/08 00:52	krlmlr/ulimit	master
19/01/08 00:49	Ossifragus/OSMAC	master
19/01/08 00:19	zdk123/SpiecEasi	master
19/01/06 00:36	hadley/precis	master
19/01/06 00:34	hadley/precis	master
19/01/03 00:14	google/GeoexperimentsResearch	master
