19/02/10 20:03	andrewpbray/oilabs	master
19/02/10 20:02	andrewpbray/oilabs	master
19/02/10 19:43	andrewpbray/oilabs	master
19/02/10 18:55	tidyverse/ggplot2	49619b7
19/02/10 18:53	tidyverse/ggplot2	49619b7
19/02/10 16:02	hrbrmstr/streamgraph	master
19/02/10 04:43	teramonagi/fitbitr	master
19/02/10 01:08	hrbrmstr/pluralize	master
19/02/10 00:40	twitter/BreakoutDetection	master
19/02/09 00:16	jrdnmdhl/reconIPD	master
19/02/09 00:15	jrdnmdhl/reconIPD	master
19/02/05 00:07	thlytras/rspiro	master
19/02/05 00:07	thlytras/rspiro	master
19/02/02 00:47	meysubb/collegeballR	master
19/02/02 00:10	domoinc-r/DomoR	master
19/02/01 00:15	smach/rmiscutils	master
19/02/01 00:14	smach/rmiscutils	master
19/01/31 00:09	jasongraf1/JGmisc	master
19/01/28 00:54	ropensci/tabulizer	master
19/01/28 00:54	ropensci/tabulizerjars	master
19/01/26 00:37	BMumphrey/TSE	master
19/01/26 00:37	BMumphrey/TSE	master
19/01/26 00:36	BMumphrey/TSE	master
19/01/26 00:36	leeper/tabulizer	master
19/01/26 00:35	BMumphrey/TSE	master
19/01/26 00:35	leeper/tabulizerjars	master
19/01/26 00:34	leeper/tabulizer	master
19/01/26 00:34	leeper/tabulizerjars	master
19/01/26 00:32	leeper/tabulizer	master
19/01/26 00:32	leeper/tabulizerjars	master
19/01/26 00:27	imanuelcostigan/aemo	master
19/01/26 00:15	hoxo-m/prophetExt	master
19/01/26 00:06	hoxo-m/prophetExt	master
19/01/23 00:44	hadley/precis	master
19/01/23 00:43	hadley/precis	master
19/01/23 00:20	andrewpbray/oilabs	master
19/01/20 00:02	vqv/ggbiplot	master
19/01/17 00:06	zdk123/SpiecEasi	master
19/01/16 00:44	zdk123/SpiecEasi	master
19/01/15 00:38	claudia-codeco/AlertTools	master
19/01/15 00:36	romainfrancois/tie	master
19/01/12 00:44	hoxo-m/magicfor	master
19/01/11 00:44	vqv/ggbiplot	master
19/01/11 00:43	vqv/ggbiplot	master
