19/05/16 14:19	vqv/ggbiplot	master
19/05/16 14:08	shihikoo/AutoAnnotation	master
19/05/16 13:40	larmarange/JLutils	master
19/05/16 10:56	githubmpc/marimba2	master
19/05/16 10:25	hoxo-m/densratio	v0.0.3
19/05/16 10:11	hoxo-m/densratio	e8233e6
19/05/16 09:41	cdeterman/gpuR	master
19/05/16 09:01	mhahsler/arulesViz	master
19/05/16 07:10	jjchern/meda	master
19/05/16 05:23	pmur002/gridgraphics	master
19/05/16 04:40	google/GeoexperimentsResearch	master
19/05/11 00:30	hyunyulhenry/HenryQuant	master
19/05/09 00:52	bayesball/BApredict	master
19/05/09 00:51	bayesball/BApredict	master
19/05/09 00:48	bquast/RDDtools	master
19/05/09 00:48	bquast/RDDtools	master
19/05/09 00:41	bquast/RDDtools	master
19/05/09 00:35	haleyeidem/integRATE	master
19/05/07 00:40	robjhyndman/MEFM-package	master
19/05/07 00:35	robjhyndman/MEFM-package	master
19/05/06 00:27	mpadge/tnorm	master
19/05/02 00:25	ujjwalkarn/xda	master
19/05/01 00:49	ropensci/tabulizer	master
19/05/01 00:49	ropensci/tabulizerjars	master
19/04/28 00:46	AybarCL/Dorado	master
19/04/27 00:42	strengejacke/sjmisc	master
19/04/27 00:40	strengejacke/sjlabelled	master
19/04/27 00:34	zzawadz/rawk	master
19/04/27 00:32	twitter/AnomalyDetection	master
19/04/27 00:07	vijaybarve/ENMGadgets	master
19/04/27 00:06	vijaybarve/ENMGadgets	master
19/04/27 00:06	vijaybarve/ENMGadgets	master
19/04/27 00:01	vijaybarve/ENMGadgets	master
19/04/26 00:50	jeroenooms/awk	master
19/04/26 00:47	kevinushey/Kmisc	master
19/04/26 00:47	kevinushey/Kmisc	master
19/04/26 00:47	kevinushey/Kmisc	master
19/04/26 00:42	kevinushey/Kmisc	master
19/04/26 00:00	maRce10/Rraven	master
19/04/25 00:26	vqv/ggbiplot	master
19/04/25 00:02	maRce10/Rraven	master
19/04/21 00:11	rstudio/rmdexamples	master
19/04/20 00:51	talgalili/installr	master
19/04/19 00:09	Shians/Glimma	master
19/04/16 00:39	hoxo-m/magicfor	master
