19/05/30 05:56	systemincloud/thriftr	master
19/05/30 05:47	yukai-yang/PSTR	master
19/05/30 05:26	systemincloud/thriftr	master
19/05/30 04:54	arnesmits/DEP	master
19/05/30 04:50	BradHubley/EA	master
19/05/30 03:29	cloudyr/aws.s3	master
19/05/30 03:29	cloudyr/aws.iam	master
19/05/30 03:13	jimmyday12/fitzRoy	master
19/05/30 03:12	jimmyday12/fitzRoy	master
19/05/30 03:11	jimmyday12/fitzRoy	master
19/05/30 03:06	jimmyday12/fitzRoy	master
19/05/30 02:58	jimmyday12/fitzRoy	master
19/05/30 02:57	jimmyday12/fitzRoy	master
19/05/30 02:49	jimmyday12/fitzRoy	master
19/05/30 02:48	jimmyday12/fitzRoy	master
19/05/30 02:45	jimmyday12/fitzRoy	master
19/05/30 02:04	6Youcai/Xtable	master
19/05/30 01:36	jimmyday12/fitzRoy	master
19/05/30 01:35	jimmyday12/fitzRoy	master
19/05/30 01:26	swager/randomForestCI	master
19/05/30 01:23	swager/causalForest	master
