19/01/19 19:53	StatisticsNZ/demdata	master
19/01/19 19:50	SrivastavaLab/bwgdata	master
19/01/19 19:48	doomlab/MOTE	master
19/01/19 19:13	rstudio/DT	master
19/01/19 18:39	ramnathv/rCharts	master
19/01/19 17:54	gabrielrvsc/HDeconometrics	master
19/01/19 17:42	krlmlr/ulimit	master
19/01/19 17:42	Ossifragus/OSMAC	master
19/01/19 17:34	strengejacke/ggeffects	master
19/01/19 17:33	strengejacke/ggeffects	master
19/01/19 16:23	renozao/RcppOctave	master
19/01/19 16:03	spatstat/spatstat.data	master
19/01/19 15:53	spatstat/spatstat.data	master
19/01/19 13:04	braverock/PerformanceAnalytics	master
19/01/19 11:21	BavoDC/CalibrationCurves	master
19/01/19 07:19	vqv/ggbiplot	master
19/01/19 07:00	DistanceDevelopment/dsm	master
19/01/19 04:26	jghenry/square	master
19/01/17 00:06	zdk123/SpiecEasi	master
19/01/16 00:44	zdk123/SpiecEasi	master
19/01/15 00:38	claudia-codeco/AlertTools	master
19/01/15 00:36	romainfrancois/tie	master
19/01/12 00:44	hoxo-m/magicfor	master
19/01/11 00:44	vqv/ggbiplot	master
19/01/11 00:43	vqv/ggbiplot	master
19/01/10 00:56	hadley/precis	master
19/01/10 00:29	doomlab/MOTE	master
19/01/09 00:44	krlmlr/ulimit	master
19/01/09 00:44	Ossifragus/OSMAC	master
19/01/08 00:52	krlmlr/ulimit	master
19/01/08 00:49	Ossifragus/OSMAC	master
19/01/08 00:19	zdk123/SpiecEasi	master
19/01/06 00:36	hadley/precis	master
19/01/06 00:34	hadley/precis	master
19/01/03 00:14	google/GeoexperimentsResearch	master
18/12/23 00:49	andreaskiermeier/AcceptanceSampling	master
18/12/23 00:48	emilopezcano/SixSigma	master
18/12/20 00:19	jeanmarielepioufle/rabarbRa	master
