19/07/01 22:01	SilentSpringInstitute/springr	master
19/07/01 20:58	dviraran/xCell	master
19/07/01 20:45	bgbrink/dropClust	master
19/07/01 19:57	ConnorFWhite/AssFunc	master
19/07/01 19:40	arnima-github/areaplot	master
19/07/01 19:25	sinhrks/ggfortify	master
19/07/01 19:13	maierhofert/classiFunc	master
19/07/01 19:12	StatisticsNZ/classconc	master
19/07/01 19:08	eliotmiller/labAnalysis	master
19/07/01 19:08	eliotmiller/labAnalysis	master
19/07/01 19:07	INWT/dbtools	master
19/07/01 19:03	jmbh/mt.analysis	master
19/07/01 19:03	eliotmiller/labAnalysis	master
19/07/01 19:03	Bioconductor/Biobase	master
19/07/01 18:38	vqv/ggbiplot	master
19/07/01 16:51	SEELab/enaR	master
19/07/01 16:51	SEELab/enaR	master
19/07/01 16:50	SEELab/enaR	master
19/07/01 16:49	SEELab/enaR	master
19/07/01 16:37	SEELab/enaR	master
19/07/01 15:47	hrbrmstr/uaparserjs	master
19/07/01 15:24	google/GeoexperimentsResearch	master
19/07/01 15:04	twolodzko/extraDistr	master
19/07/01 12:05	mrdwab/koboloadeR	master
19/07/01 12:01	mrdwab/koboloadeR	master
19/07/01 12:00	mrdwab/koboloadeR	master
19/07/01 11:59	mrdwab/koboloadeR	master
19/07/01 10:24	sjPlot/esc	master
19/07/01 09:11	thomasp85/ggforce	master
19/07/01 09:09	KateJohnson/powers	master
19/07/01 08:38	mikemeredith/makeJAGSmask	master
19/07/01 08:19	Displayr/flipMultivariates	master
19/07/01 05:12	twitter/AnomalyDetection	master
19/06/28 00:06	AppliedDataSciencePartners/xgboostExplainer	master
19/06/28 00:06	AppliedDataSciencePartners/xgboostExplainer	master
19/06/14 00:43	robjhyndman/MEFM-package	master
19/06/13 00:17	JinmiaoChenLab/cytofkit	master
19/06/06 00:17	mdjbru-R-packages/thermPerf	master
19/06/05 00:40	robjhyndman/MEFM-package	master
