19/07/30 12:27	gforge/forestplot	master
19/07/30 11:54	talegari/safer	master
19/07/30 11:50	ldepascalis/packages	master
19/07/30 11:46	ldepascalis/packages	master
19/07/30 08:21	hadley/dtplyr	master
19/07/30 07:49	NicolasJBM/grpcomp	master
19/07/30 07:48	NicolasJBM/grpcomp	master
19/07/30 06:11	ujjwalkarn/xda	master
19/07/30 06:10	ujjwalkarn/xda	master
19/07/30 06:09	ujjwalkarn/xda	master
19/07/30 03:02	leeper/tabulizer	master
19/07/30 03:02	leeper/tabulizerjars	master
19/07/30 02:27	leeper/tabulizer	master
19/07/30 02:27	leeper/tabulizerjars	master
19/07/30 02:27	leeper/tabulizerjars	master
19/07/27 00:12	vqv/ggbiplot	master
19/07/21 00:59	ropensci/tabulizer	master
19/07/21 00:59	ropensci/tabulizerjars	master
19/07/16 00:34	hadley/dplyr	master
19/07/16 00:15	hadley/dplyr	master
19/07/16 00:05	hadley/dplyr	master
19/07/14 00:29	timelyportfolio/d3treeR	master
19/07/13 00:30	strengejacke/sjPlot	master
19/07/09 00:25	drizopoulos/JMbayes	master
19/07/05 00:59	nlmixrdevelopment/RxODE	master
19/07/04 00:50	DerekYves/rsurveygizmo	master
19/07/04 00:11	ramhiser/datamicroarray	master
19/07/04 00:10	ramhiser/datamicroarray	master
19/07/04 00:08	ramhiser/datamicroarray	master
19/07/04 00:07	ramhiser/datamicroarray	master
19/07/03 00:07	tidyverse/googlesheets4	master
19/07/02 00:42	hrbrmstr/albersusa	master
