19/07/28 21:29	hrbrmstr/taucharts	master
19/07/28 18:20	ujjwalkarn/xda	master
19/07/28 17:52	StatsWithR/statsr	BayesFactor
19/07/28 16:49	vqv/ggbiplot	master
19/07/28 12:19	drsimonj/corrr	master
19/07/28 11:33	luca-scr/qcc	master
19/07/28 10:07	hrbrmstr/taucharts	master
19/07/28 07:01	juliasilge/tidytext	master
19/07/28 06:54	hadley/dtplyr	master
19/07/28 06:18	vqv/ggbiplot	master
19/07/28 05:01	bquast/recode	master
19/07/28 05:00	dadrivr/ffanalytics	master
19/07/28 04:49	dadrivr/ffanalytics	master
19/07/28 04:48	dadrivr/ffanalytics	master
19/07/28 04:39	maksimhorowitz/nflscrapR	master
19/07/28 04:37	maksimhorowitz/nflscrapR	master
19/07/27 00:12	vqv/ggbiplot	master
19/07/21 00:59	ropensci/tabulizer	master
19/07/21 00:59	ropensci/tabulizerjars	master
19/07/16 00:34	hadley/dplyr	master
19/07/16 00:15	hadley/dplyr	master
19/07/16 00:05	hadley/dplyr	master
19/07/14 00:29	timelyportfolio/d3treeR	master
19/07/13 00:30	strengejacke/sjPlot	master
19/07/09 00:25	drizopoulos/JMbayes	master
19/07/05 00:59	nlmixrdevelopment/RxODE	master
19/07/04 00:50	DerekYves/rsurveygizmo	master
19/07/04 00:11	ramhiser/datamicroarray	master
19/07/04 00:10	ramhiser/datamicroarray	master
19/07/04 00:08	ramhiser/datamicroarray	master
19/07/04 00:07	ramhiser/datamicroarray	master
19/07/03 00:07	tidyverse/googlesheets4	master
19/07/02 00:42	hrbrmstr/albersusa	master
19/06/28 00:06	AppliedDataSciencePartners/xgboostExplainer	master
19/06/28 00:06	AppliedDataSciencePartners/xgboostExplainer	master
