19/04/04 11:17	USGS-R/gsplot	master
19/04/04 10:56	rpremraj/mailR	master
19/04/04 10:56	rpremraj/mailR	master
19/04/04 07:49	jakobbossek/acotsp	master
19/04/04 07:36	drsimonj/corrr	master
19/04/04 07:23	collectivemedia/tictoc	master
19/04/04 07:05	DheerajAgarwal/rgdax	master
19/04/04 07:04	Trackage/rgos	master
19/04/04 06:33	vqv/ggbiplot	master
19/04/04 06:22	duthedd/ggplot2	v2.2.1
19/04/04 06:20	hadley/scales	v0.4.1
19/04/04 05:22	twitter/AnomalyDetection	master
19/04/04 03:11	siddheshdhuri/sentimentAnalysis	master
19/04/04 02:38	GuangchuangYu/ggtree	master
19/04/04 02:37	GuangchuangYu/ggtree	master
19/04/04 02:27	GuangchuangYu/ggtree	master
19/04/04 01:48	GuangchuangYu/ggtree	master
19/04/03 00:29	ECO230/eco230r	master
19/03/31 00:05	GuillemSalazar/EcolUtils	master
19/03/22 00:44	maRce10/warbleR	master
19/03/22 00:38	maRce10/warbleR	master
19/03/19 00:23	aukkola/FluxnetLSM	master
19/03/16 00:19	keaven/nphsim	master
19/03/12 00:22	sjmgarnier/viridis	master
19/03/08 00:23	jutako/Rtools	master
19/03/07 00:09	bbolker/betararef	master
19/03/06 00:03	ECO230/eco230r	master
19/03/05 00:46	hadley/lineprof	master
19/03/05 00:37	kassambara/factoextra	master
