19/01/28 08:43	mpiccirilli/weatheR	master
19/01/28 05:29	rvlenth/emmeans	master
19/01/28 04:55	tomasgreif/woe	master
19/01/28 02:32	pmur002/ffmpeg	master
19/01/28 00:54	ropensci/tabulizer	master
19/01/28 00:54	ropensci/tabulizerjars	master
19/01/26 00:37	BMumphrey/TSE	master
19/01/26 00:37	BMumphrey/TSE	master
19/01/26 00:36	BMumphrey/TSE	master
19/01/26 00:36	leeper/tabulizer	master
19/01/26 00:35	BMumphrey/TSE	master
19/01/26 00:35	leeper/tabulizerjars	master
19/01/26 00:34	leeper/tabulizer	master
19/01/26 00:34	leeper/tabulizerjars	master
19/01/26 00:32	leeper/tabulizer	master
19/01/26 00:32	leeper/tabulizerjars	master
19/01/26 00:27	imanuelcostigan/aemo	master
19/01/26 00:15	hoxo-m/prophetExt	master
19/01/26 00:06	hoxo-m/prophetExt	master
19/01/23 00:44	hadley/precis	master
19/01/23 00:43	hadley/precis	master
19/01/23 00:20	andrewpbray/oilabs	master
19/01/20 00:02	vqv/ggbiplot	master
19/01/17 00:06	zdk123/SpiecEasi	master
19/01/16 00:44	zdk123/SpiecEasi	master
19/01/15 00:38	claudia-codeco/AlertTools	master
19/01/15 00:36	romainfrancois/tie	master
19/01/12 00:44	hoxo-m/magicfor	master
19/01/11 00:44	vqv/ggbiplot	master
19/01/11 00:43	vqv/ggbiplot	master
19/01/10 00:56	hadley/precis	master
19/01/10 00:29	doomlab/MOTE	master
19/01/09 00:44	krlmlr/ulimit	master
19/01/09 00:44	Ossifragus/OSMAC	master
19/01/08 00:52	krlmlr/ulimit	master
19/01/08 00:49	Ossifragus/OSMAC	master
19/01/08 00:19	zdk123/SpiecEasi	master
19/01/06 00:36	hadley/precis	master
19/01/06 00:34	hadley/precis	master
19/01/03 00:14	google/GeoexperimentsResearch	master
