19/10/14 21:18	robjhyndman/MEFM-package	master
19/10/14 20:42	robjhyndman/MEFM-package	master
19/10/14 16:12	hoxo-m/magicfor	master
19/10/14 14:18	smach/rmiscutils	master
19/10/14 13:35	jwijffels/ETLUtils	master
19/10/14 13:32	berndbischl/mlr	master
19/10/14 13:25	WinVector/vtreat	master
19/10/14 13:21	sfirke/janitor	master
19/10/14 13:20	rstats-db/RMySQL	master
19/10/14 13:20	r-dbi/RSQLite	master
19/10/14 13:15	joshuaulrich/TTR	master
19/10/14 13:11	hadley/lubridate	master
19/10/14 13:10	hadley/tidyverse	master
19/10/14 13:09	RcppCore/RcppArmadillo	master
19/10/14 12:27	hadley/lubridate	master
19/10/14 12:26	sfirke/janitor	master
19/10/14 12:25	hadley/tidyverse	master
19/10/14 09:05	tidyverse/ggplot2	49619b7
19/10/14 02:35	fawda123/ggord	master
19/10/14 02:34	diogosbr/spfilt	master
19/10/14 02:32	Farewe/virtualspecies	master
19/10/14 02:31	Farewe/virtualspecies	master
19/10/14 01:58	adamlilith/enmSdm	master
19/10/14 01:15	adamlilith/omnibus	master
19/10/14 00:56	adamlilith/omnibus	master
19/10/12 00:53	velocyto-team/velocyto.R	master
19/10/10 00:11	Ram-N/weatherData	master
19/10/10 00:09	mariavica/mircomb	master
19/10/10 00:02	mccallm/miRcomp	master
19/10/09 00:23	hadley/ggplot2	49619b7
19/10/05 00:47	ramnathv/rCharts	master
19/10/04 00:27	ECO230/eco230r	master
19/10/04 00:00	ECO230/eco230r	master
19/10/04 00:00	ECO230/eco230r	master
19/09/25 00:33	pjnewcombe/Pmisc	master
19/09/19 00:41	miraisolutions/xlconnect	master
19/09/19 00:41	miraisolutions/xlconnectjars	master
19/09/17 00:54	rvalavi/blockCV	master
19/09/17 00:02	shihikoo/AutoAnnotation	master
