19/01/21 16:52	gertjanssenswillen/processmapR	master
19/01/21 13:01	hemberg-lab/scmap	master
19/01/21 12:47	kwilliams83/ldbod	master
19/01/21 11:49	oscarperpinan/rastervis	master
19/01/21 11:38	BavoDC/CalibrationCurves	master
19/01/21 10:32	FelippeRoza/outlier	master
19/01/21 09:39	hrbrmstr/albersusa	master
19/01/21 09:28	vqv/ggbiplot	master
19/01/21 08:56	jimhester/lookup	master
19/01/21 06:17	uebvhir/installifnot	master
19/01/21 02:29	vqv/ggbiplot	master
19/01/20 00:02	vqv/ggbiplot	master
19/01/17 00:06	zdk123/SpiecEasi	master
19/01/16 00:44	zdk123/SpiecEasi	master
19/01/15 00:38	claudia-codeco/AlertTools	master
19/01/15 00:36	romainfrancois/tie	master
19/01/12 00:44	hoxo-m/magicfor	master
19/01/11 00:44	vqv/ggbiplot	master
19/01/11 00:43	vqv/ggbiplot	master
19/01/10 00:56	hadley/precis	master
19/01/10 00:29	doomlab/MOTE	master
19/01/09 00:44	krlmlr/ulimit	master
19/01/09 00:44	Ossifragus/OSMAC	master
19/01/08 00:52	krlmlr/ulimit	master
19/01/08 00:49	Ossifragus/OSMAC	master
19/01/08 00:19	zdk123/SpiecEasi	master
19/01/06 00:36	hadley/precis	master
19/01/06 00:34	hadley/precis	master
19/01/03 00:14	google/GeoexperimentsResearch	master
18/12/23 00:49	andreaskiermeier/AcceptanceSampling	master
18/12/23 00:48	emilopezcano/SixSigma	master
