19/10/01 20:00	r-spatial/sf	master
19/10/01 19:59	pitakakariki/simr	master
19/10/01 19:58	edzer/sf	master
19/10/01 19:25	Trackage/rgos	master
19/10/01 19:20	r-spatial/sf	master
19/10/01 19:15	r-spatial/sf	master
19/10/01 19:02	mtennekes/tmap	master
19/10/01 17:47	ECO230/eco230r	master
19/10/01 17:47	MarianNecula/rTempo	master
19/10/01 17:31	aharmer/pathtrackr	master
19/10/01 16:29	ECO230/eco230r	master
19/10/01 14:25	quanteda/spacyr	issue-171
19/10/01 14:06	ECO230/eco230r	master
19/10/01 11:37	Bart6114/infuser	master
19/10/01 10:56	pitakakariki/simr	master
19/10/01 10:42	pitakakariki/simr	master
19/10/01 09:53	metagraf/rHighcharts	master
19/10/01 09:27	metagraf/rHighcharts	master
19/10/01 09:24	pitakakariki/simr	master
19/10/01 09:08	pitakakariki/simr	master
19/10/01 08:46	pitakakariki/simr	master
19/10/01 08:43	pitakakariki/simr	master
19/10/01 08:42	pitakakariki/simr	master
19/10/01 08:42	pitakakariki/simr	master
19/10/01 08:40	pitakakariki/simr	master
19/10/01 08:37	pitakakariki/simr	master
19/10/01 08:37	pitakakariki/simr	master
19/10/01 08:32	pitakakariki/simr	master
19/10/01 08:32	pitakakariki/simr	master
19/10/01 06:54	brooksandrew/Rsenal	master
19/10/01 01:55	ECO230/eco230r	master
19/10/01 01:51	vqv/ggbiplot	master
19/09/25 00:33	pjnewcombe/Pmisc	master
19/09/19 00:41	miraisolutions/xlconnect	master
19/09/19 00:41	miraisolutions/xlconnectjars	master
19/09/17 00:54	rvalavi/blockCV	master
19/09/17 00:02	shihikoo/AutoAnnotation	master
19/09/10 00:40	AChauvenet/ProtectEqual	master
19/09/10 00:13	tpepler/nonpar	master
