19/07/05 18:50	kassambara/survminer	master
19/07/05 18:48	vqv/ggbiplot	master
19/07/05 18:47	kassambara/survminer	master
19/07/05 18:47	vqv/ggbiplot	master
19/07/05 18:47	kassambara/survminer	master
19/07/05 18:47	vqv/ggbiplot	master
19/07/05 18:46	kassambara/survminer	master
19/07/05 18:46	vqv/ggbiplot	master
19/07/05 18:31	MalteThodberg/ABCdata	master
19/07/05 18:30	rafaeloliveiralima/RJabot	master
19/07/05 18:29	ecpolley/SuperLearner	master
19/07/05 18:29	ecpolley/SuperLearner	master
19/07/05 18:26	kassambara/survminer	master
19/07/05 18:21	vqv/ggbiplot	master
19/07/05 18:18	nick-ulle/rstatic	master
19/07/05 18:18	kassambara/factoextra	master
19/07/05 18:15	ecpolley/SuperLearner	master
19/07/05 18:07	kassambara/ggpubr	master
19/07/05 18:02	Farewe/virtualspecies	master
19/07/05 13:39	Zelazny7/isofor	master
19/07/05 13:20	tidyverse/rlang	v0.3.4
19/07/05 12:46	Lchiffon/wordcloud2	master
19/07/05 11:05	solavrov/sq5	master
19/07/05 10:22	jrdnmdhl/reconIPD	master
19/07/05 10:20	jrdnmdhl/reconIPD	master
19/07/05 09:48	jbkunst/highcharter	master
19/07/05 09:08	jbkunst/highcharter	master
19/07/05 08:53	jbkunst/highcharter	master
19/07/05 08:15	Lchiffon/wordcloud2	master
19/07/05 07:27	hrbrmstr/taucharts	master
19/07/05 07:19	hrbrmstr/taucharts	master
19/07/05 07:01	Bioconductor/bioDist	master
19/07/05 06:23	gmbecker/rigbLite	master
19/07/05 05:46	sinhrks/ggfortify	master
19/07/05 05:35	ujjwalkarn/xda	master
19/07/05 02:34	hoxo-m/magicfor	master
19/07/05 00:59	nlmixrdevelopment/RxODE	master
19/07/04 00:50	DerekYves/rsurveygizmo	master
19/07/04 00:11	ramhiser/datamicroarray	master
19/07/04 00:10	ramhiser/datamicroarray	master
19/07/04 00:08	ramhiser/datamicroarray	master
19/07/04 00:07	ramhiser/datamicroarray	master
19/07/03 00:07	tidyverse/googlesheets4	master
19/07/02 00:42	hrbrmstr/albersusa	master
19/06/28 00:06	AppliedDataSciencePartners/xgboostExplainer	master
19/06/28 00:06	AppliedDataSciencePartners/xgboostExplainer	master
19/06/14 00:43	robjhyndman/MEFM-package	master
19/06/13 00:17	JinmiaoChenLab/cytofkit	master
19/06/06 00:17	mdjbru-R-packages/thermPerf	master
19/06/05 00:40	robjhyndman/MEFM-package	master
