19/01/14 20:51	matthewkling/ecoclim	master
19/01/14 20:10	zdk123/SpiecEasi	master
19/01/14 19:13	ujjwalkarn/xda	master
19/01/14 19:00	claudia-codeco/AlertTools	master
19/01/14 18:45	oscarperpinan/pkgMethods	master
19/01/14 17:19	mclements/rstpm2	develop
19/01/14 16:40	CMPG/signet	master
19/01/14 16:28	MoBiodiv/mobr	master
19/01/14 15:57	fdetsch/Orcs	master
19/01/14 14:20	timelyportfolio/d3treeR	master
19/01/14 13:55	matloff/revisit	master
19/01/14 03:39	thomasp85/lime	lime-0.3.1
19/01/14 02:38	bgreenwell/mertree	master
19/01/14 02:38	bgreenwell/mertree	master
19/01/12 00:44	hoxo-m/magicfor	master
19/01/11 00:44	vqv/ggbiplot	master
19/01/11 00:43	vqv/ggbiplot	master
19/01/10 00:56	hadley/precis	master
19/01/10 00:29	doomlab/MOTE	master
19/01/09 00:44	krlmlr/ulimit	master
19/01/09 00:44	Ossifragus/OSMAC	master
19/01/08 00:52	krlmlr/ulimit	master
19/01/08 00:49	Ossifragus/OSMAC	master
19/01/08 00:19	zdk123/SpiecEasi	master
19/01/06 00:36	hadley/precis	master
19/01/06 00:34	hadley/precis	master
19/01/03 00:14	google/GeoexperimentsResearch	master
18/12/23 00:49	andreaskiermeier/AcceptanceSampling	master
18/12/23 00:48	emilopezcano/SixSigma	master
18/12/20 00:19	jeanmarielepioufle/rabarbRa	master
18/12/17 00:13	hadley/readxl	master
