19/10/29 20:10	SVA-SE/mill	master
19/10/29 19:38	kokrah/cbcbSEQ	master
19/10/29 16:23	caranha/EvoGCP	master
19/10/29 16:23	caranha/EvoGCP	master
19/10/29 14:59	kokrah/cbcbSEQ	master
19/10/29 14:59	kokrah/cbcbSEQ	master
19/10/29 14:28	pitakakariki/simr	master
19/10/29 14:27	pitakakariki/simr	master
19/10/29 14:19	crj32/M3C	master
19/10/29 14:05	ropensci/rWBclimate	master
19/10/29 12:54	esmucler/mmlasso	master
19/10/29 11:33	esmucler/mmlasso	master
19/10/29 10:54	esmucler/mmlasso	master
19/10/29 09:26	esmucler/mmlasso	master
19/10/29 09:22	esmucler/mmlasso	master
19/10/29 09:14	esmucler/mmlasso	master
19/10/29 08:05	joey711/biom	master
19/10/29 07:35	LasseHjort/cuRe	master
19/10/29 00:45	m-Py/minDiff	master
19/10/27 00:18	IRkernel/IRkernel	master
19/10/27 00:16	IRkernel/IRkernel	master
19/10/26 00:37	m-Py/minDiff	master
19/10/25 00:38	sjmgarnier/viridis	master
19/10/24 00:44	sjmgarnier/viridis	master
19/10/23 00:46	vqv/ggbiplot	master
19/10/16 00:03	jmbh/mgm	master
19/10/14 00:56	adamlilith/omnibus	master
19/10/12 00:53	velocyto-team/velocyto.R	master
19/10/10 00:11	Ram-N/weatherData	master
19/10/10 00:09	mariavica/mircomb	master
19/10/10 00:02	mccallm/miRcomp	master
19/10/09 00:23	hadley/ggplot2	49619b7
19/10/05 00:47	ramnathv/rCharts	master
19/10/04 00:27	ECO230/eco230r	master
19/10/04 00:00	ECO230/eco230r	master
19/10/04 00:00	ECO230/eco230r	master
