19/01/16 22:33	zdk123/SpiecEasi	master
19/01/16 22:26	strengejacke/sjPlot	master
19/01/16 22:21	strengejacke/sjPlot	master
19/01/16 22:08	vqv/ggbiplot	master
19/01/16 22:01	sjPlot/sjmisc	master
19/01/16 22:00	strengejacke/sjlabelled	master
19/01/16 21:54	rstudio/DT	master
19/01/16 21:54	jjallaire/TBB	master
19/01/16 21:50	reconhub/contactsim	master
19/01/16 21:49	strengejacke/sjstats	master
19/01/16 21:48	strengejacke/ggeffects	master
19/01/16 21:47	strengejacke/sjmisc	master
19/01/16 21:46	strengejacke/sjPlot	master
19/01/16 21:45	strengejacke/sjlabelled	master
19/01/16 21:43	zdk123/SpiecEasi	master
19/01/16 21:40	zdk123/SpiecEasi	master
19/01/16 21:01	bhaskarvk/colormap	master
19/01/16 21:01	matthewkling/colormap	master
19/01/16 21:00	bhaskarvk/colormap	master
19/01/16 20:59	bhaskarvk/tilegramsR	master
19/01/16 20:58	hrbrmstr/albersusa	master
19/01/16 20:33	zdk123/SpiecEasi	master
19/01/16 20:27	sjPlot/sjstats	master
19/01/16 20:26	sjPlot/sjmisc	master
19/01/16 20:25	strengejacke/sjlabelled	master
19/01/16 20:23	strengejacke/sjPlot	master
19/01/16 20:19	zdk123/SpiecEasi	master
19/01/16 20:14	zdk123/SpiecEasi	master
19/01/16 20:09	zdk123/SpiecEasi	master
19/01/16 20:07	zdk123/SpiecEasi	master
19/01/16 20:04	zdk123/SpiecEasi	master
19/01/16 19:50	zdk123/SpiecEasi	master
19/01/16 18:57	zdk123/SpiecEasi	master
19/01/16 18:03	dahtah/eyelinker	master
19/01/16 17:50	carolinecolijn/treetop	master
19/01/16 16:48	zatonovo/fractalrock	master
19/01/16 16:44	wilsonfreitas/transmute	master
19/01/16 16:16	hoxo-m/magicfor	master
19/01/16 14:03	twitter/AnomalyDetection	master
19/01/16 11:33	hrbrmstr/netintel	master
19/01/16 10:21	bnosac/textrank	master
19/01/16 10:20	bnosac/textrank	master
19/01/16 10:20	bnosac/textrank	master
19/01/16 10:10	bnosac/textrank	master
19/01/16 09:44	hadley/ggplot2	49619b7
19/01/16 08:24	twitter/AnomalyDetection	master
19/01/16 08:18	Bioconductor/GSEABase	master
19/01/16 07:09	jtlovell/qtlTools	master
19/01/16 02:00	vqv/ggbiplot	master
19/01/16 01:24	zdk123/SpiecEasi	master
19/01/16 00:44	zdk123/SpiecEasi	master
19/01/15 00:38	claudia-codeco/AlertTools	master
19/01/15 00:36	romainfrancois/tie	master
19/01/12 00:44	hoxo-m/magicfor	master
19/01/11 00:44	vqv/ggbiplot	master
19/01/11 00:43	vqv/ggbiplot	master
19/01/10 00:56	hadley/precis	master
19/01/10 00:29	doomlab/MOTE	master
19/01/09 00:44	krlmlr/ulimit	master
19/01/09 00:44	Ossifragus/OSMAC	master
19/01/08 00:52	krlmlr/ulimit	master
19/01/08 00:49	Ossifragus/OSMAC	master
19/01/08 00:19	zdk123/SpiecEasi	master
19/01/06 00:36	hadley/precis	master
19/01/06 00:34	hadley/precis	master
19/01/03 00:14	google/GeoexperimentsResearch	master
18/12/23 00:49	andreaskiermeier/AcceptanceSampling	master
18/12/23 00:48	emilopezcano/SixSigma	master
18/12/20 00:19	jeanmarielepioufle/rabarbRa	master
18/12/17 00:13	hadley/readxl	master
