19/06/24 17:59	masko-p/DIFlasso	master
19/06/24 17:57	masko-p/DIFlasso	master
19/06/24 17:55	masko-p/DIFlasso	master
19/06/24 17:53	masko-p/DIFlasso	master
19/06/24 17:52	masko-p/DIFlasso	master
19/06/24 17:51	masko-p/DIFlasso	master
19/06/24 17:51	masko-p/DIFlasso	master
19/06/24 17:50	masko-p/DIFlasso	master
19/06/24 17:48	masko-p/DIFlasso	master
19/06/24 17:08	robjhyndman/MEFM-package	master
19/06/24 16:34	vqv/ggbiplot	master
19/06/24 15:51	HenrikBengtsson/R.utils	master
19/06/24 15:50	psolymos/pbapply	master
19/06/24 15:48	Displayr/flipTime	master
19/06/24 15:12	mfasiolo/mgcFam	master
19/06/24 14:01	datastorm-open/visNetwork	master
19/06/24 12:20	thlytras/rspiro	master
19/06/24 12:06	Farewe/virtualspecies	master
19/06/24 12:06	johnbaums/rmaxent	master
19/06/24 12:03	Farewe/virtualspecies	master
19/06/24 12:00	diogosbr/spfilt	master
19/06/24 11:39	Rapporter/pander	06c2f65797
19/06/24 11:36	Rapporter/pander	06c2f65797
19/06/24 10:09	andrie/version.compare	master
19/06/24 10:08	andrie/version.compare	master
19/06/24 10:07	andrie/version.compare	master
19/06/24 10:07	andrie/version.compare	master
19/06/24 10:07	andrie/version.compare	master
19/06/24 10:06	andrie/version.compare	master
19/06/24 09:06	gavinsimpson/ggvegan	master
19/06/24 09:05	gavinsimpson/ggvegan	master
19/06/24 06:02	ricardo-bion/ggradar	master
19/06/14 00:43	robjhyndman/MEFM-package	master
19/06/13 00:17	JinmiaoChenLab/cytofkit	master
19/06/06 00:17	mdjbru-R-packages/thermPerf	master
19/06/05 00:40	robjhyndman/MEFM-package	master
19/05/31 00:32	ewenharrison/summarizer	master
19/05/25 00:57	duthedd/ggplot2	master
