19/03/12 22:06	ccolonescu/PoEdata	master
19/03/12 22:03	timelyportfolio/sweetalertR	master
19/03/12 22:02	ccolonescu/PoEdata	master
19/03/12 22:01	ccolonescu/PoEdata	master
19/03/12 21:53	ccolonescu/PoEdata	master
19/03/12 21:52	ccolonescu/PoEdata	master
19/03/12 19:52	braverock/quantstrat	master
19/03/12 19:30	ccolonescu/PoEdata	master
19/03/12 19:14	Oshlack/splatter	master
19/03/12 18:01	ccolonescu/PoEdata	master
19/03/12 17:44	vqv/ggbiplot	master
19/03/12 17:36	USGS-R/hydroMap	master
19/03/12 16:31	hoxo-m/magicfor	master
19/03/12 16:29	yihui/tinytex	master
19/03/12 16:27	rstudio/rmarkdown	master
19/03/12 16:05	okugami79/sentiment140	master
19/03/12 15:54	strengejacke/sjPlot	master
19/03/12 15:09	gastonstat/arcdiagram	master
19/03/12 15:09	gastonstat/arcdiagram	master
19/03/12 15:07	ccolonescu/PoEdata	master
19/03/12 14:58	USGS-R/dataRetrieval	master
19/03/12 14:16	USGS-R/dataRetrieval	master
19/03/12 13:28	ujjwalkarn/xda	master
19/03/12 13:01	hrbrmstr/ggalt	master
19/03/12 13:00	dkahle/ggmap	master
19/03/12 12:48	hrbrmstr/ggalt	master
19/03/12 11:56	MRCIEU/TwoSampleMR	master
19/03/12 11:02	RichardBirnie/survtools	master
19/03/12 08:34	RichardBirnie/survtools	master
19/03/12 04:06	ujjwalkarn/xda	master
19/03/12 02:00	rstudio/config	master
