19/07/07 06:14	ncss-tech/soilDB	master
19/07/07 04:21	timelyportfolio/d3vennR	master
19/07/07 04:15	dieterich-lab/CellPlot	master
19/07/07 03:56	hallucigenia-sparsa/seqtime	master
19/07/07 03:53	abhik1368/netpredictor	master
19/07/07 03:51	abhik1368/netpredictor	master
19/07/07 03:01	ramnathv/rCharts	master
19/07/07 01:39	metaOmics/preproc	master
19/07/05 00:59	nlmixrdevelopment/RxODE	master
19/07/04 00:50	DerekYves/rsurveygizmo	master
19/07/04 00:11	ramhiser/datamicroarray	master
19/07/04 00:10	ramhiser/datamicroarray	master
19/07/04 00:08	ramhiser/datamicroarray	master
19/07/04 00:07	ramhiser/datamicroarray	master
19/07/03 00:07	tidyverse/googlesheets4	master
19/07/02 00:42	hrbrmstr/albersusa	master
19/06/28 00:06	AppliedDataSciencePartners/xgboostExplainer	master
19/06/28 00:06	AppliedDataSciencePartners/xgboostExplainer	master
19/06/14 00:43	robjhyndman/MEFM-package	master
19/06/13 00:17	JinmiaoChenLab/cytofkit	master
