19/02/15 19:51	strengejacke/sjPlot	master
19/02/15 19:13	AndrewLJackson/SIBER	master
19/02/15 19:12	AndrewLJackson/SIBER	master
19/02/15 18:42	robjhyndman/MEFM-package	master
19/02/15 18:30	ccolonescu/PoEdata	master
19/02/15 18:26	ccolonescu/PoEdata	master
19/02/15 18:26	ccolonescu/PoEdata	master
19/02/15 18:25	ccolonescu/PoEdata	master
19/02/15 18:25	ccolonescu/PoEdata	master
19/02/15 17:43	ccolonescu/PoEdata	master
19/02/15 17:42	ccolonescu/PoEdata	master
19/02/15 17:38	danlwarren/ENMTools	develop
19/02/15 17:08	twitter/AnomalyDetection	master
19/02/15 16:54	twitter/AnomalyDetection	master
19/02/15 16:42	twitter/AnomalyDetection	master
19/02/15 16:42	ccolonescu/PoEdata	master
19/02/15 16:42	ccolonescu/PoEdata	master
19/02/15 16:35	twitter/AnomalyDetection	master
19/02/15 16:33	ccolonescu/PoEdata	master
19/02/15 16:33	ccolonescu/PoEdata	master
19/02/15 16:32	ccolonescu/PoEdata	master
19/02/15 16:31	ccolonescu/PoEdata	master
19/02/15 16:23	twitter/AnomalyDetection	master
19/02/15 16:22	ccolonescu/PoEdata	master
19/02/15 16:21	ccolonescu/PoEdata	master
19/02/15 16:21	ccolonescu/PoEdata	master
19/02/15 16:20	ccolonescu/PoEdata	master
19/02/15 16:20	ccolonescu/PoEdata	master
19/02/15 16:20	ccolonescu/PoEdata	master
19/02/15 16:20	ccolonescu/PoEdata	master
19/02/15 16:20	ccolonescu/PoEdata	master
19/02/15 16:20	ccolonescu/PoEdata	master
19/02/15 16:04	ccolonescu/PoEdata	master
19/02/15 13:22	vqv/ggbiplot	master
19/02/15 13:14	vqv/ggbiplot	master
19/02/15 13:10	matsukik/read.dmdx	master
19/02/15 13:07	matsukik/read.dmdx	master
19/02/15 10:14	ccolonescu/PoEdata	master
19/02/15 10:00	ricardo-bion/ggradar	master
19/02/15 08:38	twitter/AnomalyDetection	master
19/02/15 08:01	leeshawn/SKAT	Sparse_Version
19/02/15 07:52	leeshawn/SKAT	Sparse_Version
19/02/15 07:39	leeshawn/SKAT	Sparse_Version
19/02/15 07:03	ropensci/tabulizer	master
19/02/15 07:03	ropensci/tabulizerjars	master
19/02/15 06:19	mccallm/frma	master
19/02/15 06:16	mccallm/frma	master
19/02/15 01:31	chrisbrunsdon/postcoder	53480a4
19/02/15 01:16	rstudio/blogdown	master
19/02/15 01:09	StatsWithR/statsr	master
