19/04/18 15:18	prcwiek/pmetar	master
19/04/18 15:06	prcwiek/pmetar	master
19/04/18 15:03	twitter/AnomalyDetection	master
19/04/18 14:13	prcwiek/pmetar	master
19/04/18 14:10	fawda123/ggord	master
19/04/18 13:57	maRce10/Rraven	master
19/04/18 13:48	maRce10/warbleR	master
19/04/18 12:17	hoxo-m/magicfor	master
19/04/18 10:45	hoxo-m/magicfor	master
19/04/18 09:33	broadinstitute/ichorCNA	master
19/04/18 09:31	mikemeredith/makeJAGSmask	master
19/04/18 08:55	thomasp85/anomaly	master
19/04/18 08:53	kevinushey/cronR	master
19/04/18 08:52	thomasp85/anomaly	master
19/04/18 08:51	thomasp85/anomaly	master
19/04/18 08:48	thomasp85/anomaly	master
19/04/18 06:52	kaneplusplus/bigmemory	master
19/04/18 03:43	markhwhiteii/processr	master
19/04/18 02:21	wmurphyrd/colorplaner	master
19/04/18 02:01	hadley/reshape	master
19/04/18 02:00	thomasp85/patchwork	master
19/04/18 01:52	happyrabbit/DataScienceR	master
19/04/16 00:39	hoxo-m/magicfor	master
19/04/14 00:56	hrbrmstr/taucharts	master
19/04/14 00:42	AFIT-R/vip	master
19/04/14 00:41	vqv/ggbiplot	master
19/04/12 00:55	ECO230/eco230r	master
19/04/12 00:54	ECO230/eco230r	master
19/04/12 00:15	ECO230/eco230r	master
19/04/12 00:12	xia-lab/MetaboAnalystR	master
19/04/11 00:39	youngstreetinitiative/paths	master
19/04/10 00:30	ECO230/eco230r	master
19/04/09 00:57	dschlauch/stego	master
19/04/09 00:54	gepuro/addin4githubinstall	master
19/04/03 00:29	ECO230/eco230r	master
19/03/31 00:05	GuillemSalazar/EcolUtils	master
19/03/22 00:44	maRce10/warbleR	master
19/03/22 00:38	maRce10/warbleR	master
19/03/19 00:23	aukkola/FluxnetLSM	master
