19/08/28 14:07	sfirke/janitor	master
19/08/28 13:57	rstudio/shinythemes	master
19/08/28 13:57	rstudio/shiny	master
19/08/28 13:57	trestletech/shinyAce	master
19/08/28 13:56	jwijffels/ETLUtils	master
19/08/28 13:56	rstats-db/RMySQL	master
19/08/28 13:56	r-dbi/RSQLite	master
19/08/28 13:56	joshuaulrich/TTR	master
19/08/28 13:56	hadley/lubridate	master
19/08/28 13:56	hadley/tidyverse	master
19/08/28 13:51	rstats-db/RMySQL	master
19/08/28 13:50	r-dbi/RSQLite	master
19/08/28 13:50	joshuaulrich/TTR	master
19/08/28 13:50	hadley/lubridate	master
19/08/28 13:50	hadley/tidyverse	master
19/08/28 13:40	r-dbi/RSQLite	master
19/08/28 13:38	joshuaulrich/TTR	master
19/08/28 13:38	hadley/lubridate	master
19/08/28 13:38	hadley/tidyverse	master
19/08/28 12:47	twitter/AnomalyDetection	master
19/08/28 11:53	Appsilon/shiny.router	master
19/08/28 11:17	Appsilon/shiny.router	master
19/08/28 10:18	rkillick/EnvCpt	master
19/08/28 09:51	liuqivandy/scRNABatchQC	master
19/08/28 08:35	hoxo-m/magicfor	master
19/08/28 08:32	outcomesinsights/nhanes.tools	master
19/08/28 08:31	outcomesinsights/nhanes.tools	master
19/08/28 08:27	outcomesinsights/nhanes.tools	master
19/08/28 08:26	outcomesinsights/nhanes.tools	master
19/08/28 08:26	IFARbiostats/coretools	master
19/08/28 08:26	IFARbiostats/coretools	master
19/08/28 08:06	JahNorr/mortRecode	master
19/08/28 07:30	HenrikBengtsson/aroma.light	master
19/08/28 07:19	JahNorr/mortRecode	master
19/08/28 06:07	Rapporter/pander	06c2f65797
19/08/28 05:09	abresler/rbokeh-master	master
19/08/28 05:08	shuodata/mlr-master	master
19/08/28 05:07	abresler/rbokeh-master	master
19/08/28 05:05	shuodata/mlr-master	master
19/08/28 02:02	johnbaums/rmaxent	master
19/08/28 01:15	ECO230/eco230r	master
19/08/22 00:40	jennybc/googlesheets	master
19/08/22 00:29	jennybc/googlesheets	master
19/08/22 00:28	jennybc/googlesheets	master
19/08/22 00:28	jennybc/googlesheets	master
19/08/22 00:28	jennybc/googlesheets	master
19/08/22 00:27	jennybc/googlesheets	master
19/08/22 00:27	jennybc/googlesheets	master
19/08/22 00:27	jennybc/googlesheets	master
19/08/12 00:07	matthewwolak/ICC	master
19/08/10 00:39	robjhyndman/MEFM-package	master
19/08/10 00:21	robjhyndman/MEFM-package	master
19/08/09 00:08	mikemeredith/wiqid	master
19/08/09 00:07	mikemeredith/wiqid	master
19/08/08 00:20	haozhu233/kableExtra	master
19/08/08 00:18	wilkelab/cowplot	master
19/08/08 00:13	Rapporter/pander	master
19/08/08 00:12	hrbrmstr/hrbrthemes	master
19/08/08 00:11	sfirke/janitor	master
19/08/08 00:10	hadley/reshape	master
19/08/08 00:09	tidyverse/lubridate	master
19/08/08 00:08	karthik/wesanderson	master
19/08/08 00:07	tidyverse/tidyverse	master
19/08/05 00:22	sinhrks/ggfortify	master
19/08/03 00:57	KIT-IfGG/LandClimTools	master
