19/02/21 13:30	rCarto/osrm	master
19/02/21 13:02	ccolonescu/PoEdata	master
19/02/21 12:36	Rapporter/pander	06c2f65797
19/02/21 11:58	hadley/devtools	master
19/02/21 11:57	MoBiodiv/mobr	master
19/02/21 11:33	ccolonescu/PoEdata	master
19/02/21 11:24	ccolonescu/PoEdata	master
19/02/21 11:08	davidaarmstrong/damisc	master
19/02/21 10:50	sjmgarnier/viridis	master
19/02/21 10:09	ujjwalkarn/xda	master
19/02/21 06:34	jaroyle/oSCR	master
19/02/21 06:19	pdrano/IKTrading	master
19/02/21 06:18	pdrano/IKTrading	master
19/02/21 06:13	braverock/quantstrat	master
19/02/21 06:12	braverock/blotter	master
19/02/20 00:14	jbisanz/MicrobeR	master
19/02/20 00:14	jbisanz/MicrobeR	master
19/02/20 00:04	yihui/tinytex	master
19/02/20 00:03	maRce10/warbleR	master
19/02/19 00:38	ymattu/MlBayesOpt	master
19/02/16 00:46	kbroman/ricalc	master
19/02/15 00:38	ropensci/tabulizer	master
19/02/15 00:38	ropensci/tabulizerjars	master
19/02/15 00:29	ropensci/tabulizer	master
19/02/15 00:29	ropensci/tabulizerjars	master
19/02/15 00:16	Logiwo/tabulizer	master
19/02/15 00:16	leeper/tabulizerjars	master
19/02/15 00:15	ropenscilabs/tabulizer	master
19/02/15 00:15	ropensci/tabulizerjars	master
19/02/15 00:13	ropensci/tabulizer	master
19/02/15 00:13	ropensci/tabulizerjars	master
19/02/15 00:11	ropensci/tabulizerjars	master
19/02/15 00:05	ropensci/tabulizer	master
19/02/15 00:05	ropensci/tabulizerjars	master
19/02/15 00:04	Logiwo/tabulizer	master
19/02/15 00:04	ropensci/tabulizerjars	master
19/02/13 00:54	strengejacke/sjPlot	master
19/02/10 00:40	twitter/BreakoutDetection	master
19/02/09 00:16	jrdnmdhl/reconIPD	master
19/02/09 00:15	jrdnmdhl/reconIPD	master
19/02/05 00:07	thlytras/rspiro	master
19/02/05 00:07	thlytras/rspiro	master
19/02/02 00:47	meysubb/collegeballR	master
19/02/02 00:10	domoinc-r/DomoR	master
19/02/01 00:15	smach/rmiscutils	master
19/02/01 00:14	smach/rmiscutils	master
19/01/31 00:09	jasongraf1/JGmisc	master
19/01/28 00:54	ropensci/tabulizer	master
19/01/28 00:54	ropensci/tabulizerjars	master
19/01/26 00:37	BMumphrey/TSE	master
19/01/26 00:37	BMumphrey/TSE	master
19/01/26 00:36	BMumphrey/TSE	master
19/01/26 00:36	leeper/tabulizer	master
19/01/26 00:35	BMumphrey/TSE	master
19/01/26 00:35	leeper/tabulizerjars	master
19/01/26 00:34	leeper/tabulizer	master
19/01/26 00:34	leeper/tabulizerjars	master
19/01/26 00:32	leeper/tabulizer	master
19/01/26 00:32	leeper/tabulizerjars	master
19/01/26 00:27	imanuelcostigan/aemo	master
19/01/26 00:15	hoxo-m/prophetExt	master
19/01/26 00:06	hoxo-m/prophetExt	master
19/01/23 00:44	hadley/precis	master
19/01/23 00:43	hadley/precis	master
19/01/23 00:20	andrewpbray/oilabs	master
