19/09/30 22:03	robjhyndman/MEFM-package	master
19/09/30 21:58	hrbrmstr/hrbrthemes	master
19/09/30 21:56	hrbrmstr/hrbrthemes	master
19/09/30 20:58	tvatter/mdmd	master
19/09/30 20:47	esmucler/mmlasso	master
19/09/30 19:21	thk686/rgdal2	master
19/09/30 17:49	twitter/AnomalyDetection	master
19/09/30 15:21	jlvia1191/lsm	master
19/09/30 13:06	pitakakariki/simr	master
19/09/30 13:00	thlytras/rspiro	master
19/09/30 12:13	vqv/ggbiplot	master
19/09/30 08:32	thlytras/rspiro	master
19/09/30 07:22	Appsilon/shiny.router	master
19/09/30 03:51	ymattu/rjumanpp	master
19/09/30 03:51	ymattu/rjumanpp	master
19/09/30 03:50	ymattu/rjumanpp	master
19/09/25 00:33	pjnewcombe/Pmisc	master
19/09/19 00:41	miraisolutions/xlconnect	master
19/09/19 00:41	miraisolutions/xlconnectjars	master
19/09/17 00:54	rvalavi/blockCV	master
19/09/17 00:02	shihikoo/AutoAnnotation	master
19/09/10 00:40	AChauvenet/ProtectEqual	master
19/09/10 00:13	tpepler/nonpar	master
19/08/31 00:05	krlmlr/ulimit	master
19/08/31 00:01	krlmlr/ulimit	master
