19/08/30 21:13	thlytras/rspiro	master
19/08/30 20:48	rich-iannone/DiagrammeR	master
19/08/30 20:37	wenjie2wang/splines2	master
19/08/30 20:36	WinVector/vtreat	master
19/08/30 20:11	sumbose/iRF	master
19/08/30 19:06	aaronolsen/linkR	master
19/08/30 18:59	zhezhangsh/rchive	master
19/08/30 18:15	dyerlab/gstudio	master
19/08/30 18:14	dyerlab/popgraph	master
19/08/30 18:05	mps9506/watertools	master
19/08/30 18:04	mps9506/watertools	master
19/08/30 17:16	mps9506/watertools	master
19/08/30 15:29	Appsilon/shiny.router	master
19/08/30 15:13	hoxo-m/prophetExt	master
19/08/30 14:49	Appsilon/shiny.router	master
19/08/30 11:43	Appsilon/shiny.router	master
19/08/30 08:35	cribosch/matchsurv	master
19/08/30 00:22	merns/postgwas	master
19/08/22 00:40	jennybc/googlesheets	master
19/08/22 00:29	jennybc/googlesheets	master
19/08/22 00:28	jennybc/googlesheets	master
19/08/22 00:28	jennybc/googlesheets	master
19/08/22 00:28	jennybc/googlesheets	master
19/08/22 00:27	jennybc/googlesheets	master
19/08/22 00:27	jennybc/googlesheets	master
19/08/22 00:27	jennybc/googlesheets	master
19/08/12 00:07	matthewwolak/ICC	master
19/08/10 00:39	robjhyndman/MEFM-package	master
19/08/10 00:21	robjhyndman/MEFM-package	master
19/08/09 00:08	mikemeredith/wiqid	master
19/08/09 00:07	mikemeredith/wiqid	master
19/08/08 00:20	haozhu233/kableExtra	master
19/08/08 00:18	wilkelab/cowplot	master
19/08/08 00:13	Rapporter/pander	master
19/08/08 00:12	hrbrmstr/hrbrthemes	master
19/08/08 00:11	sfirke/janitor	master
19/08/08 00:10	hadley/reshape	master
19/08/08 00:09	tidyverse/lubridate	master
19/08/08 00:08	karthik/wesanderson	master
19/08/08 00:07	tidyverse/tidyverse	master
19/08/05 00:22	sinhrks/ggfortify	master
19/08/03 00:57	KIT-IfGG/LandClimTools	master
