19/10/09 09:58	hadley/tidyverse	master
19/10/09 09:58	hadley/tidyverse	master
19/10/09 08:59	LudvigOlsen/cvms	master
19/10/09 08:59	LudvigOlsen/cvms	master
19/10/09 08:35	jakobbossek/acotsp	master
19/10/09 07:46	thomasp85/tweenr	17401ad
19/10/09 07:32	LudvigOlsen/cvms	master
19/10/09 01:12	hadley/ggplot2	49619b7
19/10/09 01:07	hoxo-m/magicfor	master
19/10/09 01:00	jimhester/lookup	master
19/10/09 00:23	hadley/ggplot2	49619b7
19/10/05 00:47	ramnathv/rCharts	master
19/10/04 00:27	ECO230/eco230r	master
19/10/04 00:00	ECO230/eco230r	master
19/10/04 00:00	ECO230/eco230r	master
19/09/25 00:33	pjnewcombe/Pmisc	master
19/09/19 00:41	miraisolutions/xlconnect	master
19/09/19 00:41	miraisolutions/xlconnectjars	master
19/09/17 00:54	rvalavi/blockCV	master
19/09/17 00:02	shihikoo/AutoAnnotation	master
19/09/10 00:40	AChauvenet/ProtectEqual	master
19/09/10 00:13	tpepler/nonpar	master
