19/09/13 15:58	ropensci/tabulizer	master
19/09/13 15:58	ropensci/tabulizerjars	master
19/09/13 15:53	AppliedDataSciencePartners/xgboostExplainer	master
19/09/13 14:20	twitter/AnomalyDetection	master
19/09/13 14:11	maksimhorowitz/nflscrapR	master
19/09/13 10:59	r-dbi/RSQLite	3ba1e337015627bd5b04117cf36ca91e97b612c8
19/09/13 10:55	r-dbi/RSQLite	63e33ef
19/09/13 10:10	hoxo-m/magicfor	master
19/09/13 05:11	thlytras/rspiro	master
19/09/13 04:15	tpepler/nonpar	master
19/09/13 04:14	tpepler/nonpar	master
19/09/13 02:02	rich-iannone/UnidecodeR	master
19/09/13 01:46	r-dbi/DBI	master
19/09/13 01:03	ymattu/MlBayesOpt	master
19/09/10 00:40	AChauvenet/ProtectEqual	master
19/09/10 00:13	tpepler/nonpar	master
19/08/31 00:05	krlmlr/ulimit	master
19/08/31 00:01	krlmlr/ulimit	master
19/08/30 00:22	merns/postgwas	master
19/08/22 00:40	jennybc/googlesheets	master
19/08/22 00:29	jennybc/googlesheets	master
19/08/22 00:28	jennybc/googlesheets	master
19/08/22 00:28	jennybc/googlesheets	master
19/08/22 00:28	jennybc/googlesheets	master
19/08/22 00:27	jennybc/googlesheets	master
19/08/22 00:27	jennybc/googlesheets	master
19/08/22 00:27	jennybc/googlesheets	master
