19/02/01 22:55	aultsch/DataIO	master
19/02/01 21:17	Pakillo/rgis	master
19/02/01 21:16	PredictiveEcology/NetLogoR	master
19/02/01 21:10	hrbrmstr/rgeocodio	master
19/02/01 21:09	hrbrmstr/albersusa	master
19/02/01 20:01	USGS-R/dataRetrieval	master
19/02/01 17:28	ropensci/tabulizer	master
19/02/01 17:28	ropensci/tabulizerjars	master
19/02/01 16:18	gastonstat/arcdiagram	master
19/02/01 15:22	lbraglia/lbrct	master
19/02/01 15:13	lbraglia/lbmisc	master
19/02/01 12:51	fawda123/ggord	master
19/02/01 12:48	twitter/AnomalyDetection	master
19/02/01 12:48	twitter/AnomalyDetection	master
19/02/01 12:17	SWotherspoon/SGAT	master
19/02/01 11:30	hoxo-m/magicfor	master
19/02/01 09:01	hrbrmstr/dtupdate	master
19/02/01 08:35	jrosen48/tidyLPA	master
19/02/01 06:32	zaj13/proxi	master
19/02/01 01:08	vqv/ggbiplot	master
19/02/01 01:07	vqv/ggbiplot	master
19/02/01 00:15	smach/rmiscutils	master
19/02/01 00:14	smach/rmiscutils	master
19/01/31 00:09	jasongraf1/JGmisc	master
19/01/28 00:54	ropensci/tabulizer	master
19/01/28 00:54	ropensci/tabulizerjars	master
19/01/26 00:37	BMumphrey/TSE	master
19/01/26 00:37	BMumphrey/TSE	master
19/01/26 00:36	BMumphrey/TSE	master
19/01/26 00:36	leeper/tabulizer	master
19/01/26 00:35	BMumphrey/TSE	master
19/01/26 00:35	leeper/tabulizerjars	master
19/01/26 00:34	leeper/tabulizer	master
19/01/26 00:34	leeper/tabulizerjars	master
19/01/26 00:32	leeper/tabulizer	master
19/01/26 00:32	leeper/tabulizerjars	master
19/01/26 00:27	imanuelcostigan/aemo	master
19/01/26 00:15	hoxo-m/prophetExt	master
19/01/26 00:06	hoxo-m/prophetExt	master
19/01/23 00:44	hadley/precis	master
19/01/23 00:43	hadley/precis	master
19/01/23 00:20	andrewpbray/oilabs	master
19/01/20 00:02	vqv/ggbiplot	master
19/01/17 00:06	zdk123/SpiecEasi	master
19/01/16 00:44	zdk123/SpiecEasi	master
19/01/15 00:38	claudia-codeco/AlertTools	master
19/01/15 00:36	romainfrancois/tie	master
19/01/12 00:44	hoxo-m/magicfor	master
19/01/11 00:44	vqv/ggbiplot	master
19/01/11 00:43	vqv/ggbiplot	master
19/01/10 00:56	hadley/precis	master
19/01/10 00:29	doomlab/MOTE	master
19/01/09 00:44	krlmlr/ulimit	master
19/01/09 00:44	Ossifragus/OSMAC	master
19/01/08 00:52	krlmlr/ulimit	master
19/01/08 00:49	Ossifragus/OSMAC	master
19/01/08 00:19	zdk123/SpiecEasi	master
19/01/06 00:36	hadley/precis	master
19/01/06 00:34	hadley/precis	master
19/01/03 00:14	google/GeoexperimentsResearch	master
