19/01/10 22:12	gjuggler/ape	master
19/01/10 22:10	gjuggler/ape	master
19/01/10 21:32	DataWookie/ubeR	master
19/01/10 21:24	DataWookie/ubeR	master
19/01/10 21:10	XiaomoWu/utilr	master
19/01/10 21:09	XiaomoWu/utilr	master
19/01/10 21:08	XiaomoWu/utilr	master
19/01/10 21:07	XiaomoWu/utilr	master
19/01/10 20:59	hoxo-m/magicfor	master
19/01/10 20:59	hrbrmstr/waffle	1.0.0
19/01/10 20:58	hrbrmstr/waffle	1.0.0
19/01/10 20:55	hrbrmstr/waffle	1.0.0
19/01/10 20:37	crsh/papaja	master
19/01/10 19:47	strengejacke/ggeffects	master
19/01/10 19:27	vqv/ggbiplot	master
19/01/10 18:44	jbkunst/highcharter	master
19/01/10 16:08	ShaulAb/typeless	master
19/01/10 14:15	mikemeredith/makeJAGSmask	master
19/01/10 13:38	shearer/samplesize	master
19/01/10 12:56	vqv/ggbiplot	master
19/01/10 11:15	vqv/ggbiplot	master
19/01/10 07:31	jonathon-love/car	master
19/01/10 07:04	Bioconductor/GenomicRanges	master
19/01/10 06:46	Bioconductor/IRanges	master
19/01/10 06:42	Bioconductor/S4Vectors	master
19/01/10 06:03	AppliedDataSciencePartners/xgboostExplainer	master
19/01/10 02:24	doomlab/MOTE	master
