19/04/08 15:56	mdlincoln/multiplot	master
19/04/08 15:49	bgreenwell/mertree	master
19/04/08 15:21	ajdamico/lodown	master
19/04/08 13:36	swarm-lab/editR	master
19/04/08 12:52	spatstat/spatstat	master
19/04/08 12:34	bgreenwell/mertree	master
19/04/08 11:41	robertschnitman/diagnoser	master
19/04/08 11:40	robertschnitman/diagnoser	master
19/04/08 10:54	mpadge/tnorm	master
19/04/08 09:52	larmarange/JLutils	master
19/04/08 07:35	bmschmidt/wordVectors	master
19/04/08 07:08	Appsilon/shiny.router	master
19/04/08 06:32	bmschmidt/wordVectors	master
19/04/08 06:26	bmschmidt/wordVectors	master
19/04/08 05:39	bmschmidt/wordVectors	master
19/04/08 05:37	bmschmidt/wordVectors	master
19/04/08 05:33	bmschmidt/wordVectors	master
19/04/08 05:32	bmschmidt/wordVectors	master
19/04/08 05:29	bmschmidt/wordVectors	master
19/04/08 05:26	bmschmidt/wordVectors	master
19/04/08 05:25	bmschmidt/wordVectors	master
19/04/08 05:25	bmschmidt/wordVectors	master
19/04/08 05:23	bmschmidt/wordVectors	master
19/04/08 05:22	bmschmidt/wordVectors	master
19/04/08 05:21	bmschmidt/wordVectors	master
19/04/08 05:20	bmschmidt/wordVectors	master
19/04/08 05:19	bmschmidt/wordVectors	master
19/04/08 05:19	bmschmidt/wordVectors	master
19/04/08 05:18	bmschmidt/wordVectors	master
19/04/08 05:17	bmschmidt/wordVectors	master
19/04/08 05:17	bmschmidt/wordVectors	master
19/04/08 05:16	bmschmidt/wordVectors	master
19/04/08 05:16	bmschmidt/wordVectors	master
19/04/08 05:16	bmschmidt/wordVectors	master
19/04/08 05:16	bmschmidt/wordVectors	master
19/04/08 05:16	bmschmidt/wordVectors	master
19/04/08 05:16	bmschmidt/wordVectors	master
19/04/08 05:16	bmschmidt/wordVectors	master
19/04/08 05:16	bmschmidt/wordVectors	master
19/04/08 05:15	bmschmidt/wordVectors	master
19/04/08 05:15	bmschmidt/wordVectors	master
19/04/08 05:14	bmschmidt/wordVectors	master
19/04/08 01:03	vqv/ggbiplot	master
19/04/03 00:29	ECO230/eco230r	master
19/03/31 00:05	GuillemSalazar/EcolUtils	master
19/03/22 00:44	maRce10/warbleR	master
19/03/22 00:38	maRce10/warbleR	master
19/03/19 00:23	aukkola/FluxnetLSM	master
19/03/16 00:19	keaven/nphsim	master
19/03/12 00:22	sjmgarnier/viridis	master
