19/07/24 21:18	hoxo-m/magicfor	master
19/07/24 21:12	AndreaCirilloAC/paletter	master
19/07/24 19:42	mojaveazure/loomR	87a6866
19/07/24 19:11	hrbrmstr/taucharts	master
19/07/24 16:08	hrbrmstr/nominatim	master
19/07/24 15:15	Lchiffon/wordcloud2	master
19/07/24 14:45	ronkeizer/vpc	master
19/07/24 14:01	Lchiffon/wordcloud2	master
19/07/24 13:56	Lchiffon/wordcloud2	master
19/07/24 13:55	Lchiffon/wordcloud2	master
19/07/24 13:08	Lchiffon/wordcloud2	master
19/07/24 12:15	ujjwalkarn/xda	master
19/07/24 12:14	ujjwalkarn/xda	master
19/07/24 12:14	ujjwalkarn/xda	master
19/07/24 11:24	Rapporter/pander	06c2f65797
19/07/24 09:33	LasseHjort/cuRe	master
19/07/24 09:30	mclements/rstpm2	develop
19/07/24 08:48	saeyslab/FlowSOM	master
19/07/24 08:46	saeyslab/FlowSOM	master
19/07/24 07:15	ujjwalkarn/xda	master
19/07/24 06:38	mdelcorvo/farsr	master
19/07/24 06:28	geoffjentry/twitteR	master
19/07/24 06:10	Rapporter/pander	06c2f65797
19/07/21 00:59	ropensci/tabulizer	master
19/07/21 00:59	ropensci/tabulizerjars	master
19/07/16 00:34	hadley/dplyr	master
19/07/16 00:15	hadley/dplyr	master
19/07/16 00:05	hadley/dplyr	master
19/07/14 00:29	timelyportfolio/d3treeR	master
19/07/13 00:30	strengejacke/sjPlot	master
19/07/09 00:25	drizopoulos/JMbayes	master
19/07/05 00:59	nlmixrdevelopment/RxODE	master
19/07/04 00:50	DerekYves/rsurveygizmo	master
19/07/04 00:11	ramhiser/datamicroarray	master
19/07/04 00:10	ramhiser/datamicroarray	master
19/07/04 00:08	ramhiser/datamicroarray	master
19/07/04 00:07	ramhiser/datamicroarray	master
19/07/03 00:07	tidyverse/googlesheets4	master
19/07/02 00:42	hrbrmstr/albersusa	master
19/06/28 00:06	AppliedDataSciencePartners/xgboostExplainer	master
19/06/28 00:06	AppliedDataSciencePartners/xgboostExplainer	master
