19/12/23 22:01	zabore/ezfun	master
19/12/23 22:01	ewenharrison/summarizer	master
19/12/23 22:01	hrbrmstr/hrbraddins	master
19/12/23 22:01	daattali/colourpicker	master
19/12/23 22:01	ThinkR-open/remedy	master
19/12/23 22:01	rstudio/shiny	master
19/12/23 20:46	gastonstat/arcdiagram	master
19/12/23 20:45	gastonstat/arcdiagram	master
19/12/23 20:00	R-Finance/quantstrat	master
19/12/23 19:59	R-Finance/blotter	master
19/12/23 19:43	zabore/ezfun	master
19/12/23 19:43	ewenharrison/summarizer	master
19/12/23 19:43	hrbrmstr/hrbraddins	master
19/12/23 19:43	daattali/colourpicker	master
19/12/23 19:43	ThinkR-open/remedy	master
19/12/23 19:43	rstudio/shiny	master
19/12/23 16:33	achalshah20/ANLP	master
19/12/23 16:17	thomasp85/MSGFplus-release	master
19/12/23 14:42	Lchiffon/wordcloud2	master
19/12/23 14:08	ricardo-bion/ggradar	master
19/12/23 09:28	lme4/lme4	master
19/12/23 00:52	jimhester/lookup	master
19/12/20 00:03	satijalab/seurat	775dab4
19/12/19 00:06	vcopley/ctest	master
19/12/18 00:56	randy3k/iterpc	master
19/12/17 00:47	ravenroadresources/petroreadr	master
19/12/17 00:42	twitter/AnomalyDetection	master
19/12/14 00:16	ewenharrison/summarizer	master
19/12/14 00:16	hrbrmstr/hrbraddins	master
19/12/14 00:16	daattali/colourpicker	master
19/12/14 00:16	ThinkR-open/remedy	master
19/12/14 00:16	rstudio/shiny	master
19/12/05 00:42	lucasmation/microdadosBrasil	master
19/12/03 00:08	ECO230/eco230r	master
19/11/28 00:17	ewenharrison/summarizer	master
19/11/28 00:17	hrbrmstr/hrbraddins	master
19/11/28 00:17	daattali/colourpicker	master
19/11/28 00:17	ThinkR-open/remedy	master
19/11/28 00:17	rstudio/shiny	master
19/11/27 00:40	ewenharrison/summarizer	master
19/11/27 00:40	hrbrmstr/hrbraddins	master
19/11/27 00:40	daattali/colourpicker	master
19/11/27 00:40	ThinkR-open/remedy	master
19/11/27 00:40	rstudio/shiny	master
19/11/27 00:13	ewenharrison/summarizer	master
19/11/27 00:13	hrbrmstr/hrbraddins	master
19/11/27 00:13	daattali/colourpicker	master
19/11/27 00:12	ThinkR-open/remedy	master
19/11/27 00:12	rstudio/shiny	master
19/11/26 00:07	ewenharrison/summarizer	master
19/11/26 00:07	hrbrmstr/hrbraddins	master
19/11/26 00:07	daattali/colourpicker	master
19/11/26 00:07	ThinkR-open/remedy	master
19/11/26 00:07	rstudio/shiny	master
