19/03/15 16:48	richierocks/limma2	master
19/03/15 16:37	ccolonescu/PoEdata	master
19/03/15 16:36	ccolonescu/PoEdata	master
19/03/15 16:34	ccolonescu/PoEdata	master
19/03/15 16:34	ccolonescu/PoEdata	master
19/03/15 16:33	ccolonescu/PoEdata	master
19/03/15 16:32	ujjwalkarn/xda	master
19/03/15 16:29	ccolonescu/PoEdata	master
19/03/15 16:24	ccolonescu/PoEdata	master
19/03/15 16:23	ccolonescu/PoEdata	master
19/03/15 16:22	ccolonescu/PoEdata	master
19/03/15 16:22	ccolonescu/PoEdata	master
19/03/15 16:22	ccolonescu/PoEdata	master
19/03/15 16:21	ccolonescu/PoEdata	master
19/03/15 16:00	ccolonescu/PoEdata	master
19/03/15 15:58	ccolonescu/PoEdata	master
19/03/15 15:54	ccolonescu/PoEdata	master
19/03/15 15:53	ccolonescu/PoEdata	master
19/03/15 15:51	ccolonescu/PoEdata	master
19/03/15 15:51	ccolonescu/PoEdata	master
19/03/15 15:40	ujjwalkarn/xda	master
19/03/15 15:13	andrewparkermorgan/argyle	master
19/03/15 14:48	ccolonescu/PoEdata	master
19/03/15 14:38	ccolonescu/PoEdata	master
19/03/15 14:33	ccolonescu/PoEdata	master
19/03/15 14:24	RichardBirnie/survtools	master
19/03/15 14:09	Russel88/MicEco	master
19/03/15 13:46	svdataman/tonic	master
19/03/15 13:40	ccolonescu/PoEdata	master
19/03/15 13:32	zdk123/SpiecEasi	master
19/03/15 13:28	zdk123/SpiecEasi	master
19/03/15 13:26	zdk123/SpiecEasi	master
19/03/15 13:21	ccolonescu/PoEdata	master
19/03/15 13:05	ccolonescu/PoEdata	master
19/03/15 13:05	kassambara/factoextra	master
19/03/15 13:05	kassambara/factoextra	master
19/03/15 13:04	ccolonescu/PoEdata	master
19/03/15 13:02	ccolonescu/PoEdata	master
19/03/15 12:54	ccolonescu/PoEdata	master
19/03/15 12:49	gowusu/sebkc	master
19/03/15 12:36	gowusu/sebkc	master
19/03/15 12:32	GeoinformationSystems/xtruso_R	master
19/03/15 12:22	matloff/revisit	master
19/03/15 12:10	ccolonescu/PoEdata	master
19/03/15 09:21	rstudio/rmarkdown	master
19/03/15 08:46	rstudio/rmarkdown	master
19/03/15 08:44	rstudio/rmarkdown	master
19/03/15 08:44	rstudio/rmarkdown	master
19/03/15 08:44	rstudio/rmarkdown	master
19/03/15 04:32	Maritimes/FGP	master
19/03/15 01:19	mtennekes/tabplot	master
19/03/15 01:16	mtennekes/tabplot	master
19/03/15 01:15	mtennekes/tabplot	master
19/03/15 01:14	mtennekes/tabplot	master
