19/09/27 20:05	algoquant/HighFreq	master
19/09/27 20:04	algoquant/HighFreq	master
19/09/27 20:03	algoquant/HighFreq	master
19/09/27 20:02	algoquant/HighFreq	master
19/09/27 20:01	algoquant/HighFreq	master
19/09/27 18:17	twitter/AnomalyDetection	master
19/09/27 18:16	twitter/AnomalyDetection	master
19/09/27 18:14	twitter/AnomalyDetection	master
19/09/27 18:08	rmflight/vRbalExpressions	master
19/09/27 17:45	JesJehle/GEE2R	master
19/09/27 13:44	twitter/AnomalyDetection	master
19/09/27 11:11	mhahsler/rBLAST	master
19/09/27 09:39	knausb/vcfR	master
19/09/27 09:15	syounkin/vcf2R	master
19/09/27 09:04	joshuaulrich/quantmod	157_yahoo_502
19/09/27 09:02	hrbrmstr/msgxtractr	master
19/09/27 07:42	leeper/tabulizer	master
19/09/27 07:42	ropensci/tabulizerjars	master
19/09/27 07:02	metagraf/rHighcharts	master
19/09/27 06:08	fawda123/ggord	master
19/09/27 04:20	sewardlee337/finreportr	master
19/09/27 04:17	rstudio/blogdown	master
19/09/27 04:12	sewardlee337/finreportr	master
19/09/27 04:09	rstudio/blogdown	master
19/09/27 04:06	hrbrmstr/nominatim	master
19/09/27 04:06	hrbrmstr/nominatim	master
19/09/27 03:30	jimhester/lookup	master
19/09/27 03:28	jimhester/lookup	master
19/09/27 01:28	StatsWithR/statsr	BayesFactor
19/09/27 01:25	StatsWithR/statsr	BayesFactor
19/09/27 01:21	StatsWithR/statsr	BayesFactor
19/09/27 01:01	StatsWithR/statsr	BayesFactor
19/09/25 00:33	pjnewcombe/Pmisc	master
19/09/19 00:41	miraisolutions/xlconnect	master
19/09/19 00:41	miraisolutions/xlconnectjars	master
19/09/17 00:54	rvalavi/blockCV	master
19/09/17 00:02	shihikoo/AutoAnnotation	master
19/09/10 00:40	AChauvenet/ProtectEqual	master
19/09/10 00:13	tpepler/nonpar	master
19/08/31 00:05	krlmlr/ulimit	master
19/08/31 00:01	krlmlr/ulimit	master
19/08/30 00:22	merns/postgwas	master
