19/09/10 06:53	zachmayer/caretEnsemble	master
19/09/10 06:47	zachmayer/caretEnsemble	master
19/09/10 06:46	krose/cvrapi	master
19/09/10 06:42	zachmayer/caretEnsemble	master
19/09/10 06:12	Rapporter/pander	06c2f65797
19/09/10 05:24	John-R-Wallace/Imap	master
19/09/10 04:59	metagraf/rHighcharts	master
19/09/10 04:41	wrbrooks/adapt	master
19/09/10 04:24	bmschmidt/wordVectors	master
19/09/10 04:20	bmschmidt/wordVectors	master
19/09/10 04:13	NamyounKim/NLP4kec	master
19/09/10 04:12	NamyounKim/NLP4kec	master
19/09/10 04:12	twitter/AnomalyDetection	master
19/09/10 03:05	Ironholds/reconstructr	master
19/09/10 02:25	rmcelreath/rethinking	master
19/09/10 02:23	keaven/nphsim	master
19/09/10 02:21	keaven/nphsim	master
19/09/10 02:20	keaven/nphsim	master
19/09/10 00:40	AChauvenet/ProtectEqual	master
19/09/10 00:13	tpepler/nonpar	master
19/08/31 00:05	krlmlr/ulimit	master
19/08/31 00:01	krlmlr/ulimit	master
19/08/30 00:22	merns/postgwas	master
19/08/22 00:40	jennybc/googlesheets	master
19/08/22 00:29	jennybc/googlesheets	master
19/08/22 00:28	jennybc/googlesheets	master
19/08/22 00:28	jennybc/googlesheets	master
19/08/22 00:28	jennybc/googlesheets	master
19/08/22 00:27	jennybc/googlesheets	master
19/08/22 00:27	jennybc/googlesheets	master
19/08/22 00:27	jennybc/googlesheets	master
19/08/12 00:07	matthewwolak/ICC	master
