19/01/15 09:58	strengejacke/sjPlot	master
19/01/15 09:43	WinVector/QSurvival	master
19/01/15 09:38	mclements/rstpm2	develop
19/01/15 08:01	vqv/ggbiplot	master
19/01/15 07:24	hoxo-m/prophetExt	master
19/01/15 07:19	drisso/SingleCellExperiment	master
19/01/15 06:35	rsheets/cellranger	master
19/01/15 05:59	vqv/ggbiplot	master
19/01/15 05:32	yihui/knitr	master
19/01/15 05:27	davidgohel/rtable	master
19/01/15 05:27	davidgohel/ReporteRs	master
19/01/15 05:26	davidgohel/ReporteRsjars	master
19/01/15 05:26	Bart6114/artyfarty	master
19/01/15 03:03	statsmaths/genlasso	master
19/01/15 02:28	JanMarvin/readspss	master
19/01/15 02:17	doomlab/MOTE	master
19/01/15 01:39	tidyverse/ggplot2	master
19/01/15 01:37	tidyverse/ggplot2	49619b7
19/01/15 01:35	tidyverse/ggplot2	49619b7
19/01/15 01:28	hadley/ggplot2	49619b7
19/01/15 01:19	claudia-codeco/AlertTools	master
19/01/15 01:17	claudia-codeco/AlertTools	master
19/01/15 01:16	claudia-codeco/AlertTools	master
19/01/15 00:38	claudia-codeco/AlertTools	master
19/01/15 00:36	romainfrancois/tie	master
19/01/12 00:44	hoxo-m/magicfor	master
19/01/11 00:44	vqv/ggbiplot	master
19/01/11 00:43	vqv/ggbiplot	master
19/01/10 00:56	hadley/precis	master
19/01/10 00:29	doomlab/MOTE	master
19/01/09 00:44	krlmlr/ulimit	master
19/01/09 00:44	Ossifragus/OSMAC	master
19/01/08 00:52	krlmlr/ulimit	master
19/01/08 00:49	Ossifragus/OSMAC	master
19/01/08 00:19	zdk123/SpiecEasi	master
19/01/06 00:36	hadley/precis	master
19/01/06 00:34	hadley/precis	master
19/01/03 00:14	google/GeoexperimentsResearch	master
18/12/23 00:49	andreaskiermeier/AcceptanceSampling	master
18/12/23 00:48	emilopezcano/SixSigma	master
18/12/20 00:19	jeanmarielepioufle/rabarbRa	master
18/12/17 00:13	hadley/readxl	master
