19/07/14 13:27	Lchiffon/wordcloud2	master
19/07/14 12:39	Lchiffon/wordcloud2	master
19/07/14 08:30	Lchiffon/wordcloud2	master
19/07/14 08:20	Lchiffon/wordcloud2	master
19/07/14 02:53	HenrikBengtsson/future	master
19/07/14 01:28	fawda123/NeuralNetTools	master
19/07/14 01:26	fawda123/NeuralNetTools	master
19/07/14 01:23	fawda123/ggord	master
19/07/14 01:22	fawda123/ggord	master
19/07/14 01:15	vijaybarve/ENMGadgets	master
19/07/14 01:14	Farewe/virtualspecies	master
19/07/14 01:12	diogosbr/spfilt	master
19/07/14 00:29	timelyportfolio/d3treeR	master
19/07/13 00:30	strengejacke/sjPlot	master
19/07/09 00:25	drizopoulos/JMbayes	master
19/07/05 00:59	nlmixrdevelopment/RxODE	master
19/07/04 00:50	DerekYves/rsurveygizmo	master
19/07/04 00:11	ramhiser/datamicroarray	master
19/07/04 00:10	ramhiser/datamicroarray	master
19/07/04 00:08	ramhiser/datamicroarray	master
19/07/04 00:07	ramhiser/datamicroarray	master
19/07/03 00:07	tidyverse/googlesheets4	master
19/07/02 00:42	hrbrmstr/albersusa	master
19/06/28 00:06	AppliedDataSciencePartners/xgboostExplainer	master
19/06/28 00:06	AppliedDataSciencePartners/xgboostExplainer	master
19/06/14 00:43	robjhyndman/MEFM-package	master
