19/09/19 22:04	vqv/ggbiplot	master
19/09/19 20:59	arbelt/azwmisc	master
19/09/19 20:57	scrim-network/Stilt-Rpkge	master
19/09/19 20:53	TrigonometricDistribution/CosW	master
19/09/19 19:29	michel823/mafonction	master
19/09/19 18:56	ropensci/tabulizer	master
19/09/19 18:56	ropensci/tabulizerjars	master
19/09/19 18:04	joey711/phyloseq	master
19/09/19 14:25	dankelley/imagedata	master
19/09/19 14:25	dankelley/imagedata	master
19/09/19 14:24	dankelley/imagedata	master
19/09/19 11:33	agrueneberg/crochet	master
19/09/19 07:46	thlytras/rspiro	master
19/09/19 00:41	miraisolutions/xlconnect	master
19/09/19 00:41	miraisolutions/xlconnectjars	master
19/09/17 00:54	rvalavi/blockCV	master
19/09/17 00:02	shihikoo/AutoAnnotation	master
19/09/10 00:40	AChauvenet/ProtectEqual	master
19/09/10 00:13	tpepler/nonpar	master
19/08/31 00:05	krlmlr/ulimit	master
19/08/31 00:01	krlmlr/ulimit	master
19/08/30 00:22	merns/postgwas	master
19/08/22 00:40	jennybc/googlesheets	master
19/08/22 00:29	jennybc/googlesheets	master
19/08/22 00:28	jennybc/googlesheets	master
19/08/22 00:28	jennybc/googlesheets	master
19/08/22 00:28	jennybc/googlesheets	master
19/08/22 00:27	jennybc/googlesheets	master
19/08/22 00:27	jennybc/googlesheets	master
19/08/22 00:27	jennybc/googlesheets	master
