19/04/16 09:02	ymattu/MlBayesOpt	master
19/04/16 08:42	Appsilon/shiny.router	master
19/04/16 08:32	awalker89/Rjira	master
19/04/16 08:13	Appsilon/shiny.router	master
19/04/16 08:11	vqv/ggbiplot	master
19/04/16 08:10	kaneplusplus/biganalytics	master
19/04/16 07:32	Appsilon/shiny.router	master
19/04/16 07:18	kaneplusplus/bigmemory	master
19/04/16 06:35	mccallm/miRcomp	master
19/04/16 06:34	mccallm/miRcomp	master
19/04/16 06:29	nicolewhite/RNeo4j	master
19/04/16 06:27	braverock/blotter	master
19/04/16 04:30	cmap/cmapR	master
19/04/16 00:39	hoxo-m/magicfor	master
19/04/14 00:56	hrbrmstr/taucharts	master
19/04/14 00:42	AFIT-R/vip	master
19/04/14 00:41	vqv/ggbiplot	master
19/04/12 00:55	ECO230/eco230r	master
19/04/12 00:54	ECO230/eco230r	master
19/04/12 00:15	ECO230/eco230r	master
19/04/12 00:12	xia-lab/MetaboAnalystR	master
19/04/11 00:39	youngstreetinitiative/paths	master
19/04/10 00:30	ECO230/eco230r	master
19/04/09 00:57	dschlauch/stego	master
19/04/09 00:54	gepuro/addin4githubinstall	master
19/04/03 00:29	ECO230/eco230r	master
19/03/31 00:05	GuillemSalazar/EcolUtils	master
19/03/22 00:44	maRce10/warbleR	master
19/03/22 00:38	maRce10/warbleR	master
19/03/19 00:23	aukkola/FluxnetLSM	master
