19/05/02 20:43	soodoku/tubern	master
19/05/02 20:34	JrEduardo/gammacount	master
19/05/02 20:07	robjhyndman/MEFM-package	master
19/05/02 19:56	Farewe/virtualspecies	master
19/05/02 18:32	mojaveazure/loomR	master
19/05/02 18:17	EpidemiologyDVM/Rnets	master
19/05/02 18:04	jokergoo/ComplexHeatmap	master
19/05/02 18:01	mannau/h5	master
19/05/02 17:59	alexsanjoseph/compareDF	master
19/05/02 17:56	alexsanjoseph/compareDF	master
19/05/02 17:41	Mahalanobis/MalaUtils	master
19/05/02 16:54	gvegayon/twitterreport	master
19/05/02 16:12	hoxo-m/magicfor	master
19/05/02 15:33	vqv/ggbiplot	master
19/05/02 14:47	vqv/ggbiplot	master
19/05/02 14:45	prcwiek/pmetar	master
19/05/02 14:26	trnnick/TStools	master
19/05/02 14:23	MarkEdmondson1234/youtubeAnalyticsR	master
19/05/02 14:20	MarkEdmondson1234/youtubeAnalyticsR	master
19/05/02 14:10	vqv/ggbiplot	master
19/05/02 13:25	DheerajAgarwal/rgdax	master
19/05/02 13:24	babaknaimi/mraster	master
19/05/02 13:23	GuillemSalazar/EcolUtils	master
19/05/02 13:15	prcwiek/pmetar	master
19/05/02 13:07	MirzaCengic/gdalR	master
19/05/02 13:06	bwrc/edf	master
19/05/02 12:53	leifeld/texreg	29c7189
19/05/02 12:45	leifeld/texreg	master
19/05/02 11:35	wmurphyrd/colorplaner	master
19/05/02 11:30	wmurphyrd/colorplaner	master
19/05/02 07:54	andrie/version.compare	master
19/05/02 06:34	ammeir2/selective-fmri	master
19/05/02 02:21	abresler/nbastatR	master
19/05/02 01:54	EDiLD/restax	master
19/05/02 01:02	MatMatt/MODIS	master
