19/01/11 22:56	vqv/ggbiplot	master
19/01/11 22:52	vqv/ggbiplot	master
19/01/11 22:52	vqv/ggbiplot	master
19/01/11 19:45	dgrtwo/drlib	master
19/01/11 19:20	maRce10/warbleR	master
19/01/11 18:25	statsmaths/genlasso	master
19/01/11 17:44	Displayr/flipU	master
19/01/11 12:55	vqv/ggbiplot	master
19/01/11 12:46	vqv/ggbiplot	master
19/01/11 12:22	vqv/ggbiplot	master
19/01/11 12:15	vqv/ggbiplot	master
19/01/11 11:23	hadley/ggplot2	49619b7
19/01/11 11:15	strengejacke/sjlabelled	master
19/01/11 10:41	hoxo-m/magicfor	master
19/01/11 10:25	Mapsred/ShinySEO	master
19/01/11 08:56	maRce10/warbleR	master
19/01/11 08:35	mclements/rstpm2	develop
19/01/11 00:44	vqv/ggbiplot	master
19/01/11 00:43	vqv/ggbiplot	master
19/01/10 00:56	hadley/precis	master
19/01/10 00:29	doomlab/MOTE	master
19/01/09 00:44	krlmlr/ulimit	master
19/01/09 00:44	Ossifragus/OSMAC	master
19/01/08 00:52	krlmlr/ulimit	master
19/01/08 00:49	Ossifragus/OSMAC	master
19/01/08 00:19	zdk123/SpiecEasi	master
19/01/06 00:36	hadley/precis	master
19/01/06 00:34	hadley/precis	master
19/01/03 00:14	google/GeoexperimentsResearch	master
18/12/23 00:49	andreaskiermeier/AcceptanceSampling	master
18/12/23 00:48	emilopezcano/SixSigma	master
18/12/20 00:19	jeanmarielepioufle/rabarbRa	master
18/12/17 00:13	hadley/readxl	master
18/12/13 00:35	ebuhle/salmonIPM	master
