19/10/31 19:32	nurandi/katadasaR	master
19/10/31 19:23	strengejacke/esc	master
19/10/31 19:22	sjPlot/esc	master
19/10/31 16:56	azvoleff/wrspathrow	master
19/10/31 16:51	azvoleff/wrspathrowData	master
19/10/31 16:16	azvoleff/wrspathrowData	master
19/10/31 16:14	ECO230/eco230r	master
19/10/31 13:59	esmucler/mmlasso	master
19/10/31 11:15	ramnathv/rCharts	master
19/10/31 10:36	ramnathv/rCharts	master
19/10/31 10:29	pitakakariki/simr	master
19/10/31 10:29	LudvigOlsen/cvms	master
19/10/31 10:09	drsimonj/corrr	master
19/10/31 10:04	drsimonj/corrr	master
19/10/31 09:37	selbouhaddani/PO2PLS	o2m_style
19/10/31 00:36	yrosseel/lavaan	master
19/10/29 00:45	m-Py/minDiff	master
19/10/27 00:18	IRkernel/IRkernel	master
19/10/27 00:16	IRkernel/IRkernel	master
19/10/26 00:37	m-Py/minDiff	master
19/10/25 00:38	sjmgarnier/viridis	master
19/10/24 00:44	sjmgarnier/viridis	master
19/10/23 00:46	vqv/ggbiplot	master
19/10/16 00:03	jmbh/mgm	master
19/10/14 00:56	adamlilith/omnibus	master
19/10/12 00:53	velocyto-team/velocyto.R	master
19/10/10 00:11	Ram-N/weatherData	master
19/10/10 00:09	mariavica/mircomb	master
19/10/10 00:02	mccallm/miRcomp	master
19/10/09 00:23	hadley/ggplot2	49619b7
19/10/05 00:47	ramnathv/rCharts	master
19/10/04 00:27	ECO230/eco230r	master
19/10/04 00:00	ECO230/eco230r	master
19/10/04 00:00	ECO230/eco230r	master
