19/08/29 19:59	hrbrmstr/taucharts	master
19/08/29 19:39	USGS-R/smwrBase	master
19/08/29 18:32	hrbrmstr/taucharts	master
19/08/29 17:42	arcaravaggi/remBoot	master
19/08/29 16:42	jrnold/qss-data	master
19/08/29 16:13	mertensu/adex	master
19/08/29 13:26	Spatial-R/EnvExpInd	master
19/08/29 13:24	tagteam/heaven	964bbbd
19/08/29 12:38	tagteam/heaven	964bbbd
19/08/29 10:36	vqv/ggbiplot	master
19/08/29 10:05	LasseHjort/cuRe	master
19/08/29 08:53	italo-granato/BGGE	master
19/08/29 08:51	UcarLab/BiFET	master
19/08/29 08:50	UcarLab/BiFET	master
19/08/29 08:49	cttobin/ggthemr	master
19/08/29 08:49	UcarLab/BiFET	master
19/08/29 08:30	Appsilon/shiny.router	master
19/08/29 05:05	awalker89/openxlsx	master
19/08/29 04:58	rstudio/shiny-incubator	master
19/08/29 03:49	Boshoffsmit/Mypackage	master
19/08/29 03:46	ArmandDS/rpackage	master
