19/05/07 20:58	vqv/ggbiplot	master
19/05/07 20:48	twitter/AnomalyDetection	master
19/05/07 20:46	twitter/AnomalyDetection	master
19/05/07 20:42	twitter/AnomalyDetection	master
19/05/07 20:30	twitter/AnomalyDetection	master
19/05/07 20:27	twitter/AnomalyDetection	master
19/05/07 18:59	twitter/AnomalyDetection	master
19/05/07 17:56	chrismerkord/epical	master
19/05/07 16:57	robjhyndman/MEFM-package	master
19/05/07 16:00	ujjwalkarn/xda	master
19/05/07 15:50	daigazi/bamapr	master
19/05/07 14:43	sahildshah1/gene-surrounder	master
19/05/07 13:19	shihikoo/AutoAnnotation	master
19/05/07 11:48	prcwiek/pmetar	master
19/05/07 11:45	thlytras/rspiro	master
19/05/07 10:23	vqv/ggbiplot	master
19/05/07 10:11	vqv/ggbiplot	master
19/05/07 10:10	strengejacke/sjPlot	master
19/05/07 10:05	strengejacke/sjPlot	master
19/05/07 08:22	fawda123/ggord	master
19/05/07 03:23	strengejacke/sjPlot	master
19/05/07 02:30	cloudyr/aws.ec2	master
19/05/07 02:30	cloudyr/aws.iam	master
19/05/07 02:29	cloudyr/aws.signature	master
19/05/07 02:29	cloudyr/aws.s3	master
19/05/07 00:40	robjhyndman/MEFM-package	master
19/05/07 00:35	robjhyndman/MEFM-package	master
19/05/06 00:27	mpadge/tnorm	master
19/05/02 00:25	ujjwalkarn/xda	master
19/05/01 00:49	ropensci/tabulizer	master
19/05/01 00:49	ropensci/tabulizerjars	master
19/04/28 00:46	AybarCL/Dorado	master
19/04/27 00:42	strengejacke/sjmisc	master
19/04/27 00:40	strengejacke/sjlabelled	master
19/04/27 00:34	zzawadz/rawk	master
19/04/27 00:32	twitter/AnomalyDetection	master
19/04/27 00:07	vijaybarve/ENMGadgets	master
19/04/27 00:06	vijaybarve/ENMGadgets	master
19/04/27 00:06	vijaybarve/ENMGadgets	master
19/04/27 00:01	vijaybarve/ENMGadgets	master
19/04/26 00:50	jeroenooms/awk	master
19/04/26 00:47	kevinushey/Kmisc	master
19/04/26 00:47	kevinushey/Kmisc	master
19/04/26 00:47	kevinushey/Kmisc	master
19/04/26 00:42	kevinushey/Kmisc	master
19/04/26 00:00	maRce10/Rraven	master
19/04/25 00:26	vqv/ggbiplot	master
19/04/25 00:02	maRce10/Rraven	master
19/04/21 00:11	rstudio/rmdexamples	master
19/04/20 00:51	talgalili/installr	master
19/04/19 00:09	Shians/Glimma	master
19/04/16 00:39	hoxo-m/magicfor	master
19/04/14 00:56	hrbrmstr/taucharts	master
19/04/14 00:42	AFIT-R/vip	master
19/04/14 00:41	vqv/ggbiplot	master
19/04/12 00:55	ECO230/eco230r	master
19/04/12 00:54	ECO230/eco230r	master
19/04/12 00:15	ECO230/eco230r	master
19/04/12 00:12	xia-lab/MetaboAnalystR	master
19/04/11 00:39	youngstreetinitiative/paths	master
19/04/10 00:30	ECO230/eco230r	master
19/04/09 00:57	dschlauch/stego	master
19/04/09 00:54	gepuro/addin4githubinstall	master
