19/07/23 08:48	drizopoulos/JMbayes	master
19/07/23 08:44	drizopoulos/JMbayes	master
19/07/23 08:23	mutualism/sciplot	master
19/07/23 07:47	IM-APHP/pmeasyr	master
19/07/23 06:46	sfirke/janitor	master
19/07/23 06:37	awalker89/openxlsx	master
19/07/23 06:35	jwijffels/ETLUtils	master
19/07/23 06:03	Rapporter/pander	06c2f65797
19/07/23 04:25	gyang274/ygdashboard	master
19/07/23 04:05	CancerRxGene/gdscIC50	master
19/07/21 00:59	ropensci/tabulizer	master
19/07/21 00:59	ropensci/tabulizerjars	master
19/07/16 00:34	hadley/dplyr	master
19/07/16 00:15	hadley/dplyr	master
19/07/16 00:05	hadley/dplyr	master
19/07/14 00:29	timelyportfolio/d3treeR	master
19/07/13 00:30	strengejacke/sjPlot	master
19/07/09 00:25	drizopoulos/JMbayes	master
19/07/05 00:59	nlmixrdevelopment/RxODE	master
19/07/04 00:50	DerekYves/rsurveygizmo	master
19/07/04 00:11	ramhiser/datamicroarray	master
19/07/04 00:10	ramhiser/datamicroarray	master
19/07/04 00:08	ramhiser/datamicroarray	master
19/07/04 00:07	ramhiser/datamicroarray	master
19/07/03 00:07	tidyverse/googlesheets4	master
19/07/02 00:42	hrbrmstr/albersusa	master
19/06/28 00:06	AppliedDataSciencePartners/xgboostExplainer	master
19/06/28 00:06	AppliedDataSciencePartners/xgboostExplainer	master
