19/09/24 17:19	StatsWithR/statsr	BayesFactor
19/09/24 17:18	StatsWithR/statsr	BayesFactor
19/09/24 15:54	genexplain/geneXplainR	master
19/09/24 15:54	geneorama/geneorama	master
19/09/24 15:49	lebebr01/SPSStoR	master
19/09/24 14:39	Farewe/virtualspecies	master
19/09/24 14:27	alphatobeta/tidydata	master
19/09/24 14:26	twitter/AnomalyDetection	master
19/09/24 14:00	ECO230/eco230r	master
19/09/24 12:43	rstudio/DT	master
19/09/24 12:42	rstudio/DT	master
19/09/24 12:42	rstudio/DT	master
19/09/24 12:42	rstudio/DT	master
19/09/24 12:27	jonathon-love/car	master
19/09/24 12:25	jonathon-love/car	master
19/09/24 11:38	hoxo-m/magicfor	master
19/09/24 02:43	AChauvenet/ProtectEqual	master
19/09/24 02:17	AChauvenet/ProtectEqual	master
19/09/24 01:05	OHDSI/EmpiricalCalibration	master
19/09/19 00:41	miraisolutions/xlconnect	master
19/09/19 00:41	miraisolutions/xlconnectjars	master
19/09/17 00:54	rvalavi/blockCV	master
19/09/17 00:02	shihikoo/AutoAnnotation	master
19/09/10 00:40	AChauvenet/ProtectEqual	master
19/09/10 00:13	tpepler/nonpar	master
19/08/31 00:05	krlmlr/ulimit	master
19/08/31 00:01	krlmlr/ulimit	master
19/08/30 00:22	merns/postgwas	master
