19/05/29 16:14	PapenfussLab/StructuralVariantAnnotation	master
19/05/29 15:01	vqv/ggbiplot	master
19/05/29 14:02	maRce10/warbleR	master
19/05/29 13:08	ujjwalkarn/xda	master
19/05/29 12:51	ramnathv/rblocks	master
19/05/29 12:48	Appsilon/shiny.router	master
19/05/29 12:38	twitter/AnomalyDetection	master
19/05/29 12:25	twitter/AnomalyDetection	master
19/05/29 12:25	twitter/AnomalyDetection	master
19/05/29 12:18	twitter/AnomalyDetection	master
19/05/29 12:17	twitter/AnomalyDetection	master
19/05/29 12:15	twitter/AnomalyDetection	master
19/05/29 12:00	twitter/AnomalyDetection	master
19/05/29 11:53	Appsilon/shiny.router	master
19/05/29 11:52	twitter/AnomalyDetection	master
19/05/29 11:35	twitter/AnomalyDetection	master
19/05/29 11:23	twitter/AnomalyDetection	master
19/05/29 11:22	twitter/AnomalyDetection	master
19/05/29 11:21	twitter/AnomalyDetection	master
19/05/29 11:20	twitter/AnomalyDetection	master
19/05/29 11:18	twitter/AnomalyDetection	master
19/05/29 11:16	twitter/AnomalyDetection	master
19/05/29 10:57	Appsilon/shiny.router	master
19/05/29 10:12	Appsilon/shiny.router	master
19/05/29 09:11	hadley/tibble	master
19/05/29 09:11	hrbrmstr/dtupdate	master
19/05/29 09:11	hadley/memoise	master
19/05/29 09:10	hadley/svglite	master
19/05/29 09:10	r-lib/pkgload	master
19/05/29 09:09	r-lib/pkgbuild	master
19/05/29 09:09	eddelbuettel/digest	master
19/05/29 09:09	r-lib/testthat	master
19/05/29 09:09	HenrikBengtsson/R.devices	master
19/05/29 09:07	r-lib/remotes	master
19/05/29 09:06	aiorazabala/qmethod	master
19/05/29 09:06	gaborcsardi/prettyunits	master
19/05/29 09:06	r-lib/pillar	master
19/05/29 09:05	CollinErickson/comparer	master
19/05/29 09:05	RcppCore/Rcpp	master
19/05/29 09:04	RcppCore/Rcpp	master
19/05/29 08:45	mlr-org/mlr	forecasting
19/05/29 08:21	jeroenooms/curl	smtp
19/05/29 08:17	alexdulin/emailR	master
19/05/29 07:10	DexGroves/avr	master
19/05/29 06:58	Appsilon/shiny.router	master
19/05/29 06:40	mlr-org/mlr	forecasting
19/05/29 06:31	Appsilon/shiny.router	master
19/05/29 01:38	vqv/ggbiplot	master
19/05/25 00:57	duthedd/ggplot2	master
19/05/22 00:58	USGS-R/smwrData	master
19/05/21 00:35	strengejacke/sjPlot	master
19/05/18 00:51	thomasp85/patchwork	master
19/05/18 00:50	abresler/nbastatR	master
19/05/18 00:49	hrbrmstr/adobecolor	master
19/05/18 00:48	hrbrmstr/adobecolor	master
19/05/18 00:45	hadley/lobstr	master
19/05/18 00:44	swihart/aaroseplot	master
19/05/18 00:42	MilesMcBain/gistfo	master
19/05/18 00:42	ricardo-bion/ggradar	master
19/05/18 00:41	krlmlr/fstplyr	master
19/05/18 00:41	kirillseva/explain	master
19/05/18 00:41	hadley/emo	master
19/05/18 00:41	EdwinTh/dutchmasters	master
19/05/18 00:41	dgrtwo/drlib	master
19/05/18 00:40	brandmaier/deconstructR	master
19/05/17 00:33	ropensci/tabulizer	master
19/05/17 00:33	ropensci/tabulizerjars	master
19/05/11 00:30	hyunyulhenry/HenryQuant	master
19/05/09 00:52	bayesball/BApredict	master
19/05/09 00:51	bayesball/BApredict	master
19/05/09 00:48	bquast/RDDtools	master
19/05/09 00:48	bquast/RDDtools	master
19/05/09 00:41	bquast/RDDtools	master
19/05/09 00:35	haleyeidem/integRATE	master
19/05/07 00:40	robjhyndman/MEFM-package	master
19/05/07 00:35	robjhyndman/MEFM-package	master
19/05/06 00:27	mpadge/tnorm	master
19/05/02 00:25	ujjwalkarn/xda	master
19/05/01 00:49	ropensci/tabulizer	master
19/05/01 00:49	ropensci/tabulizerjars	master
