19/02/20 17:58	vqv/ggbiplot	master
19/02/20 17:54	hadley/ggplot2	49619b7
19/02/20 17:43	machLearnNA/RDN	master
19/02/20 17:22	vqv/ggbiplot	master
19/02/20 17:13	vqv/ggbiplot	master
19/02/20 17:08	vqv/ggbiplot	master
19/02/20 16:32	MoBiodiv/mobr	master
19/02/20 16:29	vqv/ggbiplot	master
19/02/20 16:18	MoBiodiv/mobr	master
19/02/20 15:59	fawda123/ggord	master
19/02/20 14:59	hilaryparker/cats	master
19/02/20 13:58	ccolonescu/PoEdata	master
19/02/20 13:37	ccolonescu/PoEdata	master
19/02/20 13:37	ujjwalkarn/xda	master
19/02/20 13:31	ujjwalkarn/xda	master
19/02/20 12:27	ccolonescu/PoEdata	master
19/02/20 12:24	ccolonescu/PoEdata	master
19/02/20 12:16	ccolonescu/PoEdata	master
19/02/20 12:13	ccolonescu/PoEdata	master
19/02/20 12:11	ccolonescu/PoEdata	master
19/02/20 12:10	ccolonescu/PoEdata	master
19/02/20 12:10	ccolonescu/PoEdata	master
19/02/20 11:36	ccolonescu/PoEdata	master
19/02/20 11:35	ccolonescu/PoEdata	master
19/02/20 11:33	pimentel/cluster	master
19/02/20 11:32	ahvigil/randomForest	master
19/02/20 11:32	majkamichal/naivebayes	master
19/02/20 11:20	ropenscilabs/skimr	master
19/02/20 11:19	moderndive/moderndive	master
19/02/20 11:18	thomasp85/patchwork	master
19/02/20 11:17	twitter/AnomalyDetection	master
19/02/20 11:07	jwijffels/ETLUtils	master
19/02/20 11:03	mages/ChainLadder	master
19/02/20 10:07	HenrikBengtsson/R.utils	master
19/02/20 10:06	mages/ChainLadder	master
19/02/20 10:01	joshuaulrich/TTR	master
19/02/20 10:00	RcppCore/RcppArmadillo	master
19/02/20 09:59	RcppCore/Rcpp	master
19/02/20 09:58	rstats-db/RSQLite	master
19/02/20 09:56	rstats-db/RMySQL	master
19/02/20 09:47	topepo/parsnip	master
19/02/20 04:24	statapps/power.ctepd	master
19/02/20 03:33	vqv/ggbiplot	master
19/02/20 02:05	cannin/pheatmap	master
19/02/20 00:14	jbisanz/MicrobeR	master
19/02/20 00:14	jbisanz/MicrobeR	master
19/02/20 00:04	yihui/tinytex	master
19/02/20 00:03	maRce10/warbleR	master
19/02/19 00:38	ymattu/MlBayesOpt	master
19/02/16 00:46	kbroman/ricalc	master
19/02/15 00:38	ropensci/tabulizer	master
19/02/15 00:38	ropensci/tabulizerjars	master
19/02/15 00:29	ropensci/tabulizer	master
19/02/15 00:29	ropensci/tabulizerjars	master
19/02/15 00:16	Logiwo/tabulizer	master
19/02/15 00:16	leeper/tabulizerjars	master
19/02/15 00:15	ropenscilabs/tabulizer	master
19/02/15 00:15	ropensci/tabulizerjars	master
19/02/15 00:13	ropensci/tabulizer	master
19/02/15 00:13	ropensci/tabulizerjars	master
19/02/15 00:11	ropensci/tabulizerjars	master
19/02/15 00:05	ropensci/tabulizer	master
19/02/15 00:05	ropensci/tabulizerjars	master
19/02/15 00:04	Logiwo/tabulizer	master
19/02/15 00:04	ropensci/tabulizerjars	master
19/02/13 00:54	strengejacke/sjPlot	master
19/02/10 00:40	twitter/BreakoutDetection	master
19/02/09 00:16	jrdnmdhl/reconIPD	master
19/02/09 00:15	jrdnmdhl/reconIPD	master
19/02/05 00:07	thlytras/rspiro	master
19/02/05 00:07	thlytras/rspiro	master
19/02/02 00:47	meysubb/collegeballR	master
19/02/02 00:10	domoinc-r/DomoR	master
19/02/01 00:15	smach/rmiscutils	master
19/02/01 00:14	smach/rmiscutils	master
19/01/31 00:09	jasongraf1/JGmisc	master
19/01/28 00:54	ropensci/tabulizer	master
19/01/28 00:54	ropensci/tabulizerjars	master
19/01/26 00:37	BMumphrey/TSE	master
19/01/26 00:37	BMumphrey/TSE	master
19/01/26 00:36	BMumphrey/TSE	master
19/01/26 00:36	leeper/tabulizer	master
19/01/26 00:35	BMumphrey/TSE	master
19/01/26 00:35	leeper/tabulizerjars	master
19/01/26 00:34	leeper/tabulizer	master
19/01/26 00:34	leeper/tabulizerjars	master
19/01/26 00:32	leeper/tabulizer	master
19/01/26 00:32	leeper/tabulizerjars	master
19/01/26 00:27	imanuelcostigan/aemo	master
19/01/26 00:15	hoxo-m/prophetExt	master
19/01/26 00:06	hoxo-m/prophetExt	master
19/01/23 00:44	hadley/precis	master
19/01/23 00:43	hadley/precis	master
19/01/23 00:20	andrewpbray/oilabs	master
