19/03/13 20:58	USGS-R/WQ-Review	1.3.2
19/03/13 20:40	ccolonescu/PoEdata	master
19/03/13 19:20	robjhyndman/MEFM-package	master
19/03/13 18:58	rdpeng/simpleboot	master
19/03/13 18:57	rdpeng/simpleboot	master
19/03/13 18:56	swager/randomForestCI	master
19/03/13 18:36	ccolonescu/PoEdata	master
19/03/13 18:08	ccolonescu/PoEdata	master
19/03/13 18:07	ccolonescu/PoEdata	master
19/03/13 18:05	ccolonescu/PoEdata	master
19/03/13 17:58	ccolonescu/PoEdata	master
19/03/13 16:29	albhasan/mapAccuracy	master
19/03/13 15:08	rstudio/rsconnect	bugfix/http-2-headers
19/03/13 15:01	rstudio/rsconnect	bugfix/http-2-headers
19/03/13 15:01	rstudio/rsconnect	bugfix/http-2-headers
19/03/13 13:36	ccolonescu/PoEdata	master
19/03/13 12:38	NicolasJBM/grpcomp	master
19/03/13 12:36	NicolasJBM/grpcomp	master
19/03/13 12:31	ccolonescu/PoEdata	master
19/03/13 11:03	ccolonescu/PoEdata	master
19/03/13 10:47	ccolonescu/PoEdata	master
19/03/13 10:44	ccolonescu/PoEdata	master
19/03/13 10:41	ccolonescu/PoEdata	master
19/03/13 09:53	RichardBirnie/survtools	master
19/03/13 09:52	Rapporter/pander	06c2f65797
19/03/13 09:52	andrie/version.compare	master
19/03/13 09:50	Rapporter/pander	06c2f65797
19/03/13 09:50	Rapporter/pander	06c2f65797
19/03/13 09:46	RichardBirnie/survtools	master
19/03/13 09:46	RichardBirnie/survtools	master
19/03/13 07:33	hrbrmstr/passwordrandom	master
19/03/13 07:25	kassambara/ggpubr	master
19/03/13 07:24	kassambara/ggpubr	master
