19/09/04 12:53	kevinvergin/BATSLSA	master
19/09/04 12:49	kevinvergin/BATSLSA	master
19/09/04 12:48	kevinvergin/BATSLSA	master
19/09/04 12:48	kevinvergin/BATSLSA	master
19/09/04 12:45	rgriff23/btw	master
19/09/04 12:44	kevinvergin/BATSLSA	master
19/09/04 12:42	Bartesto/BARTpkg	master
19/09/04 12:33	Appsilon/shiny.router	master
19/09/04 10:10	StatsWithR/statsr	master
19/09/04 10:05	Rapporter/pander	06c2f65797
19/09/04 09:22	nachocab/clickme	master
19/09/04 07:59	vqv/ggbiplot	master
19/09/04 07:27	StatsWithR/statsr	master
19/09/04 06:23	smartinsightsfromdata/rpivotTable	master
19/09/04 06:22	jrowen/rhandsontable	master
19/09/04 02:53	badbye/baidumap	master
19/09/04 02:44	badbye/baidumap	master
19/08/31 00:05	krlmlr/ulimit	master
19/08/31 00:01	krlmlr/ulimit	master
19/08/30 00:22	merns/postgwas	master
19/08/22 00:40	jennybc/googlesheets	master
19/08/22 00:29	jennybc/googlesheets	master
19/08/22 00:28	jennybc/googlesheets	master
19/08/22 00:28	jennybc/googlesheets	master
19/08/22 00:28	jennybc/googlesheets	master
19/08/22 00:27	jennybc/googlesheets	master
19/08/22 00:27	jennybc/googlesheets	master
19/08/22 00:27	jennybc/googlesheets	master
19/08/12 00:07	matthewwolak/ICC	master
19/08/10 00:39	robjhyndman/MEFM-package	master
19/08/10 00:21	robjhyndman/MEFM-package	master
19/08/09 00:08	mikemeredith/wiqid	master
19/08/09 00:07	mikemeredith/wiqid	master
19/08/08 00:20	haozhu233/kableExtra	master
19/08/08 00:18	wilkelab/cowplot	master
19/08/08 00:13	Rapporter/pander	master
19/08/08 00:12	hrbrmstr/hrbrthemes	master
19/08/08 00:11	sfirke/janitor	master
19/08/08 00:10	hadley/reshape	master
19/08/08 00:09	tidyverse/lubridate	master
19/08/08 00:08	karthik/wesanderson	master
19/08/08 00:07	tidyverse/tidyverse	master
19/08/05 00:22	sinhrks/ggfortify	master
