19/01/30 18:42	strengejacke/sjPlot	master
19/01/30 18:35	crsh/papaja	master
19/01/30 17:36	behuang/mpMap	master
19/01/30 16:19	smach/rmiscutils	master
19/01/30 16:17	rstudio/bookdown	master
19/01/30 15:38	strengejacke/sjPlot	master
19/01/30 15:19	thlytras/rspiro	master
19/01/30 15:07	Rapporter/pander	06c2f65797
19/01/30 14:59	timflutre/rutilstimflutre	master
19/01/30 14:49	karthik/wesanderson	master
19/01/30 14:25	earowang/icon	master
19/01/30 14:22	richfitz/cppinfo	master
19/01/30 14:20	xinchoubiology/RcppTinyex	master
19/01/30 14:19	richfitz/RcppR6	master
19/01/30 14:19	dcdillon/RcppHoney	master
19/01/30 13:16	GuangchuangYu/ggtree	master
19/01/30 13:12	HenrikBengtsson/expectile	master
19/01/30 13:11	HenrikBengtsson/expectile	master
19/01/30 13:11	HenrikBengtsson/expectile	master
19/01/30 11:42	sjmgarnier/viridis	master
19/01/30 10:59	RcppCore/Rcpp	master
19/01/30 10:46	pohlio/tidyinftheo	master
19/01/30 10:45	mdscheuerell/muti	master
19/01/30 10:44	vqv/ggbiplot	master
19/01/30 10:40	kevinushey/later	master
19/01/30 10:08	vqv/ggbiplot	master
19/01/30 10:02	skardhamar/rga	master
19/01/30 08:53	hoxo-m/prophetExt	master
19/01/30 08:15	yihui/recharts	master
19/01/30 07:57	xanhuang/RTest	master
19/01/30 07:56	xanhuang/RTest	master
19/01/30 07:41	xanhuang/RTest	master
19/01/30 07:41	MaurizioInDenmark/RTest	master
19/01/30 06:59	jimhester/lookup	master
19/01/30 06:58	jimhester/lookup	master
19/01/30 05:04	leeshawn/SKAT	Sparse_Version
19/01/30 04:53	leeshawn/SKAT	Sparse_Version
19/01/30 02:17	andrewpbray/oilabs	master
19/01/30 02:05	leeper/tabulizer	master
19/01/30 02:05	ropensci/tabulizerjars	master
19/01/30 01:33	eclarke/ggbeeswarm	master
19/01/28 00:54	ropensci/tabulizer	master
19/01/28 00:54	ropensci/tabulizerjars	master
19/01/26 00:37	BMumphrey/TSE	master
19/01/26 00:37	BMumphrey/TSE	master
19/01/26 00:36	BMumphrey/TSE	master
19/01/26 00:36	leeper/tabulizer	master
19/01/26 00:35	BMumphrey/TSE	master
19/01/26 00:35	leeper/tabulizerjars	master
19/01/26 00:34	leeper/tabulizer	master
19/01/26 00:34	leeper/tabulizerjars	master
19/01/26 00:32	leeper/tabulizer	master
19/01/26 00:32	leeper/tabulizerjars	master
19/01/26 00:27	imanuelcostigan/aemo	master
19/01/26 00:15	hoxo-m/prophetExt	master
19/01/26 00:06	hoxo-m/prophetExt	master
19/01/23 00:44	hadley/precis	master
19/01/23 00:43	hadley/precis	master
19/01/23 00:20	andrewpbray/oilabs	master
19/01/20 00:02	vqv/ggbiplot	master
19/01/17 00:06	zdk123/SpiecEasi	master
19/01/16 00:44	zdk123/SpiecEasi	master
19/01/15 00:38	claudia-codeco/AlertTools	master
19/01/15 00:36	romainfrancois/tie	master
19/01/12 00:44	hoxo-m/magicfor	master
19/01/11 00:44	vqv/ggbiplot	master
19/01/11 00:43	vqv/ggbiplot	master
19/01/10 00:56	hadley/precis	master
19/01/10 00:29	doomlab/MOTE	master
19/01/09 00:44	krlmlr/ulimit	master
19/01/09 00:44	Ossifragus/OSMAC	master
19/01/08 00:52	krlmlr/ulimit	master
19/01/08 00:49	Ossifragus/OSMAC	master
19/01/08 00:19	zdk123/SpiecEasi	master
19/01/06 00:36	hadley/precis	master
19/01/06 00:34	hadley/precis	master
19/01/03 00:14	google/GeoexperimentsResearch	master
