19/11/30 20:16	thlytras/rspiro	master
19/11/30 18:56	trestletech/plumber	54fc7f779ae864bbb9edc017a15c4e3bf2bae2a7
19/11/30 13:57	kkholst/gof	master
19/11/30 11:47	kkholst/gof	master
19/11/30 11:47	kkholst/gof	master
19/11/30 11:46	kkholst/gof	master
19/11/30 11:19	jimhester/lookup	master
19/11/30 10:53	davidavdav/ROC	master
19/11/30 10:41	SachaEpskamp/semPlot	master
19/11/30 10:36	SachaEpskamp/semPlot	master
19/11/30 04:18	ewenharrison/summarizer	master
19/11/30 04:18	hrbrmstr/hrbraddins	master
19/11/30 04:18	daattali/colourpicker	master
19/11/30 04:18	ThinkR-open/remedy	master
19/11/30 04:18	rstudio/shiny	master
19/11/28 00:17	ewenharrison/summarizer	master
19/11/28 00:17	hrbrmstr/hrbraddins	master
19/11/28 00:17	daattali/colourpicker	master
19/11/28 00:17	ThinkR-open/remedy	master
19/11/28 00:17	rstudio/shiny	master
19/11/27 00:40	ewenharrison/summarizer	master
19/11/27 00:40	hrbrmstr/hrbraddins	master
19/11/27 00:40	daattali/colourpicker	master
19/11/27 00:40	ThinkR-open/remedy	master
19/11/27 00:40	rstudio/shiny	master
19/11/27 00:13	ewenharrison/summarizer	master
19/11/27 00:13	hrbrmstr/hrbraddins	master
19/11/27 00:13	daattali/colourpicker	master
19/11/27 00:12	ThinkR-open/remedy	master
19/11/27 00:12	rstudio/shiny	master
19/11/26 00:07	ewenharrison/summarizer	master
19/11/26 00:07	hrbrmstr/hrbraddins	master
19/11/26 00:07	daattali/colourpicker	master
19/11/26 00:07	ThinkR-open/remedy	master
19/11/26 00:07	rstudio/shiny	master
19/11/22 00:51	maRce10/warbleR	master
19/11/21 00:44	ewenharrison/summarizer	master
19/11/21 00:44	hrbrmstr/hrbraddins	master
19/11/21 00:44	daattali/colourpicker	master
19/11/21 00:44	ThinkR-open/remedy	master
19/11/21 00:44	rstudio/shiny	master
19/11/21 00:41	pmartinezarbizu/RFtools	master
19/11/21 00:40	pmartinezarbizu/RFtools	master
19/11/20 00:51	sjmgarnier/viridis	master
19/11/18 00:10	kassambara/ggpubr	master
19/11/15 00:56	att/rcloud.dcplot	master
19/11/15 00:27	TommyJones/textmineR	master
19/11/15 00:26	imadmali/stanode	master
19/11/15 00:25	dtkaplan/gitgrade	master
19/11/14 00:06	rstudio/shiny	master
19/11/14 00:03	leeshawn/SKAT	Sparse_Version
19/11/14 00:01	leeshawn/SKAT	Sparse_Version
19/10/31 00:36	yrosseel/lavaan	master
