19/10/10 20:15	hoxo-m/prophetExt	master
19/10/10 20:08	hoxo-m/prophetExt	master
19/10/10 20:05	hoxo-m/prophetExt	master
19/10/10 19:52	hoxo-m/prophetExt	master
19/10/10 19:48	hoxo-m/prophetExt	master
19/10/10 19:40	hoxo-m/prophetExt	master
19/10/10 19:40	hoxo-m/prophetExt	master
19/10/10 19:38	hoxo-m/prophetExt	master
19/10/10 19:23	gavinsimpson/ggvegan	master
19/10/10 19:18	gavinsimpson/ggvegan	master
19/10/10 19:18	gavinsimpson/ggvegan	master
19/10/10 19:16	gavinsimpson/ggvegan	master
19/10/10 18:41	sbha/weatherr	master
19/10/10 18:39	wlandau-lilly/drake	master
19/10/10 18:07	lotze/COMPoissonReg	master
19/10/10 16:39	robjhyndman/MEFM-package	master
19/10/10 16:34	elbamos/largeVis	master
19/10/10 13:45	grafab/pergola	master
19/10/10 13:43	grafab/pergola	master
19/10/10 13:38	grafab/pergola	master
19/10/10 13:13	jeroenooms/mongolite	master
19/10/10 10:40	hoxo-m/magicfor	master
19/10/10 10:38	bergant/datamodelr	master
19/10/10 08:59	alyssafrazee/RSkittleBrewer	master
19/10/10 08:41	drizopoulos/JMbayes	master
19/10/10 07:40	tidyverse/ggplot2	master
19/10/10 07:39	PMassicotte/gtrendsR	master
19/10/10 07:38	r-dbi/DBI	master
19/10/10 07:38	Rdatatable/data.table	master
19/10/10 07:37	cloudyr/aws.s3	master
19/10/10 07:37	cloudyr/aws.signature	master
19/10/10 07:35	nfultz/AWR.Athena	master
19/10/10 07:34	twitter/AnomalyDetection	master
19/10/10 07:33	hadley/dplyr	master
19/10/10 07:21	tidyverse/readr	master
