19/08/04 16:33	vqv/ggbiplot	master
19/08/04 16:32	vqv/ggbiplot	master
19/08/04 16:32	vqv/ggbiplot	master
19/08/04 16:31	vqv/ggbiplot	master
19/08/04 16:27	acnb/ggpub	master
19/08/04 16:27	diogosbr/spfilt	master
19/08/04 16:25	Farewe/virtualspecies	master
19/08/04 11:33	ramnathv/slidifyLibraries	master
19/08/04 11:32	ramnathv/slidify	master
19/08/03 00:57	KIT-IfGG/LandClimTools	master
19/07/27 00:12	vqv/ggbiplot	master
19/07/21 00:59	ropensci/tabulizer	master
19/07/21 00:59	ropensci/tabulizerjars	master
19/07/16 00:34	hadley/dplyr	master
19/07/16 00:15	hadley/dplyr	master
19/07/16 00:05	hadley/dplyr	master
19/07/14 00:29	timelyportfolio/d3treeR	master
19/07/13 00:30	strengejacke/sjPlot	master
19/07/09 00:25	drizopoulos/JMbayes	master
19/07/05 00:59	nlmixrdevelopment/RxODE	master
