19/04/15 06:35	nicolewhite/RNeo4j	master
19/04/15 06:20	ccolonescu/PoEdata	master
19/04/15 05:42	fawda123/ggord	master
19/04/15 05:42	fawda123/ggord	master
19/04/15 05:41	fawda123/ggord	master
19/04/15 03:44	fawda123/ggord	master
19/04/15 03:42	fawda123/ggord	master
19/04/15 03:41	johnbaums/jagstools	master
19/04/15 01:25	r-lib/remotes	master
19/04/15 01:02	cszang/oblique	master
19/04/14 00:56	hrbrmstr/taucharts	master
19/04/14 00:42	AFIT-R/vip	master
19/04/14 00:41	vqv/ggbiplot	master
19/04/12 00:55	ECO230/eco230r	master
19/04/12 00:54	ECO230/eco230r	master
19/04/12 00:15	ECO230/eco230r	master
19/04/12 00:12	xia-lab/MetaboAnalystR	master
19/04/11 00:39	youngstreetinitiative/paths	master
19/04/10 00:30	ECO230/eco230r	master
19/04/09 00:57	dschlauch/stego	master
19/04/09 00:54	gepuro/addin4githubinstall	master
19/04/03 00:29	ECO230/eco230r	master
19/03/31 00:05	GuillemSalazar/EcolUtils	master
19/03/22 00:44	maRce10/warbleR	master
19/03/22 00:38	maRce10/warbleR	master
19/03/19 00:23	aukkola/FluxnetLSM	master
19/03/16 00:19	keaven/nphsim	master
