19/01/07 18:47	thlytras/rspiro	master
19/01/07 18:40	trulia/choroplethr	master
19/01/07 18:26	royfrancis/pophelper	master
19/01/07 18:19	Karel-Kroeze/MCAT	
19/01/07 16:13	ajdamico/lodown	master
19/01/07 16:12	jasonfischer/rivSurveyR	master
19/01/07 16:02	jasonfischer/rivSurveyR	master
19/01/07 10:35	thomasp85/lime	master
19/01/07 10:27	PirateGrunt/ImportR	master
19/01/07 10:27	r-lib/depends	master
19/01/07 10:23	akeyel/multirich	master
19/01/07 10:23	leeper/tabulizer	master
19/01/07 10:23	leeper/tabulizerjars	master
19/01/07 06:22	tpq/eek	master
19/01/07 06:22	tpq/eek	master
19/01/07 06:09	pachamaltese/WIG	master
19/01/07 05:38	PMBio/slalom	master
19/01/07 05:22	kbroman/qtl	master
19/01/07 05:21	tpq/eek	master
19/01/06 00:36	hadley/precis	master
19/01/06 00:34	hadley/precis	master
19/01/03 00:14	google/GeoexperimentsResearch	master
18/12/23 00:49	andreaskiermeier/AcceptanceSampling	master
18/12/23 00:48	emilopezcano/SixSigma	master
18/12/20 00:19	jeanmarielepioufle/rabarbRa	master
18/12/17 00:13	hadley/readxl	master
18/12/13 00:35	ebuhle/salmonIPM	master
18/12/10 00:30	hrbrmstr/albersusa	master
18/12/09 00:37	hoxo-m/prophetExt	master
