19/06/07 19:42	alastair-JL/AnthroTools	master
19/06/07 18:28	jokergoo/ComplexHeatmap	master
19/06/07 16:58	metaOmics/MetaDE	master
19/06/07 16:54	metaOmic/MetaDE	master
19/06/07 16:54	metaOmics/MetaDE	master
19/06/07 14:20	jeremystan/tidyjson	master
19/06/07 14:18	s-u/unixtools	master
19/06/07 13:52	cannin/pheatmap	master
19/06/07 13:41	cannin/pheatmap	master
19/06/07 13:41	rstudio/crosstalk	master
19/06/07 13:40	mdjbru-R-packages/thermPerf	master
19/06/07 13:40	rstudio/leaflet	master
19/06/07 13:40	randomchars42/bioset	master
19/06/07 13:09	dyerlab/popgraph	master
19/06/07 12:23	tm4ss/tmca.classify	master
19/06/07 12:04	brodieG/vetr	master
19/06/07 11:22	tidyverse/broom	master
19/06/07 09:41	yeukyul/lindia	master
19/06/07 07:37	crsh/papaja	master
19/06/07 07:01	Zongzheng/forestSAS	master
