19/02/13 10:48	strengejacke/sjlabelled	master
19/02/13 10:40	ccolonescu/PoEdata	master
19/02/13 10:25	strengejacke/sjPlot	master
19/02/13 09:18	strengejacke/sjlabelled	master
19/02/13 08:21	hadley/ggplot2	master
19/02/13 07:55	hadley/ggplot2	master
19/02/13 07:39	rdpeng/filehash	master
19/02/13 07:39	hadley/tidyverse	master
19/02/13 07:30	andrie/sentiment	master
19/02/13 07:17	ujjwalkarn/xda	master
19/02/13 05:58	ThinkRstat/tweetstorm	master
19/02/13 05:57	ThinkRstat/tweetstorm	master
19/02/13 05:37	ThinkRstat/tweetstorm	master
19/02/13 05:35	ujjwalkarn/xda	master
19/02/13 04:42	RevolutionAnalytics/azureml	master
19/02/13 04:41	RevolutionAnalytics/AzureML	master
19/02/13 04:41	RevolutionAnalytics/webapi	master
19/02/13 04:24	nickpoison/astsa	master
19/02/13 02:54	maRce10/warbleR	master
19/02/13 02:30	pablobarbera/scholarnetwork	master
19/02/13 02:29	pablobarbera/scholarnetwork	master
19/02/13 02:23	ThinkRstat/tweetstorm	master
19/02/13 02:11	ThinkRstat/tweetstorm	master
19/02/13 02:11	ThinkRstat/tweetstorm	master
19/02/13 02:10	ThinkRstat/tweetstorm	master
19/02/13 02:09	ThinkRstat/tweetstorm	master
19/02/13 00:54	strengejacke/sjPlot	master
19/02/10 00:40	twitter/BreakoutDetection	master
19/02/09 00:16	jrdnmdhl/reconIPD	master
19/02/09 00:15	jrdnmdhl/reconIPD	master
19/02/05 00:07	thlytras/rspiro	master
19/02/05 00:07	thlytras/rspiro	master
19/02/02 00:47	meysubb/collegeballR	master
19/02/02 00:10	domoinc-r/DomoR	master
19/02/01 00:15	smach/rmiscutils	master
19/02/01 00:14	smach/rmiscutils	master
19/01/31 00:09	jasongraf1/JGmisc	master
19/01/28 00:54	ropensci/tabulizer	master
19/01/28 00:54	ropensci/tabulizerjars	master
19/01/26 00:37	BMumphrey/TSE	master
19/01/26 00:37	BMumphrey/TSE	master
19/01/26 00:36	BMumphrey/TSE	master
19/01/26 00:36	leeper/tabulizer	master
19/01/26 00:35	BMumphrey/TSE	master
19/01/26 00:35	leeper/tabulizerjars	master
19/01/26 00:34	leeper/tabulizer	master
19/01/26 00:34	leeper/tabulizerjars	master
19/01/26 00:32	leeper/tabulizer	master
19/01/26 00:32	leeper/tabulizerjars	master
19/01/26 00:27	imanuelcostigan/aemo	master
19/01/26 00:15	hoxo-m/prophetExt	master
19/01/26 00:06	hoxo-m/prophetExt	master
19/01/23 00:44	hadley/precis	master
19/01/23 00:43	hadley/precis	master
19/01/23 00:20	andrewpbray/oilabs	master
19/01/20 00:02	vqv/ggbiplot	master
19/01/17 00:06	zdk123/SpiecEasi	master
19/01/16 00:44	zdk123/SpiecEasi	master
19/01/15 00:38	claudia-codeco/AlertTools	master
19/01/15 00:36	romainfrancois/tie	master
