19/07/08 17:10	jgx65/hierfstat	v0.04-29
19/07/08 15:36	crsh/papaja	master
19/07/08 15:07	hadley/rlang	master
19/07/08 15:04	r-lib/rlang	master
19/07/08 14:28	crsh/papaja	master
19/07/08 14:27	crsh/papaja	master
19/07/08 14:27	crsh/papaja	master
19/07/08 14:22	strengejacke/sjPlot	master
19/07/08 14:19	ropensci/taxize	master
19/07/08 14:11	crsh/papaja	devel
19/07/08 13:49	Rapporter/pander	06c2f65797
19/07/08 09:16	satijalab/seurat	v3.0.2
19/07/08 08:20	andzajan/mzmatch.R	master
19/07/08 02:50	aryeelab/sparseHiC	master
19/07/05 00:59	nlmixrdevelopment/RxODE	master
19/07/04 00:50	DerekYves/rsurveygizmo	master
19/07/04 00:11	ramhiser/datamicroarray	master
19/07/04 00:10	ramhiser/datamicroarray	master
19/07/04 00:08	ramhiser/datamicroarray	master
19/07/04 00:07	ramhiser/datamicroarray	master
19/07/03 00:07	tidyverse/googlesheets4	master
19/07/02 00:42	hrbrmstr/albersusa	master
19/06/28 00:06	AppliedDataSciencePartners/xgboostExplainer	master
19/06/28 00:06	AppliedDataSciencePartners/xgboostExplainer	master
19/06/14 00:43	robjhyndman/MEFM-package	master
19/06/13 00:17	JinmiaoChenLab/cytofkit	master
