19/12/18 20:42	zabore/ezfun	master
19/12/18 20:42	ewenharrison/summarizer	master
19/12/18 20:42	hrbrmstr/hrbraddins	master
19/12/18 20:42	daattali/colourpicker	master
19/12/18 20:42	ThinkR-open/remedy	master
19/12/18 20:42	rstudio/shiny	master
19/12/18 20:27	stewid/rmatio	master
19/12/18 19:21	satijalab/seurat	775dab4
19/12/18 19:14	satijalab/seurat	775dab4
19/12/18 18:52	zjosha/MyPackage	master
19/12/18 18:49	JonathanMcGuire/mhc	master
19/12/18 17:07	ProjectMOSAIC/mosaic	master
19/12/18 15:12	sidjai/matconv	master
19/12/18 15:05	cszang/squadron	master
19/12/18 13:21	raymondben/datavolley	master
19/12/18 12:28	AppliedDataSciencePartners/xgboostExplainer	master
19/12/18 12:22	ClaraHapp/funData	master
19/12/18 10:14	RajeswaranV/proportion	master
19/12/18 09:13	tomis9/decisionTree	master
19/12/18 09:00	GuangchuangYu/ggtree	master
19/12/18 07:39	DexGroves/glmnet	master
19/12/18 06:29	ropensci/tabulizer	master
19/12/18 06:29	leeper/tabulizerjars	master
19/12/18 06:28	ropensci/tabulizer	master
19/12/18 06:28	ropensci/tabulizerjars	master
19/12/18 01:59	ECO230/eco230r	master
