19/07/15 09:54	wenjie2wang/splines2	master
19/07/15 08:23	marcosci/NLMR	master
19/07/15 08:20	marcosci/NLMR	master
19/07/15 08:16	marcosci/NLMR	master
19/07/15 07:05	Rapporter/pander	06c2f65797
19/07/15 06:09	Rapporter/pander	06c2f65797
19/07/15 03:20	thomasp85/anomaly	master
19/07/15 01:24	sinhrks/ggfortify	master
19/07/14 00:29	timelyportfolio/d3treeR	master
19/07/13 00:30	strengejacke/sjPlot	master
19/07/09 00:25	drizopoulos/JMbayes	master
19/07/05 00:59	nlmixrdevelopment/RxODE	master
19/07/04 00:50	DerekYves/rsurveygizmo	master
19/07/04 00:11	ramhiser/datamicroarray	master
19/07/04 00:10	ramhiser/datamicroarray	master
19/07/04 00:08	ramhiser/datamicroarray	master
19/07/04 00:07	ramhiser/datamicroarray	master
19/07/03 00:07	tidyverse/googlesheets4	master
19/07/02 00:42	hrbrmstr/albersusa	master
19/06/28 00:06	AppliedDataSciencePartners/xgboostExplainer	master
19/06/28 00:06	AppliedDataSciencePartners/xgboostExplainer	master
