19/11/06 22:09	r-lib/httr	v1.3.1
19/11/06 18:39	wokai/rbamtools	master
19/11/06 18:39	richierocks/pathological	master
19/11/06 18:39	YTLogos/patchwork	master
19/11/06 18:36	Bioconductor/GoogleGenomics	master
19/11/06 18:34	Bioconductor/BiocInstaller	master
19/11/06 17:56	mrke/NicheMapR	master
19/11/06 16:01	pmartinezarbizu/RFtools	master
19/11/06 15:58	pmartinezarbizu/RFtools	master
19/11/06 15:29	sachsmc/ggkm	master
19/11/06 14:49	dgrtwo/drlib	master
19/11/06 11:39	moj-analytical-services/s3tools	master
19/10/31 00:36	yrosseel/lavaan	master
19/10/29 00:45	m-Py/minDiff	master
19/10/27 00:18	IRkernel/IRkernel	master
19/10/27 00:16	IRkernel/IRkernel	master
19/10/26 00:37	m-Py/minDiff	master
19/10/25 00:38	sjmgarnier/viridis	master
19/10/24 00:44	sjmgarnier/viridis	master
19/10/23 00:46	vqv/ggbiplot	master
19/10/16 00:03	jmbh/mgm	master
19/10/14 00:56	adamlilith/omnibus	master
19/10/12 00:53	velocyto-team/velocyto.R	master
19/10/10 00:11	Ram-N/weatherData	master
19/10/10 00:09	mariavica/mircomb	master
19/10/10 00:02	mccallm/miRcomp	master
19/10/09 00:23	hadley/ggplot2	49619b7
