19/08/02 12:45	datashield/dsBaseClient	DSI
19/08/02 12:42	datashield/dsBaseClient	DSI
19/08/02 12:42	datashield/dsBaseClient	DSI
19/08/02 12:34	datashield/dsBaseClient	DSI
19/08/02 07:05	rcqls/VAM	master
19/08/02 06:06	Rapporter/pander	06c2f65797
19/07/27 00:12	vqv/ggbiplot	master
19/07/21 00:59	ropensci/tabulizer	master
19/07/21 00:59	ropensci/tabulizerjars	master
19/07/16 00:34	hadley/dplyr	master
19/07/16 00:15	hadley/dplyr	master
19/07/16 00:05	hadley/dplyr	master
19/07/14 00:29	timelyportfolio/d3treeR	master
19/07/13 00:30	strengejacke/sjPlot	master
19/07/09 00:25	drizopoulos/JMbayes	master
19/07/05 00:59	nlmixrdevelopment/RxODE	master
19/07/04 00:50	DerekYves/rsurveygizmo	master
19/07/04 00:11	ramhiser/datamicroarray	master
19/07/04 00:10	ramhiser/datamicroarray	master
19/07/04 00:08	ramhiser/datamicroarray	master
19/07/04 00:07	ramhiser/datamicroarray	master
19/07/03 00:07	tidyverse/googlesheets4	master
