19/09/20 17:48	brandenberger/rem	master
19/09/20 15:38	JohnNay/sa	master
19/09/20 15:38	hartmast/concordances	master
19/09/20 15:34	nurandi/katadasaR	master
19/09/20 15:20	zachmayer/caretEnsemble	master
19/09/20 12:10	ramnathv/slidifyLibraries	master
19/09/20 12:04	ramnathv/slidify	master
19/09/20 08:13	ymattu/rjumanpp	master
19/09/19 00:41	miraisolutions/xlconnect	master
19/09/19 00:41	miraisolutions/xlconnectjars	master
19/09/17 00:54	rvalavi/blockCV	master
19/09/17 00:02	shihikoo/AutoAnnotation	master
19/09/10 00:40	AChauvenet/ProtectEqual	master
19/09/10 00:13	tpepler/nonpar	master
19/08/31 00:05	krlmlr/ulimit	master
19/08/31 00:01	krlmlr/ulimit	master
19/08/30 00:22	merns/postgwas	master
19/08/22 00:40	jennybc/googlesheets	master
19/08/22 00:29	jennybc/googlesheets	master
19/08/22 00:28	jennybc/googlesheets	master
19/08/22 00:28	jennybc/googlesheets	master
19/08/22 00:28	jennybc/googlesheets	master
19/08/22 00:27	jennybc/googlesheets	master
19/08/22 00:27	jennybc/googlesheets	master
19/08/22 00:27	jennybc/googlesheets	master
