19/04/12 15:58	pablobarbera/scholarnetwork	master
19/04/12 13:57	perishky/meffil	master
19/04/12 13:19	twitter/AnomalyDetection	master
19/04/12 13:18	twitter/AnomalyDetection	master
19/04/12 11:11	dgrtwo/gganimate	master
19/04/12 11:04	joey711/phyloseq	master
19/04/12 10:32	hrbrmstr/taucharts	master
19/04/12 10:23	isglobal-brge/gcmrec	master
19/04/12 10:23	isglobal-brge/survrec	master
19/04/12 10:22	isglobal-brge/gcmrec	master
19/04/12 10:22	isglobal-brge/survrec	master
19/04/12 10:19	isglobal-brge/gcmrec	master
19/04/12 10:19	isglobal-brge/survrec	master
19/04/12 09:12	tidyverse/ggplot2	49619b7
19/04/12 08:18	ccolonescu/PoEdata	master
19/04/12 07:42	ujjwalkarn/xda	master
19/04/12 05:55	dgrtwo/broom	master
19/04/12 05:52	tidyverse/broom	master
19/04/12 05:06	sjmgarnier/viridis	master
19/04/12 02:08	seunglee98/fedmatch	master
19/04/12 01:24	mpadge/tnorm	master
19/04/12 01:07	isglobal-brge/gcmrec	master
19/04/12 01:07	isglobal-brge/survrec	master
19/04/12 01:06	isglobal-brge/gcmrec	master
19/04/12 01:06	isglobal-brge/survrec	master
19/04/12 01:05	isglobal-brge/gcmrec	master
19/04/12 01:05	isglobal-brge/survrec	master
19/04/12 00:55	ECO230/eco230r	master
19/04/12 00:54	ECO230/eco230r	master
19/04/12 00:15	ECO230/eco230r	master
19/04/12 00:12	xia-lab/MetaboAnalystR	master
19/04/11 00:39	youngstreetinitiative/paths	master
19/04/10 00:30	ECO230/eco230r	master
19/04/09 00:57	dschlauch/stego	master
19/04/09 00:54	gepuro/addin4githubinstall	master
19/04/03 00:29	ECO230/eco230r	master
19/03/31 00:05	GuillemSalazar/EcolUtils	master
19/03/22 00:44	maRce10/warbleR	master
19/03/22 00:38	maRce10/warbleR	master
19/03/19 00:23	aukkola/FluxnetLSM	master
19/03/16 00:19	keaven/nphsim	master
