19/03/22 15:40	mjskay/tidybayes	master
19/03/22 14:29	r-simmer/simmer.optim	master
19/03/22 13:48	KIT-IfGG/LandClimTools	master
19/03/22 13:46	isglobal-brge/R-GADA	master
19/03/22 13:16	ccolonescu/PoEdata	master
19/03/22 13:06	hoxo-m/magicfor	master
19/03/22 11:46	HannahVMeyer/PhenotypeSimulator	master
19/03/22 11:33	ccolonescu/PoEdata	master
19/03/22 11:19	ccolonescu/PoEdata	master
19/03/22 11:05	ianhandel/epidemr	master
19/03/22 10:48	kassambara/datarium	master
19/03/22 10:24	twitter/AnomalyDetection	master
19/03/22 10:22	ccolonescu/PoEdata	master
19/03/22 10:05	ccolonescu/PoEdata	master
19/03/22 09:36	pmterry/normedvec	master
19/03/22 07:47	christophergandrud/NewPackage	master
19/03/22 07:46	deepankardatta/blandr	master
19/03/22 06:30	pbreheny/visreg	master
19/03/22 05:08	erblast/oetteR	master
19/03/22 05:00	erblast/oetteR	master
19/03/22 00:44	maRce10/warbleR	master
19/03/22 00:38	maRce10/warbleR	master
19/03/19 00:23	aukkola/FluxnetLSM	master
19/03/16 00:19	keaven/nphsim	master
19/03/12 00:22	sjmgarnier/viridis	master
19/03/08 00:23	jutako/Rtools	master
19/03/07 00:09	bbolker/betararef	master
19/03/06 00:03	ECO230/eco230r	master
19/03/05 00:46	hadley/lineprof	master
19/03/05 00:37	kassambara/factoextra	master
19/03/04 00:40	kassambara/factoextra	master
19/03/04 00:33	kassambara/factoextra	master
19/03/04 00:19	kassambara/factoextra	master
19/02/28 00:17	hadley/l1tf	master
19/02/25 00:33	gastonstat/colortools	master
19/02/22 00:42	klarsen1/Information	master
19/02/22 00:38	rdisalv2/dismisc	master
19/02/22 00:21	hfgolino/EGA	master
19/02/20 00:14	jbisanz/MicrobeR	master
19/02/20 00:14	jbisanz/MicrobeR	master
19/02/20 00:04	yihui/tinytex	master
19/02/20 00:03	maRce10/warbleR	master
