19/10/21 12:50	kassambara/easyGgplot2	master
19/10/21 12:27	hadley/bigvis	master
19/10/21 11:23	dakl/rdk	master
19/10/21 08:25	ujjwalkarn/xda	master
19/10/21 08:09	StoreyLab/qvalue	master
19/10/21 08:09	zhengxwen/SNPRelate	master
19/10/21 06:35	google/GeoexperimentsResearch	master
19/10/21 04:43	dschmeh/seoR	master
19/10/16 00:03	jmbh/mgm	master
19/10/14 00:56	adamlilith/omnibus	master
19/10/12 00:53	velocyto-team/velocyto.R	master
19/10/10 00:11	Ram-N/weatherData	master
19/10/10 00:09	mariavica/mircomb	master
19/10/10 00:02	mccallm/miRcomp	master
19/10/09 00:23	hadley/ggplot2	49619b7
19/10/05 00:47	ramnathv/rCharts	master
19/10/04 00:27	ECO230/eco230r	master
19/10/04 00:00	ECO230/eco230r	master
19/10/04 00:00	ECO230/eco230r	master
19/09/25 00:33	pjnewcombe/Pmisc	master
