19/10/20 19:04	cmartin/msPVA	master
19/10/20 16:31	MRCIEU/MRInstruments	master
19/10/20 16:24	MRCIEU/TwoSampleMR	master
19/10/20 12:59	amcat/amcat-r	master
19/10/20 12:54	amcat/amcat-r	master
19/10/20 12:28	ujjwalkarn/xda	master
19/10/20 12:23	ujjwalkarn/xda	master
19/10/20 11:58	ujjwalkarn/xda	master
19/10/16 00:03	jmbh/mgm	master
19/10/14 00:56	adamlilith/omnibus	master
19/10/12 00:53	velocyto-team/velocyto.R	master
19/10/10 00:11	Ram-N/weatherData	master
19/10/10 00:09	mariavica/mircomb	master
19/10/10 00:02	mccallm/miRcomp	master
19/10/09 00:23	hadley/ggplot2	49619b7
19/10/05 00:47	ramnathv/rCharts	master
19/10/04 00:27	ECO230/eco230r	master
19/10/04 00:00	ECO230/eco230r	master
19/10/04 00:00	ECO230/eco230r	master
19/09/25 00:33	pjnewcombe/Pmisc	master
