19/02/26 13:35	USGS-R/smwrBase	master
19/02/26 13:33	USGS-R/smwrBase	master
19/02/26 13:30	USGS-R/smwrBase	master
19/02/26 13:28	USGS-R/smwrBase	master
19/02/26 13:24	USGS-R/smwrBase	master
19/02/26 11:31	PoisonAlien/maftools	master
19/02/26 11:29	PoisonAlien/maftools	master
19/02/26 10:00	ccolonescu/PoEdata	master
19/02/26 09:46	hoxo-m/magicfor	master
19/02/26 09:37	dungtsa/BayesianPickWinner	master
19/02/26 08:31	richierocks/githunt	master
19/02/26 08:06	r-lib/whoami	master
19/02/26 02:44	bgreenwell/mertree	master
19/02/26 02:37	JMF47/recountNNLS	master
19/02/26 02:32	JMF47/recountNNLSdata	master
19/02/26 01:28	JMF47/recountNNLS	master
19/02/26 01:27	JMF47/recountNNLSdata	master
19/02/26 01:18	r-dbi/RSQLite	master
19/02/26 01:18	rstats-db/RSQLite	master
19/02/26 01:15	r-dbi/DBI	master
19/02/25 00:33	gastonstat/colortools	master
19/02/22 00:42	klarsen1/Information	master
19/02/22 00:38	rdisalv2/dismisc	master
19/02/22 00:21	hfgolino/EGA	master
19/02/20 00:14	jbisanz/MicrobeR	master
19/02/20 00:14	jbisanz/MicrobeR	master
19/02/20 00:04	yihui/tinytex	master
19/02/20 00:03	maRce10/warbleR	master
19/02/19 00:38	ymattu/MlBayesOpt	master
19/02/16 00:46	kbroman/ricalc	master
19/02/15 00:38	ropensci/tabulizer	master
19/02/15 00:38	ropensci/tabulizerjars	master
19/02/15 00:29	ropensci/tabulizer	master
19/02/15 00:29	ropensci/tabulizerjars	master
19/02/15 00:16	Logiwo/tabulizer	master
19/02/15 00:16	leeper/tabulizerjars	master
19/02/15 00:15	ropenscilabs/tabulizer	master
19/02/15 00:15	ropensci/tabulizerjars	master
19/02/15 00:13	ropensci/tabulizer	master
19/02/15 00:13	ropensci/tabulizerjars	master
19/02/15 00:11	ropensci/tabulizerjars	master
19/02/15 00:05	ropensci/tabulizer	master
19/02/15 00:05	ropensci/tabulizerjars	master
19/02/15 00:04	Logiwo/tabulizer	master
19/02/15 00:04	ropensci/tabulizerjars	master
19/02/13 00:54	strengejacke/sjPlot	master
19/02/10 00:40	twitter/BreakoutDetection	master
19/02/09 00:16	jrdnmdhl/reconIPD	master
19/02/09 00:15	jrdnmdhl/reconIPD	master
19/02/05 00:07	thlytras/rspiro	master
19/02/05 00:07	thlytras/rspiro	master
19/02/02 00:47	meysubb/collegeballR	master
19/02/02 00:10	domoinc-r/DomoR	master
19/02/01 00:15	smach/rmiscutils	master
19/02/01 00:14	smach/rmiscutils	master
19/01/31 00:09	jasongraf1/JGmisc	master
19/01/28 00:54	ropensci/tabulizer	master
19/01/28 00:54	ropensci/tabulizerjars	master
