19/03/26 13:30	ccolonescu/PoEdata	master
19/03/26 13:30	ccolonescu/PoEdata	master
19/03/26 11:41	edzer/mss	master
19/03/26 11:39	ccolonescu/PoEdata	master
19/03/26 11:38	ccolonescu/PoEdata	master
19/03/26 11:31	ccolonescu/PoEdata	master
19/03/26 11:30	ccolonescu/PoEdata	master
19/03/26 11:28	ccolonescu/PoEdata	master
19/03/26 11:28	ccolonescu/PoEdata	master
19/03/26 11:24	ccolonescu/PoEdata	master
19/03/26 11:19	ccolonescu/PoEdata	master
19/03/26 10:52	ccolonescu/PoEdata	master
19/03/26 10:44	mpadge/tnorm	master
19/03/26 10:43	mpadge/tnorm	master
19/03/26 10:12	strengejacke/sjPlot	master
19/03/26 09:38	davidgohel/flextable	master
19/03/26 06:29	esmucler/mmlasso	master
19/03/26 06:24	jimhester/lookup	master
19/03/26 06:23	jimhester/lookup	master
19/03/26 06:17	ccolonescu/PoEdata	master
