19/11/05 16:33	eliocamp/metR	master
19/11/05 16:31	eliocamp/metR	master
19/11/05 16:31	mikemeredith/makeJAGSmask	master
19/11/05 16:28	eliocamp/metR	master
19/11/05 14:39	carloscinelli/benford.analysis	master
19/11/05 12:51	LudvigOlsen/cvms	master
19/11/05 12:50	LudvigOlsen/cvms	master
19/11/05 12:48	LudvigOlsen/cvms	master
19/11/05 12:39	thlytras/rspiro	master
19/11/05 12:38	thlytras/rspiro	master
19/11/05 12:25	thlytras/rspiro	master
19/11/05 12:24	thlytras/rspiro	master
19/11/05 12:19	thlytras/rspiro	master
19/11/05 12:17	LudvigOlsen/cvms	master
19/11/05 12:16	thlytras/rspiro	master
19/11/05 12:15	thlytras/rspiro	master
19/11/05 12:07	thlytras/rspiro	master
19/11/05 12:03	thlytras/rspiro	master
19/11/05 11:58	thlytras/rspiro	master
19/11/05 11:57	thlytras/rspiro	master
19/11/05 11:55	thlytras/rspiro	master
19/11/05 11:12	kamermanpr/surveytools	master
19/11/05 07:50	r-lib/revdepcheck	master
19/11/05 07:39	ramnathv/rCharts	master
19/11/05 06:16	jbkunst/highcharter	master
19/11/05 06:15	jbkunst/highcharter	master
19/11/05 06:14	jbkunst/highcharter	master
19/11/05 01:42	thlytras/rspiro	master
19/10/31 00:36	yrosseel/lavaan	master
19/10/29 00:45	m-Py/minDiff	master
19/10/27 00:18	IRkernel/IRkernel	master
19/10/27 00:16	IRkernel/IRkernel	master
19/10/26 00:37	m-Py/minDiff	master
19/10/25 00:38	sjmgarnier/viridis	master
19/10/24 00:44	sjmgarnier/viridis	master
19/10/23 00:46	vqv/ggbiplot	master
19/10/16 00:03	jmbh/mgm	master
19/10/14 00:56	adamlilith/omnibus	master
19/10/12 00:53	velocyto-team/velocyto.R	master
19/10/10 00:11	Ram-N/weatherData	master
19/10/10 00:09	mariavica/mircomb	master
19/10/10 00:02	mccallm/miRcomp	master
19/10/09 00:23	hadley/ggplot2	49619b7
