19/04/05 17:59	dschlauch/stego	master
19/04/05 16:08	jcheng5/googleCharts	master
19/04/05 13:54	wencke/wencke.github.io	master
19/04/05 13:50	martin-vasilev/paraFix	master
19/04/05 13:49	martin-vasilev/paraFix	master
19/04/05 13:47	wencke/wencke.github.io	master
19/04/05 13:21	jutako/Rtools	master
19/04/05 13:20	ThinkRstat/stopwords	master
19/04/05 12:44	samuel-rosa/spsann	master
19/04/05 12:44	samuel-rosa/spsann	master
19/04/05 12:42	swish-climate-impact-assessment/awaptools	develop
19/04/05 12:41	r-pkgs/processx	master
19/04/05 12:41	gaborcsardi/processx	master
19/04/05 12:40	gaborcsardi/processx	master
19/04/05 12:40	MangoTheCat/processx	master
19/04/05 11:05	isglobal-brge/gcmrec	master
19/04/05 11:05	isglobal-brge/survrec	master
19/04/05 11:04	isglobal-brge/survrec	master
19/04/05 11:04	isglobal-brge/gcmrec	master
19/04/05 11:04	isglobal-brge/survrec	master
19/04/05 11:01	Alandasilva/teomatrix	master
19/04/05 11:00	isglobal-brge/gcmrec	master
19/04/05 11:00	isglobal-brge/survrec	master
19/04/05 10:55	isglobal-brge/gcmrec	master
19/04/05 10:55	isglobal-brge/survrec	master
19/04/05 10:54	isglobal-brge/gcmrec	master
19/04/05 10:53	isglobal-brge/survrec	master
19/04/05 09:23	rstudio/rmarkdown	master
19/04/05 09:13	sumtxt/wiesbaden	master
19/04/05 08:05	benaug/SPIM	master
19/04/05 07:24	juliasilge/tidytext	master
19/04/05 07:13	jbkunst/highcharter	master
19/04/05 06:02	cardiomoon/moonBook	master
19/04/05 06:00	KHartin/newpackage	master
19/04/05 05:11	duthedd/ggplot2	v2.2.1
19/04/05 05:10	hadley/scales	v0.4.1
19/04/05 05:09	ctesta01/FuzzyCleaner	master
19/04/05 04:28	gpuRcore/gpuRcuda	master
19/04/05 03:59	hoxo-m/magicfor	master
19/04/05 03:56	hoxo-m/magicfor	master
19/04/05 03:49	gastonstat/arcdiagram	master
19/04/05 03:07	jbkunst/highcharter	master
19/04/05 03:06	jbkunst/highcharter	master
19/04/03 00:29	ECO230/eco230r	master
19/03/31 00:05	GuillemSalazar/EcolUtils	master
19/03/22 00:44	maRce10/warbleR	master
19/03/22 00:38	maRce10/warbleR	master
19/03/19 00:23	aukkola/FluxnetLSM	master
19/03/16 00:19	keaven/nphsim	master
19/03/12 00:22	sjmgarnier/viridis	master
19/03/08 00:23	jutako/Rtools	master
19/03/07 00:09	bbolker/betararef	master
19/03/06 00:03	ECO230/eco230r	master
