19/07/13 18:24	wlandau/grapes	master
19/07/13 14:06	Bioconductor/BiocStyle	master
19/07/13 14:05	Bioconductor/BiocStyle	master
19/07/13 13:32	%s	%s
19/07/13 11:20	%s	%s
19/07/13 08:10	trestletech/plumber	master
19/07/13 06:17	tidyverse/rlang	master
19/07/13 06:16	jakobbossek/smoof	master
19/07/13 05:43	%s	%s
19/07/13 05:03	mlr-org/mlrMBO	master
19/07/13 03:22	%s	%s
19/07/13 01:22	%s	%s
19/07/13 00:30	strengejacke/sjPlot	master
19/07/09 00:25	drizopoulos/JMbayes	master
19/07/05 00:59	nlmixrdevelopment/RxODE	master
19/07/04 00:50	DerekYves/rsurveygizmo	master
19/07/04 00:11	ramhiser/datamicroarray	master
19/07/04 00:10	ramhiser/datamicroarray	master
19/07/04 00:08	ramhiser/datamicroarray	master
19/07/04 00:07	ramhiser/datamicroarray	master
19/07/03 00:07	tidyverse/googlesheets4	master
19/07/02 00:42	hrbrmstr/albersusa	master
19/06/28 00:06	AppliedDataSciencePartners/xgboostExplainer	master
19/06/28 00:06	AppliedDataSciencePartners/xgboostExplainer	master
19/06/14 00:43	robjhyndman/MEFM-package	master
19/06/13 00:17	JinmiaoChenLab/cytofkit	master
