19/03/25 14:39	lpantano/DEGreport	master
19/03/25 14:37	hbc/bcbioRNASeq	master
19/03/25 14:15	tidyverse/purrr	master
19/03/25 14:10	Appsilon/shiny.router	master
19/03/25 13:49	Appsilon/shiny.router	master
19/03/25 11:45	vqv/ggbiplot	master
19/03/25 11:42	wagnertimo/emarketcrawlR	master
19/03/25 10:17	tamartsi/MetaCor	master
19/03/25 10:17	tamartsi/MetaCor	master
19/03/25 10:15	tamartsi/MetaCor	master
19/03/25 09:59	ymattu/MlBayesOpt	master
19/03/25 08:57	r-simmer/simmer.optim	master
19/03/25 08:51	Bart6114/simmer.optim	master
19/03/25 08:51	Bart6114/simmer.optim	master
19/03/25 08:49	r-simmer/simmer.optim	master
19/03/25 08:39	r-simmer/simmer.optim	master
19/03/25 08:38	r-simmer/simmer.optim	master
19/03/25 07:50	edgararuiz/dbplot	master
19/03/25 07:25	edgararuiz/dbplot	master
19/03/25 06:27	JohnNay/sa	master
19/03/25 03:49	antiphon/Kcross	master
19/03/25 03:45	antiphon/Kcross	master
19/03/25 03:35	antiphon/Kcross	master
19/03/22 00:44	maRce10/warbleR	master
19/03/22 00:38	maRce10/warbleR	master
19/03/19 00:23	aukkola/FluxnetLSM	master
19/03/16 00:19	keaven/nphsim	master
19/03/12 00:22	sjmgarnier/viridis	master
19/03/08 00:23	jutako/Rtools	master
19/03/07 00:09	bbolker/betararef	master
19/03/06 00:03	ECO230/eco230r	master
19/03/05 00:46	hadley/lineprof	master
19/03/05 00:37	kassambara/factoextra	master
19/03/04 00:40	kassambara/factoextra	master
19/03/04 00:33	kassambara/factoextra	master
19/03/04 00:19	kassambara/factoextra	master
19/02/28 00:17	hadley/l1tf	master
19/02/25 00:33	gastonstat/colortools	master
