19/05/22 17:18	USGS-R/smwrData	master
19/05/22 15:08	kassambara/easyGgplot2	master
19/05/22 14:56	vqv/ggbiplot	master
19/05/22 14:56	dgrapov/CTSgetR	master
19/05/22 14:05	ShengLi/edmr	master
19/05/22 14:00	nmah/hgu133plus2CellScore	master
19/05/22 12:04	renozao/rngtools	master
19/05/22 12:03	USGS-R/grantools	master
19/05/22 11:53	twitter/AnomalyDetection	master
19/05/22 11:52	twitter/AnomalyDetection	master
19/05/22 11:49	twitter/AnomalyDetection	master
19/05/22 11:42	twitter/AnomalyDetection	master
19/05/22 11:38	twitter/AnomalyDetection	master
19/05/22 11:22	AnalytixWare/gosocket	master
19/05/22 11:20	USGS-R/grantools	master
19/05/22 11:13	rstudio/R-Websockets	master
19/05/22 10:58	USGS-R/grantools	master
19/05/22 07:31	tidyverse/ggplot2	49619b7
19/05/22 04:48	vincentarelbundock/countrycode	master
19/05/22 04:13	sfr/snippets-addin	master
19/05/22 04:12	sfr/snippets-addin	master
19/05/22 01:48	hrbrmstr/taucharts	master
19/05/22 00:58	USGS-R/smwrData	master
19/05/21 00:35	strengejacke/sjPlot	master
19/05/18 00:51	thomasp85/patchwork	master
19/05/18 00:50	abresler/nbastatR	master
19/05/18 00:49	hrbrmstr/adobecolor	master
19/05/18 00:48	hrbrmstr/adobecolor	master
19/05/18 00:45	hadley/lobstr	master
19/05/18 00:44	swihart/aaroseplot	master
19/05/18 00:42	MilesMcBain/gistfo	master
19/05/18 00:42	ricardo-bion/ggradar	master
19/05/18 00:41	krlmlr/fstplyr	master
19/05/18 00:41	kirillseva/explain	master
19/05/18 00:41	hadley/emo	master
19/05/18 00:41	EdwinTh/dutchmasters	master
19/05/18 00:41	dgrtwo/drlib	master
19/05/18 00:40	brandmaier/deconstructR	master
19/05/17 00:33	ropensci/tabulizer	master
19/05/17 00:33	ropensci/tabulizerjars	master
19/05/11 00:30	hyunyulhenry/HenryQuant	master
19/05/09 00:52	bayesball/BApredict	master
19/05/09 00:51	bayesball/BApredict	master
19/05/09 00:48	bquast/RDDtools	master
19/05/09 00:48	bquast/RDDtools	master
19/05/09 00:41	bquast/RDDtools	master
19/05/09 00:35	haleyeidem/integRATE	master
19/05/07 00:40	robjhyndman/MEFM-package	master
19/05/07 00:35	robjhyndman/MEFM-package	master
19/05/06 00:27	mpadge/tnorm	master
19/05/02 00:25	ujjwalkarn/xda	master
19/05/01 00:49	ropensci/tabulizer	master
19/05/01 00:49	ropensci/tabulizerjars	master
19/04/28 00:46	AybarCL/Dorado	master
19/04/27 00:42	strengejacke/sjmisc	master
19/04/27 00:40	strengejacke/sjlabelled	master
19/04/27 00:34	zzawadz/rawk	master
19/04/27 00:32	twitter/AnomalyDetection	master
19/04/27 00:07	vijaybarve/ENMGadgets	master
19/04/27 00:06	vijaybarve/ENMGadgets	master
19/04/27 00:06	vijaybarve/ENMGadgets	master
19/04/27 00:01	vijaybarve/ENMGadgets	master
19/04/26 00:50	jeroenooms/awk	master
19/04/26 00:47	kevinushey/Kmisc	master
19/04/26 00:47	kevinushey/Kmisc	master
19/04/26 00:47	kevinushey/Kmisc	master
19/04/26 00:42	kevinushey/Kmisc	master
19/04/26 00:00	maRce10/Rraven	master
19/04/25 00:26	vqv/ggbiplot	master
19/04/25 00:02	maRce10/Rraven	master
