19/11/11 20:47	rstudio/shiny	master
19/11/11 20:33	rstudio/httpuv	master
19/11/11 20:17	rstudio/shiny	master
19/11/11 20:05	rstudio/htmltools	master
19/11/11 19:58	rstudio/shiny	master
19/11/11 19:58	rstudio/shiny	master
19/11/11 19:23	thlytras/rspiro	master
19/11/11 18:58	joey711/biom	master
19/11/11 13:34	r-hub/sysreqs	master
19/11/11 13:29	sebastiansauer/pradadata	master
19/11/11 12:35	azvoleff/wrspathrow	master
19/11/11 12:35	azvoleff/wrspathrowData	master
19/11/11 12:21	azvoleff/wrspathrowData	master
19/11/11 12:03	azvoleff/wrspathrowData	master
19/11/11 11:27	azvoleff/wrspathrow	master
19/11/11 11:27	azvoleff/wrspathrowData	master
19/11/11 11:09	r-lib/progress	master
19/11/11 11:02	azvoleff/wrspathrow	master
19/11/11 11:02	azvoleff/wrspathrowData	master
19/11/11 11:00	azvoleff/wrspathrow	master
19/11/11 11:00	azvoleff/wrspathrowData	master
19/11/11 11:00	azvoleff/wrspathrowData	master
19/11/11 10:57	azvoleff/wrspathrow	master
19/11/11 10:56	horver/InstallR	master
19/11/11 10:56	azvoleff/wrspathrow	master
19/11/11 10:55	azvoleff/wrspathrowData	master
19/11/11 10:55	azvoleff/wrspathrowData	master
19/11/11 10:54	azvoleff/wrspathrow	master
19/11/11 10:54	azvoleff/wrspathrow	master
19/11/11 10:54	azvoleff/wrspathrowData	master
19/11/11 10:53	azvoleff/wrspathrowData	master
19/11/11 10:52	azvoleff/wrspathrow	master
19/11/11 10:52	azvoleff/wrspathrowData	master
19/11/11 10:52	azvoleff/wrspathrow	master
19/11/11 10:52	azvoleff/wrspathrow	master
19/11/11 10:51	azvoleff/wrspathrowData	master
19/11/11 10:51	azvoleff/wrspathrowData	master
19/11/11 10:51	azvoleff/wrspathrow	master
19/11/11 10:49	azvoleff/wrspathrowData	master
19/11/11 10:48	azvoleff/wrspathrow	master
19/11/11 10:47	azvoleff/wrspathrowData	master
19/11/11 10:02	hoxo-m/densratio	e8233e6
19/10/31 00:36	yrosseel/lavaan	master
19/10/29 00:45	m-Py/minDiff	master
19/10/27 00:18	IRkernel/IRkernel	master
19/10/27 00:16	IRkernel/IRkernel	master
19/10/26 00:37	m-Py/minDiff	master
19/10/25 00:38	sjmgarnier/viridis	master
19/10/24 00:44	sjmgarnier/viridis	master
19/10/23 00:46	vqv/ggbiplot	master
19/10/16 00:03	jmbh/mgm	master
19/10/14 00:56	adamlilith/omnibus	master
19/10/12 00:53	velocyto-team/velocyto.R	master
