19/11/12 16:36	wasquith-usgs/utc2nwislocal	master
19/11/12 16:00	rstudio/DT	master
19/11/12 12:53	shosaco/vistime	master
19/11/12 12:05	shaowenguang/PIN	master
19/11/12 12:03	statnmap/SDMSelect	master
19/11/12 12:03	shaowenguang/PIN	master
19/11/12 11:41	ropensci/EML	master
19/11/12 06:49	metagraf/rHighcharts	master
19/11/12 04:46	jm3594/crtpower	master
19/11/12 03:39	smach/rmiscutils	master
19/10/31 00:36	yrosseel/lavaan	master
19/10/29 00:45	m-Py/minDiff	master
19/10/27 00:18	IRkernel/IRkernel	master
19/10/27 00:16	IRkernel/IRkernel	master
19/10/26 00:37	m-Py/minDiff	master
19/10/25 00:38	sjmgarnier/viridis	master
19/10/24 00:44	sjmgarnier/viridis	master
19/10/23 00:46	vqv/ggbiplot	master
19/10/16 00:03	jmbh/mgm	master
19/10/14 00:56	adamlilith/omnibus	master
