19/05/01 18:27	Farewe/virtualspecies	master
19/05/01 18:02	dorianps/LESYMAP	master
19/05/01 18:00	dorianps/LESYMAP	master
19/05/01 18:00	dorianps/LESYMAP	master
19/05/01 18:00	dorianps/LESYMAP	master
19/05/01 18:00	dorianps/LESYMAP	master
19/05/01 17:59	dorianps/LESYMAP	master
19/05/01 17:58	dorianps/LESYMAP	master
19/05/01 17:57	dorianps/LESYMAP	master
19/05/01 17:55	dorianps/LESYMAP	master
19/05/01 17:55	dorianps/LESYMAP	master
19/05/01 17:54	dorianps/LESYMAP	master
19/05/01 17:54	dorianps/LESYMAP	master
19/05/01 17:54	dorianps/LESYMAP	master
19/05/01 17:54	dorianps/LESYMAP	master
19/05/01 17:53	dorianps/LESYMAP	master
19/05/01 17:53	dorianps/LESYMAP	master
19/05/01 17:53	dorianps/LESYMAP	master
19/05/01 17:53	dorianps/LESYMAP	master
19/05/01 17:53	dorianps/LESYMAP	master
19/05/01 17:53	dorianps/LESYMAP	master
19/05/01 17:52	dorianps/LESYMAP	master
19/05/01 17:51	dorianps/LESYMAP	master
19/05/01 17:50	dorianps/LESYMAP	master
19/05/01 17:50	dorianps/LESYMAP	master
19/05/01 17:49	dorianps/LESYMAP	master
19/05/01 17:48	dorianps/LESYMAP	master
19/05/01 17:44	stnava/ANTsR	master
19/05/01 17:19	thlytras/rspiro	master
19/05/01 15:45	prcwiek/pmetar	master
19/05/01 15:30	prcwiek/pmetar	master
19/05/01 13:56	LasseHjort/cuRe	master
19/05/01 13:47	Athospd/glmd	master
19/05/01 13:26	brunomssmelo/RcextTools	master
19/05/01 08:10	vqv/ggbiplot	master
19/05/01 07:40	davidgohel/flextable	master
19/05/01 07:39	davidgohel/ggiraph	master
19/05/01 07:37	davidgohel/officer	master
19/05/01 05:30	rstudio/flexdashboard	master
19/05/01 05:29	rstudio/shinydashboard	master
19/05/01 05:13	jenitivecase/inspectr	master
19/05/01 03:37	swager/causalForest	master
19/05/01 03:32	vqv/ggbiplot	master
19/05/01 03:29	vqv/ggbiplot	master
19/05/01 01:31	brunomssmelo/RcextTools	master
