19/10/23 12:26	jashubbard/edfR	master
19/10/23 12:25	jashubbard/edfR	master
19/10/23 09:56	trinker/hclustext	master
19/10/23 07:56	gastonstat/arcdiagram	master
19/10/23 07:33	ksauby/Panhandleproc	master
19/10/23 07:33	hoxo-m/githubinstall	master
19/10/23 07:32	statcodes/nproc	master
19/10/23 07:31	statcodes/nproc	master
19/10/23 02:40	joey711/biom	master
19/10/23 00:46	vqv/ggbiplot	master
19/10/16 00:03	jmbh/mgm	master
19/10/14 00:56	adamlilith/omnibus	master
19/10/12 00:53	velocyto-team/velocyto.R	master
19/10/10 00:11	Ram-N/weatherData	master
19/10/10 00:09	mariavica/mircomb	master
19/10/10 00:02	mccallm/miRcomp	master
19/10/09 00:23	hadley/ggplot2	49619b7
19/10/05 00:47	ramnathv/rCharts	master
19/10/04 00:27	ECO230/eco230r	master
19/10/04 00:00	ECO230/eco230r	master
19/10/04 00:00	ECO230/eco230r	master
19/09/25 00:33	pjnewcombe/Pmisc	master
