19/12/22 03:39	jimhester/lookup	master
19/12/22 01:47	rstudio/blogdown	master
19/12/22 01:26	alexsanjoseph/compareDF	v2.0
19/12/22 01:25	alexsanjoseph/compareDF	v2.0
19/12/20 00:03	satijalab/seurat	775dab4
19/12/19 00:06	vcopley/ctest	master
19/12/18 00:56	randy3k/iterpc	master
19/12/17 00:47	ravenroadresources/petroreadr	master
19/12/17 00:42	twitter/AnomalyDetection	master
19/12/14 00:16	ewenharrison/summarizer	master
19/12/14 00:16	hrbrmstr/hrbraddins	master
19/12/14 00:16	daattali/colourpicker	master
19/12/14 00:16	ThinkR-open/remedy	master
19/12/14 00:16	rstudio/shiny	master
19/12/05 00:42	lucasmation/microdadosBrasil	master
19/12/03 00:08	ECO230/eco230r	master
19/11/28 00:17	ewenharrison/summarizer	master
19/11/28 00:17	hrbrmstr/hrbraddins	master
19/11/28 00:17	daattali/colourpicker	master
19/11/28 00:17	ThinkR-open/remedy	master
19/11/28 00:17	rstudio/shiny	master
19/11/27 00:40	ewenharrison/summarizer	master
19/11/27 00:40	hrbrmstr/hrbraddins	master
19/11/27 00:40	daattali/colourpicker	master
19/11/27 00:40	ThinkR-open/remedy	master
19/11/27 00:40	rstudio/shiny	master
19/11/27 00:13	ewenharrison/summarizer	master
19/11/27 00:13	hrbrmstr/hrbraddins	master
19/11/27 00:13	daattali/colourpicker	master
19/11/27 00:12	ThinkR-open/remedy	master
19/11/27 00:12	rstudio/shiny	master
19/11/26 00:07	ewenharrison/summarizer	master
19/11/26 00:07	hrbrmstr/hrbraddins	master
19/11/26 00:07	daattali/colourpicker	master
19/11/26 00:07	ThinkR-open/remedy	master
19/11/26 00:07	rstudio/shiny	master
19/11/22 00:51	maRce10/warbleR	master
