19/12/31 12:03	r-spatial/mapedit	master
19/12/31 12:03	IRkernel/IRdisplay	master
19/12/31 10:06	adibender/ldatools	master
19/12/31 03:34	jbkunst/highcharter	master
19/12/31 01:26	hrbrmstr/taucharts	master
19/12/24 00:25	zabore/ezfun	master
19/12/24 00:25	ewenharrison/summarizer	master
19/12/24 00:25	hrbrmstr/hrbraddins	master
19/12/24 00:25	daattali/colourpicker	master
19/12/24 00:25	ThinkR-open/remedy	master
19/12/24 00:25	rstudio/shiny	master
19/12/23 00:52	jimhester/lookup	master
19/12/20 00:03	satijalab/seurat	775dab4
19/12/19 00:06	vcopley/ctest	master
19/12/18 00:56	randy3k/iterpc	master
19/12/17 00:47	ravenroadresources/petroreadr	master
19/12/17 00:42	twitter/AnomalyDetection	master
19/12/14 00:16	ewenharrison/summarizer	master
19/12/14 00:16	hrbrmstr/hrbraddins	master
19/12/14 00:16	daattali/colourpicker	master
19/12/14 00:16	ThinkR-open/remedy	master
19/12/14 00:16	rstudio/shiny	master
19/12/05 00:42	lucasmation/microdadosBrasil	master
19/12/03 00:08	ECO230/eco230r	master
