19/03/19 12:32	enanomapper/renm	master
19/03/19 12:23	weiyi-bitw/cafr	master
19/03/19 12:22	ccolonescu/PoEdata	master
19/03/19 12:20	davharris/mistnet	master
19/03/19 12:09	sbegueria/SPEI	master
19/03/19 12:08	sbegueria/SPEI	master
19/03/19 11:28	vqv/ggbiplot	master
19/03/19 11:01	GfellerLab/EPIC	master
19/03/19 10:52	weiyi-bitw/cafr	master
19/03/19 10:47	oscarperpinan/solar	master
19/03/19 10:21	oscarperpinan/tdr	master
19/03/19 09:59	vqv/ggbiplot	master
19/03/19 09:57	mclements/rstpm2	develop
19/03/19 09:34	vqv/ggbiplot	master
19/03/19 08:59	vqv/ggbiplot	master
19/03/19 08:36	jbkunst/highcharter	master
19/03/19 07:51	metrumresearchgroup/metrumrg	master
19/03/19 06:11	thomasp85/patchwork	master
19/03/19 06:10	matiasb/biOps	master
19/03/19 06:09	aoles/EBImage	master
19/03/19 04:53	hadley/precis	master
19/03/19 04:08	dkahle/ggmap	master
19/03/19 00:23	aukkola/FluxnetLSM	master
19/03/16 00:19	keaven/nphsim	master
19/03/12 00:22	sjmgarnier/viridis	master
19/03/08 00:23	jutako/Rtools	master
19/03/07 00:09	bbolker/betararef	master
19/03/06 00:03	ECO230/eco230r	master
19/03/05 00:46	hadley/lineprof	master
19/03/05 00:37	kassambara/factoextra	master
19/03/04 00:40	kassambara/factoextra	master
19/03/04 00:33	kassambara/factoextra	master
19/03/04 00:19	kassambara/factoextra	master
19/02/28 00:17	hadley/l1tf	master
19/02/25 00:33	gastonstat/colortools	master
19/02/22 00:42	klarsen1/Information	master
19/02/22 00:38	rdisalv2/dismisc	master
19/02/22 00:21	hfgolino/EGA	master
19/02/20 00:14	jbisanz/MicrobeR	master
19/02/20 00:14	jbisanz/MicrobeR	master
19/02/20 00:04	yihui/tinytex	master
19/02/20 00:03	maRce10/warbleR	master
19/02/19 00:38	ymattu/MlBayesOpt	master
