19/03/29 15:45	USGS-R/smwrData	master
19/03/29 15:05	USGS-R/smwrData	master
19/03/29 14:33	rmcelreath/rethinking	master
19/03/29 14:26	rmcelreath/rethinking	Experimental
19/03/29 14:24	rmcelreath/rethinking	Experimental
19/03/29 14:24	rmcelreath/rethinking	master
19/03/29 13:04	rmcelreath/rethinking	master
19/03/29 13:03	tidyverse/tidyverse	master
19/03/29 13:02	ccolonescu/PoEdata	master
19/03/29 13:01	rmcelreath/rethinking	master
19/03/29 13:01	rmcelreath/rethinking	master
19/03/29 13:00	ropensci/plotly	master
19/03/29 12:55	rmcelreath/rethinking	master
19/03/29 12:54	rmcelreath/rethinking	master
19/03/29 12:52	rmcelreath/rethinking	master
19/03/29 12:52	rmcelreath/rethinking	master
19/03/29 12:51	rmcelreath/rethinking	master
19/03/29 12:50	rmcelreath/rethinking	master
19/03/29 12:10	zdealveindy/weimea	master
19/03/29 11:45	MotusWTS/motusdata	master
19/03/29 11:40	rmcelreath/rethinking	master
19/03/29 11:29	rmcelreath/rethinking	master
19/03/29 11:00	rmcelreath/rethinking	master
19/03/29 10:15	zdealveindy/weimea	master
19/03/29 09:56	Rekyt/dependency	master
19/03/29 09:48	fawda123/ggord	master
19/03/29 09:48	Rekyt/dependency	master
19/03/29 09:48	yutannihilation/dependencyA	master
19/03/29 09:48	Rekyt/dependency	master
19/03/29 09:35	jeroenooms/mongolite	master
19/03/29 09:27	rmcelreath/rethinking	master
19/03/29 09:26	rmcelreath/rethinking	master
19/03/29 09:26	fawda123/ggord	master
19/03/29 09:26	rmcelreath/rethinking	master
19/03/29 09:25	rmcelreath/rethinking	master
19/03/29 09:25	jbkunst/highcharter	master
19/03/29 09:10	fawda123/ggord	master
19/03/29 09:07	Appsilon/shiny.router	master
19/03/29 08:18	hadley/scales	v0.4.1
19/03/29 07:02	ropensci/tabulizer	master
19/03/29 07:01	ropensci/tabulizerjars	master
19/03/29 06:10	sinhrks/ggfortify	master
19/03/29 06:08	sinhrks/ggfortify	master
19/03/29 04:20	vqv/ggbiplot	master
19/03/29 01:03	twitter/AnomalyDetection	master
19/03/22 00:44	maRce10/warbleR	master
19/03/22 00:38	maRce10/warbleR	master
19/03/19 00:23	aukkola/FluxnetLSM	master
19/03/16 00:19	keaven/nphsim	master
19/03/12 00:22	sjmgarnier/viridis	master
19/03/08 00:23	jutako/Rtools	master
19/03/07 00:09	bbolker/betararef	master
19/03/06 00:03	ECO230/eco230r	master
19/03/05 00:46	hadley/lineprof	master
19/03/05 00:37	kassambara/factoextra	master
19/03/04 00:40	kassambara/factoextra	master
19/03/04 00:33	kassambara/factoextra	master
19/03/04 00:19	kassambara/factoextra	master
19/02/28 00:17	hadley/l1tf	master
