19/11/18 22:49	robjhyndman/MEFM-package	master
19/11/18 22:35	azvoleff/wrspathrow	master
19/11/18 22:34	azvoleff/wrspathrowData	master
19/11/18 22:20	MikeXL/espResso	master
19/11/18 19:57	geneorama/geneorama	master
19/11/18 19:06	VitorAguiar/biostats	master
19/11/18 19:06	VitorAguiar/biostats	master
19/11/18 16:24	ewenharrison/summarizer	master
19/11/18 16:24	hrbrmstr/hrbraddins	master
19/11/18 16:24	daattali/colourpicker	master
19/11/18 16:24	ThinkR-open/remedy	master
19/11/18 16:24	rstudio/shiny	master
19/11/18 15:50	stla/Deming	master
19/11/18 13:43	ujaen-statistics/GWRM	master
19/11/18 10:59	bnosac/taskscheduleR	master
19/11/18 10:25	azvoleff/wrspathrow	master
19/11/18 10:25	azvoleff/wrspathrowData	master
19/11/18 09:45	azvoleff/wrspathrow	master
19/11/18 09:45	azvoleff/wrspathrowData	master
19/11/18 07:57	twitter/AnomalyDetection	master
19/11/18 07:51	jbkunst/highcharter	master
19/11/18 07:38	fboehm/gemma2	master
19/11/18 07:33	ujaen-statistics/GWRM	master
19/11/18 06:55	jbkunst/highcharter	master
19/11/18 06:29	jbkunst/highcharter	master
19/11/18 05:58	jbkunst/highcharter	master
19/11/18 05:23	reconhub/contactsim	master
19/11/18 05:15	qrat/plaint	master
19/11/18 05:03	jbkunst/highcharter	master
19/11/18 04:49	vqv/ggbiplot	master
19/11/18 01:55	abresler/nbastatR	master
19/11/18 00:10	kassambara/ggpubr	master
19/11/15 00:56	att/rcloud.dcplot	master
19/11/15 00:27	TommyJones/textmineR	master
19/11/15 00:26	imadmali/stanode	master
19/11/15 00:25	dtkaplan/gitgrade	master
19/11/14 00:06	rstudio/shiny	master
19/11/14 00:03	leeshawn/SKAT	Sparse_Version
19/11/14 00:01	leeshawn/SKAT	Sparse_Version
19/10/31 00:36	yrosseel/lavaan	master
19/10/29 00:45	m-Py/minDiff	master
19/10/27 00:18	IRkernel/IRkernel	master
19/10/27 00:16	IRkernel/IRkernel	master
19/10/26 00:37	m-Py/minDiff	master
19/10/25 00:38	sjmgarnier/viridis	master
19/10/24 00:44	sjmgarnier/viridis	master
19/10/23 00:46	vqv/ggbiplot	master
