19/04/09 17:18	ECO230/eco230r	master
19/04/09 16:58	massmutual/mmviz	master
19/04/09 16:58	massmutual/mmviz	master
19/04/09 16:46	Appsilon/shiny.router	master
19/04/09 15:59	leeshawn/SKAT	Sparse_Version
19/04/09 12:39	wencke/wencke.github.io	master
19/04/09 12:28	wch/extrafont	master
19/04/09 12:26	wch/Rttf2pt1	master
19/04/09 10:52	hoxo-m/prophetExt	master
19/04/09 10:46	pacificclimate/climdex.pcic.ncdf	release
19/04/09 10:25	computationalstylistics/stylo	master
19/04/09 10:13	acoppock/ri2	master
19/04/09 08:55	vinhtantran/PULS	master
19/04/09 07:54	Appsilon/shiny.router	master
19/04/09 07:28	wilkelab/cowplot	master
19/04/09 04:56	amsantac/TOC	master
19/04/09 03:18	twitter/AnomalyDetection	master
19/04/09 02:16	liamrevell/phytools	master
19/04/09 00:57	dschlauch/stego	master
19/04/09 00:54	gepuro/addin4githubinstall	master
19/04/03 00:29	ECO230/eco230r	master
19/03/31 00:05	GuillemSalazar/EcolUtils	master
19/03/22 00:44	maRce10/warbleR	master
19/03/22 00:38	maRce10/warbleR	master
19/03/19 00:23	aukkola/FluxnetLSM	master
19/03/16 00:19	keaven/nphsim	master
19/03/12 00:22	sjmgarnier/viridis	master
