19/07/26 10:32	hoxo-m/prophetExt	master
19/07/26 10:28	hrbrmstr/pluralize	master
19/07/26 09:56	hetong007/SegCN	master
19/07/26 09:17	tagteam/heaven	master
19/07/26 09:14	tagteam/heaven	master
19/07/26 09:13	tagteam/heaven	master
19/07/26 09:12	Rapporter/pander	06c2f65797
19/07/26 08:55	thlytras/rspiro	master
19/07/26 08:10	hrbrmstr/taucharts	master
19/07/26 07:07	Rapporter/pander	06c2f65797
19/07/26 05:12	hoxo-m/magicfor	master
19/07/26 05:11	hoxo-m/magicfor	master
19/07/26 05:11	hoxo-m/magicfor	master
19/07/26 05:09	hoxo-m/magicfor	master
19/07/26 05:06	hoxo-m/magicfor	master
19/07/26 04:37	ajdamico/lodown	master
19/07/21 00:59	ropensci/tabulizer	master
19/07/21 00:59	ropensci/tabulizerjars	master
19/07/16 00:34	hadley/dplyr	master
19/07/16 00:15	hadley/dplyr	master
19/07/16 00:05	hadley/dplyr	master
19/07/14 00:29	timelyportfolio/d3treeR	master
19/07/13 00:30	strengejacke/sjPlot	master
19/07/09 00:25	drizopoulos/JMbayes	master
19/07/05 00:59	nlmixrdevelopment/RxODE	master
19/07/04 00:50	DerekYves/rsurveygizmo	master
19/07/04 00:11	ramhiser/datamicroarray	master
19/07/04 00:10	ramhiser/datamicroarray	master
19/07/04 00:08	ramhiser/datamicroarray	master
19/07/04 00:07	ramhiser/datamicroarray	master
19/07/03 00:07	tidyverse/googlesheets4	master
19/07/02 00:42	hrbrmstr/albersusa	master
19/06/28 00:06	AppliedDataSciencePartners/xgboostExplainer	master
19/06/28 00:06	AppliedDataSciencePartners/xgboostExplainer	master
