19/04/23 22:37	timelyportfolio/d3treeR	master
19/04/23 22:37	timelyportfolio/d3treeR	master
19/04/23 21:02	datashield/dsTutorial	master
19/04/23 20:41	OuhscBbmc/REDCapR	master
19/04/23 20:40	Zelazny7/isofor	master
19/04/23 20:39	OuhscBbmc/REDCapR	master
19/04/23 19:57	OuhscBbmc/REDCapR	master
19/04/23 19:33	StoreyLab/biobroom	master
19/04/23 19:32	stephenturner/annotables	master
19/04/23 19:24	VSNC/vsnc	master
19/04/23 18:14	joshuaulrich/quantmod	202_getSymbols_scipen
19/04/23 18:09	joshuaulrich/quantmod	225_getsymbols_oanda
19/04/23 18:04	ekstroem/cleanR	master
19/04/23 17:55	johnjosephhorton/JJHmisc	master
19/04/23 17:00	strengejacke/sjPlot	master
19/04/23 17:00	strengejacke/sjPlot	master
19/04/23 16:58	strengejacke/sjPlot	master
19/04/23 14:58	paularaissa/dsTutorial	master
19/04/23 14:57	datashield/dsTutorial	master
19/04/23 14:35	ropensci/tabulizer	master
19/04/23 14:35	ropensci/tabulizerjars	master
19/04/23 14:04	awalker89/openxlsx	master
19/04/23 14:03	rstats-db/RSQLite	master
19/04/23 14:00	rstats-db/RMySQL	master
19/04/23 13:59	jwijffels/ETLUtils	master
19/04/23 13:57	joshuaulrich/TTR	master
19/04/23 13:52	joshuaulrich/TTR	master
19/04/23 13:41	cardcorp/AWR	master
19/04/23 13:03	RcppCore/RcppArmadillo	master
19/04/23 13:02	RcppCore/Rcpp	master
19/04/23 12:59	s-u/RJDBC	master
19/04/23 12:46	sachsmc/rclinicaltrials	master
19/04/23 12:44	hadley/lubridate	master
19/04/23 12:44	hadley/tidyverse	master
19/04/23 12:36	rstudio/shiny-incubator	master
19/04/23 12:36	rstudio/shinythemes	master
19/04/23 12:36	trestletech/shinyAce	master
19/04/23 12:32	rstudio/shiny	master
19/04/23 12:27	rdpeng/filehash	master
19/04/23 12:25	rdpeng/filehash	master
19/04/23 12:02	dmendres/testRpackage	master
19/04/23 11:54	dmendres/testRpackage	master
19/04/23 11:52	raivokolde/pheatmap	master
19/04/23 10:54	trestletech/shinyAce	master
19/04/23 10:39	bradleyboehmke/anomalyDetection	master
19/04/23 09:23	vqv/ggbiplot	master
19/04/23 09:00	rstudio/shiny-incubator	master
19/04/23 08:29	thlytras/rspiro	master
19/04/23 07:18	vqv/ggbiplot	master
19/04/21 00:11	rstudio/rmdexamples	master
19/04/20 00:51	talgalili/installr	master
19/04/19 00:09	Shians/Glimma	master
19/04/16 00:39	hoxo-m/magicfor	master
19/04/14 00:56	hrbrmstr/taucharts	master
19/04/14 00:42	AFIT-R/vip	master
19/04/14 00:41	vqv/ggbiplot	master
19/04/12 00:55	ECO230/eco230r	master
19/04/12 00:54	ECO230/eco230r	master
19/04/12 00:15	ECO230/eco230r	master
19/04/12 00:12	xia-lab/MetaboAnalystR	master
19/04/11 00:39	youngstreetinitiative/paths	master
19/04/10 00:30	ECO230/eco230r	master
19/04/09 00:57	dschlauch/stego	master
19/04/09 00:54	gepuro/addin4githubinstall	master
19/04/03 00:29	ECO230/eco230r	master
19/03/31 00:05	GuillemSalazar/EcolUtils	master
