19/05/08 10:55	twitter/AnomalyDetection	master
19/05/08 10:49	twitter/AnomalyDetection	master
19/05/08 10:42	twitter/AnomalyDetection	master
19/05/08 10:32	CancerRxGene/gdscIC50	master
19/05/08 10:31	CancerRxGene/gdscIC50	master
19/05/08 10:31	CancerRxGene/gdscIC50	master
19/05/08 10:23	CancerRxGene/gdscdata	master
19/05/08 10:19	CancerRxGene/gdscIC50	master
19/05/08 09:52	fawda123/ggord	master
19/05/08 09:45	mrc-ide/odin	bfce5fc7118112b9732f761a22991ca205b688cb
19/05/08 09:44	mrc-ide/odin	bfce5fc7118112b9732f761a22991ca205b688cb
19/05/08 09:18	stefanedwards/lemon	master
19/05/08 07:38	hadley/lubridate	master
19/05/08 07:37	hadley/tidyverse	master
19/05/08 07:34	rstats-db/RSQLite	master
19/05/08 07:34	rstats-db/RMySQL	master
19/05/08 07:34	joshuaulrich/TTR	master
19/05/08 07:34	jwijffels/ETLUtils	master
19/05/08 07:34	RcppCore/RcppArmadillo	master
19/05/08 07:34	RcppCore/Rcpp	master
19/05/08 07:30	rstats-db/RSQLite	master
19/05/08 07:27	rstats-db/RMySQL	master
19/05/08 07:26	joshuaulrich/TTR	master
19/05/08 07:26	jwijffels/ETLUtils	master
19/05/08 07:25	RcppCore/RcppArmadillo	master
19/05/08 07:24	RcppCore/Rcpp	master
19/05/08 04:14	ujjwalkarn/xda	master
19/05/08 03:49	robjhyndman/MEFM-package	master
19/05/08 01:55	ropensci/tokenizers	master
19/05/07 00:40	robjhyndman/MEFM-package	master
19/05/07 00:35	robjhyndman/MEFM-package	master
19/05/06 00:27	mpadge/tnorm	master
19/05/02 00:25	ujjwalkarn/xda	master
19/05/01 00:49	ropensci/tabulizer	master
19/05/01 00:49	ropensci/tabulizerjars	master
19/04/28 00:46	AybarCL/Dorado	master
19/04/27 00:42	strengejacke/sjmisc	master
19/04/27 00:40	strengejacke/sjlabelled	master
19/04/27 00:34	zzawadz/rawk	master
19/04/27 00:32	twitter/AnomalyDetection	master
19/04/27 00:07	vijaybarve/ENMGadgets	master
19/04/27 00:06	vijaybarve/ENMGadgets	master
19/04/27 00:06	vijaybarve/ENMGadgets	master
19/04/27 00:01	vijaybarve/ENMGadgets	master
19/04/26 00:50	jeroenooms/awk	master
19/04/26 00:47	kevinushey/Kmisc	master
19/04/26 00:47	kevinushey/Kmisc	master
19/04/26 00:47	kevinushey/Kmisc	master
19/04/26 00:42	kevinushey/Kmisc	master
19/04/26 00:00	maRce10/Rraven	master
19/04/25 00:26	vqv/ggbiplot	master
19/04/25 00:02	maRce10/Rraven	master
19/04/21 00:11	rstudio/rmdexamples	master
19/04/20 00:51	talgalili/installr	master
19/04/19 00:09	Shians/Glimma	master
19/04/16 00:39	hoxo-m/magicfor	master
19/04/14 00:56	hrbrmstr/taucharts	master
19/04/14 00:42	AFIT-R/vip	master
19/04/14 00:41	vqv/ggbiplot	master
19/04/12 00:55	ECO230/eco230r	master
19/04/12 00:54	ECO230/eco230r	master
19/04/12 00:15	ECO230/eco230r	master
19/04/12 00:12	xia-lab/MetaboAnalystR	master
19/04/11 00:39	youngstreetinitiative/paths	master
19/04/10 00:30	ECO230/eco230r	master
19/04/09 00:57	dschlauch/stego	master
19/04/09 00:54	gepuro/addin4githubinstall	master
