19/04/11 20:12	isglobal-brge/gcmrec	master
19/04/11 20:11	isglobal-brge/survrec	master
19/04/11 20:10	braverock/PerformanceAnalytics	master
19/04/11 19:53	f1kidd/fmlogit	master
19/04/11 13:56	github-js/BayesESS	master
19/04/11 13:38	hoxo-m/magicfor	master
19/04/11 13:29	swager/randomForestCI	master
19/04/11 13:16	swager/causalForest	master
19/04/11 11:27	HenrikBengtsson/R.utils	master
19/04/11 11:25	mages/ChainLadder	master
19/04/11 11:13	hadley/lubridate	master
19/04/11 11:12	hadley/lubridate	master
19/04/11 11:10	WinVector/vtreat	master
19/04/11 11:09	elbamos/clusteringdatasets	master
19/04/11 11:08	mlammens/spThin	master
19/04/11 11:07	pimentel/cluster	master
19/04/11 11:07	ahvigil/randomForest	master
19/04/11 11:07	majkamichal/naivebayes	master
19/04/11 10:35	hadley/ggplot2	49619b7
19/04/11 10:05	vqv/ggbiplot	master
19/04/11 10:04	vqv/ggbiplot	master
19/04/11 09:44	kablag/shinyMolBio	master
19/04/11 09:17	andrewpbray/infer	master
19/04/11 09:15	rstudio/shinythemes	master
19/04/11 09:15	trestletech/shinyAce	master
19/04/11 09:15	rstudio/shiny	master
19/04/11 09:14	kablag/shinyMolBio	master
19/04/11 09:13	RcppCore/RcppArmadillo	master
19/04/11 09:12	RcppCore/Rcpp	master
19/04/11 09:10	juliasilge/tidytext	master
19/04/11 09:05	ujjwalkarn/xda	master
19/04/11 08:39	topepo/parsnip	master
19/04/11 08:31	joshuaulrich/TTR	master
19/04/11 08:31	jwijffels/ETLUtils	master
19/04/11 08:31	rstats-db/RSQLite	master
19/04/11 08:30	rstats-db/RMySQL	master
19/04/11 08:30	jsanchez25h/RODBC	master
19/04/11 08:17	hadley/tidyverse	master
19/04/11 07:23	ujjwalkarn/xda	master
19/04/11 07:08	twitter/AnomalyDetection	master
19/04/11 06:38	rstats-db/RSQLite	master
19/04/11 06:38	rstats-db/RMySQL	master
19/04/11 06:29	rstats-db/RSQLite	master
19/04/11 06:27	rstats-db/RMySQL	master
19/04/11 05:30	Appsilon/shiny.router	master
19/04/11 04:08	zhengxwen/HIBAG	master
