19/06/11 14:49	hadley/pryr	master
19/06/11 12:42	rudeboybert/SpatialEpi	master
19/06/11 12:42	bobmuscarella/ENMeval	dev
19/06/11 11:19	dgrtwo/gganimate	master
19/06/11 10:49	vqv/ggbiplot	master
19/06/11 10:46	vqv/ggbiplot	master
19/06/11 10:29	jpmarindiaz/d3plus	master
19/06/11 10:27	jpmarindiaz/d3plus	master
19/06/11 10:26	karthikl6/d3bubbles2	master
19/06/11 10:24	karthikl6/d3bubbles2	master
19/06/11 10:24	karthikl6/d3bubbles2	master
19/06/11 10:23	jcheng5/bubbles	master
19/06/11 10:23	jcheng5/bubbles	master
19/06/11 10:22	karthikl6/d3bubbles2	master
19/06/11 10:22	jpmarindiaz/d3plus	master
19/06/11 10:19	karthikl6/d3bubbles2	master
19/06/11 10:19	jcheng5/bubbles	master
19/06/11 10:18	karthikl6/d3bubbles2	master
19/06/11 10:16	timelyportfolio/d3treeR	master
19/06/11 10:16	johnbaums/hues	master
19/06/11 10:02	twitter/AnomalyDetection	master
19/06/11 08:51	ymattu/rjumanpp	master
19/06/11 08:50	Rapporter/pander	06c2f65797
19/06/11 08:49	Rapporter/pander	06c2f65797
19/06/11 07:02	stpp-GitHub-community/stpp	master
19/06/11 07:02	Rapporter/pander	06c2f65797
19/06/11 07:00	Rapporter/pander	06c2f65797
19/06/11 06:10	CenterForStatistics-UGent/RCM	master
19/06/11 02:26	Lchiffon/REmap	master
19/06/11 02:25	badbye/baidumap	master
19/06/06 00:17	mdjbru-R-packages/thermPerf	master
19/06/05 00:40	robjhyndman/MEFM-package	master
19/05/31 00:32	ewenharrison/summarizer	master
19/05/25 00:57	duthedd/ggplot2	master
19/05/22 00:58	USGS-R/smwrData	master
19/05/21 00:35	strengejacke/sjPlot	master
19/05/18 00:51	thomasp85/patchwork	master
19/05/18 00:50	abresler/nbastatR	master
19/05/18 00:49	hrbrmstr/adobecolor	master
19/05/18 00:48	hrbrmstr/adobecolor	master
19/05/18 00:45	hadley/lobstr	master
19/05/18 00:44	swihart/aaroseplot	master
19/05/18 00:42	MilesMcBain/gistfo	master
19/05/18 00:42	ricardo-bion/ggradar	master
19/05/18 00:41	krlmlr/fstplyr	master
19/05/18 00:41	kirillseva/explain	master
19/05/18 00:41	hadley/emo	master
19/05/18 00:41	EdwinTh/dutchmasters	master
19/05/18 00:41	dgrtwo/drlib	master
19/05/18 00:40	brandmaier/deconstructR	master
19/05/17 00:33	ropensci/tabulizer	master
19/05/17 00:33	ropensci/tabulizerjars	master
