19/08/13 18:19	vqv/ggbiplot	master
19/08/13 09:52	hadley/dplyr	master
19/08/13 07:44	hadley/precis	master
19/08/13 05:19	sjewo/readstata13	master
19/08/13 02:51	sjewo/readstata13	master
19/08/13 02:44	tidyverse/haven	master
19/08/13 01:38	jimhester/lookup	master
19/08/12 00:07	matthewwolak/ICC	master
19/08/10 00:39	robjhyndman/MEFM-package	master
19/08/10 00:21	robjhyndman/MEFM-package	master
19/08/09 00:08	mikemeredith/wiqid	master
19/08/09 00:07	mikemeredith/wiqid	master
19/08/08 00:20	haozhu233/kableExtra	master
19/08/08 00:18	wilkelab/cowplot	master
19/08/08 00:13	Rapporter/pander	master
19/08/08 00:12	hrbrmstr/hrbrthemes	master
19/08/08 00:11	sfirke/janitor	master
19/08/08 00:10	hadley/reshape	master
19/08/08 00:09	tidyverse/lubridate	master
19/08/08 00:08	karthik/wesanderson	master
19/08/08 00:07	tidyverse/tidyverse	master
19/08/05 00:22	sinhrks/ggfortify	master
19/08/03 00:57	KIT-IfGG/LandClimTools	master
19/07/27 00:12	vqv/ggbiplot	master
19/07/21 00:59	ropensci/tabulizer	master
19/07/21 00:59	ropensci/tabulizerjars	master
19/07/16 00:34	hadley/dplyr	master
19/07/16 00:15	hadley/dplyr	master
19/07/16 00:05	hadley/dplyr	master
19/07/14 00:29	timelyportfolio/d3treeR	master
