19/07/12 14:59	elben10/modelR	master
19/07/12 14:58	tidyverse/modelr	master
19/07/12 14:51	ISS-Analytics/modelr	master
19/07/12 14:50	kassambara/easyGgplot2	master
19/07/12 14:48	vqv/ggbiplot	master
19/07/12 14:39	igidrfrg/ifrogs	master
19/07/12 14:39	kassambara/ggpubr	master
19/07/12 14:38	%s	%s
19/07/12 14:20	diogosbr/spfilt	master
19/07/12 13:37	%s	%s
19/07/12 13:33	BigelowLab/ndfd	master
19/07/12 12:55	Rapporter/pander	06c2f65797
19/07/12 12:47	sumtxt/wiesbaden	master
19/07/12 12:46	Rapporter/pander	06c2f65797
19/07/12 12:06	%s	%s
19/07/12 12:00	seonjoo/Lpredict	master
19/07/12 11:24	vqv/ggbiplot	master
19/07/12 10:59	tagteam/heaven	master
19/07/12 10:58	tidyverse/tidyverse	master
19/07/12 10:55	seonjoo/Lpredict	master
19/07/12 10:48	google/GeoexperimentsResearch	master
19/07/12 10:47	phillc73/abettor	master
19/07/12 10:44	durtal/betfaiR	master
19/07/12 10:03	Rapporter/pander	06c2f65797
19/07/12 09:12	bnosac/RDRPOSTagger	master
19/07/12 08:52	Ironholds/rdian	master
19/07/12 08:13	gtatters/Thermimage	master
19/07/12 07:59	dis-organization/ncdb	master
19/07/12 06:17	Rapporter/pander	06c2f65797
