19/04/01 08:54	rstats-db/RMySQL	master
19/04/01 08:54	rstats-db/RMySQL	master
19/04/01 08:51	rstats-db/DBI	master
19/04/01 08:39	zdealveindy/weimea	master
19/04/01 08:08	strengejacke/sjPlot	master
19/04/01 07:33	rdpeng/filehash	master
19/04/01 07:33	hadley/tidyverse	master
19/04/01 07:22	RcppCore/RcppArmadillo	master
19/04/01 07:20	awalker89/openxlsx	master
19/04/01 07:19	rstats-db/RMySQL	master
19/04/01 06:12	ujjwalkarn/xda	master
19/04/01 02:30	tidyverse/ggplot2	v2.2.1
19/04/01 02:02	hadley/scales	v0.4.1
19/03/31 00:05	GuillemSalazar/EcolUtils	master
19/03/22 00:44	maRce10/warbleR	master
19/03/22 00:38	maRce10/warbleR	master
19/03/19 00:23	aukkola/FluxnetLSM	master
19/03/16 00:19	keaven/nphsim	master
19/03/12 00:22	sjmgarnier/viridis	master
19/03/08 00:23	jutako/Rtools	master
19/03/07 00:09	bbolker/betararef	master
19/03/06 00:03	ECO230/eco230r	master
19/03/05 00:46	hadley/lineprof	master
19/03/05 00:37	kassambara/factoextra	master
19/03/04 00:40	kassambara/factoextra	master
19/03/04 00:33	kassambara/factoextra	master
19/03/04 00:19	kassambara/factoextra	master
