19/05/20 16:18	hrbrmstr/albersusa	master
19/05/20 16:18	hrbrmstr/albersusa	master
19/05/20 16:17	hrbrmstr/albersusa	master
19/05/20 16:02	fawda123/ggord	master
19/05/20 15:52	hmorlon/PANDA	ClaDS
19/05/20 15:46	statisfactions/playitbyr	master
19/05/20 15:45	mikemeredith/wiqid	master
19/05/20 15:11	vqv/ggbiplot	master
19/05/20 15:10	vqv/ggbiplot	master
19/05/20 14:21	olafmersmann/fftw	master
19/05/20 14:21	olafmersmann/fftw	master
19/05/20 14:04	GeoinformationSystems/xtruso_R	master
19/05/20 13:58	maRce10/warbleR	master
19/05/20 13:44	MangoTheCat/fftw3	master
19/05/20 13:32	maRce10/warbleR	master
19/05/20 13:29	MangoTheCat/fftw3	master
19/05/20 13:11	maRce10/warbleR	master
19/05/20 12:33	drsimonj/corrr	master
19/05/20 12:04	hoxo-m/magicfor	master
19/05/20 12:04	Robertus100/tibble	master
19/05/20 12:03	hoxo-m/magicfor	master
19/05/20 05:08	jbkunst/highcharter	master
19/05/20 03:26	mtrybulec/interviewer	master
19/05/20 03:14	pterzian/CloudKicker	master
