19/04/28 07:57	JoshuaSlocum/kagglr	master
19/04/28 07:11	drsimonj/corrr	master
19/04/28 00:46	AybarCL/Dorado	master
19/04/27 00:42	strengejacke/sjmisc	master
19/04/27 00:40	strengejacke/sjlabelled	master
19/04/27 00:34	zzawadz/rawk	master
19/04/27 00:32	twitter/AnomalyDetection	master
19/04/27 00:07	vijaybarve/ENMGadgets	master
19/04/27 00:06	vijaybarve/ENMGadgets	master
19/04/27 00:06	vijaybarve/ENMGadgets	master
19/04/27 00:01	vijaybarve/ENMGadgets	master
19/04/26 00:50	jeroenooms/awk	master
19/04/26 00:47	kevinushey/Kmisc	master
19/04/26 00:47	kevinushey/Kmisc	master
19/04/26 00:47	kevinushey/Kmisc	master
19/04/26 00:42	kevinushey/Kmisc	master
19/04/26 00:00	maRce10/Rraven	master
19/04/25 00:26	vqv/ggbiplot	master
19/04/25 00:02	maRce10/Rraven	master
19/04/21 00:11	rstudio/rmdexamples	master
19/04/20 00:51	talgalili/installr	master
19/04/19 00:09	Shians/Glimma	master
19/04/16 00:39	hoxo-m/magicfor	master
19/04/14 00:56	hrbrmstr/taucharts	master
19/04/14 00:42	AFIT-R/vip	master
19/04/14 00:41	vqv/ggbiplot	master
19/04/12 00:55	ECO230/eco230r	master
19/04/12 00:54	ECO230/eco230r	master
19/04/12 00:15	ECO230/eco230r	master
19/04/12 00:12	xia-lab/MetaboAnalystR	master
19/04/11 00:39	youngstreetinitiative/paths	master
19/04/10 00:30	ECO230/eco230r	master
19/04/09 00:57	dschlauch/stego	master
19/04/09 00:54	gepuro/addin4githubinstall	master
19/04/03 00:29	ECO230/eco230r	master
19/03/31 00:05	GuillemSalazar/EcolUtils	master
