19/09/16 16:02	CharlesCara/DatastreamDSWS2R	master
19/09/16 14:54	haozhu233/kableExtra	970777b
19/09/16 14:16	AmurG/PerformanceAnalytics	master
19/09/16 14:13	braverock/PerformanceAnalytics	master
19/09/16 13:23	braverock/PerformanceAnalytics	master
19/09/16 12:52	mbojan/lspline	master
19/09/16 10:05	ujjwalkarn/xda	master
19/09/16 03:04	AChauvenet/ProtectEqual	master
19/09/16 03:01	AChauvenet/ProtectEqual	master
19/09/16 02:55	AChauvenet/ProtectEqual	master
19/09/16 02:54	AChauvenet/ProtectEqual	master
19/09/16 02:44	AChauvenet/ProtectEqual	master
19/09/16 02:42	AChauvenet/ProtectEqual	master
19/09/10 00:40	AChauvenet/ProtectEqual	master
19/09/10 00:13	tpepler/nonpar	master
19/08/31 00:05	krlmlr/ulimit	master
19/08/31 00:01	krlmlr/ulimit	master
19/08/30 00:22	merns/postgwas	master
19/08/22 00:40	jennybc/googlesheets	master
19/08/22 00:29	jennybc/googlesheets	master
19/08/22 00:28	jennybc/googlesheets	master
19/08/22 00:28	jennybc/googlesheets	master
19/08/22 00:28	jennybc/googlesheets	master
19/08/22 00:27	jennybc/googlesheets	master
19/08/22 00:27	jennybc/googlesheets	master
19/08/22 00:27	jennybc/googlesheets	master
