19/05/03 18:36	fnoorian/quadprogpp	master
19/05/03 18:05	arilamstein/choroplethrZip	master
19/05/03 18:04	arilamstein/choroplethrZip	master
19/05/03 17:53	joshuaulrich/IBrokers	master
19/05/03 17:26	Docma-TU/tmT	master
19/05/03 16:46	IQSS/ei	master
19/05/03 16:45	wch/R6	master
19/05/03 16:41	eddelbuettel/gcbd	master
19/05/03 16:30	rstudio/crosstalk	master
19/05/03 16:28	edzer/hexbin	master
19/05/03 13:39	vqv/ggbiplot	master
19/05/03 13:32	genomicsclass/ph525x	master
19/05/03 12:59	%s	%s
19/05/03 11:44	ririzarr/bumphunter	master
19/05/03 08:26	andrie/version.compare	master
19/05/03 08:06	andrie/version.compare	master
19/05/03 08:05	andrie/version.compare	master
19/05/03 02:26	leeshawn/SKAT	Sparse_Version
19/05/02 00:25	ujjwalkarn/xda	master
19/05/01 00:49	ropensci/tabulizer	master
19/05/01 00:49	ropensci/tabulizerjars	master
19/04/28 00:46	AybarCL/Dorado	master
19/04/27 00:42	strengejacke/sjmisc	master
19/04/27 00:40	strengejacke/sjlabelled	master
19/04/27 00:34	zzawadz/rawk	master
19/04/27 00:32	twitter/AnomalyDetection	master
19/04/27 00:07	vijaybarve/ENMGadgets	master
19/04/27 00:06	vijaybarve/ENMGadgets	master
19/04/27 00:06	vijaybarve/ENMGadgets	master
19/04/27 00:01	vijaybarve/ENMGadgets	master
19/04/26 00:50	jeroenooms/awk	master
19/04/26 00:47	kevinushey/Kmisc	master
19/04/26 00:47	kevinushey/Kmisc	master
19/04/26 00:47	kevinushey/Kmisc	master
19/04/26 00:42	kevinushey/Kmisc	master
19/04/26 00:00	maRce10/Rraven	master
19/04/25 00:26	vqv/ggbiplot	master
19/04/25 00:02	maRce10/Rraven	master
19/04/21 00:11	rstudio/rmdexamples	master
19/04/20 00:51	talgalili/installr	master
19/04/19 00:09	Shians/Glimma	master
19/04/16 00:39	hoxo-m/magicfor	master
19/04/14 00:56	hrbrmstr/taucharts	master
19/04/14 00:42	AFIT-R/vip	master
19/04/14 00:41	vqv/ggbiplot	master
19/04/12 00:55	ECO230/eco230r	master
19/04/12 00:54	ECO230/eco230r	master
19/04/12 00:15	ECO230/eco230r	master
19/04/12 00:12	xia-lab/MetaboAnalystR	master
19/04/11 00:39	youngstreetinitiative/paths	master
19/04/10 00:30	ECO230/eco230r	master
19/04/09 00:57	dschlauch/stego	master
19/04/09 00:54	gepuro/addin4githubinstall	master
19/04/03 00:29	ECO230/eco230r	master
