19/07/04 17:54	yihui/tinytex	master
19/07/04 17:53	rstudio/rmarkdown	master
19/07/04 17:51	yihui/tinytex	master
19/07/04 14:56	hrbrmstr/taucharts	master
19/07/04 14:08	scottisloud/imessager	master
19/07/04 07:50	ateucher/rmapshaper	master
19/07/04 07:45	ateucher/rmapshaper	master
19/07/04 07:32	strengejacke/sjPlot	master
19/07/04 01:41	thlytras/rspiro	master
19/07/04 00:50	DerekYves/rsurveygizmo	master
19/07/04 00:11	ramhiser/datamicroarray	master
19/07/04 00:10	ramhiser/datamicroarray	master
19/07/04 00:08	ramhiser/datamicroarray	master
19/07/04 00:07	ramhiser/datamicroarray	master
19/07/03 00:07	tidyverse/googlesheets4	master
19/07/02 00:42	hrbrmstr/albersusa	master
19/06/28 00:06	AppliedDataSciencePartners/xgboostExplainer	master
19/06/28 00:06	AppliedDataSciencePartners/xgboostExplainer	master
19/06/14 00:43	robjhyndman/MEFM-package	master
19/06/13 00:17	JinmiaoChenLab/cytofkit	master
19/06/06 00:17	mdjbru-R-packages/thermPerf	master
19/06/05 00:40	robjhyndman/MEFM-package	master
