19/11/25 19:04	ewenharrison/summarizer	master
19/11/25 19:04	hrbrmstr/hrbraddins	master
19/11/25 19:04	daattali/colourpicker	master
19/11/25 19:04	ThinkR-open/remedy	master
19/11/25 19:04	rstudio/shiny	master
19/11/25 18:48	ewenharrison/summarizer	master
19/11/25 18:48	hrbrmstr/hrbraddins	master
19/11/25 18:48	daattali/colourpicker	master
19/11/25 18:48	ThinkR-open/remedy	master
19/11/25 18:48	rstudio/shiny	master
19/11/25 18:46	ewenharrison/summarizer	master
19/11/25 18:46	hrbrmstr/hrbraddins	master
19/11/25 18:46	daattali/colourpicker	master
19/11/25 18:46	ThinkR-open/remedy	master
19/11/25 18:46	rstudio/shiny	master
19/11/25 13:34	ewenharrison/summarizer	master
19/11/25 13:34	hrbrmstr/hrbraddins	master
19/11/25 13:34	daattali/colourpicker	master
19/11/25 13:34	ThinkR-open/remedy	master
19/11/25 13:34	rstudio/shiny	master
19/11/25 12:07	azvoleff/wrspathrow	master
19/11/25 12:07	azvoleff/wrspathrowData	master
19/11/25 12:07	azvoleff/wrspathrow	master
19/11/25 12:07	azvoleff/wrspathrowData	master
19/11/25 09:43	JeromeAmbroise/Pathogenomics	master
19/11/25 09:43	JeromeAmbroise/Pathogenomics	master
19/11/25 01:55	Oshlack/splatter	master
19/11/22 00:51	maRce10/warbleR	master
19/11/21 00:44	ewenharrison/summarizer	master
19/11/21 00:44	hrbrmstr/hrbraddins	master
19/11/21 00:44	daattali/colourpicker	master
19/11/21 00:44	ThinkR-open/remedy	master
19/11/21 00:44	rstudio/shiny	master
19/11/21 00:41	pmartinezarbizu/RFtools	master
19/11/21 00:40	pmartinezarbizu/RFtools	master
19/11/20 00:51	sjmgarnier/viridis	master
19/11/18 00:10	kassambara/ggpubr	master
19/11/15 00:56	att/rcloud.dcplot	master
19/11/15 00:27	TommyJones/textmineR	master
19/11/15 00:26	imadmali/stanode	master
19/11/15 00:25	dtkaplan/gitgrade	master
19/11/14 00:06	rstudio/shiny	master
19/11/14 00:03	leeshawn/SKAT	Sparse_Version
19/11/14 00:01	leeshawn/SKAT	Sparse_Version
19/10/31 00:36	yrosseel/lavaan	master
19/10/29 00:45	m-Py/minDiff	master
19/10/27 00:18	IRkernel/IRkernel	master
19/10/27 00:16	IRkernel/IRkernel	master
19/10/26 00:37	m-Py/minDiff	master
