19/11/29 15:49	ewenharrison/summarizer	master
19/11/29 15:49	hrbrmstr/hrbraddins	master
19/11/29 15:49	daattali/colourpicker	master
19/11/29 15:49	ThinkR-open/remedy	master
19/11/29 15:49	rstudio/shiny	master
19/11/29 14:49	ewenharrison/summarizer	master
19/11/29 14:49	hrbrmstr/hrbraddins	master
19/11/29 14:49	daattali/colourpicker	master
19/11/29 14:49	ThinkR-open/remedy	master
19/11/29 14:49	rstudio/shiny	master
19/11/29 14:36	vqv/ggbiplot	master
19/11/29 14:35	vqv/ggbiplot	master
19/11/29 14:30	vqv/ggbiplot	master
19/11/29 14:23	vqv/ggbiplot	master
19/11/29 14:23	vqv/ggbiplot	master
19/11/29 14:22	vqv/ggbiplot	master
19/11/29 14:11	phillc73/abettor	master
19/11/29 12:50	ewenharrison/summarizer	master
19/11/29 12:50	hrbrmstr/hrbraddins	master
19/11/29 12:50	daattali/colourpicker	master
19/11/29 12:50	ThinkR-open/remedy	master
19/11/29 12:50	rstudio/shiny	master
19/11/29 11:35	omegahat/RDCOMClient	master
19/11/29 11:35	omegahat/RDCOMClient	master
19/11/29 10:30	vqv/ggbiplot	master
19/11/29 09:33	trulia/choroplethr	master
19/11/29 09:26	trulia/choroplethr	master
19/11/29 09:24	trulia/choroplethr	master
19/11/29 09:21	trulia/choroplethr	master
19/11/29 09:21	trulia/choroplethr	master
19/11/29 09:11	pik-piam/lusweave	master
19/11/29 08:34	wch/extrafont	freetype
19/11/29 08:34	wch/extrafont	freetype
19/11/29 08:33	wch/extrafont	freetype
19/11/29 08:29	wch/extrafont	freetype
19/11/29 08:28	wch/Rttf2pt1	freetype2
19/11/29 08:20	wch/Rttf2pt1	freetype2
19/11/29 08:19	wch/extrafont	freetype
19/11/29 06:39	bnosac/taskscheduleR	master
19/11/28 00:17	ewenharrison/summarizer	master
19/11/28 00:17	hrbrmstr/hrbraddins	master
19/11/28 00:17	daattali/colourpicker	master
19/11/28 00:17	ThinkR-open/remedy	master
19/11/28 00:17	rstudio/shiny	master
19/11/27 00:40	ewenharrison/summarizer	master
19/11/27 00:40	hrbrmstr/hrbraddins	master
19/11/27 00:40	daattali/colourpicker	master
19/11/27 00:40	ThinkR-open/remedy	master
19/11/27 00:40	rstudio/shiny	master
19/11/27 00:13	ewenharrison/summarizer	master
19/11/27 00:13	hrbrmstr/hrbraddins	master
19/11/27 00:13	daattali/colourpicker	master
19/11/27 00:12	ThinkR-open/remedy	master
19/11/27 00:12	rstudio/shiny	master
19/11/26 00:07	ewenharrison/summarizer	master
19/11/26 00:07	hrbrmstr/hrbraddins	master
19/11/26 00:07	daattali/colourpicker	master
19/11/26 00:07	ThinkR-open/remedy	master
19/11/26 00:07	rstudio/shiny	master
19/11/22 00:51	maRce10/warbleR	master
19/11/21 00:44	ewenharrison/summarizer	master
19/11/21 00:44	hrbrmstr/hrbraddins	master
19/11/21 00:44	daattali/colourpicker	master
19/11/21 00:44	ThinkR-open/remedy	master
19/11/21 00:44	rstudio/shiny	master
19/11/21 00:41	pmartinezarbizu/RFtools	master
19/11/21 00:40	pmartinezarbizu/RFtools	master
19/11/20 00:51	sjmgarnier/viridis	master
19/11/18 00:10	kassambara/ggpubr	master
19/11/15 00:56	att/rcloud.dcplot	master
19/11/15 00:27	TommyJones/textmineR	master
19/11/15 00:26	imadmali/stanode	master
19/11/15 00:25	dtkaplan/gitgrade	master
19/11/14 00:06	rstudio/shiny	master
19/11/14 00:03	leeshawn/SKAT	Sparse_Version
19/11/14 00:01	leeshawn/SKAT	Sparse_Version
19/10/31 00:36	yrosseel/lavaan	master
