19/08/06 18:38	bergsmat/latexpdf	master
19/08/06 18:37	stefano-meschiari/latex2exp	master
19/08/06 18:35	bergsmat/latexpdf	master
19/08/06 18:26	dmenne/dlatex	master
19/08/06 18:12	crsh/papaja	master
19/08/06 18:11	crsh/papaja	master
19/08/06 17:54	SharonLutz/linkBayes	master
19/08/06 16:03	hrbrmstr/albersusa	master
19/08/06 16:02	hrbrmstr/albersusa	master
19/08/06 15:59	hrbrmstr/albersusa	master
19/08/06 15:42	dgrtwo/gganimate	master
19/08/06 15:23	robjhyndman/MEFM-package	master
19/08/06 15:23	robjhyndman/MEFM-package	master
19/08/06 14:48	ddediu/AdhereR	master
19/08/06 14:46	ddediu/AdhereR	master
19/08/06 14:18	ericwatt/eapath	master
19/08/06 14:08	mhils/shortestpath	master
19/08/06 12:45	gluc/libdes	master
19/08/06 12:35	oganm/MSigDB	master
19/08/06 11:58	ericwatt/eapath	master
19/08/06 09:01	Lchiffon/wordcloud2	master
19/08/06 07:11	Rapporter/pander	06c2f65797
19/08/06 07:10	pimentel/cluster	master
19/08/06 06:46	Zelazny7/isofor	master
19/08/06 06:45	mhahsler/dbscan	master
19/08/06 06:35	twitter/AnomalyDetection	master
19/08/06 06:03	Rapporter/pander	06c2f65797
19/08/06 04:00	andrie/version.compare	master
19/08/05 00:22	sinhrks/ggfortify	master
19/08/03 00:57	KIT-IfGG/LandClimTools	master
19/07/27 00:12	vqv/ggbiplot	master
19/07/21 00:59	ropensci/tabulizer	master
19/07/21 00:59	ropensci/tabulizerjars	master
19/07/16 00:34	hadley/dplyr	master
19/07/16 00:15	hadley/dplyr	master
19/07/16 00:05	hadley/dplyr	master
19/07/14 00:29	timelyportfolio/d3treeR	master
19/07/13 00:30	strengejacke/sjPlot	master
19/07/09 00:25	drizopoulos/JMbayes	master
