19/12/02 21:48	ewenharrison/summarizer	master
19/12/02 21:48	hrbrmstr/hrbraddins	master
19/12/02 21:48	daattali/colourpicker	master
19/12/02 21:48	ThinkR-open/remedy	master
19/12/02 21:48	rstudio/shiny	master
19/12/02 20:31	ewenharrison/summarizer	master
19/12/02 20:31	hrbrmstr/hrbraddins	master
19/12/02 20:31	daattali/colourpicker	master
19/12/02 20:31	ThinkR-open/remedy	master
19/12/02 20:31	rstudio/shiny	master
19/12/02 19:50	stacyderuiter/s245	master
19/12/02 19:14	azizka/speciesgeocodeR	master
19/12/02 17:11	mrc-ide/odin	master
19/12/02 16:23	ewenharrison/summarizer	master
19/12/02 16:23	hrbrmstr/hrbraddins	master
19/12/02 16:23	daattali/colourpicker	master
19/12/02 16:23	ThinkR-open/remedy	master
19/12/02 16:23	rstudio/shiny	master
19/12/02 09:37	rstudio/flexdashboard	master
19/12/02 09:34	rstudio/shinydashboard	master
19/12/02 08:10	hoxo-m/prophetExt	master
19/12/02 03:39	baolinwu/MSKAT	master
19/11/28 00:17	ewenharrison/summarizer	master
19/11/28 00:17	hrbrmstr/hrbraddins	master
19/11/28 00:17	daattali/colourpicker	master
19/11/28 00:17	ThinkR-open/remedy	master
19/11/28 00:17	rstudio/shiny	master
19/11/27 00:40	ewenharrison/summarizer	master
19/11/27 00:40	hrbrmstr/hrbraddins	master
19/11/27 00:40	daattali/colourpicker	master
19/11/27 00:40	ThinkR-open/remedy	master
19/11/27 00:40	rstudio/shiny	master
19/11/27 00:13	ewenharrison/summarizer	master
19/11/27 00:13	hrbrmstr/hrbraddins	master
19/11/27 00:13	daattali/colourpicker	master
19/11/27 00:12	ThinkR-open/remedy	master
19/11/27 00:12	rstudio/shiny	master
19/11/26 00:07	ewenharrison/summarizer	master
19/11/26 00:07	hrbrmstr/hrbraddins	master
19/11/26 00:07	daattali/colourpicker	master
19/11/26 00:07	ThinkR-open/remedy	master
19/11/26 00:07	rstudio/shiny	master
19/11/22 00:51	maRce10/warbleR	master
19/11/21 00:44	ewenharrison/summarizer	master
19/11/21 00:44	hrbrmstr/hrbraddins	master
19/11/21 00:44	daattali/colourpicker	master
19/11/21 00:44	ThinkR-open/remedy	master
19/11/21 00:44	rstudio/shiny	master
19/11/21 00:41	pmartinezarbizu/RFtools	master
19/11/21 00:40	pmartinezarbizu/RFtools	master
19/11/20 00:51	sjmgarnier/viridis	master
19/11/18 00:10	kassambara/ggpubr	master
19/11/15 00:56	att/rcloud.dcplot	master
19/11/15 00:27	TommyJones/textmineR	master
19/11/15 00:26	imadmali/stanode	master
19/11/15 00:25	dtkaplan/gitgrade	master
19/11/14 00:06	rstudio/shiny	master
19/11/14 00:03	leeshawn/SKAT	Sparse_Version
19/11/14 00:01	leeshawn/SKAT	Sparse_Version
