19/02/14 13:50	matthewjdenny/SpeedReader	master
19/02/14 13:40	jennybc/cellranger	master
19/02/14 13:39	ccolonescu/PoEdata	master
19/02/14 13:28	ropenscilabs/skimr	master
19/02/14 13:27	HenrikBengtsson/R.utils	master
19/02/14 13:27	ccolonescu/PoEdata	master
19/02/14 13:23	mages/ChainLadder	master
19/02/14 13:22	ccolonescu/PoEdata	master
19/02/14 13:17	awalker89/openxlsx	master
19/02/14 13:16	ccolonescu/PoEdata	master
19/02/14 13:16	jwijffels/ETLUtils	master
19/02/14 13:13	joshuaulrich/TTR	master
19/02/14 13:13	joshuaulrich/TTR	master
19/02/14 13:12	rstats-db/RSQLite	master
19/02/14 13:11	rstats-db/RMySQL	master
19/02/14 13:11	RcppCore/RcppArmadillo	master
19/02/14 13:09	joshuaulrich/TTR	master
19/02/14 13:07	collectivemedia/tictoc	master
19/02/14 13:05	hadley/tidyverse	master
19/02/14 13:03	jabiru/binr	master
19/02/14 13:02	jabiru/binr	master
19/02/14 13:00	jabiru/binr	master
19/02/14 12:57	ccolonescu/PoEdata	master
19/02/14 12:17	RcppCore/RcppArmadillo	master
19/02/14 12:17	RcppCore/RcppArmadillo	master
19/02/14 12:16	RcppCore/RcppArmadillo	master
19/02/14 12:15	joshuaulrich/TTR	master
19/02/14 12:14	rstats-db/RMySQL	master
19/02/14 12:14	r-dbi/RSQLite	master
19/02/14 12:03	ropenscilabs/skimr	master
19/02/14 12:01	topepo/parsnip	master
19/02/14 11:55	hadley/tidyverse	master
19/02/14 11:35	topepo/parsnip	master
19/02/14 11:35	hadley/tidyverse	master
19/02/14 10:21	ccolonescu/PoEdata	master
19/02/14 10:20	ccolonescu/PoEdata	master
19/02/14 09:58	ccolonescu/PoEdata	master
19/02/14 09:57	ccolonescu/PoEdata	master
19/02/14 09:57	ccolonescu/PoEdata	master
19/02/14 09:56	ccolonescu/PoEdata	master
19/02/14 09:53	ccolonescu/PoEdata	master
19/02/14 09:23	larmarange/JLutils	master
19/02/14 09:17	ccolonescu/PoEdata	master
19/02/14 09:15	ccolonescu/PoEdata	master
19/02/14 05:31	ivanalaman/lba	master
19/02/14 05:30	ivanalaman/EDM	master
19/02/13 00:54	strengejacke/sjPlot	master
19/02/10 00:40	twitter/BreakoutDetection	master
19/02/09 00:16	jrdnmdhl/reconIPD	master
19/02/09 00:15	jrdnmdhl/reconIPD	master
19/02/05 00:07	thlytras/rspiro	master
19/02/05 00:07	thlytras/rspiro	master
19/02/02 00:47	meysubb/collegeballR	master
19/02/02 00:10	domoinc-r/DomoR	master
19/02/01 00:15	smach/rmiscutils	master
19/02/01 00:14	smach/rmiscutils	master
19/01/31 00:09	jasongraf1/JGmisc	master
19/01/28 00:54	ropensci/tabulizer	master
19/01/28 00:54	ropensci/tabulizerjars	master
19/01/26 00:37	BMumphrey/TSE	master
19/01/26 00:37	BMumphrey/TSE	master
19/01/26 00:36	BMumphrey/TSE	master
19/01/26 00:36	leeper/tabulizer	master
19/01/26 00:35	BMumphrey/TSE	master
19/01/26 00:35	leeper/tabulizerjars	master
19/01/26 00:34	leeper/tabulizer	master
19/01/26 00:34	leeper/tabulizerjars	master
19/01/26 00:32	leeper/tabulizer	master
19/01/26 00:32	leeper/tabulizerjars	master
19/01/26 00:27	imanuelcostigan/aemo	master
19/01/26 00:15	hoxo-m/prophetExt	master
19/01/26 00:06	hoxo-m/prophetExt	master
19/01/23 00:44	hadley/precis	master
19/01/23 00:43	hadley/precis	master
19/01/23 00:20	andrewpbray/oilabs	master
19/01/20 00:02	vqv/ggbiplot	master
19/01/17 00:06	zdk123/SpiecEasi	master
19/01/16 00:44	zdk123/SpiecEasi	master
19/01/15 00:38	claudia-codeco/AlertTools	master
19/01/15 00:36	romainfrancois/tie	master
