19/07/11 10:36	ujjwalkarn/xda	master
19/07/11 09:42	soodoku/tuber	master
19/07/11 09:40	ropensci/tabulizer	master
19/07/11 09:39	ropensci/tabulizerjars	master
19/07/11 09:24	tidyverse/broom	master
19/07/11 09:12	Bioconductor/BiocInstaller	master
19/07/11 08:58	kleebaum/ragram	master
19/07/11 08:42	haozhu233/kableExtra	master
19/07/11 08:39	hadley/rvest	master
19/07/11 08:39	hadley/xml2	master
19/07/11 07:36	rocalabern/rplot	master
19/07/11 01:45	%s	%s
19/07/09 00:25	drizopoulos/JMbayes	master
19/07/05 00:59	nlmixrdevelopment/RxODE	master
19/07/04 00:50	DerekYves/rsurveygizmo	master
19/07/04 00:11	ramhiser/datamicroarray	master
19/07/04 00:10	ramhiser/datamicroarray	master
19/07/04 00:08	ramhiser/datamicroarray	master
19/07/04 00:07	ramhiser/datamicroarray	master
19/07/03 00:07	tidyverse/googlesheets4	master
19/07/02 00:42	hrbrmstr/albersusa	master
19/06/28 00:06	AppliedDataSciencePartners/xgboostExplainer	master
19/06/28 00:06	AppliedDataSciencePartners/xgboostExplainer	master
19/06/14 00:43	robjhyndman/MEFM-package	master
19/06/13 00:17	JinmiaoChenLab/cytofkit	master
