19/12/28 22:45	strengejacke/sjlabelled	master
19/12/28 22:42	strengejacke/sjstats	master
19/12/28 22:41	strengejacke/sjPlot	master
19/12/28 21:40	StatsWithR/statsr	BayesFActor
19/12/28 21:37	tjmahr/WrapRmd	master
19/12/28 21:37	ABindoff/TwilightFree	master
19/12/28 21:36	slisovski/TwGeos	master
19/12/28 21:36	barryrowlingson/telemetr	master
19/12/28 21:35	SWotherspoon/SGAT	master
19/12/28 21:34	jmsigner/rhr	master
19/12/28 21:33	nolanlab/Rclusterpp	master
19/12/28 21:32	SESman/rbl	master
19/12/28 21:30	benjamin-merkel/probGLS	master
19/12/28 21:30	BastilleRousseau/moveNT	master
19/12/28 21:30	BastilleRousseau/lsmnsd	master
19/12/28 21:28	animalnexus/feedr	master
19/12/28 21:26	hadley/emo	master
19/12/28 21:26	royfrancis/drtracker	master
19/12/28 21:26	Bioconductor/BiocInstaller	master
19/12/28 21:25	SWotherspoon/BAStag	master
19/12/28 21:23	Bioconductor/annotate	master
19/12/28 18:36	nlmixrdevelopment/RxODE	pruneBranch
19/12/28 06:13	rstudio/DT	master
19/12/28 06:13	vqv/ggbiplot	master
19/12/28 06:13	zabore/ezfun	master
19/12/28 06:13	sipemu/d3Dashboard	master
19/12/28 06:13	daattali/colourpicker	master
19/12/28 06:13	rstudio/addinexamples	master
19/12/28 06:13	sipemu/d3Dashboard	master
19/12/28 06:12	daattali/colourpicker	master
19/12/28 06:12	rstudio/addinexamples	master
19/12/24 00:25	zabore/ezfun	master
19/12/24 00:25	ewenharrison/summarizer	master
19/12/24 00:25	hrbrmstr/hrbraddins	master
19/12/24 00:25	daattali/colourpicker	master
19/12/24 00:25	ThinkR-open/remedy	master
19/12/24 00:25	rstudio/shiny	master
19/12/23 00:52	jimhester/lookup	master
19/12/20 00:03	satijalab/seurat	775dab4
19/12/19 00:06	vcopley/ctest	master
19/12/18 00:56	randy3k/iterpc	master
19/12/17 00:47	ravenroadresources/petroreadr	master
19/12/17 00:42	twitter/AnomalyDetection	master
19/12/14 00:16	ewenharrison/summarizer	master
19/12/14 00:16	hrbrmstr/hrbraddins	master
19/12/14 00:16	daattali/colourpicker	master
19/12/14 00:16	ThinkR-open/remedy	master
19/12/14 00:16	rstudio/shiny	master
19/12/05 00:42	lucasmation/microdadosBrasil	master
19/12/03 00:08	ECO230/eco230r	master
19/11/28 00:17	ewenharrison/summarizer	master
19/11/28 00:17	hrbrmstr/hrbraddins	master
19/11/28 00:17	daattali/colourpicker	master
19/11/28 00:17	ThinkR-open/remedy	master
19/11/28 00:17	rstudio/shiny	master
