19/11/17 21:49	StatsWithR/statsr	BayesFactor
19/11/17 21:25	hoxo-m/magicfor	master
19/11/17 21:22	hoxo-m/magicfor	master
19/11/17 21:16	m-Py/minDiff	master
19/11/17 21:09	m-Py/minDiff	master
19/11/17 21:05	m-Py/minDiff	master
19/11/17 19:06	vrunge/plotFPOP	master
19/11/17 18:42	braverock/PortfolioAnalytics	master
19/11/17 18:15	hadley/multidplyr	3e65c2c9d5011fa34d18965308e5c52326a6d3c4
19/11/17 13:30	AkhilNairAmey/CQLConnect	master
19/11/17 06:55	epurdom/clusterCells	master
19/11/17 03:24	vqv/ggbiplot	master
19/11/17 03:24	vqv/ggbiplot	master
19/11/17 03:23	vqv/ggbiplot	master
19/11/17 01:41	Bioconductor/BSgenome	master
19/11/15 00:56	att/rcloud.dcplot	master
19/11/15 00:27	TommyJones/textmineR	master
19/11/15 00:26	imadmali/stanode	master
19/11/15 00:25	dtkaplan/gitgrade	master
19/11/14 00:06	rstudio/shiny	master
19/11/14 00:03	leeshawn/SKAT	Sparse_Version
19/11/14 00:01	leeshawn/SKAT	Sparse_Version
19/10/31 00:36	yrosseel/lavaan	master
19/10/29 00:45	m-Py/minDiff	master
19/10/27 00:18	IRkernel/IRkernel	master
19/10/27 00:16	IRkernel/IRkernel	master
19/10/26 00:37	m-Py/minDiff	master
19/10/25 00:38	sjmgarnier/viridis	master
19/10/24 00:44	sjmgarnier/viridis	master
19/10/23 00:46	vqv/ggbiplot	master
