19/07/19 21:48	AlexIoannides/elasticsearchr	master
19/07/19 21:45	r-dbi/RSQLite	63e3cda
19/07/19 21:40	r-dbi/RSQLite	63e3cda
19/07/19 18:30	ttraboue/frissIntro	master
19/07/19 18:28	issactoast/toolbox4issactoast	master
19/07/19 17:39	functionaldata/tPACE	FPCA_PredictFPCA_FIX
19/07/19 17:09	jimhester/lookup	master
19/07/19 15:34	rstats-db/RMySQL	master
19/07/19 15:33	r-dbi/RSQLite	master
19/07/19 15:33	RcppCore/RcppArmadillo	master
19/07/19 15:33	RcppCore/Rcpp	master
19/07/19 15:33	joshuaulrich/TTR	master
19/07/19 15:33	hadley/tidyverse	master
19/07/19 15:32	r-dbi/RSQLite	master
19/07/19 15:29	RcppCore/RcppArmadillo	master
19/07/19 15:28	RcppCore/Rcpp	master
19/07/19 15:28	joshuaulrich/TTR	master
19/07/19 15:27	hadley/tidyverse	master
19/07/19 14:15	awalker89/openxlsx	master
19/07/19 14:13	RcppCore/RcppArmadillo	master
19/07/19 14:10	rstats-db/RMySQL	master
19/07/19 14:10	jwijffels/ETLUtils	master
19/07/19 14:10	joshuaulrich/TTR	master
19/07/19 13:52	sfirke/janitor	master
19/07/19 13:31	OHDSI/EmpiricalCalibration	develop
19/07/19 13:18	OHDSI/EmpiricalCalibration	develop
19/07/19 13:06	datashield/dsBaseClient	DSI
19/07/19 12:45	Logiwo/tabulizer	master
19/07/19 12:45	ropensci/tabulizerjars	master
19/07/19 12:45	Logiwo/tabulizer	master
19/07/19 12:45	ropensci/tabulizerjars	master
19/07/19 12:44	Logiwo/tabulizer	master
19/07/19 12:44	ropensci/tabulizerjars	master
19/07/19 12:27	Logiwo/tabulizer	master
19/07/19 12:27	leeper/tabulizerjars	master
19/07/19 11:20	mpadge/tnorm	master
19/07/19 09:30	rstudio/rmarkdown	master
19/07/19 08:58	Rapporter/pander	06c2f65797
19/07/19 08:24	jeroenooms/protolite	master
19/07/19 07:20	aoles/EBImage	master
19/07/19 06:44	wjrl/RBioFabric	master
19/07/19 06:37	liamrevell/phytools	master
19/07/19 06:23	Rapporter/pander	06c2f65797
19/07/19 06:09	Rapporter/pander	06c2f65797
19/07/19 06:06	twitter/AnomalyDetection	master
19/07/19 04:07	lebebr01/SPSStoR	master
19/07/19 02:51	crsh/citr	master
19/07/19 02:51	crsh/citr	master
19/07/19 02:50	crsh/citr	master
19/07/19 02:48	crsh/citr	master
19/07/16 00:34	hadley/dplyr	master
19/07/16 00:15	hadley/dplyr	master
19/07/16 00:05	hadley/dplyr	master
19/07/14 00:29	timelyportfolio/d3treeR	master
19/07/13 00:30	strengejacke/sjPlot	master
19/07/09 00:25	drizopoulos/JMbayes	master
19/07/05 00:59	nlmixrdevelopment/RxODE	master
19/07/04 00:50	DerekYves/rsurveygizmo	master
19/07/04 00:11	ramhiser/datamicroarray	master
19/07/04 00:10	ramhiser/datamicroarray	master
19/07/04 00:08	ramhiser/datamicroarray	master
19/07/04 00:07	ramhiser/datamicroarray	master
19/07/03 00:07	tidyverse/googlesheets4	master
19/07/02 00:42	hrbrmstr/albersusa	master
19/06/28 00:06	AppliedDataSciencePartners/xgboostExplainer	master
19/06/28 00:06	AppliedDataSciencePartners/xgboostExplainer	master
