19/11/13 20:40	wasquith-usgs/utc2nwislocal	master
19/11/13 18:50	wasquith-usgs/utc2nwislocal	master
19/11/13 18:47	wasquith-usgs/utc2nwislocal	master
19/11/13 18:37	wasquith-usgs/utc2nwislocal	master
19/11/13 18:35	wasquith-usgs/utc2nwislocal	master
19/11/13 16:33	wasquith-usgs/utc2nwislocal	master
19/11/13 14:28	azvoleff/wrspathrow	master
19/11/13 14:27	azvoleff/wrspathrowData	master
19/11/13 12:56	annebozack/table1	master
19/11/13 12:50	annebozack/table1	master
19/11/13 12:49	annebozack/table1	master
19/11/13 11:26	ccolonescu/PoEdata	master
19/11/13 10:07	azvoleff/wrspathrowData	master
19/11/13 10:05	azvoleff/wrspathrowData	master
19/11/13 10:00	azvoleff/wrspathrowData	master
19/11/13 09:50	pmartinezarbizu/RFtools	master
19/11/13 06:56	James-Thorson/VAST	master
19/11/13 06:53	robertzk/statsUtils	master
19/11/13 06:43	wch/R6	master
19/11/13 06:42	r-lib/R6	master
19/11/13 04:23	StatsWithR/statsr	BayesFactor
19/10/31 00:36	yrosseel/lavaan	master
19/10/29 00:45	m-Py/minDiff	master
19/10/27 00:18	IRkernel/IRkernel	master
19/10/27 00:16	IRkernel/IRkernel	master
19/10/26 00:37	m-Py/minDiff	master
19/10/25 00:38	sjmgarnier/viridis	master
19/10/24 00:44	sjmgarnier/viridis	master
19/10/23 00:46	vqv/ggbiplot	master
19/10/16 00:03	jmbh/mgm	master
19/10/14 00:56	adamlilith/omnibus	master
