19/10/13 19:08	neurodata/lol	master
19/10/13 18:52	Simkova/CharFun	master
19/10/13 18:13	davidavdav/ROC	master
19/10/13 16:12	dipetkov/reemsplots2	master
19/10/13 06:46	grafab/pergola	master
19/10/13 03:05	shihikoo/pubmedTools	master
19/10/13 02:17	ujjwalkarn/xda	master
19/10/12 00:53	velocyto-team/velocyto.R	master
19/10/10 00:11	Ram-N/weatherData	master
19/10/10 00:09	mariavica/mircomb	master
19/10/10 00:02	mccallm/miRcomp	master
19/10/09 00:23	hadley/ggplot2	49619b7
19/10/05 00:47	ramnathv/rCharts	master
19/10/04 00:27	ECO230/eco230r	master
19/10/04 00:00	ECO230/eco230r	master
19/10/04 00:00	ECO230/eco230r	master
19/09/25 00:33	pjnewcombe/Pmisc	master
19/09/19 00:41	miraisolutions/xlconnect	master
19/09/19 00:41	miraisolutions/xlconnectjars	master
19/09/17 00:54	rvalavi/blockCV	master
19/09/17 00:02	shihikoo/AutoAnnotation	master
