19/03/28 16:55	INBO-BMK/multimput	master
19/03/28 16:55	mrdwab/splitstackshape	master
19/03/28 16:52	dkneis/diatools	master
19/03/28 16:51	ricardo-bion/ggtech	master
19/03/28 16:49	awalker89/openxlsx	master
19/03/28 16:48	dgrtwo/broom	master
19/03/28 16:47	INBO-BMK/multimput	master
19/03/28 16:45	rvlenth/lsmeans	master
19/03/28 16:44	RyanHope/Rmisc	master
19/03/28 16:42	ndphillips/yarrr	master
19/03/28 16:09	ccolonescu/PoEdata	master
19/03/28 16:03	joey711/phyloseq	master
19/03/28 16:01	jonathon-love/car	master
19/03/28 15:52	vqv/ggbiplot	master
19/03/28 15:27	ccolonescu/PoEdata	master
19/03/28 15:22	hrbrmstr/waffle	1.0.0
19/03/28 15:14	hrbrmstr/waffle	1.0.0
19/03/28 15:11	joey711/phyloseq	master
19/03/28 15:10	hrbrmstr/waffle	1.0.0
19/03/28 15:09	joey711/phyloseq	master
19/03/28 14:36	mrpsonglao/data360r	master
19/03/28 13:40	Bioconductor/BiocGenerics	master
19/03/28 13:38	duncantl/WADL	master
19/03/28 13:37	twitter/AnomalyDetection	master
19/03/28 13:26	vqv/ggbiplot	master
19/03/28 10:28	gluc/datalicenseR	master
19/03/28 10:18	rmcelreath/rethinking	master
19/03/28 09:42	abresler/nbastatR	master
19/03/28 08:38	fawda123/ggord	master
19/03/28 07:18	vqv/ggbiplot	master
19/03/28 07:17	ccolonescu/PoEdata	master
19/03/28 03:36	rstudio/blogdown	master
19/03/28 02:39	ropensci/tabulizer	master
19/03/28 02:39	ropensci/tabulizerjars	master
19/03/28 02:33	ropensci/tabulizer	master
19/03/28 02:33	ropensci/tabulizerjars	master
19/03/28 02:28	rstudio/blogdown	master
19/03/28 02:25	biobakery/sparseDOSSA	varyLibSize
19/03/28 01:29	ropensci/tabulizer	master
19/03/28 01:29	ropensci/tabulizerjars	master
19/03/22 00:44	maRce10/warbleR	master
19/03/22 00:38	maRce10/warbleR	master
19/03/19 00:23	aukkola/FluxnetLSM	master
19/03/16 00:19	keaven/nphsim	master
19/03/12 00:22	sjmgarnier/viridis	master
19/03/08 00:23	jutako/Rtools	master
19/03/07 00:09	bbolker/betararef	master
19/03/06 00:03	ECO230/eco230r	master
19/03/05 00:46	hadley/lineprof	master
19/03/05 00:37	kassambara/factoextra	master
19/03/04 00:40	kassambara/factoextra	master
19/03/04 00:33	kassambara/factoextra	master
19/03/04 00:19	kassambara/factoextra	master
19/02/28 00:17	hadley/l1tf	master
