19/03/07 13:57	ccolonescu/PoEdata	master
19/03/07 13:57	ccolonescu/PoEdata	master
19/03/07 13:54	ccolonescu/PoEdata	master
19/03/07 13:25	ccolonescu/PoEdata	master
19/03/07 13:14	ccolonescu/PoEdata	master
19/03/07 13:10	ccolonescu/PoEdata	master
19/03/07 13:04	clauswilke/colorblindr	master
19/03/07 12:53	ccolonescu/PoEdata	master
19/03/07 12:50	USGS-R/smwrData	master
19/03/07 12:36	ccolonescu/PoEdata	master
19/03/07 12:31	ccolonescu/PoEdata	master
19/03/07 12:27	ccolonescu/PoEdata	master
19/03/07 12:21	ccolonescu/PoEdata	master
19/03/07 12:20	ccolonescu/PoEdata	master
19/03/07 12:19	ccolonescu/PoEdata	master
19/03/07 12:10	ccolonescu/PoEdata	master
19/03/07 12:07	vqv/ggbiplot	master
19/03/07 11:57	ccolonescu/PoEdata	master
19/03/07 11:53	ccolonescu/PoEdata	master
19/03/07 11:52	ccolonescu/PoEdata	master
19/03/07 11:52	ccolonescu/PoEdata	master
19/03/07 11:50	ccolonescu/PoEdata	master
19/03/07 11:39	ccolonescu/PoEdata	master
19/03/07 11:03	ccolonescu/PoEdata	master
19/03/07 10:50	thlytras/rspiro	master
19/03/07 10:46	hadley/devtools	master
19/03/07 10:36	ccolonescu/PoEdata	master
19/03/07 10:34	ccolonescu/PoEdata	master
19/03/07 10:13	Bioconductor/BiocInstaller	master
19/03/07 09:55	lebebr01/SPSStoR	master
19/03/07 09:35	RichardBirnie/survtools	master
19/03/07 08:59	ccolonescu/PoEdata	master
19/03/07 06:07	Bioconductor/GenomicRanges	master
19/03/07 06:07	Bioconductor/IRanges	master
19/03/07 06:06	Bioconductor/S4Vectors	master
19/03/07 06:00	talgalili/installr	master
19/03/07 03:06	shihikoo/AutoAnnotation	master
19/03/07 01:18	davidavdav/ROC	master
19/03/07 00:09	bbolker/betararef	master
19/03/06 00:03	ECO230/eco230r	master
19/03/05 00:46	hadley/lineprof	master
19/03/05 00:37	kassambara/factoextra	master
19/03/04 00:40	kassambara/factoextra	master
19/03/04 00:33	kassambara/factoextra	master
19/03/04 00:19	kassambara/factoextra	master
19/02/28 00:17	hadley/l1tf	master
19/02/25 00:33	gastonstat/colortools	master
19/02/22 00:42	klarsen1/Information	master
19/02/22 00:38	rdisalv2/dismisc	master
19/02/22 00:21	hfgolino/EGA	master
19/02/20 00:14	jbisanz/MicrobeR	master
19/02/20 00:14	jbisanz/MicrobeR	master
19/02/20 00:04	yihui/tinytex	master
19/02/20 00:03	maRce10/warbleR	master
19/02/19 00:38	ymattu/MlBayesOpt	master
19/02/16 00:46	kbroman/ricalc	master
19/02/15 00:38	ropensci/tabulizer	master
19/02/15 00:38	ropensci/tabulizerjars	master
19/02/15 00:29	ropensci/tabulizer	master
19/02/15 00:29	ropensci/tabulizerjars	master
19/02/15 00:16	Logiwo/tabulizer	master
19/02/15 00:16	leeper/tabulizerjars	master
19/02/15 00:15	ropenscilabs/tabulizer	master
19/02/15 00:15	ropensci/tabulizerjars	master
19/02/15 00:13	ropensci/tabulizer	master
19/02/15 00:13	ropensci/tabulizerjars	master
19/02/15 00:11	ropensci/tabulizerjars	master
19/02/15 00:05	ropensci/tabulizer	master
19/02/15 00:05	ropensci/tabulizerjars	master
19/02/15 00:04	Logiwo/tabulizer	master
19/02/15 00:04	ropensci/tabulizerjars	master
19/02/13 00:54	strengejacke/sjPlot	master
19/02/10 00:40	twitter/BreakoutDetection	master
19/02/09 00:16	jrdnmdhl/reconIPD	master
19/02/09 00:15	jrdnmdhl/reconIPD	master
19/02/05 00:07	thlytras/rspiro	master
19/02/05 00:07	thlytras/rspiro	master
