19/04/06 21:54	swager/randomForestCI	master
19/04/06 21:53	swager/causalForest	master
19/04/06 21:12	strengejacke/ggeffects	master
19/04/06 21:12	strengejacke/sjstats	master
19/04/06 21:12	strengejacke/sjmisc	master
19/04/06 21:12	strengejacke/sjlabelled	master
19/04/06 21:11	strengejacke/sjlabelled	master
19/04/06 21:08	leeshawn/SKAT	Sparse_Version
19/04/06 21:03	strengejacke/ggeffects	master
19/04/06 21:02	sjPlot/sjstats	master
19/04/06 20:58	sjPlot/sjmisc	master
19/04/06 20:56	strengejacke/sjlabelled	master
19/04/06 20:52	jwdink/tidysurv	master
19/04/06 20:50	twitter/AnomalyDetection	master
19/04/06 20:45	rstudio/leaflet	master
19/04/06 20:41	riatelab/cartography	master
19/04/06 20:21	hadley/reshape	master
19/04/06 10:04	leeper/slopegraph	master
19/04/06 09:22	hoxo-m/magicfor	master
19/04/06 05:59	johannestang/macrods	master
19/04/06 04:51	kaneplusplus/bigmemory	master
19/04/06 03:11	arunsrinivasan/flights	master
