19/03/14 15:59	ccolonescu/PoEdata	master
19/03/14 15:58	ccolonescu/PoEdata	master
19/03/14 15:55	ccolonescu/PoEdata	master
19/03/14 15:50	ccolonescu/PoEdata	master
19/03/14 15:44	fawda123/ggord	master
19/03/14 15:02	ccolonescu/PoEdata	master
19/03/14 14:53	omegahat/XMLSchema	master
19/03/14 14:51	ccolonescu/PoEdata	master
19/03/14 14:46	ccolonescu/PoEdata	master
19/03/14 14:46	ccolonescu/PoEdata	master
19/03/14 14:44	ccolonescu/PoEdata	master
19/03/14 14:44	ccolonescu/PoEdata	master
19/03/14 14:33	ujjwalkarn/xda	master
19/03/14 14:30	ccolonescu/PoEdata	master
19/03/14 14:25	ccolonescu/PoEdata	master
19/03/14 14:17	ccolonescu/PoEdata	master
19/03/14 14:11	ccolonescu/PoEdata	master
19/03/14 14:09	ccolonescu/PoEdata	master
19/03/14 14:07	ccolonescu/PoEdata	master
19/03/14 14:02	zdk123/SpiecEasi	master
19/03/14 13:58	ccolonescu/PoEdata	master
19/03/14 13:56	lamortenera/bamsignals	master
19/03/14 13:40	ccolonescu/PoEdata	master
19/03/14 13:21	ccolonescu/PoEdata	master
19/03/14 13:20	ccolonescu/PoEdata	master
19/03/14 13:17	ccolonescu/PoEdata	master
19/03/14 13:13	ccolonescu/PoEdata	master
19/03/14 13:11	ccolonescu/PoEdata	master
19/03/14 13:09	ccolonescu/PoEdata	master
19/03/14 12:55	ccolonescu/PoEdata	master
19/03/14 12:39	ccolonescu/PoEdata	master
19/03/14 12:35	ccolonescu/PoEdata	master
19/03/14 11:40	ccolonescu/PoEdata	master
19/03/14 11:35	ccolonescu/PoEdata	master
19/03/14 11:31	ccolonescu/PoEdata	master
19/03/14 11:28	ccolonescu/PoEdata	master
19/03/14 11:23	ccolonescu/PoEdata	master
19/03/14 11:19	ccolonescu/PoEdata	master
19/03/14 10:55	ccolonescu/PoEdata	master
19/03/14 10:38	ccolonescu/PoEdata	master
19/03/14 10:29	ccolonescu/PoEdata	master
19/03/14 10:24	hadley/devtools	master
19/03/14 09:41	RichardBirnie/survtools	master
19/03/14 07:25	HenrikBengtsson/doFuture	master
19/03/14 07:11	renozao/NMF	devel
19/03/14 06:18	renozao/NMF	devel
19/03/14 01:29	strengejacke/sjPlot	master
19/03/12 00:22	sjmgarnier/viridis	master
19/03/08 00:23	jutako/Rtools	master
19/03/07 00:09	bbolker/betararef	master
19/03/06 00:03	ECO230/eco230r	master
19/03/05 00:46	hadley/lineprof	master
19/03/05 00:37	kassambara/factoextra	master
19/03/04 00:40	kassambara/factoextra	master
19/03/04 00:33	kassambara/factoextra	master
19/03/04 00:19	kassambara/factoextra	master
19/02/28 00:17	hadley/l1tf	master
19/02/25 00:33	gastonstat/colortools	master
19/02/22 00:42	klarsen1/Information	master
19/02/22 00:38	rdisalv2/dismisc	master
19/02/22 00:21	hfgolino/EGA	master
19/02/20 00:14	jbisanz/MicrobeR	master
19/02/20 00:14	jbisanz/MicrobeR	master
19/02/20 00:04	yihui/tinytex	master
19/02/20 00:03	maRce10/warbleR	master
19/02/19 00:38	ymattu/MlBayesOpt	master
19/02/16 00:46	kbroman/ricalc	master
19/02/15 00:38	ropensci/tabulizer	master
19/02/15 00:38	ropensci/tabulizerjars	master
19/02/15 00:29	ropensci/tabulizer	master
19/02/15 00:29	ropensci/tabulizerjars	master
19/02/15 00:16	Logiwo/tabulizer	master
19/02/15 00:16	leeper/tabulizerjars	master
19/02/15 00:15	ropenscilabs/tabulizer	master
19/02/15 00:15	ropensci/tabulizerjars	master
19/02/15 00:13	ropensci/tabulizer	master
19/02/15 00:13	ropensci/tabulizerjars	master
19/02/15 00:11	ropensci/tabulizerjars	master
19/02/15 00:05	ropensci/tabulizer	master
19/02/15 00:05	ropensci/tabulizerjars	master
19/02/15 00:04	Logiwo/tabulizer	master
19/02/15 00:04	ropensci/tabulizerjars	master
19/02/13 00:54	strengejacke/sjPlot	master
