19/09/18 09:24	seunglee98/fedmatch	master
19/09/18 09:06	datastorm-open/suncalc	master
19/09/18 08:17	seunglee98/fedmatch	master
19/09/18 08:06	vqv/ggbiplot	master
19/09/18 08:06	vqv/ggbiplot	master
19/09/18 08:04	vqv/ggbiplot	master
19/09/18 08:00	seunglee98/fedmatch	master
19/09/18 07:56	vqv/ggbiplot	master
19/09/18 07:41	dosorio/Peptides	master
19/09/18 07:19	seunglee98/fedmatch	master
19/09/18 07:09	dosorio/Peptides	master
19/09/18 05:19	bmschmidt/wordVectors	master
19/09/18 05:18	NamyounKim/NLP4kec	master
19/09/17 00:54	rvalavi/blockCV	master
19/09/17 00:02	shihikoo/AutoAnnotation	master
19/09/10 00:40	AChauvenet/ProtectEqual	master
19/09/10 00:13	tpepler/nonpar	master
19/08/31 00:05	krlmlr/ulimit	master
19/08/31 00:01	krlmlr/ulimit	master
19/08/30 00:22	merns/postgwas	master
19/08/22 00:40	jennybc/googlesheets	master
19/08/22 00:29	jennybc/googlesheets	master
19/08/22 00:28	jennybc/googlesheets	master
19/08/22 00:28	jennybc/googlesheets	master
19/08/22 00:28	jennybc/googlesheets	master
19/08/22 00:27	jennybc/googlesheets	master
19/08/22 00:27	jennybc/googlesheets	master
19/08/22 00:27	jennybc/googlesheets	master
