19/10/11 14:51	ThomasChln/snpclust	5ff55b9
19/10/11 13:08	davidavdav/ROC	master
19/10/11 12:29	ropensci/patentsview	master
19/10/11 12:16	twitter/AnomalyDetection	master
19/10/11 08:17	Trackage/tripdata	master
19/10/11 08:17	Trackage/raatams	master
19/10/11 03:12	leeper/tabulizer	master
19/10/11 03:12	ropensci/tabulizerjars	master
19/10/11 01:36	vqv/ggbiplot	master
19/10/11 01:36	andrie/ggdendro	master
19/10/11 01:35	fawda123/ggord	master
19/10/11 01:33	diogosbr/spfilt	master
19/10/10 00:11	Ram-N/weatherData	master
19/10/10 00:09	mariavica/mircomb	master
19/10/10 00:02	mccallm/miRcomp	master
19/10/09 00:23	hadley/ggplot2	49619b7
19/10/05 00:47	ramnathv/rCharts	master
19/10/04 00:27	ECO230/eco230r	master
19/10/04 00:00	ECO230/eco230r	master
19/10/04 00:00	ECO230/eco230r	master
19/09/25 00:33	pjnewcombe/Pmisc	master
19/09/19 00:41	miraisolutions/xlconnect	master
19/09/19 00:41	miraisolutions/xlconnectjars	master
19/09/17 00:54	rvalavi/blockCV	master
19/09/17 00:02	shihikoo/AutoAnnotation	master
