19/12/05 11:02	hoxo-m/magicfor	master
19/12/05 10:50	twitter/BreakoutDetection	master
19/12/05 10:50	twitter/AnomalyDetection	master
19/12/05 10:34	gilligan-ees-3310/kayadata	master
19/12/05 10:33	kassambara/easyGgplot2	master
19/12/05 04:37	ewenharrison/summarizer	master
19/12/05 04:37	hrbrmstr/hrbraddins	master
19/12/05 04:37	daattali/colourpicker	master
19/12/05 04:37	ThinkR-open/remedy	master
19/12/05 04:37	rstudio/shiny	master
19/12/05 04:17	ewenharrison/summarizer	master
19/12/05 04:17	hrbrmstr/hrbraddins	master
19/12/05 04:17	daattali/colourpicker	master
19/12/05 04:17	ThinkR-open/remedy	master
19/12/05 04:17	rstudio/shiny	master
19/12/05 03:29	njahn82/roadoi	master
19/12/05 03:25	njahn82/roadoi	master
19/12/05 02:32	BillPetti/baseballr	master
19/12/05 02:08	maksimhorowitz/nflscrapR	master
19/12/05 01:05	lucasmation/microdadosBrasil	master
19/12/05 00:42	lucasmation/microdadosBrasil	master
19/12/03 00:08	ECO230/eco230r	master
19/11/28 00:17	ewenharrison/summarizer	master
19/11/28 00:17	hrbrmstr/hrbraddins	master
19/11/28 00:17	daattali/colourpicker	master
19/11/28 00:17	ThinkR-open/remedy	master
19/11/28 00:17	rstudio/shiny	master
19/11/27 00:40	ewenharrison/summarizer	master
19/11/27 00:40	hrbrmstr/hrbraddins	master
19/11/27 00:40	daattali/colourpicker	master
19/11/27 00:40	ThinkR-open/remedy	master
19/11/27 00:40	rstudio/shiny	master
19/11/27 00:13	ewenharrison/summarizer	master
19/11/27 00:13	hrbrmstr/hrbraddins	master
19/11/27 00:13	daattali/colourpicker	master
19/11/27 00:12	ThinkR-open/remedy	master
19/11/27 00:12	rstudio/shiny	master
19/11/26 00:07	ewenharrison/summarizer	master
19/11/26 00:07	hrbrmstr/hrbraddins	master
19/11/26 00:07	daattali/colourpicker	master
19/11/26 00:07	ThinkR-open/remedy	master
19/11/26 00:07	rstudio/shiny	master
19/11/22 00:51	maRce10/warbleR	master
19/11/21 00:44	ewenharrison/summarizer	master
19/11/21 00:44	hrbrmstr/hrbraddins	master
19/11/21 00:44	daattali/colourpicker	master
19/11/21 00:44	ThinkR-open/remedy	master
19/11/21 00:44	rstudio/shiny	master
19/11/21 00:41	pmartinezarbizu/RFtools	master
19/11/21 00:40	pmartinezarbizu/RFtools	master
19/11/20 00:51	sjmgarnier/viridis	master
19/11/18 00:10	kassambara/ggpubr	master
19/11/15 00:56	att/rcloud.dcplot	master
19/11/15 00:27	TommyJones/textmineR	master
19/11/15 00:26	imadmali/stanode	master
19/11/15 00:25	dtkaplan/gitgrade	master
19/11/14 00:06	rstudio/shiny	master
19/11/14 00:03	leeshawn/SKAT	Sparse_Version
19/11/14 00:01	leeshawn/SKAT	Sparse_Version
