19/06/21 18:58	robjhyndman/MEFM-package	master
19/06/21 17:41	ujjwalkarn/xda	master
19/06/21 17:31	robjhyndman/MEFM-package	master
19/06/21 16:41	Displayr/flipU	master
19/06/21 16:40	Dasonk/displayR	master
19/06/21 15:13	Sage-Bionetworks/CMSclassifier	master
19/06/21 11:21	Sage-Bionetworks/CMSclassifier	master
19/06/21 10:34	JhuangLab/annovarR	master
19/06/21 10:16	hrbrmstr/taucharts	master
19/06/21 09:58	rstudio/flexdashboard	master
19/06/21 09:21	twitter/AnomalyDetection	master
19/06/21 09:14	rwehrens/BatchCorrMetabolomics	master
19/06/21 07:04	vqv/ggbiplot	master
19/06/21 06:51	vqv/ggbiplot	master
19/06/21 05:29	InternationalRiceResearchInstitute/pedX	master
19/06/21 01:55	jeffwong/imputation	master
19/06/21 01:54	jeffwong/imputation	master
19/06/21 01:32	jeffwong/imputation	master
19/06/14 00:43	robjhyndman/MEFM-package	master
19/06/13 00:17	JinmiaoChenLab/cytofkit	master
19/06/06 00:17	mdjbru-R-packages/thermPerf	master
19/06/05 00:40	robjhyndman/MEFM-package	master
19/05/31 00:32	ewenharrison/summarizer	master
19/05/25 00:57	duthedd/ggplot2	master
19/05/22 00:58	USGS-R/smwrData	master
