19/01/17 15:57	USGS-R/dataRetrieval	master
19/01/17 15:56	USGS-R/dataRetrieval	master
19/01/17 15:44	quantide/mapIT	master
19/01/17 15:13	USGS-R/dataRetrieval	master
19/01/17 14:18	assaforon/table1xls	master
19/01/17 14:10	garrettgman/DSR	master
19/01/17 11:34	dgrtwo/gganimate	master
19/01/17 11:06	mariavica/mircomb	master
19/01/17 10:27	tidyverse/tidyverse	master
19/01/17 09:39	StatsWithR/statsr	master
19/01/17 09:38	StatsWithR/statsr	master
19/01/17 08:52	yihui/knitr	master
19/01/17 07:08	cpsievert/bbscrapeR	master
19/01/17 07:04	keberwein/blscrapeR	master
19/01/17 05:44	vqv/ggbiplot	master
19/01/17 05:22	XFW/decon	master
19/01/17 05:22	XFW/decon	master
19/01/17 02:46	tidyverse/tidyverse	master
19/01/17 02:38	KehaoWu/Rmanhattanplot	master
19/01/17 02:14	hoxo-m/prophetExt	master
19/01/17 02:12	nstrayer/D3ManhattanPlots	master
19/01/17 02:12	sahirbhatnagar/manhattanly	master
19/01/17 02:10	omarwagih/rmimp	master
19/01/17 02:01	riatelab/cartography	master
19/01/17 01:55	awhstin/awtools	master
19/01/17 01:31	ramnathv/rMaps	master
19/01/17 01:30	ramnathv/rCharts	dev
19/01/17 01:23	cvoeten/buildmer	master
19/01/17 00:06	zdk123/SpiecEasi	master
19/01/16 00:44	zdk123/SpiecEasi	master
19/01/15 00:38	claudia-codeco/AlertTools	master
19/01/15 00:36	romainfrancois/tie	master
19/01/12 00:44	hoxo-m/magicfor	master
19/01/11 00:44	vqv/ggbiplot	master
19/01/11 00:43	vqv/ggbiplot	master
19/01/10 00:56	hadley/precis	master
19/01/10 00:29	doomlab/MOTE	master
19/01/09 00:44	krlmlr/ulimit	master
19/01/09 00:44	Ossifragus/OSMAC	master
19/01/08 00:52	krlmlr/ulimit	master
19/01/08 00:49	Ossifragus/OSMAC	master
19/01/08 00:19	zdk123/SpiecEasi	master
19/01/06 00:36	hadley/precis	master
19/01/06 00:34	hadley/precis	master
19/01/03 00:14	google/GeoexperimentsResearch	master
18/12/23 00:49	andreaskiermeier/AcceptanceSampling	master
18/12/23 00:48	emilopezcano/SixSigma	master
18/12/20 00:19	jeanmarielepioufle/rabarbRa	master
