19/09/26 21:45	Hemken/Statamarkdown	master
19/09/26 21:45	Hemken/Statamarkdown	master
19/09/26 21:39	jeffreyevans/rfUtilities	master
19/09/26 19:11	hrbrmstr/albersusa	master
19/09/26 18:21	Appsilon/shiny.router	master
19/09/26 13:42	hoxo-m/magicfor	master
19/09/26 13:33	hoxo-m/magicfor	master
19/09/26 13:29	hoxo-m/magicfor	master
19/09/26 11:41	LudvigOlsen/cvms	master
19/09/26 11:40	LudvigOlsen/cvms	master
19/09/26 11:38	LudvigOlsen/cvms	master
19/09/26 11:38	LudvigOlsen/cvms	master
19/09/26 11:01	Appsilon/shiny.router	master
19/09/26 10:53	jimhester/lookup	master
19/09/26 10:24	pitakakariki/simr	master
19/09/26 10:20	pitakakariki/simr	master
19/09/26 10:19	pitakakariki/simr	master
19/09/26 08:49	LudvigOlsen/cvms	master
19/09/26 08:45	LudvigOlsen/cvms	master
19/09/26 08:45	LudvigOlsen/cvms	master
19/09/26 08:42	LudvigOlsen/cvms	master
19/09/26 07:52	pitakakariki/simr	master
19/09/26 06:45	LudvigOlsen/cvms	master
19/09/26 06:33	Ironholds/credit	master
19/09/26 06:22	LudvigOlsen/cvms	master
19/09/26 04:36	NamyounKim/NLP4kec	master
19/09/26 04:36	NamyounKim/NLP4kec	master
19/09/26 04:34	NamyounKim/NLP4kec	master
19/09/25 00:33	pjnewcombe/Pmisc	master
19/09/19 00:41	miraisolutions/xlconnect	master
19/09/19 00:41	miraisolutions/xlconnectjars	master
19/09/17 00:54	rvalavi/blockCV	master
19/09/17 00:02	shihikoo/AutoAnnotation	master
19/09/10 00:40	AChauvenet/ProtectEqual	master
19/09/10 00:13	tpepler/nonpar	master
19/08/31 00:05	krlmlr/ulimit	master
19/08/31 00:01	krlmlr/ulimit	master
19/08/30 00:22	merns/postgwas	master
