19/07/16 17:47	fmichonneau/phyloch	master
19/07/16 17:43	GuangchuangYu/ggtree	master
19/07/16 17:18	tidyverse/tidyr	master
19/07/16 17:14	hadley/tidyr	master
19/07/16 17:09	jmsigner/rhr	master
19/07/16 16:57	ropenscilabs/skimr	master
19/07/16 11:46	uebvhir/anaStatsUEB	master
19/07/16 11:46	miriamMota/mmotaF	master
19/07/16 11:43	datacamp/datacamp	master
19/07/16 10:36	juliasilge/tidytext	master
19/07/16 10:33	juliasilge/tidytext	master
19/07/16 10:10	rstudio/shinythemes	master
19/07/16 10:09	trestletech/shinyAce	master
19/07/16 10:09	rstudio/shiny	master
19/07/16 09:56	hadley/tidyverse	master
19/07/16 09:50	joshuaulrich/TTR	master
19/07/16 09:49	RcppCore/RcppArmadillo	master
19/07/16 09:49	ashoksiri/twitteR	master
19/07/16 09:48	RcppCore/Rcpp	master
19/07/16 09:39	geoffjentry/twitteR	master
19/07/16 08:00	InternationalRiceResearchInstitute/pedX	master
19/07/16 07:52	GuangchuangYu/clusterProfiler	master
19/07/16 07:51	GuangchuangYu/clusterProfiler	master
19/07/16 06:03	Rapporter/pander	06c2f65797
19/07/16 03:02	rwehrens/BatchCorrMetabolomics	master
19/07/16 00:34	hadley/dplyr	master
19/07/16 00:15	hadley/dplyr	master
19/07/16 00:05	hadley/dplyr	master
19/07/14 00:29	timelyportfolio/d3treeR	master
19/07/13 00:30	strengejacke/sjPlot	master
19/07/09 00:25	drizopoulos/JMbayes	master
19/07/05 00:59	nlmixrdevelopment/RxODE	master
19/07/04 00:50	DerekYves/rsurveygizmo	master
19/07/04 00:11	ramhiser/datamicroarray	master
19/07/04 00:10	ramhiser/datamicroarray	master
19/07/04 00:08	ramhiser/datamicroarray	master
19/07/04 00:07	ramhiser/datamicroarray	master
19/07/03 00:07	tidyverse/googlesheets4	master
19/07/02 00:42	hrbrmstr/albersusa	master
19/06/28 00:06	AppliedDataSciencePartners/xgboostExplainer	master
19/06/28 00:06	AppliedDataSciencePartners/xgboostExplainer	master
