19/01/18 13:58	strengejacke/sjPlot	master
19/01/18 13:25	ropensci/googleLanguageR	master
19/01/18 09:48	hadley/dplyr	master
19/01/18 09:06	dennisprangle/gk	master
19/01/18 08:45	diegovalle/mxmaps	master
19/01/18 08:42	diegovalle/mxmaps	master
19/01/18 07:58	rstudio/bookdown	master
19/01/18 06:32	cdeterman/gpuR	master
19/01/18 06:01	green-striped-gecko/dartR	master
19/01/18 05:39	green-striped-gecko/PopGenReport	master
19/01/18 05:38	strongh/rbson	master
19/01/18 04:19	kaneplusplus/bigtabulate	master
19/01/18 04:18	kaneplusplus/biganalytics	master
19/01/18 04:17	kaneplusplus/bigmemory	master
19/01/18 03:11	vqv/ggbiplot	master
19/01/18 02:25	shihikoo/AutoAnnotation	master
19/01/18 01:11	hoxo-m/prophetExt	master
19/01/18 01:02	hadley/tidyverse	master
19/01/17 00:06	zdk123/SpiecEasi	master
19/01/16 00:44	zdk123/SpiecEasi	master
19/01/15 00:38	claudia-codeco/AlertTools	master
19/01/15 00:36	romainfrancois/tie	master
19/01/12 00:44	hoxo-m/magicfor	master
19/01/11 00:44	vqv/ggbiplot	master
19/01/11 00:43	vqv/ggbiplot	master
19/01/10 00:56	hadley/precis	master
19/01/10 00:29	doomlab/MOTE	master
19/01/09 00:44	krlmlr/ulimit	master
19/01/09 00:44	Ossifragus/OSMAC	master
19/01/08 00:52	krlmlr/ulimit	master
19/01/08 00:49	Ossifragus/OSMAC	master
19/01/08 00:19	zdk123/SpiecEasi	master
19/01/06 00:36	hadley/precis	master
19/01/06 00:34	hadley/precis	master
19/01/03 00:14	google/GeoexperimentsResearch	master
18/12/23 00:49	andreaskiermeier/AcceptanceSampling	master
18/12/23 00:48	emilopezcano/SixSigma	master
18/12/20 00:19	jeanmarielepioufle/rabarbRa	master
