19/11/19 21:59	aloysius-lim/bigrf	master
19/11/19 21:55	ewenharrison/summarizer	master
19/11/19 21:55	hrbrmstr/hrbraddins	master
19/11/19 21:55	daattali/colourpicker	master
19/11/19 21:55	ThinkR-open/remedy	master
19/11/19 21:55	rstudio/shiny	master
19/11/19 21:52	ewenharrison/summarizer	master
19/11/19 21:52	hrbrmstr/hrbraddins	master
19/11/19 21:52	daattali/colourpicker	master
19/11/19 21:52	ThinkR-open/remedy	master
19/11/19 21:52	rstudio/shiny	master
19/11/19 21:16	awalker89/Rjira	master
19/11/19 17:23	thlytras/rspiro	master
19/11/19 16:31	davidavdav/ROC	master
19/11/19 14:54	ewenharrison/summarizer	master
19/11/19 14:54	hrbrmstr/hrbraddins	master
19/11/19 14:54	daattali/colourpicker	master
19/11/19 14:54	ThinkR-open/remedy	master
19/11/19 14:54	rstudio/shiny	master
19/11/19 14:30	ewenharrison/summarizer	master
19/11/19 14:30	hrbrmstr/hrbraddins	master
19/11/19 14:30	daattali/colourpicker	master
19/11/19 14:30	ThinkR-open/remedy	master
19/11/19 14:30	rstudio/shiny	master
19/11/19 13:36	azvoleff/wrspathrow	master
19/11/19 13:35	azvoleff/wrspathrowData	master
19/11/19 13:13	satijalab/seurat	v3.0.2
19/11/18 00:10	kassambara/ggpubr	master
19/11/15 00:56	att/rcloud.dcplot	master
19/11/15 00:27	TommyJones/textmineR	master
19/11/15 00:26	imadmali/stanode	master
19/11/15 00:25	dtkaplan/gitgrade	master
19/11/14 00:06	rstudio/shiny	master
19/11/14 00:03	leeshawn/SKAT	Sparse_Version
19/11/14 00:01	leeshawn/SKAT	Sparse_Version
19/10/31 00:36	yrosseel/lavaan	master
19/10/29 00:45	m-Py/minDiff	master
19/10/27 00:18	IRkernel/IRkernel	master
19/10/27 00:16	IRkernel/IRkernel	master
19/10/26 00:37	m-Py/minDiff	master
19/10/25 00:38	sjmgarnier/viridis	master
19/10/24 00:44	sjmgarnier/viridis	master
19/10/23 00:46	vqv/ggbiplot	master
