19/12/09 20:57	leonjessen/PepTools	master
19/12/09 20:52	leonjessen/PepTools	master
19/12/09 20:24	vjcitn/useret	master
19/12/09 19:39	StatsWithR/statsr	master
19/12/09 19:04	karthikl6/d3bubbles2	master
19/12/09 18:43	karthikl6/d3bubbles2	master
19/12/09 18:38	karthikl6/d3bubbles2	master
19/12/09 18:37	karthikl6/d3bubbles2	master
19/12/09 18:34	karthikl6/d3bubbles2	master
19/12/09 18:34	jcheng5/bubbles	master
19/12/09 18:34	karthikl6/d3bubbles2	master
19/12/09 18:33	timelyportfolio/d3treeR	master
19/12/09 18:33	johnbaums/hues	master
19/12/09 18:32	karthikl6/d3bubbles2	master
19/12/09 18:30	karthikl6/d3bubbles2	master
19/12/09 18:26	karthikl6/d3bubbles2	master
19/12/09 18:26	jcheng5/bubbles	master
19/12/09 18:26	karthikl6/d3bubbles2	master
19/12/09 18:24	timelyportfolio/d3treeR	master
19/12/09 18:19	johnbaums/hues	master
19/12/09 16:16	vqv/ggbiplot	master
19/12/09 16:12	karthikl6/d3bubbles2	master
19/12/09 15:01	karthikl6/d3bubbles2	master
19/12/09 14:37	jcheng5/bubbles	master
19/12/09 14:36	karthikl6/d3bubbles2	master
19/12/09 14:35	timelyportfolio/d3treeR	master
19/12/09 14:32	johnbaums/hues	master
19/12/09 10:20	azvoleff/wrspathrow	master
19/12/09 10:18	azvoleff/wrspathrowData	master
19/12/09 08:29	joey711/biom	master
19/12/09 06:04	StatsWithR/statsr	BayesFactor
19/12/09 03:39	matloff/regtools	master
19/12/09 02:29	saezlab/CNORdt	master
19/12/09 01:57	xons/chipMap	master
19/12/09 01:48	xons/chipMap	master
19/12/09 01:47	evocellnet/ksea	master
19/12/09 01:46	omarwagih/rmotifx	master
19/12/05 00:42	lucasmation/microdadosBrasil	master
19/12/03 00:08	ECO230/eco230r	master
19/11/28 00:17	ewenharrison/summarizer	master
19/11/28 00:17	hrbrmstr/hrbraddins	master
19/11/28 00:17	daattali/colourpicker	master
19/11/28 00:17	ThinkR-open/remedy	master
19/11/28 00:17	rstudio/shiny	master
19/11/27 00:40	ewenharrison/summarizer	master
19/11/27 00:40	hrbrmstr/hrbraddins	master
19/11/27 00:40	daattali/colourpicker	master
19/11/27 00:40	ThinkR-open/remedy	master
19/11/27 00:40	rstudio/shiny	master
19/11/27 00:13	ewenharrison/summarizer	master
19/11/27 00:13	hrbrmstr/hrbraddins	master
19/11/27 00:13	daattali/colourpicker	master
19/11/27 00:12	ThinkR-open/remedy	master
19/11/27 00:12	rstudio/shiny	master
19/11/26 00:07	ewenharrison/summarizer	master
19/11/26 00:07	hrbrmstr/hrbraddins	master
19/11/26 00:07	daattali/colourpicker	master
19/11/26 00:07	ThinkR-open/remedy	master
19/11/26 00:07	rstudio/shiny	master
19/11/22 00:51	maRce10/warbleR	master
19/11/21 00:44	ewenharrison/summarizer	master
19/11/21 00:44	hrbrmstr/hrbraddins	master
19/11/21 00:44	daattali/colourpicker	master
19/11/21 00:44	ThinkR-open/remedy	master
19/11/21 00:44	rstudio/shiny	master
19/11/21 00:41	pmartinezarbizu/RFtools	master
19/11/21 00:40	pmartinezarbizu/RFtools	master
19/11/20 00:51	sjmgarnier/viridis	master
19/11/18 00:10	kassambara/ggpubr	master
19/11/15 00:56	att/rcloud.dcplot	master
19/11/15 00:27	TommyJones/textmineR	master
19/11/15 00:26	imadmali/stanode	master
19/11/15 00:25	dtkaplan/gitgrade	master
19/11/14 00:06	rstudio/shiny	master
19/11/14 00:03	leeshawn/SKAT	Sparse_Version
19/11/14 00:01	leeshawn/SKAT	Sparse_Version
