19/02/22 19:41	timelyportfolio/parcoords	master
19/02/22 19:16	maRce10/warbleR	master
19/02/22 18:27	ccolonescu/PoEdata	master
19/02/22 18:25	ccolonescu/PoEdata	master
19/02/22 18:25	ccolonescu/PoEdata	master
19/02/22 18:07	dgrtwo/gganimate	master
19/02/22 18:04	dgrtwo/gganimate	master
19/02/22 16:29	ccolonescu/PoEdata	master
19/02/22 16:21	ccolonescu/PoEdata	master
19/02/22 16:20	ccolonescu/PoEdata	master
19/02/22 16:20	ccolonescu/PoEdata	master
19/02/22 16:20	ccolonescu/PoEdata	master
19/02/22 16:20	ccolonescu/PoEdata	master
19/02/22 15:43	ccolonescu/PoEdata	master
19/02/22 14:58	ccolonescu/PoEdata	master
19/02/22 14:22	nolanlab/scaffold	master
19/02/22 13:54	ccolonescu/PoEdata	master
19/02/22 13:39	fawda123/ggord	master
19/02/22 13:17	ccolonescu/PoEdata	master
19/02/22 13:01	DanOvando/GUM	master
19/02/22 13:01	GuangchuangYu/ggtree	master
19/02/22 12:47	axellecb/sigma	master
19/02/22 12:47	ccolonescu/PoEdata	master
19/02/22 11:18	ccolonescu/PoEdata	master
19/02/22 11:07	ccolonescu/PoEdata	master
19/02/22 10:46	ccolonescu/PoEdata	master
19/02/22 10:44	ccolonescu/PoEdata	master
19/02/22 10:28	ccolonescu/PoEdata	master
19/02/22 09:55	sumtxt/wiesbaden	master
19/02/22 09:32	ccolonescu/PoEdata	master
19/02/22 07:11	evanwang1990/process	master
19/02/22 07:02	kassambara/factoextra	master
19/02/22 06:15	rbchan/unmarked	master
19/02/22 06:13	ianfiske/unmarked	master
19/02/22 06:10	rbchan/unmarked	master
19/02/22 06:01	rbchan/unmarked	master
19/02/22 05:53	rbchan/unmarked	master
19/02/22 03:31	kassambara/factoextra	master
19/02/22 03:19	kassambara/factoextra	master
19/02/22 02:28	paulgcurran/CIE	master
19/02/22 01:01	avantcredit/validationplot	master
