19/01/27 22:49	vqv/ggbiplot	master
19/01/27 20:15	ropensci/tabulizer	master
19/01/27 20:15	ropensci/tabulizerjars	master
19/01/27 20:03	guiastrennec/ggplus	master
19/01/27 20:03	ropensci/tabulizer	master
19/01/27 20:03	ropensci/tabulizerjars	master
19/01/27 18:57	hrbrmstr/taucharts	master
19/01/27 17:23	siyuany/rpsi	master
19/01/27 16:13	blmoore/mandelbrot	master
19/01/27 16:01	kassambara/datarium	master
19/01/27 15:57	nurandi/katadasaR	master
19/01/27 14:24	thomasp85/patchwork	master
19/01/27 11:14	maxheld83/pensieve	master
19/01/27 11:13	maxheld83/pensieve	master
19/01/27 07:44	mdsumner/nchelper	master
19/01/27 07:44	junkka/ehahelper	master
19/01/27 07:43	bnaras/sglr	master
19/01/27 02:35	yihui/recharts	master
19/01/27 02:32	hoxo-m/magicfor	master
19/01/27 01:15	zhifeiyan/bfcluster	master
19/01/27 01:06	vqv/ggbiplot	master
19/01/27 01:00	hadley/readxl	master
19/01/26 00:37	BMumphrey/TSE	master
19/01/26 00:37	BMumphrey/TSE	master
19/01/26 00:36	BMumphrey/TSE	master
19/01/26 00:36	leeper/tabulizer	master
19/01/26 00:35	BMumphrey/TSE	master
19/01/26 00:35	leeper/tabulizerjars	master
19/01/26 00:34	leeper/tabulizer	master
19/01/26 00:34	leeper/tabulizerjars	master
19/01/26 00:32	leeper/tabulizer	master
19/01/26 00:32	leeper/tabulizerjars	master
19/01/26 00:27	imanuelcostigan/aemo	master
19/01/26 00:15	hoxo-m/prophetExt	master
19/01/26 00:06	hoxo-m/prophetExt	master
19/01/23 00:44	hadley/precis	master
19/01/23 00:43	hadley/precis	master
19/01/23 00:20	andrewpbray/oilabs	master
19/01/20 00:02	vqv/ggbiplot	master
19/01/17 00:06	zdk123/SpiecEasi	master
19/01/16 00:44	zdk123/SpiecEasi	master
19/01/15 00:38	claudia-codeco/AlertTools	master
19/01/15 00:36	romainfrancois/tie	master
19/01/12 00:44	hoxo-m/magicfor	master
19/01/11 00:44	vqv/ggbiplot	master
19/01/11 00:43	vqv/ggbiplot	master
19/01/10 00:56	hadley/precis	master
19/01/10 00:29	doomlab/MOTE	master
19/01/09 00:44	krlmlr/ulimit	master
19/01/09 00:44	Ossifragus/OSMAC	master
19/01/08 00:52	krlmlr/ulimit	master
19/01/08 00:49	Ossifragus/OSMAC	master
19/01/08 00:19	zdk123/SpiecEasi	master
19/01/06 00:36	hadley/precis	master
19/01/06 00:34	hadley/precis	master
19/01/03 00:14	google/GeoexperimentsResearch	master
