19/07/31 11:23	mariavica/mircomb	master
19/07/31 09:35	syounkin/vcf2R	master
19/07/31 09:34	syounkin/vcf2R	master
19/07/31 09:23	ldepascalis/packages	master
19/07/31 09:21	ldepascalis/packages	master
19/07/31 09:21	ldepascalis/packages	master
19/07/31 09:15	ldepascalis/packages	master
19/07/31 09:11	ldepascalis/packages	master
19/07/31 09:07	ldepascalis/packages	master
19/07/31 07:23	duncantl/RWordPress	master
19/07/31 07:23	duncantl/XMLRPC	master
19/07/31 06:29	omegahat/RDCOMClient	master
19/07/31 06:23	omegahat/RDCOMClient	master
19/07/31 06:07	Rapporter/pander	06c2f65797
19/07/31 05:54	vqv/ggbiplot	master
19/07/31 05:54	vqv/ggbiplot	master
19/07/31 05:01	kassambara/r2excel	master
19/07/31 02:22	sinhrks/ggfortify	master
19/07/27 00:12	vqv/ggbiplot	master
19/07/21 00:59	ropensci/tabulizer	master
19/07/21 00:59	ropensci/tabulizerjars	master
19/07/16 00:34	hadley/dplyr	master
19/07/16 00:15	hadley/dplyr	master
19/07/16 00:05	hadley/dplyr	master
19/07/14 00:29	timelyportfolio/d3treeR	master
19/07/13 00:30	strengejacke/sjPlot	master
19/07/09 00:25	drizopoulos/JMbayes	master
19/07/05 00:59	nlmixrdevelopment/RxODE	master
19/07/04 00:50	DerekYves/rsurveygizmo	master
19/07/04 00:11	ramhiser/datamicroarray	master
19/07/04 00:10	ramhiser/datamicroarray	master
19/07/04 00:08	ramhiser/datamicroarray	master
19/07/04 00:07	ramhiser/datamicroarray	master
19/07/03 00:07	tidyverse/googlesheets4	master
19/07/02 00:42	hrbrmstr/albersusa	master
