19/07/25 08:46	krlmlr/MultiLevelIPF	master
19/07/25 08:35	robertsehlke/SETHRO	master
19/07/25 08:34	robertsehlke/SETHRO	master
19/07/25 08:34	robertsehlke/SETHRO	master
19/07/25 08:32	robertsehlke/SETHRO	master
19/07/25 08:09	datashield/opaladmin	master
19/07/25 08:08	datashield/dsBaseClient	master
19/07/25 06:32	google/glassbox	master
19/07/25 06:02	Rapporter/pander	06c2f65797
19/07/25 03:41	StatsWithR/statsr	BayesFactor
19/07/25 01:14	sinhrks/ggfortify	master
19/07/21 00:59	ropensci/tabulizer	master
19/07/21 00:59	ropensci/tabulizerjars	master
19/07/16 00:34	hadley/dplyr	master
19/07/16 00:15	hadley/dplyr	master
19/07/16 00:05	hadley/dplyr	master
19/07/14 00:29	timelyportfolio/d3treeR	master
19/07/13 00:30	strengejacke/sjPlot	master
19/07/09 00:25	drizopoulos/JMbayes	master
19/07/05 00:59	nlmixrdevelopment/RxODE	master
19/07/04 00:50	DerekYves/rsurveygizmo	master
19/07/04 00:11	ramhiser/datamicroarray	master
19/07/04 00:10	ramhiser/datamicroarray	master
19/07/04 00:08	ramhiser/datamicroarray	master
19/07/04 00:07	ramhiser/datamicroarray	master
19/07/03 00:07	tidyverse/googlesheets4	master
19/07/02 00:42	hrbrmstr/albersusa	master
19/06/28 00:06	AppliedDataSciencePartners/xgboostExplainer	master
19/06/28 00:06	AppliedDataSciencePartners/xgboostExplainer	master
