19/09/11 08:41	reptalex/WrightFisher	master
19/09/11 08:40	reptalex/WrightFisher	master
19/09/11 08:40	reptalex/WrightFisher	master
19/09/11 08:39	reptalex/WrightFisher	master
19/09/11 08:33	reptalex/WrightFisher	master
19/09/11 08:32	reptalex/WrightFisher	master
19/09/11 08:26	reptalex/WrightFisher	master
19/09/11 08:25	USCbiostats/polygons	master
19/09/11 08:25	USCbiostats/amcmc	master
19/09/11 08:21	USCbiostats/amcmc	master
19/09/11 08:21	vqv/fps	master
19/09/11 08:20	USCbiostats/amcmc	master
19/09/11 08:19	USCbiostats/polygons	master
19/09/11 07:41	dgiguer/omicplotR	master
19/09/11 06:05	pratikpitreds/nlCor	master
19/09/11 06:04	pratikpitreds/nlCor	master
19/09/10 00:40	AChauvenet/ProtectEqual	master
19/09/10 00:13	tpepler/nonpar	master
19/08/31 00:05	krlmlr/ulimit	master
19/08/31 00:01	krlmlr/ulimit	master
19/08/30 00:22	merns/postgwas	master
19/08/22 00:40	jennybc/googlesheets	master
19/08/22 00:29	jennybc/googlesheets	master
19/08/22 00:28	jennybc/googlesheets	master
19/08/22 00:28	jennybc/googlesheets	master
19/08/22 00:28	jennybc/googlesheets	master
19/08/22 00:27	jennybc/googlesheets	master
19/08/22 00:27	jennybc/googlesheets	master
19/08/22 00:27	jennybc/googlesheets	master
19/08/12 00:07	matthewwolak/ICC	master
