19/07/10 19:25	thlytras/rspiro	master
19/07/10 16:03	thlytras/rspiro	master
19/07/10 15:48	Rjacobucci/dtree	master
19/07/10 14:45	yihui/tinytex	master
19/07/10 14:42	AllenInstitute/tasic2016data	master
19/07/10 14:00	romunov/AED	master
19/07/10 13:49	uvasomrc/scratchr	master
19/07/10 13:45	uvasomrc/scratchr	master
19/07/10 13:45	tobiasgf/lulu	master
19/07/10 13:45	uvasomrc/scratchr	master
19/07/10 13:44	uvasomrc/scratchr	master
19/07/10 13:43	uvasomrc/scratchr	master
19/07/10 12:09	drizopoulos/JMbayes	master
19/07/10 11:48	drizopoulos/JMbayes	master
19/07/10 09:57	tloux/tldr	master
19/07/10 08:17	wdtinc/SkyWiseNetCDFR	master
19/07/10 08:16	wdtinc/SkyWiseNetCDFR	master
19/07/10 08:14	wdtinc/SkyWiseNetCDFR	master
19/07/10 07:27	andrie/version.compare	master
19/07/10 07:18	Rapporter/pander	06c2f65797
19/07/10 04:52	vqv/ggbiplot	master
19/07/10 04:52	twitter/AnomalyDetection	master
19/07/10 04:30	mwpennell/arbutus	master
19/07/10 01:31	thlytras/rspiro	master
