19/02/18 22:31	braverock/quantstrat	master
19/02/18 22:21	braverock/blotter	master
19/02/18 20:40	ccolonescu/PoEdata	master
19/02/18 20:25	ccolonescu/PoEdata	master
19/02/18 19:38	vqv/ggbiplot	master
19/02/18 19:37	hilaryparker/cats	master
19/02/18 18:19	ccolonescu/PoEdata	master
19/02/18 18:19	kaz-yos/tableone	master
19/02/18 18:18	ccolonescu/PoEdata	master
19/02/18 18:13	ccolonescu/PoEdata	master
19/02/18 17:43	ccolonescu/PoEdata	master
19/02/18 17:43	ccolonescu/PoEdata	master
19/02/18 17:38	ccolonescu/PoEdata	master
19/02/18 16:02	USCbiostats/partition	142ec56
19/02/18 15:55	adchSTATS/icpp	master
19/02/18 15:55	andrie/version.compare	master
19/02/18 14:23	hoxo-m/magicfor	master
19/02/18 10:42	ccolonescu/PoEdata	master
19/02/18 10:18	dreamRs/shinyWidgets	master
19/02/18 08:23	vqv/ggbiplot	master
19/02/18 07:14	ujjwalkarn/xda	master
19/02/18 07:13	ujjwalkarn/xda	master
19/02/18 07:12	ujjwalkarn/xda	master
19/02/18 07:06	ujjwalkarn/xda	master
19/02/16 00:46	kbroman/ricalc	master
19/02/15 00:38	ropensci/tabulizer	master
19/02/15 00:38	ropensci/tabulizerjars	master
19/02/15 00:29	ropensci/tabulizer	master
19/02/15 00:29	ropensci/tabulizerjars	master
19/02/15 00:16	Logiwo/tabulizer	master
19/02/15 00:16	leeper/tabulizerjars	master
19/02/15 00:15	ropenscilabs/tabulizer	master
19/02/15 00:15	ropensci/tabulizerjars	master
19/02/15 00:13	ropensci/tabulizer	master
19/02/15 00:13	ropensci/tabulizerjars	master
19/02/15 00:11	ropensci/tabulizerjars	master
19/02/15 00:05	ropensci/tabulizer	master
19/02/15 00:05	ropensci/tabulizerjars	master
19/02/15 00:04	Logiwo/tabulizer	master
19/02/15 00:04	ropensci/tabulizerjars	master
19/02/13 00:54	strengejacke/sjPlot	master
19/02/10 00:40	twitter/BreakoutDetection	master
19/02/09 00:16	jrdnmdhl/reconIPD	master
19/02/09 00:15	jrdnmdhl/reconIPD	master
19/02/05 00:07	thlytras/rspiro	master
19/02/05 00:07	thlytras/rspiro	master
19/02/02 00:47	meysubb/collegeballR	master
19/02/02 00:10	domoinc-r/DomoR	master
19/02/01 00:15	smach/rmiscutils	master
19/02/01 00:14	smach/rmiscutils	master
19/01/31 00:09	jasongraf1/JGmisc	master
19/01/28 00:54	ropensci/tabulizer	master
19/01/28 00:54	ropensci/tabulizerjars	master
19/01/26 00:37	BMumphrey/TSE	master
19/01/26 00:37	BMumphrey/TSE	master
19/01/26 00:36	BMumphrey/TSE	master
19/01/26 00:36	leeper/tabulizer	master
19/01/26 00:35	BMumphrey/TSE	master
19/01/26 00:35	leeper/tabulizerjars	master
19/01/26 00:34	leeper/tabulizer	master
19/01/26 00:34	leeper/tabulizerjars	master
19/01/26 00:32	leeper/tabulizer	master
19/01/26 00:32	leeper/tabulizerjars	master
19/01/26 00:27	imanuelcostigan/aemo	master
19/01/26 00:15	hoxo-m/prophetExt	master
19/01/26 00:06	hoxo-m/prophetExt	master
19/01/23 00:44	hadley/precis	master
19/01/23 00:43	hadley/precis	master
19/01/23 00:20	andrewpbray/oilabs	master
19/01/20 00:02	vqv/ggbiplot	master
