20/07/09 22:07	bgreenwell/mertree	master
20/07/09 21:25	hoxo-m/magicfor	master
20/07/09 21:25	reconhub/nomad	master
20/07/09 20:51	jdeboer/gcalendar	master
20/07/09 20:43	jdeboer/gcalendar	master
20/07/09 18:58	BenBarnard/covEstR	master
20/07/09 18:54	usagi5886/PraatR	master
20/07/09 17:33	StatsWithR/statsr	BayesFactor
20/07/09 17:13	StatsWithR/statsr	BayesFactor
20/07/09 17:09	StatsWithR/statsr	BayesFactor
20/07/09 16:00	trestletech/ShinyDash	master
20/07/09 15:06	perishky/meffil	master
20/07/09 14:04	hoxo-m/magicfor	master
20/07/09 12:01	StatsWithR/statsr	BayesFactor
20/07/09 11:58	StatsWithR/statsr	BayesFactor
20/07/09 11:57	StatsWithR/statsr	BayesFactor
20/07/09 11:12	twitter/AnomalyDetection	master
20/07/09 11:12	twitter/AnomalyDetection	master
20/07/09 08:54	Rapporter/pander	06c2f65797
20/07/09 06:37	villardon/MultBiplotR	master
20/07/09 04:13	joey711/biom	master
20/07/09 01:22	thej022214/corHMM	master
20/07/09 01:15	thej022214/corHMM	master
