20/05/22 16:07	omegahat/RDCOMClient	master
20/05/22 15:09	Ngendahimana/sensitivityR5	master
20/05/22 13:51	azvoleff/wrspathrowData	master
20/05/22 08:33	StatsWithR/statsr	BayesFactor
20/05/22 08:08	massimoaria/bibliometrix	master
20/05/22 07:02	massimoaria/bibliometrix	master
20/05/22 05:23	callistosp/dataTools	master
20/05/22 04:14	ropensci/jsonld	master
20/05/22 04:05	ramnathv/htmlwidgets	master
20/05/21 00:56	stephaneguerrier/inclassdemo	master
20/05/21 00:52	stephaneguerrier/inclassdemo	master
20/05/20 00:37	ramnathv/rCharts	master
20/05/19 00:07	ujjwalkarn/xda	master
20/05/15 00:32	tarakc02/lazylist	master
20/05/15 00:31	vpnagraj/shinylist	master
20/05/15 00:30	aaronwolen/linkit	master
20/05/12 00:39	rstudio/R-Websockets	master
20/05/12 00:39	rstudio/R-Websockets	master
20/05/12 00:39	rstudio/R-Websockets	master
20/05/12 00:33	rstudio/R-Websockets	master
20/05/12 00:32	rstudio/R-Websockets	master
20/05/11 00:31	DataWookie/flipsideR	master
20/05/11 00:15	ECO230/eco230r	master
20/05/05 00:17	saurfang/shinyAceCodeInput	master
20/05/05 00:17	saurfang/shinyAceCodeInput	master
20/05/05 00:16	saurfang/shinyAceCodeInput	master
20/05/05 00:14	saurfang/shinyAceCodeInput	master
20/05/04 00:01	ropensci/dependencies	master
20/05/04 00:00	ropensci/dependencies	master
20/05/03 00:39	ymattu/MlBayesOpt	master
20/05/03 00:09	ropenscilabs/rnaturalearthhires	master
20/05/03 00:08	ropenscilabs/rnaturalearthhires	master
20/05/02 00:03	iobis/robis	master
20/05/01 00:57	cttobin/ggthemr	master
20/05/01 00:39	r-spatial/spdep	master
20/05/01 00:31	hoxo-m/prophetExt	master
20/05/01 00:30	hoxo-m/prophetExt	master
20/05/01 00:28	hoxo-m/prophetExt	master
20/05/01 00:23	hoxo-m/magicfor	master
20/04/30 00:44	jayjacobs/ggcal	master
20/04/29 00:20	Azure/AzureDSVM	master
20/04/28 00:31	AndyPL22/TileManager	master
20/04/28 00:27	AndyPL22/TileManager	master
20/04/28 00:21	AndyPL22/TileManager	master
20/04/27 00:13	mkearney/rtweet	5ef897e
20/04/27 00:01	mkearney/rtweet	5ef897e
20/04/27 00:01	mkearney/rtweet	5ef897e
20/04/27 00:00	ashoksiri/rtweet	5ef897e
20/04/26 00:07	walkerke/tidycensus	pums
20/04/25 00:56	ProjectMOSAIC/mosaicCalc	master
20/04/25 00:55	rpruim/fastR2	master
20/04/25 00:54	metno/esd	master
20/04/25 00:00	matloff/regtools	master
20/04/23 00:58	igraph/rigraph	master
