20/06/08 22:55	vijaybarve/ENMGadgets	master
20/06/08 22:33	ChrisMuir/comtradr	master
20/06/08 22:19	bingzhang16/WebGestaltR	master
20/06/08 21:58	twitter/AnomalyDetection	master
20/06/08 21:52	hoxo-m/magicfor	master
20/06/08 21:17	brian-bot/githubr	master
20/06/08 20:46	yangjl/quantgen	master
20/06/08 20:28	nick-ulle/rstatic	master
20/06/08 20:12	USGS-R/EflowStats	master
20/06/08 19:40	nickpoison/astsa	master
20/06/08 19:01	twitter/AnomalyDetection	master
20/06/08 18:49	twitter/AnomalyDetection	master
20/06/08 18:47	twitter/AnomalyDetection	master
20/06/08 18:47	twitter/AnomalyDetection	master
20/06/08 18:46	twitter/AnomalyDetection	master
20/06/08 18:46	twitter/AnomalyDetection	master
20/06/08 18:45	twitter/AnomalyDetection	master
20/06/08 18:45	twitter/AnomalyDetection	master
20/06/08 18:45	twitter/AnomalyDetection	master
20/06/08 18:44	twitter/AnomalyDetection	master
20/06/08 18:44	twitter/AnomalyDetection	master
20/06/08 18:44	twitter/AnomalyDetection	master
20/06/08 18:42	twitter/AnomalyDetection	master
20/06/08 18:41	twitter/AnomalyDetection	master
20/06/08 18:40	twitter/AnomalyDetection	master
20/06/08 18:38	twitter/AnomalyDetection	master
20/06/08 18:37	twitter/AnomalyDetection	master
20/06/08 18:37	twitter/AnomalyDetection	master
20/06/08 18:37	twitter/AnomalyDetection	master
20/06/08 18:34	twitter/AnomalyDetection	master
20/06/08 17:51	gforge/forestplot	master
20/06/08 15:47	HudsonAlpha/R2DGC	master
20/06/08 15:41	StatsWithR/statsr	BayesFactor
20/06/08 15:23	nickpoison/astsa	master
20/06/08 15:18	nickpoison/astsa	master
20/06/08 12:30	jonathon-love/car	master
20/06/08 11:46	joey711/biom	master
20/06/08 08:58	romunov/zvau	master
20/06/08 06:49	google/GeoexperimentsResearch	master
20/06/08 04:48	StatsWithR/statsr	BayesFactor
20/06/08 03:54	yihui/tinytex	master
20/06/08 03:48	yihui/tinytex	master
20/06/08 03:30	dgrtwo/broom	master
20/06/08 03:24	DudbridgeLab/multipred	master
20/06/08 03:19	jonathon-love/car	master
20/06/08 03:15	rvlenth/lsmeans	master
20/06/08 03:14	RyanHope/Rmisc	master
20/06/08 03:13	mrdwab/splitstackshape	master
20/06/08 03:10	duthedd/ggplot2	master
20/06/08 03:01	ndphillips/yarrr	master
