20/07/26 16:36	Financial-Times/ftRtools	master
20/07/26 14:00	davidgohel/ReporteRsjars	master
20/07/26 14:00	kintero/psmr	master
20/07/26 13:59	duncantl/R2GoogleMaps	master
20/07/26 13:59	AntonioCoppola/lbfgs	master
20/07/26 13:59	jsta/ipdw	master
20/07/26 13:58	jverzani/gWidgets2RGtk2	master
20/07/26 13:58	phiala/grassR	master
20/07/26 13:56	yasserglez/cec2005benchmark	master
20/07/26 10:26	Chicago/RSocrata	master
20/07/26 04:06	StatsWithR/statsr	BayesFactor
20/07/26 00:59	Chicago/RSocrata	master
20/07/23 00:06	KevinKotze/tsm	master
20/07/21 00:53	statnmap/SDMSelect	master
20/07/16 00:12	hadley/dplyr	master
20/07/14 00:58	Bioconductor/AnnotationFilter	master
20/07/11 00:08	NumbersInternational/flipMultivariates	master
20/07/11 00:06	Displayr/flipMultivariates	master
20/07/11 00:03	Displayr/flipMultivariates	master
20/07/10 00:42	twitter/AnomalyDetection	master
20/07/10 00:37	hoxo-m/prophetExt	master
20/07/10 00:05	rweyant/spotifyr	master
20/07/10 00:00	rweyant/spotifyr	master
20/07/08 00:36	jiho/chroma	master
20/07/06 00:52	therneau/survival	master
20/07/02 00:41	privefl/bigsnpr	master
20/07/02 00:11	mlaib/MFDFA	master
20/07/01 00:15	mkearney/rtweet	5ef897e
20/06/26 00:13	hadley/emo	master
20/06/26 00:11	juliasilge/silgelib	master
