20/05/08 08:32	jbkunst/highcharter	master
20/05/08 08:08	jbkunst/highcharter	master
20/05/08 07:45	jbkunst/highcharter	master
20/05/08 06:15	hoxo-m/magicfor	master
20/05/08 04:29	ramnathv/slidifyLibraries	master
20/05/08 04:28	ramnathv/slidify	master
20/05/08 04:27	kevinushey/sourcetools	master
20/05/08 04:25	ddsjoberg/sjosmooth	master
20/05/08 04:25	rstudio/shiny	master
20/05/08 04:22	ThinkR-open/remedy	master
20/05/08 04:22	salimk/Rcrawler	master
20/05/08 04:21	ramnathv/rCharts	master
20/05/08 04:20	alastairrushworth/smnet	master
20/05/08 04:20	ramnathv/htmlwidgets	master
20/05/08 04:19	rstudio/htmltools	master
20/05/08 04:19	hrbrmstr/hrbraddins	master
20/05/08 04:18	lendle/hdps	master
20/05/08 04:17	rstudio/DT	master
20/05/08 04:17	vqv/ggbiplot	master
20/05/08 04:17	zabore/ezfun	master
20/05/08 04:16	kbroman/ricalc	master
20/05/08 04:16	gramener/eda	master
20/05/08 04:14	BavoDC/CalibrationCurves	master
20/05/08 04:13	sipemu/d3Dashboard	master
20/05/08 04:13	zabore/condsurv	master
20/05/08 04:13	daattali/colourpicker	master
20/05/08 04:12	csgillespie/addinmanager	master
20/05/08 04:11	rstudio/addinexamples	master
20/05/08 04:08	daattali/addinslist	master
20/05/08 04:08	rstudio/addinexamples	master
20/05/08 04:04	maRce10/warbleR	master
