20/09/04 21:15	yihui/knitr	master
20/09/04 21:14	haozhu233/kableExtra	master
20/09/04 20:57	haozhu233/kableExtra	master
20/09/04 19:31	thomasp85/patchwork	master
20/09/04 19:11	thomasp85/patchwork	master
20/09/04 19:01	Oefenweb/r-tools	master
20/09/04 17:40	kwstat/corrgram	master
20/09/04 15:31	jaredlander/coefplot	master
20/09/04 15:08	jaredlander/coefplot	master
20/09/04 15:05	jaredlander/coefplot	master
20/09/04 15:04	jaredlander/coefplot	master
20/09/04 15:04	jaredlander/coefplot	master
20/09/04 15:03	jaredlander/coefplot	master
20/09/04 14:58	jaredlander/coefplot	master
20/09/04 14:57	jaredlander/coefplot	master
20/09/04 14:17	jaredlander/coefplot	master
20/09/04 13:53	jaredlander/coefplot	master
20/09/04 13:52	selva86/InformationValue	master
20/09/04 13:43	jaredlander/coefplot	master
20/09/04 13:42	jaredlander/coefplot	master
20/09/04 13:39	jaredlander/coefplot	master
20/09/04 13:38	jaredlander/coefplot	master
20/09/04 12:48	trinker/pacman	master
20/09/04 01:08	sbfnk/fitR	master
20/09/03 00:24	StatsWithR/statsr	BayesFactor
20/08/31 00:29	vkapartzianis/SparkR	master
20/08/31 00:29	akzaidi/SparkR	master
20/08/31 00:24	r-pkgs/usethis	master
20/08/26 00:45	elbamos/largeVis	feature/backoncran
20/08/26 00:24	bbolker/bbmle	master
20/08/26 00:24	FunWithR/MonteCarlo	master
20/08/26 00:23	rstudio/rsconnect	master
20/08/26 00:23	IRkernel/IRkernel	master
20/08/26 00:22	snoweye/pbdZMQ	master
20/08/26 00:21	zdk123/SpiecEasi	master
20/08/26 00:19	joey711/phyloseq	master
20/08/26 00:09	ProjectMOSAIC/mosaicCalc	master
20/08/26 00:09	rpruim/fastR2	master
20/08/24 00:58	jandziak/mc.glmnet	master
20/08/16 00:16	smartinsightsfromdata/rpivotTable	master
20/08/16 00:13	DnPeter/rpivotTable	master
20/08/14 00:23	xrobin/testParallel	master
20/08/14 00:23	braverock/quantstrat	master
20/08/14 00:22	braverock/blotter	master
20/08/14 00:21	xrobin/testParallel	master
20/08/14 00:18	xrobin/testParallel	master
20/08/14 00:17	xrobin/testParallel	master
20/08/09 00:23	johow/kinlab	master
