20/03/17 10:48	aoles/EBImage	master
20/03/17 10:18	mw201608/msigdb	master
20/03/17 10:16	mw201608/msigdb	master
20/03/17 10:14	mw201608/msigdb	master
20/03/17 08:00	aoles/EBImage	master
20/03/17 07:57	aoles/EBImage	master
20/03/17 07:34	hadley/dplyr	master
20/03/17 07:32	hadley/dplyr	master
20/03/17 04:44	Eflores89/nasadata	master
20/03/17 04:40	dspluta/adamant	master
20/03/17 04:39	dspluta/adamant	master
20/03/17 04:37	dspluta/adamant	sha-checking
20/03/17 04:34	dspluta/adamant	master
20/03/17 04:31	dspluta/adamant	master
20/03/17 04:28	dspluta/adamant	master
20/03/17 04:28	dspluta/adamant	master
20/03/17 03:33	mkuhn/dict	master
20/03/17 03:27	Bioconductor/Biobase	master
20/03/17 03:27	CFWP/rags2ridges	master
20/03/09 00:16	thomasp85/patchwork	master
20/03/07 00:00	paul-buerkner/brms	master
20/03/06 00:56	MilesOtt/strategicplayers	master
20/03/05 00:24	ECO230/eco230r	master
20/02/29 00:38	HenrikBengtsson/R.rsp	master
20/02/28 00:46	eblondel/cleangeo	master
20/02/28 00:22	EMIjess/evalwaterfallr	master
20/02/23 00:06	eyzhao/SignIT	master
20/02/20 00:43	erikpal/bRush	master
20/02/20 00:41	erikpal/bRush	master
20/02/20 00:40	maRce10/Rraven	master
20/02/20 00:37	maRce10/warbleR	master
