20/10/21 17:02	timelyportfolio/imageR	master
20/10/21 16:52	hoxo-m/magicfor	master
20/10/21 16:25	dreamRs/viewxl	master
20/10/21 16:07	StatsWithR/statsr	BayesFactor
20/10/21 16:04	edzer/sfr	master
20/10/21 15:59	StatsWithR/statsr	BayesFactor
20/10/21 15:57	StatsWithR/statsr	BayesFactor
20/10/21 15:40	vqv/ggbiplot	master
20/10/21 15:30	StatsWithR/statsr	BayesFactor
20/10/21 15:09	sfr/RStudio-Addin-Snippets	master
20/10/21 14:53	gyang274/scheduler	master
20/10/21 14:46	gyang274/scheduler	master
20/10/21 14:44	gyang274/scheduler	master
20/10/21 14:02	StatsWithR/statsr	BayesFactor
20/10/21 13:23	sdray/adespatial	master
20/10/21 11:26	r-lib/withr	v2.2.0
20/10/21 05:46	twitter/AnomalyDetection	master
20/10/21 05:44	twitter/AnomalyDetection	master
20/10/21 03:20	meysubb/ncaaR	master
20/10/21 02:46	blogsdon/utilityFunctions	master
20/10/21 02:02	cttobin/ggthemr	master
