20/11/10 17:42	rstudio/bookdown	master
20/11/10 13:47	hrbrmstr/waffle	master
20/11/10 12:11	gertjanssenswillen/edeaR	master
20/11/10 12:06	gertjanssenswillen/bupaR	master
20/11/10 11:32	gabrielrvsc/HDeconometrics	master
20/11/10 10:41	juliasilge/tidytext	master
20/11/10 10:28	joshuaulrich/TTR	master
20/11/10 10:06	StatisticsNZ/demdata	master
20/11/10 10:02	WinVector/vtreat	master
20/11/10 10:01	mages/ChainLadder	master
20/11/10 09:54	rstats-db/RMySQL	master
20/11/10 09:54	r-dbi/RSQLite	master
20/11/10 09:53	RcppCore/RcppArmadillo	master
20/11/10 09:53	jwijffels/ETLUtils	master
20/11/10 09:53	hadley/tidyverse	master
20/11/10 09:53	hadley/lubridate	master
20/11/10 09:48	rstats-db/RMySQL	master
20/11/10 09:47	r-dbi/RSQLite	master
20/11/10 09:45	RcppCore/RcppArmadillo	master
20/11/10 09:44	jwijffels/ETLUtils	master
20/11/10 09:41	hadley/tidyverse	master
20/11/10 09:41	hadley/lubridate	master
20/11/10 09:36	hadley/tidyverse	master
20/11/10 09:30	hadley/lubridate	master
20/11/10 07:06	gabrielrvsc/HDeconometrics	master
20/11/10 06:38	gabrielrvsc/HDeconometrics	master
20/11/10 06:00	hadley/nycflights13	master
