20/03/11 18:35	zhengxwen/gdsfmt	master
20/03/11 18:25	zhengxwen/SNPRelate	master
20/03/11 18:24	zhengxwen/SNPRelate	master
20/03/11 18:18	ccolonescu/PoEdata	master
20/03/11 18:17	ccolonescu/PoEdata	master
20/03/11 18:10	zhengxwen/SNPRelate	master
20/03/11 18:10	BradHubley/EA	master
20/03/11 17:51	zhengxwen/SNPRelate	master
20/03/11 17:09	luisboullosa/learnr	master
20/03/11 16:04	tidyverse/dplyr	master
20/03/11 15:49	tidyverse/dplyr	master
20/03/11 15:00	tidyverse/glue	master
20/03/11 14:58	hadley/tidyverse	master
20/03/11 14:57	tidyverse/dplyr	master
20/03/11 14:46	hadley/tidyverse	master
20/03/11 14:05	nickpoison/astsa	master
20/03/11 12:45	tidyverse/dplyr	master
20/03/11 12:44	tidyverse/dplyr	master
20/03/11 12:44	tidyverse/dplyr	master
20/03/11 10:40	scientific-computing-solutions/InformativeCensoring	master
20/03/11 09:52	arunsrinivasan/flights	master
20/03/11 01:01	roblanf/sangeranalyseR	develop
20/03/09 00:16	thomasp85/patchwork	master
20/03/07 00:00	paul-buerkner/brms	master
20/03/06 00:56	MilesOtt/strategicplayers	master
20/03/05 00:24	ECO230/eco230r	master
20/02/29 00:38	HenrikBengtsson/R.rsp	master
20/02/28 00:46	eblondel/cleangeo	master
20/02/28 00:22	EMIjess/evalwaterfallr	master
20/02/23 00:06	eyzhao/SignIT	master
20/02/20 00:43	erikpal/bRush	master
20/02/20 00:41	erikpal/bRush	master
20/02/20 00:40	maRce10/Rraven	master
20/02/20 00:37	maRce10/warbleR	master
20/02/12 00:35	ccolonescu/PoEdata	master
