20/07/22 22:26	HuangRicky/ROpenFIGI	master
20/07/22 22:23	rpatin/voronoi	master
20/07/22 22:23	rpatin/voronoi	master
20/07/22 22:22	rpatin/voronoi	master
20/07/22 22:21	denis-arnold/TreeBUGS	master
20/07/22 22:10	denis-arnold/TreeBUGS	master
20/07/22 19:47	hrbrmstr/streamgraph	master
20/07/22 18:54	jjvanderwal/SDMTools	master
20/07/22 18:53	jjvanderwal/SDMTools	master
20/07/22 18:52	jjvanderwal/SDMTools	master
20/07/22 18:51	twitter/AnomalyDetection	master
20/07/22 17:29	cmartin/msPVA	master
20/07/22 17:29	cmartin/msPVA	master
20/07/22 16:21	cmartin/msPVA	master
20/07/22 15:38	aplantin/MiRKATS	master
20/07/22 14:35	nickpoison/astsa	master
20/07/22 11:04	sdcTools/sdcMicro	master
20/07/22 09:23	strengejacke/sjPlot	master
20/07/22 07:56	maryclare/gnorm	master
20/07/22 07:07	chrras/climateeng	master
20/07/22 06:21	r-spatial/lwgeom	master
20/07/22 02:54	StatsWithR/statsr	BayesFactor
20/07/22 02:42	StatsWithR/statsr	BayesFactor
20/07/22 02:08	jepusto/SingleCaseES	master
