20/09/07 11:58	jakobbossek/salesperson	master
20/09/07 09:25	jm3594/crtpower	master
20/09/07 07:57	davidgohel/officer	master
20/09/07 07:34	civilstat/RankingProject	master
20/09/07 07:24	civilstat/RankingProject	master
20/09/07 04:17	timelyportfolio/flowtypeR	master
20/09/07 04:16	Displayr/flipU	master
20/09/07 04:16	Displayr/flipTime	master
20/09/07 04:14	Displayr/flipImputation	master
20/09/07 04:10	Displayr/rhtmlDonut	master
20/09/07 04:04	arunsrinivasan/flights	master
20/09/07 04:03	bdsegal/fastPerm	master
20/09/07 04:03	alekrutkowski/eurodata	master
20/09/07 04:01	hadley/emo	master
20/09/07 04:00	gongx030/scDatasets	master
20/09/07 03:58	traitecoevo/dockertest	master
20/09/07 03:56	johndharrison/dockerAPI	master
20/09/07 03:56	Bioconductor/docker.workshop	master
20/09/07 03:55	bhaskarvk/docker	master
20/09/07 03:54	ropenscilabs/dirdf	master
20/09/07 03:51	yutannihilation/dcStockR	master
20/09/07 03:50	CG1122/DAL	master
20/09/07 03:49	jbkunst/d3wordcloud	master
20/09/07 03:48	timelyportfolio/d3vennR	master
20/09/07 03:47	jcheng5/d3scatter	master
20/09/07 03:45	jpmarindiaz/d3plus	master
20/09/07 03:44	o2r-project/containerit	master
20/09/07 03:42	JohnCoene/chartist	master
20/09/07 03:41	patr1ckm/mvtboost	master
20/09/07 03:35	ThierryO/bookdowntest	master
20/09/07 03:34	aaronwolen/bingd	master
20/09/07 03:33	hadley/bigvis	master
20/09/07 03:30	IshmaelBelghazi/bigoptim	master
20/09/07 03:29	brad-cannell/bfuncs	master
20/09/07 03:26	drglcc/packFars	master
20/09/07 03:23	r-lib/async	master
20/09/07 03:22	ikwak2/aSPU	master
20/09/07 03:18	Ladvien/RHMIS	master
20/09/07 02:06	dreamRs/addinit	master
20/09/07 01:48	dreamRs/prefixer	master
20/09/07 01:47	nickpoison/astsa	master
20/09/07 00:09	DataSciBurgoon/aop	master
20/09/07 00:08	GianPaoloClemente/DirectedClustering	master
20/09/07 00:06	GianPaoloClemente/DirectedClustering	master
20/09/07 00:03	TheoreticalEcosystemEcology/alienR	master
20/09/05 00:02	jokergoo/ComplexHeatmap	master
20/09/03 00:24	StatsWithR/statsr	BayesFactor
20/08/31 00:29	vkapartzianis/SparkR	master
20/08/31 00:29	akzaidi/SparkR	master
20/08/31 00:24	r-pkgs/usethis	master
20/08/26 00:45	elbamos/largeVis	feature/backoncran
20/08/26 00:24	bbolker/bbmle	master
20/08/26 00:24	FunWithR/MonteCarlo	master
20/08/26 00:23	rstudio/rsconnect	master
20/08/26 00:23	IRkernel/IRkernel	master
20/08/26 00:22	snoweye/pbdZMQ	master
20/08/26 00:21	zdk123/SpiecEasi	master
20/08/26 00:19	joey711/phyloseq	master
20/08/26 00:09	ProjectMOSAIC/mosaicCalc	master
20/08/26 00:09	rpruim/fastR2	master
20/08/24 00:58	jandziak/mc.glmnet	master
20/08/16 00:16	smartinsightsfromdata/rpivotTable	master
20/08/16 00:13	DnPeter/rpivotTable	master
20/08/14 00:23	xrobin/testParallel	master
20/08/14 00:23	braverock/quantstrat	master
20/08/14 00:22	braverock/blotter	master
20/08/14 00:21	xrobin/testParallel	master
20/08/14 00:18	xrobin/testParallel	master
20/08/14 00:17	xrobin/testParallel	master
20/08/09 00:23	johow/kinlab	master
