20/09/21 20:18	rmunoz12/chromeR	master
20/09/21 19:13	davidavdav/ROC	master
20/09/21 19:06	davidavdav/ROC	master
20/09/21 18:42	thecrosbyfan/uwrfRegression	master
20/09/21 18:40	jack-thomas/uwrfRegression	master
20/09/21 16:39	davidavdav/ROC	master
20/09/21 16:26	smach/rmiscutils	master
20/09/21 15:55	davidavdav/ROC	master
20/09/21 15:21	tpapak/flow_contribution	master
20/09/21 15:20	esm-ispm-unibe-ch/flow_contribution	master
20/09/21 15:18	chrisaddy/contributions	master
20/09/21 15:15	tpapak/flow_contribution	master
20/09/21 15:07	tpapak/flow_contribution	master
20/09/21 14:59	chrisaddy/contributions	master
20/09/21 14:40	davidavdav/ROC	master
20/09/21 14:07	hoxo-m/magicfor	master
20/09/21 11:08	arielaragon/Mastering_Software_Dev_R_Master	master
20/09/21 10:34	google/GeoexperimentsResearch	master
20/09/21 09:31	jebyrnes/multifunc	master
20/09/21 03:44	juliasilge/silgelib	master
