20/09/26 18:54	tamartsi/MetaCor	master
20/09/26 18:53	tamartsi/MetaCor	master
20/09/26 08:07	twitter/AnomalyDetection	master
20/09/26 08:02	twitter/AnomalyDetection	master
20/09/26 07:44	twitter/AnomalyDetection	master
20/09/26 07:38	hui-tony-zk/pairwiseMethyl	master
20/09/26 07:35	twitter/AnomalyDetection	master
20/09/26 07:34	twitter/AnomalyDetection	master
20/09/26 07:27	twitter/AnomalyDetection	master
20/09/26 06:48	twitter/AnomalyDetection	master
20/09/26 06:17	elbamos/largeVis	feature/backoncran
20/09/26 05:23	twitter/AnomalyDetection	master
20/09/26 05:18	twitter/AnomalyDetection	master
20/09/26 05:11	twitter/AnomalyDetection	master
20/09/26 04:50	twitter/AnomalyDetection	master
20/09/26 04:49	twitter/AnomalyDetection	master
20/09/26 04:43	twitter/AnomalyDetection	master
20/09/26 04:34	r2evans/violinplot	master
20/09/26 04:23	twitter/AnomalyDetection	master
20/09/26 04:23	twitter/AnomalyDetection	master
20/09/26 04:22	twitter/AnomalyDetection	master
20/09/26 04:15	davidavdav/ROC	master
