20/06/27 17:45	AustralianAntarcticDivision/raadtools	master
20/06/27 16:33	jeffreyevans/spatialEco	master
20/06/27 16:18	jlisic/meanShiftR	master
20/06/27 15:56	jeffreyevans/spatialEco	master
20/06/27 14:11	RBigData/pbdDEMO	master
20/06/27 13:32	RBigData/hpcvis	master
20/06/27 13:31	RBigData/pbdML	master
20/06/27 13:31	RBigData/pbdDMAT	master
20/06/27 13:31	RBigData/pbdBASE	master
20/06/27 13:30	RBigData/pbdSLAP	master
20/06/27 13:25	RBigData/pbdMPI	master
20/06/27 13:11	robertschnitman/schnitr	master
20/06/27 13:10	mdsumner/nchelper	master
20/06/27 13:09	jranke/chents	master
20/06/27 13:08	ivaughan/nullnetr	master
20/06/27 13:07	hrbrmstr/hyphenatr	master
20/06/27 13:06	MattjCamp/wicher	master
20/06/27 12:39	saeyslab/triwise	master
20/06/27 12:35	ijlyttle/ghentr	master
20/06/27 10:40	arielaragon/Mastering_Software_Dev_R_Master	master
20/06/27 10:35	jasdumas/shinyGEO	master
20/06/27 09:17	arielaragon/Mastering_Software_Dev_R_Master	master
20/06/27 08:38	arielaragon/Mastering_Software_Dev_R_Master	master
20/06/27 05:40	arielaragon/Mastering_Software_Dev_R_Master	master
20/06/27 05:28	arielaragon/Mastering_Software_Dev_R_Master	master
20/06/27 05:10	arielaragon/Mastering_Software_Dev_R_Master	master
20/06/27 05:03	arielaragon/Mastering_Software_Dev_R_Master	master
20/06/27 04:56	arielaragon/Mastering_Software_Dev_R_Master	master
20/06/27 04:55	arielaragon/Mastering_Software_Dev_R_Master	master
20/06/27 04:49	boost-R/FDboost	master
20/06/27 04:48	arielaragon/Mastering_Software_Dev_R_Master	master
20/06/27 04:23	ldiao/Gimp	master
20/06/27 04:21	ldiao/Gimp	master
