20/04/24 22:45	mkearney/rtweet	5ef897e
20/04/24 22:45	mkearney/rtweet	5ef897e
20/04/24 22:04	azvoleff/wrspathrow	master
20/04/24 22:04	azvoleff/wrspathrowData	master
20/04/24 20:24	ashoksiri/rtweet	5ef897e
20/04/24 15:23	chandlerzuo/atSNP	master
20/04/24 15:21	UcarLab/IA-SVA	master
20/04/24 15:19	ujjwalkarn/xda	master
20/04/24 15:19	dfrail24/pkg	master
20/04/24 14:40	richfitz/dataverse	master
20/04/24 14:39	mdlincoln/hypothesisr	master
20/04/24 14:38	mdlincoln/hypothesisr	master
20/04/24 14:37	mdlincoln/hypothesisr	master
20/04/24 14:37	mdlincoln/hypothesisr	master
20/04/24 14:12	nickmckay/GeoChronR	master
20/04/24 12:05	jimvine/confinterpret	master
20/04/24 10:30	mkearney/rtweet	5ef897e
20/04/24 08:13	ropensci/tabulizer	master
20/04/24 08:13	ropensci/tabulizerjars	master
20/04/24 06:47	uebvhir/installifnot	master
20/04/24 03:02	UcarLab/IA-SVA	master
20/04/24 01:26	satijalab/seurat	v3.0.1
