20/04/17 19:51	ebailey78/shinyBS	shinyBS3
20/04/17 19:33	maRce10/warbleR	master
20/04/17 17:33	vqv/ggbiplot	master
20/04/17 17:13	christophergandrud/ecmSim	master
20/04/17 16:51	perishky/meffil	master
20/04/17 16:11	perishky/meffil	master
20/04/17 15:43	perishky/meffil	master
20/04/17 15:38	perishky/meffil	master
20/04/17 14:17	gabrielrvsc/HDeconometrics	master
20/04/17 14:16	gabrielrvsc/HDeconometrics	master
20/04/17 14:16	gabrielrvsc/HDeconometrics	master
20/04/17 14:15	hoxo-m/magicfor	master
20/04/17 14:15	gabrielrvsc/HDeconometrics	master
20/04/17 13:26	junkka/ehahelper	master
20/04/17 12:49	junkka/ehahelper	master
20/04/17 12:36	sherrillmix/glmnetPlotR	master
20/04/17 12:26	sherrillmix/glmnetPlotR	master
20/04/17 11:35	KechrisLab/multiMiR	master
20/04/17 10:46	raerose01/deconstructSigs	master
20/04/17 10:45	raerose01/deconstructSigs	master
20/04/17 10:37	raerose01/deconstructSigs	master
20/04/17 09:47	timelyportfolio/d3treeR	master
20/04/17 09:00	rtsho/preprocessr	master
20/04/17 08:48	erlichlab/el.db	master
20/04/17 08:40	JARS3N/door	master
20/04/17 08:40	gastonstat/arcdiagram	master
20/04/17 08:39	grimbough/biomaRt	master
20/04/17 08:38	KechrisLab/multiMiR	master
20/04/17 08:37	markajoc/condvis	master
20/04/17 08:34	oscarperpinan/pkgMethods	master
20/04/17 08:32	transbioZI/Gimpute	master
20/04/17 08:28	bhklab/survcomp	master
20/04/17 08:26	JohnNay/sa	master
20/04/17 08:14	gastonstat/arcdiagram	master
20/04/17 08:13	StoreyLab/edge	master
20/04/17 08:10	Shians/Glimma	master
20/04/17 07:18	patrickreidy/distdist	master
20/04/17 07:05	r-spatial/sf	master
20/04/17 05:49	JohnNay/sa	master
20/04/17 05:44	DexGroves/glmnet	master
20/04/17 05:41	StoreyLab/edge	master
20/04/17 05:36	Shians/Glimma	master
20/04/17 04:50	NREL/repra	master
20/04/17 04:49	NREL/repra	master
20/04/17 01:33	coleoguy/evobir	master
20/04/17 01:33	coleoguy/evobir	master
