20/06/17 10:28	Microsoft/AzureSMR	master
20/06/17 10:27	Microsoft/AzureSMR	master
20/06/17 10:20	Microsoft/AzureSMR	master
20/06/17 10:19	Microsoft/AzureSMR	master
20/06/17 09:58	maRce10/warbleR	master
20/06/17 09:07	MrDAndersen/firebaseAPI	master
20/06/17 09:05	ropenscilabs/rnaturalearthhires	master
20/06/17 07:52	metno/esd	master
20/06/17 07:36	metno/esd	master
20/06/17 07:33	hoxo-m/magicfor	master
20/06/17 06:52	robscott3/FLR4MFCL	master
20/06/17 05:55	fjuniorr/combination	master
20/06/17 05:54	bmewing/VersionControl	master
20/06/17 05:53	annafil/FFCRegressionImputation	master
20/06/17 05:15	bgreenwell/mertree	master
20/06/17 05:14	bgreenwell/mertree	master
20/06/17 05:13	bgreenwell/mertree	master
20/06/17 05:01	jacob-long/panelr	%2327
20/06/17 04:35	jacob-long/panelr	%2327
20/06/17 04:35	jacob-long/panelr	0746f19135d1cc379232d83c78ed6931c574a149
20/06/17 03:10	vqv/ggbiplot	master
20/06/17 02:52	uribo/esa.io	master
20/06/17 02:49	rsingle/ALD-vis	master
20/06/17 02:48	mllg/backports	master
20/06/17 02:34	clesiemo3/postgrestR	master
20/06/17 02:01	jacob-long/panelr	0746f19135d1cc379232d83c78ed6931c574a149
