20/08/09 07:22	StatsWithR/statsr	BayesFactor
20/08/09 02:16	tidyverse/dplyr	master
20/08/09 02:16	Rapporter/rapportools	master
20/08/09 02:15	Rdatatable/data.table	master
20/08/09 01:06	mhahsler/seriation	master
20/08/09 01:04	mhahsler/seriation	master
20/08/09 00:23	johow/kinlab	master
20/08/02 00:21	USGS-R/smwrData	master
20/08/01 00:57	ropensci/tabulizerjars	master
20/08/01 00:55	ropensci/tabulizerjars	master
20/07/26 00:59	Chicago/RSocrata	master
20/07/23 00:06	KevinKotze/tsm	master
20/07/21 00:53	statnmap/SDMSelect	master
20/07/16 00:12	hadley/dplyr	master
20/07/14 00:58	Bioconductor/AnnotationFilter	master
20/07/11 00:08	NumbersInternational/flipMultivariates	master
20/07/11 00:06	Displayr/flipMultivariates	master
20/07/11 00:03	Displayr/flipMultivariates	master
20/07/10 00:42	twitter/AnomalyDetection	master
20/07/10 00:37	hoxo-m/prophetExt	master
20/07/10 00:05	rweyant/spotifyr	master
20/07/10 00:00	rweyant/spotifyr	master
