20/11/30 22:32	khabbazian/l1ou	master
20/11/30 21:49	wStockhausen/wtsPlotUtils	master
20/11/30 21:47	wStockhausen/wtsPlotUtils	master
20/11/30 21:46	wStockhausen/wtsPlotUtils	master
20/11/30 21:40	wStockhausen/wtsPlotUtils	master
20/11/30 21:36	wStockhausen/wtsPlotUtils	master
20/11/30 21:30	StatsWithR/statsr	master
20/11/30 21:23	cvarrichio/rowr	master
20/11/30 21:23	wStockhausen/wtsPlotUtils	master
20/11/30 21:22	wStockhausen/wtsPlotUtils	master
20/11/30 20:53	haozhu233/ezsummary	master
20/11/30 20:45	haozhu233/ezsummary	develop
20/11/30 20:40	haozhu233/ezsummary	master
20/11/30 19:15	twitter/AnomalyDetection	master
20/11/30 18:59	davidavdav/ROC	master
20/11/30 18:00	paul-buerkner/brms	master
20/11/30 17:57	rmcelreath/rethinking	master
20/11/30 17:30	twitter/AnomalyDetection	master
20/11/30 17:26	twitter/AnomalyDetection	master
20/11/30 17:14	paul-buerkner/brms	master
20/11/30 16:13	twitter/AnomalyDetection	master
20/11/30 16:12	twitter/AnomalyDetection	master
20/11/30 16:12	twitter/AnomalyDetection	master
20/11/30 14:36	JohnCoene/echarts	master
20/11/30 13:06	ateshkoul/PredPsych	master
20/11/30 13:03	dviraran/xCell	master
20/11/30 07:07	Displayr/flipMultivariates	master
