20/03/18 20:29	Lchiffon/wordcloud2	master
20/03/18 18:52	jacobkap/fastDummies	master
20/03/18 16:34	ropenscilabs/rnaturalearthhires	master
20/03/18 16:00	tagteam/heaven	964bbbd
20/03/18 15:00	AppliedDataSciencePartners/xgboostExplainer	master
20/03/18 14:38	cvarrichio/rowr	master
20/03/18 13:22	jjellis/GenomicVis	master
20/03/18 13:18	jjellis/GenomicVis	master
20/03/18 13:18	jjellis/GenomicVis	master
20/03/18 12:08	bradleyboehmke/anomalyDetection	master
20/03/18 12:01	hrbrmstr/voteogram	master
20/03/18 12:00	AFIT-R/anomalyDetection	master
20/03/18 11:57	twitter/AnomalyDetection	master
20/03/18 11:13	twitter/AnomalyDetection	master
20/03/18 10:31	diegogarcilazo/biotools	master
20/03/18 10:00	wumingyue123/optionfunctions	master
20/03/18 09:34	davidaknowles/eagle	master
20/03/18 09:29	davidaknowles/eagle	master
20/03/18 09:17	alyssafrazee/RSkittleBrewer	master
20/03/18 06:57	gabrielrvsc/HDeconometrics	master
20/03/18 06:50	gabrielrvsc/HDeconometrics	master
20/03/18 06:15	aaronolsen/linkR	master
20/03/18 02:35	crsh/papaja	master
