20/11/24 20:58	JoGall/soccermatics	master
20/11/24 20:55	JoGall/soccermatics	master
20/11/24 20:48	JoGall/soccermatics	master
20/11/24 20:42	RhoInc/CRANsearcher	master
20/11/24 20:08	dracodoc/namebrowser	master
20/11/24 19:37	YvesCR/arimaUI	master
20/11/24 18:29	rich-iannone/SplitR	master
20/11/24 18:28	barryrowlingson/splatr	master
20/11/24 18:21	smbache/nestpas	master
20/11/24 17:57	aloysius-lim/bigrf	master
20/11/24 17:24	StatsWithR/statsr	BayesFactor
20/11/24 17:21	StatsWithR/statsr	BayesFactor
20/11/24 17:12	StatsWithR/statsr	BayesFactor
20/11/24 17:01	aloysius-lim/bigrf	master
20/11/24 16:12	StatsWithR/statsr	BayesFactor
20/11/24 14:40	mdsumner/gdalextract	master
20/11/24 14:28	jghenry/square	master
20/11/24 07:36	sorhawell/rgl	master
20/11/24 05:49	BioinformaticsFMRP/TCGAbiolinks	master
20/11/24 04:29	IQSS/PSI-Library	master
20/11/24 03:17	broadinstitute/inferCNV	RELEASE_3_11
20/11/24 03:10	broadinstitute/inferCNV	RELEASE_3_11
20/11/24 01:36	republicwireless-open/foregen	master
