20/02/04 21:54	MarkEdmondson1234/googleAnalyticsR	develop
20/02/04 21:50	ccolonescu/PoEdata	master
20/02/04 21:49	ccolonescu/PoEdata	master
20/02/04 21:49	ccolonescu/PoEdata	master
20/02/04 21:49	ccolonescu/PoEdata	master
20/02/04 21:48	ccolonescu/PoEdata	master
20/02/04 21:47	ccolonescu/PoEdata	master
20/02/04 21:40	ccolonescu/PoEdata	master
20/02/04 21:32	ccolonescu/PoEdata	master
20/02/04 21:30	ccolonescu/PoEdata	master
20/02/04 21:29	ccolonescu/PoEdata	master
20/02/04 21:27	ccolonescu/PoEdata	master
20/02/04 21:26	ccolonescu/PoEdata	master
20/02/04 21:26	ccolonescu/PoEdata	master
20/02/04 21:25	ccolonescu/PoEdata	master
20/02/04 21:25	ccolonescu/PoEdata	master
20/02/04 21:24	ccolonescu/PoEdata	master
20/02/04 21:19	ccolonescu/PoEdata	master
20/02/04 21:12	ccolonescu/PoEdata	master
20/02/04 20:22	mtennekes/tmap	master
20/02/04 20:21	mtennekes/tmap	master
20/02/04 19:40	trinker/textclean	master
20/02/04 18:38	satijalab/seurat	775dab4
20/02/04 18:12	hoxo-m/magicfor	master
20/02/04 17:58	satijalab/seurat	775dab4
20/02/04 16:51	satijalab/seurat	775dab4
20/02/04 16:50	mjevans26/esapriorities	master
20/02/04 16:07	ccolonescu/PoEdata	master
20/02/04 13:28	frenchja/psych	master
20/02/04 10:38	jbkunst/highcharter	master
20/02/04 09:25	nufflytics/nufflytics	master
20/02/04 09:13	nufflytics/nufflytics	master
20/02/04 00:54	nufflytics/nufflytics	master
20/02/04 00:52	nufflytics/nufflytics	master
20/02/04 00:51	nufflytics/nufflytics	master
20/02/03 00:04	cantonfe/sitree	master
20/02/03 00:02	cantonfe/sitree	master
20/02/03 00:00	jto888/FaultTree	master
20/02/02 00:46	ismayc/thesisdown	master
20/02/01 00:14	jefferys/FusionExpressionPlot	master
20/01/31 00:55	m-Py/minDiff	master
20/01/27 00:48	kthohr/BMR	master
20/01/27 00:37	kthohr/BMR	master
20/01/27 00:36	kthohr/BMR	master
20/01/27 00:33	kthohr/BMR	master
20/01/27 00:32	kthohr/BMR	master
20/01/27 00:29	kthohr/BMR	master
20/01/27 00:28	kthohr/BMR	master
20/01/27 00:23	kthohr/BMR	master
20/01/27 00:23	kthohr/BMR	master
20/01/27 00:21	kthohr/BMR	master
20/01/27 00:21	kthohr/BMR	master/
20/01/25 00:20	zabore/condsurv	master
20/01/25 00:19	OuhscBbmc/Wats	master
20/01/25 00:19	ropensci/visdat	master
20/01/25 00:19	hrbrmstr/streamgraph	master
20/01/25 00:19	htmlwidgets/sparkline	master
20/01/25 00:19	ramnathv/slidifyLibraries	master
20/01/25 00:19	ramnathv/slidify	master
20/01/25 00:19	kevinushey/sourcetools	master
20/01/25 00:19	ddsjoberg/sjosmooth	master
20/01/25 00:19	rstudio/shiny	master
20/01/25 00:18	ThinkR-open/remedy	master
20/01/25 00:18	salimk/Rcrawler	master
20/01/25 00:18	ramnathv/rCharts	master
20/01/25 00:18	alastairrushworth/smnet	master
20/01/25 00:18	ramnathv/htmlwidgets	master
20/01/25 00:18	rstudio/htmltools	master
20/01/25 00:17	hrbrmstr/hrbraddins	master
20/01/25 00:17	lendle/hdps	master
20/01/25 00:17	rstudio/DT	master
20/01/25 00:17	vqv/ggbiplot	master
20/01/25 00:17	zabore/ezfun	master
20/01/25 00:17	kbroman/ricalc	master
20/01/25 00:17	gramener/eda	master
20/01/25 00:17	sipemu/d3Dashboard	master
20/01/25 00:17	daattali/colourpicker	master
20/01/25 00:17	trulia/choroplethr	master
20/01/25 00:17	csgillespie/addinmanager	master
20/01/25 00:17	daattali/addinslist	master
20/01/25 00:17	rstudio/addinexamples	master
20/01/25 00:14	hrbrmstr/hrbraddins	master
20/01/25 00:14	lendle/hdps	master
20/01/25 00:14	rstudio/DT	master
20/01/25 00:14	vqv/ggbiplot	master
20/01/25 00:14	zabore/ezfun	master
20/01/25 00:14	kbroman/ricalc	master
20/01/25 00:14	gramener/eda	master
20/01/25 00:14	sipemu/d3Dashboard	master
20/01/25 00:14	daattali/colourpicker	master
20/01/25 00:14	trulia/choroplethr	master
20/01/25 00:14	csgillespie/addinmanager	master
20/01/25 00:14	daattali/addinslist	master
20/01/25 00:14	rstudio/addinexamples	master
20/01/23 00:11	ropensci/tabulizer	master
20/01/23 00:11	ropensci/tabulizerjars	master
20/01/14 00:15	daattali/colourpicker	master
20/01/14 00:15	trulia/choroplethr	master
20/01/14 00:15	csgillespie/addinmanager	master
20/01/14 00:15	daattali/addinslist	master
20/01/14 00:15	rstudio/addinexamples	master
20/01/14 00:14	daattali/colourpicker	master
20/01/14 00:14	trulia/choroplethr	master
20/01/14 00:14	csgillespie/addinmanager	master
20/01/14 00:14	daattali/addinslist	master
20/01/14 00:14	rstudio/addinexamples	master
20/01/14 00:10	daattali/colourpicker	master
20/01/14 00:10	trulia/choroplethr	master
20/01/14 00:10	csgillespie/addinmanager	master
20/01/14 00:10	daattali/addinslist	master
20/01/14 00:10	rstudio/addinexamples	master
20/01/14 00:09	daattali/colourpicker	master
20/01/14 00:09	trulia/choroplethr	master
20/01/14 00:09	csgillespie/addinmanager	master
20/01/14 00:09	daattali/addinslist	master
20/01/14 00:09	rstudio/addinexamples	master
20/01/12 00:14	smach/rmiscutils	master
