20/04/22 12:56	jreiche/bayts	master
20/04/22 12:07	gabrielbouleau/mangal.package	master
20/04/22 11:48	StatsWithR/statsr	master
20/04/22 11:41	philipmgoddard/glmPG	master
20/04/22 11:16	hoxo-m/prophetExt	master
20/04/22 11:14	hoxo-m/prophetExt	master
20/04/22 10:16	vqv/ggbiplot	master
20/04/22 10:15	vqv/ggbiplot	master
20/04/22 10:12	vqv/ggbiplot	master
20/04/22 10:12	vqv/ggbiplot	master
20/04/22 10:10	vqv/ggbiplot	master
20/04/22 10:07	vqv/ggbiplot	master
20/04/22 09:53	NathanEpstein/finData	master
20/04/22 09:37	NathanEpstein/finData	patch-devel
20/04/22 09:23	NathanEpstein/finData	master
20/04/22 08:59	twitter/AnomalyDetection	master
20/04/22 07:36	FunGeST/Palimpsest	1e12891
20/04/22 05:47	NathanEpstein/finData	master
20/04/22 04:20	strengejacke/sjstats	master
20/04/22 04:12	jrosen48/prcr	master
20/04/22 03:40	ropensci/tabulizer	master
20/04/22 03:40	ropensci/tabulizerjars	master
20/04/22 03:36	Logiwo/tabulizer	master
20/04/22 03:36	leeper/tabulizerjars	master
20/04/22 03:31	hadley/tibble	master
20/04/22 03:31	hadley/tibble	master
20/04/22 02:48	hrbrmstr/albersusa	master
20/04/22 01:59	leifeld/texreg	master
20/04/22 01:47	geoffjentry/twitteR	master
20/04/22 01:46	geoffjentry/twitteR	master
20/04/22 01:21	swarm-lab/editR	master
