20/10/22 17:30	twitter/AnomalyDetection	master
20/10/22 17:29	twitter/AnomalyDetection	master
20/10/22 14:19	ManonMartin/PepsNMR	master
20/10/22 14:18	ManonMartin/PepsNMR	master
20/10/22 14:08	mkuhn/dict	master
20/10/22 12:49	holgerbrandl/datautils	master
20/10/22 12:05	hoxo-m/magicfor	master
20/10/22 09:36	michaeltoth/tothr	master
20/10/22 09:33	michaeltoth/tothr	master
20/10/22 09:31	michaeltoth/tothr	master
20/10/22 09:30	michaeltoth/tothr	master
20/10/22 09:30	michaeltoth/tothr	master
20/10/22 09:29	michaeltoth/tothr	master
20/10/22 06:13	johnbaums/rmaxent	master
20/10/22 03:25	AtlanticR/bio.base	master
20/10/22 03:16	AtlanticR/bio.base	master
20/10/22 03:11	dvmlls/bdscale	master
20/10/22 02:31	StatsWithR/statsr	BayesFactor
20/10/22 02:13	gabrielrvsc/HDeconometrics	master
20/10/22 02:09	gabrielrvsc/HDeconometrics	master
