20/11/03 14:48	gabrielrvsc/HDeconometrics	master
20/11/03 12:19	insongkim/wfe	master
20/11/03 10:38	PoisotLab/betalink	master
20/11/03 10:33	PoisotLab/betalink	master
20/11/03 10:32	PoisotLab/betalink	master
20/11/03 10:29	PoisotLab/betalink	master
20/11/03 10:28	PoisotLab/betalink	master
20/11/03 10:26	amurali2/cats	master
20/11/03 10:25	sunstat/cats	master
20/11/03 10:23	PoisotLab/betalink	master
20/11/03 10:22	fadiphi/cats	master
20/11/03 10:20	PoisotLab/betalink	master
20/11/03 10:17	sunstat/cats	master
20/11/03 10:16	PoisotLab/betalink	master
20/11/03 10:15	PoisotLab/betalink	master
20/11/03 10:14	PoisotLab/betalink	master
20/11/03 10:14	PoisotLab/betalink	master
20/11/03 10:14	PoisotLab/betalink	master
20/11/03 10:13	PoisotLab/betalink	master
20/11/03 10:13	PoisotLab/betalink	master
20/11/03 10:09	PoisotLab/betalink	master
20/11/03 10:08	PoisotLab/betalink	master
20/11/03 09:59	trestletech/plumber	master
20/11/03 09:49	vqv/ggbiplot	master
20/11/03 09:33	ropensci/tesseract	master
20/11/03 09:16	ramnathv/slidifyLibraries	master
20/11/03 09:15	ramnathv/slidify	master
20/11/03 06:35	JeffreyBLewis/Rvoteview	master
20/11/03 06:34	JeffreyBLewis/Rvoteview	master
20/11/03 05:31	gabrielrvsc/HDeconometrics	master
20/11/03 05:16	gabrielrvsc/HDeconometrics	master
20/11/03 03:32	ECO230/eco230r	master
20/11/03 03:23	ECO230/eco230r	master
20/11/03 03:23	ECO230/eco230r	master
20/11/03 02:58	gabrielrvsc/HDeconometrics	master
20/11/03 02:56	gabrielrvsc/HDeconometrics	master
20/11/03 01:49	ymattu/MlBayesOpt	master
