20/02/19 22:16	cboettig/earlywarning	master
20/02/19 21:20	gisma/uavRst	master
20/02/19 21:16	cmap/cmapR	master
20/02/19 19:45	brodieG/covrtest	master
20/02/19 19:18	andrewpbray/oilabs	master
20/02/19 18:44	ccolonescu/PoEdata	master
20/02/19 18:40	ccolonescu/PoEdata	master
20/02/19 18:38	ccolonescu/PoEdata	master
20/02/19 18:31	ccolonescu/PoEdata	master
20/02/19 18:20	ccolonescu/PoEdata	master
20/02/19 18:17	ccolonescu/PoEdata	master
20/02/19 17:56	leeshawn/SKAT	master
20/02/19 17:53	leeshawn/SKAT	Sparse_Version
20/02/19 17:36	ccolonescu/PoEdata	master
20/02/19 17:34	roliveros-ramos/calibrar	master
20/02/19 17:22	jrdnmdhl/reconIPD	master
20/02/19 17:19	jrdnmdhl/reconIPD	master
20/02/19 17:18	jrdnmdhl/reconIPD	master
20/02/19 16:08	emvolz-phylodynamics/phydynR	master
20/02/19 15:57	rbensua/afmToolkit	master
20/02/19 15:02	quantumelixir/radx	master
20/02/19 15:01	dakl/rdk	master
20/02/19 13:54	ccolonescu/PoEdata	master
20/02/19 13:37	ccolonescu/PoEdata	master
20/02/19 13:35	ccolonescu/PoEdata	master
20/02/19 13:24	ccolonescu/PoEdata	master
20/02/19 13:09	ccolonescu/PoEdata	master
20/02/19 13:05	ccolonescu/PoEdata	master
20/02/19 13:02	ccolonescu/PoEdata	master
20/02/19 12:45	ccolonescu/PoEdata	master
20/02/19 11:51	ccolonescu/PoEdata	master
20/02/19 11:50	Emelieh21/FlightsR	master
20/02/19 11:50	ccolonescu/PoEdata	master
20/02/19 11:46	Emelieh21/FlightsR	master
20/02/19 11:32	ccolonescu/PoEdata	master
20/02/19 11:30	Displayr/flipFormat	master
20/02/19 11:29	Displayr/flipFormat	master
20/02/19 10:42	ccolonescu/PoEdata	master
20/02/19 10:41	ccolonescu/PoEdata	master
20/02/19 10:17	rbensua/afmToolkit	master
20/02/19 10:13	rbensua/afmToolkit	master
20/02/19 09:56	rbensua/afmToolkit	master
20/02/19 09:40	rbensua/afmToolkit	master
20/02/19 09:34	rbensua/afmToolkit	master
20/02/19 09:34	rbensua/afmToolkit	master
20/02/19 09:22	twitter/AnomalyDetection	master
20/02/19 08:24	rbensua/afmToolkit	master
20/02/19 08:09	rbensua/afmToolkit	master
20/02/19 05:00	ymattu/MlBayesOpt	master
20/02/12 00:35	ccolonescu/PoEdata	master
20/02/04 00:54	nufflytics/nufflytics	master
20/02/04 00:52	nufflytics/nufflytics	master
20/02/04 00:51	nufflytics/nufflytics	master
20/02/03 00:04	cantonfe/sitree	master
20/02/03 00:02	cantonfe/sitree	master
20/02/03 00:00	jto888/FaultTree	master
20/02/02 00:46	ismayc/thesisdown	master
20/02/01 00:14	jefferys/FusionExpressionPlot	master
20/01/31 00:55	m-Py/minDiff	master
20/01/27 00:48	kthohr/BMR	master
20/01/27 00:37	kthohr/BMR	master
20/01/27 00:36	kthohr/BMR	master
20/01/27 00:33	kthohr/BMR	master
20/01/27 00:32	kthohr/BMR	master
20/01/27 00:29	kthohr/BMR	master
20/01/27 00:28	kthohr/BMR	master
20/01/27 00:23	kthohr/BMR	master
20/01/27 00:23	kthohr/BMR	master
20/01/27 00:21	kthohr/BMR	master
20/01/27 00:21	kthohr/BMR	master/
20/01/25 00:20	zabore/condsurv	master
20/01/25 00:19	OuhscBbmc/Wats	master
20/01/25 00:19	ropensci/visdat	master
20/01/25 00:19	hrbrmstr/streamgraph	master
20/01/25 00:19	htmlwidgets/sparkline	master
20/01/25 00:19	ramnathv/slidifyLibraries	master
20/01/25 00:19	ramnathv/slidify	master
20/01/25 00:19	kevinushey/sourcetools	master
20/01/25 00:19	ddsjoberg/sjosmooth	master
20/01/25 00:19	rstudio/shiny	master
20/01/25 00:18	ThinkR-open/remedy	master
20/01/25 00:18	salimk/Rcrawler	master
20/01/25 00:18	ramnathv/rCharts	master
20/01/25 00:18	alastairrushworth/smnet	master
20/01/25 00:18	ramnathv/htmlwidgets	master
20/01/25 00:18	rstudio/htmltools	master
20/01/25 00:17	hrbrmstr/hrbraddins	master
20/01/25 00:17	lendle/hdps	master
20/01/25 00:17	rstudio/DT	master
20/01/25 00:17	vqv/ggbiplot	master
20/01/25 00:17	zabore/ezfun	master
20/01/25 00:17	kbroman/ricalc	master
20/01/25 00:17	gramener/eda	master
20/01/25 00:17	sipemu/d3Dashboard	master
20/01/25 00:17	daattali/colourpicker	master
20/01/25 00:17	trulia/choroplethr	master
20/01/25 00:17	csgillespie/addinmanager	master
20/01/25 00:17	daattali/addinslist	master
20/01/25 00:17	rstudio/addinexamples	master
20/01/25 00:14	hrbrmstr/hrbraddins	master
20/01/25 00:14	lendle/hdps	master
20/01/25 00:14	rstudio/DT	master
20/01/25 00:14	vqv/ggbiplot	master
20/01/25 00:14	zabore/ezfun	master
20/01/25 00:14	kbroman/ricalc	master
20/01/25 00:14	gramener/eda	master
20/01/25 00:14	sipemu/d3Dashboard	master
20/01/25 00:14	daattali/colourpicker	master
20/01/25 00:14	trulia/choroplethr	master
20/01/25 00:14	csgillespie/addinmanager	master
20/01/25 00:14	daattali/addinslist	master
20/01/25 00:14	rstudio/addinexamples	master
20/01/23 00:11	ropensci/tabulizer	master
20/01/23 00:11	ropensci/tabulizerjars	master
