20/05/02 21:28	rpruim/fastR	master
20/05/02 21:27	rpruim/fastR	master
20/05/02 21:25	Bioconductor/BiocInstaller	master
20/05/02 21:16	rpruim/fastR	master
20/05/02 21:15	cvarrichio/rowr	master
20/05/02 21:15	jchrom/moodler	master
20/05/02 21:14	lbartnik/subprocess	master
20/05/02 21:14	jalvesaq/colorout	master
20/05/02 21:13	js229/Vennerable	master
20/05/02 20:18	jackwasey/icd	master
20/05/02 15:04	r-quantities/units	master
20/05/02 15:00	geoffjentry/twitteR	master
20/05/02 15:00	edzer/units	master
20/05/02 14:36	ashoksiri/rtweet	5ef897e
20/05/02 14:07	BIMSBbioinfo/netSmooth	master
20/05/02 12:12	bergant/datamodelr	master
20/05/02 09:49	StatsWithR/statsr	BayesFactor
20/05/02 09:41	StatsWithR/statsr	BayesFactor
20/05/02 09:36	paleolimbot/rosm	master
20/05/02 09:25	paleolimbot/rosm	master
