20/02/28 16:53	Gibbsdavidl/CatterPlots	master
20/02/28 16:52	Gibbsdavidl/CatterPlots	master
20/02/28 16:51	Gibbsdavidl/CatterPlots	master
20/02/28 16:40	Gibbsdavidl/CatterPlots	master
20/02/28 16:29	Gibbsdavidl/CatterPlots	master
20/02/28 16:27	Gibbsdavidl/CatterPlots	master
20/02/28 16:26	Gibbsdavidl/CatterPlots	master
20/02/28 16:25	Gibbsdavidl/CatterPlots	master
20/02/28 16:24	Gibbsdavidl/CatterPlots	master
20/02/28 16:19	cvarrichio/rowr	master
20/02/28 15:59	mjwestgate/revtools	master
20/02/28 15:58	mjwestgate/revtools	master
20/02/28 15:58	hoxo-m/githubinstall	master
20/02/28 15:54	mjwestgate/revtools	master
20/02/28 15:46	Gibbsdavidl/CatterPlots	master
20/02/28 15:42	Gibbsdavidl/CatterPlots	master
20/02/28 15:37	Gibbsdavidl/CatterPlots	master
20/02/28 15:35	Gibbsdavidl/CatterPlots	master
20/02/28 15:34	Gibbsdavidl/CatterPlots	master
20/02/28 14:41	Gibbsdavidl/CatterPlots	master
20/02/28 13:05	att/iplots	master
20/02/28 12:25	cytoscape/RCy3	master
20/02/28 08:56	NathanEpstein/finData	master
