20/04/12 18:33	clbustos/coolcat-r	master
20/04/12 18:29	ha0ye/rEDM	master
20/04/12 17:14	vqv/ggbiplot	master
20/04/12 17:09	microsud/microbiomeutilities	master
20/04/12 17:07	umerijaz/microbiomeSeq	master
20/04/12 14:14	Ironholds/geohash	master
20/04/12 06:26	ECO230/eco230r	master
20/04/12 06:16	ECO230/eco230r	master
20/04/12 06:14	ECO230/eco230r	master
20/04/12 06:12	ECO230/eco230r	master
20/04/10 00:48	ronkeizer/PKPDsim	master
20/03/29 00:43	hoxo-m/prophetExt	master
20/03/29 00:42	hoxo-m/prophetExt	master
20/03/29 00:40	hoxo-m/prophetExt	master
20/03/29 00:28	jimhester/lookup	master
20/03/27 00:11	jefferislab/lhns	4669c66
20/03/23 00:31	vqv/ggbiplot	master
20/03/23 00:20	vqv/ggbiplot	master
20/03/23 00:15	vqv/ggbiplot	master
20/03/23 00:12	vqv/ggbiplot	master
20/03/23 00:10	vqv/ggbiplot	master
