20/09/25 21:39	ramnathv/rCharts	master
20/09/25 20:07	davidavdav/ROC	master
20/09/25 20:05	davidavdav/ROC	master
20/09/25 19:16	jamgreen/lehdr	master
20/09/25 19:02	BillPetti/baseballr	master
20/09/25 19:01	davidavdav/ROC	master
20/09/25 18:58	BillPetti/baseballr	master
20/09/25 18:57	BillPetti/baseballr	master
20/09/25 18:29	lorenzwalthert/strcode	master
20/09/25 18:21	dracodoc/mischelper	master
20/09/25 18:12	davidavdav/ROC	master
20/09/25 18:06	gastonstat/arcdiagram	master
20/09/25 18:04	davidavdav/ROC	master
20/09/25 18:04	davidavdav/ROC	master
20/09/25 18:03	davidavdav/ROC	master
20/09/25 18:00	davidavdav/ROC	master
20/09/25 17:59	davidavdav/ROC	master
20/09/25 17:49	davidavdav/ROC	master
20/09/25 17:39	davidavdav/ROC	master
20/09/25 17:38	davidavdav/ROC	master
20/09/25 17:29	davidavdav/ROC	master
20/09/25 17:22	gastonstat/arcdiagram	master
20/09/25 16:54	davidavdav/ROC	master
20/09/25 16:21	davidavdav/ROC	master
20/09/25 14:30	davidavdav/ROC	master
20/09/25 13:46	davidavdav/ROC	master
20/09/25 12:35	BenjaminPetry/RUtilLibrary	master
20/09/25 11:35	mbjoseph/bbr	master
20/09/25 08:55	vqv/ggbiplot	master
20/09/25 08:14	selesnow/rGitHub	master
20/09/25 08:04	davidavdav/ROC	master
20/09/25 07:33	joey711/biom	master
20/09/25 06:10	StatsWithR/statsr	BayesFactor
20/09/25 03:15	bfatemi/easydata	master
