20/08/10 18:42	puppetpeng/PengGroup	master
20/08/10 18:29	rstudio/rstudioapi	feature/chunk-callbacks
20/08/10 18:28	rstudio/rstudioapi	feature/chunk-callbacks
20/08/10 18:25	rstudio/rstudioapi	feature/chunk-callbacks
20/08/10 18:11	hrbrmstr/taucharts	master
20/08/10 15:28	LTLA/SingleCellExperiment	master
20/08/10 15:27	LTLA/SingleCellExperiment	master
20/08/10 15:25	drisso/SingleCellExperiment	master
20/08/10 13:42	hoxo-m/magicfor	master
20/08/10 10:09	Rapporter/pander	06c2f65797
20/08/10 10:06	mages/ChainLadder	master
20/08/10 08:31	bowerth/stan	master
20/08/09 00:23	johow/kinlab	master
20/08/02 00:21	USGS-R/smwrData	master
20/08/01 00:57	ropensci/tabulizerjars	master
20/08/01 00:55	ropensci/tabulizerjars	master
20/07/26 00:59	Chicago/RSocrata	master
20/07/23 00:06	KevinKotze/tsm	master
20/07/21 00:53	statnmap/SDMSelect	master
20/07/16 00:12	hadley/dplyr	master
20/07/14 00:58	Bioconductor/AnnotationFilter	master
20/07/11 00:08	NumbersInternational/flipMultivariates	master
20/07/11 00:06	Displayr/flipMultivariates	master
20/07/11 00:03	Displayr/flipMultivariates	master
