20/05/28 17:25	Ironholds/credit	master
20/05/28 17:08	ropenscilabs/rnaturalearthhires	master
20/05/28 17:08	Ironholds/credit	master
20/05/28 17:07	Ironholds/credit	master
20/05/28 17:07	Ironholds/credit	master
20/05/28 17:06	Ironholds/credit	master
20/05/28 17:05	Ironholds/credit	master
20/05/28 17:00	jcheng5/bubbles	master
20/05/28 17:00	karthikl6/d3bubbles2	master
20/05/28 16:56	Ironholds/credit	master
20/05/28 16:55	Ironholds/credit	master
20/05/28 16:52	Ironholds/credit	master
20/05/28 16:24	Ironholds/credit	master
20/05/28 16:14	timelyportfolio/d3treeR	master
20/05/28 16:03	johnbaums/hues	master
20/05/28 16:03	thej022214/corHMM	master
20/05/28 15:36	hoxo-m/magicfor	master
20/05/28 15:08	booysej/cridfdata	master
20/05/28 14:50	geneorama/geneorama	master
20/05/28 14:03	StatsWithR/statsr	BayesFactor
20/05/28 11:04	ggobi/clusterfly	master
20/05/28 10:30	charlie86/spotifyr	master
20/05/28 09:42	statOmics/zingeR	master
20/05/28 09:01	jsanchez25h/RODBC	master
20/05/28 08:51	Dasonk/packageAnalyzeR	master
20/05/28 06:03	hoxo-m/magicfor	master
20/05/28 04:43	timelyportfolio/d3hierR	master
20/05/28 03:25	ricardo-bion/ggradar	master
20/05/28 03:00	StatsWithR/statsr	BayesFactor
20/05/28 02:37	htmlwidgets/sparkline	master
20/05/28 02:28	rstudio/addinexamples	master
20/05/28 02:26	rstudio/addinexamples	master
20/05/28 01:45	hrbrmstr/lodes	master
20/05/28 01:25	hadley/neiss	master
