20/09/24 17:35	joey711/biom	master
20/09/24 17:29	joey711/biom	master
20/09/24 15:37	juliasilge/silgelib	master
20/09/24 15:24	sjczheng/EpiDISH	master
20/09/24 15:09	juliasilge/silgelib	master
20/09/24 14:37	joey711/biom	master
20/09/24 14:33	joey711/biom	master
20/09/24 14:07	davidavdav/ROC	master
20/09/24 13:00	joey711/biom	master
20/09/24 12:51	joey711/biom	master
20/09/24 12:47	joey711/biom	master
20/09/24 12:44	ChandlerLutz/starpolishr	master
20/09/24 12:37	joey711/biom	master
20/09/24 12:29	joey711/biom	master
20/09/24 12:23	joey711/biom	master
20/09/24 12:10	joey711/biom	master
20/09/24 11:40	joey711/biom	master
20/09/24 11:09	joey711/biom	master
20/09/24 10:45	Rapporter/pander	06c2f65797
20/09/24 08:47	seandavi/GEOquery	master
20/09/24 08:01	tvatanen/microbiomics	master
20/09/24 07:55	joey711/biom	master
20/09/24 04:15	ropenscilabs/rnaturalearthhires	master
