20/01/24 22:29	hrbrmstr/hrbraddins	master
20/01/24 22:29	lendle/hdps	master
20/01/24 22:29	rstudio/DT	master
20/01/24 22:29	vqv/ggbiplot	master
20/01/24 22:29	zabore/ezfun	master
20/01/24 22:29	kbroman/ricalc	master
20/01/24 22:29	gramener/eda	master
20/01/24 22:29	sipemu/d3Dashboard	master
20/01/24 22:29	daattali/colourpicker	master
20/01/24 22:29	trulia/choroplethr	master
20/01/24 22:29	csgillespie/addinmanager	master
20/01/24 22:29	daattali/addinslist	master
20/01/24 22:29	rstudio/addinexamples	master
20/01/24 22:26	vqv/ggbiplot	master
20/01/24 22:26	zabore/ezfun	master
20/01/24 22:26	kbroman/ricalc	master
20/01/24 22:26	gramener/eda	master
20/01/24 22:26	sipemu/d3Dashboard	master
20/01/24 22:26	daattali/colourpicker	master
20/01/24 22:26	trulia/choroplethr	master
20/01/24 22:26	csgillespie/addinmanager	master
20/01/24 22:26	daattali/addinslist	master
20/01/24 22:26	rstudio/addinexamples	master
20/01/24 20:48	ciaran8065/PackageInstallation	master
20/01/24 20:43	hadley/nycflights13	master
20/01/24 20:07	OuhscBbmc/REDCapR	master
20/01/24 19:51	Everlane/everlaneR	master
20/01/24 19:51	cloudyr/aws.signature	master
20/01/24 19:51	cloudyr/aws.s3	v0.3.12
20/01/24 19:21	ciaran8065/PackageInstallation	master
20/01/24 19:18	jtilly/statascraper	master
20/01/24 19:11	Everlane/everlaneR	master
20/01/24 19:11	cloudyr/aws.signature	master
20/01/24 19:11	cloudyr/aws.s3	v0.3.12
20/01/24 18:33	Everlane/everlaneR	master
20/01/24 18:33	cloudyr/aws.signature	master
20/01/24 18:33	cloudyr/aws.s3	v0.3.12
20/01/24 18:19	statOmics/zingeR	master
20/01/24 17:58	Everlane/everlaneR	master
20/01/24 17:49	ciaran8065/PackageInstallation	master
20/01/24 16:36	ymattu/MlBayesOpt	master
20/01/24 12:08	vqv/ggbiplot	master
20/01/24 08:17	ccolonescu/PoEdata	master
20/01/24 08:17	ccolonescu/PoEdata	master
20/01/24 01:46	m-Py/minDiff	master
20/01/23 00:11	ropensci/tabulizer	master
20/01/23 00:11	ropensci/tabulizerjars	master
20/01/14 00:15	daattali/colourpicker	master
20/01/14 00:15	trulia/choroplethr	master
20/01/14 00:15	csgillespie/addinmanager	master
20/01/14 00:15	daattali/addinslist	master
20/01/14 00:15	rstudio/addinexamples	master
20/01/14 00:14	daattali/colourpicker	master
20/01/14 00:14	trulia/choroplethr	master
20/01/14 00:14	csgillespie/addinmanager	master
20/01/14 00:14	daattali/addinslist	master
20/01/14 00:14	rstudio/addinexamples	master
20/01/14 00:10	daattali/colourpicker	master
20/01/14 00:10	trulia/choroplethr	master
20/01/14 00:10	csgillespie/addinmanager	master
20/01/14 00:10	daattali/addinslist	master
20/01/14 00:10	rstudio/addinexamples	master
20/01/14 00:09	daattali/colourpicker	master
20/01/14 00:09	trulia/choroplethr	master
20/01/14 00:09	csgillespie/addinmanager	master
20/01/14 00:09	daattali/addinslist	master
20/01/14 00:09	rstudio/addinexamples	master
20/01/12 00:14	smach/rmiscutils	master
20/01/04 00:58	Everlane/everlaneR	master
20/01/04 00:58	cloudyr/aws.signature	master
20/01/04 00:58	cloudyr/aws.s3	master
20/01/01 00:47	ramnathv/rCharts	master
20/01/01 00:47	ramnathv/slidifyLibraries	master
20/01/01 00:47	ramnathv/slidify	master
20/01/01 00:47	hrbrmstr/hrbraddins	master
20/01/01 00:47	rstudio/DT	master
20/01/01 00:47	vqv/ggbiplot	master
20/01/01 00:47	zabore/ezfun	master
20/01/01 00:47	sipemu/d3Dashboard	master
20/01/01 00:47	daattali/colourpicker	master
20/01/01 00:47	rstudio/addinexamples	master
20/01/01 00:21	hrbrmstr/streamgraph	master
