20/05/30 15:50	duncantl/R2GoogleMaps	master
20/05/30 15:49	AntonioCoppola/lbfgs	master
20/05/30 15:48	rdrr1990/kerasformula	master
20/05/30 15:47	christophergandrud/fredr	master
20/05/30 15:47	mwaldstein/edgarWebR	master
20/05/30 15:47	backlin/dataview	master
20/05/30 15:46	holgerbrandl/datautils	master
20/05/30 15:46	datadotworld/data.world-r	master
20/05/30 15:45	rstudio/d3heatmap	master
20/05/30 15:45	braverock/blotter	master
20/05/30 15:41	haven-jeon/KoNLP	master
20/05/30 12:54	edgararuiz/dbplot	master
20/05/30 11:01	ewenharrison/summarizer	master
20/05/30 07:37	ClaraHapp/funData	master
20/05/30 06:52	ClaraHapp/funData	master
20/05/30 06:51	ClaraHapp/funData	master
20/05/30 06:50	ClaraHapp/funData	master
20/05/30 05:39	ClaraHapp/funData	master
20/05/30 05:36	ClaraHapp/funData	master
20/05/30 05:35	ClaraHapp/funData	master
20/05/30 05:32	ClaraHapp/funData	master
20/05/30 05:08	VimalRawat1010/MethPlotR	master
20/05/30 04:53	arcaravaggi/remBoot	master
20/05/30 01:52	nickpoison/astsa	master
