20/05/12 22:24	hoxo-m/prophetExt	master
20/05/12 21:34	benjamin-merkel/probGLS	master
20/05/12 21:01	juba/scatterD3	master
20/05/12 20:58	sorhawell/rgl	master
20/05/12 20:21	MRCIEU/TwoSampleMR	master
20/05/12 19:17	ropenscilabs/realtime	develop
20/05/12 18:23	Matt-Brigida/EIAdata	issue_13
20/05/12 17:45	hunzikp/velox	master
20/05/12 17:31	vqv/ggbiplot	master
20/05/12 15:41	larmarange/JLutils	master
20/05/12 15:41	larmarange/JLutils	master
20/05/12 14:26	mi2-warsaw/lmmfit	master
20/05/12 11:55	stefanocoretta/rticulate	master
20/05/12 11:54	vqv/ggbiplot	master
20/05/12 11:54	vqv/ggbiplot	master
20/05/12 11:54	vqv/ggbiplot	master
20/05/12 11:21	jannes-m/RQGIS	master
20/05/12 11:20	jannes-m/RQGIS	master
20/05/12 11:20	jannes-m/RQGIS	master
20/05/12 09:53	rmcelreath/rethinking	master
20/05/12 07:31	hoxo-m/magicfor	master
20/05/12 07:00	tidyverse/ggplot2	master
20/05/12 06:59	vqv/ggbiplot	master
20/05/12 06:49	ropensci/tabulizer	master
20/05/12 06:49	ropensci/tabulizerjars	master
20/05/12 06:28	edzer/sp	master
20/05/12 06:16	StatsWithR/statsr	BayesFactor
20/05/12 00:39	rstudio/R-Websockets	master
20/05/12 00:39	rstudio/R-Websockets	master
20/05/12 00:39	rstudio/R-Websockets	master
20/05/12 00:33	rstudio/R-Websockets	master
20/05/12 00:32	rstudio/R-Websockets	master
20/05/11 00:31	DataWookie/flipsideR	master
20/05/11 00:15	ECO230/eco230r	master
20/05/05 00:17	saurfang/shinyAceCodeInput	master
20/05/05 00:17	saurfang/shinyAceCodeInput	master
20/05/05 00:16	saurfang/shinyAceCodeInput	master
20/05/05 00:14	saurfang/shinyAceCodeInput	master
20/05/04 00:01	ropensci/dependencies	master
20/05/04 00:00	ropensci/dependencies	master
20/05/03 00:39	ymattu/MlBayesOpt	master
20/05/03 00:09	ropenscilabs/rnaturalearthhires	master
20/05/03 00:08	ropenscilabs/rnaturalearthhires	master
20/05/02 00:03	iobis/robis	master
20/05/01 00:57	cttobin/ggthemr	master
20/05/01 00:39	r-spatial/spdep	master
20/05/01 00:31	hoxo-m/prophetExt	master
20/05/01 00:30	hoxo-m/prophetExt	master
20/05/01 00:28	hoxo-m/prophetExt	master
20/05/01 00:23	hoxo-m/magicfor	master
20/04/30 00:44	jayjacobs/ggcal	master
20/04/29 00:20	Azure/AzureDSVM	master
20/04/28 00:31	AndyPL22/TileManager	master
20/04/28 00:27	AndyPL22/TileManager	master
20/04/28 00:21	AndyPL22/TileManager	master
20/04/27 00:13	mkearney/rtweet	5ef897e
20/04/27 00:01	mkearney/rtweet	5ef897e
20/04/27 00:01	mkearney/rtweet	5ef897e
20/04/27 00:00	ashoksiri/rtweet	5ef897e
20/04/26 00:07	walkerke/tidycensus	pums
20/04/25 00:56	ProjectMOSAIC/mosaicCalc	master
20/04/25 00:55	rpruim/fastR2	master
20/04/25 00:54	metno/esd	master
20/04/25 00:00	matloff/regtools	master
20/04/23 00:58	igraph/rigraph	master
20/04/21 00:12	maRce10/warbleR	master
20/04/20 00:56	larmarange/JLutils	master
20/04/20 00:55	larmarange/JLutils	master
20/04/19 00:27	dtdoering/grofitr	master
20/04/16 00:18	tidyverse/rlang	master
20/04/15 00:45	ECO230/eco230r	master
20/04/15 00:04	mtennekes/tmap	master
20/04/14 00:53	joachim-gassen/ExPanDaR	master
20/04/14 00:49	joachim-gassen/ExPanDaR	master
20/04/14 00:41	hoxo-m/magicfor	master
20/04/14 00:30	rtelmore/ballr	master
20/04/13 00:06	andrewzm/dggrids	master
