20/09/02 13:31	knausb/vcfR	master
20/09/02 13:25	azvoleff/spatial.tools	master
20/09/02 13:07	BavoDC/ClassificationPlot	master
20/09/02 13:02	arcaravaggi/remBoot	master
20/09/02 13:02	gastonstat/plspm	master
20/09/02 13:02	arcaravaggi/remBoot	master
20/09/02 13:02	arcaravaggi/remBoot	master
20/09/02 10:28	lbraglia/yapomif	master
20/09/02 10:04	leonawicz/randscape	master
20/09/02 10:01	mstrimas/metacapa	master
20/09/02 08:37	jsanchez25h/RODBC	master
20/09/02 02:55	nickpoison/astsa	master
20/08/31 00:29	vkapartzianis/SparkR	master
20/08/31 00:29	akzaidi/SparkR	master
20/08/31 00:24	r-pkgs/usethis	master
20/08/26 00:45	elbamos/largeVis	feature/backoncran
20/08/26 00:24	bbolker/bbmle	master
20/08/26 00:24	FunWithR/MonteCarlo	master
20/08/26 00:23	rstudio/rsconnect	master
20/08/26 00:23	IRkernel/IRkernel	master
20/08/26 00:22	snoweye/pbdZMQ	master
20/08/26 00:21	zdk123/SpiecEasi	master
20/08/26 00:19	joey711/phyloseq	master
20/08/26 00:09	ProjectMOSAIC/mosaicCalc	master
20/08/26 00:09	rpruim/fastR2	master
20/08/24 00:58	jandziak/mc.glmnet	master
20/08/16 00:16	smartinsightsfromdata/rpivotTable	master
20/08/16 00:13	DnPeter/rpivotTable	master
20/08/14 00:23	xrobin/testParallel	master
20/08/14 00:23	braverock/quantstrat	master
20/08/14 00:22	braverock/blotter	master
20/08/14 00:21	xrobin/testParallel	master
20/08/14 00:18	xrobin/testParallel	master
20/08/14 00:17	xrobin/testParallel	master
20/08/09 00:23	johow/kinlab	master
