20/06/30 17:54	kaneplusplus/bigalgebra	master
20/06/30 17:52	kaneplusplus/bigalgebra	master
20/06/30 17:48	twbattaglia/btools	master
20/06/30 17:18	MadsAlbertsen/ampvis2	master
20/06/30 17:11	opisthokonta/tsnemicrobiota	master
20/06/30 17:06	LukeBatten/antarcticR	master
20/06/30 17:04	twbattaglia/btools	master
20/06/30 17:04	twbattaglia/btools	master
20/06/30 16:59	nick-ulle/rstatic	master
20/06/30 16:58	joey711/biom	master
20/06/30 16:58	twbattaglia/btools	master
20/06/30 16:45	joey711/biom	master
20/06/30 15:51	twitter/BreakoutDetection	master
20/06/30 12:49	analytics-ufcg/bestBus	master
20/06/30 10:19	paul-buerkner/brms	projpred
20/06/30 10:17	stan-dev/projpred	develop
20/06/30 10:09	stan-dev/projpred	develop
20/06/30 10:03	stan-dev/projpred	develop
20/06/30 10:01	stan-dev/projpred	develop
20/06/30 09:57	stan-dev/projpred	develop
20/06/30 09:35	stan-dev/projpred	develop
20/06/30 09:34	paul-buerkner/brms	projpred
20/06/30 09:26	stan-dev/projpred	develop
20/06/30 09:21	stan-dev/projpred	develop
