20/11/23 18:31	martisak/CodeR	master
20/11/23 18:21	broadinstitute/inferCNV	master
20/11/23 18:21	broadinstitute/inferCNV	v1.3.3
20/11/23 16:28	tidyverse/tidyverse	master
20/11/23 16:08	tidyverse/glue	master
20/11/23 15:19	RGLab/ImmuneSpaceR	master
20/11/23 15:10	davidavdav/ROC	master
20/11/23 14:34	ekenah/transtat	master
20/11/23 14:25	bgreenwell/mertree	master
20/11/23 13:45	nickpoison/astsa	master
20/11/23 13:36	nickpoison/astsa	master
20/11/23 13:36	nickpoison/astsa	master
20/11/23 10:55	Bart6114/jug	master
20/11/23 10:53	Bart6114/infuser	master
20/11/23 10:32	Bart6114/infuser	master
20/11/23 10:28	Bart6114/jug	master
20/11/23 10:23	Bart6114/infuser	master
20/11/23 06:14	gabrielrvsc/HDeconometrics	master
20/11/23 05:30	skiptoniam/ecomix	ecm-update
20/11/23 02:33	twitter/AnomalyDetection	master
20/11/23 02:32	twitter/AnomalyDetection	master
20/11/23 01:03	Bart6114/jug	master
20/11/23 01:00	Bart6114/infuser	master
