20/04/08 14:55	hrbrmstr/cdcfluview	master
20/04/08 12:37	davidavdav/ROC	master
20/04/08 11:34	ricardo-bion/ggradar	master
20/04/08 11:32	ricardo-bion/ggradar	master
20/04/08 09:26	zdk123/SpiecEasi	master
20/04/08 09:21	joey711/phyloseq	master
20/04/08 09:14	ProjectMOSAIC/mosaicCalc	master
20/04/08 09:09	rpruim/fastR2	master
20/04/08 09:05	rpruim/fastR2	master
20/04/08 09:01	metno/esd	master
20/04/08 08:59	zdk123/SpiecEasi	master
20/04/08 08:58	joey711/phyloseq	master
20/04/08 08:55	ProjectMOSAIC/mosaicCalc	master
20/04/08 08:55	rpruim/fastR2	master
20/04/08 08:54	metno/esd	master
20/04/08 08:43	benjjneb/dada2	master
20/04/08 06:41	ropensci/tabulizer	master
20/04/08 06:41	ropensci/tabulizerjars	master
20/04/08 01:50	StatsWithR/statsr	BayesFactor
20/04/08 01:45	karthikl6/d3bubbles2	master
20/03/29 00:43	hoxo-m/prophetExt	master
20/03/29 00:42	hoxo-m/prophetExt	master
20/03/29 00:40	hoxo-m/prophetExt	master
20/03/29 00:28	jimhester/lookup	master
20/03/27 00:11	jefferislab/lhns	4669c66
20/03/23 00:31	vqv/ggbiplot	master
20/03/23 00:20	vqv/ggbiplot	master
20/03/23 00:15	vqv/ggbiplot	master
20/03/23 00:12	vqv/ggbiplot	master
20/03/23 00:10	vqv/ggbiplot	master
20/03/09 00:16	thomasp85/patchwork	master
