20/07/29 17:39	twitter/AnomalyDetection	master
20/07/29 16:26	sbegueria/SPEI	master
20/07/29 15:08	tidyverse/tidyr	master
20/07/29 14:42	vqv/ggbiplot	master
20/07/29 09:44	Rapporter/pander	master
20/07/29 06:06	Lakens/TOSTER	master
20/07/29 05:04	nurandi/katadasaR	master
20/07/26 00:59	Chicago/RSocrata	master
20/07/23 00:06	KevinKotze/tsm	master
20/07/21 00:53	statnmap/SDMSelect	master
20/07/16 00:12	hadley/dplyr	master
20/07/14 00:58	Bioconductor/AnnotationFilter	master
20/07/11 00:08	NumbersInternational/flipMultivariates	master
20/07/11 00:06	Displayr/flipMultivariates	master
20/07/11 00:03	Displayr/flipMultivariates	master
20/07/10 00:42	twitter/AnomalyDetection	master
20/07/10 00:37	hoxo-m/prophetExt	master
20/07/10 00:05	rweyant/spotifyr	master
20/07/10 00:00	rweyant/spotifyr	master
20/07/08 00:36	jiho/chroma	master
20/07/06 00:52	therneau/survival	master
20/07/02 00:41	privefl/bigsnpr	master
20/07/02 00:11	mlaib/MFDFA	master
20/07/01 00:15	mkearney/rtweet	5ef897e
