20/05/16 21:59	ymattu/MlBayesOpt	master
20/05/16 21:55	NickPTaylor/templater	master
20/05/16 21:14	StatsWithR/statsr	BayesFactor
20/05/16 21:13	StatsWithR/statsr	BayesFactor
20/05/16 21:12	StatsWithR/statsr	BayesFactor
20/05/16 21:04	StatsWithR/statsr	BayesFactor
20/05/16 21:02	StatsWithR/statsr	BayesFactor
20/05/16 21:00	StatsWithR/statsr	BayesFactor
20/05/16 20:52	StatsWithR/statsr	BayesFactor
20/05/16 20:49	StatsWithR/statsr	BayesFactor
20/05/16 20:46	StatsWithR/statsr	BayesFactor
20/05/16 20:45	StatsWithR/statsr	BayesFactor
20/05/16 20:43	StatsWithR/statsr	BayesFactor
20/05/16 20:38	nickpoison/astsa	master
20/05/16 20:28	StatsWithR/statsr	BayesFactor
20/05/16 20:25	StatsWithR/statsr	BayesFactor
20/05/16 20:20	StatsWithR/statsr	BayesFactor
20/05/16 18:43	BioShock38/abc	master
20/05/16 18:18	Ironholds/credit	master
20/05/16 18:17	Ironholds/credit	master
20/05/16 16:38	Ironholds/credit	master
20/05/16 16:14	Ironholds/credit	master
20/05/16 16:13	Ironholds/credit	master
20/05/16 16:10	Ironholds/credit	master
20/05/16 14:08	nickpoison/astsa	master
20/05/16 12:31	nickpoison/astsa	master
20/05/16 01:53	dkahle/ggmap	master
20/05/16 01:52	dkahle/ggmap	master
