20/05/25 14:39	twitter/AnomalyDetection	master
20/05/25 13:52	hadley/devtools	master
20/05/25 13:49	hadley/devtools	master
20/05/25 13:39	ujjwalkarn/xda	master
20/05/25 13:21	erocoar/ggparl	master
20/05/25 13:14	isglobal-brge/SNPassoc	master
20/05/25 13:12	isglobal-brge/SNPassoc	master
20/05/25 12:23	gabrielrvsc/HDeconometrics	master
20/05/25 10:45	vqv/ggbiplot	master
20/05/25 10:22	babaknaimi/mraster	master
20/05/25 05:10	r-spatial/mapview	master
20/05/25 02:22	sjPlot/esc	master
20/05/25 02:03	ateucher/rmapshaper	master
20/05/25 02:02	ateucher/rmapshaper	master
20/05/25 02:01	ateucher/rmapshaper	3906f5cc1c23532152a0c33ce07bb0f001ca812
20/05/25 01:21	StatsWithR/statsr	BayesFactor
20/05/25 01:20	ateucher/rmapshaper	23906f5
20/05/25 01:18	StatsWithR/statsr	BayesFactor
20/05/25 01:18	ateucher/rmapshaper	v.0.3.1
20/05/25 01:08	haozhu233/kableExtra	master
