20/09/14 12:50	hoxo-m/magicfor	master
20/09/14 05:49	mrdwab/SOfun	master
20/09/14 03:08	bcjaeger/r2glmm	master
20/09/14 03:08	bcjaeger/r2glmm	master
20/09/14 03:05	bcjaeger/r2glmm	master
20/09/14 02:30	hrbrmstr/taucharts	master
20/09/14 01:34	RGLab/flowWorkspaceData	master
20/09/09 00:49	cneyens/prms	master
20/09/09 00:45	spatstat/spatstat.data	master
20/09/07 00:09	DataSciBurgoon/aop	master
20/09/07 00:08	GianPaoloClemente/DirectedClustering	master
20/09/07 00:06	GianPaoloClemente/DirectedClustering	master
20/09/07 00:03	TheoreticalEcosystemEcology/alienR	master
20/09/05 00:02	jokergoo/ComplexHeatmap	master
20/09/03 00:24	StatsWithR/statsr	BayesFactor
20/08/31 00:29	vkapartzianis/SparkR	master
20/08/31 00:29	akzaidi/SparkR	master
20/08/31 00:24	r-pkgs/usethis	master
20/08/26 00:45	elbamos/largeVis	feature/backoncran
20/08/26 00:24	bbolker/bbmle	master
20/08/26 00:24	FunWithR/MonteCarlo	master
20/08/26 00:23	rstudio/rsconnect	master
20/08/26 00:23	IRkernel/IRkernel	master
20/08/26 00:22	snoweye/pbdZMQ	master
20/08/26 00:21	zdk123/SpiecEasi	master
20/08/26 00:19	joey711/phyloseq	master
20/08/26 00:09	ProjectMOSAIC/mosaicCalc	master
20/08/26 00:09	rpruim/fastR2	master
20/08/24 00:58	jandziak/mc.glmnet	master
20/08/16 00:16	smartinsightsfromdata/rpivotTable	master
20/08/16 00:13	DnPeter/rpivotTable	master
