20/07/21 10:34	hrbrmstr/hrbrthemes	master
20/07/21 10:33	YTLogos/hrbrthemes	master
20/07/21 09:50	ramamet/ambulanceR	master
20/07/21 09:46	ramamet/ambulanceR	master
20/07/21 08:12	tomasgreif/woe	master
20/07/21 01:06	Model-R/modelr_pkg	master
20/07/21 01:01	DataCanvasIO/moduleR	master
20/07/21 00:53	statnmap/SDMSelect	master
20/07/16 00:12	hadley/dplyr	master
20/07/14 00:58	Bioconductor/AnnotationFilter	master
20/07/11 00:08	NumbersInternational/flipMultivariates	master
20/07/11 00:06	Displayr/flipMultivariates	master
20/07/11 00:03	Displayr/flipMultivariates	master
20/07/10 00:42	twitter/AnomalyDetection	master
20/07/10 00:37	hoxo-m/prophetExt	master
20/07/10 00:05	rweyant/spotifyr	master
20/07/10 00:00	rweyant/spotifyr	master
20/07/08 00:36	jiho/chroma	master
20/07/06 00:52	therneau/survival	master
20/07/02 00:41	privefl/bigsnpr	master
20/07/02 00:11	mlaib/MFDFA	master
20/07/01 00:15	mkearney/rtweet	5ef897e
20/06/26 00:13	hadley/emo	master
20/06/26 00:11	juliasilge/silgelib	master
20/06/24 00:27	robscott3/FLR4MFCL	master
20/06/24 00:15	3inar/nowaclean	master
20/06/24 00:14	sje30/sjemea	master
20/06/22 00:27	jjvanderwal/SDMTools	master
20/06/22 00:24	YaohuiZeng/bigSVM	master
20/06/22 00:24	phytomosaic/ecole	master
20/06/22 00:06	wrathematics/ssvm	master
