20/07/06 17:00	hoxo-m/magicfor	master
20/07/06 15:32	hoxo-m/magicfor	master
20/07/06 15:30	hoxo-m/magicfor	master
20/07/06 14:46	ehrlinger/randomForestSRC	master
20/07/06 14:39	wrathematics/Rfiglet	master
20/07/06 14:35	richfitz/rfiglet	master
20/07/06 14:12	beanumber/nyctaxi	master
20/07/06 13:11	vanLunteren/DescrTab	master
20/07/06 13:10	vanLunteren/DescrTab	master
20/07/06 13:04	omegahat/XML	master
20/07/06 10:01	vqv/ggbiplot	master
20/07/06 08:27	rkrug/seedGerm	master
20/07/06 08:27	rkrug/seedGerm	master
20/07/06 08:25	rkrug/seedGerm	master
20/07/06 08:08	twitter/AnomalyDetection	master
20/07/06 04:38	carter-allen/normR	master
20/07/06 03:09	jjvanderwal/SDMTools	master
20/07/06 03:06	mckennapsean/scorrplot	master
20/07/06 03:05	mckennapsean/scorrplot	master
20/07/06 03:04	mckennapsean/scorrplot	master
20/07/06 03:00	mckennapsean/scorrplot	master
20/07/06 00:52	therneau/survival	master
20/07/02 00:41	privefl/bigsnpr	master
20/07/02 00:11	mlaib/MFDFA	master
20/07/01 00:15	mkearney/rtweet	5ef897e
20/06/26 00:13	hadley/emo	master
20/06/26 00:11	juliasilge/silgelib	master
20/06/24 00:27	robscott3/FLR4MFCL	master
20/06/24 00:15	3inar/nowaclean	master
20/06/24 00:14	sje30/sjemea	master
20/06/22 00:27	jjvanderwal/SDMTools	master
20/06/22 00:24	YaohuiZeng/bigSVM	master
20/06/22 00:24	phytomosaic/ecole	master
20/06/22 00:06	wrathematics/ssvm	master
20/06/20 00:18	raymondben/datavolley	master
20/06/19 00:16	vh-d/SFAt	master
20/06/17 00:00	jacob-long/panelr	cc845602cd515dcfb3fd53e7d1cfac8601092c5b
20/06/10 00:47	christophsax/tsbox	master
20/06/09 00:57	rdevito/MSFA	master
20/06/08 00:34	jacobkap/zipcodes	master
20/06/07 00:41	nickpoison/astsa	master
