20/09/27 18:43	StatsWithR/statsr	BayesFactor
20/09/27 18:06	tamartsi/MetaCor	master
20/09/27 15:40	jtclaypool/microbiome	master
20/09/27 11:40	compgenomics/MeTDiff	master
20/09/27 11:37	compgenomics/MeTDiff	master
20/09/27 11:23	umerijaz/microbiomeSeq	master
20/09/27 11:15	erlichlab/el.db	master
20/09/27 11:07	joey711/phyloseq	master
20/09/27 11:03	transbioZI/Gimpute	master
20/09/27 11:01	compgenomics/MeTDiff	master
20/09/27 10:59	rtsho/preprocessr	master
20/09/27 10:57	erlichlab/el.db	master
20/09/27 10:55	Bioconductor/AnnotationDbi	master
20/09/27 09:02	caseywdunn/hutan	master
20/09/27 05:05	vancebee/MarkovSCD	master
20/09/27 05:05	shabbychef/MarkowitzR	master
20/09/27 05:04	abresler/markovifyR	master
20/09/27 04:49	igraph/igraphbook	master
20/09/27 04:49	igraph/igraphbook	master
20/09/27 03:51	jmp75/spotifyr	master
