20/04/28 19:03	LiYanStat/fingerprinting	master
20/04/28 18:17	ds-elections/rcv	master
20/04/28 15:53	ericwatt/eapath	master
20/04/28 15:42	gdemin/expss	master
20/04/28 15:11	FredHasselman/casnet	master
20/04/28 15:09	FredHasselman/casnet	master
20/04/28 13:55	hannesmuehleisen/clickhouse-r	master
20/04/28 13:12	vqv/ggbiplot	master
20/04/28 12:15	sfirke/janitor	master
20/04/28 11:50	hoxo-m/prophetExt	master
20/04/28 09:36	twitter/AnomalyDetection	master
20/04/28 08:45	gibonet/distrr	master
20/04/28 08:04	twitter/AnomalyDetection	master
20/04/28 06:29	maksimhorowitz/nflscrapR	master
20/04/28 05:27	mkearney/rtweet	5ef897e
20/04/28 00:31	AndyPL22/TileManager	master
20/04/28 00:27	AndyPL22/TileManager	master
20/04/28 00:21	AndyPL22/TileManager	master
20/04/27 00:13	mkearney/rtweet	5ef897e
20/04/27 00:01	mkearney/rtweet	5ef897e
20/04/27 00:01	mkearney/rtweet	5ef897e
20/04/27 00:00	ashoksiri/rtweet	5ef897e
20/04/26 00:07	walkerke/tidycensus	pums
20/04/25 00:56	ProjectMOSAIC/mosaicCalc	master
20/04/25 00:55	rpruim/fastR2	master
20/04/25 00:54	metno/esd	master
20/04/25 00:00	matloff/regtools	master
20/04/23 00:58	igraph/rigraph	master
20/04/21 00:12	maRce10/warbleR	master
20/04/20 00:56	larmarange/JLutils	master
20/04/20 00:55	larmarange/JLutils	master
20/04/19 00:27	dtdoering/grofitr	master
20/04/16 00:18	tidyverse/rlang	master
20/04/15 00:45	ECO230/eco230r	master
20/04/15 00:04	mtennekes/tmap	master
20/04/14 00:53	joachim-gassen/ExPanDaR	master
20/04/14 00:49	joachim-gassen/ExPanDaR	master
20/04/14 00:41	hoxo-m/magicfor	master
20/04/14 00:30	rtelmore/ballr	master
20/04/13 00:06	andrewzm/dggrids	master
20/04/10 00:48	ronkeizer/PKPDsim	master
20/03/29 00:43	hoxo-m/prophetExt	master
20/03/29 00:42	hoxo-m/prophetExt	master
20/03/29 00:40	hoxo-m/prophetExt	master
20/03/29 00:28	jimhester/lookup	master
