20/04/07 10:44	twitter/BreakoutDetection	master
20/04/07 10:44	twitter/AnomalyDetection	master
20/04/07 10:38	twitter/BreakoutDetection	master
20/04/07 10:38	twitter/AnomalyDetection	master
20/04/07 10:33	twitter/BreakoutDetection	master
20/04/07 10:32	twitter/AnomalyDetection	master
20/04/07 10:21	twitter/BreakoutDetection	master
20/04/07 10:20	twitter/AnomalyDetection	master
20/04/07 10:20	twitter/BreakoutDetection	master
20/04/07 10:19	twitter/AnomalyDetection	master
20/04/07 10:03	dnacombo/MaxPac	master
20/04/07 09:53	twitter/BreakoutDetection	master
20/04/07 09:52	twitter/AnomalyDetection	master
20/04/07 08:06	twitter/BreakoutDetection	master
20/04/07 08:05	twitter/AnomalyDetection	master
20/04/07 07:14	rstudio/keras	master
20/04/07 06:36	JARS3N/git	master
20/04/07 06:12	syounkin/vcf2R	master
20/04/07 05:20	hfgolino/EGA	master
20/04/07 03:30	twitter/AnomalyDetection	master
20/04/07 03:11	google/GeoexperimentsResearch	master
20/04/07 02:49	nickpoison/astsa	master
