20/02/11 22:43	tidyverse/googlesheets4	master
20/02/11 20:55	jannes-m/RQGIS	master
20/02/11 19:09	thlytras/rspiro	master
20/02/11 18:52	ccolonescu/PoEdata	master
20/02/11 18:38	ccolonescu/PoEdata	master
20/02/11 18:15	hannahlowens/BridgeTree	master
20/02/11 18:09	diegogarcilazo/biotools	master
20/02/11 17:58	diegogarcilazo/biotools	master
20/02/11 17:54	karthik/wesanderson	master
20/02/11 17:53	hadley/devtools	master
20/02/11 17:53	SWotherspoon/SGAT	master
20/02/11 17:53	SWotherspoon/SGAT	master
20/02/11 17:37	Simon-Coetzee/Bioc2017	master
20/02/11 16:50	guiastrennec/ggplus	master
20/02/11 16:13	richierocks/limma2	master
20/02/11 16:12	crsh/papaja	master
20/02/11 16:11	dnacombo/MaxPac	master
20/02/11 16:10	Shians/Glimma	master
20/02/11 16:09	richierocks/limma2	master
20/02/11 16:08	ccolonescu/PoEdata	master
20/02/11 15:54	google/GeoexperimentsResearch	master
20/02/11 15:37	lme4/lme4pureR	master
20/02/11 15:29	goldingn/GRaF	master
20/02/11 14:00	google/GeoexperimentsResearch	master
20/02/11 13:49	GuangchuangYu/ggtree	master
20/02/11 13:18	google/GeoexperimentsResearch	master
20/02/11 13:11	ccolonescu/PoEdata	master
20/02/11 12:34	ccolonescu/PoEdata	master
20/02/11 12:31	ccolonescu/PoEdata	master
20/02/11 12:30	ccolonescu/PoEdata	master
20/02/11 12:29	ccolonescu/PoEdata	master
20/02/11 12:28	ccolonescu/PoEdata	master
20/02/11 11:50	google/GeoexperimentsResearch	master
20/02/11 11:47	hrbrmstr/albersusa	master
20/02/11 10:59	leifeld/btergm	master
20/02/11 10:17	google/GeoexperimentsResearch	master
20/02/11 10:17	google/GeoexperimentsResearch	master
20/02/11 09:55	ccolonescu/PoEdata	master
20/02/11 09:11	jimhester/lookup	master
20/02/11 09:09	mkoohafkan/flowregime	master
20/02/11 07:58	hrbrmstr/taucharts	master
20/02/11 06:36	lgatto/sequences	master
20/02/11 06:35	lgatto/sequences	master
20/02/04 00:54	nufflytics/nufflytics	master
20/02/04 00:52	nufflytics/nufflytics	master
20/02/04 00:51	nufflytics/nufflytics	master
20/02/03 00:04	cantonfe/sitree	master
20/02/03 00:02	cantonfe/sitree	master
20/02/03 00:00	jto888/FaultTree	master
20/02/02 00:46	ismayc/thesisdown	master
20/02/01 00:14	jefferys/FusionExpressionPlot	master
20/01/31 00:55	m-Py/minDiff	master
20/01/27 00:48	kthohr/BMR	master
20/01/27 00:37	kthohr/BMR	master
20/01/27 00:36	kthohr/BMR	master
20/01/27 00:33	kthohr/BMR	master
20/01/27 00:32	kthohr/BMR	master
20/01/27 00:29	kthohr/BMR	master
20/01/27 00:28	kthohr/BMR	master
20/01/27 00:23	kthohr/BMR	master
20/01/27 00:23	kthohr/BMR	master
20/01/27 00:21	kthohr/BMR	master
20/01/27 00:21	kthohr/BMR	master/
20/01/25 00:20	zabore/condsurv	master
20/01/25 00:19	OuhscBbmc/Wats	master
20/01/25 00:19	ropensci/visdat	master
20/01/25 00:19	hrbrmstr/streamgraph	master
20/01/25 00:19	htmlwidgets/sparkline	master
20/01/25 00:19	ramnathv/slidifyLibraries	master
20/01/25 00:19	ramnathv/slidify	master
20/01/25 00:19	kevinushey/sourcetools	master
20/01/25 00:19	ddsjoberg/sjosmooth	master
20/01/25 00:19	rstudio/shiny	master
20/01/25 00:18	ThinkR-open/remedy	master
20/01/25 00:18	salimk/Rcrawler	master
20/01/25 00:18	ramnathv/rCharts	master
20/01/25 00:18	alastairrushworth/smnet	master
20/01/25 00:18	ramnathv/htmlwidgets	master
20/01/25 00:18	rstudio/htmltools	master
20/01/25 00:17	hrbrmstr/hrbraddins	master
20/01/25 00:17	lendle/hdps	master
20/01/25 00:17	rstudio/DT	master
20/01/25 00:17	vqv/ggbiplot	master
20/01/25 00:17	zabore/ezfun	master
20/01/25 00:17	kbroman/ricalc	master
20/01/25 00:17	gramener/eda	master
20/01/25 00:17	sipemu/d3Dashboard	master
20/01/25 00:17	daattali/colourpicker	master
20/01/25 00:17	trulia/choroplethr	master
20/01/25 00:17	csgillespie/addinmanager	master
20/01/25 00:17	daattali/addinslist	master
20/01/25 00:17	rstudio/addinexamples	master
20/01/25 00:14	hrbrmstr/hrbraddins	master
20/01/25 00:14	lendle/hdps	master
20/01/25 00:14	rstudio/DT	master
20/01/25 00:14	vqv/ggbiplot	master
20/01/25 00:14	zabore/ezfun	master
20/01/25 00:14	kbroman/ricalc	master
20/01/25 00:14	gramener/eda	master
20/01/25 00:14	sipemu/d3Dashboard	master
20/01/25 00:14	daattali/colourpicker	master
20/01/25 00:14	trulia/choroplethr	master
20/01/25 00:14	csgillespie/addinmanager	master
20/01/25 00:14	daattali/addinslist	master
20/01/25 00:14	rstudio/addinexamples	master
20/01/23 00:11	ropensci/tabulizer	master
20/01/23 00:11	ropensci/tabulizerjars	master
20/01/14 00:15	daattali/colourpicker	master
20/01/14 00:15	trulia/choroplethr	master
20/01/14 00:15	csgillespie/addinmanager	master
20/01/14 00:15	daattali/addinslist	master
20/01/14 00:15	rstudio/addinexamples	master
20/01/14 00:14	daattali/colourpicker	master
20/01/14 00:14	trulia/choroplethr	master
20/01/14 00:14	csgillespie/addinmanager	master
20/01/14 00:14	daattali/addinslist	master
20/01/14 00:14	rstudio/addinexamples	master
20/01/14 00:10	daattali/colourpicker	master
20/01/14 00:10	trulia/choroplethr	master
20/01/14 00:10	csgillespie/addinmanager	master
20/01/14 00:10	daattali/addinslist	master
20/01/14 00:10	rstudio/addinexamples	master
20/01/14 00:09	daattali/colourpicker	master
20/01/14 00:09	trulia/choroplethr	master
20/01/14 00:09	csgillespie/addinmanager	master
20/01/14 00:09	daattali/addinslist	master
20/01/14 00:09	rstudio/addinexamples	master
20/01/12 00:14	smach/rmiscutils	master
