20/03/27 11:24	mhahsler/rBLAST	master
20/03/27 11:18	satijalab/seurat	775dab4
20/03/27 11:06	hbc/bcbioRNASeq	master
20/03/27 11:04	hbc/bcbioRNASeq	master
20/03/27 11:04	hbc/bcbioRNASeq	master
20/03/27 09:45	susanathey/MCPanel	master
20/03/27 09:37	susanathey/MCPanel	master
20/03/27 09:31	susanathey/MCPanel	master
20/03/27 09:29	susanathey/MCPanel	master
20/03/27 09:26	susanathey/MCPanel	master
20/03/27 09:25	susanathey/MCPanel	master
20/03/27 09:24	susanathey/MCPanel	master
20/03/27 09:14	ymattu/MlBayesOpt	master
20/03/27 09:14	ymattu/MlBayesOpt	master
20/03/27 09:13	ymattu/MlBayesOpt	master
20/03/27 09:10	susanathey/MCPanel	master
20/03/27 09:09	susanathey/MCPanel	master
20/03/27 08:57	susanathey/MCPanel	master
20/03/27 08:56	susanathey/MCPanel	master
20/03/27 08:53	susanathey/MCPanel	master
20/03/27 06:55	ISS-Analytics/seminr	master
20/03/27 06:52	ISS-Analytics/seminr	master
20/03/27 06:51	ISS-Analytics/seminr	master
20/03/27 06:48	ujjwalkarn/xda	master
20/03/27 05:49	nickpoison/astsa	master
20/03/27 05:24	vqv/ggbiplot	master
