20/08/19 17:29	smach/rmiscutils	master
20/08/19 17:26	smach/rmiscutils	master
20/08/19 17:25	smach/rmiscutils	master
20/08/19 16:40	elbamos/largeVis	feature/backoncran
20/08/19 16:35	elbamos/largeVis	feature/backoncran
20/08/19 16:32	TomKellyGenetics/heatmap.2x	master
20/08/19 15:53	hoxo-m/magicfor	master
20/08/19 15:41	smach/rmiscutils	master
20/08/19 14:49	awalker89/openxlsx	%23417
20/08/19 14:39	awalker89/openxlsx	%23417
20/08/19 13:53	omarwagih/rmotifx	master
20/08/19 12:40	s-u/fastmatch	master
20/08/19 11:18	StatsWithR/statsr	BayesFactor
20/08/19 10:29	kassambara/easyGgplot2	master
20/08/19 10:29	kassambara/easyGgplot2	master
20/08/19 10:26	kassambara/easyGgplot2	master
20/08/19 05:44	knausb/vcfR	master
20/08/19 04:34	StatsWithR/statsr	BayesFactor
20/08/19 03:42	ymattu/rjumanpp	master
20/08/19 02:45	Rdatatable/data.table	master
20/08/19 02:33	Rdatatable/data.table	master
20/08/16 00:16	smartinsightsfromdata/rpivotTable	master
20/08/16 00:13	DnPeter/rpivotTable	master
20/08/14 00:23	xrobin/testParallel	master
20/08/14 00:23	braverock/quantstrat	master
20/08/14 00:22	braverock/blotter	master
20/08/14 00:21	xrobin/testParallel	master
20/08/14 00:18	xrobin/testParallel	master
20/08/14 00:17	xrobin/testParallel	master
20/08/09 00:23	johow/kinlab	master
20/08/02 00:21	USGS-R/smwrData	master
20/08/01 00:57	ropensci/tabulizerjars	master
20/08/01 00:55	ropensci/tabulizerjars	master
20/07/26 00:59	Chicago/RSocrata	master
20/07/23 00:06	KevinKotze/tsm	master
20/07/21 00:53	statnmap/SDMSelect	master
