20/07/03 19:52	hoxo-m/magicfor	master
20/07/03 17:08	amrrs/coinmarketcapr	master
20/07/03 16:04	rstudio/shinythemes	master
20/07/03 16:04	trestletech/shinyAce	master
20/07/03 16:04	rstudio/shiny	master
20/07/03 16:01	r-spatial/sf	master
20/07/03 15:36	sfirke/janitor	master
20/07/03 15:31	joshuaulrich/TTR	master
20/07/03 15:31	rstats-db/RMySQL	master
20/07/03 15:30	r-dbi/RSQLite	master
20/07/03 15:28	hadley/lubridate	master
20/07/03 15:27	hadley/tidyverse	master
20/07/03 12:52	echasnovski/highdown	master
20/07/03 11:17	StatsWithR/statsr	BayesFactor
20/07/03 10:52	hadley/lubridate	master
20/07/03 10:51	joshuaulrich/TTR	master
20/07/03 10:50	joshuaulrich/TTR	master
20/07/03 08:04	gisma/uavRst	master
20/07/03 04:36	AybarCL/Dorado	master
20/07/02 00:41	privefl/bigsnpr	master
20/07/02 00:11	mlaib/MFDFA	master
20/07/01 00:15	mkearney/rtweet	5ef897e
20/06/26 00:13	hadley/emo	master
20/06/26 00:11	juliasilge/silgelib	master
20/06/24 00:27	robscott3/FLR4MFCL	master
20/06/24 00:15	3inar/nowaclean	master
20/06/24 00:14	sje30/sjemea	master
20/06/22 00:27	jjvanderwal/SDMTools	master
20/06/22 00:24	YaohuiZeng/bigSVM	master
20/06/22 00:24	phytomosaic/ecole	master
20/06/22 00:06	wrathematics/ssvm	master
20/06/20 00:18	raymondben/datavolley	master
20/06/19 00:16	vh-d/SFAt	master
20/06/17 00:00	jacob-long/panelr	cc845602cd515dcfb3fd53e7d1cfac8601092c5b
20/06/10 00:47	christophsax/tsbox	master
20/06/09 00:57	rdevito/MSFA	master
20/06/08 00:34	jacobkap/zipcodes	master
20/06/07 00:41	nickpoison/astsa	master
20/06/05 00:43	nickpoison/astsa	master
20/06/04 00:13	twitter/AnomalyDetection	master
20/06/03 00:49	twitter/AnomalyDetection	master
20/06/03 00:46	erlichlab/el.db	master
20/06/03 00:44	Bioconductor/GOstats	master
20/06/03 00:40	Bioconductor/Category	master
20/06/03 00:37	Bioconductor/annotate	master
20/06/03 00:25	satijalab/seurat	v3.0.0
20/06/03 00:08	twitter/AnomalyDetection	master
