20/01/29 13:57	thlytras/rspiro	master
20/01/29 12:32	Rdatatable/data.table	master
20/01/29 11:51	oddworldng/INEbaseR	master
20/01/29 11:46	Bart6114/infuser	master
20/01/29 09:19	rte-antares-rpackage/antaresXpansion	master
20/01/29 08:44	rte-antares-rpackage/antaresXpansion	master
20/01/29 06:52	eldarrak/FLightR	master
20/01/29 06:38	sinhrks/ggfortify	master
20/01/29 03:08	kthohr/BMR	master
20/01/29 03:08	kthohr/BMR	master/
20/01/27 00:48	kthohr/BMR	master
20/01/27 00:37	kthohr/BMR	master
20/01/27 00:36	kthohr/BMR	master
20/01/27 00:33	kthohr/BMR	master
20/01/27 00:32	kthohr/BMR	master
20/01/27 00:29	kthohr/BMR	master
20/01/27 00:28	kthohr/BMR	master
20/01/27 00:23	kthohr/BMR	master
20/01/27 00:23	kthohr/BMR	master
20/01/27 00:21	kthohr/BMR	master
20/01/27 00:21	kthohr/BMR	master/
20/01/25 00:20	zabore/condsurv	master
20/01/25 00:19	OuhscBbmc/Wats	master
20/01/25 00:19	ropensci/visdat	master
20/01/25 00:19	hrbrmstr/streamgraph	master
20/01/25 00:19	htmlwidgets/sparkline	master
20/01/25 00:19	ramnathv/slidifyLibraries	master
20/01/25 00:19	ramnathv/slidify	master
20/01/25 00:19	kevinushey/sourcetools	master
20/01/25 00:19	ddsjoberg/sjosmooth	master
20/01/25 00:19	rstudio/shiny	master
20/01/25 00:18	ThinkR-open/remedy	master
20/01/25 00:18	salimk/Rcrawler	master
20/01/25 00:18	ramnathv/rCharts	master
20/01/25 00:18	alastairrushworth/smnet	master
20/01/25 00:18	ramnathv/htmlwidgets	master
20/01/25 00:18	rstudio/htmltools	master
20/01/25 00:17	hrbrmstr/hrbraddins	master
20/01/25 00:17	lendle/hdps	master
20/01/25 00:17	rstudio/DT	master
20/01/25 00:17	vqv/ggbiplot	master
20/01/25 00:17	zabore/ezfun	master
20/01/25 00:17	kbroman/ricalc	master
20/01/25 00:17	gramener/eda	master
20/01/25 00:17	sipemu/d3Dashboard	master
20/01/25 00:17	daattali/colourpicker	master
20/01/25 00:17	trulia/choroplethr	master
20/01/25 00:17	csgillespie/addinmanager	master
20/01/25 00:17	daattali/addinslist	master
20/01/25 00:17	rstudio/addinexamples	master
20/01/25 00:14	hrbrmstr/hrbraddins	master
20/01/25 00:14	lendle/hdps	master
20/01/25 00:14	rstudio/DT	master
20/01/25 00:14	vqv/ggbiplot	master
20/01/25 00:14	zabore/ezfun	master
20/01/25 00:14	kbroman/ricalc	master
20/01/25 00:14	gramener/eda	master
20/01/25 00:14	sipemu/d3Dashboard	master
20/01/25 00:14	daattali/colourpicker	master
20/01/25 00:14	trulia/choroplethr	master
20/01/25 00:14	csgillespie/addinmanager	master
20/01/25 00:14	daattali/addinslist	master
20/01/25 00:14	rstudio/addinexamples	master
20/01/23 00:11	ropensci/tabulizer	master
20/01/23 00:11	ropensci/tabulizerjars	master
20/01/14 00:15	daattali/colourpicker	master
20/01/14 00:15	trulia/choroplethr	master
20/01/14 00:15	csgillespie/addinmanager	master
20/01/14 00:15	daattali/addinslist	master
20/01/14 00:15	rstudio/addinexamples	master
20/01/14 00:14	daattali/colourpicker	master
20/01/14 00:14	trulia/choroplethr	master
20/01/14 00:14	csgillespie/addinmanager	master
20/01/14 00:14	daattali/addinslist	master
20/01/14 00:14	rstudio/addinexamples	master
20/01/14 00:10	daattali/colourpicker	master
20/01/14 00:10	trulia/choroplethr	master
20/01/14 00:10	csgillespie/addinmanager	master
20/01/14 00:10	daattali/addinslist	master
20/01/14 00:10	rstudio/addinexamples	master
20/01/14 00:09	daattali/colourpicker	master
20/01/14 00:09	trulia/choroplethr	master
20/01/14 00:09	csgillespie/addinmanager	master
20/01/14 00:09	daattali/addinslist	master
20/01/14 00:09	rstudio/addinexamples	master
20/01/12 00:14	smach/rmiscutils	master
20/01/04 00:58	Everlane/everlaneR	master
20/01/04 00:58	cloudyr/aws.signature	master
20/01/04 00:58	cloudyr/aws.s3	master
20/01/01 00:47	ramnathv/rCharts	master
20/01/01 00:47	ramnathv/slidifyLibraries	master
20/01/01 00:47	ramnathv/slidify	master
20/01/01 00:47	hrbrmstr/hrbraddins	master
20/01/01 00:47	rstudio/DT	master
20/01/01 00:47	vqv/ggbiplot	master
20/01/01 00:47	zabore/ezfun	master
20/01/01 00:47	sipemu/d3Dashboard	master
20/01/01 00:47	daattali/colourpicker	master
20/01/01 00:47	rstudio/addinexamples	master
20/01/01 00:21	hrbrmstr/streamgraph	master
