20/11/16 18:40	ropensci/datapackage	master
20/11/16 18:40	vqv/ggbiplot	master
20/11/16 18:37	ropensci/datapackage	master
20/11/16 18:26	ropensci/datapackage	master
20/11/16 16:25	thomasp85/patchwork	master
20/11/16 16:21	thomasp85/patchwork	master
20/11/16 16:17	thomasp85/patchwork	master
20/11/16 14:54	PeFox/DySeq	master
20/11/16 14:32	leeper/tabulizer	master
20/11/16 14:31	ropensci/tabulizerjars	master
20/11/16 13:24	gabrielrvsc/HDeconometrics	master
20/11/16 11:47	gabrielrvsc/HDeconometrics	master
20/11/16 11:13	idaejin/HRQoL	master
20/11/16 11:12	idaejin/HRQoL	master
20/11/16 11:11	idaejin/HRQoL	master
20/11/16 10:38	mkearney/rtweet	master
20/11/16 09:50	gabrielrvsc/HDeconometrics	master
20/11/16 08:42	gabrielrvsc/HDeconometrics	master
20/11/16 08:42	gabrielrvsc/HDeconometrics	master
20/11/16 07:01	gabrielrvsc/HDeconometrics	master
20/11/16 03:11	ropenscilabs/tabulizer	master
20/11/16 03:11	ropensci/tabulizerjars	master
