20/11/04 14:05	jrosen48/prcr	master
20/11/04 13:55	ropensci/tesseract	master
20/11/04 13:51	ropensci/tesseract	master
20/11/04 13:49	ropensci/tesseract	master
20/11/04 12:41	TKoscik/tk.r.misc	master
20/11/04 10:36	nickpoison/astsa	master
20/11/04 09:01	gabrielrvsc/HDeconometrics	master
20/11/04 08:48	gabrielrvsc/HDeconometrics	master
20/11/04 08:45	gabrielrvsc/HDeconometrics	master
20/11/04 08:42	gabrielrvsc/HDeconometrics	master
20/11/04 08:05	gabrielrvsc/HDeconometrics	master
20/11/04 07:45	emwozniak/Table1	master
20/11/04 06:59	nickpoison/astsa	master
20/11/04 06:54	nickpoison/astsa	master
20/11/04 05:28	trestletech/plumber	master
20/11/04 05:24	StatsWithR/statsr	BayesFactor
20/11/04 05:11	BillPetti/baseballr	master
20/11/04 04:48	StatsWithR/statsr	BayesFactor
20/11/04 04:47	trestletech/plumber	master
20/11/04 04:19	nickpoison/astsa	master
20/11/04 03:06	jimhester/lintr	master
20/11/04 02:40	clewisbe/nimbleEco	master
20/11/04 02:26	gabrielrvsc/HDeconometrics	master
20/11/04 01:37	trestletech/plumber	master
20/11/04 01:22	hoxo-m/prophetExt	master
