20/10/20 16:59	chris-prener/postmastr	master
20/10/20 16:59	chris-prener/postmastr	master
20/10/20 16:54	hadley/ggplot2	master
20/10/20 16:04	katrikorpela/mare	master
20/10/20 15:55	swarm-lab/editR	master
20/10/20 15:51	suchitm/tmvn	master
20/10/20 15:02	krlmlr/here	master
20/10/20 14:20	thomasp85/patchwork	master
20/10/20 14:16	thomasp85/patchwork	master
20/10/20 14:14	vqv/ggbiplot	master
20/10/20 14:08	thomasp85/patchwork	master
20/10/20 13:59	thomasp85/patchwork	master
20/10/20 12:53	hoxo-m/magicfor	master
20/10/20 11:25	YTLogos/patchwork	master
20/10/20 11:19	AppliedDataSciencePartners/xgboostExplainer	master
20/10/20 11:18	thomasp85/patchwork	master
20/10/20 11:01	floswald/gridR	master
20/10/20 11:00	thomasp85/patchwork	master
20/10/20 04:52	SWotherspoon/SGAT	master
20/10/20 01:14	evelinag/clusternomics	master
