20/03/05 17:50	nickpoison/astsa	master
20/03/05 17:43	ECO230/eco230r	master
20/03/05 16:54	vqv/ggbiplot	master
20/03/05 16:46	vqv/ggbiplot	master
20/03/05 16:34	jeremystan/tidyjson	master
20/03/05 14:57	jjvanderwal/SDMTools	master
20/03/05 13:18	AKitsche/statint	master
20/03/05 12:56	nickpoison/astsa	master
20/03/05 08:05	stan-dev/loo	master
20/03/05 07:14	vqv/ggbiplot	master
20/03/05 05:16	Gibbsdavidl/CatterPlots	master
20/03/05 04:22	ECO230/eco230r	master
20/03/05 03:55	ECO230/eco230r	master
20/03/05 03:54	ECO230/eco230r	master
20/03/05 03:49	ECO230/eco230r	master
20/03/05 01:37	ECO230/eco230r	master
20/03/05 01:36	ECO230/eco230r	master
20/03/05 01:04	ECO230/eco230r	master
20/03/05 01:01	ECO230/eco230r	master
20/03/05 00:24	ECO230/eco230r	master
20/02/29 00:38	HenrikBengtsson/R.rsp	master
20/02/28 00:46	eblondel/cleangeo	master
20/02/28 00:22	EMIjess/evalwaterfallr	master
20/02/23 00:06	eyzhao/SignIT	master
20/02/20 00:43	erikpal/bRush	master
20/02/20 00:41	erikpal/bRush	master
20/02/20 00:40	maRce10/Rraven	master
20/02/20 00:37	maRce10/warbleR	master
20/02/12 00:35	ccolonescu/PoEdata	master
20/02/04 00:54	nufflytics/nufflytics	master
20/02/04 00:52	nufflytics/nufflytics	master
20/02/04 00:51	nufflytics/nufflytics	master
