20/06/13 19:20	hunzikp/velox	master
20/06/13 17:22	timelyportfolio/sunburstR	master
20/06/13 17:21	timelyportfolio/sunburstR	master
20/06/13 15:49	bomeara/phybase	master
20/06/13 15:48	ropensci/tabulizer	master
20/06/13 15:47	ropensci/tabulizerjars	master
20/06/13 15:43	Logiwo/tabulizer	master
20/06/13 15:43	leeper/tabulizerjars	master
20/06/13 14:39	StatsWithR/statsr	BayesFactor
20/06/13 14:28	agisga/grpSLOPE	master
20/06/13 14:26	ropensci/tabulizer	master
20/06/13 14:26	ropensci/tabulizerjars	master
20/06/13 14:12	ropensci/tabulizerjars	master
20/06/13 14:00	leeper/tabulizer	master
20/06/13 14:00	ropensci/tabulizerjars	master
20/06/13 09:40	umerijaz/microbiomeSeq	master
20/06/13 09:37	umerijaz/microbiomeSeq	master
20/06/13 08:46	nickpoison/astsa	master
20/06/13 08:43	nickpoison/astsa	master
20/06/13 07:39	joey711/biom	master
