20/08/28 20:12	Dasonk/fss	master
20/08/28 19:43	Dasonk/fss	master
20/08/28 14:52	csgillespie/rtypeform	cran
20/08/28 13:50	topepo/parsnip	master
20/08/28 13:44	HenrikBengtsson/R.utils	master
20/08/28 12:27	sfirke/janitor	master
20/08/28 12:23	ahvigil/randomForest	master
20/08/28 12:23	WinVector/vtreat	master
20/08/28 12:21	jwijffels/ETLUtils	master
20/08/28 12:07	juliasilge/tidytext	master
20/08/28 11:55	carter-allen/normR	master
20/08/28 10:31	rstudio/shinythemes	master
20/08/28 10:31	trestletech/shinyAce	master
20/08/28 10:31	rstudio/shiny	master
20/08/28 10:25	mages/ChainLadder	master
20/08/28 10:17	hadley/lubridate	master
20/08/28 10:16	hadley/tidyverse	master
20/08/28 10:12	joshuaulrich/TTR	master
20/08/28 10:11	r-dbi/RSQLite	master
20/08/28 10:09	rstats-db/RMySQL	master
20/08/28 04:14	Rdatatable/data.table	%234297
20/08/28 03:47	Rdatatable/data.table	%234297
20/08/28 03:33	StatsWithR/statsr	BayesFactor
20/08/28 01:51	Rdatatable/data.table	%234297
