20/04/04 18:29	hoxo-m/magicfor	master
20/04/04 18:27	hoxo-m/magicfor	master
20/04/04 17:25	SantanderMetGroup/loadeR.java	master
20/04/04 17:04	SantanderMetGroup/loadeR.java	master
20/04/04 16:46	hrbrmstr/taucharts	master
20/04/04 16:38	SantanderMetGroup/downscaleR	master
20/04/04 16:37	SantanderMetGroup/loadeR.java	master
20/04/04 16:34	SantanderMetGroup/downscaleR	master
20/04/04 16:32	SantanderMetGroup/loadeR.java	master
20/04/04 11:58	wagnertimo/emarketcrawlR	master
20/04/04 11:49	bmschmidt/wordVectors	master
20/04/04 11:01	daroczig/binancer	master
20/04/04 09:53	cmartin/ggConvexHull	master
20/04/04 08:40	susanathey/MCPanel	master
20/04/04 08:39	susanathey/MCPanel	master
20/04/04 07:31	tidyverse/forcats	master
20/04/04 04:15	Hackout2/epimap	master
20/04/04 02:23	vqv/ggbiplot	master
20/04/04 02:17	vqv/ggbiplot	master
20/04/04 02:07	vqv/ggbiplot	master
20/04/04 01:56	vqv/ggbiplot	master
20/03/29 00:43	hoxo-m/prophetExt	master
20/03/29 00:42	hoxo-m/prophetExt	master
20/03/29 00:40	hoxo-m/prophetExt	master
20/03/29 00:28	jimhester/lookup	master
20/03/27 00:11	jefferislab/lhns	4669c66
20/03/23 00:31	vqv/ggbiplot	master
20/03/23 00:20	vqv/ggbiplot	master
20/03/23 00:15	vqv/ggbiplot	master
20/03/23 00:12	vqv/ggbiplot	master
20/03/23 00:10	vqv/ggbiplot	master
20/03/09 00:16	thomasp85/patchwork	master
20/03/07 00:00	paul-buerkner/brms	master
20/03/06 00:56	MilesOtt/strategicplayers	master
20/03/05 00:24	ECO230/eco230r	master
