20/03/12 16:53	maRce10/warbleR	master
20/03/12 16:17	kelli-jean/easyR	master
20/03/12 16:15	kelli-jean/easyR	master
20/03/12 16:15	kelli-jean/easyR	master
20/03/12 16:12	robjhyndman/MEFM-package	master
20/03/12 15:27	karthikl6/d3bubbles2	master
20/03/12 14:30	ldiao/Gimp	master
20/03/12 14:21	karthikl6/d3bubbles2	master
20/03/12 14:16	karthikl6/d3bubbles2	master
20/03/12 14:14	karthikl6/d3bubbles2	master
20/03/12 14:06	karthikl6/d3bubbles2	master
20/03/12 12:49	sneumann/CAMERA	reducedPeaklist
20/03/12 12:00	parisni/paRisni	master
20/03/12 11:35	ndphillips/FFTrees	master
20/03/12 10:49	daattali/ggExtra	master
20/03/12 10:12	cmartin/ggConvexHull	master
20/03/12 10:10	markheckmann/convexhull	master
20/03/12 10:09	hrbrmstr/taucharts	master
20/03/12 10:06	thlytras/rspiro	master
20/03/12 08:31	ndphillips/FFTrees	master
20/03/12 03:45	ECO230/eco230r	master
20/03/12 02:01	Gibbsdavidl/CatterPlots	master
20/03/12 02:00	Gibbsdavidl/CatterPlots	master
20/03/09 00:16	thomasp85/patchwork	master
20/03/07 00:00	paul-buerkner/brms	master
20/03/06 00:56	MilesOtt/strategicplayers	master
20/03/05 00:24	ECO230/eco230r	master
20/02/29 00:38	HenrikBengtsson/R.rsp	master
20/02/28 00:46	eblondel/cleangeo	master
20/02/28 00:22	EMIjess/evalwaterfallr	master
20/02/23 00:06	eyzhao/SignIT	master
20/02/20 00:43	erikpal/bRush	master
20/02/20 00:41	erikpal/bRush	master
20/02/20 00:40	maRce10/Rraven	master
20/02/20 00:37	maRce10/warbleR	master
20/02/12 00:35	ccolonescu/PoEdata	master
