20/06/10 20:22	hui-tony-zk/distanceParallel	master
20/06/10 20:18	bwringe/parallelnewhybrid	master
20/06/10 18:39	larmarange/JLutils	master
20/06/10 18:11	gabrielrvsc/HDeconometrics	master
20/06/10 15:29	vqv/ggbiplot	master
20/06/10 12:30	jojo-/mipfp	fast-ipfp
20/06/10 12:18	jojo-/mipfp	fast-ipfp
20/06/10 11:55	topepo/parsnip	master
20/06/10 11:47	njtierney/visdat	master
20/06/10 11:46	dgrtwo/fuzzyjoin	master
20/06/10 11:34	rstudio/shinydashboard	master
20/06/10 11:34	rstudio/flexdashboard	master
20/06/10 11:31	rstudio/leaflet	master
20/06/10 11:29	taiyun/corrplot	master
20/06/10 11:26	trinker/pacman	master
20/06/10 11:24	rstudio/sparklyr	master
20/06/10 10:20	ujjwalkarn/xda	master
20/06/10 09:22	JakeConway/ClinPlots	master
20/06/10 08:05	hunzikp/velox	master
20/06/10 07:14	StatsWithR/statsr	BayesFactor
20/06/10 07:03	genomicsclass/ph525x	master
20/06/10 04:36	%s	%s
20/06/10 04:02	gastonstat/arcdiagram	master
20/06/10 03:56	twitter/AnomalyDetection	master
