20/01/08 16:54	lvclark/polyRAD	master
20/01/08 15:16	r-lib/usethis	master
20/01/08 14:45	kassambara/easyGgplot2	master
20/01/08 12:46	ropensci/tabulizer	master
20/01/08 12:46	ropensci/tabulizerjars	master
20/01/08 12:39	mariavica/mircomb	patch-devel
20/01/08 12:38	mariavica/mircomb	patch-devel
20/01/08 12:05	ropensci/tabulizer	master
20/01/08 12:05	ropensci/tabulizerjars	master
20/01/08 11:24	ropensci/tabulizer	master
20/01/08 11:23	ropensci/tabulizerjars	master
20/01/08 10:39	brunomssmelo/RcextTools	master
20/01/08 10:38	brunomssmelo/RcextTools	master
20/01/08 10:38	brunomssmelo/RcextTools	master
20/01/08 10:35	brunomssmelo/RcextTools	master
20/01/08 10:05	LasseHjort/cuRe	master
20/01/08 09:16	vqv/ggbiplot	master
20/01/08 08:43	Gibbsdavidl/CatterPlots	master
20/01/08 08:42	Gibbsdavidl/CatterPlots	master
20/01/08 08:42	LasseHjort/cuRe	master
20/01/08 08:41	Gibbsdavidl/CatterPlots	master
20/01/08 07:44	ropensci/tabulizer	master
20/01/08 07:44	ropensci/tabulizerjars	master
20/01/08 06:35	jbkunst/highcharter	master
20/01/08 05:53	bsouhaib/M4comp	master
20/01/08 01:39	saurfang/jsdiff	master
