20/05/19 16:59	HenrikBengtsson/R.utils	master
20/05/19 15:36	gdlc/BGLR-R	fd72680
20/05/19 15:22	ujjwalkarn/xda	master
20/05/19 15:17	zozlak/RODBCext	master
20/05/19 15:16	jsanchez25h/RODBC	master
20/05/19 14:31	nickpoison/astsa	master
20/05/19 14:27	vqv/ggbiplot	master
20/05/19 13:46	Zelazny7/isofor	master
20/05/19 13:44	RcppCore/Rcpp	master
20/05/19 13:42	StatsWithR/statsr	master
20/05/19 13:22	vqv/ggbiplot	master
20/05/19 12:31	RGLab/opencytoCL	master
20/05/19 12:27	vqv/ggbiplot	master
20/05/19 12:20	vqv/ggbiplot	master
20/05/19 11:35	jfq3/RDPutils	master
20/05/19 11:34	jsanchez25h/RODBC	master
20/05/19 11:11	jebyrnes/multifunc	master
20/05/19 10:50	timcdlucas/INLAutils	master
20/05/19 09:48	frenchja/psych	master
20/05/19 08:56	ropensci/rgbif	master
20/05/19 08:55	ropensci/rgbif	master
20/05/19 08:45	vqv/ggbiplot	master
20/05/19 08:44	vqv/ggbiplot	master
20/05/19 08:44	vqv/ggbiplot	master
20/05/19 08:43	vqv/ggbiplot	master
20/05/19 08:36	vqv/ggbiplot	master
20/05/19 08:35	vqv/ggbiplot	master
20/05/19 08:33	Hackout2/mapData	master
20/05/19 05:58	sinhrks/ggfortify	master
20/05/19 04:05	HanOostdijk/odataR	master
20/05/19 04:04	HanOostdijk/odataR	master
20/05/19 03:36	NathanEpstein/finData	master
20/05/19 03:35	NathanEpstein/finData	master
20/05/19 03:11	NathanEpstein/finData	master
20/05/19 00:07	ujjwalkarn/xda	master
20/05/15 00:32	tarakc02/lazylist	master
20/05/15 00:31	vpnagraj/shinylist	master
20/05/15 00:30	aaronwolen/linkit	master
20/05/12 00:39	rstudio/R-Websockets	master
20/05/12 00:39	rstudio/R-Websockets	master
20/05/12 00:39	rstudio/R-Websockets	master
20/05/12 00:33	rstudio/R-Websockets	master
20/05/12 00:32	rstudio/R-Websockets	master
20/05/11 00:31	DataWookie/flipsideR	master
20/05/11 00:15	ECO230/eco230r	master
20/05/05 00:17	saurfang/shinyAceCodeInput	master
20/05/05 00:17	saurfang/shinyAceCodeInput	master
20/05/05 00:16	saurfang/shinyAceCodeInput	master
20/05/05 00:14	saurfang/shinyAceCodeInput	master
20/05/04 00:01	ropensci/dependencies	master
20/05/04 00:00	ropensci/dependencies	master
20/05/03 00:39	ymattu/MlBayesOpt	master
20/05/03 00:09	ropenscilabs/rnaturalearthhires	master
20/05/03 00:08	ropenscilabs/rnaturalearthhires	master
20/05/02 00:03	iobis/robis	master
20/05/01 00:57	cttobin/ggthemr	master
20/05/01 00:39	r-spatial/spdep	master
20/05/01 00:31	hoxo-m/prophetExt	master
20/05/01 00:30	hoxo-m/prophetExt	master
20/05/01 00:28	hoxo-m/prophetExt	master
20/05/01 00:23	hoxo-m/magicfor	master
20/04/30 00:44	jayjacobs/ggcal	master
20/04/29 00:20	Azure/AzureDSVM	master
20/04/28 00:31	AndyPL22/TileManager	master
20/04/28 00:27	AndyPL22/TileManager	master
20/04/28 00:21	AndyPL22/TileManager	master
20/04/27 00:13	mkearney/rtweet	5ef897e
20/04/27 00:01	mkearney/rtweet	5ef897e
20/04/27 00:01	mkearney/rtweet	5ef897e
20/04/27 00:00	ashoksiri/rtweet	5ef897e
20/04/26 00:07	walkerke/tidycensus	pums
20/04/25 00:56	ProjectMOSAIC/mosaicCalc	master
20/04/25 00:55	rpruim/fastR2	master
20/04/25 00:54	metno/esd	master
20/04/25 00:00	matloff/regtools	master
20/04/23 00:58	igraph/rigraph	master
20/04/21 00:12	maRce10/warbleR	master
20/04/20 00:56	larmarange/JLutils	master
20/04/20 00:55	larmarange/JLutils	master
20/04/19 00:27	dtdoering/grofitr	master
