20/04/26 17:15	brechtdv/DALY	master
20/04/26 17:15	brechtdv/DALY	master
20/04/26 17:09	ropenscilabs/rnaturalearthdata	master
20/04/26 16:58	jjvanderwal/climates	master
20/04/26 16:12	azvoleff/spatial.tools	master
20/04/26 16:12	jjvanderwal/SDMTools	master
20/04/26 16:12	jannes-m/RQGIS	master
20/04/26 16:11	david-clifford/regress	master
20/04/26 16:11	HenrikBengtsson/profmem	master
20/04/26 16:11	duncantl/R2GoogleMaps	master
20/04/26 16:11	pacificclimate/ncdf4.helpers	master
20/04/26 16:11	andrewzm/IDE	master
20/04/26 16:10	jalvesaq/colorout	master
20/04/26 14:33	swager/balanceHD	master
20/04/26 14:27	nickpoison/astsa	master
20/04/26 14:20	nickpoison/astsa	master
20/04/26 12:08	mtennekes/tabplot	master
20/04/26 11:25	uebvhir/uebVennDiagram	master
20/04/26 09:56	yinscapital/retina-analysis-reference	master
20/04/26 09:45	yinscapital/retina-analysis-reference	master
20/04/26 09:40	trinker/textplot	master
20/04/26 09:27	kmjaniak/ascent	master
20/04/26 09:26	yinscapital/retina-analysis-reference	master
20/04/26 09:24	yinscapital/retina-analysis-reference	master
