20/08/03 18:43	Emaasit/DataMatching	master
20/08/03 16:30	hadley/neiss	master
20/08/03 15:38	gforge/forestplot	master
20/08/03 10:39	einarhjorleifsson/ggmisc	master
20/08/03 10:38	einarhjorleifsson/ggmisc	master
20/08/03 10:38	einarhjorleifsson/ggmisc	master
20/08/03 10:01	oliverychen/network.predication	master
20/08/03 05:17	AndyPL22/ForestTools	master
20/08/03 01:59	ymattu/MlBayesOpt	master
20/08/02 00:21	USGS-R/smwrData	master
20/08/01 00:57	ropensci/tabulizerjars	master
20/08/01 00:55	ropensci/tabulizerjars	master
20/07/26 00:59	Chicago/RSocrata	master
20/07/23 00:06	KevinKotze/tsm	master
20/07/21 00:53	statnmap/SDMSelect	master
20/07/16 00:12	hadley/dplyr	master
20/07/14 00:58	Bioconductor/AnnotationFilter	master
20/07/11 00:08	NumbersInternational/flipMultivariates	master
20/07/11 00:06	Displayr/flipMultivariates	master
20/07/11 00:03	Displayr/flipMultivariates	master
20/07/10 00:42	twitter/AnomalyDetection	master
20/07/10 00:37	hoxo-m/prophetExt	master
20/07/10 00:05	rweyant/spotifyr	master
20/07/10 00:00	rweyant/spotifyr	master
20/07/08 00:36	jiho/chroma	master
20/07/06 00:52	therneau/survival	master
