20/11/07 22:34	osofr/simcausal	master
20/11/07 21:37	jrdnmdhl/reconIPD	master
20/11/07 21:37	jrdnmdhl/reconIPD	master
20/11/07 21:33	jrdnmdhl/reconIPD	master
20/11/07 21:32	jrdnmdhl/reconIPD	master
20/11/07 21:31	jrdnmdhl/reconIPD	master
20/11/07 21:30	jrdnmdhl/reconIPD	master
20/11/07 21:29	jrdnmdhl/reconIPD	master
20/11/07 17:34	jrdnmdhl/reconIPD	master
20/11/07 17:28	jrdnmdhl/reconIPD	master
20/11/07 17:26	jrdnmdhl/reconIPD	master
20/11/07 17:24	jrdnmdhl/reconIPD	master
20/11/07 17:22	jrdnmdhl/reconIPD	master
20/11/07 15:15	gabrielrvsc/HDeconometrics	master
20/11/07 15:12	rstudio/ggvis	master
20/11/07 14:28	gabrielrvsc/HDeconometrics	master
20/11/07 14:16	gabrielrvsc/HDeconometrics	master
20/11/07 09:06	gabrielrvsc/HDeconometrics	master
20/11/07 08:25	hoxo-m/magicfor	master
20/11/07 07:45	hoxo-m/magicfor	master
