20/09/29 12:59	hadley/tidyverse	master
20/09/29 12:58	waldronlab/MultiAssayExperiment	master
20/09/29 12:57	waldronlab/MultiAssayExperiment	master
20/09/29 12:49	waldronlab/MultiAssayExperiment	master
20/09/29 12:45	waldronlab/MultiAssayExperiment	master
20/09/29 12:35	davidavdav/ROC	master
20/09/29 12:34	davidavdav/ROC	master
20/09/29 12:30	GeoBosh/Rdpack	master
20/09/29 12:23	GeoBosh/Rdpack	master
20/09/29 12:22	GeoBosh/Rdpack	master
20/09/29 12:20	GeoBosh/Rdpack	master
20/09/29 12:17	GeoBosh/Rdpack	master
20/09/29 12:17	GeoBosh/Rdpack	master
20/09/29 12:09	GeoBosh/Rdpack	master
20/09/29 12:06	GeoBosh/Rdpack	master
20/09/29 12:06	GeoBosh/Rdpack	master
20/09/29 10:55	rstudio/tensorflow	master
20/09/29 10:55	ymattu/MlBayesOpt	master
20/09/29 10:36	hadley/rvest	master
20/09/29 07:35	myllym/GET	master
20/09/29 07:34	cecilesauder/SET	master
20/09/29 01:22	rvlenth/lsmeans	master
