20/10/13 21:43	crsh/papaja	master
20/10/13 21:39	crsh/papaja	master
20/10/13 21:38	crsh/papaja	master
20/10/13 21:15	StatsWithR/statsr	BayesFactor
20/10/13 21:10	uyedaj/bayou	master
20/10/13 18:57	twitter/AnomalyDetection	master
20/10/13 16:23	dankelley/ocedata	master
20/10/13 16:14	dankelley/ocedata	master
20/10/13 14:37	echasnovski/comperes	master
20/10/13 14:36	jrdnmdhl/reconIPD	master
20/10/13 14:06	echasnovski/comperes	master
20/10/13 13:26	echasnovski/comperes	master
20/10/13 13:26	echasnovski/comperes	master
20/10/13 13:05	stephlocke/mockaRoo	master
20/10/13 12:26	dincerti/cea	master
20/10/13 10:46	satijalab/seurat	loom
20/10/13 10:17	ahopki14/immunoSeqR	master
20/10/13 09:54	BradHubley/EA	master
20/10/13 09:39	gabrielrvsc/HDeconometrics	master
20/10/13 08:12	max-graham/metrics	master
20/10/13 08:12	max-graham/metrics	master
20/10/13 08:09	max-graham/metrics	master
20/10/13 07:05	gabrielrvsc/HDeconometrics	master
20/10/13 07:02	gabrielrvsc/HDeconometrics	master
20/10/13 06:02	gabrielrvsc/HDeconometrics	master
20/10/13 06:01	gabrielrvsc/HDeconometrics	master
