20/04/03 16:43	vqv/ggbiplot	master
20/04/03 15:51	vqv/ggbiplot	master
20/04/03 15:47	metno/esd	master
20/04/03 15:44	andrewpbray/oilabs	master
20/04/03 15:39	vqv/ggbiplot	master
20/04/03 14:54	sgibb/cleaver	master
20/04/03 13:22	sgibb/cleaver	master
20/04/03 13:22	sgibb/cleaver	master
20/04/03 13:17	sgibb/cleaver	master
20/04/03 13:15	sgibb/cleaver	master
20/04/03 13:14	sgibb/cleaver	master
20/04/03 13:13	sgibb/cleaver	master
20/04/03 13:12	sgibb/cleaver	master
20/04/03 13:09	sgibb/cleaver	master
20/04/03 13:06	sgibb/cleaver	master
20/04/03 13:05	sgibb/cleaver	master
20/04/03 13:04	sgibb/cleaver	master
20/04/03 13:04	sgibb/cleaver	master
20/04/03 13:02	sgibb/cleaver	master
20/04/03 13:02	sgibb/cleaver	master
20/04/03 13:01	sgibb/cleaver	master
20/04/03 12:58	sgibb/cleaver	master
20/04/03 12:50	sgibb/cleaver	master
20/04/03 12:45	SantanderMetGroup/loadeR.java	master
20/04/03 12:44	sgibb/cleaver	master
20/04/03 12:41	sgibb/cleaver	master
20/04/03 12:40	sgibb/cleaver	master
20/04/03 12:38	sgibb/cleaver	master
20/04/03 12:37	sgibb/cleaver	master
20/04/03 12:24	sgibb/cleaver	master
20/04/03 12:18	sgibb/cleaver	master
20/04/03 12:16	sgibb/cleaver	master
20/04/03 12:16	sgibb/cleaver	master
20/04/03 12:15	sgibb/cleaver	master
20/04/03 12:13	sgibb/cleaver	master
20/04/03 12:02	sgibb/cleaver	master
20/04/03 12:00	sgibb/cleaver	master
20/04/03 11:59	sgibb/cleaver	master
20/04/03 11:58	sgibb/cleaver	master
20/04/03 11:54	sgibb/cleaver	master
20/04/03 11:53	sgibb/cleaver	master
20/04/03 11:51	sgibb/cleaver	master
20/04/03 11:51	sgibb/cleaver	master
20/04/03 11:50	sgibb/cleaver	master
20/04/03 11:31	jeffwong/glmnet	master
20/04/03 11:14	tagteam/heaven	964bbbd
20/04/03 10:01	twitter/BreakoutDetection	master
20/04/03 10:00	twitter/AnomalyDetection	master
20/04/03 09:48	sgibb/cleaver	master
20/04/03 09:47	sgibb/cleaver	master
20/04/03 09:44	sgibb/cleaver	master
20/04/03 09:42	sgibb/cleaver	master
20/04/03 06:55	davidavdav/ROC	master
20/04/03 03:03	smach/rmiscutils	master
