20/05/04 21:33	dgrtwo/drlib	master
20/05/04 21:29	kirillseva/explain	master
20/05/04 21:29	swihart/aaroseplot	master
20/05/04 21:10	keberwein/tidygameday	master
20/05/04 20:34	trestletech/rgl	master
20/05/04 20:32	genomicsclass/ph525x	master
20/05/04 20:30	jhsiao999/Humanzee	master
20/05/04 20:30	ProjectMOSAIC/mosaicCalc	master
20/05/04 20:28	mpastell/Rpyplot	master
20/05/04 20:27	davidgohel/ReporteRs	master
20/05/04 20:27	davidgohel/ReporteRsjars	master
20/05/04 20:27	mpastell/Rpyplot	master
20/05/04 18:01	valenlab/amplican	master
20/05/04 17:57	valenlab/amplican	master
20/05/04 17:54	valenlab/amplican	master
20/05/04 17:53	valenlab/amplican	master
20/05/04 17:52	valenlab/amplican	master
20/05/04 17:09	StatsWithR/statsr	BayesFactor
20/05/04 16:43	StatsWithR/statsr	BayesFactor
20/05/04 14:54	kkdey/dash	master
20/05/04 12:55	braverock/quantstrat	master
20/05/04 12:51	braverock/blotter	master
20/05/04 12:22	kkdey/dash	master
20/05/04 12:22	jschoeley/pash	master
20/05/04 12:10	kkdey/dash	master
20/05/04 12:10	eddelbuettel/inline	master
20/05/04 12:06	franapoli/repo	master
20/05/04 11:51	R-Finance/xtsExtra	master
20/05/04 11:33	perishky/meffil	master
20/05/04 09:08	twitter/AnomalyDetection	master
20/05/04 07:10	twitter/AnomalyDetection	master
20/05/04 06:54	jbkunst/highcharter	master
20/05/04 05:50	twitter/AnomalyDetection	master
20/05/04 01:26	jackwasey/icd	master
20/05/04 01:25	tjmahr/WrapRmd	master
20/05/04 01:19	ropensci/dependencies	master
