20/04/06 13:54	cmartin/ggConvexHull	master
20/04/06 12:50	dhammarstrom/effectsizeR	master
20/04/06 12:48	dhammarstrom/effectsizeR	master
20/04/06 12:46	dhammarstrom/effectsizeR	master
20/04/06 12:30	statsmaths/kerasR	master
20/04/06 12:30	rstudio/keras	master
20/04/06 12:12	rpruim/fastR2	master
20/04/06 12:05	rpruim/fastR2	master
20/04/06 12:04	rpruim/fastR2	master
20/04/06 11:57	thlytras/rspiro	master
20/04/06 11:53	vqv/ggbiplot	master
20/04/06 11:41	rpruim/fastR2	master
20/04/06 11:39	rpruim/fastR2	master
20/04/06 11:15	rstudio/shinythemes	master
20/04/06 11:15	rstudio/htmltools	master
20/04/06 10:44	rpruim/fastR2	master
20/04/06 10:34	rpruim/fastR2	master
20/04/06 10:31	rpruim/fastR	master
20/04/06 10:28	tidyverse/glue	master
20/04/06 09:44	danlwarren/ENMTools	master
20/04/06 09:32	cmartin/ggConvexHull	master
20/04/06 06:03	steventsimpson/brokenCSV	master
20/04/06 06:02	data-steve/brokenCSV	master
20/04/06 03:42	genome/bmm	master
20/04/06 03:41	genome/bmm	master
