20/02/27 11:55	business-science/tidyquant	master
20/02/27 10:53	timcdlucas/INLAutils	master
20/02/27 10:01	ccolonescu/PoEdata	master
20/02/27 07:47	monmon-2007/Images	master
20/02/27 03:52	ECO230/eco230r	master
20/02/27 03:03	drsimonj/corrr	master
20/02/23 00:06	eyzhao/SignIT	master
20/02/20 00:43	erikpal/bRush	master
20/02/20 00:41	erikpal/bRush	master
20/02/20 00:40	maRce10/Rraven	master
20/02/20 00:37	maRce10/warbleR	master
20/02/12 00:35	ccolonescu/PoEdata	master
20/02/04 00:54	nufflytics/nufflytics	master
20/02/04 00:52	nufflytics/nufflytics	master
20/02/04 00:51	nufflytics/nufflytics	master
20/02/03 00:04	cantonfe/sitree	master
20/02/03 00:02	cantonfe/sitree	master
20/02/03 00:00	jto888/FaultTree	master
20/02/02 00:46	ismayc/thesisdown	master
20/02/01 00:14	jefferys/FusionExpressionPlot	master
20/01/31 00:55	m-Py/minDiff	master
