20/08/25 14:28	nickpoison/astsa	master
20/08/25 14:15	bbolker/bbmle	master
20/08/25 14:14	FunWithR/MonteCarlo	master
20/08/25 14:14	rstudio/rsconnect	master
20/08/25 14:13	IRkernel/IRkernel	master
20/08/25 14:13	snoweye/pbdZMQ	master
20/08/25 14:11	zdk123/SpiecEasi	master
20/08/25 14:09	joey711/phyloseq	master
20/08/25 14:08	ProjectMOSAIC/mosaicCalc	master
20/08/25 14:08	rpruim/fastR2	master
20/08/25 14:07	metno/esd	master
20/08/25 11:37	pmartinezarbizu/RFtools	master
20/08/25 10:01	joey711/biom	master
20/08/25 09:47	paubellot/netbenchmark	master
20/08/25 09:05	paubellot/netbenchmark	master
20/08/25 04:11	ymattu/MlBayesOpt	master
20/08/25 02:37	babaknaimi/mraster	master
20/08/25 02:36	babaknaimi/mraster	master
20/08/25 02:22	trestletech/plumber	master
20/08/25 02:20	trestletech/plumber	master
20/08/24 00:58	jandziak/mc.glmnet	master
20/08/16 00:16	smartinsightsfromdata/rpivotTable	master
20/08/16 00:13	DnPeter/rpivotTable	master
20/08/14 00:23	xrobin/testParallel	master
20/08/14 00:23	braverock/quantstrat	master
20/08/14 00:22	braverock/blotter	master
20/08/14 00:21	xrobin/testParallel	master
20/08/14 00:18	xrobin/testParallel	master
20/08/14 00:17	xrobin/testParallel	master
20/08/09 00:23	johow/kinlab	master
20/08/02 00:21	USGS-R/smwrData	master
20/08/01 00:57	ropensci/tabulizerjars	master
20/08/01 00:55	ropensci/tabulizerjars	master
20/07/26 00:59	Chicago/RSocrata	master
