20/01/03 16:18	ropensci/visdat	master
20/01/03 16:18	hrbrmstr/streamgraph	master
20/01/03 16:18	htmlwidgets/sparkline	master
20/01/03 16:18	ramnathv/slidifyLibraries	master
20/01/03 16:18	ramnathv/slidify	master
20/01/03 16:18	kevinushey/sourcetools	master
20/01/03 16:18	rstudio/shiny	master
20/01/03 16:18	ThinkR-open/remedy	master
20/01/03 16:18	salimk/Rcrawler	master
20/01/03 16:18	ramnathv/rCharts	master
20/01/03 16:18	alastairrushworth/smnet	master
20/01/03 16:17	ramnathv/htmlwidgets	master
20/01/03 16:17	rstudio/htmltools	master
20/01/03 16:17	hrbrmstr/hrbraddins	master
20/01/03 16:17	lendle/hdps	master
20/01/03 16:17	rstudio/DT	master
20/01/03 16:17	vqv/ggbiplot	master
20/01/03 16:17	zabore/ezfun	master
20/01/03 16:17	kbroman/ricalc	master
20/01/03 16:17	gramener/eda	master
20/01/03 16:17	sipemu/d3Dashboard	master
20/01/03 16:17	daattali/colourpicker	master
20/01/03 16:17	trulia/choroplethr	master
20/01/03 16:17	csgillespie/addinmanager	master
20/01/03 16:17	daattali/addinslist	master
20/01/03 16:17	rstudio/addinexamples	master
20/01/03 16:13	ropensci/visdat	master
20/01/03 16:13	hrbrmstr/streamgraph	master
20/01/03 16:13	htmlwidgets/sparkline	master
20/01/03 16:13	ramnathv/slidifyLibraries	master
20/01/03 16:13	ramnathv/slidify	master
20/01/03 16:13	kevinushey/sourcetools	master
20/01/03 16:13	rstudio/shiny	master
20/01/03 16:13	ThinkR-open/remedy	master
20/01/03 16:13	salimk/Rcrawler	master
20/01/03 16:13	ramnathv/rCharts	master
20/01/03 16:13	ramnathv/htmlwidgets	master
20/01/03 16:13	rstudio/htmltools	master
20/01/03 16:13	hrbrmstr/hrbraddins	master
20/01/03 16:13	lendle/hdps	master
20/01/03 16:13	rstudio/DT	master
20/01/03 16:13	vqv/ggbiplot	master
20/01/03 16:13	zabore/ezfun	master
20/01/03 16:13	kbroman/ricalc	master
20/01/03 16:13	gramener/eda	master
20/01/03 16:13	sipemu/d3Dashboard	master
20/01/03 16:13	daattali/colourpicker	master
20/01/03 16:13	trulia/choroplethr	master
20/01/03 16:13	csgillespie/addinmanager	master
20/01/03 16:13	daattali/addinslist	master
20/01/03 16:13	rstudio/addinexamples	master
20/01/03 15:54	hrbrmstr/streamgraph	master
20/01/03 15:54	htmlwidgets/sparkline	master
20/01/03 15:54	ramnathv/slidifyLibraries	master
20/01/03 15:54	ramnathv/slidify	master
20/01/03 15:54	kevinushey/sourcetools	master
20/01/03 15:54	rstudio/shiny	master
20/01/03 15:54	ThinkR-open/remedy	master
20/01/03 15:54	salimk/Rcrawler	master
20/01/03 15:54	ramnathv/rCharts	master
20/01/03 15:54	ramnathv/htmlwidgets	master
20/01/03 15:54	rstudio/htmltools	master
20/01/03 15:54	hrbrmstr/hrbraddins	master
20/01/03 15:54	lendle/hdps	master
20/01/03 15:54	rstudio/DT	master
20/01/03 15:54	vqv/ggbiplot	master
20/01/03 15:54	zabore/ezfun	master
20/01/03 15:54	kbroman/ricalc	master
20/01/03 15:54	gramener/eda	master
20/01/03 15:54	sipemu/d3Dashboard	master
20/01/03 15:54	daattali/colourpicker	master
20/01/03 15:54	trulia/choroplethr	master
20/01/03 15:54	csgillespie/addinmanager	master
20/01/03 15:54	daattali/addinslist	master
20/01/03 15:54	rstudio/addinexamples	master
20/01/03 13:22	hrbrmstr/streamgraph	master
20/01/03 13:22	htmlwidgets/sparkline	master
20/01/03 13:22	ramnathv/slidifyLibraries	master
20/01/03 13:22	ramnathv/slidify	master
20/01/03 13:22	kevinushey/sourcetools	master
20/01/03 13:22	rstudio/shiny	master
20/01/03 13:22	ThinkR-open/remedy	master
20/01/03 13:22	salimk/Rcrawler	master
20/01/03 13:22	ramnathv/rCharts	master
20/01/03 13:22	ramnathv/htmlwidgets	master
20/01/03 13:22	rstudio/htmltools	master
20/01/03 13:22	hrbrmstr/hrbraddins	master
20/01/03 13:22	lendle/hdps	master
20/01/03 13:22	rstudio/DT	master
20/01/03 13:22	vqv/ggbiplot	master
20/01/03 13:22	zabore/ezfun	master
20/01/03 13:22	kbroman/ricalc	master
20/01/03 13:22	gramener/eda	master
20/01/03 13:22	sipemu/d3Dashboard	master
20/01/03 13:22	daattali/colourpicker	master
20/01/03 13:22	trulia/choroplethr	master
20/01/03 13:21	csgillespie/addinmanager	master
20/01/03 13:21	daattali/addinslist	master
20/01/03 13:21	rstudio/addinexamples	master
20/01/03 11:15	harrelfe/Hmisc	master
20/01/03 09:55	tagteam/heaven	964bbbd
20/01/03 03:31	hrbrmstr/streamgraph	master
20/01/03 03:31	htmlwidgets/sparkline	master
20/01/03 03:31	ramnathv/slidifyLibraries	master
20/01/03 03:31	ramnathv/slidify	master
20/01/03 03:31	kevinushey/sourcetools	master
20/01/03 03:30	rstudio/shiny	master
20/01/03 03:30	ThinkR-open/remedy	master
20/01/03 03:30	salimk/Rcrawler	master
20/01/03 03:30	ramnathv/rCharts	master
20/01/03 03:30	ramnathv/htmlwidgets	master
20/01/03 03:30	rstudio/htmltools	master
20/01/03 03:29	hrbrmstr/hrbraddins	master
20/01/03 03:29	lendle/hdps	master
20/01/03 03:29	rstudio/DT	master
20/01/03 03:29	vqv/ggbiplot	master
20/01/03 03:29	zabore/ezfun	master
20/01/03 03:29	kbroman/ricalc	master
20/01/03 03:29	gramener/eda	master
20/01/03 03:29	sipemu/d3Dashboard	master
20/01/03 03:29	daattali/colourpicker	master
20/01/03 03:29	gramener/eda	master
20/01/03 03:29	csgillespie/addinmanager	master
20/01/03 03:29	daattali/addinslist	master
20/01/03 03:29	rstudio/addinexamples	master
20/01/03 03:28	hrbrmstr/hrbraddins	master
20/01/03 03:28	lendle/hdps	master
20/01/03 03:28	rstudio/DT	master
20/01/03 03:28	vqv/ggbiplot	master
20/01/03 03:28	zabore/ezfun	master
20/01/03 03:28	kbroman/ricalc	master
20/01/03 03:28	gramener/eda	master
20/01/03 03:28	sipemu/d3Dashboard	master
20/01/03 03:28	daattali/colourpicker	master
20/01/03 03:28	gramener/eda	master
20/01/03 03:28	csgillespie/addinmanager	master
20/01/03 03:28	daattali/addinslist	master
20/01/03 03:28	rstudio/addinexamples	master
