20/01/26 18:39	smach/rmiscutils	master
20/01/26 17:35	Everlane/everlaneR	master
20/01/26 17:35	cloudyr/aws.signature	master
20/01/26 17:35	cloudyr/aws.s3	v0.3.12
20/01/26 17:15	nickpoison/astsa	master
20/01/26 16:18	oncogenetics/oncofunco	master
20/01/26 12:14	rappster/r6.s4	master
20/01/26 12:14	johnWilshire/contest	master
20/01/26 12:13	thmcmahon/aes	master
20/01/26 12:13	JARS3N/0	master
20/01/26 12:13	lucas9999/l.s	master
20/01/26 12:13	richfitz/remake	master
20/01/26 12:13	yutannihilation/K9	master
20/01/26 11:21	yutannihilation/K9	master
20/01/26 11:16	richfitz/remake	master
20/01/26 11:15	yutannihilation/K9	master
20/01/26 11:10	aslez/femaR	master
20/01/26 11:10	yutannihilation/K9	master
20/01/26 11:09	aslez/femaR	master
20/01/26 11:09	yutannihilation/K9	master
20/01/26 11:09	aslez/femaR	master
20/01/26 11:09	yutannihilation/K9	master
20/01/26 10:41	yutannihilation/K9	master
20/01/26 09:17	clauswilke/dviz.supp	master
20/01/26 09:14	clauswilke/colorblindr	master
20/01/26 08:28	johnmchambers/roxygen2	9adcc8e
20/01/26 08:07	johnmchambers/roxygen2	v6.1.1
20/01/26 07:54	johnmchambers/roxygen2	master
20/01/26 07:48	johnmchambers/roxygen2	v6.1.1
20/01/26 06:34	skardhamar/rga	master
20/01/26 04:22	jeffwong/glmnet	master
20/01/26 04:22	jeffwong/glmnet	master
20/01/26 04:08	kthohr/BMR	master
20/01/26 04:08	kthohr/BMR	master/
20/01/26 04:08	kthohr/BMR	master/
20/01/26 02:35	hoxo-m/magicfor	master
20/01/25 00:20	zabore/condsurv	master
20/01/25 00:19	OuhscBbmc/Wats	master
20/01/25 00:19	ropensci/visdat	master
20/01/25 00:19	hrbrmstr/streamgraph	master
20/01/25 00:19	htmlwidgets/sparkline	master
20/01/25 00:19	ramnathv/slidifyLibraries	master
20/01/25 00:19	ramnathv/slidify	master
20/01/25 00:19	kevinushey/sourcetools	master
20/01/25 00:19	ddsjoberg/sjosmooth	master
20/01/25 00:19	rstudio/shiny	master
20/01/25 00:18	ThinkR-open/remedy	master
20/01/25 00:18	salimk/Rcrawler	master
20/01/25 00:18	ramnathv/rCharts	master
20/01/25 00:18	alastairrushworth/smnet	master
20/01/25 00:18	ramnathv/htmlwidgets	master
20/01/25 00:18	rstudio/htmltools	master
20/01/25 00:17	hrbrmstr/hrbraddins	master
20/01/25 00:17	lendle/hdps	master
20/01/25 00:17	rstudio/DT	master
20/01/25 00:17	vqv/ggbiplot	master
20/01/25 00:17	zabore/ezfun	master
20/01/25 00:17	kbroman/ricalc	master
20/01/25 00:17	gramener/eda	master
20/01/25 00:17	sipemu/d3Dashboard	master
20/01/25 00:17	daattali/colourpicker	master
20/01/25 00:17	trulia/choroplethr	master
20/01/25 00:17	csgillespie/addinmanager	master
20/01/25 00:17	daattali/addinslist	master
20/01/25 00:17	rstudio/addinexamples	master
20/01/25 00:14	hrbrmstr/hrbraddins	master
20/01/25 00:14	lendle/hdps	master
20/01/25 00:14	rstudio/DT	master
20/01/25 00:14	vqv/ggbiplot	master
20/01/25 00:14	zabore/ezfun	master
20/01/25 00:14	kbroman/ricalc	master
20/01/25 00:14	gramener/eda	master
20/01/25 00:14	sipemu/d3Dashboard	master
20/01/25 00:14	daattali/colourpicker	master
20/01/25 00:14	trulia/choroplethr	master
20/01/25 00:14	csgillespie/addinmanager	master
20/01/25 00:14	daattali/addinslist	master
20/01/25 00:14	rstudio/addinexamples	master
20/01/23 00:11	ropensci/tabulizer	master
20/01/23 00:11	ropensci/tabulizerjars	master
20/01/14 00:15	daattali/colourpicker	master
20/01/14 00:15	trulia/choroplethr	master
20/01/14 00:15	csgillespie/addinmanager	master
20/01/14 00:15	daattali/addinslist	master
20/01/14 00:15	rstudio/addinexamples	master
20/01/14 00:14	daattali/colourpicker	master
20/01/14 00:14	trulia/choroplethr	master
20/01/14 00:14	csgillespie/addinmanager	master
20/01/14 00:14	daattali/addinslist	master
20/01/14 00:14	rstudio/addinexamples	master
20/01/14 00:10	daattali/colourpicker	master
20/01/14 00:10	trulia/choroplethr	master
20/01/14 00:10	csgillespie/addinmanager	master
20/01/14 00:10	daattali/addinslist	master
20/01/14 00:10	rstudio/addinexamples	master
20/01/14 00:09	daattali/colourpicker	master
20/01/14 00:09	trulia/choroplethr	master
20/01/14 00:09	csgillespie/addinmanager	master
20/01/14 00:09	daattali/addinslist	master
20/01/14 00:09	rstudio/addinexamples	master
20/01/12 00:14	smach/rmiscutils	master
20/01/04 00:58	Everlane/everlaneR	master
20/01/04 00:58	cloudyr/aws.signature	master
20/01/04 00:58	cloudyr/aws.s3	master
20/01/01 00:47	ramnathv/rCharts	master
20/01/01 00:47	ramnathv/slidifyLibraries	master
20/01/01 00:47	ramnathv/slidify	master
20/01/01 00:47	hrbrmstr/hrbraddins	master
20/01/01 00:47	rstudio/DT	master
20/01/01 00:47	vqv/ggbiplot	master
20/01/01 00:47	zabore/ezfun	master
20/01/01 00:47	sipemu/d3Dashboard	master
20/01/01 00:47	daattali/colourpicker	master
20/01/01 00:47	rstudio/addinexamples	master
20/01/01 00:21	hrbrmstr/streamgraph	master
