20/03/24 17:44	hrbrmstr/taucharts	master
20/03/24 15:17	fischuu/hoardeR	master
20/03/24 15:03	perishky/meffil	master
20/03/24 13:53	junkka/ehahelper	master
20/03/24 12:55	karthikl6/d3bubbles2	master
20/03/24 12:47	hkumar6/gene.expression	master
20/03/24 09:52	vqv/ggbiplot	master
20/03/24 09:48	vqv/ggbiplot	master
20/03/24 08:54	MarioniLab/DropletUtils	master
20/03/24 05:34	sinhrks/ggfortify	master
20/03/24 02:08	markajoc/condvis	master
20/03/23 00:31	vqv/ggbiplot	master
20/03/23 00:20	vqv/ggbiplot	master
20/03/23 00:15	vqv/ggbiplot	master
20/03/23 00:12	vqv/ggbiplot	master
20/03/23 00:10	vqv/ggbiplot	master
20/03/09 00:16	thomasp85/patchwork	master
20/03/07 00:00	paul-buerkner/brms	master
20/03/06 00:56	MilesOtt/strategicplayers	master
20/03/05 00:24	ECO230/eco230r	master
20/02/29 00:38	HenrikBengtsson/R.rsp	master
20/02/28 00:46	eblondel/cleangeo	master
20/02/28 00:22	EMIjess/evalwaterfallr	master
20/02/23 00:06	eyzhao/SignIT	master
