20/11/20 19:34	nickpoison/astsa	master
20/11/20 19:33	nickpoison/astsa	master
20/11/20 18:59	nickpoison/astsa	master
20/11/20 18:53	caleblareau/BuenColors	master
20/11/20 18:53	caleblareau/BuenColors	master
20/11/20 18:08	cszang/pdsi	master
20/11/20 15:54	quanteda/quanteda.corpora	master
20/11/20 15:52	quanteda/quanteda.corpora	master
20/11/20 14:56	brianstock/MixSIAR	master
20/11/20 14:53	snoweye/MixSim	master
20/11/20 14:37	rosette-api/R-Binding	master
20/11/20 14:36	strengejacke/sjstats	master
20/11/20 14:25	strengejacke/sjstats	master
20/11/20 13:54	franapoli/repo	master
20/11/20 13:40	MAGDa-BeuthHS/imputeData	master
20/11/20 12:26	thelayc/laycOutcomes	master
20/11/20 12:26	thelayc/laycOutcomes	master
20/11/20 11:58	ymattu/rjumanpp	master
20/11/20 11:57	ymattu/rjumanpp	master
20/11/20 11:56	ymattu/rjumanpp	master
20/11/20 11:18	kaneplusplus/bigmemory	master
20/11/20 11:17	cdeterman/bigmemory2	master
20/11/20 10:57	bwrc/corecluster-r	master
20/11/20 08:52	StatsWithR/statsr	BayesFactor
20/11/20 06:58	pmartinezarbizu/RFtools	master
20/11/20 06:40	nickpoison/astsa	master
20/11/20 06:36	parisni/paRisni	master
20/11/20 06:34	pmartinezarbizu/RFtools	master
20/11/20 06:29	parisni/paRisni	master
20/11/20 06:26	pmartinezarbizu/RFtools	master
20/11/20 06:19	hannesmuehleisen/MonetDBLite-R	master
20/11/20 06:12	pmartinezarbizu/RFtools	master
20/11/20 06:11	pmartinezarbizu/RFtools	master
20/11/20 06:11	pmartinezarbizu/RFtools	master
20/11/20 06:09	pmartinezarbizu/RFtools	master
20/11/20 06:05	pmartinezarbizu/RFtools	master
20/11/20 05:18	pmartinezarbizu/RFtools	master
20/11/20 05:17	pmartinezarbizu/RFtools	master
20/11/20 05:12	pmartinezarbizu/RFtools	master
20/11/20 05:11	pmartinezarbizu/RFtools	master
20/11/20 05:09	pmartinezarbizu/RFtools	master
20/11/20 05:02	pmartinezarbizu/RFtools	master
20/11/20 04:54	jbkunst/highcharter	master
20/11/20 04:53	jbkunst/highcharter	master
20/11/20 04:38	dschlauch/bptools	master
