20/06/09 22:39	hui-tony-zk/pairwiseMethyl	master
20/06/09 22:23	RcppCore/RcppArmadillo	master
20/06/09 19:35	jutako/Rtools	master
20/06/09 19:33	jutako/Rtools	master
20/06/09 19:05	twitter/AnomalyDetection	master
20/06/09 15:51	GreedBlink/BETSlite	master
20/06/09 15:49	twitter/AnomalyDetection	master
20/06/09 15:47	nickpoison/astsa	master
20/06/09 15:31	cole-trapnell-lab/monocle-release	master
20/06/09 15:13	genomicsclass/ph525x	master
20/06/09 13:44	joey711/biom	master
20/06/09 13:36	ropensci/tabulizer	master
20/06/09 13:36	ropensci/tabulizerjars	master
20/06/09 13:34	leeper/tabulizer	master
20/06/09 13:34	ropensci/tabulizerjars	master
20/06/09 13:28	leeper/tabulizer	master
20/06/09 13:28	ropensci/tabulizerjars	master
20/06/09 12:57	StatsWithR/statsr	BayesFactor
20/06/09 12:43	satijalab/seurat	v3.1.4
20/06/09 12:34	satijalab/seurat	v3.1.4
20/06/09 10:23	ymattu/MlBayesOpt	master
20/06/09 08:57	rettopnivek/rtplots	master
20/06/09 08:53	stats4sd/GGEBiplots	master
20/06/09 08:31	maryclare/gnorm	master
20/06/09 08:08	vandomed/pooling	master
20/06/09 04:19	twitter/AnomalyDetection	master
20/06/09 04:19	twitter/AnomalyDetection	master
20/06/09 02:56	ujjwalkarn/xda	master
20/06/09 02:04	skiptoniam/qrbp	master
