20/06/01 17:35	StatsWithR/statsr	BayesFactor
20/06/01 17:26	StatsWithR/statsr	BayesFactor
20/06/01 17:26	StatsWithR/statsr	BayesFactor
20/06/01 13:40	StatsWithR/statsr	BayesFactor
20/06/01 13:27	StatsWithR/statsr	BayesFactor
20/06/01 08:30	ropensci/tabulizer	master
20/06/01 08:30	ropensci/tabulizerjars	master
20/06/01 07:44	ropensci/tabulizer	master
20/06/01 07:44	ropensci/tabulizerjars	master
20/06/01 07:06	ropensci/tabulizer	master
20/06/01 07:06	ropensci/tabulizerjars	master
20/06/01 06:46	ropensci/tabulizer	master
20/06/01 06:45	ropensci/tabulizerjars	master
20/06/01 05:33	ropensci/plotly	master
20/06/01 05:21	ropensci/tabulizer	master
20/06/01 05:20	ropensci/tabulizerjars	master
20/06/01 05:00	business-science/tidyquant	master
20/06/01 04:57	business-science/tibbletime	master
20/06/01 04:55	jbkunst/highcharter	master
20/06/01 04:55	tidyverse/tidyverse	master
20/06/01 04:27	braverock/quantstrat	master
20/06/01 04:26	braverock/blotter	master
20/06/01 02:05	mathesong/kinfitr	master
20/06/01 02:00	ropensci/tabulizer	master
20/06/01 02:00	ropensci/tabulizerjars	master
20/06/01 01:54	ropensci/tabulizer	master
20/06/01 01:54	ropensci/tabulizerjars	master
20/06/01 01:48	ropensci/tabulizer	master
20/06/01 01:48	ropensci/tabulizerjars	master
20/05/30 00:04	dkahle/ggmap	master
20/05/30 00:02	dkahle/ggmap	master
20/05/29 00:33	StatisticalServicesCentre/ClimateObject	master
20/05/27 00:55	eddelbuettel/random	master
20/05/27 00:49	rkrug/TSS	master
20/05/27 00:38	rkrug/TSS	master
20/05/27 00:37	madeleineotway/dialects	master
20/05/27 00:36	dkahle/ggmap	master
20/05/27 00:30	madeleineotway/dialects	master
20/05/27 00:28	rkrug/TSS	master
20/05/27 00:06	dkahle/ggmap	master
20/05/24 00:12	gmweaver/hierr	master
20/05/21 00:56	stephaneguerrier/inclassdemo	master
20/05/21 00:52	stephaneguerrier/inclassdemo	master
20/05/20 00:37	ramnathv/rCharts	master
20/05/19 00:07	ujjwalkarn/xda	master
20/05/15 00:32	tarakc02/lazylist	master
20/05/15 00:31	vpnagraj/shinylist	master
20/05/15 00:30	aaronwolen/linkit	master
20/05/12 00:39	rstudio/R-Websockets	master
20/05/12 00:39	rstudio/R-Websockets	master
20/05/12 00:39	rstudio/R-Websockets	master
20/05/12 00:33	rstudio/R-Websockets	master
20/05/12 00:32	rstudio/R-Websockets	master
20/05/11 00:31	DataWookie/flipsideR	master
20/05/11 00:15	ECO230/eco230r	master
20/05/05 00:17	saurfang/shinyAceCodeInput	master
20/05/05 00:17	saurfang/shinyAceCodeInput	master
20/05/05 00:16	saurfang/shinyAceCodeInput	master
20/05/05 00:14	saurfang/shinyAceCodeInput	master
20/05/04 00:01	ropensci/dependencies	master
20/05/04 00:00	ropensci/dependencies	master
20/05/03 00:39	ymattu/MlBayesOpt	master
20/05/03 00:09	ropenscilabs/rnaturalearthhires	master
20/05/03 00:08	ropenscilabs/rnaturalearthhires	master
20/05/02 00:03	iobis/robis	master
