20/11/11 16:36	jtrecenti/stj	master
20/11/11 16:35	jtrecenti/stj	master
20/11/11 16:34	jtrecenti/stj	master
20/11/11 16:19	davidavdav/ROC	master
20/11/11 16:05	davidavdav/ROC	master
20/11/11 15:52	davidavdav/ROC	master
20/11/11 13:34	twitter/AnomalyDetection	master
20/11/11 12:29	Bart6114/artyfarty	master
20/11/11 10:57	jcheng5/googleCharts	master
20/11/11 10:57	jcheng5/googleCharts	master
20/11/11 08:50	hoxo-m/magicfor	master
20/11/11 08:31	mlaib/PGM2	master
20/11/11 08:27	hoxo-m/magicfor	master
20/11/11 08:02	HenrikBengtsson/R.utils	master
20/11/11 06:54	mrke/NicheMapR	master
20/11/11 05:56	chainsawriot/readODS	master
20/11/11 03:15	nickpoison/astsa	master
20/11/03 00:44	ymattu/MlBayesOpt	master
20/10/29 00:00	iobis/robis	master
20/10/27 00:39	wpeterman/ssmc	master
20/10/27 00:19	StatsWithR/statsr	BayesFactor
20/10/20 00:42	StatsWithR/statsr	BayesFactor
20/10/16 00:29	dcomtois/summarytools	master
20/10/15 00:37	DLMtool/DLMdata	master
