20/08/05 14:02	genomicsclass/ph525x	master
20/08/05 13:55	RebeccaStubbs/MapSuite	master
20/08/05 13:51	DavidP76/worksuite	master
20/08/05 12:21	genomicsclass/ph525x	master
20/08/05 09:52	MangoTheCat/install	master
20/08/05 09:52	aslez/mstaR	master
20/08/05 09:52	aslez/mstaR	master
20/08/05 09:51	aslez/mstaR	master
20/08/05 09:51	aslez/mstaR	master
20/08/05 09:50	MangoTheCat/install	master
20/08/05 09:47	aslez/mstaR	master
20/08/05 09:35	rugbel/p2model	master
20/08/05 08:39	AndySouth/rnaturalearthhires	master
20/08/05 02:49	KevinKotze/tsm	master
20/08/05 02:48	KevinKotze/tsm	master
20/08/05 02:47	KevinKotze/tsm	master
20/08/05 02:45	KevinKotze/tsm	master
20/08/05 02:45	KevinKotze/tsm	master
20/08/05 02:12	twitter/AnomalyDetection	master
20/08/05 01:20	sjmgarnier/viridis	master
