20/01/21 16:13	tidyverse/googlesheets4	master
20/01/21 15:26	ujjwalkarn/xda	master
20/01/21 14:59	Everlane/everlaneR	master
20/01/21 14:59	cloudyr/aws.signature	master
20/01/21 14:59	cloudyr/aws.s3	v0.3.12
20/01/21 12:32	Displayr/flipPlots	master
20/01/21 10:13	MahShaaban/pcr	c838786
20/01/21 09:16	MahShaaban/pcr	c838786
20/01/21 09:11	MahShaaban/pcr	c838786
20/01/21 07:48	MahShaaban/pcr	c838786
20/01/21 07:42	MahShaaban/pcr	c838786
20/01/21 07:40	swish-climate-impact-assessment/awaptools	develop
20/01/21 06:09	rstudio/pool	v0.1.4.3
20/01/21 06:04	tidyverse/dplyr	v0.8.3
20/01/21 05:57	tidyverse/dplyr	0.8.3
20/01/21 03:32	andrie/version.compare	master
20/01/21 03:31	andrie/version.compare	master
20/01/21 03:02	satijalab/seurat	775dab4
20/01/21 02:49	satijalab/seurat	775dab4
20/01/21 02:48	satijalab/seurat	775dab4
20/01/21 02:48	satijalab/seurat	775dab4
20/01/21 02:47	satijalab/seurat	775dab4
20/01/21 02:30	satijalab/seurat	775dab4
20/01/21 01:48	leeper/tabulizer	master
20/01/21 01:48	ropensci/tabulizerjars	master
20/01/21 01:45	ropensci/tabulizer	master
20/01/14 00:15	daattali/colourpicker	master
20/01/14 00:15	trulia/choroplethr	master
20/01/14 00:15	csgillespie/addinmanager	master
20/01/14 00:15	daattali/addinslist	master
20/01/14 00:15	rstudio/addinexamples	master
20/01/14 00:14	daattali/colourpicker	master
20/01/14 00:14	trulia/choroplethr	master
20/01/14 00:14	csgillespie/addinmanager	master
20/01/14 00:14	daattali/addinslist	master
20/01/14 00:14	rstudio/addinexamples	master
20/01/14 00:10	daattali/colourpicker	master
20/01/14 00:10	trulia/choroplethr	master
20/01/14 00:10	csgillespie/addinmanager	master
20/01/14 00:10	daattali/addinslist	master
20/01/14 00:10	rstudio/addinexamples	master
20/01/14 00:09	daattali/colourpicker	master
20/01/14 00:09	trulia/choroplethr	master
20/01/14 00:09	csgillespie/addinmanager	master
20/01/14 00:09	daattali/addinslist	master
20/01/14 00:09	rstudio/addinexamples	master
20/01/12 00:14	smach/rmiscutils	master
20/01/04 00:58	Everlane/everlaneR	master
20/01/04 00:58	cloudyr/aws.signature	master
20/01/04 00:58	cloudyr/aws.s3	master
20/01/01 00:47	ramnathv/rCharts	master
20/01/01 00:47	ramnathv/slidifyLibraries	master
20/01/01 00:47	ramnathv/slidify	master
20/01/01 00:47	hrbrmstr/hrbraddins	master
20/01/01 00:47	rstudio/DT	master
20/01/01 00:47	vqv/ggbiplot	master
20/01/01 00:47	zabore/ezfun	master
20/01/01 00:47	sipemu/d3Dashboard	master
20/01/01 00:47	daattali/colourpicker	master
20/01/01 00:47	rstudio/addinexamples	master
20/01/01 00:21	hrbrmstr/streamgraph	master
19/12/24 00:25	zabore/ezfun	master
19/12/24 00:25	ewenharrison/summarizer	master
19/12/24 00:25	hrbrmstr/hrbraddins	master
19/12/24 00:25	daattali/colourpicker	master
19/12/24 00:25	ThinkR-open/remedy	master
19/12/24 00:25	rstudio/shiny	master
19/12/23 00:52	jimhester/lookup	master
