20/12/01 21:39	thomasp85/patchwork	master
20/12/01 21:38	thomasp85/patchwork	master
20/12/01 21:36	thomasp85/patchwork	master
20/12/01 19:12	paul-buerkner/brms	master
20/12/01 14:57	thomasp85/patchwork	master
20/12/01 14:45	kasperdanielhansen/Rgraphviz	master
20/12/01 14:43	JarkoDubbeldam/RG	master
20/12/01 14:13	thomasp85/patchwork	master
20/12/01 13:30	thomasp85/patchwork	master
20/12/01 12:38	Swarchal/phenoScreen	master
20/12/01 12:38	Swarchal/phenoScreen	master
20/12/01 10:50	bhklab/survcomp	master
20/12/01 10:49	Bioconductor/Icens	master
20/12/01 10:49	Bioconductor/graph	master
20/12/01 10:44	kasperdanielhansen/Rgraphviz	master
20/12/01 10:43	JarkoDubbeldam/RG	master
20/12/01 10:43	Bioconductor/Biobase	master
20/12/01 10:37	dirkschumacher/geopattern	master
20/12/01 10:34	dirkschumacher/geopattern	master
20/12/01 10:20	davidavdav/ROC	master
20/12/01 09:47	Hafro/rgadget	master
20/12/01 08:05	rbensua/afmToolkit	master
20/12/01 07:51	dviraran/xCell	master
20/12/01 07:51	dviraran/xCell	master
20/12/01 05:54	twitter/AnomalyDetection	master
20/12/01 05:53	twitter/AnomalyDetection	master
20/12/01 04:38	aoles/EBImage	master
20/12/01 04:37	aoles/EBImage	master
20/12/01 04:36	aoles/EBImage	master
20/12/01 01:15	masalmon/Ropenaq	master
