20/11/09 17:15	davidavdav/ROC	master
20/11/09 15:55	ropensci/tesseract	master
20/11/09 14:33	thomasp85/patchwork	master
20/11/09 14:01	StatsWithR/statsr	BayesFactor
20/11/09 11:46	gabrielrvsc/HDeconometrics	master
20/11/09 11:27	ropensci/tesseract	master
20/11/09 11:26	ropensci/tesseract	master
20/11/09 11:04	mrke/NicheMapR	master
20/11/09 11:03	smn74/GFD	master
20/11/09 11:03	twitter/AnomalyDetection	master
20/11/09 10:58	gabrielrvsc/HDeconometrics	master
20/11/09 10:44	naikai/fisseq	master
20/11/09 10:26	nickpoison/astsa	master
20/11/09 10:06	leeper/tabulizer	master
20/11/09 10:05	ropensci/tabulizerjars	master
20/11/09 08:36	jotsetung/atc	master
20/11/09 06:35	sinhrks/ggfortify	master
20/11/09 04:54	okugami79/sentiment140	master
20/11/09 03:57	gabrielrvsc/HDeconometrics	master
20/11/09 01:14	StatsWithR/statsr	BayesFactor
