20/06/02 18:17	axellecb/sigma	master
20/06/02 18:15	khufkens/phenocamr	master
20/06/02 18:14	thomasp85/particles	master
20/06/02 18:14	taniaermak/NutritionR	master
20/06/02 18:06	BMPersson/hockeyStats	master
20/06/02 18:04	environmentalinformatics-marburg/chirps	master
20/06/02 18:04	jpmarindiaz/framer	master
20/06/02 18:03	YTLogos/ggforce	master
20/06/02 17:52	ericwatt/eapath	master
20/06/02 17:47	expersso/WHO	master
20/06/02 17:47	leifeld/tnam	master
20/06/02 17:44	axellecb/sigma	master
20/06/02 17:43	mhils/shortestpath	master
20/06/02 17:42	xuyiqing/gsynth	master
20/06/02 17:37	xuyiqing/gsynth	master
20/06/02 17:29	thomasp85/particles	master
20/06/02 17:27	hafen/packagedocs	master
20/06/02 17:26	taniaermak/NutritionR	master
20/06/02 17:23	oganm/MSigDB	master
20/06/02 17:18	hafen/lazyrmd	master
20/06/02 17:00	ericwatt/eapath	master
20/06/02 16:58	karthikl6/d3bubbles2	master
20/06/02 16:55	expersso/WHO	master
20/06/02 16:54	environmentalinformatics-marburg/chirps	master
20/06/02 16:48	karthikl6/d3bubbles2	master
20/06/02 16:40	Bioconductor/BiocInstaller	master
20/06/02 16:27	jpmarindiaz/framer	master
20/06/02 12:38	hoxo-m/prophetExt	master
20/06/02 09:57	nickpoison/astsa	master
20/06/02 07:03	ropensci/tabulizer	master
20/06/02 07:03	ropensci/tabulizerjars	master
20/06/02 07:03	ropensci/tabulizer	master
20/06/02 07:03	ropensci/tabulizerjars	master
20/06/02 07:01	ropensci/tabulizer	master
20/06/02 07:01	ropensci/tabulizerjars	master
20/06/02 03:45	abresler/gdeltr2	master
20/06/02 03:33	abresler/gdeltr2	master
20/06/02 03:32	abresler/gdeltr2	master
