20/06/05 17:15	vqv/ggbiplot	master
20/06/05 16:52	ropenscilabs/jaod	master
20/06/05 15:17	hoxo-m/magicfor	master
20/06/05 15:06	ropenscilabs/rnaturalearthhires	master
20/06/05 14:57	aoles/EBImage	master
20/06/05 14:56	aoles/EBImage	master
20/06/05 14:54	joey711/phyloseq	master
20/06/05 14:52	carter-allen/normR	master
20/06/05 14:46	carter-allen/normR	master
20/06/05 13:58	hrbrmstr/taucharts	master
20/06/05 13:11	nolanlab/citrus	master
20/06/05 13:10	nolanlab/citrus	master
20/06/05 13:08	nolanlab/citrus	master
20/06/05 11:51	ggobi/ggally	c63bad3
20/06/05 11:43	ggobi/ggally	dev
20/06/05 11:42	ggobi/ggally	develop
20/06/05 11:37	majkamichal/naivebayes	master
20/06/05 11:36	ggobi/ggally	c63bad3
20/06/05 11:14	gastonstat/arcdiagram	master
20/06/05 10:15	StatsWithR/statsr	BayesFactor
20/06/05 07:51	mbertolacci/climatedata	master
20/06/05 07:42	hadley/babynames	master
20/06/05 07:39	beanumber/nyctaxi	master
20/06/05 06:30	jfq3/RDPutils	master
20/06/05 06:27	ymattu/MlBayesOpt	master
20/06/05 00:43	nickpoison/astsa	master
20/06/04 00:13	twitter/AnomalyDetection	master
20/06/03 00:49	twitter/AnomalyDetection	master
20/06/03 00:46	erlichlab/el.db	master
20/06/03 00:44	Bioconductor/GOstats	master
20/06/03 00:40	Bioconductor/Category	master
20/06/03 00:37	Bioconductor/annotate	master
20/06/03 00:25	satijalab/seurat	v3.0.0
20/06/03 00:08	twitter/AnomalyDetection	master
20/05/30 00:04	dkahle/ggmap	master
20/05/30 00:02	dkahle/ggmap	master
20/05/29 00:33	StatisticalServicesCentre/ClimateObject	master
20/05/27 00:55	eddelbuettel/random	master
20/05/27 00:49	rkrug/TSS	master
20/05/27 00:38	rkrug/TSS	master
20/05/27 00:37	madeleineotway/dialects	master
20/05/27 00:36	dkahle/ggmap	master
20/05/27 00:30	madeleineotway/dialects	master
20/05/27 00:28	rkrug/TSS	master
20/05/27 00:06	dkahle/ggmap	master
20/05/24 00:12	gmweaver/hierr	master
20/05/21 00:56	stephaneguerrier/inclassdemo	master
20/05/21 00:52	stephaneguerrier/inclassdemo	master
20/05/20 00:37	ramnathv/rCharts	master
20/05/19 00:07	ujjwalkarn/xda	master
20/05/15 00:32	tarakc02/lazylist	master
20/05/15 00:31	vpnagraj/shinylist	master
20/05/15 00:30	aaronwolen/linkit	master
20/05/12 00:39	rstudio/R-Websockets	master
20/05/12 00:39	rstudio/R-Websockets	master
20/05/12 00:39	rstudio/R-Websockets	master
20/05/12 00:33	rstudio/R-Websockets	master
20/05/12 00:32	rstudio/R-Websockets	master
20/05/11 00:31	DataWookie/flipsideR	master
20/05/11 00:15	ECO230/eco230r	master
