20/01/18 04:54	joey711/biom	master
20/01/18 03:00	bayesball/LearnBayes	master
20/01/18 02:54	mcbeem/plotBayes	master
20/01/18 02:08	nickpoison/astsa	master
20/01/14 00:15	daattali/colourpicker	master
20/01/14 00:15	trulia/choroplethr	master
20/01/14 00:15	csgillespie/addinmanager	master
20/01/14 00:15	daattali/addinslist	master
20/01/14 00:15	rstudio/addinexamples	master
20/01/14 00:14	daattali/colourpicker	master
20/01/14 00:14	trulia/choroplethr	master
20/01/14 00:14	csgillespie/addinmanager	master
20/01/14 00:14	daattali/addinslist	master
20/01/14 00:14	rstudio/addinexamples	master
20/01/14 00:10	daattali/colourpicker	master
20/01/14 00:10	trulia/choroplethr	master
20/01/14 00:10	csgillespie/addinmanager	master
20/01/14 00:10	daattali/addinslist	master
20/01/14 00:10	rstudio/addinexamples	master
20/01/14 00:09	daattali/colourpicker	master
20/01/14 00:09	trulia/choroplethr	master
20/01/14 00:09	csgillespie/addinmanager	master
20/01/14 00:09	daattali/addinslist	master
20/01/14 00:09	rstudio/addinexamples	master
20/01/12 00:14	smach/rmiscutils	master
20/01/04 00:58	Everlane/everlaneR	master
20/01/04 00:58	cloudyr/aws.signature	master
20/01/04 00:58	cloudyr/aws.s3	master
20/01/01 00:47	ramnathv/rCharts	master
20/01/01 00:47	ramnathv/slidifyLibraries	master
20/01/01 00:47	ramnathv/slidify	master
20/01/01 00:47	hrbrmstr/hrbraddins	master
20/01/01 00:47	rstudio/DT	master
20/01/01 00:47	vqv/ggbiplot	master
20/01/01 00:47	zabore/ezfun	master
20/01/01 00:47	sipemu/d3Dashboard	master
20/01/01 00:47	daattali/colourpicker	master
20/01/01 00:47	rstudio/addinexamples	master
20/01/01 00:21	hrbrmstr/streamgraph	master
19/12/24 00:25	zabore/ezfun	master
19/12/24 00:25	ewenharrison/summarizer	master
19/12/24 00:25	hrbrmstr/hrbraddins	master
19/12/24 00:25	daattali/colourpicker	master
19/12/24 00:25	ThinkR-open/remedy	master
19/12/24 00:25	rstudio/shiny	master
19/12/23 00:52	jimhester/lookup	master
19/12/20 00:03	satijalab/seurat	775dab4
19/12/19 00:06	vcopley/ctest	master
