20/10/08 10:35	benmarwick/wordcountaddin	master
20/10/08 10:35	palryalen/transform.hazards	master
20/10/08 10:35	bhklab/survcomp	master
20/10/08 10:33	lampk/R306	master
20/10/08 10:33	lampk/R306	master
20/10/08 10:33	drsimonj/pipelearner	master
20/10/08 10:32	choisy/imhen	master
20/10/08 10:31	lampk/IDAR	master
20/10/08 10:31	hrbrmstr/hrbraddins	master
20/10/08 10:30	lampk/R306	master
20/10/08 08:53	hms-dbmi/spp	88bbd37
20/10/08 07:34	r-dbi/DBI	master
20/10/08 07:29	r-dbi/RSQLite	master
20/10/08 07:29	joshuaulrich/TTR	master
20/10/08 07:29	RcppCore/RcppArmadillo	master
20/10/08 07:27	rstats-db/RMySQL	master
20/10/08 07:27	rstats-db/RMySQL	master
20/10/08 07:26	jwijffels/ETLUtils	master
20/10/08 07:25	hadley/tidyverse	master
20/10/08 07:19	r-dbi/RSQLite	master
20/10/08 07:13	hadley/tidyverse	master
20/10/08 07:08	hadley/lubridate	master
20/10/08 05:49	nickpoison/astsa	master
20/10/07 00:59	Gibbsdavidl/CatterPlot	master
20/10/07 00:16	Hemken/Statamarkdown	master
20/10/02 00:37	hadley/emo	master
20/10/02 00:34	jcheng5/countdown	master
20/09/27 00:34	hoxo-m/magicfor	master
20/09/25 00:48	smbache/squr	master
20/09/25 00:24	nickpoison/astsa	master
20/09/25 00:04	nickpoison/astsa	master
20/09/24 00:55	donkeyshot/phybreak	master
20/09/24 00:08	jimhester/lookup	master
20/09/22 00:28	thomasp85/patchwork	master
20/09/15 00:47	nickpoison/astsa	master
20/09/09 00:49	cneyens/prms	master
20/09/09 00:45	spatstat/spatstat.data	master
