20/06/06 14:59	harrelfe/Hmisc	master
20/06/06 14:31	IlyaKipnis/DSTrading	master
20/06/06 12:58	mountainMath/dotdensity	master
20/06/06 12:01	junkka/r-custom	master
20/06/06 11:56	AlineTalhouk/Amisc	master
20/06/06 08:27	rstudio/flexdashboard	master
20/06/06 05:20	omegahat/RDCOMClient	master
20/06/05 00:43	nickpoison/astsa	master
20/06/04 00:13	twitter/AnomalyDetection	master
20/06/03 00:49	twitter/AnomalyDetection	master
20/06/03 00:46	erlichlab/el.db	master
20/06/03 00:44	Bioconductor/GOstats	master
20/06/03 00:40	Bioconductor/Category	master
20/06/03 00:37	Bioconductor/annotate	master
20/06/03 00:25	satijalab/seurat	v3.0.0
20/06/03 00:08	twitter/AnomalyDetection	master
20/05/30 00:04	dkahle/ggmap	master
20/05/30 00:02	dkahle/ggmap	master
20/05/29 00:33	StatisticalServicesCentre/ClimateObject	master
20/05/27 00:55	eddelbuettel/random	master
20/05/27 00:49	rkrug/TSS	master
20/05/27 00:38	rkrug/TSS	master
20/05/27 00:37	madeleineotway/dialects	master
20/05/27 00:36	dkahle/ggmap	master
20/05/27 00:30	madeleineotway/dialects	master
20/05/27 00:28	rkrug/TSS	master
20/05/27 00:06	dkahle/ggmap	master
20/05/24 00:12	gmweaver/hierr	master
20/05/21 00:56	stephaneguerrier/inclassdemo	master
20/05/21 00:52	stephaneguerrier/inclassdemo	master
20/05/20 00:37	ramnathv/rCharts	master
20/05/19 00:07	ujjwalkarn/xda	master
20/05/15 00:32	tarakc02/lazylist	master
20/05/15 00:31	vpnagraj/shinylist	master
20/05/15 00:30	aaronwolen/linkit	master
20/05/12 00:39	rstudio/R-Websockets	master
20/05/12 00:39	rstudio/R-Websockets	master
20/05/12 00:39	rstudio/R-Websockets	master
20/05/12 00:33	rstudio/R-Websockets	master
20/05/12 00:32	rstudio/R-Websockets	master
20/05/11 00:31	DataWookie/flipsideR	master
20/05/11 00:15	ECO230/eco230r	master
