20/04/01 20:31	langcog/langcog-package	master
20/04/01 18:33	tidyverse/googledrive	e56b3f5
20/04/01 18:31	tidyverse/googledrive	develop
20/04/01 18:30	swish-climate-impact-assessment/awaptools	develop
20/04/01 13:58	ccolonescu/PoEdata	master
20/04/01 13:38	LeopoldoCatania/GAS	master
20/04/01 13:34	s-u/background	master
20/04/01 13:30	swish-climate-impact-assessment/awaptools	develop
20/04/01 13:30	amurali2/cats	master
20/04/01 13:28	twitter/AnomalyDetection	master
20/04/01 12:51	vqv/ggbiplot	master
20/04/01 09:26	kkdey/dash	master
20/04/01 08:51	kkdey/dashr	master
20/04/01 08:07	RGLab/flowWorkspaceData	master
20/04/01 08:06	RGLab/flowWorkspaceData	master
20/04/01 08:06	RGLab/flowWorkspaceData	master
20/04/01 07:25	ropensci/tabulizer	master
20/04/01 07:25	ropensci/tabulizerjars	master
20/04/01 07:06	RGLab/CytoML	trunk
20/04/01 07:00	RGLab/CytoML	trunk
20/04/01 06:55	RGLab/CytoML	trunk
20/04/01 06:50	RGLab/CytoML	trunk
20/04/01 06:48	r-lib/cli	master
20/04/01 06:37	hadley/xml2	master
20/04/01 05:18	RGLab/flowWorkspaceData	master
20/04/01 05:18	bmsw/flowDiv	master
20/04/01 04:01	paulburch/PaulsTemplates	master
20/03/29 00:43	hoxo-m/prophetExt	master
20/03/29 00:42	hoxo-m/prophetExt	master
20/03/29 00:40	hoxo-m/prophetExt	master
20/03/29 00:28	jimhester/lookup	master
20/03/27 00:11	jefferislab/lhns	4669c66
20/03/23 00:31	vqv/ggbiplot	master
20/03/23 00:20	vqv/ggbiplot	master
20/03/23 00:15	vqv/ggbiplot	master
20/03/23 00:12	vqv/ggbiplot	master
20/03/23 00:10	vqv/ggbiplot	master
20/03/09 00:16	thomasp85/patchwork	master
20/03/07 00:00	paul-buerkner/brms	master
20/03/06 00:56	MilesOtt/strategicplayers	master
20/03/05 00:24	ECO230/eco230r	master
