20/03/31 11:59	christophsax/tsbox	master
20/03/31 11:39	cddesja/hemp	master
20/03/31 11:37	cddesja/hemp	master
20/03/31 11:36	cddesja/hemp	master
20/03/31 11:35	cddesja/hemp	master
20/03/31 11:32	cddesja/hemp	master
20/03/31 11:30	cddesja/hemp	master
20/03/31 11:29	cddesja/hemp	master
20/03/31 11:28	cddesja/hemp	master
20/03/31 11:26	cddesja/hemp	master
20/03/31 11:25	cddesja/hemp	master
20/03/31 10:55	nickpoison/astsa	master
20/03/31 09:18	jeffreyevans/spatialEco	master
20/03/31 09:16	jeffreyevans/spatialEco	master
20/03/31 09:07	cddesja/hemp	master
20/03/31 08:18	rbensua/afmToolkit	master
20/03/31 08:12	RGLab/flowWorkspaceData	master
20/03/31 08:12	bmsw/flowDiv	master
20/03/31 08:02	RGLab/flowWorkspaceData	master
20/03/31 07:53	bmsw/flowDiv	master
20/03/31 07:28	cddesja/hemp	master
20/03/31 06:57	kassambara/easyGgplot2	master
20/03/31 04:41	JARS3N/0	master
20/03/31 03:33	baolinwu/SKATR	master
20/03/31 01:04	ropensci/geojsonlint	master
