20/07/31 19:59	poissonconsulting/rescale	master
20/07/31 19:56	poissonconsulting/rescale	master
20/07/31 19:53	poissonconsulting/rescale	master
20/07/31 19:22	poissonconsulting/rescale	master
20/07/31 18:15	twitter/AnomalyDetection	master
20/07/31 17:49	tidyverse/ggplot2	v3.3.0
20/07/31 17:17	AndreaCirilloAC/updateR	master
20/07/31 15:38	chengvt/EEM	master
20/07/31 14:54	KarelMokany/AdaptR	master
20/07/31 13:35	metaOmics/MetaDE	master
20/07/31 13:29	metaOmics/MetaDE	master
20/07/31 13:12	metaOmics/MetaDE	master
20/07/31 13:07	metaOmics/MetaDE	master
20/07/31 13:01	metaOmics/MetaDE	master
20/07/31 12:58	poissonconsulting/rescale	master
20/07/31 11:52	CharlesCara/DatastreamDSWS2R	master
20/07/31 03:11	adsteen/testimport	master
20/07/31 02:51	statnet/ergm.terms.contrib	master
20/07/26 00:59	Chicago/RSocrata	master
20/07/23 00:06	KevinKotze/tsm	master
20/07/21 00:53	statnmap/SDMSelect	master
20/07/16 00:12	hadley/dplyr	master
20/07/14 00:58	Bioconductor/AnnotationFilter	master
20/07/11 00:08	NumbersInternational/flipMultivariates	master
20/07/11 00:06	Displayr/flipMultivariates	master
20/07/11 00:03	Displayr/flipMultivariates	master
20/07/10 00:42	twitter/AnomalyDetection	master
20/07/10 00:37	hoxo-m/prophetExt	master
20/07/10 00:05	rweyant/spotifyr	master
20/07/10 00:00	rweyant/spotifyr	master
20/07/08 00:36	jiho/chroma	master
20/07/06 00:52	therneau/survival	master
20/07/02 00:41	privefl/bigsnpr	master
20/07/02 00:11	mlaib/MFDFA	master
20/07/01 00:15	mkearney/rtweet	5ef897e
