20/07/07 03:56	StatsWithR/statsr	BayesFactor
20/07/07 03:55	StatsWithR/statsr	master
20/07/07 03:07	StatsWithR/statsr	BayesFactor
20/07/07 01:25	jjchern/usmapdata	master
20/07/06 00:52	therneau/survival	master
20/07/02 00:41	privefl/bigsnpr	master
20/07/02 00:11	mlaib/MFDFA	master
20/07/01 00:15	mkearney/rtweet	5ef897e
20/06/26 00:13	hadley/emo	master
20/06/26 00:11	juliasilge/silgelib	master
20/06/24 00:27	robscott3/FLR4MFCL	master
20/06/24 00:15	3inar/nowaclean	master
20/06/24 00:14	sje30/sjemea	master
20/06/22 00:27	jjvanderwal/SDMTools	master
20/06/22 00:24	YaohuiZeng/bigSVM	master
20/06/22 00:24	phytomosaic/ecole	master
20/06/22 00:06	wrathematics/ssvm	master
20/06/20 00:18	raymondben/datavolley	master
20/06/19 00:16	vh-d/SFAt	master
20/06/17 00:00	jacob-long/panelr	cc845602cd515dcfb3fd53e7d1cfac8601092c5b
20/06/10 00:47	christophsax/tsbox	master
20/06/09 00:57	rdevito/MSFA	master
20/06/08 00:34	jacobkap/zipcodes	master
20/06/07 00:41	nickpoison/astsa	master
