20/02/17 17:51	ccolonescu/PoEdata	master
20/02/17 15:30	Displayr/flipFormat	master
20/02/17 15:30	Displayr/flipU	master
20/02/17 13:52	ManuSetty/SeqGL	master
20/02/17 13:38	ManuSetty/SeqGL	master
20/02/17 13:37	ujjwalkarn/xda	master
20/02/17 13:37	ujjwalkarn/xda	master
20/02/17 13:36	ujjwalkarn/xda	master
20/02/17 13:35	ManuSetty/SeqGL	master
20/02/17 13:21	bowerth/stan	master
20/02/17 13:06	Appsilon/shiny.router	master
20/02/17 13:05	brandenberger/rem	master
20/02/17 13:04	brandenberger/rem	master
20/02/17 13:03	brandenberger/rem	master
20/02/17 12:18	Displayr/flipStandardCharts	master
20/02/17 09:47	gertjanssenswillen/bupaR	master
20/02/17 09:13	gertjanssenswillen/bupaR	master
20/02/17 08:23	gertjanssenswillen/bupaR	master
20/02/17 08:12	rsheets/cellranger	master
20/02/17 08:12	twitter/AnomalyDetection	master
20/02/17 07:50	jaroyle/oSCR	master
20/02/17 07:26	trinker/entity	master
20/02/17 07:19	gertjanssenswillen/bupaR	master
20/02/17 07:07	gertjanssenswillen/bupaR	master
20/02/17 07:07	gertjanssenswillen/bupaR	master
20/02/17 07:02	gertjanssenswillen/bupaR	master
20/02/17 06:05	maRce10/warbleR	master
20/02/17 06:02	erikpal/bRush	master
20/02/17 05:57	erikpal/bRush	master
20/02/17 05:56	erikpal/bRush	master
20/02/17 05:55	erikpal/bRush	master
20/02/17 05:53	erikpal/bRush	master
20/02/17 02:20	decisionpatterns/options	master
20/02/17 01:13	hadley/neiss	master
20/02/17 01:10	labressler/multts	master
