20/10/29 15:47	jbkunst/highcharter	master
20/10/29 15:38	ajhmohr/datadictionary	master
20/10/29 15:28	kassambara/easyGgplot2	master
20/10/29 15:26	stevehoang/assayr	master
20/10/29 14:24	EricEdwardBryant/biogridr	master
20/10/29 14:03	nickpoison/astsa	master
20/10/29 14:01	bvieth/powsimR	develop
20/10/29 13:58	bvieth/powsimR	master
20/10/29 13:00	thomasp85/patchwork	master
20/10/29 12:52	cloudcell/packageTemplateRUnit	master
20/10/29 12:02	nickpoison/astsa	master
20/10/29 11:36	jmarshallnz/lpSolve	master
20/10/29 11:31	google/GeoexperimentsResearch	master
20/10/29 11:29	google/GeoexperimentsResearch	master
20/10/29 10:01	jonathon-love/car	master
20/10/29 08:47	mojaveazure/loomR	feat/loom
20/10/29 05:48	swish-climate-impact-assessment/BiosmokeValidatedEvents	master
20/10/29 05:03	jimhester/lookup	master
20/10/29 04:57	jimhester/lookup	master
20/10/29 01:56	spflanagan/gwscaR	master
