20/05/26 20:47	vcopley/ctest	master
20/05/26 20:09	pjpo/mfactor	master
20/05/26 20:06	vcopley/ctest	master
20/05/26 19:07	vcopley/ctest	master
20/05/26 19:02	immunogenomics/masc	master
20/05/26 17:53	idmn/genius	master
20/05/26 17:47	thej022214/corHMM	master
20/05/26 17:44	edzer/sf	master
20/05/26 17:44	r-spatial/sf	master
20/05/26 17:42	r-spatial/sf	master
20/05/26 17:06	idmn/genius	master
20/05/26 17:06	idmn/genius	master
20/05/26 17:04	idmn/genius	master
20/05/26 17:03	idmn/genius	master
20/05/26 15:28	vcopley/ctest	master
20/05/26 15:23	nickpoison/astsa	master
20/05/26 13:26	IOR-Bioinformatics/PCSF	master
20/05/26 09:39	vcopley/ctest	master
20/05/26 05:21	jbkunst/highcharter	master
20/05/26 05:15	jbkunst/highcharter	master
20/05/26 04:35	ewenme/geniusr	master
20/05/26 04:30	ewenme/geniusr	master
