20/11/17 17:37	cloudyr/aws.alexa	master
20/11/17 17:36	cloudyr/aws.alexa	master
20/11/17 14:43	blasern/rdist	master
20/11/17 12:05	immunogenomics/masc	master
20/11/17 12:05	immunogenomics/masc	master
20/11/17 12:04	immunogenomics/masc	master
20/11/17 11:47	tidyverse/readr	master
20/11/17 11:35	zbeaver4/beavR	master
20/11/17 11:32	tidyverse/modelr	master
20/11/17 10:42	kbolab/moddicom	master
20/11/17 10:35	trinker/numform	master
20/11/17 09:51	kbolab/moddicom	master
20/11/17 06:47	andrie/version.compare	master
20/11/17 06:30	gabrielrvsc/HDeconometrics	master
20/11/17 06:12	yixuan/rARPACK	master
20/11/17 06:09	yixuan/rARPACK	master
20/11/17 06:08	yixuan/rARPACK	master
20/11/17 06:08	yixuan/rARPACK	master
20/11/17 05:49	gabrielrvsc/HDeconometrics	master
20/11/17 04:31	pacificclimate/ClimDown	master
20/11/17 04:08	pacificclimate/ClimDown	speed/positive_pr
20/11/17 04:03	pacificclimate/ClimDown	master
20/11/17 03:42	pacificclimate/ClimDown	speed/positive_pr
20/11/17 02:00	hoxo-m/prophetExt	master
