20/11/22 20:31	fawda123/ggord	master
20/11/22 20:31	nickpoison/astsa	master
20/11/22 20:06	PheWAS/PheWAS	master
20/11/22 15:58	Rapporter/pander	06c2f65797
20/11/22 15:58	Rapporter/pander	06c2f65797
20/11/22 15:29	markheckmann/convexhull	master
20/11/22 15:29	cmartin/ggConvexHull	master
20/11/22 14:47	hadley/tidyverse	master
20/11/22 14:44	tidyverse/tidyverse	master
20/11/22 14:12	NickPTaylor/templater	master
20/11/22 11:58	smach/rmiscutils	master
20/11/22 11:47	davidavdav/ROC	master
20/11/22 09:54	MansMeg/tidytopics	master
20/11/22 07:27	davechilders/casi	master
20/11/22 07:20	kasperdanielhansen/Rgraphviz	master
20/11/22 07:18	Bioconductor/graph	master
20/11/22 07:07	jcheng5/bubbles	master
20/11/22 05:11	gabrielrvsc/HDeconometrics	master
20/11/22 03:17	satijalab/seurat	master
20/11/22 01:01	StatsWithR/statsr	BayesFactor
