20/01/23 20:30	andrewpbray/oilabs	master
20/01/23 20:24	andrewpbray/oilabs	master
20/01/23 20:22	andrewpbray/oilabs	master
20/01/23 20:13	andrewpbray/oilabs	master
20/01/23 20:13	andrewpbray/oilabs	master
20/01/23 20:12	andrewpbray/oilabs	master
20/01/23 20:08	cbail/textnets	master
20/01/23 18:01	Everlane/everlaneR	master
20/01/23 18:01	cloudyr/aws.signature	master
20/01/23 18:01	cloudyr/aws.s3	v0.3.12
20/01/23 17:17	mkearney/rtweet	master
20/01/23 14:55	Everlane/everlaneR	master
20/01/23 14:55	cloudyr/aws.signature	master
20/01/23 14:55	cloudyr/aws.s3	v0.3.12
20/01/23 13:10	gregce/ipify	master
20/01/23 13:10	gregce/ipify	master
20/01/23 12:55	gregce/ipify	master
20/01/23 12:42	gregce/ipify	master
20/01/23 12:19	gregce/ipify	master
20/01/23 08:48	nickpoison/astsa	master
20/01/23 06:35	google/GeoexperimentsResearch	master
20/01/23 06:05	gregce/ipify	master
20/01/23 06:02	gregce/ipify	master
20/01/23 06:00	gregce/ipify	master
20/01/23 05:13	vqv/ggbiplot	master
20/01/23 04:55	mariofajardo/test_package	master
20/01/23 04:54	mariofajardo/test_package	master
20/01/23 04:51	mariofajardo/test_package	master
20/01/23 04:40	mariofajardo/test_package	master
20/01/23 04:40	mariofajardo/test_package	master
20/01/23 04:24	PranaGeo/Spectral	master
20/01/23 01:12	vqv/ggbiplot	master
