20/04/15 11:26	junkka/ehahelper	master
20/04/15 11:25	junkka/ehahelper	master
20/04/15 11:16	junkka/ehahelper	master
20/04/15 10:50	junkka/ehahelper	master
20/04/15 10:29	nickpoison/astsa	master
20/04/15 06:00	r-simmer/simmer.optim	master
20/04/15 00:45	ECO230/eco230r	master
20/04/15 00:04	mtennekes/tmap	master
20/04/14 00:53	joachim-gassen/ExPanDaR	master
20/04/14 00:49	joachim-gassen/ExPanDaR	master
20/04/14 00:41	hoxo-m/magicfor	master
20/04/14 00:30	rtelmore/ballr	master
20/04/13 00:06	andrewzm/dggrids	master
20/04/10 00:48	ronkeizer/PKPDsim	master
20/03/29 00:43	hoxo-m/prophetExt	master
20/03/29 00:42	hoxo-m/prophetExt	master
20/03/29 00:40	hoxo-m/prophetExt	master
20/03/29 00:28	jimhester/lookup	master
20/03/27 00:11	jefferislab/lhns	4669c66
20/03/23 00:31	vqv/ggbiplot	master
20/03/23 00:20	vqv/ggbiplot	master
20/03/23 00:15	vqv/ggbiplot	master
20/03/23 00:12	vqv/ggbiplot	master
20/03/23 00:10	vqv/ggbiplot	master
