20/05/01 00:57	cttobin/ggthemr	master
20/05/01 00:39	r-spatial/spdep	master
20/05/01 00:31	hoxo-m/prophetExt	master
20/05/01 00:30	hoxo-m/prophetExt	master
20/05/01 00:28	hoxo-m/prophetExt	master
20/05/01 00:23	hoxo-m/magicfor	master
20/04/30 00:44	jayjacobs/ggcal	master
20/04/29 00:20	Azure/AzureDSVM	master
20/04/28 00:31	AndyPL22/TileManager	master
20/04/28 00:27	AndyPL22/TileManager	master
20/04/28 00:21	AndyPL22/TileManager	master
20/04/27 00:13	mkearney/rtweet	5ef897e
20/04/27 00:01	mkearney/rtweet	5ef897e
20/04/27 00:01	mkearney/rtweet	5ef897e
20/04/27 00:00	ashoksiri/rtweet	5ef897e
20/04/26 00:07	walkerke/tidycensus	pums
20/04/25 00:56	ProjectMOSAIC/mosaicCalc	master
20/04/25 00:55	rpruim/fastR2	master
20/04/25 00:54	metno/esd	master
20/04/25 00:00	matloff/regtools	master
20/04/23 00:58	igraph/rigraph	master
20/04/21 00:12	maRce10/warbleR	master
20/04/20 00:56	larmarange/JLutils	master
20/04/20 00:55	larmarange/JLutils	master
20/04/19 00:27	dtdoering/grofitr	master
20/04/16 00:18	tidyverse/rlang	master
20/04/15 00:45	ECO230/eco230r	master
20/04/15 00:04	mtennekes/tmap	master
20/04/14 00:53	joachim-gassen/ExPanDaR	master
20/04/14 00:49	joachim-gassen/ExPanDaR	master
20/04/14 00:41	hoxo-m/magicfor	master
20/04/14 00:30	rtelmore/ballr	master
20/04/13 00:06	andrewzm/dggrids	master
20/04/10 00:48	ronkeizer/PKPDsim	master
