20/11/25 19:59	sorhawell/rgl	master
20/11/25 19:57	matthewwolak/nadiv	master
20/11/25 19:56	YTLogos/factoextra	master
20/11/25 19:56	USGS-R/smwrBase	master
20/11/25 19:55	USGS-R/smwrData	master
20/11/25 19:54	kassambara/factoextra	master
20/11/25 19:20	sctyner/geomnet	master
20/11/25 18:07	rpradosiqueira/brazilmaps	master
20/11/25 17:44	StoreyLab/edge	master
20/11/25 17:36	jacob-long/panelr	master
20/11/25 14:39	renozao/NMF	master
20/11/25 14:21	USGS-R/smwrBase	master
20/11/25 14:19	gabrielrvsc/HDeconometrics	master
20/11/25 13:17	gabrielrvsc/HDeconometrics	master
20/11/25 13:17	gabrielrvsc/HDeconometrics	master
20/11/25 09:09	sarupurisailalith/commonUtilAddins	master
20/11/25 08:37	MaximeWack/R2b2	master
20/11/25 06:28	gabrielrvsc/HDeconometrics	master
20/11/25 04:12	gabrielrvsc/HDeconometrics	master
20/11/25 03:35	twitter/AnomalyDetection	master
20/11/25 03:34	hrbrmstr/albersusa	master
20/11/25 03:27	hoxo-m/magicfor	master
20/11/25 03:13	StatsWithR/statsr	BayesFactor
20/11/25 01:40	skiptoniam/ecomix	ecm-update
