20/08/21 16:58	lvclark/polyRAD	master
20/08/21 16:22	strengejacke/sjstats	master
20/08/21 16:09	strengejacke/ggeffects	master
20/08/21 15:18	StatsWithR/statsr	BayesFactor
20/08/21 15:04	dkahle/ggmap	master
20/08/21 14:44	awalker89/openxlsx	master
20/08/21 14:42	jwijffels/ETLUtils	master
20/08/21 14:42	joshuaulrich/TTR	master
20/08/21 14:41	mages/ChainLadder	master
20/08/21 14:37	WinVector/vtreat	master
20/08/21 14:33	RcppCore/Rcpp	master
20/08/21 14:32	RcppCore/RcppArmadillo	master
20/08/21 14:31	rstats-db/RMySQL	master
20/08/21 14:30	r-dbi/RSQLite	master
20/08/21 14:22	rstudio/shinythemes	master
20/08/21 14:22	rstudio/shiny-incubator	master
20/08/21 14:22	rstudio/shiny	master
20/08/21 14:10	hadley/lubridate	master
20/08/21 14:10	hadley/tidyverse	master
20/08/21 13:11	StatsWithR/statsr	BayesFactor
20/08/21 10:07	kbroman/qtlsim	master
20/08/21 09:58	kbroman/qtlsim	master
20/08/21 09:57	kbroman/qtlsim	master
20/08/21 07:19	kbroman/qtlsim	master
20/08/21 06:54	kbroman/qtlsim	master
