20/08/11 16:29	poissonconsulting/rescale	master
20/08/11 15:38	johow/kinlab	master
20/08/11 15:19	wencke/wencke.github.io	master
20/08/11 14:57	mrke/NicheMapR	master
20/08/11 08:16	dankelley/imagedata	master
20/08/11 06:49	AFIT-R/vip	master
20/08/11 06:07	Lakens/TOSTER	master
20/08/11 06:07	Lakens/TOSTER	master
20/08/11 02:36	StatsWithR/statsr	BayesFactor
20/08/11 02:33	StatsWithR/statsr	BayesFactor
20/08/11 02:17	StatsWithR/statsr	BayesFactor
20/08/11 01:52	StatsWithR/statsr	BayesFactor
20/08/11 01:43	joey711/biom	master
20/08/11 01:41	sjmgarnier/viridis	master
20/08/11 01:31	poissonconsulting/rescale	master
20/08/09 00:23	johow/kinlab	master
20/08/02 00:21	USGS-R/smwrData	master
20/08/01 00:57	ropensci/tabulizerjars	master
20/08/01 00:55	ropensci/tabulizerjars	master
20/07/26 00:59	Chicago/RSocrata	master
20/07/23 00:06	KevinKotze/tsm	master
20/07/21 00:53	statnmap/SDMSelect	master
20/07/16 00:12	hadley/dplyr	master
20/07/14 00:58	Bioconductor/AnnotationFilter	master
