20/03/01 19:37	hadley/recipes	master
20/03/01 19:08	boost-R/gamboostLSS	master
20/03/01 18:45	juliasilge/silgelib	master
20/03/01 18:04	hoxo-m/magicfor	master
20/03/01 18:01	hoxo-m/magicfor	master
20/03/01 18:00	hoxo-m/magicfor	master
20/03/01 17:59	hoxo-m/magicfor	master
20/03/01 15:21	dselivanov/text2vec	master
20/03/01 14:42	leifeld/texreg	roxygenize-extract
20/03/01 12:16	vqv/ggbiplot	master
20/03/01 08:37	vqv/ggbiplot	master
20/03/01 07:10	hadley/devtools	master
20/03/01 07:04	business-science/tidyquant	master
20/02/29 00:38	HenrikBengtsson/R.rsp	master
20/02/28 00:46	eblondel/cleangeo	master
20/02/28 00:22	EMIjess/evalwaterfallr	master
20/02/23 00:06	eyzhao/SignIT	master
20/02/20 00:43	erikpal/bRush	master
20/02/20 00:41	erikpal/bRush	master
20/02/20 00:40	maRce10/Rraven	master
20/02/20 00:37	maRce10/warbleR	master
20/02/12 00:35	ccolonescu/PoEdata	master
20/02/04 00:54	nufflytics/nufflytics	master
20/02/04 00:52	nufflytics/nufflytics	master
20/02/04 00:51	nufflytics/nufflytics	master
20/02/03 00:04	cantonfe/sitree	master
20/02/03 00:02	cantonfe/sitree	master
20/02/03 00:00	jto888/FaultTree	master
20/02/02 00:46	ismayc/thesisdown	master
20/02/01 00:14	jefferys/FusionExpressionPlot	master
20/01/31 00:55	m-Py/minDiff	master
