20/03/16 20:29	PeteHaitch/DelayedMatrixStats	master
20/03/16 19:48	danlwarren/ENMTools	master
20/03/16 19:41	danlwarren/ENMTools	master
20/03/16 19:29	danlwarren/ENMTools	master
20/03/16 19:16	ECO230/eco230r	master
20/03/16 18:59	nickpoison/astsa	master
20/03/16 17:32	jjellis/GenomicVis	master
20/03/16 17:30	jjellis/GenomicVis	master
20/03/16 14:35	igidrfrg/ifrogs	master
20/03/16 13:52	rpruim/fastR	master
20/03/16 13:22	rpruim/fastR	master
20/03/16 13:20	metno/esd	master
20/03/16 13:12	zdk123/SpiecEasi	master
20/03/16 12:55	joey711/phyloseq	master
20/03/16 12:49	google/GeoexperimentsResearch	master
20/03/16 12:42	ProjectMOSAIC/mosaicCalc	master
20/03/16 12:20	rpruim/fastR	master
20/03/16 12:15	Hackout2/mapData	patch-devel
20/03/16 12:12	mbojan/lspline	master
20/03/16 11:37	jimhester/lookup	master
20/03/16 11:33	jimhester/lookup	master
20/03/16 11:33	jimhester/lookup	master
20/03/16 11:29	jimhester/lookup	master
20/03/16 10:11	vqv/ggbiplot	master
20/03/16 10:10	vqv/ggbiplot	master
20/03/16 08:35	seandavi/GEOquery	master
20/03/16 08:16	IRkernel/IRkernel	master
20/03/09 00:16	thomasp85/patchwork	master
20/03/07 00:00	paul-buerkner/brms	master
20/03/06 00:56	MilesOtt/strategicplayers	master
20/03/05 00:24	ECO230/eco230r	master
20/02/29 00:38	HenrikBengtsson/R.rsp	master
20/02/28 00:46	eblondel/cleangeo	master
20/02/28 00:22	EMIjess/evalwaterfallr	master
20/02/23 00:06	eyzhao/SignIT	master
20/02/20 00:43	erikpal/bRush	master
20/02/20 00:41	erikpal/bRush	master
20/02/20 00:40	maRce10/Rraven	master
20/02/20 00:37	maRce10/warbleR	master
