20/12/15 22:21	ianjonsen/ssmTMB	master
20/12/15 21:37	ahmetz/oncoPrintr	master
20/12/15 21:33	ahmetz/oncoPrintr	master
20/12/15 21:33	ahmetz/oncoPrintr	master
20/12/15 19:34	rstudio/ggvis	master
20/12/15 18:39	rstudio/bookdown	master
20/12/15 18:29	ISAAKiel/c14bazAAR	master
20/12/15 18:27	ahb108/rcarbon	master
20/12/15 16:43	igraph/rigraph	master
20/12/15 16:36	igraph/rigraph	master
20/12/15 15:56	NikNakk/forestmodel	master
20/12/15 15:54	NikNakk/forestmodel	0.5.0
20/12/15 15:54	NikNakk/forestmodel	0.6.1
20/12/15 15:53	NikNakk/forestmodel	v0.5.0
20/12/15 15:53	NikNakk/forestmodel	v1.0
20/12/15 15:52	NikNakk/forestmodel	v0.6.0
20/12/15 15:52	NikNakk/forestmodel	v0.6.1
20/12/15 15:51	NikNakk/forestmodel	v0.6.1
20/12/15 13:27	eribul/rinca	master
20/12/15 12:13	pbreheny/hdrm	master
20/12/15 12:13	vqv/ggbiplot	master
20/12/15 10:57	mikaelpoul/tidystm	master
20/12/15 10:16	stefanocoretta/rticulate	master
20/12/15 10:14	stefanocoretta/rticulate	master
20/12/15 09:59	MangoTheCat/install	master
20/12/15 09:58	MangoTheCat/install	master
20/12/15 09:57	trestletech/rgl	master
20/12/15 09:57	vqv/ggbiplot	master
20/12/15 09:18	mroberts/stmBrowser	master
20/12/15 05:31	twitter/AnomalyDetection	master
20/12/15 05:27	twitter/AnomalyDetection	master
20/12/15 05:27	twitter/AnomalyDetection	master
20/12/15 02:56	ECO230/eco230r	master
20/12/15 02:56	ECO230/eco230r	master
20/12/15 02:44	sinhrks/ggfortify	master
