20/09/16 20:22	thomasp85/anomaly	master
20/09/16 20:14	thomasp85/patchwork	master
20/09/16 19:55	dantonnoriega/xmltools	master
20/09/16 19:55	bmschmidt/wordVectors	master
20/09/16 19:55	hms-dbmi/brainmapr	master
20/09/16 19:54	ChristopherLucas/translateR	master
20/09/16 19:54	bbTomas/tbTools	master
20/09/16 19:54	KopfLab/tbltools	master
20/09/16 19:53	lbartnik/subprocess	master
20/09/16 19:53	mukul13/rword2vec	master
20/09/16 19:53	jrnold/ggthemes	master
20/09/16 19:52	ropenscilabs/rredlist	master
20/09/16 19:52	ricompute/ricomisc	master
20/09/16 19:51	wch/harbor	master
20/09/16 19:51	ropenscilabs/gutenbergr	master
20/09/16 19:50	aoles/EBImage	master
20/09/16 19:50	dgrtwo/drlib	master
20/09/16 19:49	datacamp/dbconnectr	master
20/09/16 19:49	stnava/cmaker	master
20/09/16 19:38	thiloklein/dispersion	master
20/09/16 19:37	dataframing/archive	master
20/09/16 19:17	robjhyndman/MEFM-package	master
20/09/16 19:14	johnmchambers/XR	master
20/09/16 17:45	labressler/multts	master
20/09/16 16:45	stianlagstad/chimeraviz	master
20/09/16 13:10	ujjwalkarn/xda	master
20/09/16 11:57	mrmaxent/maxnet	master
20/09/16 08:28	OuhscBbmc/REDCapR	dev
20/09/16 08:28	OuhscBbmc/REDCapR	dev
20/09/16 07:26	quanteda/quanteda.data	master
20/09/16 07:25	quanteda/quanteda.data	master
20/09/16 07:24	quanteda/quanteda.data	master
20/09/16 07:02	PerkinElmer/phenoptr	master
20/09/16 02:20	AndreaCirilloAC/paletter	master
20/09/16 01:39	gjuggler/ggphylo	master
20/09/15 00:47	nickpoison/astsa	master
20/09/09 00:49	cneyens/prms	master
20/09/09 00:45	spatstat/spatstat.data	master
20/09/07 00:09	DataSciBurgoon/aop	master
20/09/07 00:08	GianPaoloClemente/DirectedClustering	master
20/09/07 00:06	GianPaoloClemente/DirectedClustering	master
20/09/07 00:03	TheoreticalEcosystemEcology/alienR	master
20/09/05 00:02	jokergoo/ComplexHeatmap	master
20/09/03 00:24	StatsWithR/statsr	BayesFactor
20/08/31 00:29	vkapartzianis/SparkR	master
20/08/31 00:29	akzaidi/SparkR	master
20/08/31 00:24	r-pkgs/usethis	master
20/08/26 00:45	elbamos/largeVis	feature/backoncran
20/08/26 00:24	bbolker/bbmle	master
20/08/26 00:24	FunWithR/MonteCarlo	master
20/08/26 00:23	rstudio/rsconnect	master
20/08/26 00:23	IRkernel/IRkernel	master
20/08/26 00:22	snoweye/pbdZMQ	master
20/08/26 00:21	zdk123/SpiecEasi	master
20/08/26 00:19	joey711/phyloseq	master
20/08/26 00:09	ProjectMOSAIC/mosaicCalc	master
20/08/26 00:09	rpruim/fastR2	master
20/08/24 00:58	jandziak/mc.glmnet	master
