20/03/03 06:48	AustralianAntarcticDivision/sospatial	master
20/03/03 05:04	matloff/rectools	master
20/03/03 02:50	twitter/AnomalyDetection	master
20/03/03 02:23	matloff/regtools	master
20/03/03 02:23	matloff/rectools	master
20/03/03 02:09	MengtingLi1010/mtl	master
20/03/03 02:07	twitter/AnomalyDetection	master
20/02/29 00:38	HenrikBengtsson/R.rsp	master
20/02/28 00:46	eblondel/cleangeo	master
20/02/28 00:22	EMIjess/evalwaterfallr	master
20/02/23 00:06	eyzhao/SignIT	master
20/02/20 00:43	erikpal/bRush	master
20/02/20 00:41	erikpal/bRush	master
20/02/20 00:40	maRce10/Rraven	master
20/02/20 00:37	maRce10/warbleR	master
20/02/12 00:35	ccolonescu/PoEdata	master
20/02/04 00:54	nufflytics/nufflytics	master
20/02/04 00:52	nufflytics/nufflytics	master
20/02/04 00:51	nufflytics/nufflytics	master
20/02/03 00:04	cantonfe/sitree	master
20/02/03 00:02	cantonfe/sitree	master
20/02/03 00:00	jto888/FaultTree	master
20/02/02 00:46	ismayc/thesisdown	master
