20/07/27 16:59	Bioconductor/GSEABase	master
20/07/27 16:49	AlexiaJM/BayesTreePrior	master
20/07/27 15:59	jjvanderwal/climates	master
20/07/27 15:59	jjvanderwal/climates	master
20/07/27 15:55	jjvanderwal/climates	master
20/07/27 15:40	wconstan/wmtsa	master
20/07/27 15:40	OuhscBbmc/Wats	master
20/07/27 15:40	gjabel/tsbugs	master
20/07/27 15:40	HenrikBengtsson/profmem	master
20/07/27 15:40	wconstan/sapa	master
20/07/27 15:40	HenrikBengtsson/profmem	master
20/07/27 15:40	hadley/lineprof	master
20/07/27 15:40	mhairi/ordered	master
20/07/27 15:40	thk686/mvcwt	master
20/07/27 15:40	ricardoscr/MARA	master
20/07/27 15:40	wconstan/ifultools	master
20/07/27 15:39	ns-ctru/futility	master
20/07/27 15:39	sorhawell/forestFloor	master
20/07/27 15:39	mattmills49/modeler	master
20/07/27 15:39	Fan-Yang-Econ/CommonTrend	master
20/07/27 15:39	roqua/autovarCore	master
20/07/27 15:38	sorhawell/forestFloor	master
20/07/27 12:47	StatsWithR/statsr	BayesFactor
20/07/27 10:49	mlux86/flowLearn	master
20/07/27 10:48	NickPTaylor/templater	master
20/07/27 08:34	sjmgarnier/viridis	master
20/07/27 07:25	nickpoison/astsa	master
20/07/27 07:24	nickpoison/astsa	master
20/07/27 06:21	sjmgarnier/viridis	master
20/07/27 06:20	EdwinGraham/EdNet	master
20/07/27 05:32	hadley/precis	master
20/07/27 04:48	sjmgarnier/viridis	master
20/07/27 04:45	mikabr/ggpirate	master
20/07/27 02:31	sjmgarnier/viridis	master
20/07/26 00:59	Chicago/RSocrata	master
20/07/23 00:06	KevinKotze/tsm	master
20/07/21 00:53	statnmap/SDMSelect	master
20/07/16 00:12	hadley/dplyr	master
20/07/14 00:58	Bioconductor/AnnotationFilter	master
20/07/11 00:08	NumbersInternational/flipMultivariates	master
20/07/11 00:06	Displayr/flipMultivariates	master
20/07/11 00:03	Displayr/flipMultivariates	master
20/07/10 00:42	twitter/AnomalyDetection	master
20/07/10 00:37	hoxo-m/prophetExt	master
20/07/10 00:05	rweyant/spotifyr	master
20/07/10 00:00	rweyant/spotifyr	master
20/07/08 00:36	jiho/chroma	master
20/07/06 00:52	therneau/survival	master
20/07/02 00:41	privefl/bigsnpr	master
20/07/02 00:11	mlaib/MFDFA	master
20/07/01 00:15	mkearney/rtweet	5ef897e
