20/08/17 22:37	bocinsky/FedData	master
20/08/17 22:29	environmentalinformatics-marburg/GSODTools	master
20/08/17 20:51	twitter/AnomalyDetection	master
20/08/17 20:51	twitter/AnomalyDetection	master
20/08/17 20:50	twitter/AnomalyDetection	master
20/08/17 20:50	twitter/AnomalyDetection	master
20/08/17 20:49	twitter/AnomalyDetection	master
20/08/17 20:49	twitter/AnomalyDetection	master
20/08/17 20:49	twitter/AnomalyDetection	master
20/08/17 20:04	google/GeoexperimentsResearch	master
20/08/17 18:49	nickpoison/astsa	master
20/08/17 18:45	jfq3/RDPutils	master
20/08/17 16:45	jfq3/RDPutils	master
20/08/17 14:34	joey711/biom	master
20/08/17 10:42	saeyslab/triwise	master
20/08/17 09:16	yixuan/fontemoji	master
20/08/17 06:13	zrmacc/RNOmni	master
20/08/17 04:02	hetong007/SegCN	master
20/08/17 03:55	ymattu/rjumanpp	master
20/08/17 03:49	vitkl/MItools	master
20/08/17 01:54	vitkl/MItools	master
20/08/16 00:16	smartinsightsfromdata/rpivotTable	master
20/08/16 00:13	DnPeter/rpivotTable	master
20/08/14 00:23	xrobin/testParallel	master
20/08/14 00:23	braverock/quantstrat	master
20/08/14 00:22	braverock/blotter	master
20/08/14 00:21	xrobin/testParallel	master
20/08/14 00:18	xrobin/testParallel	master
20/08/14 00:17	xrobin/testParallel	master
20/08/09 00:23	johow/kinlab	master
20/08/02 00:21	USGS-R/smwrData	master
20/08/01 00:57	ropensci/tabulizerjars	master
20/08/01 00:55	ropensci/tabulizerjars	master
20/07/26 00:59	Chicago/RSocrata	master
20/07/23 00:06	KevinKotze/tsm	master
20/07/21 00:53	statnmap/SDMSelect	master
