20/08/24 13:55	StatsWithR/statsr	BayesFactor
20/08/24 13:54	StatsWithR/statsr	BayesFactor
20/08/24 13:47	drizopoulos/ltm	master
20/08/24 11:32	CollinErickson/comparer	master
20/08/24 09:30	ove-ut3/apogee	master
20/08/24 08:48	ropensci/tabulizer	master
20/08/24 08:47	ropensci/tabulizerjars	master
20/08/24 01:23	jandziak/mc.glmnet	master
20/08/24 01:20	jandziak/mc.glmnet	master
20/08/24 01:20	jandziak/mc.glmnet	master
20/08/24 01:18	jandziak/mc.glmnet	master
20/08/24 01:10	jandziak/mc.glmnet	master
20/08/24 00:58	jandziak/mc.glmnet	master
20/08/16 00:16	smartinsightsfromdata/rpivotTable	master
20/08/16 00:13	DnPeter/rpivotTable	master
20/08/14 00:23	xrobin/testParallel	master
20/08/14 00:23	braverock/quantstrat	master
20/08/14 00:22	braverock/blotter	master
20/08/14 00:21	xrobin/testParallel	master
20/08/14 00:18	xrobin/testParallel	master
20/08/14 00:17	xrobin/testParallel	master
20/08/09 00:23	johow/kinlab	master
20/08/02 00:21	USGS-R/smwrData	master
20/08/01 00:57	ropensci/tabulizerjars	master
20/08/01 00:55	ropensci/tabulizerjars	master
20/07/26 00:59	Chicago/RSocrata	master
