20/01/17 17:41	igidrfrg/ifrogs	master
20/01/17 17:20	matloff/regtools	master
20/01/17 17:15	twitter/AnomalyDetection	master
20/01/17 17:12	matloff/regtools	master
20/01/17 17:00	matloff/regtools	master
20/01/17 15:41	ujjwalkarn/xda	master
20/01/17 15:39	ujjwalkarn/xda	master
20/01/17 15:33	hrbrmstr/cymruservices	master
20/01/17 15:30	vqv/ggbiplot	master
20/01/17 14:53	jenniferfranks/FSQN	master
20/01/17 11:57	twitter/AnomalyDetection	master
20/01/17 11:19	twitter/AnomalyDetection	master
20/01/17 11:17	twitter/BreakoutDetection	master
20/01/17 11:16	twitter/AnomalyDetection	master
20/01/17 09:12	twitter/BreakoutDetection	master
20/01/17 09:12	twitter/AnomalyDetection	master
20/01/17 09:02	twitter/BreakoutDetection	master
20/01/17 09:02	twitter/AnomalyDetection	master
20/01/17 08:59	twitter/BreakoutDetection	master
20/01/17 08:58	twitter/AnomalyDetection	master
20/01/17 07:56	twitter/BreakoutDetection	master
20/01/17 07:55	twitter/AnomalyDetection	master
20/01/17 06:15	twitter/BreakoutDetection	master
20/01/17 06:14	twitter/AnomalyDetection	master
20/01/17 05:35	vandomed/pooling	master
