20/03/26 19:44	vqv/ggbiplot	master
20/03/26 19:43	vqv/ggbiplot	master
20/03/26 19:13	bmschmidt/wordVectors	master
20/03/26 18:46	vqv/ggbiplot	master
20/03/26 18:45	vqv/ggbiplot	master
20/03/26 18:43	vqv/ggbiplot	master
20/03/26 18:42	vqv/ggbiplot	master
20/03/26 18:29	vqv/ggbiplot	master
20/03/26 18:24	vqv/ggbiplot	master
20/03/26 18:09	vqv/ggbiplot	master
20/03/26 17:33	vqv/ggbiplot	master
20/03/26 17:31	vqv/ggbiplot	master
20/03/26 16:42	vh-d/SFAsim	master
20/03/26 16:18	andrewpbray/oilabs	master
20/03/26 16:14	vh-d/SFAsim	master
20/03/26 15:03	andrewheiss/reconPlots	master
20/03/26 13:59	vqv/ggbiplot	master
20/03/26 13:31	vqv/ggbiplot	master
20/03/26 13:31	vqv/ggbiplot	master
20/03/26 13:24	nickpoison/astsa	master
20/03/26 13:06	jamgreen/lehdr	master
20/03/26 10:16	robertzk/rnold	master
20/03/26 03:14	cvarrichio/rowr	master
20/03/23 00:31	vqv/ggbiplot	master
20/03/23 00:20	vqv/ggbiplot	master
20/03/23 00:15	vqv/ggbiplot	master
20/03/23 00:12	vqv/ggbiplot	master
20/03/23 00:10	vqv/ggbiplot	master
20/03/09 00:16	thomasp85/patchwork	master
20/03/07 00:00	paul-buerkner/brms	master
20/03/06 00:56	MilesOtt/strategicplayers	master
20/03/05 00:24	ECO230/eco230r	master
20/02/29 00:38	HenrikBengtsson/R.rsp	master
20/02/28 00:46	eblondel/cleangeo	master
20/02/28 00:22	EMIjess/evalwaterfallr	master
