20/03/29 21:55	ECO230/eco230r	master
20/03/29 21:10	ECO230/eco230r	master
20/03/29 20:50	amcat/amcat-r	master
20/03/29 20:03	ECO230/eco230r	master
20/03/29 19:59	ropensci/rWBclimate	master
20/03/29 19:48	ECO230/eco230r	master
20/03/29 17:20	cmap/cmapR	master

<html><head>
<meta http-equiv="content-type" content="text/html;charset=utf-8">
<title>500 Server Error</title>
</head>
<body text=#000000 bgcolor=#ffffff>
<h1>Error: Server Error</h1>
<h2>The server encountered an error and could not complete your request.<p>Please try again in 30 seconds.</h2>
<h2></h2>
</body></html>
20/03/29 12:55	xuyiqing/gsynth	master
20/03/29 11:57	xuyiqing/gsynth	master
20/03/29 11:57	Dahaniel/dmisc	master
20/03/29 10:41	trinker/sentimentr	master
20/03/29 10:15	cmartin/ggConvexHull	master
20/03/29 10:14	cmartin/ggConvexHull	master
