20/07/18 19:53	hrbrmstr/taucharts	master
20/07/18 19:46	grimbough/biomaRt	master
20/07/18 19:46	grimbough/biomaRt	master
20/07/18 19:41	Bioconductor/Biobase	master
20/07/18 18:55	Bioconductor/Biobase	master
20/07/18 18:49	Bioconductor/Biobase	master
20/07/18 18:49	Bioconductor/Biobase	master
20/07/18 18:30	twitter/AnomalyDetection	master
20/07/18 15:00	Hong-Revo/glmnetUtils	master
20/07/18 14:53	sinhrks/ggfortify	master
20/07/18 10:46	nickpoison/astsa	master
20/07/18 07:06	StatsWithR/statsr	BayesFactor
20/07/18 07:02	StatsWithR/statsr	BayesFactor
20/07/16 00:12	hadley/dplyr	master
20/07/14 00:58	Bioconductor/AnnotationFilter	master
20/07/11 00:08	NumbersInternational/flipMultivariates	master
20/07/11 00:06	Displayr/flipMultivariates	master
20/07/11 00:03	Displayr/flipMultivariates	master
20/07/10 00:42	twitter/AnomalyDetection	master
20/07/10 00:37	hoxo-m/prophetExt	master
20/07/10 00:05	rweyant/spotifyr	master
20/07/10 00:00	rweyant/spotifyr	master
20/07/08 00:36	jiho/chroma	master
20/07/06 00:52	therneau/survival	master
20/07/02 00:41	privefl/bigsnpr	master
20/07/02 00:11	mlaib/MFDFA	master
20/07/01 00:15	mkearney/rtweet	5ef897e
20/06/26 00:13	hadley/emo	master
20/06/26 00:11	juliasilge/silgelib	master
20/06/24 00:27	robscott3/FLR4MFCL	master
20/06/24 00:15	3inar/nowaclean	master
20/06/24 00:14	sje30/sjemea	master
20/06/22 00:27	jjvanderwal/SDMTools	master
20/06/22 00:24	YaohuiZeng/bigSVM	master
20/06/22 00:24	phytomosaic/ecole	master
20/06/22 00:06	wrathematics/ssvm	master
20/06/20 00:18	raymondben/datavolley	master
20/06/19 00:16	vh-d/SFAt	master
