20/06/19 18:56	vcopley/ctest	master
20/06/19 18:51	vcopley/ctest	master
20/06/19 18:32	vcopley/ctest	master
20/06/19 17:01	Dasonk/packageAnalyzeR	master
20/06/19 15:29	nickpoison/astsa	master
20/06/19 15:08	joey711/biom	master
20/06/19 12:58	raymondben/datavolley	master
20/06/19 12:42	halpo/obsplines	master
20/06/19 12:33	halpo/obsplines	master
20/06/19 11:51	nickpoison/astsa	master
20/06/19 11:42	vdorie/treatSens	master
20/06/19 11:40	halpo/obsplines	master
20/06/19 11:28	halpo/obsplines	master
20/06/19 11:16	friendly/tableplot	master
20/06/19 10:45	rstudio/rmdexamples	master
20/06/19 09:12	ymattu/MlBayesOpt	master
20/06/19 09:10	nickpoison/astsa	master
20/06/19 08:45	guillembagaria/ggbiome	master
20/06/19 08:38	guillembagaria/ggbiome	master
20/06/19 08:00	nickpoison/astsa	master
20/06/19 07:06	ronkeizer/PKPDsim	master
20/06/19 07:02	michaeldorman/geobgu	master
20/06/19 06:03	cttobin/ggthemr	master
20/06/19 01:01	Zelazny7/isofor	master
