20/05/05 21:43	google/GeoexperimentsResearch	master
20/05/05 21:40	twitter/AnomalyDetection	master
20/05/05 21:16	StatsWithR/statsr	BayesFactor
20/05/05 20:46	AndreaCirilloAC/paletter	master
20/05/05 19:45	jayjacobs/ggcal	master
20/05/05 19:43	yixuan/fontemoji	master
20/05/05 19:43	hadley/emo	master
20/05/05 19:39	clauswilke/colorblindr	master
20/05/05 19:36	antuki/COGugaison	master
20/05/05 19:34	hrbrmstr/curlconverter	master
20/05/05 19:33	rasmusab/bayesian_first_aid	master
20/05/05 14:51	R-Finance/PortfolioAttribution	master
20/05/05 11:55	ccolonescu/PoEdata	master
20/05/05 11:45	andrie/version.compare	master
20/05/05 11:18	ropensci/tabulizer	master
20/05/05 11:17	ropensci/tabulizerjars	master
20/05/05 11:00	ropensci/tabulizer	master
20/05/05 11:00	ropensci/tabulizerjars	master
20/05/05 09:37	ropensci/tabulizer	master
20/05/05 09:37	ropensci/tabulizerjars	master
20/05/05 07:42	cddesja/hemp	master
20/05/05 04:37	rodazuero/gmapsdistance	master
20/05/05 03:11	twitter/AnomalyDetection	master
20/05/05 00:17	saurfang/shinyAceCodeInput	master
20/05/05 00:17	saurfang/shinyAceCodeInput	master
20/05/05 00:16	saurfang/shinyAceCodeInput	master
20/05/05 00:14	saurfang/shinyAceCodeInput	master
20/05/04 00:01	ropensci/dependencies	master
20/05/04 00:00	ropensci/dependencies	master
20/05/03 00:39	ymattu/MlBayesOpt	master
20/05/03 00:09	ropenscilabs/rnaturalearthhires	master
20/05/03 00:08	ropenscilabs/rnaturalearthhires	master
20/05/02 00:03	iobis/robis	master
20/05/01 00:57	cttobin/ggthemr	master
20/05/01 00:39	r-spatial/spdep	master
20/05/01 00:31	hoxo-m/prophetExt	master
20/05/01 00:30	hoxo-m/prophetExt	master
20/05/01 00:28	hoxo-m/prophetExt	master
20/05/01 00:23	hoxo-m/magicfor	master
20/04/30 00:44	jayjacobs/ggcal	master
20/04/29 00:20	Azure/AzureDSVM	master
20/04/28 00:31	AndyPL22/TileManager	master
20/04/28 00:27	AndyPL22/TileManager	master
20/04/28 00:21	AndyPL22/TileManager	master
20/04/27 00:13	mkearney/rtweet	5ef897e
20/04/27 00:01	mkearney/rtweet	5ef897e
20/04/27 00:01	mkearney/rtweet	5ef897e
20/04/27 00:00	ashoksiri/rtweet	5ef897e
20/04/26 00:07	walkerke/tidycensus	pums
20/04/25 00:56	ProjectMOSAIC/mosaicCalc	master
20/04/25 00:55	rpruim/fastR2	master
20/04/25 00:54	metno/esd	master
20/04/25 00:00	matloff/regtools	master
20/04/23 00:58	igraph/rigraph	master
20/04/21 00:12	maRce10/warbleR	master
20/04/20 00:56	larmarange/JLutils	master
20/04/20 00:55	larmarange/JLutils	master
20/04/19 00:27	dtdoering/grofitr	master
20/04/16 00:18	tidyverse/rlang	master
20/04/15 00:45	ECO230/eco230r	master
20/04/15 00:04	mtennekes/tmap	master
20/04/14 00:53	joachim-gassen/ExPanDaR	master
20/04/14 00:49	joachim-gassen/ExPanDaR	master
20/04/14 00:41	hoxo-m/magicfor	master
20/04/14 00:30	rtelmore/ballr	master
20/04/13 00:06	andrewzm/dggrids	master
20/04/10 00:48	ronkeizer/PKPDsim	master
