20/12/08 16:59	ymattu/MlBayesOpt	master
20/12/08 14:43	EmilHvitfeldt/tilemapr	master
20/12/08 13:50	gforge/forestplot	master
20/12/08 13:47	gforge/forestplot	master
20/12/08 12:35	HBGDki/ghap	master
20/12/08 11:19	elben10/tidymodelR	master
20/12/08 11:14	rstudio/profvis	master
20/12/08 11:05	fozy81/NBN4R	master
20/12/08 11:02	fozy81/NBN4R	master
20/12/08 10:57	fozy81/NBN4R	master
20/12/08 10:54	fozy81/NBN4R	master
20/12/08 10:48	fozy81/NBN4R	master
20/12/08 10:48	statnet/statnet.common	master
20/12/08 10:48	statnet/statnet.common	master
20/12/08 10:48	fozy81/NBN4R	master
20/12/08 10:47	fozy81/NBN4R	master
20/12/08 10:39	fozy81/NBN4R	master
20/12/08 10:34	fozy81/NBN4R	master
20/12/08 10:18	fozy81/NBN4R	master
20/12/08 07:16	SCCWRP/CSCI	master
20/12/08 06:14	YafeiXu/CDO	master
