20/06/03 18:27	rubenarslan/formr	master
20/06/03 17:09	ropensci/USAboundariesData	master
20/06/03 15:43	galanisl/NetHypGeom	master
20/06/03 15:42	galanisl/NetHypGeom	master
20/06/03 15:27	nickpoison/astsa	master
20/06/03 15:19	mkearney/rtweet	5ef897e
20/06/03 13:46	andrie/version.compare	master
20/06/03 13:11	yixuan/fontemoji	master
20/06/03 11:51	twitter/AnomalyDetection	master
20/06/03 11:17	alexkowa/VIM	master
20/06/03 11:15	pimentel/cluster	master
20/06/03 10:48	njtierney/naniar	master
20/06/03 10:43	nickpoison/astsa	master
20/06/03 09:34	hadley/forcats	master
20/06/03 09:33	hadley/tidyverse	master
20/06/03 09:27	krlmlr/here	master
20/06/03 09:14	RcppCore/RcppArmadillo	master
20/06/03 09:12	awalker89/openxlsx	master
20/06/03 09:11	joshuaulrich/TTR	master
20/06/03 09:03	kindlychung/ff	master
20/06/03 09:00	rstats-db/RMySQL	master
20/06/03 08:59	r-dbi/RSQLite	master
20/06/03 08:38	taiyun/corrplot	master
20/06/03 08:19	GilDansou/shinyStart	master
20/06/03 07:29	PF2-pasteur-fr/SARTools	master
20/06/03 04:37	XFW/decon	master
20/06/03 04:36	ras44/condusco	master
20/06/03 01:36	satijalab/seurat	v3.0.0
