20/11/02 18:29	ropenscilabs/getlandsat	master
20/11/02 18:28	selva86/car2	master
20/11/02 18:22	DavideMassidda/raschTools	master
20/11/02 18:02	ropenscilabs/getlandsat	master
20/11/02 17:48	ropenscilabs/rnaturalearthhires	master
20/11/02 17:23	ramnathv/slidify	master
20/11/02 17:23	trinker/syllable	master
20/11/02 17:22	ramnathv/slidifyLibraries	master
20/11/02 16:54	IQSS/Zelig	master
20/11/02 16:42	sjPlot/esc	master
20/11/02 16:42	strengejacke/esc	master
20/11/02 16:40	IQSS/Zelig	master
20/11/02 16:16	skoval/RISmed	master
20/11/02 16:00	PMassicotte/eemR	fi
20/11/02 15:26	igollini/lvm4net	master
20/11/02 15:15	oscarperpinan/pkgMethods	master
20/11/02 14:40	StatsWithR/statsr	BayesFactor
20/11/02 13:41	ropensci/tesseract	master
20/11/02 12:50	gabrielrvsc/HDeconometrics	master
20/11/02 10:44	bjornerstedt/assist	master
20/11/02 10:28	vapniks/mergeutils	master
20/11/02 10:28	vapniks/mergeutils	master
20/11/02 07:19	nickpoison/astsa	master
20/11/02 07:05	trestletech/plumber	master
20/11/02 03:31	smach/rmiscutils	master
20/11/02 01:34	Aidenloe/AIG	master
20/11/02 01:18	ottlngr/LexisPlotR	master
