20/06/24 00:27	robscott3/FLR4MFCL	master
20/06/24 00:15	3inar/nowaclean	master
20/06/24 00:14	sje30/sjemea	master
20/06/22 00:27	jjvanderwal/SDMTools	master
20/06/22 00:24	YaohuiZeng/bigSVM	master
20/06/22 00:24	phytomosaic/ecole	master
20/06/22 00:06	wrathematics/ssvm	master
20/06/20 00:18	raymondben/datavolley	master
20/06/19 00:16	vh-d/SFAt	master
20/06/17 00:00	jacob-long/panelr	cc845602cd515dcfb3fd53e7d1cfac8601092c5b
20/06/10 00:47	christophsax/tsbox	master
20/06/09 00:57	rdevito/MSFA	master
20/06/08 00:34	jacobkap/zipcodes	master
20/06/07 00:41	nickpoison/astsa	master
20/06/05 00:43	nickpoison/astsa	master
20/06/04 00:13	twitter/AnomalyDetection	master
20/06/03 00:49	twitter/AnomalyDetection	master
20/06/03 00:46	erlichlab/el.db	master
20/06/03 00:44	Bioconductor/GOstats	master
20/06/03 00:40	Bioconductor/Category	master
20/06/03 00:37	Bioconductor/annotate	master
20/06/03 00:25	satijalab/seurat	v3.0.0
20/06/03 00:08	twitter/AnomalyDetection	master
20/05/30 00:04	dkahle/ggmap	master
20/05/30 00:02	dkahle/ggmap	master
20/05/29 00:33	StatisticalServicesCentre/ClimateObject	master
20/05/27 00:55	eddelbuettel/random	master
20/05/27 00:49	rkrug/TSS	master
20/05/27 00:38	rkrug/TSS	master
20/05/27 00:37	madeleineotway/dialects	master
20/05/27 00:36	dkahle/ggmap	master
20/05/27 00:30	madeleineotway/dialects	master
20/05/27 00:28	rkrug/TSS	master
20/05/27 00:06	dkahle/ggmap	master
