20/10/03 22:20	StatsWithR/statsr	BayesFactor
20/10/03 21:00	StatsWithR/statsr	BayesFactor
20/10/03 20:59	StatsWithR/statsr	BayesFactor
20/10/03 20:22	StatsWithR/statsr	BayesFactor
20/10/03 20:11	StatsWithR/statsr	BayesFactor
20/10/03 19:42	StatsWithR/statsr	BayesFactor
20/10/03 18:03	trinker/qdapDictionaries	master
20/10/03 17:44	sjmgarnier/viridis	master
20/10/03 17:16	sinhrks/ggfortify	master
20/10/03 17:09	business-science/alphavantager	master
20/10/03 16:47	trinker/qdapDictionaries	master
20/10/03 16:27	davidavdav/ROC	master
20/10/03 16:27	mjskay/tidybayes	master
20/10/03 16:26	mjskay/tidybayes	master
20/10/03 15:58	marchtaylor/fishdynr	master
20/10/03 14:46	davidavdav/ROC	master
20/10/03 14:09	davidavdav/ROC	master
20/10/03 13:51	davidavdav/ROC	master
20/10/03 12:15	nickpoison/astsa	master
20/10/03 09:50	NickPTaylor/templater	master
