20/09/23 17:58	LindaNab/mecor	v0.2.0
20/09/23 17:21	hafen/stlplus	master
20/09/23 17:14	davidavdav/ROC	master
20/09/23 15:10	StatsWithR/statsr	BayesFactor
20/09/23 15:01	smach/rmiscutils	master
20/09/23 15:00	smach/rmiscutils	master
20/09/23 14:42	mjockers/syuzhet	master
20/09/23 13:55	crsh/papaja	master
20/09/23 13:32	bobmuscarella/ENMeval	master
20/09/23 13:30	bobmuscarella/ENMeval	develop
20/09/23 13:26	mrmaxent/maxnet	master
20/09/23 13:26	alrobles/maxnetmap	master
20/09/23 13:04	AndySouth/rnaturalearthhires	master
20/09/23 10:50	zwdzwd/wheatmap	master
20/09/23 08:54	hoxo-m/magicfor	master
20/09/23 07:20	ropenscilabs/rnaturalearthhires	master
20/09/23 07:17	ropenscilabs/rnaturalearthhires	master
20/09/22 00:28	thomasp85/patchwork	master
20/09/15 00:47	nickpoison/astsa	master
20/09/09 00:49	cneyens/prms	master
20/09/09 00:45	spatstat/spatstat.data	master
20/09/07 00:09	DataSciBurgoon/aop	master
20/09/07 00:08	GianPaoloClemente/DirectedClustering	master
20/09/07 00:06	GianPaoloClemente/DirectedClustering	master
20/09/07 00:03	TheoreticalEcosystemEcology/alienR	master
20/09/05 00:02	jokergoo/ComplexHeatmap	master
20/09/03 00:24	StatsWithR/statsr	BayesFactor
20/08/31 00:29	vkapartzianis/SparkR	master
20/08/31 00:29	akzaidi/SparkR	master
20/08/31 00:24	r-pkgs/usethis	master
20/08/26 00:45	elbamos/largeVis	feature/backoncran
20/08/26 00:24	bbolker/bbmle	master
20/08/26 00:24	FunWithR/MonteCarlo	master
20/08/26 00:23	rstudio/rsconnect	master
20/08/26 00:23	IRkernel/IRkernel	master
20/08/26 00:22	snoweye/pbdZMQ	master
20/08/26 00:21	zdk123/SpiecEasi	master
20/08/26 00:19	joey711/phyloseq	master
20/08/26 00:09	ProjectMOSAIC/mosaicCalc	master
20/08/26 00:09	rpruim/fastR2	master
20/08/24 00:58	jandziak/mc.glmnet	master
