20/01/16 18:03	JARS3N/shinyStar	master
20/01/16 17:59	rstudio/shinytest	master
20/01/16 17:50	JARS3N/shinyStar	master
20/01/16 17:43	JARS3N/shinyStar	master
20/01/16 16:04	StatsWithR/statsr	BayesFactor
20/01/16 16:03	StatsWithR/statsr	BayesFactor
20/01/16 15:10	mbojan/lspline	master
20/01/16 15:05	trinker/textclean	master
20/01/16 14:15	vqv/ggbiplot	master
20/01/16 13:54	ronkeizer/vpc	master
20/01/16 13:47	cole-trapnell-lab/monocle-release	master
20/01/16 13:44	jchrom/moodler	master
20/01/16 13:16	larmarange/JLutils	master
20/01/16 12:46	shuodata/mlr-master	master
20/01/16 12:14	twitter/BreakoutDetection	master
20/01/16 12:13	twitter/AnomalyDetection	master
20/01/16 11:53	twitter/BreakoutDetection	master
20/01/16 11:52	twitter/AnomalyDetection	master
20/01/16 11:07	datasciencecampus/kamino	master
20/01/16 10:44	twitter/BreakoutDetection	master
20/01/16 10:43	twitter/AnomalyDetection	master
20/01/16 08:19	stpp-GitHub-community/stpp	master
20/01/16 08:16	stpp-GitHub-community/stpp	master
20/01/16 08:15	stpp-GitHub-community/stpp	master
20/01/16 08:14	stpp-GitHub-community/stpp	master
20/01/16 08:05	stpp-GitHub-community/stpp	master
20/01/16 05:42	vqv/ggbiplot	master
20/01/16 04:11	stpp-GitHub-community/stpp	master
20/01/16 04:11	stpp-GitHub-community/stpp	master
20/01/16 04:11	stpp-GitHub-community/stpp	master
20/01/16 04:08	stpp-GitHub-community/stpp	master
20/01/16 02:30	jcardenas14/genBart	master
20/01/16 02:27	omegahat/Rcartogram	master
