20/08/20 09:04	Faskally/gmrf	master
20/08/20 08:44	michaelmalick/r-codatools	master
20/08/20 08:13	bbolker/bbmle	master
20/08/20 08:12	Russel88/MicEco	master
20/08/20 08:09	FunWithR/MonteCarlo	master
20/08/20 08:08	rstudio/rsconnect	master
20/08/20 06:57	joey711/phyloseq	master
20/08/20 06:56	ProjectMOSAIC/mosaicCalc	master
20/08/20 06:55	rpruim/fastR2	master
20/08/20 06:54	metno/esd	master
20/08/20 06:47	IRkernel/IRkernel	master
20/08/20 06:46	yihui/animation	master
20/08/20 06:46	zdk123/SpiecEasi	master
20/08/20 06:44	snoweye/pbdZMQ	master
20/08/20 06:40	benjjneb/dada2	master
20/08/20 06:25	IRkernel/IRkernel	master
20/08/20 06:24	snoweye/pbdZMQ	master
20/08/20 02:34	nickpoison/astsa	master
20/08/20 02:19	omarwagih/rmotifx	master
20/08/20 02:19	omarwagih/rmotifx	master
20/08/20 01:56	nickpoison/astsa	master
20/08/20 01:56	nickpoison/astsa	master
20/08/20 01:16	nickpoison/astsa	master
