20/10/27 09:46	SantanderMetGroup/downscaleR	master
20/10/27 09:39	SantanderMetGroup/transformeR	master
20/10/27 09:39	SantanderMetGroup/transformeR	master
20/10/27 09:38	SantanderMetGroup/loadeR.2nc	master
20/10/27 09:34	chrras/climateeng	master
20/10/27 09:26	SantanderMetGroup/loadeR.java	master
20/10/27 09:20	SantanderMetGroup/loadeR.java	master
20/10/27 09:12	SantanderMetGroup/loadeR.java	master
20/10/27 08:35	gabrielrvsc/HDeconometrics	master
20/10/27 06:55	juliasilge/tidytext	master
20/10/27 06:13	Financial-Times/ftRtools	master
20/10/27 04:17	gabrielrvsc/HDeconometrics	master
20/10/27 04:17	gabrielrvsc/HDeconometrics	master
20/10/27 04:16	gabrielrvsc/HDeconometrics	master
20/10/27 04:15	gabrielrvsc/HDeconometrics	master
20/10/27 04:14	gabrielrvsc/HDeconometrics	master
20/10/27 04:11	gabrielrvsc/HDeconometrics	master
20/10/27 04:00	gabrielrvsc/HDeconometrics	master
20/10/27 03:47	gabrielrvsc/HDeconometrics	master
20/10/27 02:50	nickpoison/astsa	master
20/10/27 02:46	ajdamico/lodown	master
20/10/27 01:57	RcppCore/Rcpp	master
20/10/27 01:17	hrbrmstr/taucharts	master
