20/04/13 16:54	ccolonescu/PoEdata	master
20/04/13 14:13	hadley/tidyverse	master
20/04/13 14:10	twitter/AnomalyDetection	master
20/04/13 09:13	ablejec/amisc	master
20/04/13 09:12	ablejec/amisc	master
20/04/13 08:35	Russel88/MicEco	master
20/04/13 07:07	jayjacobs/ggcal	master
20/04/13 04:30	markushuff/PsychHelperFunctions	master
20/04/13 04:02	myeomans/DTMtools	master
20/04/13 04:02	myeomans/DTMtools	master
20/04/13 04:01	myeomans/DTMtools	master
20/04/13 00:06	andrewzm/dggrids	master
20/04/10 00:48	ronkeizer/PKPDsim	master
20/03/29 00:43	hoxo-m/prophetExt	master
20/03/29 00:42	hoxo-m/prophetExt	master
20/03/29 00:40	hoxo-m/prophetExt	master
20/03/29 00:28	jimhester/lookup	master
20/03/27 00:11	jefferislab/lhns	4669c66
20/03/23 00:31	vqv/ggbiplot	master
20/03/23 00:20	vqv/ggbiplot	master
20/03/23 00:15	vqv/ggbiplot	master
20/03/23 00:12	vqv/ggbiplot	master
20/03/23 00:10	vqv/ggbiplot	master
