20/03/02 17:16	hrbrmstr/albersusa	master
20/03/02 16:53	tidyverse/googlesheets4	4d1f8e77
20/03/02 16:45	tidyverse/googlesheets4	4d1f8e77
20/03/02 16:00	mkearney/googleapis	master
20/03/02 11:59	ccolonescu/PoEdata	master
20/03/02 09:38	alexploner/Heatplus	master
20/03/02 09:37	alexploner/Heatplus	master
20/03/02 09:36	alexploner/Heatplus	master
20/03/02 09:26	sujeetp97/compare-functions	master
20/03/02 09:18	sujeetp97/compare-functions	master
20/03/02 06:05	kassambara/easyGgplot2	master
20/03/02 04:41	GuangchuangYu/treeio	master
20/03/02 04:41	GuangchuangYu/ggtree	master
20/03/02 03:22	twitter/AnomalyDetection	master
20/02/29 00:38	HenrikBengtsson/R.rsp	master
20/02/28 00:46	eblondel/cleangeo	master
20/02/28 00:22	EMIjess/evalwaterfallr	master
20/02/23 00:06	eyzhao/SignIT	master
20/02/20 00:43	erikpal/bRush	master
20/02/20 00:41	erikpal/bRush	master
20/02/20 00:40	maRce10/Rraven	master
20/02/20 00:37	maRce10/warbleR	master
20/02/12 00:35	ccolonescu/PoEdata	master
20/02/04 00:54	nufflytics/nufflytics	master
20/02/04 00:52	nufflytics/nufflytics	master
20/02/04 00:51	nufflytics/nufflytics	master
20/02/03 00:04	cantonfe/sitree	master
20/02/03 00:02	cantonfe/sitree	master
20/02/03 00:00	jto888/FaultTree	master
20/02/02 00:46	ismayc/thesisdown	master
20/02/01 00:14	jefferys/FusionExpressionPlot	master
