20/06/15 17:48	claudiofronterre/geomask	master
20/06/15 17:46	hrbrmstr/albersusa	master
20/06/15 17:44	claudiofronterre/geomask	master
20/06/15 17:38	StatsWithR/statsr	BayesFactor
20/06/15 17:32	StatsWithR/statsr	BayesFactor
20/06/15 17:28	gforge/forestplot	master
20/06/15 17:26	gforge/forestplot	master
20/06/15 17:24	gforge/forestplot	master
20/06/15 17:24	gforge/forestplot	master
20/06/15 17:17	gforge/forestplot	master
20/06/15 17:11	StatsWithR/statsr	BayesFactor
20/06/15 17:08	StatsWithR/statsr	BayesFactor
20/06/15 16:44	ClementCalenge/adehabitat	master
20/06/15 15:46	uc-bd2k/gimmR	master
20/06/15 13:49	nickpoison/astsa	master
20/06/15 10:29	nickpoison/astsa	master
20/06/15 09:15	bdemeshev/bigr	master
20/06/15 08:57	ricardo-bion/ggtech	master
20/06/15 08:06	nickpoison/astsa	master
20/06/15 06:49	ropensci/tabulizerjars	master
20/06/15 04:01	cpsievert/pitchRx	master
