20/11/18 15:25	ainaimi/pgf	master
20/11/18 15:23	ainaimi/pgf	master
20/11/18 15:23	ainaimi/pgf	master
20/11/18 15:09	mrke/NicheMapR	master
20/11/18 14:59	cdeterman/OmicsMarkeR	master
20/11/18 13:48	mdsumner/nchelper	master
20/11/18 13:12	OHI-Science/ohicore	master
20/11/18 12:08	twitter/AnomalyDetection	master
20/11/18 09:58	jotsetung/atc	master
20/11/18 09:43	jrdnmdhl/reconIPD	master
20/11/18 09:41	hadley/multidplyr	3e65c2c9d5011fa34d18965308e5c52326a6d3c4
20/11/18 09:40	hadley/multidplyr	3e65c2c9d5011fa34d18965308e5c52326a6d3c4
20/11/18 09:39	jrdnmdhl/reconIPD	master
20/11/18 09:39	jrdnmdhl/reconIPD	master
20/11/18 09:37	jrdnmdhl/reconIPD	master
20/11/18 09:37	jrdnmdhl/reconIPD	master
20/11/18 09:34	jrdnmdhl/reconIPD	master
20/11/18 09:33	jrdnmdhl/reconIPD	master
20/11/18 09:32	jrdnmdhl/reconIPD	master
20/11/18 07:14	boost-R/FDboost	master
20/11/18 05:26	ujjwalkarn/xda	master
20/11/18 03:27	hawkmoth/sablebase	master
