20/04/11 18:54	iNZightVIT/iNZightTS	master
20/04/11 18:52	iNZightVIT/iNZightMR	master
20/04/11 15:55	ctfysh/rlingo	master
20/04/11 15:44	prodipta/gquote	master
20/04/11 14:40	Displayr/flipChart	master
20/04/11 14:08	krose/robinhoodr	master
20/04/11 14:08	krose/robinhoodr	master
20/04/11 14:05	krose/robinhoodr	master
20/04/11 14:00	ymattu/MlBayesOpt	master
20/04/11 10:19	gabrielbouleau/mangal.package	master
20/04/11 03:03	MazamaScience/NBI	master
20/04/11 02:37	MazamaScience/NBI	master
20/04/10 00:48	ronkeizer/PKPDsim	master
20/03/29 00:43	hoxo-m/prophetExt	master
20/03/29 00:42	hoxo-m/prophetExt	master
20/03/29 00:40	hoxo-m/prophetExt	master
20/03/29 00:28	jimhester/lookup	master
20/03/27 00:11	jefferislab/lhns	4669c66
20/03/23 00:31	vqv/ggbiplot	master
20/03/23 00:20	vqv/ggbiplot	master
20/03/23 00:15	vqv/ggbiplot	master
20/03/23 00:12	vqv/ggbiplot	master
20/03/23 00:10	vqv/ggbiplot	master
