20/05/27 22:07	ricardo-bion/ggradar	master
20/05/27 20:15	twitter/AnomalyDetection	master
20/05/27 20:12	swarm-lab/editR	master
20/05/27 19:27	mikelove/DESeq2	v1.18.1
20/05/27 19:05	twitter/AnomalyDetection	master
20/05/27 19:05	twitter/AnomalyDetection	master
20/05/27 19:05	twitter/AnomalyDetection	master
20/05/27 18:26	joey711/biom	master
20/05/27 17:24	thej022214/corHMM	master
20/05/27 17:23	jlisic/meanShiftR	master
20/05/27 16:00	StatsWithR/statsr	BayesFactor
20/05/27 15:43	jlisic/meanShiftR	master
20/05/27 15:43	jlisic/meanShiftR	master
20/05/27 15:42	jlisic/meanShiftR	master
20/05/27 13:46	richiemorrisroe/stockfighterr	master
20/05/27 13:35	kollerma/robustlmm	rcpp
20/05/27 13:16	rstudio/rticles	master
20/05/27 13:15	thlytras/rspiro	master
20/05/27 12:35	wlandau-lilly/drake	master
20/05/27 10:05	StatsWithR/statsr	BayesFactor
20/05/27 05:50	aoles/EBImage	master
20/05/27 02:10	corybrunson/ggalluvial	master
20/05/27 01:20	david-hammond/hammond	master
