20/09/18 12:14	StatsWithR/statsr	BayesFactor
20/09/18 12:11	StatsWithR/statsr	BayesFactor
20/09/18 12:11	StatsWithR/statsr	BayesFactor
20/09/18 12:01	StatsWithR/statsr	BayesFactor
20/09/18 12:00	StatsWithR/statsr	BayesFactor
20/09/18 05:57	RS-eco/processNC	master
20/09/18 05:56	gbm-developers/gbm3	master
20/09/18 01:51	rstudio/shiny	master
20/09/18 01:43	ThinkR-open/remedy	master
20/09/18 01:43	salimk/Rcrawler	master
20/09/18 01:43	ramnathv/rCharts	master
20/09/18 01:42	alastairrushworth/smnet	master
20/09/18 01:41	ramnathv/htmlwidgets	master
20/09/18 01:41	rstudio/htmltools	master
20/09/18 01:41	hrbrmstr/hrbraddins	master
20/09/18 01:41	lendle/hdps	master
20/09/18 01:40	rstudio/DT	master
20/09/18 01:40	vqv/ggbiplot	master
20/09/18 01:39	zabore/ezfun	master
20/09/18 01:39	kbroman/ricalc	master
20/09/18 01:39	gramener/eda	master
20/09/18 01:39	sipemu/d3Dashboard	master
20/09/18 01:39	zabore/condsurv	master
20/09/18 01:39	daattali/colourpicker	master
20/09/18 01:38	csgillespie/addinmanager	master
20/09/18 01:38	daattali/addinslist	master
20/09/18 01:38	rstudio/addinexamples	master
20/09/15 00:47	nickpoison/astsa	master
20/09/09 00:49	cneyens/prms	master
20/09/09 00:45	spatstat/spatstat.data	master
20/09/07 00:09	DataSciBurgoon/aop	master
20/09/07 00:08	GianPaoloClemente/DirectedClustering	master
20/09/07 00:06	GianPaoloClemente/DirectedClustering	master
20/09/07 00:03	TheoreticalEcosystemEcology/alienR	master
20/09/05 00:02	jokergoo/ComplexHeatmap	master
20/09/03 00:24	StatsWithR/statsr	BayesFactor
20/08/31 00:29	vkapartzianis/SparkR	master
20/08/31 00:29	akzaidi/SparkR	master
20/08/31 00:24	r-pkgs/usethis	master
20/08/26 00:45	elbamos/largeVis	feature/backoncran
20/08/26 00:24	bbolker/bbmle	master
20/08/26 00:24	FunWithR/MonteCarlo	master
20/08/26 00:23	rstudio/rsconnect	master
20/08/26 00:23	IRkernel/IRkernel	master
20/08/26 00:22	snoweye/pbdZMQ	master
20/08/26 00:21	zdk123/SpiecEasi	master
20/08/26 00:19	joey711/phyloseq	master
20/08/26 00:09	ProjectMOSAIC/mosaicCalc	master
20/08/26 00:09	rpruim/fastR2	master
20/08/24 00:58	jandziak/mc.glmnet	master
