20/01/13 16:14	ropensci/visdat	master
20/01/13 16:14	hrbrmstr/streamgraph	master
20/01/13 16:14	htmlwidgets/sparkline	master
20/01/13 16:14	ramnathv/slidifyLibraries	master
20/01/13 16:14	ramnathv/slidify	master
20/01/13 16:14	kevinushey/sourcetools	master
20/01/13 16:14	rstudio/shiny	master
20/01/13 16:13	ThinkR-open/remedy	master
20/01/13 16:13	salimk/Rcrawler	master
20/01/13 16:13	ramnathv/rCharts	master
20/01/13 16:13	alastairrushworth/smnet	master
20/01/13 16:13	ramnathv/htmlwidgets	master
20/01/13 16:13	rstudio/htmltools	master
20/01/13 16:13	hrbrmstr/hrbraddins	master
20/01/13 16:13	lendle/hdps	master
20/01/13 16:13	rstudio/DT	master
20/01/13 16:13	vqv/ggbiplot	master
20/01/13 16:13	zabore/ezfun	master
20/01/13 16:13	kbroman/ricalc	master
20/01/13 16:13	gramener/eda	master
20/01/13 16:13	sipemu/d3Dashboard	master
20/01/13 16:13	daattali/colourpicker	master
20/01/13 16:12	trulia/choroplethr	master
20/01/13 16:12	csgillespie/addinmanager	master
20/01/13 16:12	daattali/addinslist	master
20/01/13 16:12	rstudio/addinexamples	master
20/01/13 15:29	keaven/nphsim	master
20/01/13 14:11	vqv/ggbiplot	master
20/01/13 11:31	hojsgaard/gRbase	master
20/01/13 10:02	nickpoison/astsa	master
20/01/13 09:54	gretat/sdt.rmcs	master
20/01/12 00:14	smach/rmiscutils	master
20/01/04 00:58	Everlane/everlaneR	master
20/01/04 00:58	cloudyr/aws.signature	master
20/01/04 00:58	cloudyr/aws.s3	master
20/01/01 00:47	ramnathv/rCharts	master
20/01/01 00:47	ramnathv/slidifyLibraries	master
20/01/01 00:47	ramnathv/slidify	master
20/01/01 00:47	hrbrmstr/hrbraddins	master
20/01/01 00:47	rstudio/DT	master
20/01/01 00:47	vqv/ggbiplot	master
20/01/01 00:47	zabore/ezfun	master
20/01/01 00:47	sipemu/d3Dashboard	master
20/01/01 00:47	daattali/colourpicker	master
20/01/01 00:47	rstudio/addinexamples	master
20/01/01 00:21	hrbrmstr/streamgraph	master
19/12/24 00:25	zabore/ezfun	master
19/12/24 00:25	ewenharrison/summarizer	master
19/12/24 00:25	hrbrmstr/hrbraddins	master
19/12/24 00:25	daattali/colourpicker	master
19/12/24 00:25	ThinkR-open/remedy	master
19/12/24 00:25	rstudio/shiny	master
19/12/23 00:52	jimhester/lookup	master
19/12/20 00:03	satijalab/seurat	775dab4
19/12/19 00:06	vcopley/ctest	master
19/12/18 00:56	randy3k/iterpc	master
19/12/17 00:47	ravenroadresources/petroreadr	master
19/12/17 00:42	twitter/AnomalyDetection	master
19/12/14 00:16	ewenharrison/summarizer	master
19/12/14 00:16	hrbrmstr/hrbraddins	master
19/12/14 00:16	daattali/colourpicker	master
19/12/14 00:16	ThinkR-open/remedy	master
19/12/14 00:16	rstudio/shiny	master
