20/04/14 18:31	saberry/qualtricsR	master
20/04/14 17:03	dennismalandro/tostpower	master
20/04/14 14:37	mkearney/rtweet	master
20/04/14 13:24	zeehio/condformat	master
20/04/14 12:34	appelmar/strucchange	devel
20/04/14 12:23	appelmar/strucchange	devel
20/04/14 11:03	charlottedion/mixedsde	master
20/04/14 09:13	taiyun/corrplot	master
20/04/14 08:33	appelmar/strucchange	devel
20/04/14 08:32	hrbrmstr/taucharts	master
20/04/14 07:22	pmartinezarbizu/RFtools	master
20/04/14 07:14	pmartinezarbizu/RFtools	master
20/04/14 06:15	ujjwalkarn/xda	master
20/04/14 06:09	ujjwalkarn/xda	master
20/04/14 06:02	ujjwalkarn/xda	master
20/04/14 05:31	ujjwalkarn/xda	master
20/04/14 05:28	ujjwalkarn/xda	master
20/04/14 05:20	satijalab/seurat	master
20/04/14 03:31	ujjwalkarn/xda	master
20/04/14 02:59	ujjwalkarn/xda	master
