20/11/19 19:55	USGS-R/smwrData	master
20/11/19 19:37	ropensci/rnoaa	waves
20/11/19 18:16	bgreenwell/partial	master
20/11/19 15:43	bgreenwell/partial	master
20/11/19 15:40	bgreenwell/partial	master
20/11/19 15:38	s-u/fastshp	master
20/11/19 15:38	s-u/fastshp	master
20/11/19 15:36	s-u/fastshp	master
20/11/19 14:27	gabrielrvsc/HDeconometrics	master
20/11/19 11:54	jjvanderwal/SDMTools	master
20/11/19 11:52	jjvanderwal/SDMTools	master
20/11/19 11:39	azvoleff/wrspathrow	master
20/11/19 11:39	azvoleff/wrspathrowData	master
20/11/19 11:23	metno/esd	master
20/11/19 10:00	thomasp85/patchwork	master
20/11/19 09:38	alyssafrazee/RSkittleBrewer	master
20/11/19 09:14	larmarange/prevR	master
20/11/19 07:43	leeper/tabulizer	master
20/11/19 07:43	ropensci/tabulizerjars	master
20/11/19 06:27	gforge/htmlTable	master
20/11/19 06:27	bhaskarvk/leaflet.extras	master
20/11/19 06:26	gforge/htmlTable	master
20/11/19 06:26	gforge/htmlTable	master
20/11/19 03:23	ropenscilabs/nneo	master
20/11/19 02:32	hoxo-m/magicfor	master
20/11/19 02:13	gabrielrvsc/HDeconometrics	master
20/11/19 01:46	gabrielrvsc/HDeconometrics	master
20/11/19 01:45	gabrielrvsc/HDeconometrics	master
