20/04/27 22:57	rstudio/markdown	master
20/04/27 22:57	rstudio/markdown	master
20/04/27 22:56	rstudio/markdown	master
20/04/27 22:56	rstudio/markdown	master
20/04/27 22:56	rstudio/markdown	master
20/04/27 22:54	rstudio/markdown	master
20/04/27 22:54	rstudio/markdown	master
20/04/27 22:52	rstudio/markdown	master
20/04/27 22:47	rstudio/markdown	master
20/04/27 22:45	rstudio/markdown	master
20/04/27 22:45	rstudio/DT	master
20/04/27 22:45	yihui/xaringan	master
20/04/27 22:44	twitter/AnomalyDetection	master
20/04/27 22:36	decisionpatterns/lettercase	master
20/04/27 22:35	PeteHaitch/DelayedMatrixStats	master
20/04/27 22:34	Bioconductor/DelayedArray	master
20/04/27 22:32	Bioconductor/BiocGenerics	master
20/04/27 22:25	drisso/SingleCellExperiment	master
20/04/27 22:24	Bioconductor/Biobase	master
20/04/27 22:10	jjesusfilho/tjsp	master
20/04/27 21:40	tidyverse/tibble	master
20/04/27 17:23	ujjwalkarn/xda	master
20/04/27 17:19	GuangchuangYu/hexSticker	master
20/04/27 15:02	fbreitwieser/pavian	master
20/04/27 13:50	edzer/intervals	master
20/04/27 13:45	vst/mgarch	master
20/04/27 12:55	xu-hong/rphenoscape	master
20/04/27 12:10	leifeld/texreg	master
20/04/27 11:28	LeopoldoCatania/GAS	master
20/04/27 06:38	vqv/ggbiplot	master
20/04/27 02:06	ymattu/rjumanpp	master
20/04/27 01:55	vapniks/XLConnectXtra	master
20/04/27 01:43	vapniks/XLConnectXtra	master
20/04/27 01:43	vapniks/XLConnectXtra	master
20/04/27 01:42	vapniks/XLConnectXtra	master
20/04/27 01:07	mkearney/rtweet	5ef897e
