20/02/18 16:41	rbensua/afmToolkit	master
20/02/18 15:27	rbensua/afmToolkit	master
20/02/18 15:25	rbensua/afmToolkit	master
20/02/18 15:22	rbensua/afmToolkit	master
20/02/18 15:19	rbensua/afmToolkit	master
20/02/18 15:09	thlytras/rspiro	master
20/02/18 14:51	strengejacke/sjPlot	master
20/02/18 14:23	SimonFans/RP	master
20/02/18 14:21	ccolonescu/PoEdata	master
20/02/18 14:19	ccolonescu/PoEdata	master
20/02/18 14:12	satijalab/seurat	master
20/02/18 13:23	rbensua/afmToolkit	master
20/02/18 11:26	agrueneberg/crochet	master
20/02/18 11:25	agrueneberg/crochet	master
20/02/18 11:23	agrueneberg/crochet	master
20/02/18 11:04	vqv/ggbiplot	master
20/02/18 10:29	vqv/ggbiplot	master
20/02/18 06:51	nickpoison/astsa	master
20/02/18 04:53	jimhester/lookup	master
20/02/18 03:23	NLSume/indexScoring	master
20/02/18 03:23	lbraglia/QScoring	master
20/02/18 03:23	lbraglia/QScoring	master
20/02/18 03:22	lbraglia/QScoring	master
20/02/18 03:19	NLSume/indexScoring	master
20/02/18 01:56	jjvanderwal/SDMTools	master
20/02/12 00:35	ccolonescu/PoEdata	master
20/02/04 00:54	nufflytics/nufflytics	master
20/02/04 00:52	nufflytics/nufflytics	master
20/02/04 00:51	nufflytics/nufflytics	master
20/02/03 00:04	cantonfe/sitree	master
20/02/03 00:02	cantonfe/sitree	master
20/02/03 00:00	jto888/FaultTree	master
20/02/02 00:46	ismayc/thesisdown	master
20/02/01 00:14	jefferys/FusionExpressionPlot	master
20/01/31 00:55	m-Py/minDiff	master
20/01/27 00:48	kthohr/BMR	master
20/01/27 00:37	kthohr/BMR	master
20/01/27 00:36	kthohr/BMR	master
20/01/27 00:33	kthohr/BMR	master
20/01/27 00:32	kthohr/BMR	master
20/01/27 00:29	kthohr/BMR	master
20/01/27 00:28	kthohr/BMR	master
20/01/27 00:23	kthohr/BMR	master
20/01/27 00:23	kthohr/BMR	master
20/01/27 00:21	kthohr/BMR	master
20/01/27 00:21	kthohr/BMR	master/
20/01/25 00:20	zabore/condsurv	master
20/01/25 00:19	OuhscBbmc/Wats	master
20/01/25 00:19	ropensci/visdat	master
20/01/25 00:19	hrbrmstr/streamgraph	master
20/01/25 00:19	htmlwidgets/sparkline	master
20/01/25 00:19	ramnathv/slidifyLibraries	master
20/01/25 00:19	ramnathv/slidify	master
20/01/25 00:19	kevinushey/sourcetools	master
20/01/25 00:19	ddsjoberg/sjosmooth	master
20/01/25 00:19	rstudio/shiny	master
20/01/25 00:18	ThinkR-open/remedy	master
20/01/25 00:18	salimk/Rcrawler	master
20/01/25 00:18	ramnathv/rCharts	master
20/01/25 00:18	alastairrushworth/smnet	master
20/01/25 00:18	ramnathv/htmlwidgets	master
20/01/25 00:18	rstudio/htmltools	master
20/01/25 00:17	hrbrmstr/hrbraddins	master
20/01/25 00:17	lendle/hdps	master
20/01/25 00:17	rstudio/DT	master
20/01/25 00:17	vqv/ggbiplot	master
20/01/25 00:17	zabore/ezfun	master
20/01/25 00:17	kbroman/ricalc	master
20/01/25 00:17	gramener/eda	master
20/01/25 00:17	sipemu/d3Dashboard	master
20/01/25 00:17	daattali/colourpicker	master
20/01/25 00:17	trulia/choroplethr	master
20/01/25 00:17	csgillespie/addinmanager	master
20/01/25 00:17	daattali/addinslist	master
20/01/25 00:17	rstudio/addinexamples	master
20/01/25 00:14	hrbrmstr/hrbraddins	master
20/01/25 00:14	lendle/hdps	master
20/01/25 00:14	rstudio/DT	master
20/01/25 00:14	vqv/ggbiplot	master
20/01/25 00:14	zabore/ezfun	master
20/01/25 00:14	kbroman/ricalc	master
20/01/25 00:14	gramener/eda	master
20/01/25 00:14	sipemu/d3Dashboard	master
20/01/25 00:14	daattali/colourpicker	master
20/01/25 00:14	trulia/choroplethr	master
20/01/25 00:14	csgillespie/addinmanager	master
20/01/25 00:14	daattali/addinslist	master
20/01/25 00:14	rstudio/addinexamples	master
20/01/23 00:11	ropensci/tabulizer	master
20/01/23 00:11	ropensci/tabulizerjars	master
