20/01/12 21:41	tgrimes/SeqNet	master
20/01/12 19:31	leoluyi/addr2gps	master
20/01/12 19:09	jfq3/ggordiplots	master
20/01/12 18:22	vqv/ggbiplot	master
20/01/12 16:54	ymattu/MlBayesOpt	master
20/01/12 13:30	philipmgoddard/nnePtR	master
20/01/12 00:14	smach/rmiscutils	master
20/01/04 00:58	Everlane/everlaneR	master
20/01/04 00:58	cloudyr/aws.signature	master
20/01/04 00:58	cloudyr/aws.s3	master
20/01/01 00:47	ramnathv/rCharts	master
20/01/01 00:47	ramnathv/slidifyLibraries	master
20/01/01 00:47	ramnathv/slidify	master
20/01/01 00:47	hrbrmstr/hrbraddins	master
20/01/01 00:47	rstudio/DT	master
20/01/01 00:47	vqv/ggbiplot	master
20/01/01 00:47	zabore/ezfun	master
20/01/01 00:47	sipemu/d3Dashboard	master
20/01/01 00:47	daattali/colourpicker	master
20/01/01 00:47	rstudio/addinexamples	master
20/01/01 00:21	hrbrmstr/streamgraph	master
19/12/24 00:25	zabore/ezfun	master
19/12/24 00:25	ewenharrison/summarizer	master
19/12/24 00:25	hrbrmstr/hrbraddins	master
19/12/24 00:25	daattali/colourpicker	master
19/12/24 00:25	ThinkR-open/remedy	master
19/12/24 00:25	rstudio/shiny	master
19/12/23 00:52	jimhester/lookup	master
19/12/20 00:03	satijalab/seurat	775dab4
19/12/19 00:06	vcopley/ctest	master
19/12/18 00:56	randy3k/iterpc	master
19/12/17 00:47	ravenroadresources/petroreadr	master
19/12/17 00:42	twitter/AnomalyDetection	master
19/12/14 00:16	ewenharrison/summarizer	master
19/12/14 00:16	hrbrmstr/hrbraddins	master
19/12/14 00:16	daattali/colourpicker	master
19/12/14 00:16	ThinkR-open/remedy	master
19/12/14 00:16	rstudio/shiny	master
