21/04/05 15:51	ijlyttle/datadict	master
21/04/05 15:41	gabrielrvsc/HDeconometrics	master
21/04/05 15:40	gabrielrvsc/HDeconometrics	master
21/04/05 15:39	gabrielrvsc/HDeconometrics	master
21/04/05 15:26	EdwinTh/thatssorandom	master
21/04/05 15:25	gabrielrvsc/HDeconometrics	master
21/04/05 15:21	gabrielrvsc/HDeconometrics	master
21/04/05 15:19	EdwinTh/thatssorandom	master
21/04/05 15:19	gabrielrvsc/HDeconometrics	master
21/04/05 15:18	EdwinTh/thatssorandom	master
21/04/05 15:16	EdwinTh/thatssorandom	master
21/04/05 15:16	EdwinTh/thatssorandom	master
21/04/05 15:15	EdwinTh/thatssorandom	master
21/04/05 15:14	EdwinTh/thatssorandom	master
21/04/05 15:13	EdwinTh/thatssorandom	master
21/04/05 15:03	brianboonstra/ragtop	master
21/04/05 13:40	gabrielrvsc/HDeconometrics	master
21/04/05 12:47	gabrielrvsc/HDeconometrics	master
21/04/05 09:53	jbkunst/highcharter	master
21/04/05 09:26	JARS3N/outliers	master
21/04/05 08:19	gabrielrvsc/HDeconometrics	master
21/04/05 04:02	metacran/camo	master
21/04/05 02:01	hrbrmstr/taucharts	master
