21/05/18 21:09	proto4426/PissoortThesis	master
21/05/18 20:17	wilsonfreitas/rbcb	master
21/05/18 19:54	raerose01/deconstructSigs	master
21/05/18 19:53	ardlop/zipfextR	master
21/05/18 19:15	mojaveazure/loomR	master
21/05/18 18:38	wilsonfreitas/rbcb	master
21/05/18 16:52	ncordon/imbalance	master
21/05/18 16:30	daroczig/binancer	master
21/05/18 14:15	jpmarindiaz/shi18ny	master
21/05/18 13:45	hrbrmstr/ggalt	master
21/05/18 13:44	hrbrmstr/ggalt	master
21/05/18 13:41	hrbrmstr/ggalt	master
21/05/18 13:35	Appsilon/shiny.i18n	master
21/05/18 13:35	Appsilon/shiny.i18n	master
21/05/18 13:35	Appsilon/shiny.i18n	master
21/05/18 13:35	Appsilon/shiny.i18n	master
21/05/18 13:34	Appsilon/shiny.i18n	master
21/05/18 13:34	Appsilon/shiny.i18n	master
21/05/18 13:33	Appsilon/shiny.i18n	master
21/05/18 13:33	Appsilon/shiny.i18n	master
21/05/18 13:33	Appsilon/shiny.i18n	master
21/05/18 13:13	vqv/ggbiplot	master
21/05/18 11:01	royfrancis/pophelper	master
21/05/18 10:53	royfrancis/pophelper	master
21/05/18 10:44	royfrancis/pophelper	master
21/05/18 08:03	padpadpadpad/TeamPhytoplankton	master
21/05/18 08:03	padpadpadpad/nlsLoop	master
21/05/18 07:59	gastonstat/plspm	master
21/05/18 07:43	fbreitwieser/pavian	master
21/05/18 07:42	fbreitwieser/pavian	master
21/05/18 07:12	fbreitwieser/pavian	master
21/05/18 07:11	fbreitwieser/pavian	master
21/05/18 07:03	mikaelpoul/tidystm	master
21/05/18 04:53	daroczig/binancer	master
21/05/18 03:42	jasenfinch/MFassign	master
21/05/18 03:40	jasenfinch/MFassign	master
21/05/18 03:35	jasenfinch/MFassign	master
21/05/18 03:16	jasenfinch/MFassign	master
21/05/18 03:05	jasenfinch/MFassign	master
21/05/18 02:05	r-lib/pillar	master
21/05/18 01:14	cbail/textnets	master
