21/04/08 17:37	EDIorg/EMLtools	master
21/04/08 17:29	rsingle/LDtools	master
21/04/08 17:27	DominikMueller64/LDtools	master
21/04/08 17:07	gabrielrvsc/HDeconometrics	master
21/04/08 17:02	gabrielrvsc/HDeconometrics	master
21/04/08 16:53	gabrielrvsc/HDeconometrics	master
21/04/08 16:44	gabrielrvsc/HDeconometrics	master
21/04/08 16:19	gabrielrvsc/HDeconometrics	master
21/04/08 16:19	gabrielrvsc/HDeconometrics	master
21/04/08 16:13	gabrielrvsc/HDeconometrics	master
21/04/08 16:12	gabrielrvsc/HDeconometrics	master
21/04/08 15:59	chris-prener/postmastr	master
21/04/08 15:25	jbkunst/highcharter	master
21/04/08 14:37	gongx030/dpath	master
21/04/08 14:27	gabrielrvsc/HDeconometrics	master
21/04/08 14:23	gabrielrvsc/HDeconometrics	master
21/04/08 14:03	gabrielrvsc/HDeconometrics	master
21/04/08 14:02	gabrielrvsc/HDeconometrics	master
21/04/08 12:53	gabrielrvsc/HDeconometrics	master
21/04/08 10:54	twitter/AnomalyDetection	master
21/04/08 09:19	gabrielrvsc/HDeconometrics	master
21/04/08 08:37	gabrielrvsc/HDeconometrics	master
21/04/08 06:24	gabrielrvsc/HDeconometrics	master
21/04/08 04:52	gabrielrvsc/HDeconometrics	master
21/04/08 04:44	gabrielrvsc/HDeconometrics	master
21/04/08 04:43	gabrielrvsc/HDeconometrics	master
21/04/08 04:43	gabrielrvsc/HDeconometrics	master
21/04/08 04:24	gabrielrvsc/HDeconometrics	master
21/04/08 04:11	gabrielrvsc/HDeconometrics	master
21/04/08 03:45	gabrielrvsc/HDeconometrics	master
21/04/08 02:44	thomasp85/patchwork	master
21/04/08 02:02	gabrielrvsc/HDeconometrics	master
21/04/08 01:57	mskcc/facets	master
21/04/08 01:28	gabrielrvsc/HDeconometrics	master
21/04/08 01:27	gabrielrvsc/HDeconometrics	master
21/04/08 01:26	gabrielrvsc/HDeconometrics	master
21/04/08 01:20	gabrielrvsc/HDeconometrics	master
21/04/08 01:19	gabrielrvsc/HDeconometrics	master
21/04/08 01:13	gabrielrvsc/HDeconometrics	master
21/04/08 01:06	gabrielrvsc/HDeconometrics	master
