21/05/17 18:49	MeenaChoi/MSstats	master
21/05/17 18:38	MeenaChoi/MSstats	master
21/05/17 18:37	MeenaChoi/MSstats	master
21/05/17 18:33	dengkuistat/MSVA	master
21/05/17 18:09	igidrfrg/ifrogs	master
21/05/17 18:05	gastonstat/plspm	master
21/05/17 18:03	gastonstat/plspm	master
21/05/17 17:37	daroczig/binancer	master
21/05/17 17:31	EdwinTh/thatssorandom	master
21/05/17 16:53	gbm-developers/gbm3	master
21/05/17 16:38	MeenaChoi/MSstats	master
21/05/17 16:34	jacintoArias/exreport	master
21/05/17 15:06	carlganz/svrepmisc	master
21/05/17 14:53	daroczig/binancer	master
21/05/17 14:23	carlopacioni/amplicR	master
21/05/17 14:06	daattali/shinyalert	master
21/05/17 13:20	GuangchuangYu/clusterProfiler	master
21/05/17 12:40	BioinformaticsFMRP/TCGAbiolinks	master
21/05/17 09:33	alyssafrazee/ballgown	master
21/05/17 09:31	alyssafrazee/ballgown	master
21/05/17 09:28	carlopacioni/amplicR	master
21/05/17 08:01	Displayr/flipTime	master
21/05/17 07:59	Displayr/flipTime	master
21/05/17 05:10	daroczig/binancer	master
