21/05/10 21:58	htmlwidgets/iquiz	master
21/05/10 21:58	htmlwidgets/iquiz	master
21/05/10 21:56	htmlwidgets/iquiz	master
21/05/10 21:55	htmlwidgets/iquiz	master
21/05/10 21:53	htmlwidgets/iquiz	master
21/05/10 20:19	spflanagan/gwscaR	master
21/05/10 20:11	benmarwick/Stratigraphy-and-radiocarbon-dates-from-Gua-Mo-o-hono-Sulawesi	master
21/05/10 19:33	jbryer/pisa	master
21/05/10 18:46	Bart6114/jug	master
21/05/10 18:44	Bart6114/infuser	master
21/05/10 18:38	daroczig/binancer	master
21/05/10 17:58	ttnsdcn/forecast-package	master
21/05/10 17:43	dleutnant/swmmr	master
21/05/10 17:39	dleutnant/swmmr	master
21/05/10 17:31	baddstats/goftest	patch-1
21/05/10 17:25	ECO230/eco230r	master
21/05/10 16:00	JeroenSmaers/evomap	master
21/05/10 15:54	JeroenSmaers/evomap	master
21/05/10 15:20	harrysouthworth/gbt	master
21/05/10 12:46	SMAPPNYU/smappR	master
21/05/10 12:42	SMAPPNYU/smappR	master
21/05/10 12:41	SMAPPNYU/smappR	master
21/05/10 12:32	bnosac/pattern.nlp	master
21/05/10 09:06	nipfpmf/eventstudies	master
21/05/10 04:52	daroczig/binancer	master
21/05/10 04:45	GIS-SP-Group/RCA	master
21/05/10 01:04	daroczig/binancer	master
21/05/10 00:51	juliasilge/silgelib	master
21/05/10 00:46	Hackout2/mapData	master
21/05/10 00:42	Hackout2/mapData	master
21/05/10 00:35	Hackout2/mapData	master
21/05/10 00:34	NathanEpstein/finData	master
21/05/09 00:17	daroczig/binancer	master
21/05/06 00:46	hunzikp/velox	master
21/05/06 00:44	hunzikp/velox	master
21/05/06 00:17	daroczig/binancer	master
21/05/05 00:53	ECO230/eco230r	master
21/05/05 00:16	daroczig/binancer	master
21/05/01 00:07	daroczig/binancer	master
21/04/28 00:45	joey711/biom	master
21/04/28 00:34	joey711/biom	master
21/04/28 00:24	joey711/biom	master
21/04/22 00:05	kassambara/r2excel	master
21/04/21 00:40	rstudio/config	master
21/04/20 00:14	januarharianto/respR	master
21/04/20 00:14	januarharianto/respR	master
21/04/19 00:56	nsheff/LOLA	master
21/04/19 00:52	nsheff/LOLA	master
21/04/19 00:47	nsheff/LOLA	master
21/04/18 00:08	dselivanov/text2vec	master
21/04/16 00:08	Hemken/Statamarkdown	master
21/04/16 00:07	EdwinTh/thatssorandom	master
21/04/16 00:01	EdwinTh/thatssorandom	master
21/04/14 00:21	ymattu/MlBayesOpt	master
21/04/13 00:05	Hemken/Statamarkdown	master
21/04/13 00:01	EdwinTh/thatssorandom	master
21/04/13 00:00	Hemken/Statamarkdown	master
21/04/12 00:58	diegovalle/mxmaps	master
21/04/12 00:50	diegovalle/mxmaps	master
21/04/12 00:49	diegovalle/mxmaps	master
21/04/12 00:23	kosukeimai/MatchIt	master
21/04/12 00:19	kosukeimai/MatchIt	master
21/04/11 00:30	gabrielrvsc/HDeconometrics	master
