21/05/08 19:20	raerose01/deconstructSigs	master
21/05/08 19:08	fsolt/ukds	master
21/05/08 18:07	anujkhare/iregnet	master
21/05/08 18:02	anujkhare/iregnet	master
21/05/08 17:59	anujkhare/iregnet	master
21/05/08 17:58	anujkhare/iregnet	master
21/05/08 17:55	anujkhare/iregnet	master
21/05/08 16:24	hadrienj/specR	master
21/05/08 16:20	meowcat/MassInSpectoR	master
21/05/08 15:45	daroczig/binancer	master
21/05/08 14:21	thomasp85/patchwork	master
21/05/08 14:17	thomasp85/patchwork	master
21/05/08 14:15	thomasp85/patchwork	master
21/05/08 14:14	thomasp85/patchwork	master
21/05/08 14:14	thomasp85/patchwork	master
21/05/08 14:10	thomasp85/patchwork	master
21/05/08 14:09	thomasp85/patchwork	master
21/05/08 12:34	davidavdav/ROC	master
21/05/08 12:09	nipfpmf/eventstudies	master
21/05/08 06:50	daroczig/binancer	master
21/05/08 04:05	Rdatatable/data.table	master
