21/07/23 21:06	skgrange/gissr	master
21/07/23 20:29	hrbrmstr/taucharts	master
21/07/23 19:59	tudob/wfg	master
21/07/23 19:52	statnet/latentnet	master
21/07/23 16:43	gu-mi/GOglm	master
21/07/23 16:39	gu-mi/GOglm	master
21/07/23 14:08	bhaskarvk/leaflet.extras	master
21/07/23 13:51	ericstrobl/RCIT	master
21/07/23 13:47	Ironholds/birdnik	master
21/07/23 13:35	sa-lee/starmie	master
21/07/23 13:26	ymattu/MlBayesOpt	master
21/07/23 12:40	microbiome/microbiome	master
21/07/23 12:27	twitter/AnomalyDetection	master
21/07/23 12:15	Dasonk/SOWAS	master
21/07/23 12:05	joey711/phyloseq	master
21/07/23 11:58	ropensci/tif	master
21/07/23 09:58	ericstrobl/RCIT	master
21/07/23 07:46	mbeccuti/Prova	master
21/07/23 06:57	mbeccuti/Prova	master
21/07/23 06:14	ericstrobl/RCIT	master
21/07/23 05:33	ericstrobl/RCIT	master
21/07/23 05:06	ericstrobl/RCIT	master
21/07/23 04:37	ericstrobl/RCIT	master
