21/04/03 15:51	gabrielrvsc/HDeconometrics	master
21/04/03 15:12	gabrielrvsc/HDeconometrics	master
21/04/03 14:50	gabrielrvsc/HDeconometrics	master
21/04/03 14:03	arilamstein/choroplethrZip	v1.3.0
21/04/03 13:41	vqv/ggbiplot	master
21/04/03 12:43	gabrielrvsc/HDeconometrics	master
21/04/03 12:39	gabrielrvsc/HDeconometrics	master
21/04/03 12:25	rstudio/tensorflow	master
21/04/03 11:27	hadley/emo	master
21/04/03 11:25	ropensci/extractr	master
21/04/03 11:23	sckott/extractr	master
21/04/03 11:21	ledell/subsemble	master
21/04/03 11:20	ropensci/extractr	master
21/04/03 11:20	ropensci/extractr	master
21/04/03 10:41	gabrielrvsc/HDeconometrics	master
21/04/03 09:46	gabrielrvsc/HDeconometrics	master
21/04/03 08:54	gabrielrvsc/HDeconometrics	master
21/04/03 08:53	gabrielrvsc/HDeconometrics	master
21/04/03 07:47	gabrielrvsc/HDeconometrics	master
21/04/03 07:46	gabrielrvsc/HDeconometrics	master
21/04/03 07:26	gabrielrvsc/HDeconometrics	master
21/04/03 03:32	gabrielrvsc/HDeconometrics	master
21/04/03 01:18	vqv/ggbiplot	master
21/04/03 01:06	vqv/ggbiplot	master
