21/02/17 20:17	mikelove/DESeq2	v1.22
21/02/17 20:14	mikelove/DESeq2	v1.22
21/02/17 20:01	vqv/ggbiplot	master
21/02/17 20:01	vqv/ggbiplot	master
21/02/17 20:00	vqv/ggbiplot	master
21/02/17 19:41	vqv/ggbiplot	master
21/02/17 19:36	uribo/SUmisc	master
21/02/17 19:36	vqv/ggbiplot	master
21/02/17 19:33	vqv/ggbiplot	master
21/02/17 19:26	vqv/ggbiplot	master
21/02/17 19:20	vqv/ggbiplot	master
21/02/17 19:18	vqv/ggbiplot	master
21/02/17 19:17	vqv/ggbiplot	master
21/02/17 19:15	vqv/ggbiplot	master
21/02/17 19:13	vqv/ggbiplot	master
21/02/17 19:12	vqv/ggbiplot	master
21/02/17 19:12	vqv/ggbiplot	master
21/02/17 19:09	vqv/ggbiplot	master
21/02/17 19:09	vqv/ggbiplot	master
21/02/17 19:09	vqv/ggbiplot	master
21/02/17 19:08	vqv/ggbiplot	master
21/02/17 19:08	vqv/ggbiplot	master
21/02/17 19:08	vqv/ggbiplot	master
21/02/17 19:07	vqv/ggbiplot	master
21/02/17 19:07	vqv/ggbiplot	master
21/02/17 19:06	vqv/ggbiplot	master
21/02/17 19:03	vqv/ggbiplot	master
21/02/17 19:00	vqv/ggbiplot	master
21/02/17 18:59	vqv/ggbiplot	master
21/02/17 18:57	vqv/ggbiplot	master
21/02/17 18:55	vqv/ggbiplot	master
21/02/17 18:51	vqv/ggbiplot	master
21/02/17 18:50	vqv/ggbiplot	master
21/02/17 18:50	vqv/ggbiplot	master
21/02/17 18:48	vqv/ggbiplot	master
21/02/17 18:48	vqv/ggbiplot	master
21/02/17 18:46	vqv/ggbiplot	master
21/02/17 18:45	vqv/ggbiplot	master
21/02/17 18:44	vqv/ggbiplot	master
21/02/17 18:44	xuyiqing/gsynth	master
21/02/17 18:33	vqv/ggbiplot	master
21/02/17 18:30	vqv/ggbiplot	master
21/02/17 18:29	vqv/ggbiplot	master
21/02/17 18:29	vqv/ggbiplot	master
21/02/17 18:18	vqv/ggbiplot	master
21/02/17 18:03	vqv/ggbiplot	master
21/02/17 17:55	thomasp85/patchwork	master
21/02/17 17:53	ccolonescu/PoEdata	master
21/02/17 17:50	vqv/ggbiplot	master
21/02/17 17:28	thomasp85/patchwork	master
21/02/17 16:24	shenlab-sinai/shen-bioinfo-R	master
21/02/17 16:16	nathanesau/MSM	master
21/02/17 15:53	gabrielbouleau/mangal.package	master
21/02/17 14:14	vqv/ggbiplot	master
21/02/17 12:24	robjhyndman/tsfeatures	master
21/02/17 12:22	robjhyndman/indmortality	master
21/02/17 12:01	vqv/ggbiplot	master
21/02/17 10:13	lebebr01/irtoys-2	master
21/02/17 09:09	John-R-Wallace/Imap	master
21/02/17 09:00	AustralianAntarcticDivision/raadtools	master
21/02/17 08:58	padpadpadpad/TeamPhytoplankton	master
21/02/17 08:58	padpadpadpad/nlsLoop	master
21/02/17 05:40	vegandevs/vegan	master
21/02/17 03:44	ColtoCaro/compMS	master
