21/02/18 20:35	jhollist/elevatr	master
21/02/18 19:44	silvadenisson/electionsBR	master
21/02/18 18:55	ccolonescu/PoEdata	master
21/02/18 18:15	ujjwalkarn/xda	master
21/02/18 18:03	ujjwalkarn/xda	master
21/02/18 18:01	ujjwalkarn/xda	master
21/02/18 18:00	ujjwalkarn/xda	master
21/02/18 17:52	hhoeflin/sanitizr	master
21/02/18 17:50	hhoeflin/sanitizr	master
21/02/18 17:43	prestodb/RPresto	master
21/02/18 17:26	silvadenisson/electionsBR	master
21/02/18 17:19	silvadenisson/electionsBR	master
21/02/18 17:11	silvadenisson/electionsBR	master
21/02/18 17:09	silvadenisson/electionsBR	master
21/02/18 17:07	silvadenisson/electionsBR	master
21/02/18 17:05	silvadenisson/electionsBR	master
21/02/18 16:34	bhaskarvk/leaflet.extras	master
21/02/18 14:38	bhaskarvk/leaflet.extras	master
21/02/18 13:34	bhaskarvk/leaflet.extras	master
21/02/18 13:13	silvadenisson/electionsBR	master
21/02/18 12:00	twitter/AnomalyDetection	master
21/02/18 03:35	griffithdan/plantspec	master
21/02/18 02:05	bhaskarvk/leaflet.extras	master
