21/06/22 19:54	jokergoo/ComplexHeatmap	master
21/06/22 17:49	hunzikp/velox	master
21/06/22 17:45	hunzikp/velox	master
21/06/22 17:38	MAGDa-BeuthHS/imputeData	master
21/06/22 17:30	MAGDa-BeuthHS/imputeData	master
21/06/22 17:28	MAGDa-BeuthHS/imputeData	master
21/06/22 17:28	MAGDa-BeuthHS/imputeData	master
21/06/22 17:27	MAGDa-BeuthHS/imputeData	master
21/06/22 16:33	johnbaums/rmaxent	master
21/06/22 16:31	johnbaums/rmaxent	master
21/06/22 15:57	johnbaums/rmaxent	master
21/06/22 15:56	johnbaums/rmaxent	master
21/06/22 15:51	jokergoo/ComplexHeatmap	master
21/06/22 15:44	johnbaums/rmaxent	master
21/06/22 15:34	johnbaums/rmaxent	master
21/06/22 15:31	johnbaums/rmaxent	master
21/06/22 15:23	eblondel/cleangeo	master
21/06/22 15:19	johnbaums/rmaxent	master
21/06/22 15:18	johnbaums/rmaxent	master
21/06/22 14:56	rich-iannone/DiagrammeR	master
21/06/22 13:18	erikriverson/mutable	master
21/06/22 13:00	nipfpmf/eventstudies	master
21/06/22 12:46	nipfpmf/eventstudies	master
21/06/22 12:27	johnbaums/rmaxent	master
21/06/22 09:44	SamBuckberry/massiR	master
21/06/22 08:41	jbkunst/highcharter	master
21/06/22 03:26	matthewcurrier/mattstemplates	master
