21/02/16 20:56	google/NLSdata	master
21/02/16 20:48	mikelove/DESeq2	v1.22
21/02/16 20:48	mikelove/DESeq2	v1.22
21/02/16 20:48	yiluheihei/NFPdata	master
21/02/16 20:47	yiluheihei/NFPdata	master
21/02/16 20:47	mikelove/DESeq2	v1.20
21/02/16 20:46	google/NLSdata	master
21/02/16 20:46	google/NLSdata	master
21/02/16 20:41	mikelove/DESeq2	v1.20
21/02/16 19:03	vqv/ggbiplot	master
21/02/16 16:55	zabore/ezfun	master
21/02/16 16:43	OakleyJ/MUCM	master
21/02/16 16:40	twitter/AnomalyDetection	master
21/02/16 16:35	potterzot/rnassqs	master
21/02/16 16:12	potterzot/rnassqs	master
21/02/16 15:38	OakleyJ/MUCM	master
21/02/16 15:12	vqv/ggbiplot	master
21/02/16 14:48	flovv/Roxford	master
21/02/16 14:27	vqv/ggbiplot	master
21/02/16 13:38	GIS-SP-Group/RCA	master
21/02/16 13:28	GIS-SP-Group/RCA	master
21/02/16 13:27	markajoc/condvis	master
21/02/16 13:26	cognopod/corners	master
21/02/16 13:23	GIS-SP-Group/RCA	master
21/02/16 13:22	GIS-SP-Group/RCA	master
21/02/16 11:39	CenterForStatistics-UGent/pim	master
21/02/16 11:35	CenterForStatistics-UGent/pim	master
21/02/16 09:12	ipea/utilsIPEA	master
21/02/16 03:19	dinmatias/reconproGS	master
21/02/16 03:19	dinmatias/reconproGS	master
21/02/16 03:18	dinmatias/reconproGS	master
21/02/16 03:09	dinmatias/reconproGS	master
