21/02/08 19:40	thomasp85/patchwork	master
21/02/08 19:26	ColtoCaro/compMS	sn-variance-weighting
21/02/08 19:18	ccolonescu/PoEdata	master
21/02/08 18:33	hrbrmstr/taucharts	master
21/02/08 16:48	ccolonescu/PoEdata	master
21/02/08 16:44	ccolonescu/PoEdata	master
21/02/08 16:40	ccolonescu/PoEdata	master
21/02/08 16:39	ccolonescu/PoEdata	master
21/02/08 16:30	ccolonescu/PoEdata	master
21/02/08 16:13	ccolonescu/PoEdata	master
21/02/08 15:55	%s	%s
21/02/08 15:28	ccolonescu/PoEdata	master
21/02/08 15:26	ccolonescu/PoEdata	master
21/02/08 15:21	ccolonescu/PoEdata	master
21/02/08 15:19	ccolonescu/PoEdata	master
21/02/08 15:14	ccolonescu/PoEdata	master
21/02/08 15:13	ccolonescu/PoEdata	master
21/02/08 15:13	ccolonescu/PoEdata	master
21/02/08 15:09	ccolonescu/PoEdata	master
21/02/08 15:08	ccolonescu/PoEdata	master
21/02/08 15:07	ccolonescu/PoEdata	master
21/02/08 15:06	ccolonescu/PoEdata	master
21/02/08 15:05	ccolonescu/PoEdata	master
21/02/08 15:03	ccolonescu/PoEdata	master
21/02/08 14:58	ccolonescu/PoEdata	master
21/02/08 14:54	ccolonescu/PoEdata	master
21/02/08 14:53	ccolonescu/PoEdata	master
21/02/08 14:53	ccolonescu/PoEdata	master
21/02/08 14:47	ccolonescu/PoEdata	master
21/02/08 14:45	ccolonescu/PoEdata	master
21/02/08 14:44	ccolonescu/PoEdata	master
21/02/08 14:36	ccolonescu/PoEdata	master
21/02/08 14:35	ccolonescu/PoEdata	master
21/02/08 14:31	ccolonescu/PoEdata	master
21/02/08 14:31	ccolonescu/PoEdata	master
21/02/08 14:30	ccolonescu/PoEdata	master
21/02/08 11:09	ccolonescu/PoEdata	master
21/02/08 10:50	ccolonescu/PoEdata	master
21/02/08 10:45	ccolonescu/PoEdata	master
21/02/08 09:42	hrbrmstr/taucharts	master
21/02/08 09:41	hrbrmstr/taucharts	master
21/02/08 09:30	hrbrmstr/taucharts	master
21/02/08 09:29	hrbrmstr/taucharts	master
21/02/08 09:27	hrbrmstr/taucharts	master
21/02/08 09:23	hrbrmstr/taucharts	master
21/02/08 08:52	cmoten/fars	master
21/02/08 04:42	lulizou/boostme	master
21/02/08 04:35	lulizou/boostme	master
21/02/08 01:51	lulizou/boostme	master
