21/04/13 08:37	gabrielrvsc/HDeconometrics	master
21/04/13 08:31	davidavdav/ROC	master
21/04/13 08:31	gabrielrvsc/HDeconometrics	master
21/04/13 08:31	gabrielrvsc/HDeconometrics	master
21/04/13 08:30	gabrielrvsc/HDeconometrics	master
21/04/13 08:30	gabrielrvsc/HDeconometrics	master
21/04/13 08:26	gabrielrvsc/HDeconometrics	master
21/04/13 07:27	shuodata/mlr-master	master
21/04/13 07:24	shuodata/mlr-master	master
21/04/13 07:24	matthewcurrier/mattsforecaster	master
21/04/13 07:21	matthewcurrier/mattsforecaster	master
21/04/13 07:20	PhyloMeth/getting-started-kmassana	master
21/04/13 07:16	PhyloMeth/getting-started-kmassana	master
21/04/13 07:15	PhyloMeth/getting-started-castrodt	master
21/04/13 07:10	PhyloMeth/getting-started-kmassana	master
21/04/13 07:09	PhyloMeth/getting-started-castrodt	master
21/04/13 07:02	rte-antares-rpackage/antaresProcessing	master
21/04/13 07:01	rte-antares-rpackage/antaresProcessing	master
21/04/13 07:00	rte-antares-rpackage/antaresProcessing	master
21/04/13 06:59	rte-antares-rpackage/antaresProcessing	master
21/04/13 06:30	gabrielrvsc/HDeconometrics	master
21/04/13 03:40	gabrielrvsc/HDeconometrics	master
21/04/13 03:22	sgibb/bootstrap	master
21/04/13 02:51	vqv/ggbiplot	master
21/04/13 02:19	hoxo-m/magicfor	master
