21/05/15 17:59	EdwinTh/thatssorandom	master
21/05/15 17:52	EdwinTh/thatssorandom	master
21/05/15 17:52	EdwinTh/thatssorandom	master
21/05/15 17:48	EdwinTh/thatssorandom	master
21/05/15 17:45	PABalland/EconGeo	master
21/05/15 17:44	EdwinTh/thatssorandom	master
21/05/15 17:42	EdwinTh/thatssorandom	master
21/05/15 16:05	daroczig/binancer	master
21/05/15 15:54	samclifford/mgcv.helper	master
21/05/15 12:48	SMAPPNYU/smappR	master
21/05/15 12:09	fawda123/ggord	master
21/05/15 11:32	PABalland/EconGeo	master
21/05/15 10:55	davidavdav/ROC	master
21/05/15 10:20	PABalland/EconGeo	master
21/05/15 10:10	PABalland/EconGeo	master
21/05/15 09:46	jbryer/likert	35b8802
21/05/15 09:12	bdemeshev/sophisthse	master
21/05/15 06:29	davidavdav/ROC	master
21/05/15 06:26	davidavdav/ROC	master
21/05/15 06:24	davidavdav/ROC	master
21/05/15 06:11	davidavdav/ROC	master
21/05/15 06:04	davidavdav/ROC	master
21/05/15 06:03	rmcelreath/rethinking	master
21/05/15 05:58	Rdatatable/data.table	master
21/05/15 05:37	davidavdav/ROC	master
21/05/15 05:34	davidavdav/ROC	master
21/05/15 05:24	davidavdav/ROC	master
21/05/15 05:11	Rdatatable/data.table	master
21/05/15 04:59	davidavdav/ROC	master
21/05/15 04:57	Rdatatable/data.table	master
21/05/15 04:56	davidavdav/ROC	master
21/05/15 04:51	davidavdav/ROC	master
21/05/15 04:38	davidavdav/ROC	master
21/05/15 04:37	davidavdav/ROC	master
21/05/15 04:35	davidavdav/ROC	master
21/05/15 04:19	davidavdav/ROC	master
21/05/15 04:14	davidavdav/ROC	master
21/05/15 03:45	Rdatatable/data.table	master
21/05/15 01:50	cbail/textnets	master
