21/03/29 13:53	lulizou/boostme	master
21/03/29 13:46	jimhester/lookup	master
21/03/29 13:44	lulizou/boostme	master
21/03/29 13:39	lulizou/boostme	master
21/03/29 13:20	lulizou/boostme	master
21/03/29 13:12	lulizou/boostme	master
21/03/29 13:10	lulizou/boostme	master
21/03/29 13:03	lulizou/boostme	master
21/03/29 13:02	lulizou/boostme	master
21/03/29 12:44	lulizou/boostme	master
21/03/29 12:33	gabrielrvsc/HDeconometrics	master
21/03/29 12:28	gabrielrvsc/HDeconometrics	master
21/03/29 12:24	lulizou/boostme	master
21/03/29 12:23	lulizou/boostme	master
21/03/29 12:05	jimhester/lookup	master
21/03/29 11:11	twitter/AnomalyDetection	master
21/03/29 08:59	rprops/Phenoflow_package	master
21/03/29 08:36	hadley/pryr	master
21/03/29 02:47	rstudio/htmltools	master
21/03/29 02:47	rstudio/htmltools	master
21/03/29 01:09	rstudio/config	master
21/03/29 01:09	rstudio/config	master
