21/05/21 17:57	wviechtb/metafor	master
21/05/21 17:56	wviechtb/metafor	master
21/05/21 17:54	wviechtb/metafor	master
21/05/21 17:38	daroczig/binancer	master
21/05/21 17:05	gastonstat/plspm	master
21/05/21 13:33	USCbiostats/aphylo	master
21/05/21 12:58	Microsoft/AzureSMR	master
21/05/21 12:06	Bart6114/jug	master
21/05/21 12:03	Bart6114/infuser	master
21/05/21 09:57	Bart6114/jug	master
21/05/21 09:54	Bart6114/infuser	master
21/05/21 09:31	GuillemSalazar/EcolUtils	master
21/05/21 09:19	whitwort/courseR	master
21/05/21 08:51	ropenscilabs/skimr	master
21/05/21 08:48	moderndive/moderndive	master
21/05/21 08:34	ropensci/tabulizer	master
21/05/21 08:34	ropensci/tabulizerjars	master
21/05/21 06:35	daroczig/binancer	master
21/05/21 05:23	GRousselet/rogme	master
21/05/21 04:41	metno/esd	master
21/05/21 04:39	metno/esd	master
