21/07/13 18:03	gavinsimpson/ggvegan	master
21/07/13 16:35	Financial-Times/ftRtools	master
21/07/13 16:04	JoshuaTian/ChAMP	master
21/07/13 15:43	christpa/DMRScan	master
21/07/13 15:42	RGLab/Pviz	master
21/07/13 15:35	Jfortin1/shinyMethyl	master
21/07/13 15:03	ColumbusCollaboratory/cognizer	master
21/07/13 15:01	ColumbusCollaboratory/cognizer	master
21/07/13 15:01	ColumbusCollaboratory/cognizer	master
21/07/13 14:55	TJGorrie/IlluminaHumanMethylationManifestShiny	master
21/07/13 14:54	TJGorrie/IlluminaHumanMethylationManifestShiny	master
21/07/13 14:53	TJGorrie/IlluminaHumanMethylationManifestShiny	master
21/07/13 14:52	ColumbusCollaboratory/cognizer	master
21/07/13 14:52	ColumbusCollaboratory/cognizer	master
21/07/13 14:51	ColumbusCollaboratory/cognizer	master
21/07/13 14:49	ColumbusCollaboratory/cognizer	master
21/07/13 14:48	ColumbusCollaboratory/cognizer	master
21/07/13 14:48	ColumbusCollaboratory/cognizer	master
21/07/13 14:47	ColumbusCollaboratory/cognizer	master
21/07/13 14:47	ColumbusCollaboratory/cognizer	master
21/07/13 14:45	christophsax/tsbox	master
21/07/13 14:43	ddsjoberg/sjofun	master
21/07/13 14:41	hadley/emo	master
21/07/13 14:36	jcheng5/countdown	master
21/07/13 14:25	stpp-GitHub-community/stpp	master
21/07/13 14:22	MatMatt/MODIS	master
21/07/13 13:05	PABalland/EconGeo	master
21/07/13 12:22	PABalland/EconGeo	master
21/07/13 12:21	PABalland/EconGeo	master
21/07/13 01:55	gregmacfarlane/sppois	master
21/07/13 01:39	gregmacfarlane/sppois	master
21/07/13 01:35	gregmacfarlane/sppois	master
21/07/13 01:23	nipfpmf/eventstudies	master
