21/04/10 11:58	gabrielrvsc/HDeconometrics	master
21/04/10 11:57	davidavdav/ROC	master
21/04/10 11:55	davidavdav/ROC	master
21/04/10 11:53	davidavdav/ROC	master
21/04/10 11:42	EdwinTh/thatssorandom	master
21/04/10 11:34	davidavdav/ROC	master
21/04/10 11:23	davidavdav/ROC	master
21/04/10 11:12	davidavdav/ROC	master
21/04/10 11:01	davidavdav/ROC	master
21/04/10 10:44	davidavdav/ROC	master
21/04/10 10:24	davidavdav/ROC	master
21/04/10 10:24	davidavdav/ROC	master
21/04/10 10:04	davidavdav/ROC	master
21/04/10 09:41	alishinski/lavaanPlot	master
21/04/10 09:40	davidavdav/ROC	master
21/04/10 09:26	davidavdav/ROC	master
21/04/10 09:24	alishinski/lavaanPlot	master
21/04/10 08:57	davidavdav/ROC	master
21/04/10 08:41	davidavdav/ROC	master
21/04/10 07:50	bbTomas/rPraat	master
21/04/10 07:34	Moonglum8/farsfuncs	master
21/04/10 06:02	gabrielrvsc/HDeconometrics	master
21/04/10 05:34	ColtoCaro/compMS	sn-variance-weighting
21/04/10 02:51	jchiquet/PLNmodels	master
21/04/10 02:43	gabrielrvsc/HDeconometrics	master
21/04/10 02:16	gabrielrvsc/HDeconometrics	master
21/04/10 02:15	gabrielrvsc/HDeconometrics	master
21/04/10 02:14	gabrielrvsc/HDeconometrics	master
21/04/10 02:14	gabrielrvsc/HDeconometrics	master
