21/03/02 18:23	thomasp85/patchwork	master
21/03/02 16:35	fmichonneau/phyloch	master
21/03/02 15:47	royfrancis/pophelper	master
21/03/02 15:09	Displayr/flipPlots	master
21/03/02 14:45	zdk123/SpiecEasi	master
21/03/02 13:57	gabrielrvsc/HDeconometrics	master
21/03/02 10:23	vnminin/phylomap	master
21/03/02 09:58	gschofl/biofiles	master
21/03/02 09:49	sborstein/AnnotationBustR	master
21/03/02 09:46	seankross/minimap	master
21/03/02 09:45	seankross/minimap	master
21/03/02 09:43	seankross/minimap	master
21/03/02 09:27	seankross/minimap	master
21/03/02 09:23	seankross/minimap	master
21/03/02 09:17	seankross/minimap	master
21/03/02 09:14	seankross/minimap	master
21/03/02 09:10	lgatto/tipsntRicks	master
21/03/02 09:10	seankross/minimap	master
21/03/02 08:53	ChubingZeng/classo	master
21/03/02 08:53	amurali2/cats	master
21/03/02 08:50	wpeterman/ResistanceGA	master
21/03/02 08:50	twitter/AnomalyDetection	master
21/03/02 08:19	hadley/bookdown	master
21/03/02 06:47	yrosseel/lavaan	master
