21/01/13 21:53	ericstrobl/RCIT	master
21/01/13 21:30	pdil/usmap	master
21/01/13 21:09	thomasp85/patchwork	master
21/01/13 20:56	ColtoCaro/compMS	sn-variance-weighting
21/01/13 20:44	ColtoCaro/compMS	sn-variance-weighting
21/01/13 20:34	Nowosad/spDataLarge	master
21/01/13 20:11	hrbrmstr/albersusa	master
21/01/13 18:25	JoGall/soccermatics	master
21/01/13 18:23	RRemelgado/rsMove	master
21/01/13 18:23	mablab/rpostgisLT	master
21/01/13 18:14	jmsigner/rhr	master
21/01/13 18:13	nolanlab/Rclusterpp	master
21/01/13 18:12	SESman/rbl	master
21/01/13 18:11	benjamin-merkel/probGLS	master
21/01/13 18:10	crsh/papaja	master
21/01/13 18:10	ropenscilabs/ochRe	master
21/01/13 18:10	BastilleRousseau/moveNT	master
21/01/13 18:09	BastilleRousseau/lsmnsd	master
21/01/13 17:50	vqv/ggbiplot	master
21/01/13 17:49	animalnexus/feedr	master
21/01/13 17:49	hadley/emo	master
21/01/13 17:48	animalnexus/feedr	master
21/01/13 17:42	royfrancis/drtracker	master
21/01/13 17:41	jjvanderwal/SDMTools	master
21/01/13 17:36	rstudio/d3heatmap	master
21/01/13 17:36	jcheng5/countdown	master
21/01/13 17:33	Bioconductor/BiocInstaller	master
21/01/13 17:32	SWotherspoon/BAStag	master
21/01/13 17:31	Bioconductor/annotate	master
21/01/13 16:04	google/GeoexperimentsResearch	master
21/01/13 15:05	benaug/SPIM	master
21/01/13 10:32	cmoten/fars	master
21/01/13 06:54	vqv/ggbiplot	master
21/01/13 04:27	ColtoCaro/compMS	sn-variance-weighting
21/01/13 04:25	ColtoCaro/compMS	sn-variance-weighting
21/01/13 04:12	ColtoCaro/compMS	sn-variance-weighting
21/01/13 04:01	ColtoCaro/compMS	sn-variance-weighting
21/01/13 03:54	ColtoCaro/compMS	sn-variance-weighting
21/01/13 03:38	ColtoCaro/compMS	sn-variance-weighting
21/01/13 02:23	ColtoCaro/compMS	sn-variance-weighting
21/01/13 02:06	ColtoCaro/compMS	sn-variance-weighting
21/01/13 01:18	ColtoCaro/compMS	sn-variance-weighting
