21/06/04 17:50	daroczig/binancer	master
21/06/04 16:26	susjoh/ggpedigree	master
21/06/04 16:25	susjoh/ggpedigree	master
21/06/04 13:21	sivarajankumar/rf-ace	master
21/06/04 13:15	sivarajankumar/rf-ace	master
21/06/04 10:55	alstat/rface	master
21/06/04 10:54	sivarajankumar/rf-ace	master
21/06/04 10:40	sivarajankumar/rf-ace	master
21/06/04 10:29	sivarajankumar/rf-ace	master
21/06/04 10:13	shuodata/mlr-master	master
21/06/04 10:12	sivarajankumar/rf-ace	master
21/06/04 09:50	isglobal-brge/scoreInvHap	master
21/06/04 08:34	baptiste/ggflags	master
21/06/04 08:32	drsimonj/corrr	master
21/06/04 08:27	drsimonj/corrr	master
21/06/04 08:08	daroczig/binancer	master
21/06/04 07:55	baptiste/ggflags	master
21/06/04 07:49	daroczig/binancer	master
21/06/04 06:48	drsimonj/corrr	master
21/06/04 04:53	BAAQMD/copydat	master
21/06/04 04:45	daroczig/binancer	master
21/06/04 02:45	juba/rmdformats	master
