21/06/15 19:43	Russel88/MicEco	master
21/06/15 18:07	daroczig/binancer	master
21/06/15 18:05	PMassicotte/gtrendsR	fix-non-english-locale
21/06/15 17:35	PMassicotte/gtrendsR	master
21/06/15 15:34	baptiste/ggflags	master
21/06/15 15:33	baptiste/ggflags	master
21/06/15 15:32	baptiste/ggflags	master
21/06/15 15:28	baptiste/ggflags	master
21/06/15 15:10	skranz/gtree	master
21/06/15 15:09	baptiste/ggflags	master
21/06/15 14:36	vqv/ggbiplot	master
21/06/15 13:52	bgreenwell/ramify	master
21/06/15 13:36	bgreenwell/ramify	master
21/06/15 09:55	jeroenooms/magick	master
21/06/15 09:18	daroczig/binancer	master
21/06/15 09:09	stepcie/sslcov	master
21/06/15 09:08	stepcie/sslcov	master
21/06/15 09:07	stepcie/sslcov	master
21/06/15 07:21	gastonstat/plspm	master
21/06/15 07:16	daroczig/binancer	master
21/06/15 06:20	khabbazian/l1ou	master
21/06/15 06:03	uyedaj/bayou	master
21/06/15 02:11	daroczig/binancer	master
