21/04/11 12:45	davidavdav/ROC	master
21/04/11 12:39	davidavdav/ROC	master
21/04/11 12:33	davidavdav/ROC	master
21/04/11 10:36	gabrielrvsc/HDeconometrics	master
21/04/11 09:27	jimhester/lookup	master
21/04/11 09:26	twitter/AnomalyDetection	master
21/04/11 09:11	nurandi/katadasaR	master
21/04/11 07:05	gabrielrvsc/HDeconometrics	master
21/04/11 06:36	gabrielrvsc/HDeconometrics	master
21/04/11 05:22	ThinkRstat/tweetstorm	master
21/04/11 03:35	gabrielrvsc/HDeconometrics	master
21/04/11 02:27	gabrielrvsc/HDeconometrics	master
21/04/11 02:24	thomasp85/patchwork	master
21/04/11 02:20	thomasp85/patchwork	master
21/04/11 02:14	thomasp85/patchwork	master
21/04/11 01:13	SMAPPNYU/smappR	master
21/04/11 01:12	SMAPPNYU/smappR	master
21/04/11 01:10	twitter/AnomalyDetection	master
21/04/11 01:08	SMAPPNYU/smappR	master
21/04/11 01:07	SMAPPNYU/smappR	master
21/04/11 01:05	AFIT-R/anomalyDetection	master
21/04/11 01:04	ECO230/eco230r	master
21/04/11 01:03	twitter/AnomalyDetection	master
