21/07/01 14:56	ltorgo/DMwR2	master
21/07/01 14:55	haghish/DOT	master
21/07/01 13:20	xiaodaigh/disk.frame	master
21/07/01 12:57	f0nzie/zFactor	master
21/07/01 12:55	f0nzie/zFactor	master
21/07/01 12:44	strengejacke/sjPlot	master
21/07/01 12:27	PABalland/EconGeo	master
21/07/01 12:27	PABalland/EconGeo	master
21/07/01 12:21	f0nzie/zFactor	master
21/07/01 12:20	f0nzie/zFactor	master
21/07/01 12:11	PABalland/EconGeo	master
21/07/01 12:01	fozy81/NBN4R	master
21/07/01 12:00	fozy81/NBN4R	master
21/07/01 11:57	fozy81/NBN4R	master
21/07/01 09:10	gastonstat/plspm	master
21/07/01 08:16	environmentalinformatics-marburg/ESD	master
21/07/01 07:25	sjmgarnier/viridis	master
21/07/01 06:35	sjmgarnier/viridis	master
21/07/01 05:58	sjmgarnier/viridis	master
21/07/01 03:52	xuyiqing/gsynth	master
21/07/01 03:47	xuyiqing/gsynth	master
21/07/01 02:20	tidyverse/ggplot2	master
