21/02/05 17:56	af12066/nfreadbin	master
21/02/05 17:50	ccolonescu/PoEdata	master
21/02/05 17:46	ccolonescu/PoEdata	master
21/02/05 17:44	ccolonescu/PoEdata	master
21/02/05 17:44	PMassicotte/gtrendsR	master
21/02/05 17:24	lulizou/boostme	master
21/02/05 16:24	ccolonescu/PoEdata	master
21/02/05 16:22	ccolonescu/PoEdata	master
21/02/05 16:21	ccolonescu/PoEdata	master
21/02/05 16:14	ccolonescu/PoEdata	master
21/02/05 16:12	ccolonescu/PoEdata	master
21/02/05 13:57	ccolonescu/PoEdata	master
21/02/05 13:53	lulizou/boostme	master
21/02/05 13:35	ccolonescu/PoEdata	master
21/02/05 13:35	ccolonescu/PoEdata	master
21/02/05 13:21	ccolonescu/PoEdata	master
21/02/05 12:13	ccolonescu/PoEdata	master
21/02/05 10:49	lulizou/boostme	master
21/02/05 08:51	pkoki/dothis	master
21/02/05 08:49	rpatin/gpstools	master
21/02/05 08:21	huashan/pander	06c2f65797
21/02/05 07:33	lulizou/boostme	master
21/02/05 06:07	cdeterman/gpuR	master
21/02/05 05:48	hrbrmstr/sanders	master
