21/01/05 21:53	hrbrmstr/albersusa	master
21/01/05 20:14	cmartin/ggConvexHull	master
21/01/05 19:55	cmartin/ggConvexHull	master
21/01/05 19:48	AnguloB/SubscaleExplorer	master
21/01/05 19:42	AnguloB/SubscaleExplorer	master
21/01/05 19:42	AnguloB/SubscaleExplorer	master
21/01/05 19:09	daroczig/binancer	master
21/01/05 19:08	carlganz/svrepmisc	master
21/01/05 17:40	hoxo-m/magicfor	master
21/01/05 15:06	nipfpmf/eventstudies	master
21/01/05 15:05	nipfpmf/eventstudies	master
21/01/05 15:03	nipfpmf/eventstudies	master
21/01/05 14:53	jeffbone/First-Package	master
21/01/05 10:55	benjamin-merkel/probGLS	master
21/01/05 10:41	robjhyndman/tsfeatures	master
21/01/05 10:16	robjhyndman/tsfeatures	master
21/01/05 09:51	benjamin-merkel/probGLS	master
21/01/05 09:50	benjamin-merkel/probGLS	master
21/01/05 09:48	benjamin-merkel/probGLS	master
21/01/05 09:43	benjamin-merkel/probGLS	master
21/01/05 09:13	twitter/AnomalyDetection	master
21/01/05 08:07	r-spatial/sf	master
21/01/05 07:54	sfirke/janitor	master
21/01/05 07:35	RcppCore/Rcpp	master
21/01/05 07:16	jwijffels/ETLUtils	master
21/01/05 07:11	rstats-db/RMySQL	master
21/01/05 07:10	r-dbi/RSQLite	master
21/01/05 07:06	RcppCore/RcppArmadillo	master
21/01/05 07:05	hadley/lubridate	master
21/01/05 07:04	joshuaulrich/TTR	master
21/01/05 07:04	hadley/tidyverse	master
21/01/05 05:53	marchtaylor/sinkr	master
21/01/05 05:18	prcwiek/pmetar	master
21/01/05 04:50	hyunseungkang/ivmodel	master
21/01/05 04:09	thej022214/corHMM	master
