21/06/10 20:46	jmw86069/jamba	master
21/06/10 20:38	dyerlab/gstudio	master
21/06/10 20:37	dyerlab/popgraph	master
21/06/10 20:34	dyerlab/popgraph	master
21/06/10 20:08	twitter/AnomalyDetection	master
21/06/10 20:05	dyerlab/popgraph	master
21/06/10 20:02	dyerlab/popgraph	master
21/06/10 20:00	dyerlab/popgraph	master
21/06/10 19:59	dyerlab/gstudio	master
21/06/10 19:58	dyerlab/popgraph	master
21/06/10 18:05	daroczig/binancer	master
21/06/10 16:48	joey711/biom	master
21/06/10 14:43	RichardBirnie/survtools	master
21/06/10 14:31	tatters/soundgen	master
21/06/10 14:20	walkerke/tidycensus	master
21/06/10 14:15	walkerke/tidycensus	master
21/06/10 13:58	walkerke/tidycensus	master
21/06/10 13:57	stela2502/BioData	master
21/06/10 13:56	walkerke/tidycensus	master
21/06/10 13:54	walkerke/tidycensus	master
21/06/10 13:50	Hackout2/mapData	master
21/06/10 13:39	r-spatial/sf	master
21/06/10 13:31	walkerke/tidycensus	master
21/06/10 13:30	lgatto/MSnbase	master
21/06/10 13:29	r-spatial/sf	master
21/06/10 13:28	lgatto/ProtGenerics	master
21/06/10 13:27	lgatto/MSnbase	master
21/06/10 13:26	walkerke/tidycensus	master
21/06/10 13:18	lgatto/MSnbase	master
21/06/10 10:15	tatters/soundgen	master
21/06/10 09:06	nipfpmf/eventstudies	master
21/06/10 09:03	rwehrens/StatsDemo	master
21/06/10 08:58	daroczig/binancer	master
21/06/10 08:17	nipfpmf/eventstudies	master
21/06/10 07:42	lgatto/MSnbase	master
21/06/10 07:38	lgatto/MSnbase	master
21/06/10 05:56	daroczig/binancer	master
21/06/10 02:56	daroczig/binancer	master
