21/05/20 15:33	davidavdav/ROC	master
21/05/20 14:52	daroczig/binancer	master
21/05/20 13:47	Rdatatable/data.table	master
21/05/20 13:36	ericstrobl/RCIT	master
21/05/20 12:49	kassambara/datarium	master
21/05/20 12:14	domoinc-r/DomoR	master
21/05/20 12:08	domoinc-r/DomoR	master
21/05/20 12:06	r-spatial/sf	master
21/05/20 12:02	domoinc-r/DomoR	master
21/05/20 11:46	r-spatial/sf	master
21/05/20 11:26	gsk3/taRifx.geo	master
21/05/20 10:33	PABalland/EconGeo	master
21/05/20 10:33	PABalland/EconGeo	master
21/05/20 10:32	PABalland/EconGeo	master
21/05/20 09:52	strengejacke/sjPlot	master
21/05/20 08:26	julianfaraway/brinla	master
21/05/20 08:22	julianfaraway/brinla	master
21/05/20 07:47	Bioconductor/annotate	master
21/05/20 07:11	PABalland/EconGeo	master
21/05/20 06:08	daroczig/binancer	master
21/05/20 03:00	andersgs/harrietr	master
