21/04/01 17:40	EdwinTh/thatssorandom	master
21/04/01 17:12	MRCIEU/TwoSampleMR	master
21/04/01 17:02	mrke/NicheMapR	f3c661d300f12b9c36a9c9a5e4bcd2b6ae15d31a
21/04/01 17:01	mrke/NicheMapR	f3c661d300f12b9c36a9c9a5e4bcd2b6ae15d31a
21/04/01 16:41	mrke/NicheMapR	master
21/04/01 16:18	EdwinTh/thatssorandom	master
21/04/01 16:03	knights-lab/MWAS	master
21/04/01 13:47	kalinn/iqLearn	master
21/04/01 13:46	twitter/AnomalyDetection	master
21/04/01 13:35	tidyverse/rlang	master
21/04/01 13:35	tidyverse/rlang	master
21/04/01 13:34	tidyverse/rlang	dev
21/04/01 13:29	r-lib/rlang	master
21/04/01 10:33	gabrielrvsc/HDeconometrics	master
21/04/01 09:07	vqv/ggbiplot	master
21/04/01 08:57	hoxo-m/magicfor	master
21/04/01 08:04	stephenhky/rInfo	master
21/04/01 02:31	gabrielrvsc/HDeconometrics	master
21/04/01 02:31	gabrielrvsc/HDeconometrics	master
21/04/01 02:08	gabrielrvsc/HDeconometrics	master
21/04/01 01:55	gabrielrvsc/HDeconometrics	master
21/04/01 01:39	EdwinTh/thatssorandom	master
