21/01/19 18:26	uc-cfss/rcfss	master
21/01/19 18:25	uc-cfss/rcfss	master
21/01/19 17:48	uc-cfss/rcfss	master
21/01/19 16:44	uc-cfss/rcfss	master
21/01/19 16:42	uc-cfss/rcfss	master
21/01/19 15:47	rstudio/shinythemes	master
21/01/19 15:46	dsidavis/LCAP	master
21/01/19 15:44	gforge/htmlTable	master
21/01/19 15:40	dsidavis/LCAP	master
21/01/19 15:36	uc-cfss/rcfss	master
21/01/19 15:14	NKweiwang/flash	master
21/01/19 12:34	esmucler/mmlasso	master
21/01/19 11:32	enanomapper/renm	master
21/01/19 11:31	enanomapper/renm	master
21/01/19 11:11	ymattu/MlBayesOpt	master
21/01/19 09:16	vqv/ggbiplot	master
21/01/19 09:13	kuppal2/xMWAS	master
21/01/19 09:13	jjvanderwal/SDMTools	master
21/01/19 09:12	nishithkumarpaul/Rvolcano	master
21/01/19 08:14	coatless/rops	master
21/01/19 06:22	broadinstitute/ichorCNA	master
21/01/19 02:05	Deducive/FBinsightsR	master
