21/08/11 19:37	ropensci/tabulizer	master
21/08/11 19:37	ropensci/tabulizerjars	master
21/08/11 18:48	vqv/ggbiplot	master
21/08/11 18:47	vqv/ggbiplot	master
21/08/11 18:15	galuardi/boaR	master
21/08/11 17:49	ropensci/tabulizer	master
21/08/11 17:49	ropensci/tabulizerjars	master
21/08/11 17:06	ropensci/tabulizer	master
21/08/11 17:06	ropensci/tabulizerjars	master
21/08/11 17:01	JinmiaoChenLab/cytofkit	master
21/08/11 16:46	JinmiaoChenLab/Rphenograph	master
21/08/11 15:42	rstudio/d3heatmap	master
21/08/11 15:42	rstudio/d3heatmap	master
21/08/11 15:42	rstudio/d3heatmap	master
21/08/11 15:17	aaronwolen/liftover	master
21/08/11 14:32	geanders/noaastormevents	master
21/08/11 10:45	stan-dev/rstanarm	feature/survival
21/08/11 10:44	mvuorre/brmstools	master
21/08/11 09:51	stan-dev/rstanarm	feature/survival
21/08/11 09:49	stan-dev/rstanarm	feature/survival
21/08/11 09:45	Ironholds/birdnik	master
21/08/11 09:36	uebvhir/biom	master
21/08/11 09:36	miriamMota/biom	master
21/08/11 09:35	joey711/biom	master
21/08/11 07:17	mvuorre/brmstools	master
21/08/11 06:04	ropensci/tabulizerjars	master
21/08/11 06:02	ropenscilabs/tabulizer	master
21/08/11 06:01	ropensci/tabulizerjars	master
21/08/11 04:53	jmw86069/jamba	master
21/08/11 01:53	LucyMcGowan/chicken	master
21/08/11 01:52	LucyMcGowan/chicken	master
21/08/11 01:50	LucyMcGowan/chicken	master
