21/03/30 21:45	broadinstitute/inferCNV	RELEASE_3_11
21/03/30 21:01	hansthompson/rusps	master
21/03/30 19:41	thomasp85/patchwork	master
21/03/30 19:23	ccolonescu/PoEdata	master
21/03/30 18:00	mvuorre/brmstools	master
21/03/30 17:36	lulizou/boostme	master
21/03/30 17:33	joey711/phyloseq	master
21/03/30 16:48	lulizou/boostme	master
21/03/30 16:08	EdwinTh/thatssorandom	master
21/03/30 15:17	thomasp85/patchwork	master
21/03/30 14:35	EdwinTh/thatssorandom	master
21/03/30 14:21	gabrielrvsc/HDeconometrics	master
21/03/30 13:39	ccolonescu/PoEdata	master
21/03/30 08:48	lulizou/boostme	master
21/03/30 08:00	gabrielrvsc/HDeconometrics	master
21/03/30 07:57	rprops/Phenoflow_package	master
21/03/30 07:14	lulizou/boostme	master
21/03/30 06:53	lulizou/boostme	master
21/03/30 06:33	trinker/wakefield	master
21/03/30 06:27	kassambara/easyGgplot2	master
21/03/30 06:15	lulizou/boostme	master
21/03/30 01:06	lulizou/boostme	master
