21/04/14 07:36	pneuvial/sanssouci	master
21/04/14 05:15	harrelfe/rms	master
21/04/14 05:14	swish-climate-impact-assessment/rpostgrestools	master
21/04/14 05:07	LqNoob/Machine-Learning-Evaluation-Metrics	master
21/04/14 05:07	swish-climate-impact-assessment/rpostgrestools	master
21/04/14 05:05	tomaskrehlik/frequencyConnectedness	master
21/04/14 05:05	swish-climate-impact-assessment/ExcessHeatIndices	master
21/04/14 05:05	LqNoob/Machine-Learning-Evaluation-Metrics	master
21/04/14 05:04	LqNoob/Machine-Learning-Evaluation-Metrics	master
21/04/14 05:04	tomaskrehlik/frequencyConnectedness	master
21/04/14 05:01	tomaskrehlik/frequencyConnectedness	master
21/04/14 05:00	swish-climate-impact-assessment/ExcessHeatIndices	master
21/04/14 04:51	swish-climate-impact-assessment/rtamet	master
21/04/14 04:48	swish-climate-impact-assessment/rtamet	master
21/04/14 04:47	swish-climate-impact-assessment/rtamet	master
21/04/14 04:47	swish-climate-impact-assessment/ExcessHeatIndices	master
21/04/14 04:46	rainiercito/Mastering_Software_Development_in_R	master
21/04/14 04:44	swish-climate-impact-assessment/ExcessHeatIndices	master
21/04/14 04:44	PhyloMeth/getting-started-ElisabethFung	master
21/04/14 04:44	ZhangHaoquan/MasteringSoftwareDevelopmentInRCapstone	master
21/04/14 04:43	rainiercito/Mastering_Software_Development_in_R	master
21/04/14 04:42	ZhangHaoquan/MasteringSoftwareDevelopmentInRCapstone	master
21/04/14 04:41	PhyloMeth/getting-started-ElisabethFung	master
21/04/14 04:04	thomasp85/patchwork	master
21/04/14 04:02	thomasp85/patchwork	master
21/04/14 03:06	mikemcclendon/farsfunctions	master
21/04/14 03:03	mikemcclendon/farsfunctions	master
21/04/14 03:03	MarieAugerMethe/CCRWvsLW	master
21/04/14 02:48	apxu-devil/OptionsStaff	master
21/04/14 01:44	rwehrens/StatsDemo	master
