21/07/19 21:57	dpique/oncomix	master
21/07/19 21:56	dpique/oncomix	master
21/07/19 21:55	andreasmock/MetaboDiff	master
21/07/19 21:54	dpique/oncomix	master
21/07/19 21:54	vivekbhr/vivlib	master
21/07/19 21:53	dpique/oncomix	master
21/07/19 21:52	slzhao/KEGGprofile	master
21/07/19 19:03	markheckmann/gridsampler	master
21/07/19 18:19	padpadpadpad/nlsLoop	master
21/07/19 17:29	andrie/version.compare	master
21/07/19 17:17	andrie/version.compare	master
21/07/19 16:52	cdriveraus/ctsem	master
21/07/19 15:05	joshuaulrich/IBrokers	master
21/07/19 15:04	joshuaulrich/IBrokers	master
21/07/19 15:02	joshuaulrich/IBrokers	master
21/07/19 12:23	ricardo-bion/ggradar	master
21/07/19 09:43	bryanmayer/dfReg	master
21/07/19 09:42	bryanmayer/dfReg	master
21/07/19 09:39	bryanmayer/dfReg	master
21/07/19 08:59	abresler/rbokeh-master	master
21/07/19 06:49	yrosseel/lavaan	master
21/07/19 06:43	yrosseel/lavaan	master
