21/06/02 21:08	rstudio/config	master
21/06/02 21:07	daroczig/binancer	master
21/06/02 20:56	rstudio/config	master
21/06/02 19:35	schmolze/EMDomics-devel	master
21/06/02 19:27	schmolze/EMDomics-devel	master
21/06/02 19:13	daroczig/binancer	master
21/06/02 19:01	YTLogos/countrycode	master
21/06/02 18:20	JohnCoene/echarts	master
21/06/02 17:08	timelyportfolio/d3treeR	master
21/06/02 15:31	vqv/ggbiplot	master
21/06/02 13:38	rwehrens/StatsDemo	master
21/06/02 13:38	joey711/phyloseq	master
21/06/02 11:57	vqv/ggbiplot	master
21/06/02 11:54	vqv/ggbiplot	master
21/06/02 11:54	vqv/ggbiplot	master
21/06/02 11:45	vqv/ggbiplot	master
21/06/02 10:20	jaredhuling/jcolors	master
21/06/02 09:19	abhy/sentiment	master
21/06/02 09:08	andrie/sentiment	master
21/06/02 08:11	leeper/tabulizer	master
21/06/02 08:05	ropensci/tabulizerjars	master
21/06/02 06:00	sjmgarnier/viridis	master
21/06/02 06:00	sjmgarnier/viridis	master
21/06/02 04:35	daroczig/binancer	master
21/06/02 04:18	daroczig/binancer	master
21/06/02 02:13	fakenmc/micompr	master
21/06/02 02:11	daroczig/binancer	master
