21/02/10 20:09	yixuan/fontemoji	master
21/02/10 18:50	thomasp85/patchwork	master
21/02/10 18:27	Datactuariat/Rpostal	master
21/02/10 18:07	dracodoc/namebrowser	master
21/02/10 17:51	gavinha/TitanCNA	master
21/02/10 17:21	ccolonescu/PoEdata	master
21/02/10 17:19	ccolonescu/PoEdata	master
21/02/10 17:19	ccolonescu/PoEdata	master
21/02/10 17:07	ccolonescu/PoEdata	master
21/02/10 16:52	ccolonescu/PoEdata	master
21/02/10 15:54	ccolonescu/PoEdata	master
21/02/10 14:38	ccolonescu/PoEdata	master
21/02/10 13:44	vqv/ggbiplot	master
21/02/10 13:30	ccolonescu/PoEdata	master
21/02/10 11:52	drewlanenga/renv	master
21/02/10 10:17	ccolonescu/PoEdata	master
21/02/10 10:15	ccolonescu/PoEdata	master
21/02/10 10:14	ccolonescu/PoEdata	master
21/02/10 10:04	ccolonescu/PoEdata	master
21/02/10 10:00	ccolonescu/PoEdata	master
21/02/10 09:58	ccolonescu/PoEdata	master
21/02/10 09:54	fawda123/ggord	master
21/02/10 09:49	ccolonescu/PoEdata	master
21/02/10 09:48	ccolonescu/PoEdata	master
21/02/10 09:48	ccolonescu/PoEdata	master
21/02/10 09:47	ccolonescu/PoEdata	master
21/02/10 09:36	ccolonescu/PoEdata	master
21/02/10 09:35	ccolonescu/PoEdata	master
21/02/10 09:32	leeper/tabulizer	master
21/02/10 09:32	ropensci/tabulizerjars	master
21/02/10 09:30	ccolonescu/PoEdata	master
21/02/10 09:29	ccolonescu/PoEdata	master
21/02/10 09:28	ccolonescu/PoEdata	master
21/02/10 09:04	ccolonescu/PoEdata	master
21/02/10 09:03	ccolonescu/PoEdata	master
21/02/10 09:00	ccolonescu/PoEdata	master
21/02/10 09:00	ccolonescu/PoEdata	master
21/02/10 08:59	ccolonescu/PoEdata	master
21/02/10 08:59	ccolonescu/PoEdata	master
21/02/10 08:30	ccolonescu/PoEdata	master
21/02/10 08:26	ccolonescu/PoEdata	master
21/02/10 08:19	ccolonescu/PoEdata	master
21/02/10 08:18	ccolonescu/PoEdata	master
21/02/10 08:17	ccolonescu/PoEdata	master
21/02/10 07:16	nurandi/katadasaR	master
21/02/10 07:03	ymattu/MlBayesOpt	master
21/02/10 04:23	ujjwalkarn/xda	master
