21/04/20 22:43	jeffreyevans/spatialEco	master
21/04/20 21:24	benjjneb/dada2	1.4
21/04/20 20:01	bobmuscarella/ENMeval	master
21/04/20 19:57	DheerajAgarwal/rgdax	dev
21/04/20 19:56	mrmaxent/maxnet	master
21/04/20 19:56	DheerajAgarwal/rgdax	dev
21/04/20 19:55	DheerajAgarwal/rgdax	dev
21/04/20 19:54	mrmaxent/maxnet	master
21/04/20 18:57	jeffreyevans/spatialEco	master
21/04/20 17:33	jeffreyevans/spatialEco	master
21/04/20 17:27	susanathey/MCPanel	master
21/04/20 17:20	jeffreyevans/spatialEco	master
21/04/20 17:18	isglobal-brge/SNPassoc	master
21/04/20 16:49	isglobal-brge/SNPassoc	master
21/04/20 16:45	isglobal-brge/SNPassoc	master
21/04/20 16:38	isglobal-brge/SNPassoc	master
21/04/20 16:38	isglobal-brge/SNPassoc	master
21/04/20 15:04	braverock/blotter	master
21/04/20 14:52	ymattu/rjumanpp	master
21/04/20 14:41	ymattu/rjumanpp	master
21/04/20 14:40	ymattu/rjumanpp	master
21/04/20 14:35	ymattu/rjumanpp	master
21/04/20 14:10	thomasp85/patchwork	master
21/04/20 14:04	ccolonescu/PoEdata	master
21/04/20 13:53	gabrielrvsc/HDeconometrics	master
21/04/20 13:37	abrozzi/microbio	master
21/04/20 13:37	abrozzi/microbio	master
21/04/20 13:33	joey711/phyloseq	master
21/04/20 13:28	gabrielrvsc/HDeconometrics	master
21/04/20 13:22	gabrielrvsc/HDeconometrics	master
21/04/20 13:17	gabrielrvsc/HDeconometrics	master
21/04/20 13:14	abrozzi/microbio	master
21/04/20 13:12	abrozzi/microbio	master
21/04/20 12:42	erzk/fnirsr	master
21/04/20 11:36	gabrielrvsc/HDeconometrics	master
21/04/20 10:29	ccolonescu/PoEdata	master
21/04/20 10:04	galuardi/boaR	master
21/04/20 09:35	r-hub/rhub	master
21/04/20 09:29	rstudio/shiny-incubator	master
21/04/20 08:28	mattsigal/mmisc	master
21/04/20 08:23	ewenharrison/summarizer	master
21/04/20 05:15	hadley/lubridate	master
21/04/20 03:49	jbkunst/highcharter	master
