21/05/27 22:21	daroczig/binancer	master
21/05/27 21:47	hrbrmstr/waffle	master
21/05/27 20:13	Bart6114/jug	master
21/05/27 20:11	Bart6114/infuser	master
21/05/27 19:08	daroczig/binancer	master
21/05/27 18:48	grimbough/biomaRt	master
21/05/27 18:45	r-lib/remotes	master
21/05/27 16:08	spirgel/nscprepr	master
21/05/27 16:04	daroczig/binancer	master
21/05/27 14:31	hadley/devtools	master
21/05/27 14:27	mariodosreis/tai	master
21/05/27 14:18	grimbough/biomaRt	master
21/05/27 12:24	charlie86/spotifyr	master
21/05/27 11:05	charlie86/spotifyr	master
21/05/27 10:42	daroczig/binancer	master
21/05/27 10:12	charlie86/spotifyr	master
21/05/27 10:07	ymattu/MlBayesOpt	master
21/05/27 10:03	ymattu/MlBayesOpt	master
21/05/27 09:47	ymattu/MlBayesOpt	master
21/05/27 09:43	ymattu/MlBayesOpt	master
21/05/27 09:38	ymattu/MlBayesOpt	master
21/05/27 08:06	mi2-warsaw/lmmfit	master
21/05/27 02:34	shambam/Demo	master
21/05/27 02:30	csgillespie/renamer	master
21/05/27 02:30	csgillespie/renamer	master
21/05/27 02:24	csgillespie/renamer	master
21/05/27 02:19	vmikk/metagMisc	master
