21/01/20 19:48	lulizou/boostme	master
21/01/20 19:24	lulizou/boostme	master
21/01/20 19:18	DexGroves/ppR	master
21/01/20 18:20	davidavdav/ROC	master
21/01/20 18:08	beanumber/openWARData	master
21/01/20 17:11	isglobal-brge/CTDquerier	master
21/01/20 16:46	lulizou/boostme	master
21/01/20 16:45	lulizou/boostme	master
21/01/20 16:45	lulizou/boostme	master
21/01/20 16:41	lulizou/boostme	master
21/01/20 16:41	lulizou/boostme	master
21/01/20 16:40	lulizou/boostme	master
21/01/20 16:26	lulizou/boostme	master
21/01/20 16:25	lulizou/boostme	master
21/01/20 16:25	lulizou/boostme	master
21/01/20 16:21	lulizou/boostme	master
21/01/20 16:21	lulizou/boostme	master
21/01/20 16:20	lulizou/boostme	master
21/01/20 15:52	jackwasey/icd	master
21/01/20 15:50	rstudio/htmltools	master
21/01/20 13:49	trinker/qdapDictionaries	master
21/01/20 13:34	StatsWithR/statsr	BayesFactor
21/01/20 12:43	haleyjeppson/ggmosaic	master
21/01/20 11:01	StatsWithR/statsr	BayesFactor
21/01/20 10:44	StatsWithR/statsr	BayesFactor
21/01/20 10:35	jebyrnes/multifunc	master
21/01/20 10:16	ccolonescu/PoEdata	master
21/01/20 09:51	jebyrnes/multifunc	master
21/01/20 09:50	jebyrnes/multifunc	master
21/01/20 09:17	vandomed/pooling	master
21/01/20 09:04	haleyjeppson/ggmosaic	master
21/01/20 09:03	haleyjeppson/ggmosaic	master
21/01/20 09:00	haleyjeppson/ggmosaic	v0.3.1
21/01/20 06:20	MeenaChoi/MSstats	master
21/01/20 03:35	YTLogos/ggshape	master
21/01/20 02:08	wStockhausen/wtsPlotUtils	master
21/01/20 01:42	markwh/envirofacts	master
