21/06/09 17:51	ropensci/tesseract	master
21/06/09 17:39	hrbrmstr/hrbraddins	master
21/06/09 17:30	abhik1368/netpredictor	master
21/06/09 16:26	daroczig/binancer	master
21/06/09 14:24	pzawistowski/astar	master
21/06/09 12:45	IOR-Bioinformatics/PCSF	master
21/06/09 10:56	jentjr/manager	master
21/06/09 08:53	certifiedwaif/topserveR	master
21/06/09 08:32	davidavdav/ROC	master
21/06/09 08:07	RGLab/MAST	af1792df51b425c5ca324dfe7bdc4a2a006700ac
21/06/09 08:03	ropensci/rgbif	master
21/06/09 07:27	Oefenweb/r-database	master
21/06/09 06:45	ibartomeus/traitmatch	master
21/06/09 06:44	ibartomeus/traitmatch	master
21/06/09 06:41	clauswilke/dviz.supp	master
21/06/09 06:21	clauswilke/dviz.supp	master
21/06/09 06:17	clauswilke/dviz.supp	master
21/06/09 03:56	daroczig/binancer	master
21/06/09 03:33	jalvesaq/colorout	master
21/06/09 02:49	daroczig/binancer	master
