21/03/31 08:56	rmcelreath/rethinking	master
21/03/31 08:54	rmcelreath/rethinking	master
21/03/31 08:53	gabrielrvsc/HDeconometrics	master
21/03/31 08:52	rmcelreath/rethinking	master
21/03/31 08:52	gabrielrvsc/HDeconometrics	master
21/03/31 08:50	gabrielrvsc/HDeconometrics	master
21/03/31 08:39	lulizou/boostme	master
21/03/31 08:36	gabrielrvsc/HDeconometrics	master
21/03/31 08:23	gabrielrvsc/HDeconometrics	master
21/03/31 08:17	rmcelreath/rethinking	master
21/03/31 07:38	ColoradoDemography/tidycensus	master
21/03/31 07:03	gabrielrvsc/HDeconometrics	master
21/03/31 06:49	alyssafrazee/RSkittleBrewer	master
21/03/31 04:35	lulizou/boostme	master
21/03/31 03:42	AlekseyPauls/countriesLibR	master
21/03/31 03:39	AlekseyPauls/countriesLibR	master
21/03/31 03:22	mhahsler/rBLAST	master
21/03/31 03:19	vqv/ggbiplot	master
21/03/31 03:16	gabrielrvsc/HDeconometrics	master
21/03/31 02:15	masato-ogishi/Repitope	master
21/03/31 02:13	masato-ogishi/Repitope	master
21/03/31 02:09	jokergoo/ComplexHeatmap	master
21/03/31 02:09	masato-ogishi/Repitope	master
21/03/31 02:03	masato-ogishi/Repitope	master
21/03/31 02:03	masato-ogishi/Repitope	master
21/03/31 02:00	masato-ogishi/Repitope	master
21/03/31 01:56	thomasp85/patchwork	master
