21/03/27 22:36	thomasp85/patchwork	master
21/03/27 22:29	thomasp85/patchwork	master
21/03/27 22:27	thomasp85/patchwork	master
21/03/27 21:27	thomasp85/patchwork	master
21/03/27 21:25	thomasp85/patchwork	master
21/03/27 21:24	thomasp85/patchwork	master
21/03/27 21:17	thomasp85/patchwork	master
21/03/27 21:16	thomasp85/patchwork	master
21/03/27 21:15	thomasp85/patchwork	master
21/03/27 21:13	thomasp85/patchwork	master
21/03/27 17:59	hoxo-m/magicfor	master
21/03/27 11:00	j1wan/ietkit	master
21/03/27 08:43	gabrielrvsc/HDeconometrics	master
21/03/27 08:20	gabrielrvsc/HDeconometrics	master
21/03/27 07:53	gabrielrvsc/HDeconometrics	master
21/03/27 02:49	lulizou/boostme	master
21/03/27 01:20	lulizou/boostme	master
21/03/27 01:20	lulizou/boostme	master
21/03/27 01:20	lulizou/boostme	master
21/03/27 01:06	lulizou/boostme	master
