21/05/14 21:51	bfatemi/dslib	master
21/05/14 20:00	daroczig/binancer	master
21/05/14 19:01	rstudio/blogdown	master
21/05/14 18:48	rstudio/blogdown	master
21/05/14 17:48	Nowosad/spData	master
21/05/14 17:46	mikelove/tximeta	master
21/05/14 17:46	Nowosad/spDataLarge	master
21/05/14 17:45	mikelove/tximeta	master
21/05/14 17:43	mikelove/tximeta	master
21/05/14 17:42	mikelove/tximeta	master
21/05/14 17:41	mikelove/tximeta	master
21/05/14 17:40	statnet/EpiModelHIV	master
21/05/14 17:21	mikelove/tximeta	master
21/05/14 17:18	Rdatatable/data.table	master
21/05/14 17:18	EdwinTh/thatssorandom	master
21/05/14 17:14	SMAPPNYU/smappR	master
21/05/14 17:03	SMAPPNYU/smappR	master
21/05/14 16:55	tidyverse/googlesheets4	master
21/05/14 16:41	daroczig/binancer	master
21/05/14 15:43	ujjwalkarn/xda	master
21/05/14 15:04	davidavdav/ROC	master
21/05/14 14:56	GabrielaLopez/BiomasaFP	master
21/05/14 14:39	ForestPlots/BiomasaFP	master
21/05/14 14:15	skranz/regtools	master
21/05/14 13:42	gbm-developers/gbm3	master
21/05/14 13:01	dreamRs/esquisse	master
21/05/14 12:56	philmu/climex	master
21/05/14 11:27	nipfpmf/eventstudies	master
21/05/14 10:35	gbm-developers/gbm3	master
21/05/14 10:23	harrysouthworth/gbt	master
21/05/14 10:18	rmcelreath/rethinking	master
21/05/14 07:17	daroczig/binancer	master
21/05/14 06:05	daroczig/binancer	master
21/05/14 02:56	kyeager4/ksulibSearch	master
21/05/14 02:45	syounkin/Trioconductor	master
21/05/14 02:32	mpadge/tnorm	master
21/05/14 02:32	mpadge/tnorm	master
21/05/14 02:31	mpadge/tnorm	master
21/05/14 01:17	Patriota/tsinteger	master
