21/03/25 20:57	lulizou/boostme	master
21/03/25 20:33	lulizou/boostme	master
21/03/25 20:02	quanteda/quanteda.data	master
21/03/25 18:11	vqv/ggbiplot	master
21/03/25 18:07	renlund/ucR	master
21/03/25 16:28	hoxo-m/densratio	e8233e6
21/03/25 16:28	hoxo-m/densratio	v0.0.3
21/03/25 16:25	rmcelreath/rethinking	master
21/03/25 16:21	twitter/AnomalyDetection	master
21/03/25 15:53	xmarquez/vdem	master
21/03/25 15:42	gianmarcoalberti/GmAMisc	master
21/03/25 14:26	lulizou/boostme	master
21/03/25 13:28	shabbychef/BWStest	master
21/03/25 11:08	peterawe/CMScaller	master
21/03/25 09:01	cayek/associationr	master
21/03/25 08:53	cayek/associationr	master
21/03/25 08:34	bobmuscarella/ENMeval	master
21/03/25 06:34	gabrielrvsc/HDeconometrics	master
21/03/25 06:26	gabrielrvsc/HDeconometrics	master
21/03/25 02:53	lulizou/boostme	master
21/03/25 02:53	lulizou/boostme	master
21/03/25 02:50	naikai/sake	master
21/03/25 01:31	leifeld/btergm	master
21/03/25 01:24	gabrielrvsc/HDeconometrics	master
21/03/25 01:05	twitter/AnomalyDetection	master
