21/06/12 18:19	zdk123/SpiecEasi	master
21/06/12 18:05	marjoleinbruijning/trackdem	master
21/06/12 18:01	marjoleinbruijning/trackdem	master
21/06/12 17:50	daroczig/binancer	master
21/06/12 16:44	zdk123/SpiecEasi	master
21/06/12 16:42	joey711/phyloseq	master
21/06/12 16:33	yrosseel/lavaan	master
21/06/12 16:27	ProjectMOSAIC/mosaicCalc	master
21/06/12 16:27	rpruim/fastR2	master
21/06/12 16:26	metno/esd	master
21/06/12 15:41	statnmap/SDMSelect	master
21/06/12 15:38	AviBlinder/tsSelect	master
21/06/12 15:38	AviBlinder/tsSelect	master
21/06/12 15:35	AviBlinder/tsSelect	master
21/06/12 14:33	metronhomo/brostatistics	master
21/06/12 14:30	yrosseel/lavaan	master
21/06/12 13:54	yrosseel/lavaan	master
21/06/12 12:31	johnbaums/rmaxent	master
21/06/12 12:27	johnbaums/rmaxent	master
21/06/12 12:26	johnbaums/rmaxent	master
21/06/12 12:24	johnbaums/rmaxent	master
21/06/12 12:03	johnbaums/rmaxent	master
21/06/12 10:51	johnbaums/rmaxent	master
21/06/12 10:51	bobmuscarella/ENMeval	master
21/06/12 10:48	johnbaums/rmaxent	master
21/06/12 10:47	bobmuscarella/ENMeval	master
21/06/12 07:55	daroczig/binancer	master
21/06/12 03:16	daroczig/binancer	master
