21/05/03 17:21	zachcp/nycmaps	master
21/05/03 17:15	daroczig/binancer	master
21/05/03 16:32	kassambara/easyGgplot2	master
21/05/03 15:48	walkerke/tidycensus	master
21/05/03 15:47	walkerke/tidycensus	master
21/05/03 15:46	walkerke/tidycensus	master
21/05/03 15:43	edzer/gstat	master
21/05/03 15:43	edzer/gstat	master
21/05/03 15:00	kassambara/easyGgplot2	master
21/05/03 14:59	Eflores89/nasadata	master
21/05/03 11:50	jakejh/metapredict	master
21/05/03 11:23	nipfpmf/eventstudies	master
21/05/03 07:56	jennybc/gapminder	master
21/05/03 07:55	cdalzell/Lahman	master
21/05/03 07:53	hadley/nycflights13	master
21/05/03 07:08	daroczig/binancer	master
21/05/03 06:10	kassambara/easyGgplot2	master
21/05/03 04:13	daroczig/binancer	master
21/05/03 04:09	jasonmtroos/tarsir	master
21/05/03 02:50	joey711/biom	master
