21/08/13 22:32	dirkschumacher/geopattern	master
21/08/13 18:47	rdiaz02/varSelRF	master
21/08/13 16:37	rstudio/manipulate	master
21/08/13 16:37	rstudio/manipulate	master
21/08/13 15:34	raredd/plotr	master
21/08/13 15:00	ptaconet/rtunaatlas	master
21/08/13 14:53	ptaconet/rtunaatlas	master
21/08/13 14:06	sjPlot/esc	master
21/08/13 13:47	StatsWithR/statsr	master
21/08/13 13:45	StatsWithR/statsr	master
21/08/13 13:40	StatsWithR/statsr	master
21/08/13 13:32	raerose01/deconstructSigs	master
21/08/13 13:32	raerose01/deconstructSigs	master
21/08/13 13:23	harrelfe/Hmisc	master
21/08/13 13:18	StatsWithR/statsr	master
21/08/13 13:15	harrelfe/Hmisc	master
21/08/13 12:50	florianock/logrify	master
21/08/13 12:48	florianock/logrify	master
21/08/13 12:48	florianock/logrify	master
21/08/13 12:46	florianock/logrify	master
21/08/13 12:46	florianock/logrify	master
21/08/13 12:44	florianock/logrify	master
21/08/13 12:23	Diversity-ParetoOptimal/ParetoR	master
21/08/13 12:02	ClaraHapp/funData	master
21/08/13 11:14	hoxo-m/magicfor	master
21/08/13 11:07	erikriverson/mutable	master
21/08/13 10:23	ChristopherLucas/MatchingFrontier	master
21/08/13 10:06	loicdtx/bfastSpatial	master
21/08/13 09:50	hoxo-m/prophetExt	master
21/08/13 09:40	ropenscilabs/geoaxe	master
21/08/13 08:51	hoxo-m/prophetExt	master
21/08/13 06:30	david-hammond/hammond	master
