21/04/26 22:51	strengejacke/esc	master
21/04/26 22:49	strengejacke/esc	master
21/04/26 22:48	r-spatial/stars	master
21/04/26 22:46	vqv/ggbiplot	master
21/04/26 22:45	forwards/forwards	master
21/04/26 22:44	r-spatial/stars	master
21/04/26 22:39	r-spatial/stars	master
21/04/26 22:37	strengejacke/esc	master
21/04/26 22:31	r-spatial/spdep	master
21/04/26 22:27	vqv/ggbiplot	master
21/04/26 21:44	r-spatial/mapedit	master
21/04/26 21:33	r-spatial/mapview	master
21/04/26 19:34	SantanderMetGroup/downscaleR	master
21/04/26 19:34	SantanderMetGroup/visualizeR	master
21/04/26 19:28	SantanderMetGroup/loadeR	master
21/04/26 19:28	SantanderMetGroup/loadeR.2nc	master
21/04/26 19:28	SantanderMetGroup/loadeR.java	master
21/04/26 19:14	SantanderMetGroup/downscaleR	master
21/04/26 19:12	SantanderMetGroup/visualizeR	master
21/04/26 19:11	SantanderMetGroup/transformeR	master
21/04/26 19:08	SantanderMetGroup/loadeR	master
21/04/26 19:08	SantanderMetGroup/loadeR.2nc	master
21/04/26 19:07	SantanderMetGroup/loadeR.java	master
21/04/26 18:40	yrosseel/lavaan	master
21/04/26 17:45	Ronggui/RQDA	master
21/04/26 16:47	cdcrabtree/colorr	master
21/04/26 16:28	davidavdav/ROC	master
21/04/26 16:18	vqv/ggbiplot	master
21/04/26 15:22	vqv/ggbiplot	master
21/04/26 14:43	fgoral/goeveg	master
21/04/26 14:41	fgoral/goeveg	master
21/04/26 14:38	fgoral/goeveg	master
21/04/26 11:41	ressy/microsat	master
21/04/26 11:38	statnet/ergm.ego	master
21/04/26 11:27	marjoleinbruijning/trackdem	master
21/04/26 11:18	marjoleinbruijning/trackdem	master
21/04/26 11:14	marjoleinbruijning/trackdem	master
21/04/26 09:51	keboola/r-application	master
21/04/26 08:56	galuardi/boaR	master
21/04/26 08:56	edzer/hexbin	master
21/04/26 08:52	R-Finance/PerformanceAnalytics	master
21/04/26 08:30	cog-ethz/evertools	master
21/04/26 05:40	yannabraham/cytoCore	master
21/04/26 04:35	thozh912/ML-Lab-2	master
21/04/26 04:35	lgatto/PXD000001	master
21/04/26 04:34	aiminy/pdb2002	master
21/04/26 04:33	Mithradatha/MTH2401	master
