21/04/04 16:38	thomasp85/patchwork	master
21/04/04 15:42	soodoku/recognize	master
21/04/04 15:29	gabrielrvsc/HDeconometrics	master
21/04/04 15:28	gabrielrvsc/HDeconometrics	master
21/04/04 15:20	sa-lee/starmie	master
21/04/04 15:00	gabrielrvsc/HDeconometrics	master
21/04/04 14:48	genomicsclass/ph525x	master
21/04/04 14:37	gabrielrvsc/HDeconometrics	master
21/04/04 14:36	gabrielrvsc/HDeconometrics	master
21/04/04 14:36	gabrielrvsc/HDeconometrics	master
21/04/04 14:34	gabrielrvsc/HDeconometrics	master
21/04/04 14:32	gabrielrvsc/HDeconometrics	master
21/04/04 14:21	gabrielrvsc/HDeconometrics	master
21/04/04 14:20	gabrielrvsc/HDeconometrics	master
21/04/04 14:06	gabrielrvsc/HDeconometrics	master
21/04/04 14:05	gabrielrvsc/HDeconometrics	master
21/04/04 14:03	gabrielrvsc/HDeconometrics	master
21/04/04 14:00	gabrielrvsc/HDeconometrics	master
21/04/04 13:59	gabrielrvsc/HDeconometrics	master
21/04/04 13:55	gabrielrvsc/HDeconometrics	master
21/04/04 13:51	gabrielrvsc/HDeconometrics	master
21/04/04 13:42	gabrielrvsc/HDeconometrics	master
21/04/04 13:38	gabrielrvsc/HDeconometrics	master
21/04/04 13:36	gabrielrvsc/HDeconometrics	master
21/04/04 13:33	gabrielrvsc/HDeconometrics	master
21/04/04 13:29	gabrielrvsc/HDeconometrics	master
21/04/04 13:21	ropenscilabs/rnaturalearthhires	master
21/04/04 13:18	gabrielrvsc/HDeconometrics	master
21/04/04 13:13	gabrielrvsc/HDeconometrics	master
21/04/04 11:49	gabrielrvsc/HDeconometrics	master
21/04/04 11:11	EdwinTh/thatssorandom	master
21/04/04 09:44	EdwinTh/thatssorandom	master
21/04/04 09:44	EdwinTh/thatssorandom	master
21/04/04 09:42	EdwinTh/thatssorandom	master
21/04/04 09:28	EdwinTh/thatssorandom	master
21/04/04 09:27	EdwinTh/thatssorandom	master
21/04/04 09:26	EdwinTh/thatssorandom	master
21/04/04 09:18	EdwinTh/thatssorandom	master
21/04/04 09:18	EdwinTh/thatssorandom	master
21/04/04 09:18	EdwinTh/thatssorandom	master
21/04/04 09:15	EdwinTh/thatssorandom	master
21/04/04 06:07	gabrielrvsc/HDeconometrics	master
21/04/04 06:07	gabrielrvsc/HDeconometrics	master
21/04/04 04:53	gabrielrvsc/HDeconometrics	master
21/04/04 04:46	gabrielrvsc/HDeconometrics	master
21/04/04 03:06	gabrielrvsc/HDeconometrics	master
21/04/04 02:52	gabrielrvsc/HDeconometrics	master
21/04/04 01:39	gabrielrvsc/HDeconometrics	master
21/04/04 01:37	gabrielrvsc/HDeconometrics	master
