21/06/07 21:31	johnbaums/rmaxent	master
21/06/07 21:00	daroczig/binancer	master
21/06/07 20:31	johnbaums/rmaxent	master
21/06/07 19:36	johnbaums/rmaxent	master
21/06/07 19:31	johnbaums/rmaxent	master
21/06/07 19:28	johnbaums/rmaxent	master
21/06/07 19:21	johnbaums/rmaxent	master
21/06/07 19:19	johnbaums/rmaxent	master
21/06/07 19:13	eldafani/intsvy	master
21/06/07 19:12	silvadenisson/electionsBR	master
21/06/07 18:55	tatters/soundgen	master
21/06/07 17:07	daroczig/binancer	master
21/06/07 16:33	bingzhang16/NetSAM	master
21/06/07 15:54	jason-p-pickering/datim-validation	master
21/06/07 14:27	hrbrmstr/crafter	master
21/06/07 14:14	smn74/MANOVA.RM	master
21/06/07 09:43	TaylorAndrew/atAnalyze	master
21/06/07 09:10	jotsetung/atc	master
21/06/07 09:07	jotsetung/atc	master
21/06/07 08:06	hoxo-m/magicfor	master
21/06/07 08:05	hoxo-m/magicfor	master
21/06/07 08:02	hoxo-m/magicfor	master
21/06/07 07:30	daroczig/binancer	master
21/06/07 06:55	johnbaums/rmaxent	master
21/06/07 06:50	johnbaums/rmaxent	master
21/06/07 06:14	johnbaums/rmaxent	master
21/06/07 06:09	johnbaums/rmaxent	master
21/06/07 06:05	johnbaums/rmaxent	master
21/06/07 06:00	johnbaums/rmaxent	master
21/06/07 05:56	johnbaums/rmaxent	master
21/06/07 05:47	johnbaums/rmaxent	master
21/06/07 05:43	johnbaums/rmaxent	master
21/06/07 05:35	johnbaums/rmaxent	master
21/06/07 05:31	johnbaums/rmaxent	master
21/06/07 05:15	johnbaums/rmaxent	master
21/06/07 05:11	johnbaums/rmaxent	master
21/06/07 05:09	johnbaums/rmaxent	master
21/06/07 05:05	johnbaums/rmaxent	master
21/06/07 04:58	johnbaums/rmaxent	master
21/06/07 04:54	johnbaums/rmaxent	master
21/06/07 04:46	johnbaums/rmaxent	master
21/06/07 04:43	johnbaums/rmaxent	master
21/06/07 02:36	daroczig/binancer	master
21/06/07 01:11	daroczig/binancer	master
