21/05/11 19:53	ECO230/eco230r	master
21/05/11 19:53	ECO230/eco230r	master
21/05/11 19:29	daroczig/binancer	master
21/05/11 16:37	ECO230/eco230r	master
21/05/11 16:11	davidavdav/ROC	master
21/05/11 15:35	molsysbio/STASNet	master
21/05/11 15:23	molsysbio/STASNet	master
21/05/11 15:21	molsysbio/STASNet	master
21/05/11 15:15	PABalland/EconGeo	master
21/05/11 15:01	molsysbio/STASNet	master
21/05/11 14:47	molsysbio/STASNet	master
21/05/11 14:12	istresearch/popPyramidz	master
21/05/11 13:43	xuyiqing/gsynth	master
21/05/11 13:38	hoxo-m/magicfor	master
21/05/11 13:35	hoxo-m/magicfor	master
21/05/11 13:29	hoxo-m/magicfor	master
21/05/11 13:28	hoxo-m/magicfor	master
21/05/11 12:40	hoxo-m/magicfor	master
21/05/11 11:23	crsh/citr	master
21/05/11 11:21	vmikk/metagMisc	master
21/05/11 10:55	opisthokonta/tsnemicrobiota	master
21/05/11 08:32	roblanf/sangeranalyseR	develop
21/05/11 05:13	ltorgo/DMwR2	master
21/05/11 04:54	daroczig/binancer	master
21/05/11 03:13	KevinKotze/tsm	master
21/05/11 02:51	dumbR/MSMCRAN	master
21/05/11 01:53	dumbR/MSMCRAN	master
21/05/11 01:47	twitter/AnomalyDetection	master
