21/07/14 18:55	leeper/ghit	master
21/07/14 18:54	leeper/rio.db	master
21/07/14 18:52	twitter/AnomalyDetection	master
21/07/14 15:45	ardlop/zipfextR	master
21/07/14 15:44	ardlop/zipfextR	master
21/07/14 15:25	tagteam/pec	master
21/07/14 15:19	tagteam/pec	master
21/07/14 15:11	cjgb/pxR	master
21/07/14 15:09	YoJimboDurant/rmet2	master
21/07/14 14:42	SantanderMetGroup/loadeR	master
21/07/14 14:37	tierneytim/FIACH	master
21/07/14 13:49	tierneytim/FIACH	master
21/07/14 13:48	msjgriffiths/rAthena	master
21/07/14 13:43	msjgriffiths/rAthena	master
21/07/14 13:39	tierneytim/FIACH	master
21/07/14 13:15	stephlocke/datasauRus	master
21/07/14 13:06	tierneytim/FIACH	master
21/07/14 13:02	tierneytim/FIACH	master
21/07/14 12:55	nipfpmf/eventstudies	master
21/07/14 12:53	nipfpmf/eventstudies	master
21/07/14 12:49	tierneytim/FIACH	master
21/07/14 12:40	tierneytim/FIACH	master
21/07/14 12:27	tierneytim/FIACH	master
21/07/14 07:32	hrbrmstr/streamgraph	master
21/07/14 02:17	mhudecheck/revgeo	master
