21/06/24 20:58	rstudio/config	master
21/06/24 20:57	rstudio/config	master
21/06/24 20:52	r-spatial/sf	master
21/06/24 18:31	ncordon/imbalance	master
21/06/24 18:28	ncordon/imbalance	master
21/06/24 18:01	GuangchuangYu/clusterProfiler	master
21/06/24 17:15	PMassicotte/gtrendsR	fix-non-english-locale
21/06/24 16:56	swager/crossEstimation	master
21/06/24 16:55	swager/crossEstimation	master
21/06/24 16:13	James-Thorson/FishLife	master
21/06/24 15:48	PMassicotte/gtrendsR	fix-non-english-locale
21/06/24 15:48	PMassicotte/gtrendsR	fix-non-english-locale
21/06/24 15:45	PMassicotte/gtrendsR	fix-non-english-locale
21/06/24 15:44	PMassicotte/gtrendsR	fix-non-english-locale
21/06/24 15:11	CenterForAssessment/toOrdinal	master
21/06/24 15:07	CenterForAssessment/toOrdinal	master
21/06/24 13:18	ChristopherLucas/MatchingFrontier	master
21/06/24 12:05	ChristopherLucas/MatchingFrontier	master
21/06/24 12:04	briandk/loadr	master
21/06/24 10:39	briandk/loadr	master
21/06/24 10:26	swager/crossEstimation	master
21/06/24 09:37	ChristopherLucas/MatchingFrontier	master
21/06/24 09:11	gabrielrvsc/HDeconometrics	master
21/06/24 09:04	ChristopherLucas/MatchingFrontier	master
21/06/24 08:55	drsimonj/corrr	master
21/06/24 02:04	ccolonescu/PoEdata	master
21/06/24 02:00	ccolonescu/PoEdata	master
21/06/24 01:59	ccolonescu/PoEdata	master
21/06/24 01:59	ccolonescu/PoEdata	master
21/06/24 01:40	ccolonescu/PoEdata	master
21/06/24 01:11	ccolonescu/PoEdata	master
