21/02/12 16:48	hojsgaard/pbkrtest	%232
21/02/12 16:45	hojsgaard/pbkrtest	%232
21/02/12 16:44	hojsgaard/pbkrtest	%232
21/02/12 16:39	hojsgaard/pbkrtest	%232
21/02/12 16:37	ateucher/rmapshaper	master
21/02/12 16:32	hojsgaard/pbkrtest	38e6dc3
21/02/12 16:27	hojsgaard/pbkrtest	8e2a026
21/02/12 16:25	hojsgaard/pbkrtest	de9fcab
21/02/12 15:44	ccolonescu/PoEdata	master
21/02/12 15:16	quommit/settle	master
21/02/12 15:16	quommit/settle	master
21/02/12 14:21	ateucher/rmapshaper	master
21/02/12 14:20	ateucher/rmapshaper	master
21/02/12 13:42	vlahm/MCMCwrap	master
21/02/12 10:26	padpadpadpad/TeamPhytoplankton	master
21/02/12 10:25	padpadpadpad/nlsLoop	master
21/02/12 08:39	AustralianAntarcticDivision/palr	master
21/02/12 07:49	padpadpadpad/TeamPhytoplankton	master
21/02/12 02:33	hadley/multidplyr	3e65c2c9d5011fa34d18965308e5c52326a6d3c4
21/02/12 01:15	dswatson/biomisc	master
21/02/12 01:11	dswatson/biomisc	master
21/02/12 01:09	dswatson/biomisc	master
