21/03/05 21:28	google/GeoexperimentsResearch	master
21/03/05 19:17	ben519/btree	master
21/03/05 19:14	matloff/regtools	master
21/03/05 18:57	google/GeoexperimentsResearch	master
21/03/05 18:53	google/GeoexperimentsResearch	master
21/03/05 18:48	thlytras/rfgfs	master
21/03/05 18:25	rOpenHealth/rUN_development_reports	master
21/03/05 18:24	rOpenHealth/rUN_development_reports	master
21/03/05 17:34	elsayed-lab/hpgltools	master
21/03/05 17:09	ccolonescu/PoEdata	master
21/03/05 16:30	strengejacke/strengejacke	master
21/03/05 16:02	ccolonescu/PoEdata	master
21/03/05 16:00	ccolonescu/PoEdata	master
21/03/05 15:56	ccolonescu/PoEdata	master
21/03/05 15:55	ccolonescu/PoEdata	master
21/03/05 15:54	ccolonescu/PoEdata	master
21/03/05 15:52	ccolonescu/PoEdata	master
21/03/05 15:51	ccolonescu/PoEdata	master
21/03/05 15:50	Cogitos/predata	master
21/03/05 15:50	ccolonescu/PoEdata	master
21/03/05 15:50	ccolonescu/PoEdata	master
21/03/05 15:49	ccolonescu/PoEdata	master
21/03/05 15:48	ccolonescu/PoEdata	master
21/03/05 15:48	ccolonescu/PoEdata	master
21/03/05 15:48	ccolonescu/PoEdata	master
21/03/05 15:48	ccolonescu/PoEdata	master
21/03/05 15:48	ccolonescu/PoEdata	master
21/03/05 15:48	ccolonescu/PoEdata	master
21/03/05 15:47	ccolonescu/PoEdata	master
21/03/05 15:26	elsayed-lab/hpgltools	master
21/03/05 15:24	elsayed-lab/hpgltools	master
21/03/05 14:09	elsayed-lab/hpgltools	master
21/03/05 14:01	ccolonescu/PoEdata	master
21/03/05 12:21	richiemorrisroe/stockfighterr	master
21/03/05 05:20	mw201608/msigdb	master
21/03/05 02:33	jimhester/lookup	master
21/03/05 02:25	gabrielrvsc/HDeconometrics	master
21/03/05 02:20	jasongraf1/JGmisc	master
21/03/05 02:20	gabrielrvsc/HDeconometrics	master
