21/03/23 16:56	yanlinlin82/Rvenn	master
21/03/23 16:56	yanlinlin82/Rvenn	master
21/03/23 16:53	yanlinlin82/Rvenn	master
21/03/23 16:52	ccolonescu/PoEdata	master
21/03/23 16:46	gabrielrvsc/HDeconometrics	master
21/03/23 16:22	ccolonescu/PoEdata	master
21/03/23 16:11	twitter/AnomalyDetection	master
21/03/23 16:10	ccolonescu/PoEdata	master
21/03/23 16:03	ccolonescu/PoEdata	master
21/03/23 15:56	ccolonescu/PoEdata	master
21/03/23 15:55	ccolonescu/PoEdata	master
21/03/23 15:53	ccolonescu/PoEdata	master
21/03/23 15:43	ccolonescu/PoEdata	master
21/03/23 15:39	ccolonescu/PoEdata	master
21/03/23 15:39	ccolonescu/PoEdata	master
21/03/23 14:09	rprops/Phenoflow_package	master
21/03/23 13:17	rsheets/jailbreakr	master
21/03/23 13:16	rsheets/rexcel	master
21/03/23 13:16	rsheets/linen	master
21/03/23 13:15	nacnudus/lexl	master
21/03/23 13:12	jrdnmdhl/reconIPD	master
21/03/23 13:09	rsheets/jailbreakr	master
21/03/23 13:09	nacnudus/lexl	master
21/03/23 12:59	mlcollyer/RRPP	develop
21/03/23 10:54	rprops/Phenoflow_package	master
21/03/23 09:35	rprops/Phenoflow_package	master
21/03/23 09:11	rprops/Phenoflow_package	master
