21/08/05 17:57	mdlincoln/multiplot	master
21/08/05 17:56	ropenscilabs/rnaturalearthhires	master
21/08/05 17:56	grimbough/biomaRt	master
21/08/05 17:54	pzawistowski/astar	master
21/08/05 17:54	mikeasilva/blsAPI	master
21/08/05 17:53	mikeasilva/blsAPI	master
21/08/05 17:53	Shians/Glimma	master
21/08/05 17:51	pzawistowski/astar	master
21/08/05 17:46	monmon-2007/Images	master
21/08/05 17:05	monmon-2007/Images	master
21/08/05 15:37	Simon-Coetzee/Bioc2017	master
21/08/05 15:09	ropensci/tabulizer	master
21/08/05 15:08	ropensci/tabulizerjars	master
21/08/05 15:05	mikeasilva/blsAPI	master
21/08/05 13:56	Displayr/flipExampleData	master
21/08/05 13:10	tavareshugo/windowscanr	master
21/08/05 10:26	nipfpmf/eventstudies	master
21/08/05 10:18	lamho86/phylolm	master
21/08/05 09:35	hoxo-m/magicfor	master
21/08/05 08:25	PeteHaitch/DelayedMatrixStats	master
21/08/05 08:24	Bioconductor/BiocGenerics	master
21/08/05 08:24	Bioconductor/BiocGenerics	master
21/08/05 08:24	lgatto/ProtGenerics	master
21/08/05 08:21	PeteHaitch/DelayedMatrixStats	master
21/08/05 08:20	Bioconductor/BiocGenerics	master
21/08/05 08:20	lgatto/ProtGenerics	master
21/08/05 08:12	PeteHaitch/DelayedMatrixStats	master
21/08/05 08:10	PeteHaitch/DelayedMatrixStats	master
21/08/05 01:32	kloke/npsm	master
