21/03/26 02:11	gabrielrvsc/HDeconometrics	master
21/03/26 01:36	lulizou/boostme	master
21/03/26 01:18	lulizou/boostme	master
21/03/26 00:29	gabrielrvsc/HDeconometrics	master
21/03/26 00:22	lulizou/boostme	master
21/03/26 00:17	gabrielrvsc/HDeconometrics	master
21/03/25 00:50	lulizou/boostme	master
21/03/24 00:45	lulizou/boostme	master
21/03/24 00:43	ccolonescu/PoEdata	master
21/03/24 00:43	ccolonescu/PoEdata	master
21/03/24 00:32	lulizou/boostme	master
21/03/24 00:05	gabrielrvsc/HDeconometrics	master
21/03/23 00:57	sharlagelfand/astrologer	master
21/03/23 00:55	sharlagelfand/astrologer	master
21/03/23 00:54	sharlagelfand/astrologer	master
21/03/22 00:35	andreamrau/coseq	master
21/03/22 00:32	andreamrau/coseq	master
21/03/22 00:28	jishnus59/Visualization	master
21/03/19 00:36	davidgohel/flextable	master
21/03/19 00:11	eclarke/eclthemes	master
21/03/16 00:31	GuangchuangYu/treeio	master
21/03/16 00:09	liamrevell/phytools	master
21/03/13 00:58	road2stat/ggsci	master
21/03/12 00:36	MTiPatchSearch/patchsearch	master
21/03/11 00:37	marchinilab/dropsim	master
21/03/08 00:43	joey711/biom	master
21/02/25 00:30	drsimonj/corrr	master
21/02/25 00:27	drsimonj/corrr	master
