21/02/06 15:38	AndreaCirilloAC/updateR	master
21/02/06 12:24	trestletech/clippR	master
21/02/06 12:20	ccolonescu/PoEdata	master
21/02/06 12:20	ccolonescu/PoEdata	master
21/02/06 11:36	ccolonescu/PoEdata	master
21/02/06 11:34	ccolonescu/PoEdata	master
21/02/06 11:31	ccolonescu/PoEdata	master
21/02/06 11:31	ccolonescu/PoEdata	master
21/02/06 10:11	carter-allen/normR	master
21/02/06 10:05	carter-allen/normR	master
21/02/06 10:01	carter-allen/normR	master
21/02/06 10:00	carter-allen/normR	master
21/02/06 09:51	carter-allen/normR	master
21/02/06 09:51	carter-allen/normR	master
21/02/06 09:21	gabrielrvsc/HDeconometrics	master
21/02/06 09:20	harrelfe/Hmisc	master
21/02/06 08:55	timelyportfolio/d3vennR	master
21/02/06 08:55	thiloklein/dispersion	master
21/02/06 08:55	bplloyd/Core	master
21/02/06 08:50	Bioconductor/annotate	master
21/02/06 08:48	nivangio/adaStump	master
21/02/06 08:48	flr/FLCore	master
21/02/06 08:41	nivangio/adaStump	master
21/02/06 08:41	bplloyd/Core	master
21/02/06 01:07	thierrygosselin/radiator	master
21/02/06 01:04	thomasp85/patchwork	master
