21/04/27 19:52	RobertMyles/riscoBrasil	master
21/04/27 18:02	davidkane9/creditr	master
21/04/27 17:35	lulizou/boostme	master
21/04/27 17:00	csoneson/countsimQC	master
21/04/27 16:58	Hemken/Statamarkdown	master
21/04/27 16:51	EdwinTh/thatssorandom	master
21/04/27 16:34	jennybc/gapminder	master
21/04/27 15:30	K2Analytics/logistic	master
21/04/27 14:50	Bioconductor/Biobase	master
21/04/27 13:10	jeanmarcgp/xtsanalytics	master
21/04/27 11:52	fgoral/goeveg	master
21/04/27 08:48	rstudio/shinytest	master
21/04/27 07:17	ropenscilabs/rnaturalearthhires	master
21/04/27 06:37	gabrielrvsc/HDeconometrics	master
21/04/27 06:13	JohnsonHsieh/iNextPD	master
21/04/27 05:26	obrl-soil/dsmartr	master
21/04/27 05:24	obrl-soil/dsmartr	master
21/04/27 05:19	obrl-soil/dsmartr	master
21/04/27 05:13	rstudio/bookdown	master
21/04/27 02:51	hadley/bookdown	master
