21/05/31 10:06	bbTomas/slidifyLibraries	master
21/05/31 10:05	bbTomas/slidify	master
21/05/31 10:04	bbTomas/slidifyLibraries	master
21/05/31 10:03	ramnathv/slidifyLibraries	master
21/05/31 10:02	daroczig/binancer	master
21/05/31 10:02	daroczig/binancer	master
21/05/31 10:01	ramnathv/slidifyLibraries	master
21/05/31 10:01	daroczig/binancer	master
21/05/31 10:01	daroczig/binancer	master
21/05/31 09:59	ramnathv/slidify	master
21/05/31 09:31	daroczig/binancer	master
21/05/31 09:17	mariavica/mircomb	master
21/05/31 09:13	mariavica/mircomb	master
21/05/31 07:53	daroczig/binancer	master
21/05/31 07:52	nathanesau/m4fe	master
21/05/31 07:38	amurali2/cats	master
21/05/31 07:35	twitter/AnomalyDetection	master
21/05/31 05:35	bolimorales/RegUtils	master
21/05/31 04:10	esmucler/mmlasso	master
21/05/31 04:09	yonicd/lmmen	master
21/05/31 04:08	esmucler/mmlasso	master
21/05/31 04:07	esmucler/mmlasso	master
21/05/31 04:07	yonicd/lmmen	master
21/05/31 04:07	esmucler/mmlasso	master
21/05/31 04:06	esmucler/mmlasso	master
21/05/31 04:01	esmucler/mmlasso	master
21/05/31 04:00	esmucler/mmlasso	master
21/05/31 03:59	yonicd/lmmen	master
21/05/31 03:58	esmucler/mmlasso	master
21/05/31 03:56	yonicd/lmmen	master
21/05/31 03:55	yonicd/lmmen	master
21/05/31 03:08	andrewpbray/oilabs	master
21/05/31 01:18	daroczig/binancer	master
