21/05/22 22:57	wenchi0922/PISA2012_	master
21/05/22 21:40	ColtoCaro/compMS	master
21/05/22 21:20	daroczig/binancer	master
21/05/22 19:53	vqv/ggbiplot	master
21/05/22 19:52	vqv/ggbiplot	master
21/05/22 19:51	vqv/ggbiplot	master
21/05/22 19:50	vqv/ggbiplot	master
21/05/22 17:40	daroczig/binancer	master
21/05/22 16:10	nipfpmf/eventstudies	master
21/05/22 14:59	twitter/AnomalyDetection	master
21/05/22 14:58	twitter/AnomalyDetection	master
21/05/22 14:57	twitter/AnomalyDetection	master
21/05/22 14:41	jimhester/lookup	master
21/05/22 12:09	nipfpmf/eventstudies	master
21/05/22 12:06	nipfpmf/eventstudies	master
21/05/22 12:04	nipfpmf/eventstudies	master
21/05/22 12:02	nipfpmf/eventstudies	master
21/05/22 12:01	nipfpmf/eventstudies	master
21/05/22 11:59	nipfpmf/eventstudies	master
21/05/22 06:35	daroczig/binancer	master
21/05/22 05:44	ColtoCaro/compMS	sn-variance-weighting
21/05/22 04:21	daroczig/binancer	master
21/05/22 02:43	ColtoCaro/compMS	master
