21/03/16 21:02	maksimhorowitz/nflscrapR	master
21/03/16 20:59	maksimhorowitz/nflscrapR	master
21/03/16 20:48	maksimhorowitz/nflscrapR	master
21/03/16 20:40	maksimhorowitz/nflscrapR	master
21/03/16 20:14	jmarshallnz/lpSolve	master
21/03/16 18:58	ateucher/rmapshaper	master
21/03/16 18:19	ropensci/geojson	master
21/03/16 17:42	sneumann/Rdisop	master
21/03/16 16:53	andrewzm/dggrids	master
21/03/16 16:19	flagroth/j1071	master
21/03/16 15:52	cmartin/ggConvexHull	master
21/03/16 15:48	cmartin/ggConvexHull	master
21/03/16 13:40	rwehrens/StatsDemo	master
21/03/16 13:37	rwehrens/StatsDemo	master
21/03/16 12:52	pauljensen/loggr	master
21/03/16 12:03	ccolonescu/PoEdata	master
21/03/16 12:01	pitakakariki/simr	master
21/03/16 12:00	pitakakariki/simr	master
21/03/16 04:49	xia-lab/MetaboAnalystR	master
21/03/16 04:48	xia-lab/MetaboAnalystR	master
21/03/16 04:15	hferg/BTprocessR	master
21/03/16 01:09	Pakillo/template	master
