21/02/26 21:59	christophergandrud/oecdr	master
21/02/26 21:57	christophergandrud/oecdr	master
21/02/26 21:04	thomased/natpalette	master
21/02/26 19:41	PMassicotte/eemR	fi
21/02/26 18:17	HIDAP/fbmaterials	master
21/02/26 18:08	ccolonescu/PoEdata	master
21/02/26 17:17	Thdegraaff/sortingmod	master
21/02/26 17:16	HenrikBengtsson/expectile	master
21/02/26 16:15	aaronolsen/linkR	master
21/02/26 16:07	ccolonescu/PoEdata	master
21/02/26 16:03	ccolonescu/PoEdata	master
21/02/26 15:56	ccolonescu/PoEdata	master
21/02/26 15:42	ccolonescu/PoEdata	master
21/02/26 15:41	strengejacke/sjPlot	master
21/02/26 13:25	tgirke/longevityTools	master
21/02/26 13:24	twitter/AnomalyDetection	master
21/02/26 13:17	silvadenisson/electionsBR	master
21/02/26 13:09	silvadenisson/electionsBR	master
21/02/26 10:42	gmonette/spida2	master
21/02/26 09:13	hadley/dbplyr	master
21/02/26 09:12	hadley/dtplyr	master
21/02/26 09:10	hadley/multidplyr	master
21/02/26 07:24	renozao/dbutils	master
21/02/26 07:24	hrbrmstr/ipapi	master
