21/07/28 16:19	dgrapov/networkly	master
21/07/28 15:31	MattMyint/ezSingleCell	master
21/07/28 15:26	MattMyint/ezSingleCell	master
21/07/28 15:25	MattMyint/ezSingleCell	master
21/07/28 14:33	r-spatial/sf	master
21/07/28 14:29	wilkelab/cowplot	master
21/07/28 14:21	r-spatial/sf	master
21/07/28 14:09	r-spatial/sf	master
21/07/28 13:28	sinhrks/ggfortify	master
21/07/28 13:23	coffeemuggler/EMMAgeo	master
21/07/28 13:23	NickPTaylor/templater	master
21/07/28 13:22	bwlewis/doRedis	master
21/07/28 13:22	enricoschumann/PMwR	master
21/07/28 13:21	PeFox/DySeq	master
21/07/28 13:20	rstudio/d3heatmap	master
21/07/28 13:20	rstudio/d3heatmap	master
21/07/28 13:18	ramhiser/clusteval	master
21/07/28 13:18	AustralianAntarcticDivision/palr	master
21/07/28 11:31	wrathematics/ngram	master
21/07/28 09:55	kassambara/easyGgplot2	master
21/07/28 09:55	YTLogos/easyGgplot2	master
21/07/28 09:09	jeanimal/heuristica	master
21/07/28 09:06	jeanimal/heuristica	master
21/07/28 09:06	jeanimal/heuristica	master
21/07/28 09:00	mkao006/FAOSTATpackage	master
21/07/28 07:30	drsimonj/corrr	master
21/07/28 06:13	drsimonj/corrr	master
21/07/28 06:12	drsimonj/corrr	master
21/07/28 01:53	jeffreyevans/spatialEco	master
21/07/28 01:36	sjmgarnier/viridis	master
21/07/28 01:24	jeffreyevans/spatialEco	master
21/07/28 01:18	sjmgarnier/viridis	master
21/07/28 01:16	sjmgarnier/viridis	master
