21/05/25 17:31	daroczig/binancer	master
21/05/25 15:32	ChenMengjie/CAPIT	master
21/05/25 15:14	piersharding/RMDX	master
21/05/25 15:14	piersharding/RMDX	master
21/05/25 15:08	bomeara/biosense	master
21/05/25 15:05	bomeara/biosense	master
21/05/25 15:05	bomeara/biosense	master
21/05/25 15:00	bomeara/biosense	master
21/05/25 14:57	bomeara/biosense	master
21/05/25 14:53	bomeara/biosense	master
21/05/25 14:41	matloff/rcurses	master
21/05/25 14:39	bomeara/biosense	master
21/05/25 12:17	thomasp85/anomaly	master
21/05/25 12:17	davids99us/anomaly	master
21/05/25 12:10	twitter/AnomalyDetection	d233e5d
21/05/25 12:09	twitter/AnomalyDetection	d233e5d
21/05/25 10:56	twitter/AnomalyDetection	master
21/05/25 10:56	twitter/AnomalyDetection	master
21/05/25 10:51	vqv/ggbiplot	master
21/05/25 10:37	twitter/AnomalyDetection	master
21/05/25 10:37	twitter/AnomalyDetection	master
21/05/25 10:36	twitter/AnomalyDetection	master
21/05/25 10:35	twitter/AnomalyDetection	master
21/05/25 10:33	twitter/AnomalyDetection	master
21/05/25 10:33	twitter/AnomalyDetection	master
21/05/25 10:33	twitter/AnomalyDetection	master
21/05/25 10:33	twitter/AnomalyDetection	master
21/05/25 09:29	twitter/AnomalyDetection	master
21/05/25 09:28	twitter/AnomalyDetection	master
21/05/25 09:28	twitter/AnomalyDetection	master
21/05/25 09:28	twitter/AnomalyDetection	master
21/05/25 09:28	twitter/AnomalyDetection	master
21/05/25 09:14	twitter/AnomalyDetection	master
21/05/25 09:08	twitter/AnomalyDetection	master
21/05/25 09:08	twitter/AnomalyDetection	master
21/05/25 09:07	twitter/AnomalyDetection	master
21/05/25 02:18	rasmusab/bayesian_first_aid	master
21/05/25 02:13	rasmusab/bayesian_first_aid	master
21/05/25 00:58	daroczig/binancer	master
21/05/25 00:30	thomasp85/patchwork	master
21/05/23 00:32	ColtoCaro/compMS	sn-variance-weighting
21/05/22 00:10	daroczig/binancer	master
21/05/20 00:42	daroczig/binancer	master
21/05/20 00:01	daroczig/binancer	master
21/05/18 00:45	daroczig/binancer	master
21/05/17 00:29	daroczig/binancer	master
21/05/14 00:48	c5sire/fbmodule	master
21/05/14 00:48	c5sire/fbmodule	master
21/05/13 00:06	daroczig/binancer	master
21/05/12 00:57	dirkschumacher/rcbc	master
21/05/12 00:50	ECO230/eco230r	master
21/05/12 00:45	ECO230/eco230r	master
21/05/12 00:39	ECO230/eco230r	master
21/05/12 00:10	vmikk/metagMisc	master
21/05/12 00:02	ECO230/eco230r	master
21/05/11 00:40	ECO230/eco230r	master
21/05/11 00:23	daroczig/binancer	master
21/05/10 00:51	juliasilge/silgelib	master
21/05/10 00:46	Hackout2/mapData	master
21/05/10 00:42	Hackout2/mapData	master
21/05/10 00:35	Hackout2/mapData	master
21/05/10 00:34	NathanEpstein/finData	master
21/05/09 00:17	daroczig/binancer	master
21/05/06 00:46	hunzikp/velox	master
21/05/06 00:44	hunzikp/velox	master
21/05/06 00:17	daroczig/binancer	master
21/05/05 00:53	ECO230/eco230r	master
21/05/05 00:16	daroczig/binancer	master
21/05/01 00:07	daroczig/binancer	master
21/04/28 00:45	joey711/biom	master
21/04/28 00:34	joey711/biom	master
21/04/28 00:24	joey711/biom	master
