21/02/01 13:54	ccolonescu/PoEdata	master
21/02/01 13:39	ccolonescu/PoEdata	master
21/02/01 13:25	ccolonescu/PoEdata	master
21/02/01 13:17	ccolonescu/PoEdata	master
21/02/01 12:43	ccolonescu/PoEdata	master
21/02/01 12:34	ccolonescu/PoEdata	master
21/02/01 11:20	ccolonescu/PoEdata	master
21/02/01 10:49	ccolonescu/PoEdata	master
21/02/01 10:46	ccolonescu/PoEdata	master
21/02/01 10:33	ccolonescu/PoEdata	master
21/02/01 10:28	gongx030/dpath	master
21/02/01 10:07	ccolonescu/PoEdata	master
21/02/01 09:46	UMCUGenetics/MutationalPatterns	master
21/02/01 09:43	dynverse/Mpath	master
21/02/01 09:34	strengejacke/sjPlot	master
21/02/01 09:18	gmbecker/rpath	master
21/02/01 09:12	gmbecker/rpath	master
21/02/01 09:08	gmbecker/rpath	master
21/02/01 08:35	lulizou/boostme	master
21/02/01 08:09	jburkhardt/RAdwords	master
21/02/01 06:00	jimmyday12/fitzRoy	master
21/02/01 03:22	lulizou/boostme	master
21/02/01 01:07	dgrtwo/stackr	master
