21/02/23 21:45	FESOM/spheRlab	master
21/02/23 21:10	USGS-R/smwrData	master
21/02/23 20:44	ccolonescu/PoEdata	master
21/02/23 20:44	ccolonescu/PoEdata	master
21/02/23 20:43	ccolonescu/PoEdata	master
21/02/23 20:30	rdpeng/tsmodel	master
21/02/23 20:24	ThinkRstat/stopwords	master
21/02/23 20:17	azolling/EBmodules	master
21/02/23 19:43	ccolonescu/PoEdata	master
21/02/23 19:41	Caleb-Huo/IS-Kmeans	master
21/02/23 19:41	Caleb-Huo/IS-Kmeans	master
21/02/23 16:15	HristoTomov/DBEST	master
21/02/23 14:48	rprops/Phenoflow_package	master
21/02/23 13:53	rprops/Phenoflow_package	master
21/02/23 13:52	rprops/Phenoflow_package	master
21/02/23 12:57	ccolonescu/PoEdata	master
21/02/23 12:16	rprops/Phenoflow_package	master
21/02/23 12:15	rprops/Phenoflow_package	master
21/02/23 12:00	vovkaOst/alhe	master
21/02/23 11:04	rprops/Phenoflow_package	master
21/02/23 09:33	ccolonescu/PoEdata	master
21/02/23 09:33	ccolonescu/PoEdata	master
21/02/23 05:57	domoinc-r/DomoR	master
21/02/23 04:59	ColumbusCollaboratory/cognizer	master
21/02/23 02:54	villardon/MultBiplotR	master
21/02/23 01:46	kwstat/desplot	master
21/02/23 01:45	eharpste/ds.plot	master
