21/01/31 22:32	ccolonescu/PoEdata	master
21/01/31 22:08	lulizou/boostme	master
21/01/31 22:00	ccolonescu/PoEdata	master
21/01/31 21:52	twitter/AnomalyDetection	master
21/01/31 21:09	ccolonescu/PoEdata	master
21/01/31 19:51	ccolonescu/PoEdata	master
21/01/31 19:47	ccolonescu/PoEdata	master
21/01/31 18:36	mjwestgate/revtools	master
21/01/31 18:09	ccolonescu/PoEdata	master
21/01/31 17:51	ccolonescu/PoEdata	master
21/01/31 17:44	ccolonescu/PoEdata	master
21/01/31 17:43	ccolonescu/PoEdata	master
21/01/31 17:37	ccolonescu/PoEdata	master
21/01/31 17:31	ccolonescu/PoEdata	master
21/01/31 17:29	ccolonescu/PoEdata	master
21/01/31 17:22	ccolonescu/PoEdata	master
21/01/31 17:12	ccolonescu/PoEdata	master
21/01/31 17:06	ccolonescu/PoEdata	master
21/01/31 16:58	ccolonescu/PoEdata	master
21/01/31 16:54	ccolonescu/PoEdata	master
21/01/31 16:49	ccolonescu/PoEdata	master
21/01/31 16:45	ccolonescu/PoEdata	master
21/01/31 16:44	ccolonescu/PoEdata	master
21/01/31 16:42	ccolonescu/PoEdata	master
21/01/31 16:39	ccolonescu/PoEdata	master
21/01/31 16:32	Cogitos/predata	master
21/01/31 16:31	ccolonescu/PoEdata	master
21/01/31 16:27	Cogitos/predata	master
21/01/31 16:26	Cogitos/predata	master
21/01/31 16:26	Cogitos/predata	master
21/01/31 16:20	Cogitos/predata	master
21/01/31 16:17	ccolonescu/PoEdata	master
21/01/31 16:14	ccolonescu/PoEdata	master
21/01/31 15:45	ccolonescu/PoEdata	master
21/01/31 15:45	ccolonescu/PoEdata	master
21/01/31 15:29	ccolonescu/PoEdata	master
21/01/31 15:21	ccolonescu/PoEdata	master
21/01/31 15:18	ccolonescu/PoEdata	master
21/01/31 15:18	ccolonescu/PoEdata	master
21/01/31 15:12	ccolonescu/PoEdata	master
21/01/31 15:11	ccolonescu/PoEdata	master
21/01/31 15:09	ccolonescu/PoEdata	master
21/01/31 15:05	ccolonescu/PoEdata	master
21/01/31 15:01	ccolonescu/PoEdata	master
21/01/31 15:00	ccolonescu/PoEdata	master
21/01/31 14:59	ccolonescu/PoEdata	master
21/01/31 14:52	ccolonescu/PoEdata	master
21/01/31 14:51	ccolonescu/PoEdata	master
21/01/31 14:50	ccolonescu/PoEdata	master
21/01/31 14:45	ccolonescu/PoEdata	master
21/01/31 14:40	ccolonescu/PoEdata	master
21/01/31 14:38	ccolonescu/PoEdata	master
21/01/31 14:28	ccolonescu/PoEdata	master
21/01/31 14:27	ccolonescu/PoEdata	master
21/01/31 14:26	ccolonescu/PoEdata	master
21/01/31 14:19	ccolonescu/PoEdata	master
21/01/31 14:16	Cogitos/predata	master
21/01/31 14:12	Cogitos/predata	master
21/01/31 13:57	ccolonescu/PoEdata	master
21/01/31 13:56	ccolonescu/PoEdata	master
21/01/31 13:55	ccolonescu/PoEdata	master
21/01/31 13:36	ccolonescu/PoEdata	master
21/01/31 12:53	ccolonescu/PoEdata	master
21/01/31 12:34	r-lib/revdepcheck	master
21/01/31 11:19	ccolonescu/PoEdata	master
21/01/31 10:59	ccolonescu/PoEdata	master
21/01/31 10:08	ccolonescu/PoEdata	master
21/01/31 09:28	ccolonescu/PoEdata	master
21/01/31 09:06	ccolonescu/PoEdata	master
21/01/31 09:06	ccolonescu/PoEdata	master
21/01/31 05:04	drizopoulos/JMbayes	master
