21/06/08 14:45	jcardenas14/genBART	master
21/06/08 14:41	twitter/AnomalyDetection	master
21/06/08 14:15	tpapak/flow_contribution	master
21/06/08 14:00	tatters/soundgen	master
21/06/08 13:19	larmarange/JLutils	master
21/06/08 12:51	tpapak/flow_contribution	master
21/06/08 09:52	jentjr/manager	master
21/06/08 09:51	jentjr/manager	master
21/06/08 09:35	jentjr/manager	master
21/06/08 09:34	jentjr/manager	master

<?xml version="1.0" encoding="utf-8"?>
<!DOCTYPE html PUBLIC "-//W3C//DTD XHTML 1.0 Strict//EN"
 "http://www.w3.org/TR/xhtml1/DTD/xhtml1-strict.dtd">
<html>
  <head>
    <title>503 Service Unavailable</title>
  </head>
  <body>
    <h1>Error 503 Service Unavailable</h1>
    <p>Service Unavailable</p>
    <h3>Guru Mediation:</h3>
    <p>Details: cache-pwk4953-PWK 1623147063 2070063215</p>
    <hr>
    <p>Varnish cache server</p>
  </body>
</html>
