21/02/09 22:35	spatstat/spatstat.utils	master
21/02/09 22:34	spatstat/spatstat.utils	master
21/02/09 22:33	spatstat/spatstat.utils	master
21/02/09 22:32	spatstat/spatstat.utils	master
21/02/09 22:30	ccolonescu/PoEdata	master
21/02/09 21:51	ccolonescu/PoEdata	master
21/02/09 21:49	ccolonescu/PoEdata	master
21/02/09 21:46	ccolonescu/PoEdata	master
21/02/09 21:43	ccolonescu/PoEdata	master
21/02/09 21:42	ccolonescu/PoEdata	master
21/02/09 21:41	ccolonescu/PoEdata	master
21/02/09 21:36	ccolonescu/PoEdata	master
21/02/09 21:35	ccolonescu/PoEdata	master
21/02/09 21:29	ccolonescu/PoEdata	master
21/02/09 21:18	ccolonescu/PoEdata	master
21/02/09 21:18	ccolonescu/PoEdata	master
21/02/09 21:14	ccolonescu/PoEdata	master
21/02/09 21:03	ccolonescu/PoEdata	master
21/02/09 21:01	ccolonescu/PoEdata	master
21/02/09 20:14	ccolonescu/PoEdata	master
21/02/09 20:01	ccolonescu/PoEdata	master
21/02/09 19:55	ccolonescu/PoEdata	master
21/02/09 19:21	ccolonescu/PoEdata	master
21/02/09 19:17	ccolonescu/PoEdata	master
21/02/09 19:09	ccolonescu/PoEdata	master
21/02/09 18:17	ccolonescu/PoEdata	master
21/02/09 18:07	duncanplee/CARBayes	master
21/02/09 17:23	ccolonescu/PoEdata	master
21/02/09 17:12	ccolonescu/PoEdata	master
21/02/09 15:26	ccolonescu/PoEdata	master
21/02/09 15:25	ccolonescu/PoEdata	master
21/02/09 15:08	ymattu/MlBayesOpt	master
21/02/09 14:41	ccolonescu/PoEdata	master
21/02/09 13:36	ccolonescu/PoEdata	master
21/02/09 13:35	ccolonescu/PoEdata	master
21/02/09 13:09	ccolonescu/PoEdata	master
21/02/09 12:46	ccolonescu/PoEdata	master
21/02/09 12:46	ccolonescu/PoEdata	master
21/02/09 12:36	ccolonescu/PoEdata	master
21/02/09 12:34	metacran/seer	master
21/02/09 10:42	cturbelin/redisProgress	master
21/02/09 09:50	huashan/pander	06c2f65797
21/02/09 09:33	ccolonescu/PoEdata	master
21/02/09 07:47	gastonstat/plspm	master
21/02/09 04:42	bnosac/GAlogger	master
21/02/09 04:40	bnosac/spark.sas7bdat	master
21/02/09 03:43	gastonstat/plspm	master
