21/06/21 19:56	hrbrmstr/streamgraph	master
21/06/21 19:44	wenshuoliu/ncvxclustr	master
21/06/21 19:42	johnbaums/rmaxent	master
21/06/21 19:42	elong0527/scvxclustr	master
21/06/21 19:37	johnbaums/rmaxent	master
21/06/21 19:25	johnbaums/rmaxent	master
21/06/21 17:36	maRce10/warbleR	master
21/06/21 16:30	jokergoo/ComplexHeatmap	master
21/06/21 15:26	TarekHattab/iSDM	master
21/06/21 14:39	mlr-org/mlrng	master
21/06/21 14:36	mlr-org/mlrPipelines	master
21/06/21 14:35	mlr-org/mlrPipelines	master
21/06/21 14:25	ChristopherLucas/MatchingFrontier	master
21/06/21 14:23	mpascariu/MortalityEstimate	master
21/06/21 14:20	mlr-org/mlrPipelines	master
21/06/21 14:19	mlr-org/mlrMBO	master
21/06/21 14:15	mlr-org/mlrCPO	master
21/06/21 14:14	mlr-org/mlrCPO	master
21/06/21 14:13	mlr-org/mlr	master
21/06/21 14:12	mlr-org/automlr	master
21/06/21 14:11	mlr-org/automlr	master
21/06/21 14:01	ChristopherLucas/MatchingFrontier	master
21/06/21 13:51	albuja/electoral	master
21/06/21 13:44	PeeperLab/Rtoolbox	master
21/06/21 13:43	PeeperLab/Rtoolbox	master
21/06/21 13:19	ChristopherLucas/MatchingFrontier	master
21/06/21 13:13	ChristopherLucas/MatchingFrontier	master
21/06/21 13:09	PeeperLab/Rtoolbox	master
21/06/21 11:09	gastonstat/arcdiagram	master
21/06/21 11:01	dselivanov/rscalaKafka	master
21/06/21 11:00	dselivanov/rscalaKafka	master
21/06/21 10:48	dselivanov/rscalaKafka	master
21/06/21 10:22	dselivanov/rscalaKafka	master
21/06/21 07:53	padpadpadpad/TeamPhytoplankton	master
21/06/21 07:53	padpadpadpad/nlsLoop	master
21/06/21 06:53	laduplessis/bdskytools	master
21/06/21 06:47	uyedaj/bayou	master
21/06/21 06:41	uyedaj/bayou	master
21/06/21 06:34	uyedaj/bayou	master
21/06/21 01:45	ropensci/tabulizer	master
21/06/21 01:41	leeper/tabulizerjars	master
