21/03/03 20:57	vqv/ggbiplot	master
21/03/03 18:56	verweijruben/iftools	master
21/03/03 18:43	charlie86/spotifyr	feature/charlie/add_in_geniusr
21/03/03 18:30	ccolonescu/PoEdata	master
21/03/03 18:29	ccolonescu/PoEdata	master
21/03/03 18:29	ccolonescu/PoEdata	master
21/03/03 18:27	ccolonescu/PoEdata	master
21/03/03 18:26	ccolonescu/PoEdata	master
21/03/03 18:25	ccolonescu/PoEdata	master
21/03/03 18:24	ccolonescu/PoEdata	master
21/03/03 18:20	charlie86/spotifyr	feature/charlie/add_in_geniusr
21/03/03 18:04	ccolonescu/PoEdata	master
21/03/03 17:58	ccolonescu/PoEdata	master
21/03/03 17:58	jsta/nlaR	master
21/03/03 17:55	ccolonescu/PoEdata	master
21/03/03 17:53	ccolonescu/PoEdata	master
21/03/03 16:11	dleutnant/swmmr	master
21/03/03 15:17	jimhester/lintr	master
21/03/03 13:38	jslefche/piecewiseSEM	master
21/03/03 13:18	jimhester/lintr	master
21/03/03 12:39	jslefche/piecewiseSEM	master
21/03/03 11:50	GuangchuangYu/ggtree	master
21/03/03 11:48	GuangchuangYu/treeio	master
21/03/03 11:48	GuangchuangYu/treeio	master
21/03/03 10:02	pratikpitreds/nlCor	master
21/03/03 03:22	arilamstein/choroplethrZip	v1.5.0
