21/01/23 20:21	trinker/textreadr	master
21/01/23 20:21	trinker/textreadr	master
21/01/23 19:40	geoffjentry/twitteR	master
21/01/23 19:37	geoffjentry/twitteR	master
21/01/23 19:27	trinker/textreadr	master
21/01/23 19:14	donkeyshot/phybreak	master
21/01/23 19:00	donkeyshot/phybreak	master
21/01/23 18:37	ccolonescu/PoEdata	master
21/01/23 18:36	ccolonescu/PoEdata	master
21/01/23 18:32	yrosseel/lavaan	master
21/01/23 18:29	donkeyshot/phybreak	master
21/01/23 18:20	donkeyshot/phybreak	master
21/01/23 18:15	donkeyshot/phybreak	master
21/01/23 18:05	ccolonescu/PoEdata	master
21/01/23 17:49	ccolonescu/PoEdata	master
21/01/23 16:53	jabiologo/rWind	master
21/01/23 16:51	jabiologo/rWind	master
21/01/23 14:34	nipfpmf/eventstudies	master
21/01/23 14:31	nipfpmf/eventstudies	master
21/01/23 14:30	ccolonescu/PoEdata	master
21/01/23 14:30	ccolonescu/PoEdata	master
21/01/23 14:29	ccolonescu/PoEdata	master
21/01/23 14:28	ccolonescu/PoEdata	master
21/01/23 11:21	craddm/metaSDT	master
21/01/23 11:20	craddm/metaSDT	master
21/01/23 04:41	diegogarcilazo/deistools	master
21/01/23 04:40	diegogarcilazo/biotools	master
21/01/23 04:40	diegogarcilazo/biotools	master
21/01/23 04:39	diegogarcilazo/deistools	master
21/01/23 04:38	diegogarcilazo/biotools	master
21/01/23 04:37	diegogarcilazo/biotools	master
21/01/23 04:37	diegogarcilazo/biotools	master
21/01/23 02:13	James-Thorson/VAST	development
21/01/23 01:46	James-Thorson/VAST	master
