21/06/03 19:55	daroczig/binancer	master
21/06/03 19:30	azizka/speciesgeocodeR	master
21/06/03 19:17	jrdnmdhl/reconIPD	master
21/06/03 17:57	aejensen/TruncComp	master
21/06/03 17:56	aejensen/TruncComp	master
21/06/03 17:48	daroczig/binancer	master
21/06/03 17:30	daroczig/binancer	master
21/06/03 15:18	arcaravaggi/remBoot	master
21/06/03 15:18	VimalRawat1010/MethPlotR	master
21/06/03 15:10	susjoh/ggpedigree	master
21/06/03 15:03	thomasp85/patchwork	master
21/06/03 14:19	jeffchang5/ISISTwitter	master
21/06/03 14:12	jeffchang5/ISISTwitter	master
21/06/03 11:50	edzer/spacetime	master
21/06/03 10:14	DLEIVA/DyaDA	master
21/06/03 07:32	daroczig/binancer	master
21/06/03 06:32	yrosseel/lavaan	master
21/06/03 05:31	daroczig/binancer	master
21/06/03 05:19	hoxo-m/prophetExt	master
21/06/03 04:07	cvarrichio/rowr	master
21/06/03 03:28	daroczig/binancer	master
21/06/03 03:27	RichardBirnie/survtools	master
