21/05/07 12:47	davidavdav/ROC	master
21/05/07 12:45	davidavdav/ROC	master
21/05/07 12:36	davidavdav/ROC	master
21/05/07 12:31	davidavdav/ROC	master
21/05/07 12:28	davidavdav/ROC	master
21/05/07 12:27	davidavdav/ROC	master
21/05/07 12:26	davidavdav/ROC	master
21/05/07 12:25	davidavdav/ROC	master
21/05/07 11:04	PABalland/EconGeo	master
21/05/07 11:03	Bart6114/jug	master
21/05/07 11:03	Bart6114/infuser	master
21/05/07 10:55	PABalland/EconGeo	master
21/05/07 10:53	PABalland/EconGeo	master
21/05/07 10:53	PABalland/EconGeo	master
21/05/07 10:53	PABalland/EconGeo	master
21/05/07 10:51	PABalland/EconGeo	master
21/05/07 09:13	mukul13/rword2vec	master
21/05/07 09:12	mukul13/rword2vec	master
21/05/07 08:51	mukul13/rword2vec	master
21/05/07 07:43	jeroenooms/curl	master
21/05/07 07:23	davidavdav/ROC	master
21/05/07 04:25	patperry/rhdf5	master
21/05/07 04:22	MirceaDavidEsc/Collective	master
