21/05/06 19:14	csiro-crc-spin/SpinModels	master
21/05/06 19:12	csiro-crc-spin/SpinModels	master
21/05/06 18:34	vincentarelbundock/countrycode	master
21/05/06 17:29	skiptoniam/bbgdm	master
21/05/06 16:41	ColtoCaro/compMS	master
21/05/06 16:37	Rdatatable/data.table	master
21/05/06 15:35	ttnsdcn/forecast-package	master
21/05/06 15:30	hadley/httr	master
21/05/06 14:56	vqv/ggbiplot	master
21/05/06 14:56	PABalland/EconGeo	master
21/05/06 14:47	ropenscilabs/rnaturalearthhires	master
21/05/06 14:45	ropenscilabs/rnaturalearthhires	master
21/05/06 14:39	daroczig/binancer	master
21/05/06 14:21	PABalland/EconGeo	master
21/05/06 13:14	huashan/pander	06c2f65797
21/05/06 13:11	Rapporter/pander	06c2f65797
21/05/06 13:03	Rapporter/pander	06c2f65797
21/05/06 13:03	selbouhaddani/OmicsPLS	master
21/05/06 13:01	hoxo-m/githubinstall	master
21/05/06 11:38	cvarrichio/rowr	master
21/05/06 09:30	AaronGreenberg/ELEFAN	master
21/05/06 08:02	anujkhare/iregnet	master
21/05/06 07:57	anujkhare/iregnet	master
21/05/06 06:44	ColtoCaro/compMS	sn-variance-weighting
21/05/06 06:25	ColtoCaro/compMS	master
21/05/06 06:25	anujkhare/iregnet	master
21/05/06 01:11	hunzikp/velox	master
