21/03/19 21:39	thermosilla/tsfactors	master
21/03/19 20:42	hadley/r4ds	master
21/03/19 20:37	hadley/r4ds	master
21/03/19 20:35	hadley/r4ds	master
21/03/19 20:33	hadley/r4ds	master
21/03/19 20:20	bcgov/wqbc	master
21/03/19 19:55	bcgov/wqbc	master
21/03/19 19:50	bcgov/wqbc	master
21/03/19 17:27	vqv/ggbiplot	master
21/03/19 16:41	gabrielrvsc/HDeconometrics	master
21/03/19 16:35	twitter/AnomalyDetection	master
21/03/19 15:56	ha0ye/rEDM	master
21/03/19 12:54	ccolonescu/PoEdata	master
21/03/19 11:47	vqv/ggbiplot	master
21/03/19 11:44	vqv/ggbiplot	master
21/03/19 11:36	vqv/ggbiplot	master
21/03/19 11:32	vqv/ggbiplot	master
21/03/19 10:59	prafols/rMSI	master
21/03/19 05:23	cpsievert/rdom	master
21/03/19 05:22	cpsievert/rdom	master
21/03/19 05:21	cpsievert/rdom	master
21/03/19 05:21	cpsievert/rdom	master
21/03/19 01:47	ccolonescu/PoEdata	master
