21/01/21 21:30	dcomtois/summarytools	master
21/01/21 21:25	lulizou/boostme	master
21/01/21 21:00	lulizou/boostme	master
21/01/21 20:36	lulizou/boostme	master
21/01/21 20:11	lulizou/boostme	master
21/01/21 19:48	lulizou/boostme	master
21/01/21 19:24	lulizou/boostme	master
21/01/21 19:11	bhaskarvk/leaflet.extras	master
21/01/21 19:06	bhaskarvk/leaflet.extras	master
21/01/21 16:54	ccolonescu/PoEdata	master
21/01/21 16:52	ccolonescu/PoEdata	master
21/01/21 15:59	clauswilke/colorblindr	master
21/01/21 15:30	ccolonescu/PoEdata	master
21/01/21 12:21	cole-trapnell-lab/monocle-release	master
21/01/21 12:12	NateByers/filterModule	master
21/01/21 11:52	cole-trapnell-lab/monocle-release	master
21/01/21 11:32	StatsWithR/statsr	BayesFactor
21/01/21 10:48	cole-trapnell-lab/monocle-release	master
21/01/21 10:04	ccolonescu/PoEdata	master
21/01/21 10:00	MadsAlbertsen/ampvis2	master
21/01/21 08:53	david-hammond/hammond	master
21/01/21 06:27	USGS-R/lakeattributes	master
21/01/21 01:08	James-Thorson/VAST	development
21/01/21 00:54	lulizou/boostme	master
21/01/21 00:50	James-Thorson/VAST	development
21/01/21 00:38	lulizou/boostme	master
21/01/21 00:25	lulizou/boostme	master
21/01/21 00:10	lulizou/boostme	master
21/01/17 00:35	broadinstitute/inferCNV	RELEASE_3_11
21/01/16 00:17	ColtoCaro/compMS	sn-variance-weighting
21/01/16 00:12	ColtoCaro/compMS	sn-variance-weighting
21/01/15 00:17	StatsWithR/statsr	BayesFactor
21/01/11 00:19	cognopod/corners	master
21/01/07 00:24	joshuaulrich/greeks	master
21/01/05 00:31	cchoirat/rinmap	master
21/01/05 00:25	AndySouth/rnaturalearthhires	master
21/01/05 00:11	mangal-wg/rmangal	master
21/01/01 00:02	hoxo-m/magicfor	master
20/12/31 00:33	Zelazny7/isofor	master
20/12/24 00:45	gertjanssenswillen/edeaR	master
20/12/24 00:36	gertjanssenswillen/edeaR	master
20/12/23 00:26	adamlilith/enmSdm	master
20/12/22 00:42	swish-climate-impact-assessment/awaptools	commitID
20/12/22 00:42	swish-climate-impact-assessment/awaptools	v0.0.3
20/12/22 00:42	swish-climate-impact-assessment/awaptools	develop
20/12/22 00:41	hadley/dplyr	master
20/12/22 00:41	swish-climate-impact-assessment/awaptools	master
20/12/22 00:32	swish-climate-impact-assessment/awaptools	commitID
20/12/22 00:32	swish-climate-impact-assessment/awaptools	v0.0.3
20/12/22 00:32	swish-climate-impact-assessment/awaptools	develop
20/12/22 00:32	hadley/dplyr	master
20/12/22 00:32	swish-climate-impact-assessment/awaptools	master
20/12/22 00:30	swish-climate-impact-assessment/awaptools	commitID
20/12/22 00:30	swish-climate-impact-assessment/awaptools	v0.0.3
20/12/22 00:30	swish-climate-impact-assessment/awaptools	develop
20/12/22 00:30	hadley/dplyr	master
20/12/22 00:30	swish-climate-impact-assessment/awaptools	master
20/12/22 00:28	swish-climate-impact-assessment/awaptools	commitID
20/12/22 00:28	swish-climate-impact-assessment/awaptools	v0.0.3
20/12/22 00:28	swish-climate-impact-assessment/awaptools	develop
20/12/22 00:28	hadley/dplyr	master
20/12/22 00:28	swish-climate-impact-assessment/awaptools	master
