21/08/03 20:48	longqiuyu/DataClean	master
21/08/03 20:42	RcppCore/RcppEigen	master
21/08/03 20:19	IRkernel/IRkernel	master
21/08/03 19:35	bbolker/cpcbp	master
21/08/03 19:10	aiminy/RNGS	master
21/08/03 18:59	aiminy/RNGS	master
21/08/03 18:58	aiminy/RNGS	master
21/08/03 18:39	aiminy/RNGS	master
21/08/03 18:39	aiminy/RNGS	master
21/08/03 18:39	aiminy/RNGS	master
21/08/03 17:27	strengejacke/strengejacke	master
21/08/03 17:21	strengejacke/strengejacke	master
21/08/03 17:18	strengejacke/strengejacke	master
21/08/03 17:17	strengejacke/strengejacke	master
21/08/03 17:16	strengejacke/strengejacke	master
21/08/03 17:06	strengejacke/strengejacke	master
21/08/03 16:04	pcdjohnson/GLMMmisc	master
21/08/03 15:58	RcppCore/RcppEigen	master
21/08/03 15:42	LeeeOh/modeline	master
21/08/03 12:24	molepi/DNAmArray	master
21/08/03 12:17	molepi/DNAmArray	master
21/08/03 12:00	molepi/DNAmArray	master
21/08/03 10:46	mvuorre/brmstools	master
21/08/03 03:50	hrbrmstr/taucharts	master
