21/01/22 18:34	hadley/nycflights13	master
21/01/22 18:20	intermine/InterMineR	master
21/01/22 18:20	arilamstein/choroplethrZip	v1.5.0
21/01/22 18:03	robertzk/berdie	master
21/01/22 17:03	robertzk/berdie	master
21/01/22 13:07	jranke/chemCal	master
21/01/22 12:58	ccolonescu/PoEdata	master
21/01/22 12:58	jranke/chemCal	master
21/01/22 11:55	talbano/equate	master
21/01/22 11:55	talbano/equate	master
21/01/22 11:50	talbano/equate	master
21/01/22 11:42	talbano/equate	master
21/01/22 11:07	StatsWithR/statsr	BayesFactor
21/01/22 10:00	ccolonescu/PoEdata	master
21/01/22 09:58	ccolonescu/PoEdata	master
21/01/22 09:55	ccolonescu/PoEdata	master
21/01/22 09:51	ccolonescu/PoEdata	master
21/01/22 09:49	ccolonescu/PoEdata	master
21/01/22 08:47	mccallm/miRcomp	master
21/01/22 07:40	lulizou/boostme	master
21/01/22 05:32	JeroenSmaers/evomap	master
21/01/22 03:08	ColtoCaro/compMS	sn-variance-weighting
21/01/22 03:07	adokter/bioRad	master
