21/04/23 22:49	eddelbuettel/rdieharder	master
21/04/23 22:48	eddelbuettel/rdieharder	master
21/04/23 22:36	eddelbuettel/rdieharder	master
21/04/23 22:12	eddelbuettel/rdieharder	master
21/04/23 21:57	TheProfitTable/loanportr	master
21/04/23 21:43	eddelbuettel/rdieharder	master
21/04/23 21:30	eddelbuettel/rdieharder	master
21/04/23 20:18	stephenslab/smashr	master
21/04/23 20:11	eddelbuettel/rdieharder	master
21/04/23 20:11	stephenslab/smashr	master
21/04/23 20:01	eddelbuettel/rdieharder	master
21/04/23 15:57	averissimo/tcga.data	master
21/04/23 15:53	averissimo/tcga.data	master
21/04/23 15:22	ropenscilabs/rnaturalearthhires	master
21/04/23 13:50	gastonstat/plspm	master
21/04/23 13:20	fschaff/websearchr	master
21/04/23 13:20	dBenov/cisearch	master
21/04/23 13:04	CollinErickson/comparer	master
21/04/23 09:16	davidavdav/ROC	master
21/04/23 08:28	ropensci/spocc	master
21/04/23 07:34	hrbrmstr/waffle	master
21/04/23 07:30	boshek/rsoi	master
21/04/23 07:28	emeryyi/soil	master
21/04/23 07:23	obrl-soil/dsmartr	master
21/04/23 07:21	obrl-soil/dsmartr	master
21/04/23 07:20	obrl-soil/dsmartr	master
21/04/23 07:19	obrl-soil/dsmartr	master
21/04/23 07:18	obrl-soil/dsmartr	master
21/04/23 02:33	mrke/NicheMapR	v1.1.3
