21/01/29 13:52	pmartinezarbizu/RFtools	master
21/01/29 13:33	ccolonescu/PoEdata	master
21/01/29 13:12	lulizou/boostme	master
21/01/29 13:12	lulizou/boostme	master
21/01/29 12:04	ccolonescu/PoEdata	master
21/01/29 11:54	lulizou/boostme	master
21/01/29 11:54	lulizou/boostme	master
21/01/29 11:53	lulizou/boostme	master
21/01/29 11:52	lulizou/boostme	master
21/01/29 11:50	lulizou/boostme	master
21/01/29 11:50	lulizou/boostme	master
21/01/29 11:50	lulizou/boostme	master
21/01/29 11:50	lulizou/boostme	master
21/01/29 11:07	ccolonescu/PoEdata	master
21/01/29 11:06	ccolonescu/PoEdata	master
21/01/29 11:04	ccolonescu/PoEdata	master
21/01/29 11:03	ccolonescu/PoEdata	master
21/01/29 10:54	ccolonescu/PoEdata	master
21/01/29 10:52	ccolonescu/PoEdata	master
21/01/29 10:33	ccolonescu/PoEdata	master
21/01/29 10:31	ccolonescu/PoEdata	master
21/01/29 10:29	ccolonescu/PoEdata	master
21/01/29 09:47	eringrand/RUncommon	master
21/01/29 09:26	thomasp85/patchwork	master
21/01/29 08:44	ccolonescu/PoEdata	master
21/01/29 08:43	ccolonescu/PoEdata	master
21/01/29 03:56	gasparrini/dlnm	master
21/01/29 01:03	trinker/textreadr	master
