21/08/04 22:45	bwringe/hybriddetective	master
21/08/04 21:22	ropensci/rchie	master
21/08/04 20:40	carlganz/svrepmisc	master
21/08/04 20:11	SoerenPannier/emdi	EBP_weights
21/08/04 18:41	rafalab/rafalib	master
21/08/04 18:32	kassambara/easyGgplot2	master
21/08/04 18:26	kassambara/easyGgplot2	master
21/08/04 18:24	RcppCore/RcppEigen	master
21/08/04 18:06	RcppCore/RcppEigen	master
21/08/04 18:01	thomasp85/ggforce	master
21/08/04 17:43	animalnexus/feedr	master
21/08/04 17:07	thomasp85/patchwork	master
21/08/04 14:38	ropensci/tabulizer	master
21/08/04 14:38	ropensci/tabulizerjars	master
21/08/04 12:20	mikewlcheung/metasem	master
21/08/04 12:20	mikewlcheung/metasem	master
21/08/04 12:19	mikewlcheung/metasem	master
21/08/04 10:56	jutako/Rtools	master
21/08/04 10:43	jbryer/irutils	master
21/08/04 08:56	metaOmic/MetaDE	master
21/08/04 08:38	metaOmic/MetaDE	master
21/08/04 07:53	NathanEpstein/finData	master
21/08/04 07:21	Hackout2/mapData	master
21/08/04 06:34	mikewlcheung/metasem	master
21/08/04 03:34	jbkunst/highcharter	master
21/08/04 01:11	ccolonescu/PoEdata	master
