21/08/10 20:30	ropensci/tabulizer	master
21/08/10 20:30	ropensci/tabulizerjars	master
21/08/10 20:26	stan-dev/rstanarm	feature/survival
21/08/10 20:17	stan-dev/rstanarm	feature/survival
21/08/10 18:15	stan-dev/rstanarm	feature/survival
21/08/10 18:06	ropensci/tabulizer	master
21/08/10 18:05	ropensci/tabulizerjars	master
21/08/10 17:54	stan-dev/rstanarm	feature/survival
21/08/10 17:45	nurandi/katadasaR	master
21/08/10 17:40	sassoftware/R-swat	vb015
21/08/10 17:23	google/GeoexperimentsResearch	master
21/08/10 17:23	stan-dev/rstanarm	feature/survival
21/08/10 17:20	sassoftware/R-swat	vb015
21/08/10 17:08	ropensci/tabulizer	master
21/08/10 17:08	ropensci/tabulizerjars	master
21/08/10 17:03	stan-dev/rstanarm	feature/survival
21/08/10 16:34	rwehrens/StatsDemo	master
21/08/10 15:56	ropensci/tabulizer	master
21/08/10 15:56	ropensci/tabulizerjars	master
21/08/10 15:29	stan-dev/rstanarm	feature/survival
21/08/10 13:23	Ronggui/RQDA	master
21/08/10 13:05	Ronggui/RQDA	master
21/08/10 12:56	Ronggui/RQDA	master
21/08/10 12:47	Ronggui/RQDA	master
21/08/10 12:34	davidgohel/ionicons	master
21/08/10 12:29	davidgohel/ionicons	master
21/08/10 12:00	Ronggui/RQDA	master
21/08/10 11:57	Ronggui/RQDA	master
21/08/10 08:56	pzawistowski/astar	master
21/08/10 06:55	SachaEpskamp/semPlot	master
21/08/10 06:17	twitter/AnomalyDetection	twitter
21/08/10 06:14	twitter/AnomalyDetection	develop
21/08/10 06:12	swish-climate-impact-assessment/awaptools	develop
21/08/10 06:07	twitter/AnomalyDetection	master
21/08/10 06:07	twitter/AnomalyDetection	master
21/08/10 01:57	andrie/version.compare	master
