21/06/14 15:59	jmw86069/jamba	master
21/06/14 15:17	daroczig/binancer	master
21/06/14 14:33	yrosseel/lavaan	master
21/06/14 14:07	vst/mgarchBEKK	master
21/06/14 14:05	vst/mgarchBEKK	develop
21/06/14 14:02	bingzhang16/NetSAM	master
21/06/14 13:55	skardhamar/rga	master
21/06/14 13:18	bingzhang16/NetSAM	master
21/06/14 13:16	bingzhang16/NetSAM	master
21/06/14 13:13	bingzhang16/NetSAM	master
21/06/14 13:12	bingzhang16/NetSAM	master
21/06/14 10:38	nipfpmf/eventstudies	master
21/06/14 08:59	DavidQuigley/HTDoseResponseCurve	master
21/06/14 08:58	padpadpadpad/TeamPhytoplankton	master
21/06/14 08:57	padpadpadpad/nlsLoop	master
21/06/14 06:51	USGS-R/hydroMap	master
21/06/14 06:49	cvitolo/curvenumber	master
21/06/14 06:46	adokter/droprate	master
21/06/14 06:45	adokter/droprate	master
21/06/14 06:42	adokter/droprate	master
21/06/14 06:41	adokter/droprate	master
21/06/14 06:39	adokter/droprate	master
21/06/14 06:01	nipfpmf/eventstudies	master
21/06/14 04:49	adokter/droprate	master
21/06/14 04:08	daroczig/binancer	master
21/06/14 03:13	cvitolo/curvenumber	master
21/06/14 03:10	twitter/AnomalyDetection	master
21/06/14 01:14	daroczig/binancer	master
