21/03/24 19:22	looker/lookr	master
21/03/24 18:19	vqv/ggbiplot	master
21/03/24 16:52	MirzaCengic/gdalR	master
21/03/24 16:16	trendct/ctnamecleaner	master
21/03/24 16:15	trendct/ctnamecleaner	master
21/03/24 16:13	DheerajAgarwal/rgdax	master
21/03/24 15:30	Lchiffon/wordcloud2	master
21/03/24 15:21	vqv/ggbiplot	master
21/03/24 14:52	ttnsdcn/forecast-package	master
21/03/24 14:51	ttnsdcn/forecast-package	master
21/03/24 14:41	vqv/ggbiplot	master
21/03/24 14:15	ropenscilabs/datasauce	master
21/03/24 13:30	ccolonescu/PoEdata	master
21/03/24 12:28	twitter/AnomalyDetection	master
21/03/24 11:49	lulizou/boostme	master
21/03/24 11:46	vqv/ggbiplot	master
21/03/24 11:39	lulizou/boostme	master
21/03/24 11:33	lulizou/boostme	master
21/03/24 10:48	ccolonescu/PoEdata	master
21/03/24 09:56	twitter/AnomalyDetection	master
21/03/24 09:56	twitter/AnomalyDetection	master
21/03/24 09:37	ccolonescu/PoEdata	master
21/03/24 07:51	ccolonescu/PoEdata	master
21/03/24 07:36	vqv/ggbiplot	master
21/03/24 05:41	gabrielrvsc/HDeconometrics	master
21/03/24 02:43	andrewzm/STRbook	master
21/03/24 01:27	ccolonescu/PoEdata	master
21/03/24 01:22	ccolonescu/PoEdata	master
