21/04/15 18:55	nipfpmf/eventstudies	master
21/04/15 17:40	ropensci/magick	master
21/04/15 17:37	dcomtois/summarytools	master
21/04/15 17:26	ra125/concomp	master
21/04/15 17:24	ra125/concomp	master
21/04/15 16:32	hoxo-m/magicfor	master
21/04/15 16:31	hoxo-m/magicfor	master
21/04/15 16:27	hoxo-m/magicfor	master
21/04/15 16:14	gabrielrvsc/HDeconometrics	master
21/04/15 15:52	thermosilla/tsfactors	master
21/04/15 15:44	adamlilith/omnibus	master
21/04/15 14:26	wpeterman/ResistanceGA	master
21/04/15 14:24	wpeterman/ResistanceGA	master
21/04/15 13:36	gabrielrvsc/HDeconometrics	master
21/04/15 12:42	hoxo-m/prophetExt	master
21/04/15 12:28	ymattu/MlBayesOpt	master
21/04/15 11:47	hoxo-m/magicfor	master
21/04/15 09:58	bradleydrayton/pipeline	master
21/04/15 09:46	deepankardatta/blandr	master
21/04/15 09:05	gabrielrvsc/HDeconometrics	master
21/04/15 09:02	benmarwick/wordcountaddin	master
21/04/15 08:16	gabrielrvsc/HDeconometrics	master
21/04/15 07:56	satijalab/seurat	master
21/04/15 06:10	gabrielrvsc/HDeconometrics	master
21/04/15 06:01	vqv/ggbiplot	master
21/04/15 02:20	jbkunst/highcharter	master
21/04/15 02:02	gabrielrvsc/HDeconometrics	master
