21/04/12 22:26	mbojan/mbtools	master
21/04/12 22:25	mbojan/mbtools	master
21/04/12 21:35	EdwinTh/thatssorandom	master
21/04/12 21:31	EdwinTh/thatssorandom	master
21/04/12 21:27	EdwinTh/thatssorandom	master
21/04/12 21:12	Hemken/Statamarkdown	master
21/04/12 19:59	EdwinTh/thatssorandom	master
21/04/12 19:58	EdwinTh/thatssorandom	master
21/04/12 19:25	gabrielrvsc/HDeconometrics	master
21/04/12 19:24	gabrielrvsc/HDeconometrics	master
21/04/12 19:24	gabrielrvsc/HDeconometrics	master
21/04/12 19:24	gabrielrvsc/HDeconometrics	master
21/04/12 19:12	gabrielrvsc/HDeconometrics	master
21/04/12 19:11	gabrielrvsc/HDeconometrics	master
21/04/12 19:06	gabrielrvsc/HDeconometrics	master
21/04/12 19:02	gabrielrvsc/HDeconometrics	master
21/04/12 18:57	gabrielrvsc/HDeconometrics	master
21/04/12 18:57	gabrielrvsc/HDeconometrics	master
21/04/12 18:37	armstrtw/enb	master
21/04/12 17:30	davidavdav/ROC	master
21/04/12 17:27	davidavdav/ROC	master
21/04/12 17:24	gabrielrvsc/HDeconometrics	master
21/04/12 17:13	google/GeoexperimentsResearch	master
21/04/12 17:11	gabrielrvsc/HDeconometrics	master
21/04/12 16:48	google/GeoexperimentsResearch	master
21/04/12 16:16	davidavdav/ROC	master
21/04/12 15:44	DataScienceSalon/xms	master
21/04/12 15:28	EdwinTh/thatssorandom	master
21/04/12 15:04	komisarczyks/CheckoutComponent	master
21/04/12 14:49	gabrielrvsc/HDeconometrics	master
21/04/12 14:30	gabrielrvsc/HDeconometrics	master
21/04/12 14:10	gabrielrvsc/HDeconometrics	master
21/04/12 13:28	rprops/Phenoflow_package	master
21/04/12 13:04	ropenscilabs/tabulizer	master
21/04/12 13:04	ropensci/tabulizerjars	master
21/04/12 12:56	mrdwab/splitstackshape	master
21/04/12 12:44	ropenscilabs/tabulizer	master
21/04/12 12:44	ropensci/tabulizerjars	master
21/04/12 12:30	ropenscilabs/tabulizer	master
21/04/12 12:30	ropensci/tabulizerjars	master
21/04/12 09:18	EdwinTh/paletti	master
21/04/12 09:08	gastonstat/arcdiagram	master
21/04/12 09:02	s-u/tiff	master
21/04/12 08:59	gabrielrvsc/HDeconometrics	master
21/04/12 08:50	s-u/tiff	master
21/04/12 08:49	ropenscilabs/tabulizer	master
21/04/12 08:48	ropensci/tabulizerjars	master
21/04/12 07:12	gabrielrvsc/HDeconometrics	master
21/04/12 06:05	gabrielrvsc/HDeconometrics	master
21/04/12 05:33	swarm-lab/trackR	master
21/04/12 05:27	swarm-lab/trackR	master
21/04/12 05:06	swarm-lab/trackR	master
21/04/12 04:56	swarm-lab/trackR	master
21/04/12 04:45	swarm-lab/trackR	master
21/04/12 04:39	talbano/epmr	master
21/04/12 04:30	swarm-lab/trackR	master
21/04/12 04:28	swarm-lab/trackR	master
