21/04/29 21:08	vmikk/metagMisc	master
21/04/29 20:37	spatstat/spatstat.sphere	master
21/04/29 17:38	dwinter/MoreUtils	master
21/04/29 17:37	jutako/Rtools	master
21/04/29 17:32	jutako/Rtools	master
21/04/29 17:24	dmkaplan2000/ConnMatTools	master
21/04/29 17:23	jutako/Rtools	master
21/04/29 17:22	shihikoo/metaTools	master
21/04/29 16:59	LTLA/beachmat	master
21/04/29 16:24	PoisonAlien/maftools	master
21/04/29 16:07	16EAGLE/getSpatialData	1de3fc1d0c1b478e617ebeaa50545e4860466319
21/04/29 16:02	16EAGLE/getSpatialData	v0.0.4
21/04/29 15:16	ccolonescu/PoEdata	master
21/04/29 14:57	ccolonescu/PoEdata	master
21/04/29 14:55	ccolonescu/PoEdata	master
21/04/29 14:54	ccolonescu/PoEdata	master
21/04/29 14:50	3wen/legendMap	master
21/04/29 14:49	3wen/legendMap	master
21/04/29 14:35	slowkow/ggrepel	master
21/04/29 14:23	rpradosiqueira/brazilmaps	master
21/04/29 14:23	slowkow/ggrepel	master
21/04/29 14:21	3wen/legendMap	master
21/04/29 14:08	rpradosiqueira/brazilmaps	master
21/04/29 14:07	rpradosiqueira/brazilmaps	master
21/04/29 13:58	16EAGLE/getSpatialData	v0.0.4
21/04/29 13:57	16EAGLE/getSpatialData	v0.0.4
21/04/29 13:56	16EAGLE/getSpatialData	v0.0.4
21/04/29 13:53	16EAGLE/getSpatialData	1de3fc1
21/04/29 13:07	tilltnet/egonetR	master
21/04/29 12:46	statistikat/VIM	master
21/04/29 12:38	gabrielrvsc/HDeconometrics	master
21/04/29 11:38	ccolonescu/PoEdata	master
21/04/29 11:33	ccolonescu/PoEdata	master
21/04/29 11:25	shearer/simboot	master
21/04/29 11:23	ccolonescu/PoEdata	master
21/04/29 11:07	ccolonescu/PoEdata	master
21/04/29 10:47	vqv/ggbiplot	master
21/04/29 10:43	ffilipponi/rtsa	master
21/04/29 08:02	armstrtw/enb	master
21/04/29 07:31	gabrielrvsc/HDeconometrics	master
21/04/29 06:19	gabrielrvsc/HDeconometrics	master
21/04/29 05:42	joey711/biom	master
21/04/29 04:46	gabrielrvsc/HDeconometrics	master
21/04/29 02:19	gmonette/gmisc	master
