21/04/28 18:49	satijalab/seurat	v3.1.1
21/04/28 18:23	nipfpmf/eventstudies	master
21/04/28 17:39	ateucher/rmapshaper	master
21/04/28 17:38	ateucher/rmapshaper	master
21/04/28 17:37	ateucher/rmapshaper	master
21/04/28 17:36	ateucher/rmapshaper	master
21/04/28 15:48	aertslab/AUCell	master
21/04/28 14:51	hunzikp/velox	master
21/04/28 12:52	ymattu/MlBayesOpt	master
21/04/28 11:17	ning-yan/packagewrapper	master
21/04/28 11:16	NonWhite/rprestowrapper	master
21/04/28 10:51	marjoleinbruijning/trackdem	master
21/04/28 08:42	dandermotj/MetSizeR	master
21/04/28 08:05	microbiome/microbiome	master
21/04/28 05:57	vqv/ggbiplot	master
21/04/28 05:53	vqv/ggbiplot	master
21/04/28 05:41	gabrielrvsc/HDeconometrics	master
21/04/28 03:58	joey711/biom	master
21/04/28 03:58	denrou/rbudget	master
21/04/28 03:57	denrou/rbudget	master
21/04/28 03:57	joey711/biom	master
21/04/28 03:53	joey711/biom	master
