21/03/17 16:40	kassambara/easyGgplot2	master
21/03/17 14:45	gabrielrvsc/HDeconometrics	master
21/03/17 13:44	vqv/ggbiplot	master
21/03/17 13:42	vqv/ggbiplot	master
21/03/17 13:39	vqv/ggbiplot	master
21/03/17 13:27	vqv/ggbiplot	master
21/03/17 13:21	dipetkov/reemsplots2	master
21/03/17 12:38	phubers/erlang	master
21/03/17 12:31	vqv/ggbiplot	master
21/03/17 12:31	vqv/ggbiplot	master
21/03/17 11:52	StatsWithR/statsr	master
21/03/17 10:48	Rapporter/pander	06c2f65797
21/03/17 10:47	huashan/pander	06c2f65797
21/03/17 10:44	huashan/pander	06c2f65797
21/03/17 10:12	mvuorre/brmstools	master
21/03/17 09:23	jperezrogers/rabbit	master
21/03/17 06:47	AndreaCirilloAC/updateR	master
21/03/17 06:37	RyanGan/case.crossover	master
21/03/17 03:42	domoinc-r/DomoR	master
21/03/17 01:34	cmartin/ggConvexHull	master
21/03/17 01:33	cmartin/ggConvexHull	master
