21/06/06 20:04	johnbaums/rmaxent	master
21/06/06 19:53	johnbaums/rmaxent	master
21/06/06 19:28	yonicd/lmmen	master
21/06/06 19:28	esmucler/mmlasso	master
21/06/06 18:32	daroczig/binancer	master
21/06/06 17:48	kwstat/corrgram	master
21/06/06 17:43	seankross/cosmofont	master
21/06/06 17:41	seankross/cosmofont	master
21/06/06 16:50	phamdinhkhanh/VNDS	master
21/06/06 16:35	phamdinhkhanh/VNDS	master
21/06/06 14:39	nipfpmf/eventstudies	master
21/06/06 14:11	gsee/qmao	master
21/06/06 13:39	vqv/ggbiplot	master
21/06/06 08:33	matthewjdenny/GERGM	master
21/06/06 08:26	daroczig/binancer	master
21/06/06 08:20	nipfpmf/eventstudies	master
21/06/06 07:47	smn74/MANOVA.RM	master
21/06/06 07:36	jacobkap/zipcodes	master
21/06/06 07:36	jacobkap/zipcodes	master
21/06/06 07:35	jacobkap/zipcodes	master
21/06/06 07:35	jacobkap/zipcodes	master
21/06/06 07:34	jacobkap/zipcodes	master
21/06/06 06:24	hrbrmstr/taucharts	master
21/06/06 05:59	hrbrmstr/taucharts	master
21/06/06 05:50	charlie86/spotifyr	master
21/06/06 03:30	jacobkap/zipcodes	master
21/06/06 03:11	jacobkap/zipcodes	master
21/06/06 02:58	daroczig/binancer	master
