21/03/10 22:00	pjpo/mfactor	master
21/03/10 21:01	mikabr/ggpirate	master
21/03/10 20:06	mikabr/ggpirate	master
21/03/10 19:47	thomasp85/patchwork	master
21/03/10 18:14	ccolonescu/PoEdata	master
21/03/10 18:11	ccolonescu/PoEdata	master
21/03/10 14:59	frandiego/ggart	master
21/03/10 14:52	Displayr/flipPlots	master
21/03/10 13:46	hadley/emo	master
21/03/10 13:27	francescojm/CRISPRcleanR	master
21/03/10 11:57	bayesball/TeachBayes	master
21/03/10 10:44	ccolonescu/PoEdata	master
21/03/10 10:38	ccolonescu/PoEdata	master
21/03/10 10:34	NathanEpstein/finData	master
21/03/10 10:30	ccolonescu/PoEdata	master
21/03/10 09:53	NathanSkene/EWCE	5b89b57c70a58bf37391983c8c4e67678c5e01b8
21/03/10 09:49	rstudio/rmarkdown	master
21/03/10 09:13	arnima-github/areaplot	master
21/03/10 08:15	ccolonescu/PoEdata	master
21/03/10 07:52	sfirke/janitor	master
21/03/10 07:14	jwijffels/ETLUtils	master
21/03/10 07:09	joshuaulrich/TTR	master
21/03/10 06:55	ymattu/MlBayesOpt	master
21/03/10 06:45	RcppCore/RcppArmadillo	master
21/03/10 06:44	rstats-db/RMySQL	master
21/03/10 06:43	r-dbi/RSQLite	master
21/03/10 06:43	ymattu/MlBayesOpt	master
21/03/10 06:39	hadley/lubridate	master
21/03/10 06:38	hadley/tidyverse	master
21/03/10 05:30	hoxo-m/prophetExt	master
21/03/10 04:34	nurandi/katadasaR	master
21/03/10 02:31	ccolonescu/PoEdata	master
