21/06/11 21:38	donkang75/MetaPCA	master
21/06/11 20:38	johnbaums/rmaxent	master
21/06/11 20:36	johnbaums/rmaxent	master
21/06/11 20:30	daroczig/binancer	master
21/06/11 19:50	duncantl/XMLRPC	master
21/06/11 19:49	duncantl/RWordPress	master
21/06/11 19:25	cloudcell/PerformanceAnalytics	master
21/06/11 19:23	mkearney/lavplot	master
21/06/11 19:22	ecjbosu/PerformanceAnalytics	master
21/06/11 19:12	mkearney/lavplot	master
21/06/11 19:04	ecjbosu/PerformanceAnalytics	master
21/06/11 18:50	wgaul/wgutil	master
21/06/11 18:43	daroczig/binancer	master
21/06/11 18:14	JohnCoene/echarts	master
21/06/11 15:32	tatters/soundgen	master
21/06/11 15:19	statnmap/SDMSelect	master
21/06/11 15:02	AviBlinder/tsSelect	master
21/06/11 15:00	AviBlinder/tsSelect	master
21/06/11 14:59	cboettig/pmc	master
21/06/11 13:32	hrbrmstr/streamgraph	master
21/06/11 13:19	lorenzwalthert/gitsum	master
21/06/11 10:08	hxin/topOnto.HDO.db	master
21/06/11 08:52	johnbaums/rmaxent	master
21/06/11 08:50	johnbaums/rmaxent	master
21/06/11 03:42	daroczig/binancer	master
21/06/11 02:24	dyerlab/gstudio	master
21/06/11 02:24	dyerlab/popgraph	master
21/06/11 01:27	daroczig/binancer	master
21/06/11 01:21	gastonstat/plspm	master
