21/08/06 22:16	ropensci/tabulizer	master
21/08/06 22:16	ropensci/tabulizerjars	master
21/08/06 21:56	pcdjohnson/GLMMmisc	master
21/08/06 21:56	pcdjohnson/GLMMmisc	master
21/08/06 21:51	pcdjohnson/GLMMmisc	master
21/08/06 21:46	dkahle/algstat	master
21/08/06 21:46	pcdjohnson/GLMMmisc	master
21/08/06 21:44	pcdjohnson/GLMMmisc	master
21/08/06 21:43	pcdjohnson/GLMMmisc	master
21/08/06 18:50	prodipta/techchart	master
21/08/06 18:50	prodipta/techchart	master
21/08/06 18:49	prodipta/techchart	master
21/08/06 18:46	prodipta/techchart	master
21/08/06 18:44	prodipta/techchart	master
21/08/06 18:41	prodipta/techchart	master
21/08/06 17:34	ropensci/tabulizer	master
21/08/06 17:34	ropensci/tabulizerjars	master
21/08/06 16:56	diegovalle/mxmaps	master
21/08/06 16:15	thomasp85/ggforce	master
21/08/06 15:31	strengejacke/sjPlot	master
21/08/06 15:28	strengejacke/sjPlot	master
21/08/06 14:53	ropensci/tabulizer	master
21/08/06 14:52	ropensci/tabulizerjars	master
21/08/06 14:33	ThomasTaus/poolSeq	master
21/08/06 14:25	HelenaLC/CATALYST	master
21/08/06 14:07	RcppCore/RcppEigen	master
21/08/06 13:38	pcdjohnson/GLMMmisc	master
21/08/06 13:37	pcdjohnson/GLMMmisc	master
21/08/06 13:34	pcdjohnson/GLMMmisc	master
21/08/06 13:27	pcdjohnson/GLMMmisc	master
21/08/06 12:34	rprops/Phenoflow_package	master
21/08/06 12:27	inkrement/clckhs	master
21/08/06 12:23	rprops/Phenoflow_package	master
21/08/06 10:25	pcdjohnson/GLMMmisc	master
21/08/06 10:22	pcdjohnson/GLMMmisc	master
21/08/06 10:20	pcdjohnson/GLMMmisc	master
