21/04/30 21:10	twitter/AnomalyDetection	master
21/04/30 20:46	daroczig/binancer	master
21/04/30 20:33	daroczig/binancer	master
21/04/30 20:30	daroczig/binancer	master
21/04/30 20:29	daroczig/binancer	master
21/04/30 20:08	daroczig/binancer	master
21/04/30 20:07	jeffreyevans/spatialEco	master
21/04/30 20:07	daroczig/binancer	master
21/04/30 20:05	jeffreyevans/spatialEco	master
21/04/30 20:02	daroczig/binancer	master
21/04/30 20:02	daroczig/binancer	master
21/04/30 19:54	jeffreyevans/spatialEco	master
21/04/30 19:36	daroczig/binancer	master
21/04/30 19:22	twitter/AnomalyDetection	master
21/04/30 19:18	daroczig/binancer	master
21/04/30 16:01	marcusvolz/strava	master
21/04/30 15:59	marcusvolz/strava	master
21/04/30 15:59	marcusvolz/strava	master
21/04/30 15:54	rBatt/facebook5	master
21/04/30 15:18	ccolonescu/PoEdata	master
21/04/30 13:59	rtsho/preprocessr	master
21/04/30 13:58	michbur/plotest	master
21/04/30 13:58	jiho/zooprocessr	master
21/04/30 13:57	rtsho/preprocessr	master
21/04/30 10:51	kylebittinger/qiimer	master
21/04/30 10:31	daroczig/binancer	master
21/04/30 10:30	daroczig/binancer	master
21/04/30 09:21	ropenscilabs/rnaturalearthhires	master
21/04/30 08:14	leeshawn/iECAT	master
21/04/30 07:48	nachocab/clickme	master
21/04/30 07:45	nachocab/clickme	master
21/04/30 07:41	leeshawn/iECAT	master
21/04/30 07:32	leeshawn/iECAT	master
21/04/30 05:05	CenterForAssessment/randomNames	master
