21/06/29 20:28	aertslab/AUCell	master
21/06/29 20:26	aertslab/AUCell	develop
21/06/29 20:25	aertslab/AUCell	1.13.3
21/06/29 20:20	aertslab/AUCell	1.5.2
21/06/29 20:20	aertslab/AUCell	v1.5.2
21/06/29 20:19	aertslab/AUCell	vv1.5.2
21/06/29 20:18	aertslab/AUCell	v1.13.3
21/06/29 20:18	aertslab/AUCell	v1.13.3
21/06/29 16:17	ComputationalProteomicsUnit/unimod	master
21/06/29 16:15	nathania/dummy	master
21/06/29 16:12	shoebodh/hydrusR	master
21/06/29 16:08	shoebodh/hydrusR	master
21/06/29 14:46	twitter/AnomalyDetection	master
21/06/29 14:22	hrbrmstr/hrbrthemes	master
21/06/29 11:43	ricardo-bion/ggradar	master
21/06/29 11:22	ChristopherLucas/MatchingFrontier	master
21/06/29 10:48	yonicd/lmmen	master
21/06/29 10:41	yonicd/lmmen	master
21/06/29 10:37	yonicd/lmmen	master
21/06/29 02:20	armanabraham/aapack	master
