21/05/24 18:52	benmarwick/wordcountaddin	master
21/05/24 18:46	daroczig/binancer	master
21/05/24 18:13	rdevito/MSFA	master
21/05/24 17:03	thomasp85/patchwork	master
21/05/24 16:26	satijalab/seurat	master
21/05/24 16:12	johnbaums/rmaxent	master
21/05/24 16:12	bobmuscarella/ENMeval	master
21/05/24 16:09	johnbaums/rmaxent	master
21/05/24 16:08	bobmuscarella/ENMeval	master
21/05/24 16:01	leeshawn/iECAT	master
21/05/24 15:16	mhudecheck/revgeo	master
21/05/24 14:42	OHDSI/ff	master
21/05/24 14:40	HenrikBengtsson/affxparser	master
21/05/24 14:26	HenrikBengtsson/affxparser	master
21/05/24 14:07	mlammens/spThin	master
21/05/24 14:06	sdray/ade4	master
21/05/24 12:34	JesseVent/crypto	master
21/05/24 11:37	bhaskarvk/leaflet.extras	master
21/05/24 09:24	daroczig/binancer	master
21/05/24 08:44	Microsoft/AzureSMR	master
21/05/24 08:08	Matherion/userfriendlyscience	master
21/05/24 08:06	Matherion/userfriendlyscience	master
21/05/24 08:02	imouzon/SASnatch	master
21/05/24 07:51	daroczig/binancer	master
21/05/24 07:03	imouzon/SASnatch	dev
21/05/24 06:00	imouzon/SASnatch	master
21/05/24 05:13	flogabriel/prfaflo	master
21/05/24 04:59	dgrtwo/drlib	master
21/05/24 01:42	daroczig/binancer	master
