21/08/12 20:55	talegari/slimrec	master
21/08/12 20:52	twitter/AnomalyDetection	master
21/08/12 19:51	rstudio/flexdashboard	master
21/08/12 19:47	jutako/Rtools	master
21/08/12 19:47	jutako/Rtools	master
21/08/12 18:58	GuangchuangYu/ReactomePA	master
21/08/12 18:23	USGS-R/streamMetabolizer	master
21/08/12 18:22	appling/unitted	master
21/08/12 18:21	USGS-R/streamMetabolizer	master
21/08/12 18:09	USGS-R/streamMetabolizer	master
21/08/12 17:17	Paula-Moraga/SpatialEpiApp	master
21/08/12 16:42	jeroenooms/mongolite	master
21/08/12 16:37	jeroenooms/mongolite	master
21/08/12 16:37	jeroenooms/mongolite	master
21/08/12 16:36	jeroenooms/mongolite	master
21/08/12 16:35	jeroenooms/mongolite	master
21/08/12 14:34	bcgov/bcgovr	master
21/08/12 13:18	ropensci/tabulizer	master
21/08/12 13:17	ropensci/tabulizerjars	master
21/08/12 12:35	ropensci/tabulizer	master
21/08/12 12:35	ropensci/tabulizerjars	master
21/08/12 12:07	Russel88/MicEco	master
21/08/12 11:59	vmikk/metagMisc	master
21/08/12 10:41	VZoche-Golob/AFTtools	master
21/08/12 09:16	droglenc/FSAmisc	master
21/08/12 07:43	magosil86/getmstatistic	master
21/08/12 05:49	jeroenooms/markdownit	master
21/08/12 05:43	ropensci/tabulizerjars	master
21/08/12 05:37	ropenscilabs/tabulizer	master
21/08/12 05:37	ropensci/tabulizerjars	master
21/08/12 04:01	ropensci/tabulizerjars	master
21/08/12 03:59	ropenscilabs/tabulizer	master
21/08/12 03:59	ropensci/tabulizerjars	master
