21/05/19 17:45	GuangchuangYu/ggtree	master
21/05/19 17:17	daroczig/binancer	master
21/05/19 17:09	benjjneb/dada2	1.4
21/05/19 16:58	PABalland/EconGeo	master
21/05/19 15:46	krahim/fftwtools	master
21/05/19 15:45	aoles/EBImage	master
21/05/19 14:56	nipfpmf/eventstudies	master
21/05/19 14:43	Bart6114/jug	master
21/05/19 14:39	Bart6114/infuser	master
21/05/19 14:22	hoxo-m/magicfor	master
21/05/19 14:17	Bart6114/jug	master
21/05/19 14:14	Bart6114/infuser	master
21/05/19 13:46	mdjbru-R-packages/thermPerf	master
21/05/19 13:44	mdjbru-R-packages/thermPerf	master
21/05/19 13:42	vqv/ggbiplot	master
21/05/19 13:40	vqv/ggbiplot	master
21/05/19 13:40	vqv/ggbiplot	master
21/05/19 13:39	vqv/ggbiplot	master
21/05/19 13:36	vqv/ggbiplot	master
21/05/19 13:35	wahani/templates	master
21/05/19 13:33	vqv/ggbiplot	master
21/05/19 13:32	vqv/ggbiplot	master
21/05/19 13:31	vqv/ggbiplot	master
21/05/19 13:30	vqv/ggbiplot	master
21/05/19 13:28	vqv/ggbiplot	master
21/05/19 13:28	vqv/ggbiplot	master
21/05/19 13:27	vqv/ggbiplot	master
21/05/19 13:27	vqv/ggbiplot	master
21/05/19 13:26	jackwasey/icd	master
21/05/19 13:13	wahani/templates	master
21/05/19 13:12	wahani/templates	master
21/05/19 12:04	wahani/templates	master
21/05/19 11:25	braverock/quantstrat	master
21/05/19 11:23	braverock/blotter	master
21/05/19 11:14	wahani/templates	master
21/05/19 11:09	wviechtb/metafor	master
21/05/19 10:28	wviechtb/metafor	master
21/05/19 05:48	ltorgo/DMwR2	master
21/05/19 04:53	pmur002/ffmpeg	master
21/05/19 03:28	daroczig/binancer	master
21/05/19 03:13	stefan-schroedl/plotluck	master
