21/03/04 16:37	alyssafrazee/RSkittleBrewer	master
21/03/04 16:15	ccolonescu/PoEdata	master
21/03/04 16:09	ccolonescu/PoEdata	master
21/03/04 16:08	ccolonescu/PoEdata	master
21/03/04 16:07	ccolonescu/PoEdata	master
21/03/04 16:07	ccolonescu/PoEdata	master
21/03/04 16:06	ccolonescu/PoEdata	master
21/03/04 16:06	ccolonescu/PoEdata	master
21/03/04 16:06	ccolonescu/PoEdata	master
21/03/04 16:02	ccolonescu/PoEdata	master
21/03/04 16:01	ccolonescu/PoEdata	master
21/03/04 16:01	ccolonescu/PoEdata	master
21/03/04 15:59	ccolonescu/PoEdata	master
21/03/04 15:59	ccolonescu/PoEdata	master
21/03/04 15:59	ccolonescu/PoEdata	master
21/03/04 15:58	ccolonescu/PoEdata	master
21/03/04 15:58	ccolonescu/PoEdata	master
21/03/04 15:58	ccolonescu/PoEdata	master
21/03/04 15:58	ccolonescu/PoEdata	master
21/03/04 15:58	ccolonescu/PoEdata	master
21/03/04 15:53	ccolonescu/PoEdata	master
21/03/04 15:51	ccolonescu/PoEdata	master
21/03/04 15:32	vqv/ggbiplot	master
21/03/04 15:18	lvaudor/waveleT	master
21/03/04 14:57	fawda123/ggord	master
21/03/04 14:26	LabNeuroCogDevel/LNCDR	master
21/03/04 14:24	lvaudor/waveleT	master
21/03/04 14:23	lvaudor/waveleT	master
21/03/04 14:22	lvaudor/waveleT	master
21/03/04 14:22	lvaudor/waveleT	master
21/03/04 14:21	lvaudor/waveleT	master
21/03/04 14:20	lvaudor/waveleT	master
21/03/04 14:03	lvaudor/waveleT	master
21/03/04 13:43	twitter/AnomalyDetection	master
21/03/04 13:33	twitter/AnomalyDetection	master
21/03/04 10:15	twitter/AnomalyDetection	master
21/03/04 10:09	sa-lee/starmie	master
21/03/04 08:50	siyuany/rpsi	master
21/03/04 08:45	siyuany/rpsi	master
21/03/04 08:41	r-pkgs/remotes	master
21/03/04 03:10	nicebread/RSA	master
