21/02/02 12:44	CenterForAssessment/SGPdata	master
21/02/02 12:38	muschellij2/fslr	master
21/02/02 12:36	ccolonescu/PoEdata	master
21/02/02 11:56	ccolonescu/PoEdata	master
21/02/02 11:40	ccolonescu/PoEdata	master
21/02/02 11:36	alyssafrazee/RSkittleBrewer	master
21/02/02 11:34	ccolonescu/PoEdata	master
21/02/02 11:14	ccolonescu/PoEdata	master
21/02/02 11:13	ccolonescu/PoEdata	master
21/02/02 10:53	ccolonescu/PoEdata	master
21/02/02 10:41	ccolonescu/PoEdata	master
21/02/02 10:26	hoxo-m/magicfor	master
21/02/02 09:56	ccolonescu/PoEdata	master
21/02/02 09:56	ccolonescu/PoEdata	master
21/02/02 09:48	ccolonescu/PoEdata	master
21/02/02 09:26	ccolonescu/PoEdata	master
21/02/02 08:24	ccolonescu/PoEdata	master
21/02/02 08:10	ColtoCaro/compMS	master
21/02/02 08:06	ccolonescu/PoEdata	master
21/02/02 02:30	sorhawell/forestFloor	master
21/02/02 02:14	sorhawell/forestFloor	master
21/02/02 01:38	Dasonk/fss	master
