21/07/27 20:02	hadley/ggplot2	master
21/07/27 19:43	DanielSprockett/reltools	master
21/07/27 17:09	cttobin/ggthemr	master
21/07/27 16:59	joey711/phyloseq	master
21/07/27 16:53	mikelove/DESeq2	master
21/07/27 16:43	benjjneb/decontam	master
21/07/27 16:03	joey711/phyloseq	master
21/07/27 15:35	unDocUMeantIt/koRpus	v0.10-1
21/07/27 15:34	unDocUMeantIt/koRpus	v10.0
21/07/27 15:21	joey711/phyloseq	master
21/07/27 15:16	benjjneb/dada2	master
21/07/27 15:13	mikelove/DESeq2	master
21/07/27 15:11	benjjneb/decontam	master
21/07/27 14:42	daroczig/binancer	master
21/07/27 14:27	daroczig/binancer	master
21/07/27 13:42	bergsmat/latexpdf	master
21/07/27 13:42	arilamstein/choroplethrZip	master
21/07/27 13:41	tmcd82070/tex2rmd	master
21/07/27 13:32	michaelgavin/tei2r	master
21/07/27 13:30	hrbrmstr/exiv	master
21/07/27 12:27	rprops/Phenoflow_package	master
21/07/27 11:55	timelyportfolio/imageR	master
21/07/27 09:21	helixcn/phylotools	master
21/07/27 02:16	thomasp85/patchwork	master
21/07/27 01:58	petermeissner/wikipediatrend	master
21/07/27 01:40	petermeissner/wikipediatrend	master
21/07/27 01:40	petermeissner/wikipediatrend	master
