21/07/21 19:21	Mapsred/ShinySEO	master
21/07/21 19:20	Mapsred/ShinySEO	master
21/07/21 19:19	Mapsred/ShinySEO	master
21/07/21 18:59	AnalytixWare/gosocket	master
21/07/21 17:18	r-lib/evaluate	master
21/07/21 17:11	arilamstein/choroplethr	master
21/07/21 16:58	arilamstein/choroplethrZip	master
21/07/21 15:54	italo-granato/BGGE	master
21/07/21 15:52	italo-granato/BGGE	master
21/07/21 15:35	italo-granato/BGGE	master
21/07/21 14:51	azvoleff/wrspathrow	master
21/07/21 14:50	azvoleff/wrspathrowData	master
21/07/21 14:47	azvoleff/wrspathrow	master
21/07/21 14:35	PABalland/EconGeo	master
21/07/21 13:52	italo-granato/BGGE	master
21/07/21 13:49	italo-granato/BGGE	master
21/07/21 13:48	italo-granato/BGGE	master
21/07/21 12:15	nurandi/katadasaR	master
21/07/21 10:26	MirceaDavidEsc/Collective	master
21/07/21 10:06	MirceaDavidEsc/Collective	master
21/07/21 10:04	MirceaDavidEsc/Collective	master
21/07/21 09:16	omegahat/XMLSchema	master
21/07/21 08:43	duncantl/RKML	master
21/07/21 08:20	mdsumner/gdalextract	master
21/07/21 08:08	omegahat/RHTMLForms	master
21/07/21 06:14	enricoschumann/PMwR	master
21/07/21 02:52	gforge/forestplot	master
21/07/21 02:51	gforge/forestplot	master
21/07/21 02:47	stefvanbuuren/mice	master
21/07/21 02:30	stefvanbuuren/mice	master
21/07/21 02:16	stefvanbuuren/mice	master
