21/06/05 21:58	jason-p-pickering/datim-validation	master
21/06/05 21:32	jason-p-pickering/datim-validation	master
21/06/05 21:17	kgoldfeld/simstudy	master
21/06/05 20:40	jason-p-pickering/datim-validation	master
21/06/05 19:28	jason-p-pickering/datim-validation	master
21/06/05 19:26	jason-p-pickering/datim-validation	master
21/06/05 19:21	jason-p-pickering/datim-validation	master
21/06/05 19:12	jason-p-pickering/datim-validation	master
21/06/05 19:10	jason-p-pickering/datim-validation	master
21/06/05 19:05	jason-p-pickering/datim-validation	master
21/06/05 19:03	jason-p-pickering/datim-validation	master
21/06/05 18:23	JrEduardo/CountReg	master
21/06/05 18:22	daroczig/binancer	master
21/06/05 18:20	jason-p-pickering/datim-validation	master
21/06/05 15:34	thomasp85/patchwork	master
21/06/05 14:34	StatsWithR/statsr	BayesFactor
21/06/05 14:32	StatsWithR/statsr	BayesFactor
21/06/05 13:05	jason-p-pickering/datim-validation	master
21/06/05 12:59	jason-p-pickering/datim-validation	master
21/06/05 12:51	jason-p-pickering/datim-validation	master
21/06/05 11:18	DLMtool/DLMtool	master
21/06/05 08:58	johnbaums/rmaxent	master
21/06/05 06:43	daroczig/binancer	master
21/06/05 06:37	jokergoo/ComplexHeatmap	master
21/06/05 06:37	jokergoo/ComplexHeatmap	master
21/06/05 05:45	tdhock/PeakSegPipeline	master
21/06/05 03:29	jaredlander/mapping	master
