21/07/26 22:07	Displayr/flipExampleData	master
21/07/26 21:57	rprops/Phenoflow_package	master
21/07/26 20:58	kloke/npsm	master
21/07/26 20:54	hkasahar/normalregMix	master
21/07/26 20:49	hkasahar/normalregMix	master
21/07/26 20:43	rprops/Phenoflow_package	master
21/07/26 20:43	hkasahar/normalregMix	master
21/07/26 20:03	rprops/Phenoflow_package	master
21/07/26 18:53	%s	%s
21/07/26 18:49	dwysocki/cross-spectral-analysis	master
21/07/26 18:27	hkasahar/normalregMix	master
21/07/26 18:20	hkasahar/normalregMix	master
21/07/26 18:17	hkasahar/normalregMix	master
21/07/26 18:03	romainfrancois/evil.R	master
21/07/26 17:24	jjellis/GenomicVis	master
21/07/26 17:11	jjellis/GenomicVis	master
21/07/26 17:01	rkillick/changepoint	master
21/07/26 16:51	jjellis/GenomicVis	master
21/07/26 16:18	ropensci/tif	master
21/07/26 15:43	DavideMassidda/raschTools	master
21/07/26 15:11	ymattu/MlBayesOpt	master
21/07/26 12:38	vqv/ggbiplot	master
21/07/26 11:44	ririzarr/rafalib	master
21/07/26 10:27	raerose01/deconstructSigs	master
21/07/26 09:48	tobyjohnson/gtx	master
21/07/26 09:47	tobyjohnson/gtx	master
21/07/26 09:45	tobyjohnson/gtx	master
21/07/26 08:13	uebvhir/uebVennDiagram	master
21/07/26 08:11	hoxo-m/githubinstall	master
21/07/26 06:40	ccolonescu/PoEdata	master
21/07/26 06:40	ccolonescu/PoEdata	master
