21/03/06 17:41	pbreheny/ncvreg	master
21/03/06 17:02	ablejec/amisc	master
21/03/06 17:01	AlejandroKantor/akmisc	master
21/03/06 16:47	ablejec/amisc	master
21/03/06 16:44	twitter/AnomalyDetection	master
21/03/06 16:43	ablejec/amisc	master
21/03/06 15:39	elsayed-lab/hpgltools	master
21/03/06 15:35	elsayed-lab/hpgltools	master
21/03/06 14:35	elsayed-lab/hpgltools	master
21/03/06 14:12	pdrano/IKTrading	master
21/03/06 12:40	hadley/tidyverse	master
21/03/06 12:37	twitter/AnomalyDetection	master
21/03/06 12:02	vqv/ggbiplot	master
21/03/06 12:01	vqv/ggbiplot	master
21/03/06 09:20	gabrielrvsc/HDeconometrics	master
21/03/06 09:09	gabrielrvsc/HDeconometrics	master
21/03/06 07:40	gabrielrvsc/HDeconometrics	master
21/03/06 07:36	gabrielrvsc/HDeconometrics	master
21/03/06 07:30	rwehrens/StatsDemo	master
21/03/06 06:48	gabrielrvsc/HDeconometrics	master
21/03/06 06:41	gabrielrvsc/HDeconometrics	master
