21/04/19 13:31	dashee87/footballR	master
21/04/19 10:42	Tim113/ShinyBasicAuth	master
21/04/19 10:42	Tim113/ShinyBasicAuth	master
21/04/19 09:53	gabrielrvsc/HDeconometrics	master
21/04/19 08:26	JrEduardo/CountReg	master
21/04/19 08:12	Logiwo/tabulizer	master
21/04/19 08:12	leeper/tabulizerjars	master
21/04/19 08:01	vqv/ggbiplot	master
21/04/19 07:37	lutsik/MeDeCom	master
21/04/19 07:36	lutsik/MeDeCom	master
21/04/19 07:31	gabrielrvsc/HDeconometrics	master
21/04/19 07:30	gabrielrvsc/HDeconometrics	master
21/04/19 06:58	lutsik/MeDeCom	master
21/04/19 06:57	lutsik/MeDeCom	master
21/04/19 06:55	Dobbs-Lab/hiroPipeline	master
21/04/19 06:30	gabrielrvsc/HDeconometrics	master
21/04/19 03:47	jackwasey/icd	master
21/04/19 03:45	jackwasey/icd	master
21/04/19 03:45	gabrielrvsc/HDeconometrics	master
21/04/19 03:31	bergant/datamodelr	master
21/04/19 03:26	bergant/datamodelr	master
21/04/19 03:20	vqv/ggbiplot	master
21/04/19 03:06	jackwasey/icd	master
21/04/19 02:41	EcoEvoEducation/EcoEvoApps	master
21/04/19 02:04	rte-antares-rpackage/antaresProcessing	master
21/04/19 01:01	nsheff/LOLA	master
21/04/19 00:56	nsheff/LOLA	master
21/04/19 00:52	nsheff/LOLA	master
21/04/19 00:47	nsheff/LOLA	master
21/04/18 00:08	dselivanov/text2vec	master
21/04/16 00:08	Hemken/Statamarkdown	master
21/04/16 00:07	EdwinTh/thatssorandom	master
21/04/16 00:01	EdwinTh/thatssorandom	master
21/04/14 00:21	ymattu/MlBayesOpt	master
21/04/13 00:05	Hemken/Statamarkdown	master
21/04/13 00:01	EdwinTh/thatssorandom	master
21/04/13 00:00	Hemken/Statamarkdown	master
21/04/12 00:58	diegovalle/mxmaps	master
21/04/12 00:50	diegovalle/mxmaps	master
21/04/12 00:49	diegovalle/mxmaps	master
21/04/12 00:23	kosukeimai/MatchIt	master
21/04/12 00:19	kosukeimai/MatchIt	master
21/04/11 00:30	gabrielrvsc/HDeconometrics	master
21/04/09 00:34	thomasp85/patchwork	master
21/04/08 00:59	gabrielrvsc/HDeconometrics	master
21/04/08 00:38	EdwinTh/thatssorandom	master
21/04/06 00:43	thomasp85/patchwork	master
21/04/04 00:06	gabrielrvsc/HDeconometrics	master
21/04/03 00:34	EdwinTh/thatssorandom	master
21/04/01 00:43	paulgovan/energyr	master
21/04/01 00:43	paulgovan/energyr	master
21/04/01 00:19	thomasp85/patchwork	master
21/04/01 00:18	EdwinTh/thatssorandom	master
21/04/01 00:18	EdwinTh/thatssorandom	master
21/04/01 00:15	EdwinTh/thatssorandom	master
21/03/31 00:41	silvadenisson/electionsBR	master
21/03/31 00:22	vmikk/metagMisc	master
21/03/31 00:04	injuryepi/overdoser	master
21/03/30 00:47	gabrielrvsc/HDeconometrics	master
21/03/26 00:29	gabrielrvsc/HDeconometrics	master
21/03/26 00:22	lulizou/boostme	master
21/03/26 00:17	gabrielrvsc/HDeconometrics	master
21/03/25 00:50	lulizou/boostme	master
21/03/24 00:45	lulizou/boostme	master
21/03/24 00:43	ccolonescu/PoEdata	master
21/03/24 00:43	ccolonescu/PoEdata	master
21/03/24 00:32	lulizou/boostme	master
21/03/24 00:05	gabrielrvsc/HDeconometrics	master
21/03/23 00:57	sharlagelfand/astrologer	master
21/03/23 00:55	sharlagelfand/astrologer	master
21/03/23 00:54	sharlagelfand/astrologer	master
21/03/22 00:35	andreamrau/coseq	master
21/03/22 00:32	andreamrau/coseq	master
21/03/22 00:28	jishnus59/Visualization	master
