21/03/09 21:49	ccolonescu/PoEdata	master
21/03/09 21:03	fmichonneau/phyloch	master
21/03/09 20:36	thomasp85/patchwork	master
21/03/09 20:20	ymattu/MlBayesOpt	master
21/03/09 20:16	ccolonescu/PoEdata	master
21/03/09 20:11	ccolonescu/PoEdata	master
21/03/09 20:01	ccolonescu/PoEdata	master
21/03/09 19:43	ccolonescu/PoEdata	master
21/03/09 19:43	ccolonescu/PoEdata	master
21/03/09 19:43	ccolonescu/PoEdata	master
21/03/09 19:36	ccolonescu/PoEdata	master
21/03/09 19:36	ccolonescu/PoEdata	master
21/03/09 18:46	GuangchuangYu/ggimage	master
21/03/09 17:45	ccolonescu/PoEdata	master
21/03/09 12:00	paleo13/marxan	master
21/03/09 05:56	variani/lme4qtl	master
21/03/09 02:43	ns-ctru/futility	master
21/03/09 02:28	lee269/tradetools	master
21/03/09 02:19	sorhawell/forestFloor	master
21/03/09 02:18	analyxcompany/ForceAtlas2	master
21/03/09 02:18	analyxcompany/ForceAtlas2	master
21/03/09 02:16	analyxcompany/ForceAtlas2	master
21/03/09 02:08	muuksi/foofactors	master
21/03/09 02:06	f1kidd/fmlogit	master
21/03/09 01:54	drsimonj/corrr	master
21/03/09 01:46	drsimonj/corrr	master
