21/02/07 22:46	lulizou/boostme	master
21/02/07 22:04	SymbolixAU/mongolite_pipeline	master
21/02/07 21:01	USGS-R/streamMetabolizer	master
21/02/07 20:59	appling/unitted	master
21/02/07 20:57	ccolonescu/PoEdata	master
21/02/07 20:31	appling/unitted	master
21/02/07 20:28	USGS-R/streamMetabolizer	master
21/02/07 20:25	USGS-R/streamMetabolizer	master
21/02/07 19:05	lulizou/boostme	master
21/02/07 17:24	ccolonescu/PoEdata	master
21/02/07 17:20	ccolonescu/PoEdata	master
21/02/07 17:20	ccolonescu/PoEdata	master
21/02/07 17:19	ccolonescu/PoEdata	master
21/02/07 17:00	ccolonescu/PoEdata	master
21/02/07 16:59	ccolonescu/PoEdata	master
21/02/07 16:54	thomasp85/patchwork	master
21/02/07 16:53	ccolonescu/PoEdata	master
21/02/07 16:53	ccolonescu/PoEdata	master
21/02/07 16:53	ccolonescu/PoEdata	master
21/02/07 16:52	thomasp85/patchwork	master
21/02/07 16:48	hoxo-m/magicfor	master
21/02/07 16:31	alexanderrobitzsch/SRMData	master
21/02/07 16:31	ccolonescu/PoEdata	master
21/02/07 16:30	ccolonescu/PoEdata	master
21/02/07 16:30	ccolonescu/PoEdata	master
21/02/07 16:26	ccolonescu/PoEdata	master
21/02/07 16:19	rmnppt/newsR	master
21/02/07 16:12	ccolonescu/PoEdata	master
21/02/07 16:11	ccolonescu/PoEdata	master
21/02/07 13:58	lulizou/boostme	master
21/02/07 13:47	ccolonescu/PoEdata	master
21/02/07 12:48	thomasp85/patchwork	master
21/02/07 10:25	ccolonescu/PoEdata	master
