21/08/02 19:02	danheck/MCMCprec	master
21/08/02 18:27	ecor/horizons	master
21/08/02 18:22	ecor/horizons	master
21/08/02 15:56	yihui/tinytex	master
21/08/02 14:49	RcppCore/RcppEigen	master
21/08/02 14:07	RcppCore/RcppEigen	master
21/08/02 14:06	thomasp85/ggforce	master
21/08/02 13:55	b-klaus/concaveFDR	master
21/08/02 13:53	YTLogos/ggforce	master
21/08/02 13:51	thomasp85/ggforce	master
21/08/02 11:51	metaOmic/MetaDE	master
21/08/02 11:37	steinarv/quantileVaR	master
21/08/02 11:36	metaOmic/MetaDE	master
21/08/02 11:35	metaOmic/MetaDE	master
21/08/02 11:34	hadley/dplyr	master
21/08/02 11:15	metaOmic/MetaDE	master
21/08/02 10:27	pmartinezarbizu/RFtools	master
21/08/02 10:24	pmartinezarbizu/RFtools	master
21/08/02 10:18	pmartinezarbizu/RFtools	master
21/08/02 08:56	yrosseel/lavaan	master
21/08/02 04:18	csoneson/countsimQC	master
