21/06/30 14:57	mikmart/fmir	master
21/06/30 14:55	dirkschumacher/ompr	master
21/06/30 14:47	ash129/LAPP	master
21/06/30 14:45	ash129/LAPP	master
21/06/30 14:43	ash129/LAPP	master
21/06/30 14:42	ash129/LAPP	master
21/06/30 14:41	ash129/LAPP	master
21/06/30 14:17	ash129/LAPP	master
21/06/30 14:08	jennybc/bingo	master
21/06/30 13:55	ash129/LAPP	master
21/06/30 13:52	ash129/LAPP	master
21/06/30 13:47	ash129/LAPP	master
21/06/30 13:42	ash129/LAPP	master
21/06/30 13:35	ash129/LAPP	master
21/06/30 13:34	ash129/LAPP	master
21/06/30 13:32	kosukeimai/MNP	master
21/06/30 13:32	ash129/LAPP	master
21/06/30 13:31	ash129/LAPP	master
21/06/30 13:12	ash129/LAPP	master
21/06/30 13:10	ash129/LAPP	master
21/06/30 11:54	gavinsimpson/ggvegan	master
21/06/30 11:43	rwehrens/StatsDemo	master
21/06/30 11:27	nipfpmf/eventstudies	master
21/06/30 09:54	haven-jeon/RscriptUtils	master
21/06/30 08:16	koldLight/rtests	master
21/06/30 07:49	jwijffels/taskscheduleR	master
21/06/30 07:48	bnosac/taskscheduleR	master
21/06/30 07:47	jwijffels/taskscheduleR	master
21/06/30 07:46	floswald/gridR	master
21/06/30 07:44	koldLight/rtests	master
21/06/30 07:44	bnosac/taskscheduleR	master
